Collecting blis==0.9.1
  Downloading blis-0.9.1.tar.gz (3.6 MB)
     ━━━━━━━━━━━━━━━━━━━━━━━━━━━━━━━━━━━━━━━━ 3.6/3.6 MB 8.1 MB/s eta 0:00:00
Looking for GraalPy patches for blis
  Installing build dependencies: started
  Installing build dependencies: finished with status 'done'
  Getting requirements to build wheel: started
  Getting requirements to build wheel: finished with status 'done'
  Installing backend dependencies: started
  Installing backend dependencies: finished with status 'done'
  Preparing metadata (pyproject.toml): started
  Preparing metadata (pyproject.toml): finished with status 'done'
Collecting numpy>=1.15.0
  Using cached numpy-1.23.5-graalpy310-graalpy231_310_native-linux_x86_64.whl
Building wheels for collected packages: blis
  Building wheel for blis (pyproject.toml): started
  Building wheel for blis (pyproject.toml): still running...
  Building wheel for blis (pyproject.toml): still running...
  Building wheel for blis (pyproject.toml): still running...
  Building wheel for blis (pyproject.toml): finished with status 'done'
  Created wheel for blis: filename=blis-0.9.1-graalpy310-graalpy231_310_native-linux_x86_64.whl size=6461577 sha256=8d480429345ab99c2d1ab6c1b1aa83a09b2fd9e61016cfaeb4823e9b9bf1d310
  Stored in directory: /workdir/.cache/pip-graalpy/wheels/1a/f8/e2/ae49d3dbe8ca5327bd5221c383af1707adc9720b117c193af6
Successfully built blis
Installing collected packages: numpy, blis
Looking for GraalPy patches for numpy
We have patches to make this package work on GraalVM for some version(s).
If installing or running fails, consider using one of the versions that we have patches for:
numpy == 1.16.4
numpy == 1.19.5
numpy == 1.21.6
numpy == 1.22.4
numpy == 1.23.4
numpy == 1.23.1
numpy == 1.23.5
Looking for GraalPy patches for blis
Successfully installed blis-0.9.1 numpy-1.23.5
