Collecting Flask-Login==0.6.2
  Downloading Flask_Login-0.6.2-py3-none-any.whl (17 kB)
Collecting Flask>=1.0.4
  Using cached flask-3.0.0-py3-none-any.whl (99 kB)
Collecting Werkzeug>=1.0.1
  Using cached werkzeug-3.0.1-py3-none-any.whl (226 kB)
Collecting Jinja2>=3.1.2
  Using cached Jinja2-3.1.2-py3-none-any.whl (133 kB)
Collecting itsdangerous>=2.1.2
  Using cached itsdangerous-2.1.2-py3-none-any.whl (15 kB)
Collecting click>=8.1.3
  Using cached click-8.1.7-py3-none-any.whl (97 kB)
Collecting blinker>=1.6.2
  Using cached blinker-1.7.0-py3-none-any.whl (13 kB)
Collecting MarkupSafe>=2.1.1
  Using cached MarkupSafe-2.1.3-py3-none-any.whl
Installing collected packages: MarkupSafe, itsdangerous, click, blinker, Werkzeug, Jinja2, Flask, Flask-Login
Looking for GraalPy patches for MarkupSafe
Looking for GraalPy patches for itsdangerous
Looking for GraalPy patches for click
Looking for GraalPy patches for blinker
Looking for GraalPy patches for werkzeug
Looking for GraalPy patches for Jinja2
Looking for GraalPy patches for flask
Looking for GraalPy patches for Flask_Login
Successfully installed Flask-3.0.0 Flask-Login-0.6.2 Jinja2-3.1.2 MarkupSafe-2.1.3 Werkzeug-3.0.1 blinker-1.7.0 click-8.1.7 itsdangerous-2.1.2
