Collecting altair==4.2.2
  Downloading altair-4.2.2-py3-none-any.whl (813 kB)
     ━━━━━━━━━━━━━━━━━━━━━━━━━━━━━━━━━━━━━━━ 813.6/813.6 kB 8.3 MB/s eta 0:00:00
Collecting entrypoints (from altair==4.2.2)
  Downloading entrypoints-0.4-py3-none-any.whl (5.3 kB)
Collecting jinja2 (from altair==4.2.2)
  Downloading Jinja2-3.1.2-py3-none-any.whl (133 kB)
     ━━━━━━━━━━━━━━━━━━━━━━━━━━━━━━━━━━━━━━━ 133.1/133.1 kB 9.5 MB/s eta 0:00:00
Collecting jsonschema>=3.0 (from altair==4.2.2)
  Downloading jsonschema-4.20.0-py3-none-any.whl.metadata (8.1 kB)
Collecting numpy (from altair==4.2.2)
  Using cached numpy-1.26.2-cp310-cp310-manylinux_2_17_x86_64.manylinux2014_x86_64.whl.metadata (61 kB)
Collecting pandas>=0.18 (from altair==4.2.2)
  Using cached pandas-2.1.3-cp310-cp310-manylinux_2_17_x86_64.manylinux2014_x86_64.whl.metadata (18 kB)
Collecting toolz (from altair==4.2.2)
  Downloading toolz-0.12.0-py3-none-any.whl (55 kB)
     ━━━━━━━━━━━━━━━━━━━━━━━━━━━━━━━━━━━━━━━━ 55.8/55.8 kB 4.9 MB/s eta 0:00:00
Collecting attrs>=22.2.0 (from jsonschema>=3.0->altair==4.2.2)
  Using cached attrs-23.1.0-py3-none-any.whl (61 kB)
Collecting jsonschema-specifications>=2023.03.6 (from jsonschema>=3.0->altair==4.2.2)
  Downloading jsonschema_specifications-2023.11.1-py3-none-any.whl.metadata (2.8 kB)
Collecting referencing>=0.28.4 (from jsonschema>=3.0->altair==4.2.2)
  Downloading referencing-0.31.0-py3-none-any.whl.metadata (2.6 kB)
Collecting rpds-py>=0.7.1 (from jsonschema>=3.0->altair==4.2.2)
  Downloading rpds_py-0.13.1-cp310-cp310-manylinux_2_17_x86_64.manylinux2014_x86_64.whl.metadata (3.7 kB)
Collecting python-dateutil>=2.8.2 (from pandas>=0.18->altair==4.2.2)
  Using cached python_dateutil-2.8.2-py2.py3-none-any.whl (247 kB)
Collecting pytz>=2020.1 (from pandas>=0.18->altair==4.2.2)
  Using cached pytz-2023.3.post1-py2.py3-none-any.whl.metadata (22 kB)
Collecting tzdata>=2022.1 (from pandas>=0.18->altair==4.2.2)
  Using cached tzdata-2023.3-py2.py3-none-any.whl (341 kB)
Collecting MarkupSafe>=2.0 (from jinja2->altair==4.2.2)
  Using cached MarkupSafe-2.1.3-cp310-cp310-manylinux_2_17_x86_64.manylinux2014_x86_64.whl.metadata (3.0 kB)
Collecting six>=1.5 (from python-dateutil>=2.8.2->pandas>=0.18->altair==4.2.2)
  Using cached six-1.16.0-py2.py3-none-any.whl (11 kB)
Downloading jsonschema-4.20.0-py3-none-any.whl (84 kB)
   ━━━━━━━━━━━━━━━━━━━━━━━━━━━━━━━━━━━━━━━━ 84.7/84.7 kB 4.5 MB/s eta 0:00:00
Using cached pandas-2.1.3-cp310-cp310-manylinux_2_17_x86_64.manylinux2014_x86_64.whl (12.3 MB)
Using cached numpy-1.26.2-cp310-cp310-manylinux_2_17_x86_64.manylinux2014_x86_64.whl (18.2 MB)
Downloading jsonschema_specifications-2023.11.1-py3-none-any.whl (17 kB)
Using cached MarkupSafe-2.1.3-cp310-cp310-manylinux_2_17_x86_64.manylinux2014_x86_64.whl (25 kB)
Using cached pytz-2023.3.post1-py2.py3-none-any.whl (502 kB)
Downloading referencing-0.31.0-py3-none-any.whl (25 kB)
Downloading rpds_py-0.13.1-cp310-cp310-manylinux_2_17_x86_64.manylinux2014_x86_64.whl (1.2 MB)
   ━━━━━━━━━━━━━━━━━━━━━━━━━━━━━━━━━━━━━━━━ 1.2/1.2 MB 14.7 MB/s eta 0:00:00
Installing collected packages: pytz, tzdata, toolz, six, rpds-py, numpy, MarkupSafe, entrypoints, attrs, referencing, python-dateutil, jinja2, pandas, jsonschema-specifications, jsonschema, altair
Successfully installed MarkupSafe-2.1.3 altair-4.2.2 attrs-23.1.0 entrypoints-0.4 jinja2-3.1.2 jsonschema-4.20.0 jsonschema-specifications-2023.11.1 numpy-1.26.2 pandas-2.1.3 python-dateutil-2.8.2 pytz-2023.3.post1 referencing-0.31.0 rpds-py-0.13.1 six-1.16.0 toolz-0.12.0 tzdata-2023.3
