Collecting altair==4.2.2
  Downloading altair-4.2.2-py3-none-any.whl (813 kB)
     ━━━━━━━━━━━━━━━━━━━━━━━━━━━━━━━━━━━━━━━ 813.6/813.6 kB 2.7 MB/s eta 0:00:00
Collecting entrypoints
  Downloading entrypoints-0.4-py3-none-any.whl (5.3 kB)
Collecting jinja2
  Downloading Jinja2-3.1.2-py3-none-any.whl (133 kB)
     ━━━━━━━━━━━━━━━━━━━━━━━━━━━━━━━━━━━━━ 133.1/133.1 kB 139.9 kB/s eta 0:00:00
Collecting jsonschema>=3.0
  Downloading jsonschema-4.17.3-py3-none-any.whl (90 kB)
     ━━━━━━━━━━━━━━━━━━━━━━━━━━━━━━━━━━━━━━━━ 90.4/90.4 kB 1.6 MB/s eta 0:00:00
Collecting numpy
  Using cached numpy-1.23.5-graalpy310-graalpy231_310_native-linux_x86_64.whl
Collecting pandas>=0.18
  Using cached pandas-1.5.2-graalpy310-graalpy231_310_native-linux_x86_64.whl
Collecting toolz
  Downloading toolz-0.12.0-py3-none-any.whl (55 kB)
     ━━━━━━━━━━━━━━━━━━━━━━━━━━━━━━━━━━━━━━━━ 55.8/55.8 kB 66.1 kB/s eta 0:00:00
Collecting attrs>=17.4.0
  Using cached attrs-23.1.0-py3-none-any.whl (61 kB)
Collecting pyrsistent!=0.17.0,!=0.17.1,!=0.17.2,>=0.14.0
  Downloading pyrsistent-0.20.0-py3-none-any.whl (58 kB)
     ━━━━━━━━━━━━━━━━━━━━━━━━━━━━━━━━━━━━━━━━ 58.1/58.1 kB 1.1 MB/s eta 0:00:00
Collecting python-dateutil>=2.8.1
  Using cached python_dateutil-2.8.2-py2.py3-none-any.whl (247 kB)
Collecting pytz>=2020.1
  Using cached pytz-2022.2.1-py2.py3-none-any.whl (500 kB)
Collecting MarkupSafe>=2.0
  Using cached MarkupSafe-2.1.3-py3-none-any.whl
Collecting six>=1.5
  Using cached six-1.16.0-py2.py3-none-any.whl (11 kB)
Installing collected packages: pytz, toolz, six, pyrsistent, numpy, MarkupSafe, entrypoints, attrs, python-dateutil, jsonschema, jinja2, pandas, altair
Looking for GraalPy patches for pytz
Patching package pytz using /opt/graalpy/lib/graalpy23.1/patches/pytz/pytz-2022.2.1.patch
Looking for GraalPy patches for toolz
Looking for GraalPy patches for six
Looking for GraalPy patches for pyrsistent
Looking for GraalPy patches for numpy
We have patches to make this package work on GraalVM for some version(s).
If installing or running fails, consider using one of the versions that we have patches for:
numpy == 1.16.4
numpy == 1.19.5
numpy == 1.21.6
numpy == 1.22.4
numpy == 1.23.4
numpy == 1.23.1
numpy == 1.23.5
Looking for GraalPy patches for MarkupSafe
Looking for GraalPy patches for entrypoints
Looking for GraalPy patches for attrs
Looking for GraalPy patches for python_dateutil
Looking for GraalPy patches for jsonschema
Looking for GraalPy patches for Jinja2
Looking for GraalPy patches for pandas
We have patches to make this package work on GraalVM for some version(s).
If installing or running fails, consider using one of the versions that we have patches for:
pandas == 1.4.3
pandas == 1.5.2
Looking for GraalPy patches for altair
Successfully installed MarkupSafe-2.1.3 altair-4.2.2 attrs-23.1.0 entrypoints-0.4 jinja2-3.1.2 jsonschema-4.17.3 numpy-1.23.5 pandas-1.5.2 pyrsistent-0.20.0 python-dateutil-2.8.2 pytz-2022.2.1 six-1.16.0 toolz-0.12.0
