Collecting boto3==1.26.23
  Downloading boto3-1.26.23-py3-none-any.whl (132 kB)
     ━━━━━━━━━━━━━━━━━━━━━━━━━━━━━━━━━━━━━━━ 132.6/132.6 kB 4.8 MB/s eta 0:00:00
Collecting botocore<1.30.0,>=1.29.23 (from boto3==1.26.23)
  Downloading botocore-1.29.165-py3-none-any.whl.metadata (5.9 kB)
Collecting jmespath<2.0.0,>=0.7.1 (from boto3==1.26.23)
  Downloading jmespath-1.0.1-py3-none-any.whl (20 kB)
Collecting s3transfer<0.7.0,>=0.6.0 (from boto3==1.26.23)
  Using cached s3transfer-0.6.2-py3-none-any.whl.metadata (1.8 kB)
Collecting python-dateutil<3.0.0,>=2.1 (from botocore<1.30.0,>=1.29.23->boto3==1.26.23)
  Using cached python_dateutil-2.8.2-py2.py3-none-any.whl (247 kB)
Collecting urllib3<1.27,>=1.25.4 (from botocore<1.30.0,>=1.29.23->boto3==1.26.23)
  Downloading urllib3-1.26.18-py2.py3-none-any.whl.metadata (48 kB)
     ━━━━━━━━━━━━━━━━━━━━━━━━━━━━━━━━━━━━━━━━ 48.9/48.9 kB 7.9 MB/s eta 0:00:00
Collecting six>=1.5 (from python-dateutil<3.0.0,>=2.1->botocore<1.30.0,>=1.29.23->boto3==1.26.23)
  Using cached six-1.16.0-py2.py3-none-any.whl (11 kB)
Downloading botocore-1.29.165-py3-none-any.whl (11.0 MB)
   ━━━━━━━━━━━━━━━━━━━━━━━━━━━━━━━━━━━━━━━━ 11.0/11.0 MB 30.1 MB/s eta 0:00:00
Downloading s3transfer-0.6.2-py3-none-any.whl (79 kB)
   ━━━━━━━━━━━━━━━━━━━━━━━━━━━━━━━━━━━━━━━━ 79.8/79.8 kB 11.3 MB/s eta 0:00:00
Downloading urllib3-1.26.18-py2.py3-none-any.whl (143 kB)
   ━━━━━━━━━━━━━━━━━━━━━━━━━━━━━━━━━━━━━━━━ 143.8/143.8 kB 21.7 MB/s eta 0:00:00
Installing collected packages: urllib3, six, jmespath, python-dateutil, botocore, s3transfer, boto3
Successfully installed boto3-1.26.23 botocore-1.29.165 jmespath-1.0.1 python-dateutil-2.8.2 s3transfer-0.6.2 six-1.16.0 urllib3-1.26.18
