Collecting boto3==1.26.23
  Downloading boto3-1.26.23-py3-none-any.whl (132 kB)
     ━━━━━━━━━━━━━━━━━━━━━━━━━━━━━━━━━━━━━━━ 132.6/132.6 kB 4.3 MB/s eta 0:00:00
Collecting botocore<1.30.0,>=1.29.23
  Downloading botocore-1.29.165-py3-none-any.whl (11.0 MB)
     ━━━━━━━━━━━━━━━━━━━━━━━━━━━━━━━━━━━━━━━━ 11.0/11.0 MB 7.4 MB/s eta 0:00:00
Collecting jmespath<2.0.0,>=0.7.1
  Using cached jmespath-1.0.1-py3-none-any.whl (20 kB)
Collecting s3transfer<0.7.0,>=0.6.0
  Using cached s3transfer-0.6.2-py3-none-any.whl (79 kB)
Collecting python-dateutil<3.0.0,>=2.1
  Using cached python_dateutil-2.8.2-py2.py3-none-any.whl (247 kB)
Collecting urllib3<1.27,>=1.25.4
  Using cached urllib3-1.26.18-py2.py3-none-any.whl (143 kB)
Collecting six>=1.5
  Using cached six-1.16.0-py2.py3-none-any.whl (11 kB)
Installing collected packages: urllib3, six, jmespath, python-dateutil, botocore, s3transfer, boto3
Looking for GraalPy patches for urllib3
Looking for GraalPy patches for six
Looking for GraalPy patches for jmespath
Looking for GraalPy patches for python_dateutil
Looking for GraalPy patches for botocore
Looking for GraalPy patches for s3transfer
Looking for GraalPy patches for boto3
Successfully installed boto3-1.26.23 botocore-1.29.165 jmespath-1.0.1 python-dateutil-2.8.2 s3transfer-0.6.2 six-1.16.0 urllib3-1.26.18
