Collecting tables==3.7.0
  Downloading tables-3.7.0.tar.gz (8.2 MB)
     ━━━━━━━━━━━━━━━━━━━━━━━━━━━━━━━━━━━━━━━━ 8.2/8.2 MB 6.5 MB/s eta 0:00:00
Looking for GraalPy patches for tables
  Installing build dependencies: started
  Installing build dependencies: finished with status 'done'
  Getting requirements to build wheel: started
  Getting requirements to build wheel: finished with status 'done'
  Preparing metadata (pyproject.toml): started
  Preparing metadata (pyproject.toml): finished with status 'done'
Collecting numpy>=1.19.0
  Using cached numpy-1.23.5-graalpy310-graalpy231_310_native-linux_x86_64.whl
Collecting numexpr>=2.6.2
  Downloading numexpr-2.8.7.tar.gz (103 kB)
     ━━━━━━━━━━━━━━━━━━━━━━━━━━━━━━━━━━━━━━━ 103.4/103.4 kB 3.7 MB/s eta 0:00:00
Looking for GraalPy patches for numexpr
  Installing build dependencies: started
  Installing build dependencies: finished with status 'done'
  Getting requirements to build wheel: started
  Getting requirements to build wheel: finished with status 'done'
  Preparing metadata (pyproject.toml): started
  Preparing metadata (pyproject.toml): finished with status 'done'
Collecting packaging
  Using cached packaging-23.2-py3-none-any.whl (53 kB)
Building wheels for collected packages: tables, numexpr
  Building wheel for tables (pyproject.toml): started
  Building wheel for tables (pyproject.toml): finished with status 'done'
  Created wheel for tables: filename=tables-3.7.0-graalpy310-graalpy231_310_native-linux_x86_64.whl size=3862328 sha256=0e8c369b6fd4657867532a790100f58922b498a7c74d1b127f6efd81be610040
  Stored in directory: /workdir/.cache/pip-graalpy/wheels/3e/69/80/5d7d661b81c4804cc64d8fa715a088d31da99b08227c1a12bc
  Building wheel for numexpr (pyproject.toml): started
  Building wheel for numexpr (pyproject.toml): finished with status 'done'
  Created wheel for numexpr: filename=numexpr-2.8.7-graalpy310-graalpy231_310_native-linux_x86_64.whl size=137718 sha256=2116da5dc6be69d57b94b806a31fc9f2bb05615bf0eeffd0cd79130af08fb182
  Stored in directory: /workdir/.cache/pip-graalpy/wheels/f7/be/12/1c8c8daa4c422be99788e347add674237e49c3eddea2c14912
Successfully built tables numexpr
Installing collected packages: packaging, numpy, numexpr, tables
Looking for GraalPy patches for packaging
Patching package packaging using /opt/graalpy/lib/graalpy23.1/patches/packaging/packaging.patch
patching file packaging/tags.py
Hunk #1 FAILED at 4.
Hunk #2 FAILED at 37.
2 out of 2 hunks FAILED -- saving rejects to file packaging/tags.py.rej
Applying GraalPy patch failed for packaging. The package may still work.
Looking for GraalPy patches for numpy
We have patches to make this package work on GraalVM for some version(s).
If installing or running fails, consider using one of the versions that we have patches for:
numpy == 1.16.4
numpy == 1.19.5
numpy == 1.21.6
numpy == 1.22.4
numpy == 1.23.4
numpy == 1.23.1
numpy == 1.23.5
Looking for GraalPy patches for numexpr
Looking for GraalPy patches for tables
Successfully installed numexpr-2.8.7 numpy-1.23.5 packaging-23.2 tables-3.7.0
