Collecting pathos==0.3.0
  Downloading pathos-0.3.0-py3-none-any.whl (79 kB)
     ━━━━━━━━━━━━━━━━━━━━━━━━━━━━━━━━━━━━━━━━ 79.8/79.8 kB 1.9 MB/s eta 0:00:00
Collecting ppft>=1.7.6.6
  Downloading ppft-1.7.6.7-py3-none-any.whl (56 kB)
     ━━━━━━━━━━━━━━━━━━━━━━━━━━━━━━━━━━━━━━━━ 56.8/56.8 kB 1.8 MB/s eta 0:00:00
Collecting dill>=0.3.6
  Using cached dill-0.3.7-py3-none-any.whl (115 kB)
Collecting pox>=0.3.2
  Downloading pox-0.3.3-py3-none-any.whl (29 kB)
Collecting multiprocess>=0.70.14
  Downloading multiprocess-0.70.15-py310-none-any.whl (134 kB)
     ━━━━━━━━━━━━━━━━━━━━━━━━━━━━━━━━━━━━━━━ 134.8/134.8 kB 4.0 MB/s eta 0:00:00
Installing collected packages: ppft, pox, dill, multiprocess, pathos
Looking for GraalPy patches for ppft
Looking for GraalPy patches for pox
Looking for GraalPy patches for dill
Looking for GraalPy patches for multiprocess
Looking for GraalPy patches for pathos
Successfully installed dill-0.3.7 multiprocess-0.70.15 pathos-0.3.0 pox-0.3.3 ppft-1.7.6.7
