Collecting pysolr==3.9.0
  Downloading pysolr-3.9.0.tar.gz (55 kB)
     ━━━━━━━━━━━━━━━━━━━━━━━━━━━━━━━━━━━━━━━━ 55.8/55.8 kB 3.0 MB/s eta 0:00:00
  Preparing metadata (setup.py): started
  Preparing metadata (setup.py): finished with status 'done'
Collecting requests>=2.9.1 (from pysolr==3.9.0)
  Using cached requests-2.31.0-py3-none-any.whl.metadata (4.6 kB)
Collecting charset-normalizer<4,>=2 (from requests>=2.9.1->pysolr==3.9.0)
  Using cached charset_normalizer-3.3.2-cp310-cp310-manylinux_2_17_x86_64.manylinux2014_x86_64.whl.metadata (33 kB)
Collecting idna<4,>=2.5 (from requests>=2.9.1->pysolr==3.9.0)
  Using cached idna-3.6-py3-none-any.whl.metadata (9.9 kB)
Collecting urllib3<3,>=1.21.1 (from requests>=2.9.1->pysolr==3.9.0)
  Using cached urllib3-2.1.0-py3-none-any.whl.metadata (6.4 kB)
Collecting certifi>=2017.4.17 (from requests>=2.9.1->pysolr==3.9.0)
  Using cached certifi-2023.11.17-py3-none-any.whl.metadata (2.2 kB)
Using cached requests-2.31.0-py3-none-any.whl (62 kB)
Using cached certifi-2023.11.17-py3-none-any.whl (162 kB)
Using cached charset_normalizer-3.3.2-cp310-cp310-manylinux_2_17_x86_64.manylinux2014_x86_64.whl (142 kB)
Using cached idna-3.6-py3-none-any.whl (61 kB)
Using cached urllib3-2.1.0-py3-none-any.whl (104 kB)
Building wheels for collected packages: pysolr
  Building wheel for pysolr (setup.py): started
  Building wheel for pysolr (setup.py): finished with status 'done'
  Created wheel for pysolr: filename=pysolr-3.9.0-py2.py3-none-any.whl size=19671 sha256=02cf3b1e4e167c069cb498cdb57a39d89b8978cca9b3f703ba6079dfe4a8d951
  Stored in directory: /workdir/.cache/pip/wheels/7b/04/2e/aa66ec607b1731d1e3b8705fddf1a85ad3315be6b759327dd7
Successfully built pysolr
Installing collected packages: urllib3, idna, charset-normalizer, certifi, requests, pysolr
Successfully installed certifi-2023.11.17 charset-normalizer-3.3.2 idna-3.6 pysolr-3.9.0 requests-2.31.0 urllib3-2.1.0
