Collecting pysolr==3.9.0
  Downloading pysolr-3.9.0.tar.gz (55 kB)
     ━━━━━━━━━━━━━━━━━━━━━━━━━━━━━━━━━━━━━━━━ 55.8/55.8 kB 1.7 MB/s eta 0:00:00
Looking for GraalPy patches for pysolr
  Preparing metadata (setup.py): started
  Preparing metadata (setup.py): finished with status 'done'
Collecting requests>=2.9.1
  Using cached requests-2.31.0-py3-none-any.whl (62 kB)
Collecting charset-normalizer<4,>=2
  Using cached charset_normalizer-3.1.0-py3-none-any.whl (46 kB)
Collecting idna<4,>=2.5
  Using cached idna-3.6-py3-none-any.whl (61 kB)
Collecting urllib3<3,>=1.21.1
  Using cached urllib3-2.1.0-py3-none-any.whl (104 kB)
Collecting certifi>=2017.4.17
  Using cached certifi-2023.11.17-py3-none-any.whl (162 kB)
Building wheels for collected packages: pysolr
  Building wheel for pysolr (setup.py): started
  Building wheel for pysolr (setup.py): finished with status 'done'
  Created wheel for pysolr: filename=pysolr-3.9.0-py2.py3-none-any.whl size=19686 sha256=7b2ec99e688ba134e3741d5991cc68d3eea2e64ad565aac42400b3e060b35fd7
  Stored in directory: /workdir/.cache/pip-graalpy/wheels/2b/45/df/f23e309c8a5fd72c699f84dbe5f663f0fe18233cb42450e9f3
Successfully built pysolr
Installing collected packages: urllib3, idna, charset-normalizer, certifi, requests, pysolr
Looking for GraalPy patches for urllib3
Looking for GraalPy patches for idna
Looking for GraalPy patches for charset_normalizer
Patching package charset_normalizer using /opt/graalpy/lib/graalpy23.1/patches/charset_normalizer/charset_normalizer-3.1.0.patch
patching file charset_normalizer/utils.py
Hunk #1 succeeded at 7 with fuzz 2 (offset -4 lines).
Hunk #2 succeeded at 258 with fuzz 2 (offset 11 lines).
Looking for GraalPy patches for certifi
Looking for GraalPy patches for requests
Looking for GraalPy patches for pysolr
Successfully installed certifi-2023.11.17 charset-normalizer-3.1.0 idna-3.6 pysolr-3.9.0 requests-2.31.0 urllib3-2.1.0
