Collecting readme-renderer==37.3
  Downloading readme_renderer-37.3-py3-none-any.whl (14 kB)
Collecting bleach>=2.1.0
  Downloading bleach-6.1.0-py3-none-any.whl (162 kB)
     ━━━━━━━━━━━━━━━━━━━━━━━━━━━━━━━━━━━━━━━ 162.8/162.8 kB 3.9 MB/s eta 0:00:00
Collecting docutils>=0.13.1
  Using cached docutils-0.20.1-py3-none-any.whl (572 kB)
Collecting Pygments>=2.5.1
  Using cached pygments-2.17.2-py3-none-any.whl (1.2 MB)
Collecting six>=1.9.0
  Using cached six-1.16.0-py2.py3-none-any.whl (11 kB)
Collecting webencodings
  Downloading webencodings-0.5.1-py2.py3-none-any.whl (11 kB)
Installing collected packages: webencodings, six, Pygments, docutils, bleach, readme-renderer
Looking for GraalPy patches for webencodings
Looking for GraalPy patches for six
Looking for GraalPy patches for pygments
Looking for GraalPy patches for docutils
Looking for GraalPy patches for bleach
Looking for GraalPy patches for readme_renderer
Successfully installed Pygments-2.17.2 bleach-6.1.0 docutils-0.20.1 readme-renderer-37.3 six-1.16.0 webencodings-0.5.1
