Collecting zeep==4.2.1
  Downloading zeep-4.2.1-py3-none-any.whl (101 kB)
     ━━━━━━━━━━━━━━━━━━━━━━━━━━━━━━━━━━━━━━━ 101.2/101.2 kB 3.6 MB/s eta 0:00:00
Collecting attrs>=17.2.0 (from zeep==4.2.1)
  Using cached attrs-23.1.0-py3-none-any.whl (61 kB)
Collecting isodate>=0.5.4 (from zeep==4.2.1)
  Using cached isodate-0.6.1-py2.py3-none-any.whl (41 kB)
Collecting lxml>=4.6.0 (from zeep==4.2.1)
  Using cached lxml-4.9.3-cp310-cp310-manylinux_2_28_x86_64.whl.metadata (3.8 kB)
Collecting platformdirs>=1.4.0 (from zeep==4.2.1)
  Using cached platformdirs-4.0.0-py3-none-any.whl.metadata (11 kB)
Collecting requests>=2.7.0 (from zeep==4.2.1)
  Using cached requests-2.31.0-py3-none-any.whl.metadata (4.6 kB)
Collecting requests-toolbelt>=0.7.1 (from zeep==4.2.1)
  Using cached requests_toolbelt-1.0.0-py2.py3-none-any.whl (54 kB)
Collecting requests-file>=1.5.1 (from zeep==4.2.1)
  Using cached requests_file-1.5.1-py2.py3-none-any.whl (3.7 kB)
Collecting pytz (from zeep==4.2.1)
  Using cached pytz-2023.3.post1-py2.py3-none-any.whl.metadata (22 kB)
Collecting six (from isodate>=0.5.4->zeep==4.2.1)
  Using cached six-1.16.0-py2.py3-none-any.whl (11 kB)
Collecting charset-normalizer<4,>=2 (from requests>=2.7.0->zeep==4.2.1)
  Using cached charset_normalizer-3.3.2-cp310-cp310-manylinux_2_17_x86_64.manylinux2014_x86_64.whl.metadata (33 kB)
Collecting idna<4,>=2.5 (from requests>=2.7.0->zeep==4.2.1)
  Using cached idna-3.6-py3-none-any.whl.metadata (9.9 kB)
Collecting urllib3<3,>=1.21.1 (from requests>=2.7.0->zeep==4.2.1)
  Using cached urllib3-2.1.0-py3-none-any.whl.metadata (6.4 kB)
Collecting certifi>=2017.4.17 (from requests>=2.7.0->zeep==4.2.1)
  Using cached certifi-2023.11.17-py3-none-any.whl.metadata (2.2 kB)
Using cached lxml-4.9.3-cp310-cp310-manylinux_2_28_x86_64.whl (7.9 MB)
Using cached platformdirs-4.0.0-py3-none-any.whl (17 kB)
Using cached requests-2.31.0-py3-none-any.whl (62 kB)
Using cached pytz-2023.3.post1-py2.py3-none-any.whl (502 kB)
Using cached certifi-2023.11.17-py3-none-any.whl (162 kB)
Using cached charset_normalizer-3.3.2-cp310-cp310-manylinux_2_17_x86_64.manylinux2014_x86_64.whl (142 kB)
Using cached idna-3.6-py3-none-any.whl (61 kB)
Using cached urllib3-2.1.0-py3-none-any.whl (104 kB)
Installing collected packages: pytz, urllib3, six, platformdirs, lxml, idna, charset-normalizer, certifi, attrs, requests, isodate, requests-toolbelt, requests-file, zeep
Successfully installed attrs-23.1.0 certifi-2023.11.17 charset-normalizer-3.3.2 idna-3.6 isodate-0.6.1 lxml-4.9.3 platformdirs-4.0.0 pytz-2023.3.post1 requests-2.31.0 requests-file-1.5.1 requests-toolbelt-1.0.0 six-1.16.0 urllib3-2.1.0 zeep-4.2.1
