Collecting zeep==4.2.1
  Downloading zeep-4.2.1-py3-none-any.whl (101 kB)
     ━━━━━━━━━━━━━━━━━━━━━━━━━━━━━━━━━━━━━━━ 101.2/101.2 kB 1.9 MB/s eta 0:00:00
Collecting attrs>=17.2.0
  Using cached attrs-23.1.0-py3-none-any.whl (61 kB)
Collecting isodate>=0.5.4
  Using cached isodate-0.6.1-py2.py3-none-any.whl (41 kB)
Collecting lxml>=4.6.0
  Using cached lxml-4.9.1-graalpy310-graalpy231_310_native-linux_x86_64.whl
Collecting platformdirs>=1.4.0
  Using cached platformdirs-4.0.0-py3-none-any.whl (17 kB)
Collecting requests>=2.7.0
  Using cached requests-2.31.0-py3-none-any.whl (62 kB)
Collecting requests-toolbelt>=0.7.1
  Using cached requests_toolbelt-1.0.0-py2.py3-none-any.whl (54 kB)
Collecting requests-file>=1.5.1
  Using cached requests_file-1.5.1-py2.py3-none-any.whl (3.7 kB)
Collecting pytz
  Using cached pytz-2022.2.1-py2.py3-none-any.whl (500 kB)
Collecting six
  Using cached six-1.16.0-py2.py3-none-any.whl (11 kB)
Collecting charset-normalizer<4,>=2
  Using cached charset_normalizer-3.1.0-py3-none-any.whl (46 kB)
Collecting idna<4,>=2.5
  Using cached idna-3.6-py3-none-any.whl (61 kB)
Collecting urllib3<3,>=1.21.1
  Using cached urllib3-2.1.0-py3-none-any.whl (104 kB)
Collecting certifi>=2017.4.17
  Using cached certifi-2023.11.17-py3-none-any.whl (162 kB)
Installing collected packages: pytz, urllib3, six, platformdirs, lxml, idna, charset-normalizer, certifi, attrs, requests, isodate, requests-toolbelt, requests-file, zeep
Looking for GraalPy patches for pytz
Patching package pytz using /opt/graalpy/lib/graalpy23.1/patches/pytz/pytz-2022.2.1.patch
Looking for GraalPy patches for urllib3
Looking for GraalPy patches for six
Looking for GraalPy patches for platformdirs
Looking for GraalPy patches for lxml
Patching package lxml using /opt/graalpy/lib/graalpy23.1/patches/lxml/lxml-4.9.1.patch
patching file pyproject.toml
can't find file to patch at input line 14
Perhaps you used the wrong -p or --strip option?
The text leading up to this was:
--------------------------
|diff --git a/setupinfo.py b/setupinfo.py
|index 6758914..288d09e 100644
|--- a/setupinfo.py
|+++ b/setupinfo.py
--------------------------
No file to patch.  Skipping patch.
1 out of 1 hunk ignored
can't find file to patch at input line 27
Perhaps you used the wrong -p or --strip option?
The text leading up to this was:
--------------------------
|diff --git a/src/lxml/etree.c b/src/lxml/etree.c
|index 28ad548..cb066dc 100644
|--- a/src/lxml/etree.c
|+++ b/src/lxml/etree.c
--------------------------
No file to patch.  Skipping patch.
1 out of 1 hunk ignored
Applying GraalPy patch failed for lxml. The package may still work.
Looking for GraalPy patches for idna
Looking for GraalPy patches for charset_normalizer
Patching package charset_normalizer using /opt/graalpy/lib/graalpy23.1/patches/charset_normalizer/charset_normalizer-3.1.0.patch
patching file charset_normalizer/utils.py
Hunk #1 succeeded at 7 with fuzz 2 (offset -4 lines).
Hunk #2 succeeded at 258 with fuzz 2 (offset 11 lines).
Looking for GraalPy patches for certifi
Looking for GraalPy patches for attrs
Looking for GraalPy patches for requests
Looking for GraalPy patches for isodate
Looking for GraalPy patches for requests_toolbelt
Looking for GraalPy patches for requests_file
Looking for GraalPy patches for zeep
Successfully installed attrs-23.1.0 certifi-2023.11.17 charset-normalizer-3.1.0 idna-3.6 isodate-0.6.1 lxml-4.9.1 platformdirs-4.0.0 pytz-2022.2.1 requests-2.31.0 requests-file-1.5.1 requests-toolbelt-1.0.0 six-1.16.0 urllib3-2.1.0 zeep-4.2.1
