Collecting h5py==3.7.0
  Downloading h5py-3.7.0.tar.gz (392 kB)
     ━━━━━━━━━━━━━━━━━━━━━━━━━━━━━━━━━━━━━━━ 392.4/392.4 kB 6.0 MB/s eta 0:00:00
Looking for GraalPy patches for h5py
We have patches to make this package work on GraalVM for some version(s).
If installing or running fails, consider using one of the versions that we have patches for:
h5py == 2.10.0
  Installing build dependencies: started
  Installing build dependencies: finished with status 'done'
  Getting requirements to build wheel: started
  Getting requirements to build wheel: finished with status 'done'
  Preparing metadata (pyproject.toml): started
  Preparing metadata (pyproject.toml): finished with status 'done'
Collecting numpy>=1.14.5
  Using cached numpy-1.23.5-graalpy310-graalpy231_310_native-linux_x86_64.whl
Building wheels for collected packages: h5py
  Building wheel for h5py (pyproject.toml): started
  Building wheel for h5py (pyproject.toml): still running...
  Building wheel for h5py (pyproject.toml): still running...
  Building wheel for h5py (pyproject.toml): still running...
  Building wheel for h5py (pyproject.toml): finished with status 'done'
  Created wheel for h5py: filename=h5py-3.7.0-graalpy310-graalpy231_310_native-linux_x86_64.whl size=1486985 sha256=3271f889db0b2a9f6b21897c84353c4d6a2d08ec1cbd11b0145b995228803168
  Stored in directory: /workdir/.cache/pip-graalpy/wheels/2d/10/e6/7704faf26e29da06cbf5e08e9642e5744270e1ad2584050d8c
Successfully built h5py
Installing collected packages: numpy, h5py
Looking for GraalPy patches for numpy
We have patches to make this package work on GraalVM for some version(s).
If installing or running fails, consider using one of the versions that we have patches for:
numpy == 1.16.4
numpy == 1.19.5
numpy == 1.21.6
numpy == 1.22.4
numpy == 1.23.4
numpy == 1.23.1
numpy == 1.23.5
Looking for GraalPy patches for h5py
We have patches to make this package work on GraalVM for some version(s).
If installing or running fails, consider using one of the versions that we have patches for:
h5py == 2.10.0
Successfully installed h5py-3.7.0 numpy-1.23.5
