Collecting Flask==2.2.2
  Downloading Flask-2.2.2-py3-none-any.whl (101 kB)
     ━━━━━━━━━━━━━━━━━━━━━━━━━━━━━━━━━━━━━━━ 101.5/101.5 kB 4.8 MB/s eta 0:00:00
Collecting Werkzeug>=2.2.2 (from Flask==2.2.2)
  Downloading werkzeug-3.0.1-py3-none-any.whl.metadata (4.1 kB)
Collecting Jinja2>=3.0 (from Flask==2.2.2)
  Downloading Jinja2-3.1.2-py3-none-any.whl (133 kB)
     ━━━━━━━━━━━━━━━━━━━━━━━━━━━━━━━━━━━━━━━ 133.1/133.1 kB 9.3 MB/s eta 0:00:00
Collecting itsdangerous>=2.0 (from Flask==2.2.2)
  Downloading itsdangerous-2.1.2-py3-none-any.whl (15 kB)
Collecting click>=8.0 (from Flask==2.2.2)
  Using cached click-8.1.7-py3-none-any.whl.metadata (3.0 kB)
Collecting MarkupSafe>=2.0 (from Jinja2>=3.0->Flask==2.2.2)
  Downloading MarkupSafe-2.1.3-cp310-cp310-manylinux_2_17_x86_64.manylinux2014_x86_64.whl.metadata (3.0 kB)
Using cached click-8.1.7-py3-none-any.whl (97 kB)
Downloading werkzeug-3.0.1-py3-none-any.whl (226 kB)
   ━━━━━━━━━━━━━━━━━━━━━━━━━━━━━━━━━━━━━━━━ 226.7/226.7 kB 9.2 MB/s eta 0:00:00
Downloading MarkupSafe-2.1.3-cp310-cp310-manylinux_2_17_x86_64.manylinux2014_x86_64.whl (25 kB)
Installing collected packages: MarkupSafe, itsdangerous, click, Werkzeug, Jinja2, Flask
Successfully installed Flask-2.2.2 Jinja2-3.1.2 MarkupSafe-2.1.3 Werkzeug-3.0.1 click-8.1.7 itsdangerous-2.1.2
