Collecting Flask==2.2.2
  Downloading Flask-2.2.2-py3-none-any.whl (101 kB)
     ━━━━━━━━━━━━━━━━━━━━━━━━━━━━━━━━━━━━━━━ 101.5/101.5 kB 2.4 MB/s eta 0:00:00
Collecting Werkzeug>=2.2.2
  Downloading werkzeug-3.0.1-py3-none-any.whl (226 kB)
     ━━━━━━━━━━━━━━━━━━━━━━━━━━━━━━━━━━━━━━━ 226.7/226.7 kB 4.1 MB/s eta 0:00:00
Collecting Jinja2>=3.0
  Downloading Jinja2-3.1.2-py3-none-any.whl (133 kB)
     ━━━━━━━━━━━━━━━━━━━━━━━━━━━━━━━━━━━━━━━ 133.1/133.1 kB 3.4 MB/s eta 0:00:00
Collecting itsdangerous>=2.0
  Downloading itsdangerous-2.1.2-py3-none-any.whl (15 kB)
Collecting click>=8.0
  Using cached click-8.1.7-py3-none-any.whl (97 kB)
Collecting MarkupSafe>=2.0
  Downloading MarkupSafe-2.1.3.tar.gz (19 kB)
Looking for GraalPy patches for MarkupSafe
  Preparing metadata (setup.py): started
  Preparing metadata (setup.py): finished with status 'done'
Building wheels for collected packages: MarkupSafe
  Building wheel for MarkupSafe (setup.py): started
  Building wheel for MarkupSafe (setup.py): finished with status 'done'
  Created wheel for MarkupSafe: filename=MarkupSafe-2.1.3-py3-none-any.whl size=9770 sha256=7d823cd382d6e7df8dfc3256bb1e320fe653811acb7fe8b891b796bf1ef60eb6
  Stored in directory: /workdir/.cache/pip-graalpy/wheels/4f/6f/58/9fa573915868c3b8a02a894f88387df1161115529bd9d604d5
Successfully built MarkupSafe
Installing collected packages: MarkupSafe, itsdangerous, click, Werkzeug, Jinja2, Flask
Looking for GraalPy patches for MarkupSafe
Looking for GraalPy patches for itsdangerous
Looking for GraalPy patches for click
Looking for GraalPy patches for werkzeug
Looking for GraalPy patches for Jinja2
Looking for GraalPy patches for Flask
Successfully installed Flask-2.2.2 Jinja2-3.1.2 MarkupSafe-2.1.3 Werkzeug-3.0.1 click-8.1.7 itsdangerous-2.1.2
