Collecting librosa==0.9.2
  Downloading librosa-0.9.2-py3-none-any.whl (214 kB)
     ━━━━━━━━━━━━━━━━━━━━━━━━━━━━━━━━━━━━━━━ 214.3/214.3 kB 3.5 MB/s eta 0:00:00
Collecting audioread>=2.1.9 (from librosa==0.9.2)
  Downloading audioread-3.0.1-py3-none-any.whl.metadata (8.4 kB)
Collecting numpy>=1.17.0 (from librosa==0.9.2)
  Using cached numpy-1.26.2-cp310-cp310-manylinux_2_17_x86_64.manylinux2014_x86_64.whl.metadata (61 kB)
Collecting scipy>=1.2.0 (from librosa==0.9.2)
  Using cached scipy-1.11.4-cp310-cp310-manylinux_2_17_x86_64.manylinux2014_x86_64.whl.metadata (60 kB)
Collecting scikit-learn>=0.19.1 (from librosa==0.9.2)
  Using cached scikit_learn-1.3.2-cp310-cp310-manylinux_2_17_x86_64.manylinux2014_x86_64.whl.metadata (11 kB)
Collecting joblib>=0.14 (from librosa==0.9.2)
  Using cached joblib-1.3.2-py3-none-any.whl.metadata (5.4 kB)
Collecting decorator>=4.0.10 (from librosa==0.9.2)
  Using cached decorator-5.1.1-py3-none-any.whl (9.1 kB)
Collecting resampy>=0.2.2 (from librosa==0.9.2)
  Downloading resampy-0.4.2-py3-none-any.whl (3.1 MB)
     ━━━━━━━━━━━━━━━━━━━━━━━━━━━━━━━━━━━━━━━━ 3.1/3.1 MB 23.5 MB/s eta 0:00:00
Collecting numba>=0.45.1 (from librosa==0.9.2)
  Downloading numba-0.58.1-cp310-cp310-manylinux2014_x86_64.manylinux_2_17_x86_64.whl.metadata (2.7 kB)
Collecting soundfile>=0.10.2 (from librosa==0.9.2)
  Downloading soundfile-0.12.1-py2.py3-none-manylinux_2_17_x86_64.whl (1.3 MB)
     ━━━━━━━━━━━━━━━━━━━━━━━━━━━━━━━━━━━━━━━━ 1.3/1.3 MB 18.7 MB/s eta 0:00:00
Collecting pooch>=1.0 (from librosa==0.9.2)
  Downloading pooch-1.8.0-py3-none-any.whl.metadata (9.9 kB)
Collecting packaging>=20.0 (from librosa==0.9.2)
  Using cached packaging-23.2-py3-none-any.whl.metadata (3.2 kB)
Collecting llvmlite<0.42,>=0.41.0dev0 (from numba>=0.45.1->librosa==0.9.2)
  Downloading llvmlite-0.41.1-cp310-cp310-manylinux_2_17_x86_64.manylinux2014_x86_64.whl.metadata (4.8 kB)
Collecting platformdirs>=2.5.0 (from pooch>=1.0->librosa==0.9.2)
  Using cached platformdirs-4.0.0-py3-none-any.whl.metadata (11 kB)
Collecting requests>=2.19.0 (from pooch>=1.0->librosa==0.9.2)
  Using cached requests-2.31.0-py3-none-any.whl.metadata (4.6 kB)
Collecting threadpoolctl>=2.0.0 (from scikit-learn>=0.19.1->librosa==0.9.2)
  Using cached threadpoolctl-3.2.0-py3-none-any.whl.metadata (10.0 kB)
Collecting cffi>=1.0 (from soundfile>=0.10.2->librosa==0.9.2)
  Using cached cffi-1.16.0-cp310-cp310-manylinux_2_17_x86_64.manylinux2014_x86_64.whl.metadata (1.5 kB)
Collecting pycparser (from cffi>=1.0->soundfile>=0.10.2->librosa==0.9.2)
  Using cached pycparser-2.21-py2.py3-none-any.whl (118 kB)
Collecting charset-normalizer<4,>=2 (from requests>=2.19.0->pooch>=1.0->librosa==0.9.2)
  Using cached charset_normalizer-3.3.2-cp310-cp310-manylinux_2_17_x86_64.manylinux2014_x86_64.whl.metadata (33 kB)
Collecting idna<4,>=2.5 (from requests>=2.19.0->pooch>=1.0->librosa==0.9.2)
  Using cached idna-3.4-py3-none-any.whl (61 kB)
Collecting urllib3<3,>=1.21.1 (from requests>=2.19.0->pooch>=1.0->librosa==0.9.2)
  Using cached urllib3-2.1.0-py3-none-any.whl.metadata (6.4 kB)
Collecting certifi>=2017.4.17 (from requests>=2.19.0->pooch>=1.0->librosa==0.9.2)
  Using cached certifi-2023.11.17-py3-none-any.whl.metadata (2.2 kB)
Downloading audioread-3.0.1-py3-none-any.whl (23 kB)
Using cached joblib-1.3.2-py3-none-any.whl (302 kB)
Downloading numba-0.58.1-cp310-cp310-manylinux2014_x86_64.manylinux_2_17_x86_64.whl (3.6 MB)
   ━━━━━━━━━━━━━━━━━━━━━━━━━━━━━━━━━━━━━━━━ 3.6/3.6 MB 30.4 MB/s eta 0:00:00
Using cached numpy-1.26.2-cp310-cp310-manylinux_2_17_x86_64.manylinux2014_x86_64.whl (18.2 MB)
Using cached packaging-23.2-py3-none-any.whl (53 kB)
Downloading pooch-1.8.0-py3-none-any.whl (62 kB)
   ━━━━━━━━━━━━━━━━━━━━━━━━━━━━━━━━━━━━━━━━ 62.7/62.7 kB 9.8 MB/s eta 0:00:00
Using cached scikit_learn-1.3.2-cp310-cp310-manylinux_2_17_x86_64.manylinux2014_x86_64.whl (10.8 MB)
Using cached scipy-1.11.4-cp310-cp310-manylinux_2_17_x86_64.manylinux2014_x86_64.whl (36.4 MB)
Using cached cffi-1.16.0-cp310-cp310-manylinux_2_17_x86_64.manylinux2014_x86_64.whl (443 kB)
Downloading llvmlite-0.41.1-cp310-cp310-manylinux_2_17_x86_64.manylinux2014_x86_64.whl (43.6 MB)
   ━━━━━━━━━━━━━━━━━━━━━━━━━━━━━━━━━━━━━━━━ 43.6/43.6 MB 26.2 MB/s eta 0:00:00
Using cached platformdirs-4.0.0-py3-none-any.whl (17 kB)
Using cached requests-2.31.0-py3-none-any.whl (62 kB)
Using cached threadpoolctl-3.2.0-py3-none-any.whl (15 kB)
Using cached certifi-2023.11.17-py3-none-any.whl (162 kB)
Using cached charset_normalizer-3.3.2-cp310-cp310-manylinux_2_17_x86_64.manylinux2014_x86_64.whl (142 kB)
Using cached urllib3-2.1.0-py3-none-any.whl (104 kB)
Installing collected packages: urllib3, threadpoolctl, pycparser, platformdirs, packaging, numpy, llvmlite, joblib, idna, decorator, charset-normalizer, certifi, audioread, scipy, requests, numba, cffi, soundfile, scikit-learn, resampy, pooch, librosa
Successfully installed audioread-3.0.1 certifi-2023.11.17 cffi-1.16.0 charset-normalizer-3.3.2 decorator-5.1.1 idna-3.4 joblib-1.3.2 librosa-0.9.2 llvmlite-0.41.1 numba-0.58.1 numpy-1.26.2 packaging-23.2 platformdirs-4.0.0 pooch-1.8.0 pycparser-2.21 requests-2.31.0 resampy-0.4.2 scikit-learn-1.3.2 scipy-1.11.4 soundfile-0.12.1 threadpoolctl-3.2.0 urllib3-2.1.0
