Collecting librosa==0.9.2
  Downloading librosa-0.9.2-py3-none-any.whl (214 kB)
     ━━━━━━━━━━━━━━━━━━━━━━━━━━━━━━━━━━━━━━━ 214.3/214.3 kB 4.0 MB/s eta 0:00:00
Collecting audioread>=2.1.9
  Downloading audioread-3.0.1-py3-none-any.whl (23 kB)
Collecting numpy>=1.17.0
  Using cached numpy-1.23.5-graalpy310-graalpy231_310_native-linux_x86_64.whl
Collecting scipy>=1.2.0
  Using cached scipy-1.10.1-graalpy310-graalpy231_310_native-linux_x86_64.whl
Collecting scikit-learn>=0.19.1
  Using cached scikit_learn-1.1.3-graalpy310-graalpy231_310_native-linux_x86_64.whl
Collecting joblib>=0.14
  Using cached joblib-1.3.2-py3-none-any.whl (302 kB)
Collecting decorator>=4.0.10
  Using cached decorator-5.1.1-py3-none-any.whl (9.1 kB)
Collecting resampy>=0.2.2
  Downloading resampy-0.4.2-py3-none-any.whl (3.1 MB)
     ━━━━━━━━━━━━━━━━━━━━━━━━━━━━━━━━━━━━━━━━ 3.1/3.1 MB 9.2 MB/s eta 0:00:00
Collecting numba>=0.45.1
  Downloading numba-0.58.1.tar.gz (2.6 MB)
     ━━━━━━━━━━━━━━━━━━━━━━━━━━━━━━━━━━━━━━━━ 2.6/2.6 MB 9.1 MB/s eta 0:00:00
Looking for GraalPy patches for numba
  Preparing metadata (setup.py): started
  Preparing metadata (setup.py): finished with status 'done'
Collecting soundfile>=0.10.2
  Downloading soundfile-0.12.1-py2.py3-none-manylinux_2_17_x86_64.whl (1.3 MB)
     ━━━━━━━━━━━━━━━━━━━━━━━━━━━━━━━━━━━━━━━━ 1.3/1.3 MB 8.3 MB/s eta 0:00:00
Collecting pooch>=1.0
  Downloading pooch-1.8.0-py3-none-any.whl (62 kB)
     ━━━━━━━━━━━━━━━━━━━━━━━━━━━━━━━━━━━━━━━━ 62.7/62.7 kB 3.7 MB/s eta 0:00:00
Collecting packaging>=20.0
  Using cached packaging-23.2-py3-none-any.whl (53 kB)
Collecting llvmlite<0.42,>=0.41.0dev0
  Downloading llvmlite-0.41.1.tar.gz (146 kB)
     ━━━━━━━━━━━━━━━━━━━━━━━━━━━━━━━━━━━━━━━ 146.6/146.6 kB 5.3 MB/s eta 0:00:00
Looking for GraalPy patches for llvmlite
  Preparing metadata (setup.py): started
  Preparing metadata (setup.py): finished with status 'done'
Collecting platformdirs>=2.5.0
  Using cached platformdirs-4.0.0-py3-none-any.whl (17 kB)
Collecting requests>=2.19.0
  Using cached requests-2.31.0-py3-none-any.whl (62 kB)
Collecting threadpoolctl>=2.0.0
  Using cached threadpoolctl-3.2.0-py3-none-any.whl (15 kB)
Collecting cffi>=1.0
  Using cached cffi-1.15.1-graalpy310-graalpy231_310_native-linux_x86_64.whl
Collecting pycparser
  Using cached pycparser-2.21-py2.py3-none-any.whl (118 kB)
Collecting charset-normalizer<4,>=2
  Using cached charset_normalizer-3.1.0-py3-none-any.whl (46 kB)
Collecting idna<4,>=2.5
  Using cached idna-3.4-py3-none-any.whl (61 kB)
Collecting urllib3<3,>=1.21.1
  Using cached urllib3-2.1.0-py3-none-any.whl (104 kB)
Collecting certifi>=2017.4.17
  Using cached certifi-2023.11.17-py3-none-any.whl (162 kB)
Building wheels for collected packages: numba, llvmlite
  Building wheel for numba (setup.py): started
  Building wheel for numba (setup.py): finished with status 'error'
  error: subprocess-exited-with-error
  
  × python setup.py bdist_wheel did not run successfully.
  │ exit code: 1
  ╰─> [8 lines of output]
      Traceback (most recent call last):
        File "<string>", line 2, in <module>
        File "<pip-setuptools-caller>", line 34, in <module>
        File "/tmp/pip-install-bp79gxe_/numba_71181f0faeba44f8861c990bdd111cf7/setup.py", line 424, in <module>
          metadata['ext_modules'] = get_ext_modules()
        File "/tmp/pip-install-bp79gxe_/numba_71181f0faeba44f8861c990bdd111cf7/setup.py", line 138, in get_ext_modules
          import numpy as np
      ModuleNotFoundError: No module named 'numpy'
      [end of output]
  
  note: This error originates from a subprocess, and is likely not a problem with pip.
  ERROR: Failed building wheel for numba
  Running setup.py clean for numba
  Building wheel for llvmlite (setup.py): started
  Building wheel for llvmlite (setup.py): finished with status 'done'
  Created wheel for llvmlite: filename=llvmlite-0.41.1-graalpy310-graalpy231_310_native-linux_x86_64.whl size=4023511 sha256=6b1d5a723f4ad6027b5a0c408064cad40b1c1eb787a1cb5d8989926704acdf8c
  Stored in directory: /workdir/.cache/pip-graalpy/wheels/6c/2c/91/319ffe32fbe7bf3c51a52a7ac2d98d91fed1752f676ff235f0
Successfully built llvmlite
Failed to build numba
Installing collected packages: urllib3, threadpoolctl, pycparser, platformdirs, packaging, numpy, llvmlite, joblib, idna, decorator, charset-normalizer, certifi, audioread, scipy, requests, numba, cffi, soundfile, scikit-learn, resampy, pooch, librosa
Looking for GraalPy patches for urllib3
Looking for GraalPy patches for threadpoolctl
Looking for GraalPy patches for pycparser
Looking for GraalPy patches for platformdirs
Looking for GraalPy patches for packaging
Patching package packaging using /opt/graalpy/lib/graalpy23.1/patches/packaging/packaging.patch
patching file packaging/tags.py
Hunk #1 FAILED at 4.
Hunk #2 FAILED at 37.
2 out of 2 hunks FAILED -- saving rejects to file packaging/tags.py.rej
Applying GraalPy patch failed for packaging. The package may still work.
Looking for GraalPy patches for numpy
We have patches to make this package work on GraalVM for some version(s).
If installing or running fails, consider using one of the versions that we have patches for:
numpy == 1.16.4
numpy == 1.19.5
numpy == 1.21.6
numpy == 1.22.4
numpy == 1.23.4
numpy == 1.23.1
numpy == 1.23.5
Looking for GraalPy patches for llvmlite
Looking for GraalPy patches for joblib
Looking for GraalPy patches for idna
Looking for GraalPy patches for decorator
Looking for GraalPy patches for charset_normalizer
Patching package charset_normalizer using /opt/graalpy/lib/graalpy23.1/patches/charset_normalizer/charset_normalizer-3.1.0.patch
patching file charset_normalizer/utils.py
Hunk #1 succeeded at 7 with fuzz 2 (offset -4 lines).
Hunk #2 succeeded at 258 with fuzz 2 (offset 11 lines).
Looking for GraalPy patches for certifi
Looking for GraalPy patches for audioread
Looking for GraalPy patches for scipy
We have patches to make this package work on GraalVM for some version(s).
If installing or running fails, consider using one of the versions that we have patches for:
scipy == 1.4.1
scipy == 1.7.3
scipy == 1.8.1
scipy == 1.9.3
scipy == 1.10.1
Looking for GraalPy patches for requests
  Running setup.py install for numba: started
  Running setup.py install for numba: finished with status 'done'
  DEPRECATION: numba was installed using the legacy 'setup.py install' method, because a wheel could not be built for it. A possible replacement is to fix the wheel build issue reported above. Discussion can be found at https://github.com/pypa/pip/issues/8368
Looking for GraalPy patches for cffi
Patching package cffi using /opt/graalpy/lib/graalpy23.1/patches/cffi/cffi-1.15.1.patch
can't find file to patch at input line 5
Perhaps you used the wrong -p or --strip option?
The text leading up to this was:
--------------------------
|diff --git a/c/_cffi_backend.c b/c/_cffi_backend.c
|index 2cdb76b..ab91032 100644
|--- a/c/_cffi_backend.c
|+++ b/c/_cffi_backend.c
--------------------------
No file to patch.  Skipping patch.
1 out of 1 hunk ignored
can't find file to patch at input line 18
Perhaps you used the wrong -p or --strip option?
The text leading up to this was:
--------------------------
|diff --git a/c/lib_obj.c b/c/lib_obj.c
|index 38bf3d5..9954f3b 100644
|--- a/c/lib_obj.c
|+++ b/c/lib_obj.c
--------------------------
No file to patch.  Skipping patch.
1 out of 1 hunk ignored
can't find file to patch at input line 35
Perhaps you used the wrong -p or --strip option?
The text leading up to this was:
--------------------------
|diff --git a/c/misc_thread_common.h b/c/misc_thread_common.h
|index 66e2835..b48fd85 100644
|--- a/c/misc_thread_common.h
|+++ b/c/misc_thread_common.h
--------------------------
No file to patch.  Skipping patch.
1 out of 1 hunk ignored
Applying GraalPy patch failed for cffi. The package may still work.
Looking for GraalPy patches for soundfile
Looking for GraalPy patches for scikit_learn
Patching package scikit_learn using /opt/graalpy/lib/graalpy23.1/patches/scikit-learn/scikit-learn-1.1.3.patch
patching file sklearn/_build_utils/__init__.py
Hunk #1 FAILED at 61.
1 out of 1 hunk FAILED -- saving rejects to file sklearn/_build_utils/__init__.py.rej
Applying GraalPy patch failed for scikit_learn. The package may still work.
Looking for GraalPy patches for resampy
Looking for GraalPy patches for pooch
Looking for GraalPy patches for librosa
Successfully installed audioread-3.0.1 certifi-2023.11.17 cffi-1.15.1 charset-normalizer-3.1.0 decorator-5.1.1 idna-3.4 joblib-1.3.2 librosa-0.9.2 llvmlite-0.41.1 numba-0.58.1 numpy-1.23.5 packaging-23.2 platformdirs-4.0.0 pooch-1.8.0 pycparser-2.21 requests-2.31.0 resampy-0.4.2 scikit-learn-1.1.3 scipy-1.10.1 soundfile-0.12.1 threadpoolctl-3.2.0 urllib3-2.1.0
