Collecting dice-ml==0.9
  Downloading dice_ml-0.9-py3-none-any.whl (2.6 MB)
     ━━━━━━━━━━━━━━━━━━━━━━━━━━━━━━━━━━━━━━━━ 2.6/2.6 MB 7.1 MB/s eta 0:00:00
Collecting jsonschema (from dice-ml==0.9)
  Using cached jsonschema-4.20.0-py3-none-any.whl.metadata (8.1 kB)
Collecting numpy (from dice-ml==0.9)
  Using cached numpy-1.26.2-cp310-cp310-manylinux_2_17_x86_64.manylinux2014_x86_64.whl.metadata (61 kB)
Collecting pandas (from dice-ml==0.9)
  Using cached pandas-2.1.3-cp310-cp310-manylinux_2_17_x86_64.manylinux2014_x86_64.whl.metadata (18 kB)
Collecting scikit-learn (from dice-ml==0.9)
  Using cached scikit_learn-1.3.2-cp310-cp310-manylinux_2_17_x86_64.manylinux2014_x86_64.whl.metadata (11 kB)
Collecting h5py (from dice-ml==0.9)
  Using cached h5py-3.10.0-cp310-cp310-manylinux_2_17_x86_64.manylinux2014_x86_64.whl.metadata (2.5 kB)
Collecting tqdm (from dice-ml==0.9)
  Using cached tqdm-4.66.1-py3-none-any.whl.metadata (57 kB)
Collecting attrs>=22.2.0 (from jsonschema->dice-ml==0.9)
  Using cached attrs-23.1.0-py3-none-any.whl (61 kB)
Collecting jsonschema-specifications>=2023.03.6 (from jsonschema->dice-ml==0.9)
  Using cached jsonschema_specifications-2023.11.1-py3-none-any.whl.metadata (2.8 kB)
Collecting referencing>=0.28.4 (from jsonschema->dice-ml==0.9)
  Using cached referencing-0.31.0-py3-none-any.whl.metadata (2.6 kB)
Collecting rpds-py>=0.7.1 (from jsonschema->dice-ml==0.9)
  Using cached rpds_py-0.13.1-cp310-cp310-manylinux_2_17_x86_64.manylinux2014_x86_64.whl.metadata (3.7 kB)
Collecting python-dateutil>=2.8.2 (from pandas->dice-ml==0.9)
  Using cached python_dateutil-2.8.2-py2.py3-none-any.whl (247 kB)
Collecting pytz>=2020.1 (from pandas->dice-ml==0.9)
  Using cached pytz-2023.3.post1-py2.py3-none-any.whl.metadata (22 kB)
Collecting tzdata>=2022.1 (from pandas->dice-ml==0.9)
  Using cached tzdata-2023.3-py2.py3-none-any.whl (341 kB)
Collecting scipy>=1.5.0 (from scikit-learn->dice-ml==0.9)
  Using cached scipy-1.11.4-cp310-cp310-manylinux_2_17_x86_64.manylinux2014_x86_64.whl.metadata (60 kB)
Collecting joblib>=1.1.1 (from scikit-learn->dice-ml==0.9)
  Using cached joblib-1.3.2-py3-none-any.whl.metadata (5.4 kB)
Collecting threadpoolctl>=2.0.0 (from scikit-learn->dice-ml==0.9)
  Using cached threadpoolctl-3.2.0-py3-none-any.whl.metadata (10.0 kB)
Collecting six>=1.5 (from python-dateutil>=2.8.2->pandas->dice-ml==0.9)
  Using cached six-1.16.0-py2.py3-none-any.whl (11 kB)
Using cached h5py-3.10.0-cp310-cp310-manylinux_2_17_x86_64.manylinux2014_x86_64.whl (4.8 MB)
Using cached numpy-1.26.2-cp310-cp310-manylinux_2_17_x86_64.manylinux2014_x86_64.whl (18.2 MB)
Using cached jsonschema-4.20.0-py3-none-any.whl (84 kB)
Using cached pandas-2.1.3-cp310-cp310-manylinux_2_17_x86_64.manylinux2014_x86_64.whl (12.3 MB)
Using cached scikit_learn-1.3.2-cp310-cp310-manylinux_2_17_x86_64.manylinux2014_x86_64.whl (10.8 MB)
Using cached tqdm-4.66.1-py3-none-any.whl (78 kB)
Using cached joblib-1.3.2-py3-none-any.whl (302 kB)
Using cached jsonschema_specifications-2023.11.1-py3-none-any.whl (17 kB)
Using cached pytz-2023.3.post1-py2.py3-none-any.whl (502 kB)
Using cached referencing-0.31.0-py3-none-any.whl (25 kB)
Using cached rpds_py-0.13.1-cp310-cp310-manylinux_2_17_x86_64.manylinux2014_x86_64.whl (1.2 MB)
Using cached scipy-1.11.4-cp310-cp310-manylinux_2_17_x86_64.manylinux2014_x86_64.whl (36.4 MB)
Using cached threadpoolctl-3.2.0-py3-none-any.whl (15 kB)
Installing collected packages: pytz, tzdata, tqdm, threadpoolctl, six, rpds-py, numpy, joblib, attrs, scipy, referencing, python-dateutil, h5py, scikit-learn, pandas, jsonschema-specifications, jsonschema, dice-ml
Successfully installed attrs-23.1.0 dice-ml-0.9 h5py-3.10.0 joblib-1.3.2 jsonschema-4.20.0 jsonschema-specifications-2023.11.1 numpy-1.26.2 pandas-2.1.3 python-dateutil-2.8.2 pytz-2023.3.post1 referencing-0.31.0 rpds-py-0.13.1 scikit-learn-1.3.2 scipy-1.11.4 six-1.16.0 threadpoolctl-3.2.0 tqdm-4.66.1 tzdata-2023.3
