Collecting dice-ml==0.9
  Downloading dice_ml-0.9-py3-none-any.whl (2.6 MB)
     ━━━━━━━━━━━━━━━━━━━━━━━━━━━━━━━━━━━━━━━━ 2.6/2.6 MB 6.2 MB/s eta 0:00:00
Collecting jsonschema
  Downloading jsonschema-4.17.3-py3-none-any.whl (90 kB)
     ━━━━━━━━━━━━━━━━━━━━━━━━━━━━━━━━━━━━━━━━ 90.4/90.4 kB 3.6 MB/s eta 0:00:00
Collecting numpy
  Using cached numpy-1.23.5-graalpy310-graalpy231_310_native-linux_x86_64.whl
Collecting pandas
  Using cached pandas-1.5.2-graalpy310-graalpy231_310_native-linux_x86_64.whl
Collecting scikit-learn
  Using cached scikit_learn-1.1.3-graalpy310-graalpy231_310_native-linux_x86_64.whl
Collecting h5py
  Downloading h5py-2.10.0.tar.gz (301 kB)
     ━━━━━━━━━━━━━━━━━━━━━━━━━━━━━━━━━━━━━━━ 301.1/301.1 kB 5.2 MB/s eta 0:00:00
Looking for GraalPy patches for h5py
Patching package h5py using /opt/graalpy/lib/graalpy23.1/patches/h5py/h5py-2.10.0.patch
patching file setup_configure.py
  Preparing metadata (setup.py): started
  Preparing metadata (setup.py): finished with status 'done'
Collecting tqdm
  Using cached tqdm-4.66.1-py3-none-any.whl (78 kB)
Collecting six
  Using cached six-1.16.0-py2.py3-none-any.whl (11 kB)
Collecting attrs>=17.4.0
  Using cached attrs-23.1.0-py3-none-any.whl (61 kB)
Collecting pyrsistent!=0.17.0,!=0.17.1,!=0.17.2,>=0.14.0
  Downloading pyrsistent-0.20.0-py3-none-any.whl (58 kB)
     ━━━━━━━━━━━━━━━━━━━━━━━━━━━━━━━━━━━━━━━━ 58.1/58.1 kB 3.0 MB/s eta 0:00:00
Collecting python-dateutil>=2.8.1
  Using cached python_dateutil-2.8.2-py2.py3-none-any.whl (247 kB)
Collecting pytz>=2020.1
  Using cached pytz-2022.2.1-py2.py3-none-any.whl (500 kB)
Collecting scipy>=1.3.2
  Using cached scipy-1.10.1-graalpy310-graalpy231_310_native-linux_x86_64.whl
Collecting joblib>=1.0.0
  Using cached joblib-1.3.2-py3-none-any.whl (302 kB)
Collecting threadpoolctl>=2.0.0
  Using cached threadpoolctl-3.2.0-py3-none-any.whl (15 kB)
Building wheels for collected packages: h5py
  Building wheel for h5py (setup.py): started
  Building wheel for h5py (setup.py): still running...
  Building wheel for h5py (setup.py): still running...
  Building wheel for h5py (setup.py): still running...
  Building wheel for h5py (setup.py): finished with status 'done'
  Created wheel for h5py: filename=h5py-2.10.0-graalpy310-graalpy231_310_native-linux_x86_64.whl size=1225028 sha256=b3f966ac3a79f6dda8402253bb00c26029bae5cf44a0a878faec51609290559b
  Stored in directory: /workdir/.cache/pip-graalpy/wheels/cd/f4/fd/8093410a645a7539953593e19e68f1c05e488dd96188d6a23e
Successfully built h5py
Installing collected packages: pytz, tqdm, threadpoolctl, six, pyrsistent, numpy, joblib, attrs, scipy, python-dateutil, jsonschema, h5py, scikit-learn, pandas, dice-ml
Looking for GraalPy patches for pytz
Patching package pytz using /opt/graalpy/lib/graalpy23.1/patches/pytz/pytz-2022.2.1.patch
Looking for GraalPy patches for tqdm
Looking for GraalPy patches for threadpoolctl
Looking for GraalPy patches for six
Looking for GraalPy patches for pyrsistent
Looking for GraalPy patches for numpy
We have patches to make this package work on GraalVM for some version(s).
If installing or running fails, consider using one of the versions that we have patches for:
numpy == 1.16.4
numpy == 1.19.5
numpy == 1.21.6
numpy == 1.22.4
numpy == 1.23.4
numpy == 1.23.1
numpy == 1.23.5
Looking for GraalPy patches for joblib
Looking for GraalPy patches for attrs
Looking for GraalPy patches for scipy
We have patches to make this package work on GraalVM for some version(s).
If installing or running fails, consider using one of the versions that we have patches for:
scipy == 1.4.1
scipy == 1.7.3
scipy == 1.8.1
scipy == 1.9.3
scipy == 1.10.1
Looking for GraalPy patches for python_dateutil
Looking for GraalPy patches for jsonschema
Looking for GraalPy patches for scikit_learn
Patching package scikit_learn using /opt/graalpy/lib/graalpy23.1/patches/scikit-learn/scikit-learn-1.1.3.patch
patching file sklearn/_build_utils/__init__.py
Hunk #1 FAILED at 61.
1 out of 1 hunk FAILED -- saving rejects to file sklearn/_build_utils/__init__.py.rej
Applying GraalPy patch failed for scikit_learn. The package may still work.
Looking for GraalPy patches for pandas
We have patches to make this package work on GraalVM for some version(s).
If installing or running fails, consider using one of the versions that we have patches for:
pandas == 1.4.3
pandas == 1.5.2
Looking for GraalPy patches for dice_ml
Successfully installed attrs-23.1.0 dice-ml-0.9 h5py-2.10.0 joblib-1.3.2 jsonschema-4.17.3 numpy-1.23.5 pandas-1.5.2 pyrsistent-0.20.0 python-dateutil-2.8.2 pytz-2022.2.1 scikit-learn-1.1.3 scipy-1.10.1 six-1.16.0 threadpoolctl-3.2.0 tqdm-4.66.1
