Collecting requests-oauthlib==1.3.1
  Using cached requests_oauthlib-1.3.1-py2.py3-none-any.whl (23 kB)
Collecting oauthlib>=3.0.0 (from requests-oauthlib==1.3.1)
  Using cached oauthlib-3.2.2-py3-none-any.whl (151 kB)
Collecting requests>=2.0.0 (from requests-oauthlib==1.3.1)
  Using cached requests-2.31.0-py3-none-any.whl.metadata (4.6 kB)
Collecting charset-normalizer<4,>=2 (from requests>=2.0.0->requests-oauthlib==1.3.1)
  Using cached charset_normalizer-3.3.2-cp310-cp310-manylinux_2_17_x86_64.manylinux2014_x86_64.whl.metadata (33 kB)
Collecting idna<4,>=2.5 (from requests>=2.0.0->requests-oauthlib==1.3.1)
  Using cached idna-3.6-py3-none-any.whl.metadata (9.9 kB)
Collecting urllib3<3,>=1.21.1 (from requests>=2.0.0->requests-oauthlib==1.3.1)
  Using cached urllib3-2.1.0-py3-none-any.whl.metadata (6.4 kB)
Collecting certifi>=2017.4.17 (from requests>=2.0.0->requests-oauthlib==1.3.1)
  Using cached certifi-2023.11.17-py3-none-any.whl.metadata (2.2 kB)
Using cached requests-2.31.0-py3-none-any.whl (62 kB)
Using cached certifi-2023.11.17-py3-none-any.whl (162 kB)
Using cached charset_normalizer-3.3.2-cp310-cp310-manylinux_2_17_x86_64.manylinux2014_x86_64.whl (142 kB)
Using cached idna-3.6-py3-none-any.whl (61 kB)
Using cached urllib3-2.1.0-py3-none-any.whl (104 kB)
Installing collected packages: urllib3, oauthlib, idna, charset-normalizer, certifi, requests, requests-oauthlib
Successfully installed certifi-2023.11.17 charset-normalizer-3.3.2 idna-3.6 oauthlib-3.2.2 requests-2.31.0 requests-oauthlib-1.3.1 urllib3-2.1.0
