Collecting requests-oauthlib==1.3.1
  Downloading requests_oauthlib-1.3.1-py2.py3-none-any.whl (23 kB)
Collecting oauthlib>=3.0.0
  Downloading oauthlib-3.2.2-py3-none-any.whl (151 kB)
     ━━━━━━━━━━━━━━━━━━━━━━━━━━━━━━━━━━━━━━━ 151.7/151.7 kB 5.3 MB/s eta 0:00:00
Collecting requests>=2.0.0
  Using cached requests-2.31.0-py3-none-any.whl (62 kB)
Collecting charset-normalizer<4,>=2
  Using cached charset_normalizer-3.1.0-py3-none-any.whl (46 kB)
Collecting idna<4,>=2.5
  Using cached idna-3.6-py3-none-any.whl (61 kB)
Collecting urllib3<3,>=1.21.1
  Using cached urllib3-2.1.0-py3-none-any.whl (104 kB)
Collecting certifi>=2017.4.17
  Using cached certifi-2023.11.17-py3-none-any.whl (162 kB)
Installing collected packages: urllib3, oauthlib, idna, charset-normalizer, certifi, requests, requests-oauthlib
Looking for GraalPy patches for urllib3
Looking for GraalPy patches for oauthlib
Looking for GraalPy patches for idna
Looking for GraalPy patches for charset_normalizer
Patching package charset_normalizer using /opt/graalpy/lib/graalpy23.1/patches/charset_normalizer/charset_normalizer-3.1.0.patch
patching file charset_normalizer/utils.py
Hunk #1 succeeded at 7 with fuzz 2 (offset -4 lines).
Hunk #2 succeeded at 258 with fuzz 2 (offset 11 lines).
Looking for GraalPy patches for certifi
Looking for GraalPy patches for requests
Looking for GraalPy patches for requests_oauthlib
Successfully installed certifi-2023.11.17 charset-normalizer-3.1.0 idna-3.6 oauthlib-3.2.2 requests-2.31.0 requests-oauthlib-1.3.1 urllib3-2.1.0
