Collecting krb5==0.5.0
  Downloading krb5-0.5.0.tar.gz (220 kB)
     ━━━━━━━━━━━━━━━━━━━━━━━━━━━━━━━━━━━━━━━ 221.0/221.0 kB 4.0 MB/s eta 0:00:00
Looking for GraalPy patches for krb5
  Installing build dependencies: started
  Installing build dependencies: finished with status 'done'
  Getting requirements to build wheel: started
  Getting requirements to build wheel: still running...
  Getting requirements to build wheel: finished with status 'done'
  Installing backend dependencies: started
  Installing backend dependencies: finished with status 'done'
  Preparing metadata (pyproject.toml): started
  Preparing metadata (pyproject.toml): finished with status 'done'
Building wheels for collected packages: krb5
  Building wheel for krb5 (pyproject.toml): started
  Building wheel for krb5 (pyproject.toml): finished with status 'done'
  Created wheel for krb5: filename=krb5-0.5.0-graalpy310-graalpy231_310_native-linux_x86_64.whl size=925845 sha256=a3028e78755fb4260f64d8ccecfdc8aee8312160f910fcf9c4aa19702f5beba8
  Stored in directory: /workdir/.cache/pip-graalpy/wheels/c5/18/5d/9f9871827fccc19094aa5904813fb3b473fb9dbd300c17a5b9
Successfully built krb5
Installing collected packages: krb5
Looking for GraalPy patches for krb5
Successfully installed krb5-0.5.0
