Collecting gpustat==1.1
  Downloading gpustat-1.1.tar.gz (97 kB)
     ━━━━━━━━━━━━━━━━━━━━━━━━━━━━━━━━━━━━━━━━ 97.9/97.9 kB 4.0 MB/s eta 0:00:00
  Installing build dependencies: started
  Installing build dependencies: finished with status 'done'
  Getting requirements to build wheel: started
  Getting requirements to build wheel: finished with status 'done'
  Preparing metadata (pyproject.toml): started
  Preparing metadata (pyproject.toml): finished with status 'done'
Collecting nvidia-ml-py>=11.450.129 (from gpustat==1.1)
  Downloading nvidia_ml_py-12.535.133-py3-none-any.whl.metadata (8.6 kB)
Collecting psutil>=5.6.0 (from gpustat==1.1)
  Using cached psutil-5.9.6-cp36-abi3-manylinux_2_12_x86_64.manylinux2010_x86_64.manylinux_2_17_x86_64.manylinux2014_x86_64.whl.metadata (21 kB)
Collecting blessed>=1.17.1 (from gpustat==1.1)
  Downloading blessed-1.20.0-py2.py3-none-any.whl (58 kB)
     ━━━━━━━━━━━━━━━━━━━━━━━━━━━━━━━━━━━━━━━━ 58.4/58.4 kB 8.9 MB/s eta 0:00:00
Collecting wcwidth>=0.1.4 (from blessed>=1.17.1->gpustat==1.1)
  Downloading wcwidth-0.2.12-py2.py3-none-any.whl.metadata (14 kB)
Collecting six>=1.9.0 (from blessed>=1.17.1->gpustat==1.1)
  Using cached six-1.16.0-py2.py3-none-any.whl (11 kB)
Downloading nvidia_ml_py-12.535.133-py3-none-any.whl (37 kB)
Using cached psutil-5.9.6-cp36-abi3-manylinux_2_12_x86_64.manylinux2010_x86_64.manylinux_2_17_x86_64.manylinux2014_x86_64.whl (283 kB)
Downloading wcwidth-0.2.12-py2.py3-none-any.whl (34 kB)
Building wheels for collected packages: gpustat
  Building wheel for gpustat (pyproject.toml): started
  Building wheel for gpustat (pyproject.toml): finished with status 'done'
  Created wheel for gpustat: filename=gpustat-1.1-py3-none-any.whl size=26391 sha256=f593f46a4e52d597744cf28b1b2d52d5c318b72ced7aabde5439ca63258134da
  Stored in directory: /workdir/.cache/pip/wheels/ee/d0/2c/1e02440645c2318ba03aea99993a44a9108dc8f74de0bd370b
Successfully built gpustat
Installing collected packages: wcwidth, nvidia-ml-py, six, psutil, blessed, gpustat
Successfully installed blessed-1.20.0 gpustat-1.1 nvidia-ml-py-12.535.133 psutil-5.9.6 six-1.16.0 wcwidth-0.2.12
