Collecting gpustat==1.1
  Downloading gpustat-1.1.tar.gz (97 kB)
     ━━━━━━━━━━━━━━━━━━━━━━━━━━━━━━━━━━━━━━━━ 97.9/97.9 kB 2.9 MB/s eta 0:00:00
Looking for GraalPy patches for gpustat
  Installing build dependencies: started
  Installing build dependencies: finished with status 'done'
  Getting requirements to build wheel: started
  Getting requirements to build wheel: finished with status 'done'
  Preparing metadata (pyproject.toml): started
  Preparing metadata (pyproject.toml): finished with status 'done'
Collecting nvidia-ml-py>=11.450.129
  Downloading nvidia_ml_py-12.535.133-py3-none-any.whl (37 kB)
Collecting psutil>=5.6.0
  Downloading psutil-5.9.6.tar.gz (496 kB)
     ━━━━━━━━━━━━━━━━━━━━━━━━━━━━━━━━━━━━━━━ 496.9/496.9 kB 4.9 MB/s eta 0:00:00
Looking for GraalPy patches for psutil
  Installing build dependencies: started
  Installing build dependencies: finished with status 'done'
  Getting requirements to build wheel: started
  Getting requirements to build wheel: finished with status 'done'
  Preparing metadata (pyproject.toml): started
  Preparing metadata (pyproject.toml): finished with status 'done'
Collecting blessed>=1.17.1
  Downloading blessed-1.20.0-py2.py3-none-any.whl (58 kB)
     ━━━━━━━━━━━━━━━━━━━━━━━━━━━━━━━━━━━━━━━━ 58.4/58.4 kB 3.0 MB/s eta 0:00:00
Collecting wcwidth>=0.1.4
  Downloading wcwidth-0.2.12-py2.py3-none-any.whl (34 kB)
Collecting six>=1.9.0
  Using cached six-1.16.0-py2.py3-none-any.whl (11 kB)
Building wheels for collected packages: gpustat, psutil
  Building wheel for gpustat (pyproject.toml): started
  Building wheel for gpustat (pyproject.toml): finished with status 'done'
  Created wheel for gpustat: filename=gpustat-1.1-py3-none-any.whl size=26406 sha256=26d95b1f491766f14626aad4dfa3a01bcfbe9c66c680371fb8b62be241b5827e
  Stored in directory: /workdir/.cache/pip-graalpy/wheels/98/b4/3d/9ae2a2db49987dc90918fec46652df7f6d107ee3239c87925f
  Building wheel for psutil (pyproject.toml): started
  Building wheel for psutil (pyproject.toml): finished with status 'done'
  Created wheel for psutil: filename=psutil-5.9.6-graalpy310-graalpy231_310_native-linux_x86_64.whl size=238318 sha256=8aebbda1db2da76d04cf77bb1226e4566a895655c2575e122bea3d1cb585edf7
  Stored in directory: /workdir/.cache/pip-graalpy/wheels/08/d0/23/4676fc18780a9ce9d43f4f3161ddbffea801dbc54f58fcda85
Successfully built gpustat psutil
Installing collected packages: wcwidth, nvidia-ml-py, six, psutil, blessed, gpustat
Looking for GraalPy patches for wcwidth
Looking for GraalPy patches for nvidia_ml_py
Looking for GraalPy patches for six
Looking for GraalPy patches for psutil
Looking for GraalPy patches for blessed
Looking for GraalPy patches for gpustat
Successfully installed blessed-1.20.0 gpustat-1.1 nvidia-ml-py-12.535.133 psutil-5.9.6 six-1.16.0 wcwidth-0.2.12
