Collecting coveralls==3.3.1
  Using cached coveralls-3.3.1-py2.py3-none-any.whl (14 kB)
Collecting coverage!=6.0.*,!=6.1,!=6.1.1,<7.0,>=4.1 (from coveralls==3.3.1)
  Using cached coverage-6.5.0-cp310-cp310-manylinux_2_5_x86_64.manylinux1_x86_64.manylinux_2_17_x86_64.manylinux2014_x86_64.whl (213 kB)
Collecting docopt>=0.6.1 (from coveralls==3.3.1)
  Using cached docopt-0.6.2-py2.py3-none-any.whl
Collecting requests>=1.0.0 (from coveralls==3.3.1)
  Using cached requests-2.31.0-py3-none-any.whl.metadata (4.6 kB)
Collecting charset-normalizer<4,>=2 (from requests>=1.0.0->coveralls==3.3.1)
  Using cached charset_normalizer-3.3.2-cp310-cp310-manylinux_2_17_x86_64.manylinux2014_x86_64.whl.metadata (33 kB)
Collecting idna<4,>=2.5 (from requests>=1.0.0->coveralls==3.3.1)
  Using cached idna-3.4-py3-none-any.whl (61 kB)
Collecting urllib3<3,>=1.21.1 (from requests>=1.0.0->coveralls==3.3.1)
  Using cached urllib3-2.1.0-py3-none-any.whl.metadata (6.4 kB)
Collecting certifi>=2017.4.17 (from requests>=1.0.0->coveralls==3.3.1)
  Using cached certifi-2023.11.17-py3-none-any.whl.metadata (2.2 kB)
Using cached requests-2.31.0-py3-none-any.whl (62 kB)
Using cached certifi-2023.11.17-py3-none-any.whl (162 kB)
Using cached charset_normalizer-3.3.2-cp310-cp310-manylinux_2_17_x86_64.manylinux2014_x86_64.whl (142 kB)
Using cached urllib3-2.1.0-py3-none-any.whl (104 kB)
Installing collected packages: docopt, urllib3, idna, coverage, charset-normalizer, certifi, requests, coveralls
Successfully installed certifi-2023.11.17 charset-normalizer-3.3.2 coverage-6.5.0 coveralls-3.3.1 docopt-0.6.2 idna-3.4 requests-2.31.0 urllib3-2.1.0
