Collecting coveralls==3.3.1
  Using cached coveralls-3.3.1-py2.py3-none-any.whl (14 kB)
Collecting coverage!=6.0.*,!=6.1,!=6.1.1,<7.0,>=4.1
  Using cached coverage-6.5.0-py3-none-any.whl
Collecting docopt>=0.6.1
  Using cached docopt-0.6.2-py2.py3-none-any.whl
Collecting requests>=1.0.0
  Using cached requests-2.31.0-py3-none-any.whl (62 kB)
Collecting charset-normalizer<4,>=2
  Using cached charset_normalizer-3.1.0-py3-none-any.whl (46 kB)
Collecting idna<4,>=2.5
  Using cached idna-3.4-py3-none-any.whl (61 kB)
Collecting urllib3<3,>=1.21.1
  Using cached urllib3-2.1.0-py3-none-any.whl (104 kB)
Collecting certifi>=2017.4.17
  Using cached certifi-2023.11.17-py3-none-any.whl (162 kB)
Installing collected packages: docopt, urllib3, idna, coverage, charset-normalizer, certifi, requests, coveralls
Looking for GraalPy patches for docopt
Looking for GraalPy patches for urllib3
Looking for GraalPy patches for idna
Looking for GraalPy patches for coverage
Looking for GraalPy patches for charset_normalizer
Patching package charset_normalizer using /opt/graalpy/lib/graalpy23.1/patches/charset_normalizer/charset_normalizer-3.1.0.patch
patching file charset_normalizer/utils.py
Hunk #1 succeeded at 7 with fuzz 2 (offset -4 lines).
Hunk #2 succeeded at 258 with fuzz 2 (offset 11 lines).
Looking for GraalPy patches for certifi
Looking for GraalPy patches for requests
Looking for GraalPy patches for coveralls
Successfully installed certifi-2023.11.17 charset-normalizer-3.1.0 coverage-6.5.0 coveralls-3.3.1 docopt-0.6.2 idna-3.4 requests-2.31.0 urllib3-2.1.0
