Collecting distributed==2022.12.0
  Downloading distributed-2022.12.0-py3-none-any.whl (925 kB)
     ━━━━━━━━━━━━━━━━━━━━━━━━━━━━━━━━━━━━━━ 925.3/925.3 kB 14.0 MB/s eta 0:00:00
Collecting click>=7.0 (from distributed==2022.12.0)
  Using cached click-8.1.7-py3-none-any.whl.metadata (3.0 kB)
Collecting cloudpickle>=1.5.0 (from distributed==2022.12.0)
  Using cached cloudpickle-3.0.0-py3-none-any.whl.metadata (7.0 kB)
Collecting dask==2022.12.0 (from distributed==2022.12.0)
  Using cached dask-2022.12.0-py3-none-any.whl (1.1 MB)
Collecting jinja2 (from distributed==2022.12.0)
  Using cached Jinja2-3.1.2-py3-none-any.whl (133 kB)
Collecting locket>=1.0.0 (from distributed==2022.12.0)
  Using cached locket-1.0.0-py2.py3-none-any.whl (4.4 kB)
Collecting msgpack>=0.6.0 (from distributed==2022.12.0)
  Using cached msgpack-1.0.7-cp310-cp310-manylinux_2_17_x86_64.manylinux2014_x86_64.whl.metadata (9.1 kB)
Collecting packaging>=20.0 (from distributed==2022.12.0)
  Using cached packaging-23.2-py3-none-any.whl.metadata (3.2 kB)
Collecting psutil>=5.0 (from distributed==2022.12.0)
  Using cached psutil-5.9.6-cp36-abi3-manylinux_2_12_x86_64.manylinux2010_x86_64.manylinux_2_17_x86_64.manylinux2014_x86_64.whl.metadata (21 kB)
Collecting sortedcontainers!=2.0.0,!=2.0.1 (from distributed==2022.12.0)
  Using cached sortedcontainers-2.4.0-py2.py3-none-any.whl (29 kB)
Collecting tblib>=1.6.0 (from distributed==2022.12.0)
  Using cached tblib-3.0.0-py3-none-any.whl.metadata (25 kB)
Collecting toolz>=0.10.0 (from distributed==2022.12.0)
  Using cached toolz-0.12.0-py3-none-any.whl (55 kB)
Collecting tornado>=6.0.3 (from distributed==2022.12.0)
  Using cached tornado-6.3.3-cp38-abi3-manylinux_2_5_x86_64.manylinux1_x86_64.manylinux_2_17_x86_64.manylinux2014_x86_64.whl.metadata (2.5 kB)
Collecting urllib3 (from distributed==2022.12.0)
  Using cached urllib3-2.1.0-py3-none-any.whl.metadata (6.4 kB)
Collecting zict>=0.1.3 (from distributed==2022.12.0)
  Downloading zict-3.0.0-py2.py3-none-any.whl (43 kB)
     ━━━━━━━━━━━━━━━━━━━━━━━━━━━━━━━━━━━━━━━━ 43.3/43.3 kB 6.4 MB/s eta 0:00:00
Collecting pyyaml (from distributed==2022.12.0)
  Using cached PyYAML-6.0.1-cp310-cp310-manylinux_2_17_x86_64.manylinux2014_x86_64.whl.metadata (2.1 kB)
Collecting fsspec>=0.6.0 (from dask==2022.12.0->distributed==2022.12.0)
  Using cached fsspec-2023.10.0-py3-none-any.whl.metadata (6.8 kB)
Collecting partd>=0.3.10 (from dask==2022.12.0->distributed==2022.12.0)
  Using cached partd-1.4.1-py3-none-any.whl.metadata (4.6 kB)
Collecting MarkupSafe>=2.0 (from jinja2->distributed==2022.12.0)
  Using cached MarkupSafe-2.1.3-cp310-cp310-manylinux_2_17_x86_64.manylinux2014_x86_64.whl.metadata (3.0 kB)
Using cached click-8.1.7-py3-none-any.whl (97 kB)
Using cached cloudpickle-3.0.0-py3-none-any.whl (20 kB)
Using cached msgpack-1.0.7-cp310-cp310-manylinux_2_17_x86_64.manylinux2014_x86_64.whl (530 kB)
Using cached packaging-23.2-py3-none-any.whl (53 kB)
Using cached psutil-5.9.6-cp36-abi3-manylinux_2_12_x86_64.manylinux2010_x86_64.manylinux_2_17_x86_64.manylinux2014_x86_64.whl (283 kB)
Using cached PyYAML-6.0.1-cp310-cp310-manylinux_2_17_x86_64.manylinux2014_x86_64.whl (705 kB)
Downloading tblib-3.0.0-py3-none-any.whl (12 kB)
Using cached tornado-6.3.3-cp38-abi3-manylinux_2_5_x86_64.manylinux1_x86_64.manylinux_2_17_x86_64.manylinux2014_x86_64.whl (427 kB)
Using cached urllib3-2.1.0-py3-none-any.whl (104 kB)
Using cached fsspec-2023.10.0-py3-none-any.whl (166 kB)
Using cached MarkupSafe-2.1.3-cp310-cp310-manylinux_2_17_x86_64.manylinux2014_x86_64.whl (25 kB)
Using cached partd-1.4.1-py3-none-any.whl (18 kB)
Installing collected packages: sortedcontainers, zict, urllib3, tornado, toolz, tblib, pyyaml, psutil, packaging, msgpack, MarkupSafe, locket, fsspec, cloudpickle, click, partd, jinja2, dask, distributed
Successfully installed MarkupSafe-2.1.3 click-8.1.7 cloudpickle-3.0.0 dask-2022.12.0 distributed-2022.12.0 fsspec-2023.10.0 jinja2-3.1.2 locket-1.0.0 msgpack-1.0.7 packaging-23.2 partd-1.4.1 psutil-5.9.6 pyyaml-6.0.1 sortedcontainers-2.4.0 tblib-3.0.0 toolz-0.12.0 tornado-6.3.3 urllib3-2.1.0 zict-3.0.0
