Collecting biopython==1.80
  Downloading biopython-1.80.tar.gz (17.9 MB)
     ━━━━━━━━━━━━━━━━━━━━━━━━━━━━━━━━━━━━━━━━ 17.9/17.9 MB 6.9 MB/s eta 0:00:00
auto-patching C API usages in /tmp/pip-install-5e0zf0hx/biopython_72a1599b867e4bff86698f8ee09639ee/Bio/Cluster/clustermodule.c
Looking for GraalPy patches for biopython
  Preparing metadata (setup.py): started
  Preparing metadata (setup.py): finished with status 'done'
Collecting numpy
  Using cached numpy-1.23.5-graalpy310-graalpy231_310_native-linux_x86_64.whl
Building wheels for collected packages: biopython
  Building wheel for biopython (setup.py): started
  Building wheel for biopython (setup.py): finished with status 'done'
  Created wheel for biopython: filename=biopython-1.80-graalpy310-graalpy231_310_native-linux_x86_64.whl size=2647148 sha256=e933f2dd86b2abd34c862574880b1eff1f7f6762b7cdeb8214b51e5127f1b440
  Stored in directory: /workdir/.cache/pip-graalpy/wheels/aa/f7/1e/e7fad69c94bfd0592f7c03cbb4eb0bfa4306131e78b74d47ef
Successfully built biopython
Installing collected packages: numpy, biopython
Looking for GraalPy patches for numpy
We have patches to make this package work on GraalVM for some version(s).
If installing or running fails, consider using one of the versions that we have patches for:
numpy == 1.16.4
numpy == 1.19.5
numpy == 1.21.6
numpy == 1.22.4
numpy == 1.23.4
numpy == 1.23.1
numpy == 1.23.5
Looking for GraalPy patches for biopython
Successfully installed biopython-1.80 numpy-1.23.5
