Collecting aiohttp==3.8.3
  Downloading aiohttp-3.8.3-cp310-cp310-manylinux_2_17_x86_64.manylinux2014_x86_64.whl (1.0 MB)
     ━━━━━━━━━━━━━━━━━━━━━━━━━━━━━━━━━━━━━━━━ 1.0/1.0 MB 10.1 MB/s eta 0:00:00
Collecting attrs>=17.3.0 (from aiohttp==3.8.3)
  Using cached attrs-23.1.0-py3-none-any.whl (61 kB)
Collecting charset-normalizer<3.0,>=2.0 (from aiohttp==3.8.3)
  Downloading charset_normalizer-2.1.1-py3-none-any.whl (39 kB)
Collecting multidict<7.0,>=4.5 (from aiohttp==3.8.3)
  Downloading multidict-6.0.4-cp310-cp310-manylinux_2_17_x86_64.manylinux2014_x86_64.whl (114 kB)
     ━━━━━━━━━━━━━━━━━━━━━━━━━━━━━━━━━━━━━━━ 114.5/114.5 kB 3.9 MB/s eta 0:00:00
Collecting async-timeout<5.0,>=4.0.0a3 (from aiohttp==3.8.3)
  Downloading async_timeout-4.0.3-py3-none-any.whl.metadata (4.2 kB)
Collecting yarl<2.0,>=1.0 (from aiohttp==3.8.3)
  Downloading yarl-1.9.2-cp310-cp310-manylinux_2_17_x86_64.manylinux2014_x86_64.whl (268 kB)
     ━━━━━━━━━━━━━━━━━━━━━━━━━━━━━━━━━━━━━━━ 268.8/268.8 kB 7.9 MB/s eta 0:00:00
Collecting frozenlist>=1.1.1 (from aiohttp==3.8.3)
  Downloading frozenlist-1.4.0-cp310-cp310-manylinux_2_5_x86_64.manylinux1_x86_64.manylinux_2_17_x86_64.manylinux2014_x86_64.whl.metadata (5.2 kB)
Collecting aiosignal>=1.1.2 (from aiohttp==3.8.3)
  Downloading aiosignal-1.3.1-py3-none-any.whl (7.6 kB)
Collecting idna>=2.0 (from yarl<2.0,>=1.0->aiohttp==3.8.3)
  Downloading idna-3.4-py3-none-any.whl (61 kB)
     ━━━━━━━━━━━━━━━━━━━━━━━━━━━━━━━━━━━━━━━━ 61.5/61.5 kB 3.7 MB/s eta 0:00:00
Downloading async_timeout-4.0.3-py3-none-any.whl (5.7 kB)
Downloading frozenlist-1.4.0-cp310-cp310-manylinux_2_5_x86_64.manylinux1_x86_64.manylinux_2_17_x86_64.manylinux2014_x86_64.whl (225 kB)
   ━━━━━━━━━━━━━━━━━━━━━━━━━━━━━━━━━━━━━━━━ 225.7/225.7 kB 7.8 MB/s eta 0:00:00
Installing collected packages: multidict, idna, frozenlist, charset-normalizer, attrs, async-timeout, yarl, aiosignal, aiohttp
Successfully installed aiohttp-3.8.3 aiosignal-1.3.1 async-timeout-4.0.3 attrs-23.1.0 charset-normalizer-2.1.1 frozenlist-1.4.0 idna-3.4 multidict-6.0.4 yarl-1.9.2
Collecting aiohttp==3.8.3
  Using cached aiohttp-3.8.3-cp310-cp310-manylinux_2_17_x86_64.manylinux2014_x86_64.whl (1.0 MB)
Collecting attrs>=17.3.0 (from aiohttp==3.8.3)
  Using cached attrs-23.1.0-py3-none-any.whl (61 kB)
Collecting charset-normalizer<3.0,>=2.0 (from aiohttp==3.8.3)
  Using cached charset_normalizer-2.1.1-py3-none-any.whl (39 kB)
Collecting multidict<7.0,>=4.5 (from aiohttp==3.8.3)
  Using cached multidict-6.0.4-cp310-cp310-manylinux_2_17_x86_64.manylinux2014_x86_64.whl (114 kB)
Collecting async-timeout<5.0,>=4.0.0a3 (from aiohttp==3.8.3)
  Using cached async_timeout-4.0.3-py3-none-any.whl.metadata (4.2 kB)
Collecting yarl<2.0,>=1.0 (from aiohttp==3.8.3)
  Using cached yarl-1.9.2-cp310-cp310-manylinux_2_17_x86_64.manylinux2014_x86_64.whl (268 kB)
Collecting frozenlist>=1.1.1 (from aiohttp==3.8.3)
  Using cached frozenlist-1.4.0-cp310-cp310-manylinux_2_5_x86_64.manylinux1_x86_64.manylinux_2_17_x86_64.manylinux2014_x86_64.whl.metadata (5.2 kB)
Collecting aiosignal>=1.1.2 (from aiohttp==3.8.3)
  Using cached aiosignal-1.3.1-py3-none-any.whl (7.6 kB)
Collecting idna>=2.0 (from yarl<2.0,>=1.0->aiohttp==3.8.3)
  Using cached idna-3.4-py3-none-any.whl (61 kB)
Using cached async_timeout-4.0.3-py3-none-any.whl (5.7 kB)
Using cached frozenlist-1.4.0-cp310-cp310-manylinux_2_5_x86_64.manylinux1_x86_64.manylinux_2_17_x86_64.manylinux2014_x86_64.whl (225 kB)
Installing collected packages: multidict, idna, frozenlist, charset-normalizer, attrs, async-timeout, yarl, aiosignal, aiohttp
Successfully installed aiohttp-3.8.3 aiosignal-1.3.1 async-timeout-4.0.3 attrs-23.1.0 charset-normalizer-2.1.1 frozenlist-1.4.0 idna-3.4 multidict-6.0.4 yarl-1.9.2
