Collecting aiohttp==3.8.3
  Downloading aiohttp-3.8.3.tar.gz (7.3 MB)
     ━━━━━━━━━━━━━━━━━━━━━━━━━━━━━━━━━━━━━━━━ 7.3/7.3 MB 3.5 MB/s eta 0:00:00
auto-patching C API usages in /tmp/pip-install-3c45dgzt/aiohttp_2441d7c76db04b788a6edf4944e8cf91/aiohttp/_http_parser.c
Looking for GraalPy patches for aiohttp
  Installing build dependencies: started
  Installing build dependencies: finished with status 'done'
  Getting requirements to build wheel: started
  Getting requirements to build wheel: finished with status 'done'
  Installing backend dependencies: started
  Installing backend dependencies: finished with status 'done'
  Preparing metadata (pyproject.toml): started
  Preparing metadata (pyproject.toml): finished with status 'done'
Collecting attrs>=17.3.0
  Downloading attrs-23.1.0-py3-none-any.whl (61 kB)
     ━━━━━━━━━━━━━━━━━━━━━━━━━━━━━━━━━━━━━━━━ 61.2/61.2 kB 1.2 MB/s eta 0:00:00
Collecting charset-normalizer<3.0,>=2.0
  Downloading charset_normalizer-2.1.1-py3-none-any.whl (39 kB)
Collecting multidict<7.0,>=4.5
  Downloading multidict-6.0.4.tar.gz (51 kB)
     ━━━━━━━━━━━━━━━━━━━━━━━━━━━━━━━━━━━━━━━━ 51.3/51.3 kB 1.3 MB/s eta 0:00:00
Looking for GraalPy patches for multidict
  Installing build dependencies: started
  Installing build dependencies: finished with status 'done'
  WARNING: Missing build requirements in pyproject.toml for multidict<7.0,>=4.5 from https://files.pythonhosted.org/packages/4a/15/bd620f7a6eb9aa5112c4ef93e7031bcd071e0611763d8e17706ef8ba65e0/multidict-6.0.4.tar.gz (from aiohttp==3.8.3).
  WARNING: The project does not specify a build backend, and pip cannot fall back to setuptools without 'wheel'.
  Getting requirements to build wheel: started
  Getting requirements to build wheel: finished with status 'done'
  Installing backend dependencies: started
  Installing backend dependencies: finished with status 'done'
  Preparing metadata (pyproject.toml): started
  Preparing metadata (pyproject.toml): finished with status 'done'
Collecting async-timeout<5.0,>=4.0.0a3
  Downloading async_timeout-4.0.3-py3-none-any.whl (5.7 kB)
Collecting yarl<2.0,>=1.0
  Downloading yarl-1.9.2.tar.gz (184 kB)
     ━━━━━━━━━━━━━━━━━━━━━━━━━━━━━━━━━━━━━━━ 184.7/184.7 kB 4.6 MB/s eta 0:00:00
Looking for GraalPy patches for yarl
  Installing build dependencies: started
  Installing build dependencies: finished with status 'done'
  Getting requirements to build wheel: started
  Getting requirements to build wheel: finished with status 'done'
  Preparing metadata (pyproject.toml): started
  Preparing metadata (pyproject.toml): finished with status 'done'
Collecting frozenlist>=1.1.1
  Downloading frozenlist-1.4.0.tar.gz (90 kB)
     ━━━━━━━━━━━━━━━━━━━━━━━━━━━━━━━━━━━━━━━━ 90.7/90.7 kB 2.5 MB/s eta 0:00:00
auto-patching C API usages in /tmp/pip-install-3c45dgzt/frozenlist_6cd1e3abf4be4209aba9a3adaa94b7e4/frozenlist/_frozenlist.c
Looking for GraalPy patches for frozenlist
  Installing build dependencies: started
  Installing build dependencies: finished with status 'done'
  Getting requirements to build wheel: started
  Getting requirements to build wheel: finished with status 'done'
  Preparing metadata (pyproject.toml): started
  Preparing metadata (pyproject.toml): finished with status 'done'
Collecting aiosignal>=1.1.2
  Downloading aiosignal-1.3.1-py3-none-any.whl (7.6 kB)
Collecting idna>=2.0
  Downloading idna-3.4-py3-none-any.whl (61 kB)
     ━━━━━━━━━━━━━━━━━━━━━━━━━━━━━━━━━━━━━━━━ 61.5/61.5 kB 2.1 MB/s eta 0:00:00
Building wheels for collected packages: aiohttp, frozenlist, multidict, yarl
  Building wheel for aiohttp (pyproject.toml): started
  Building wheel for aiohttp (pyproject.toml): finished with status 'done'
  Created wheel for aiohttp: filename=aiohttp-3.8.3-py3-none-any.whl size=183429 sha256=5fdddce0fe458cbb2710b74d5f387ff051c3f22527b07846794bd5ee01be8bfd
  Stored in directory: /workdir/.cache/pip-graalpy/wheels/bb/4d/97/9979747120799a7199a81660ef45f8003f9f10db119b8bdc51
  Building wheel for frozenlist (pyproject.toml): started
  Building wheel for frozenlist (pyproject.toml): finished with status 'done'
  Created wheel for frozenlist: filename=frozenlist-1.4.0-py3-none-any.whl size=9411 sha256=84695699a53ff2bb3de1b2860d8def1714a1ea34b34bbfc547b2673f592ff21c
  Stored in directory: /workdir/.cache/pip-graalpy/wheels/8c/d5/db/b4692ccfa8cc89292ddbbf776af44b1c5c1b6dcb0ea5842a99
  Building wheel for multidict (pyproject.toml): started
  Building wheel for multidict (pyproject.toml): finished with status 'done'
  Created wheel for multidict: filename=multidict-6.0.4-py3-none-any.whl size=9723 sha256=8fe2d152ac2dc3b17d8d705a5372ca3b5eb1e95df175bd792a9882731c790875
  Stored in directory: /workdir/.cache/pip-graalpy/wheels/4a/91/a7/263dd3526b17601cdd7e607e87322568f2e4f764d2ffa62079
  Building wheel for yarl (pyproject.toml): started
  Building wheel for yarl (pyproject.toml): finished with status 'done'
  Created wheel for yarl: filename=yarl-1.9.2-py3-none-any.whl size=28813 sha256=846d4eb46c37455e9ea3a6021d4f72facfdf554840f9e1d5b014204b3cc2e176
  Stored in directory: /workdir/.cache/pip-graalpy/wheels/4a/81/0f/1e00b5b3fa242c9f3ba895500243048de0d787ebd178a9dd70
Successfully built aiohttp frozenlist multidict yarl
Installing collected packages: multidict, idna, frozenlist, charset-normalizer, attrs, async-timeout, yarl, aiosignal, aiohttp
Looking for GraalPy patches for multidict
Looking for GraalPy patches for idna
Looking for GraalPy patches for frozenlist
Looking for GraalPy patches for charset_normalizer
Patching package charset_normalizer using /opt/graalpy/lib/graalpy23.1/patches/charset_normalizer/charset_normalizer-2.1.1.patch
patching file charset_normalizer/utils.py
Looking for GraalPy patches for attrs
Looking for GraalPy patches for async_timeout
Looking for GraalPy patches for yarl
Looking for GraalPy patches for aiosignal
Looking for GraalPy patches for aiohttp
Successfully installed aiohttp-3.8.3 aiosignal-1.3.1 async-timeout-4.0.3 attrs-23.1.0 charset-normalizer-2.1.1 frozenlist-1.4.0 idna-3.4 multidict-6.0.4 yarl-1.9.2
Collecting aiohttp==3.8.3
  Using cached aiohttp-3.8.3-py3-none-any.whl
Collecting attrs>=17.3.0
  Using cached attrs-23.1.0-py3-none-any.whl (61 kB)
Collecting charset-normalizer<3.0,>=2.0
  Using cached charset_normalizer-2.1.1-py3-none-any.whl (39 kB)
Collecting multidict<7.0,>=4.5
  Using cached multidict-6.0.4-py3-none-any.whl
Collecting async-timeout<5.0,>=4.0.0a3
  Using cached async_timeout-4.0.3-py3-none-any.whl (5.7 kB)
Collecting yarl<2.0,>=1.0
  Using cached yarl-1.9.2-py3-none-any.whl
Collecting frozenlist>=1.1.1
  Using cached frozenlist-1.4.0-py3-none-any.whl
Collecting aiosignal>=1.1.2
  Using cached aiosignal-1.3.1-py3-none-any.whl (7.6 kB)
Collecting idna>=2.0
  Using cached idna-3.4-py3-none-any.whl (61 kB)
Installing collected packages: multidict, idna, frozenlist, charset-normalizer, attrs, async-timeout, yarl, aiosignal, aiohttp
Looking for GraalPy patches for multidict
Looking for GraalPy patches for idna
Looking for GraalPy patches for frozenlist
Looking for GraalPy patches for charset_normalizer
Patching package charset_normalizer using /opt/graalpy/lib/graalpy23.1/patches/charset_normalizer/charset_normalizer-2.1.1.patch
patching file charset_normalizer/utils.py
Looking for GraalPy patches for attrs
Looking for GraalPy patches for async_timeout
Looking for GraalPy patches for yarl
Looking for GraalPy patches for aiosignal
Looking for GraalPy patches for aiohttp
Successfully installed aiohttp-3.8.3 aiosignal-1.3.1 async-timeout-4.0.3 attrs-23.1.0 charset-normalizer-2.1.1 frozenlist-1.4.0 idna-3.4 multidict-6.0.4 yarl-1.9.2
