Collecting CacheControl==0.12.11
  Downloading CacheControl-0.12.11-py2.py3-none-any.whl (21 kB)
Collecting requests (from CacheControl==0.12.11)
  Using cached requests-2.31.0-py3-none-any.whl.metadata (4.6 kB)
Collecting msgpack>=0.5.2 (from CacheControl==0.12.11)
  Using cached msgpack-1.0.7-cp310-cp310-manylinux_2_17_x86_64.manylinux2014_x86_64.whl.metadata (9.1 kB)
Collecting charset-normalizer<4,>=2 (from requests->CacheControl==0.12.11)
  Using cached charset_normalizer-3.3.2-cp310-cp310-manylinux_2_17_x86_64.manylinux2014_x86_64.whl.metadata (33 kB)
Collecting idna<4,>=2.5 (from requests->CacheControl==0.12.11)
  Using cached idna-3.4-py3-none-any.whl (61 kB)
Collecting urllib3<3,>=1.21.1 (from requests->CacheControl==0.12.11)
  Using cached urllib3-2.1.0-py3-none-any.whl.metadata (6.4 kB)
Collecting certifi>=2017.4.17 (from requests->CacheControl==0.12.11)
  Using cached certifi-2023.11.17-py3-none-any.whl.metadata (2.2 kB)
Using cached msgpack-1.0.7-cp310-cp310-manylinux_2_17_x86_64.manylinux2014_x86_64.whl (530 kB)
Using cached requests-2.31.0-py3-none-any.whl (62 kB)
Using cached certifi-2023.11.17-py3-none-any.whl (162 kB)
Using cached charset_normalizer-3.3.2-cp310-cp310-manylinux_2_17_x86_64.manylinux2014_x86_64.whl (142 kB)
Using cached urllib3-2.1.0-py3-none-any.whl (104 kB)
Installing collected packages: urllib3, msgpack, idna, charset-normalizer, certifi, requests, CacheControl
Successfully installed CacheControl-0.12.11 certifi-2023.11.17 charset-normalizer-3.3.2 idna-3.4 msgpack-1.0.7 requests-2.31.0 urllib3-2.1.0
