Collecting CacheControl==0.12.11
  Downloading CacheControl-0.12.11-py2.py3-none-any.whl (21 kB)
Collecting requests
  Using cached requests-2.31.0-py3-none-any.whl (62 kB)
Collecting msgpack>=0.5.2
  Downloading msgpack-1.0.7.tar.gz (166 kB)
     ━━━━━━━━━━━━━━━━━━━━━━━━━━━━━━━━━━━━━━━ 166.3/166.3 kB 2.4 MB/s eta 0:00:00
auto-patching C API usages in /tmp/pip-install-fhah3_bd/msgpack_98c18eb05df24cc1aeced638642ae64b/msgpack/_cmsgpack.cpp
Looking for GraalPy patches for msgpack
  Installing build dependencies: started
  Installing build dependencies: finished with status 'done'
  Getting requirements to build wheel: started
  Getting requirements to build wheel: finished with status 'done'
  Installing backend dependencies: started
  Installing backend dependencies: finished with status 'done'
  Preparing metadata (pyproject.toml): started
  Preparing metadata (pyproject.toml): finished with status 'done'
Collecting charset-normalizer<4,>=2
  Using cached charset_normalizer-3.1.0-py3-none-any.whl (46 kB)
Collecting idna<4,>=2.5
  Using cached idna-3.4-py3-none-any.whl (61 kB)
Collecting urllib3<3,>=1.21.1
  Using cached urllib3-2.1.0-py3-none-any.whl (104 kB)
Collecting certifi>=2017.4.17
  Using cached certifi-2023.11.17-py3-none-any.whl (162 kB)
Building wheels for collected packages: msgpack
  Building wheel for msgpack (pyproject.toml): started
  Building wheel for msgpack (pyproject.toml): finished with status 'done'
  Created wheel for msgpack: filename=msgpack-1.0.7-graalpy310-graalpy231_310_native-linux_x86_64.whl size=239866 sha256=8510aa96fcf1a23f4c1e4c0e119a8aa92c9a5ed699bed969e1bddef14d16f138
  Stored in directory: /workdir/.cache/pip-graalpy/wheels/63/e4/99/8015eaf9ef22b5313d289f146ca2a74f7f0ad999dca3c5f606
Successfully built msgpack
Installing collected packages: urllib3, msgpack, idna, charset-normalizer, certifi, requests, CacheControl
Looking for GraalPy patches for urllib3
Looking for GraalPy patches for msgpack
Looking for GraalPy patches for idna
Looking for GraalPy patches for charset_normalizer
Patching package charset_normalizer using /opt/graalpy/lib/graalpy23.1/patches/charset_normalizer/charset_normalizer-3.1.0.patch
patching file charset_normalizer/utils.py
Hunk #1 succeeded at 7 with fuzz 2 (offset -4 lines).
Hunk #2 succeeded at 258 with fuzz 2 (offset 11 lines).
Looking for GraalPy patches for certifi
Looking for GraalPy patches for requests
Looking for GraalPy patches for CacheControl
Successfully installed CacheControl-0.12.11 certifi-2023.11.17 charset-normalizer-3.1.0 idna-3.4 msgpack-1.0.7 requests-2.31.0 urllib3-2.1.0
