Collecting Cython==0.29.32
  Using cached Cython-0.29.32-py2.py3-none-any.whl (986 kB)
Installing collected packages: Cython
auto-patching C API usages in /workdir/install-virtualenv/lib/python3.10/site-packages/Cython/Utility/Coroutine.c
auto-patching C API usages in /workdir/install-virtualenv/lib/python3.10/site-packages/Cython/Utility/ObjectHandling.c
Looking for GraalPy patches for Cython
Patching package Cython using /opt/graalpy/lib/graalpy23.1/patches/Cython/Cython-0.29.32.patch
patching file Cython/Build/Dependencies.py
patching file Cython/Compiler/Builtin.py
patching file Cython/Compiler/ExprNodes.py
patching file Cython/Compiler/Symtab.py
patching file Cython/Includes/cpython/slice.pxd
patching file Cython/Utility/Complex.c
patching file Cython/Utility/Coroutine.c
patching file Cython/Utility/CythonFunction.c
patching file Cython/Utility/ModuleSetupCode.c
patching file Cython/Utility/ObjectHandling.c
patching file Cython/Utility/StringTools.c
patching file Cython/Utility/arrayarray.h
Successfully installed Cython-0.29.32
