Collecting webdriver-manager==3.8.5
  Downloading webdriver_manager-3.8.5-py2.py3-none-any.whl (27 kB)
Collecting requests (from webdriver-manager==3.8.5)
  Using cached requests-2.31.0-py3-none-any.whl.metadata (4.6 kB)
Collecting python-dotenv (from webdriver-manager==3.8.5)
  Using cached python_dotenv-1.0.0-py3-none-any.whl (19 kB)
Collecting tqdm (from webdriver-manager==3.8.5)
  Using cached tqdm-4.66.1-py3-none-any.whl.metadata (57 kB)
Collecting packaging (from webdriver-manager==3.8.5)
  Using cached packaging-23.2-py3-none-any.whl.metadata (3.2 kB)
Collecting charset-normalizer<4,>=2 (from requests->webdriver-manager==3.8.5)
  Using cached charset_normalizer-3.3.2-cp310-cp310-manylinux_2_17_x86_64.manylinux2014_x86_64.whl.metadata (33 kB)
Collecting idna<4,>=2.5 (from requests->webdriver-manager==3.8.5)
  Using cached idna-3.6-py3-none-any.whl.metadata (9.9 kB)
Collecting urllib3<3,>=1.21.1 (from requests->webdriver-manager==3.8.5)
  Using cached urllib3-2.1.0-py3-none-any.whl.metadata (6.4 kB)
Collecting certifi>=2017.4.17 (from requests->webdriver-manager==3.8.5)
  Using cached certifi-2023.11.17-py3-none-any.whl.metadata (2.2 kB)
Using cached packaging-23.2-py3-none-any.whl (53 kB)
Using cached requests-2.31.0-py3-none-any.whl (62 kB)
Using cached tqdm-4.66.1-py3-none-any.whl (78 kB)
Using cached certifi-2023.11.17-py3-none-any.whl (162 kB)
Using cached charset_normalizer-3.3.2-cp310-cp310-manylinux_2_17_x86_64.manylinux2014_x86_64.whl (142 kB)
Using cached idna-3.6-py3-none-any.whl (61 kB)
Using cached urllib3-2.1.0-py3-none-any.whl (104 kB)
Installing collected packages: urllib3, tqdm, python-dotenv, packaging, idna, charset-normalizer, certifi, requests, webdriver-manager
Successfully installed certifi-2023.11.17 charset-normalizer-3.3.2 idna-3.6 packaging-23.2 python-dotenv-1.0.0 requests-2.31.0 tqdm-4.66.1 urllib3-2.1.0 webdriver-manager-3.8.5
