Collecting webdriver-manager==3.8.5
  Downloading webdriver_manager-3.8.5-py2.py3-none-any.whl (27 kB)
Collecting requests
  Using cached requests-2.31.0-py3-none-any.whl (62 kB)
Collecting python-dotenv
  Using cached python_dotenv-1.0.0-py3-none-any.whl (19 kB)
Collecting tqdm
  Using cached tqdm-4.66.1-py3-none-any.whl (78 kB)
Collecting packaging
  Using cached packaging-23.2-py3-none-any.whl (53 kB)
Collecting charset-normalizer<4,>=2
  Using cached charset_normalizer-3.1.0-py3-none-any.whl (46 kB)
Collecting idna<4,>=2.5
  Using cached idna-3.6-py3-none-any.whl (61 kB)
Collecting urllib3<3,>=1.21.1
  Using cached urllib3-2.1.0-py3-none-any.whl (104 kB)
Collecting certifi>=2017.4.17
  Using cached certifi-2023.11.17-py3-none-any.whl (162 kB)
Installing collected packages: urllib3, tqdm, python-dotenv, packaging, idna, charset-normalizer, certifi, requests, webdriver-manager
Looking for GraalPy patches for urllib3
Looking for GraalPy patches for tqdm
Looking for GraalPy patches for python_dotenv
Looking for GraalPy patches for packaging
Patching package packaging using /opt/graalpy/lib/graalpy23.1/patches/packaging/packaging.patch
patching file packaging/tags.py
Hunk #1 FAILED at 4.
Hunk #2 FAILED at 37.
2 out of 2 hunks FAILED -- saving rejects to file packaging/tags.py.rej
Applying GraalPy patch failed for packaging. The package may still work.
Looking for GraalPy patches for idna
Looking for GraalPy patches for charset_normalizer
Patching package charset_normalizer using /opt/graalpy/lib/graalpy23.1/patches/charset_normalizer/charset_normalizer-3.1.0.patch
patching file charset_normalizer/utils.py
Hunk #1 succeeded at 7 with fuzz 2 (offset -4 lines).
Hunk #2 succeeded at 258 with fuzz 2 (offset 11 lines).
Looking for GraalPy patches for certifi
Looking for GraalPy patches for requests
Looking for GraalPy patches for webdriver_manager
Successfully installed certifi-2023.11.17 charset-normalizer-3.1.0 idna-3.6 packaging-23.2 python-dotenv-1.0.0 requests-2.31.0 tqdm-4.66.1 urllib3-2.1.0 webdriver-manager-3.8.5
