Collecting pyzmq==24.0.1
  Downloading pyzmq-24.0.1.tar.gz (1.2 MB)
     ━━━━━━━━━━━━━━━━━━━━━━━━━━━━━━━━━━━━━━━━ 1.2/1.2 MB 5.0 MB/s eta 0:00:00
Looking for GraalPy patches for pyzmq
Patching package pyzmq using /opt/graalpy/lib/graalpy23.1/patches/pyzmq/pyzmq.patch
patching file pyproject.toml
Hunk #1 succeeded at 14 (offset -6 lines).
  Installing build dependencies: started
  Installing build dependencies: finished with status 'done'
  Getting requirements to build wheel: started
  Getting requirements to build wheel: finished with status 'done'
  Preparing metadata (pyproject.toml): started
  Preparing metadata (pyproject.toml): finished with status 'done'
Building wheels for collected packages: pyzmq
  Building wheel for pyzmq (pyproject.toml): started
  Building wheel for pyzmq (pyproject.toml): finished with status 'done'
  Created wheel for pyzmq: filename=pyzmq-24.0.1-graalpy310-graalpy231_310_native-linux_x86_64.whl size=501090 sha256=2c860e0904e41a6c8a77def3d5e953f4c0effbda24b19d66629dff46d6458654
  Stored in directory: /workdir/.cache/pip-graalpy/wheels/f1/c7/1e/622298228e19b9812aa3480add1005538e38a619e0ecf3cd44
Successfully built pyzmq
Installing collected packages: pyzmq
Successfully installed pyzmq-24.0.1
