Collecting xgboost==1.7.1
  Downloading xgboost-1.7.1-py3-none-manylinux2014_x86_64.whl (193.6 MB)
     ━━━━━━━━━━━━━━━━━━━━━━━━━━━━━━━━━━━━━━━ 193.6/193.6 MB 1.0 MB/s eta 0:00:00
Collecting numpy
  Using cached numpy-1.23.5-graalpy310-graalpy231_310_native-linux_x86_64.whl
Collecting scipy
  Using cached scipy-1.10.1-graalpy310-graalpy231_310_native-linux_x86_64.whl
Installing collected packages: numpy, scipy, xgboost
Looking for GraalPy patches for numpy
We have patches to make this package work on GraalVM for some version(s).
If installing or running fails, consider using one of the versions that we have patches for:
numpy == 1.16.4
numpy == 1.19.5
numpy == 1.21.6
numpy == 1.22.4
numpy == 1.23.4
numpy == 1.23.1
numpy == 1.23.5
Looking for GraalPy patches for scipy
We have patches to make this package work on GraalVM for some version(s).
If installing or running fails, consider using one of the versions that we have patches for:
scipy == 1.4.1
scipy == 1.7.3
scipy == 1.8.1
scipy == 1.9.3
scipy == 1.10.1
Looking for GraalPy patches for xgboost
Successfully installed numpy-1.23.5 scipy-1.10.1 xgboost-1.7.1
