Collecting awscli==1.27.23
  Downloading awscli-1.27.23-py3-none-any.whl (3.9 MB)
     ━━━━━━━━━━━━━━━━━━━━━━━━━━━━━━━━━━━━━━━━ 3.9/3.9 MB 4.0 MB/s eta 0:00:00
Collecting botocore==1.29.23
  Downloading botocore-1.29.23-py3-none-any.whl (10.2 MB)
     ━━━━━━━━━━━━━━━━━━━━━━━━━━━━━━━━━━━━━━━━ 10.2/10.2 MB 7.4 MB/s eta 0:00:00
Collecting docutils<0.17,>=0.10
  Downloading docutils-0.16-py2.py3-none-any.whl (548 kB)
     ━━━━━━━━━━━━━━━━━━━━━━━━━━━━━━━━━━━━━━━ 548.2/548.2 kB 7.7 MB/s eta 0:00:00
Collecting s3transfer<0.7.0,>=0.6.0
  Downloading s3transfer-0.6.2-py3-none-any.whl (79 kB)
     ━━━━━━━━━━━━━━━━━━━━━━━━━━━━━━━━━━━━━━━━ 79.8/79.8 kB 3.3 MB/s eta 0:00:00
Collecting PyYAML<5.5,>=3.10
  Downloading PyYAML-5.4.1.tar.gz (175 kB)
     ━━━━━━━━━━━━━━━━━━━━━━━━━━━━━━━━━━━━━━━ 175.1/175.1 kB 2.7 MB/s eta 0:00:00
Looking for GraalPy patches for PyYAML
  Installing build dependencies: started
  Installing build dependencies: finished with status 'done'
  Getting requirements to build wheel: started
  Getting requirements to build wheel: finished with status 'done'
  Preparing metadata (pyproject.toml): started
  Preparing metadata (pyproject.toml): finished with status 'done'
Collecting colorama<0.4.5,>=0.2.5
  Downloading colorama-0.4.4-py2.py3-none-any.whl (16 kB)
Collecting rsa<4.8,>=3.1.2
  Downloading rsa-4.7.2-py3-none-any.whl (34 kB)
Collecting jmespath<2.0.0,>=0.7.1
  Downloading jmespath-1.0.1-py3-none-any.whl (20 kB)
Collecting python-dateutil<3.0.0,>=2.1
  Using cached python_dateutil-2.8.2-py2.py3-none-any.whl (247 kB)
Collecting urllib3<1.27,>=1.25.4
  Downloading urllib3-1.26.18-py2.py3-none-any.whl (143 kB)
     ━━━━━━━━━━━━━━━━━━━━━━━━━━━━━━━━━━━━━━━ 143.8/143.8 kB 4.4 MB/s eta 0:00:00
Collecting pyasn1>=0.1.3
  Downloading pyasn1-0.5.1-py2.py3-none-any.whl (84 kB)
     ━━━━━━━━━━━━━━━━━━━━━━━━━━━━━━━━━━━━━━━━ 84.9/84.9 kB 4.3 MB/s eta 0:00:00
Collecting six>=1.5
  Using cached six-1.16.0-py2.py3-none-any.whl (11 kB)
Building wheels for collected packages: PyYAML
  Building wheel for PyYAML (pyproject.toml): started
  Building wheel for PyYAML (pyproject.toml): finished with status 'done'
  Created wheel for PyYAML: filename=PyYAML-5.4.1-py3-none-any.whl size=46610 sha256=e6fe42524c6213ac4e40086eeff9097fab8c41ed3e268a73482e1a1a0156fe57
  Stored in directory: /workdir/.cache/pip-graalpy/wheels/88/8a/90/868d2372b727d51830f16166b95b842e7a7332963094770224
Successfully built PyYAML
Installing collected packages: urllib3, six, PyYAML, pyasn1, jmespath, docutils, colorama, rsa, python-dateutil, botocore, s3transfer, awscli
Looking for GraalPy patches for urllib3
Looking for GraalPy patches for six
Looking for GraalPy patches for PyYAML
Looking for GraalPy patches for pyasn1
Looking for GraalPy patches for jmespath
Looking for GraalPy patches for docutils
Looking for GraalPy patches for colorama
Looking for GraalPy patches for rsa
Looking for GraalPy patches for python_dateutil
Looking for GraalPy patches for botocore
Looking for GraalPy patches for s3transfer
Looking for GraalPy patches for awscli
Successfully installed PyYAML-5.4.1 awscli-1.27.23 botocore-1.29.23 colorama-0.4.4 docutils-0.16 jmespath-1.0.1 pyasn1-0.5.1 python-dateutil-2.8.2 rsa-4.7.2 s3transfer-0.6.2 six-1.16.0 urllib3-1.26.18
