Collecting requests-kerberos==0.14.0
  Downloading requests_kerberos-0.14.0-py2.py3-none-any.whl (11 kB)
Collecting requests>=1.1.0 (from requests-kerberos==0.14.0)
  Using cached requests-2.31.0-py3-none-any.whl.metadata (4.6 kB)
Collecting cryptography>=1.3 (from requests-kerberos==0.14.0)
  Using cached cryptography-41.0.7-cp37-abi3-manylinux_2_28_x86_64.whl.metadata (5.2 kB)
Collecting pyspnego[kerberos] (from requests-kerberos==0.14.0)
  Downloading pyspnego-0.10.2-py3-none-any.whl.metadata (5.4 kB)
Collecting cffi>=1.12 (from cryptography>=1.3->requests-kerberos==0.14.0)
  Using cached cffi-1.16.0-cp310-cp310-manylinux_2_17_x86_64.manylinux2014_x86_64.whl.metadata (1.5 kB)
Collecting charset-normalizer<4,>=2 (from requests>=1.1.0->requests-kerberos==0.14.0)
  Using cached charset_normalizer-3.3.2-cp310-cp310-manylinux_2_17_x86_64.manylinux2014_x86_64.whl.metadata (33 kB)
Collecting idna<4,>=2.5 (from requests>=1.1.0->requests-kerberos==0.14.0)
  Using cached idna-3.6-py3-none-any.whl.metadata (9.9 kB)
Collecting urllib3<3,>=1.21.1 (from requests>=1.1.0->requests-kerberos==0.14.0)
  Using cached urllib3-2.1.0-py3-none-any.whl.metadata (6.4 kB)
Collecting certifi>=2017.4.17 (from requests>=1.1.0->requests-kerberos==0.14.0)
  Using cached certifi-2023.11.17-py3-none-any.whl.metadata (2.2 kB)
Collecting gssapi>=1.6.0 (from pyspnego[kerberos]->requests-kerberos==0.14.0)
  Using cached gssapi-1.8.3-cp310-cp310-linux_x86_64.whl
Collecting krb5>=0.3.0 (from pyspnego[kerberos]->requests-kerberos==0.14.0)
  Using cached krb5-0.5.1-cp310-cp310-linux_x86_64.whl
Collecting pycparser (from cffi>=1.12->cryptography>=1.3->requests-kerberos==0.14.0)
  Using cached pycparser-2.21-py2.py3-none-any.whl (118 kB)
Collecting decorator (from gssapi>=1.6.0->pyspnego[kerberos]->requests-kerberos==0.14.0)
  Using cached decorator-5.1.1-py3-none-any.whl (9.1 kB)
Using cached cryptography-41.0.7-cp37-abi3-manylinux_2_28_x86_64.whl (4.4 MB)
Using cached requests-2.31.0-py3-none-any.whl (62 kB)
Using cached certifi-2023.11.17-py3-none-any.whl (162 kB)
Using cached cffi-1.16.0-cp310-cp310-manylinux_2_17_x86_64.manylinux2014_x86_64.whl (443 kB)
Using cached charset_normalizer-3.3.2-cp310-cp310-manylinux_2_17_x86_64.manylinux2014_x86_64.whl (142 kB)
Using cached idna-3.6-py3-none-any.whl (61 kB)
Using cached urllib3-2.1.0-py3-none-any.whl (104 kB)
Downloading pyspnego-0.10.2-py3-none-any.whl (129 kB)
   ━━━━━━━━━━━━━━━━━━━━━━━━━━━━━━━━━━━━━━━━ 129.9/129.9 kB 4.5 MB/s eta 0:00:00
Installing collected packages: urllib3, pycparser, krb5, idna, decorator, charset-normalizer, certifi, requests, gssapi, cffi, cryptography, pyspnego, requests-kerberos
Successfully installed certifi-2023.11.17 cffi-1.16.0 charset-normalizer-3.3.2 cryptography-41.0.7 decorator-5.1.1 gssapi-1.8.3 idna-3.6 krb5-0.5.1 pycparser-2.21 pyspnego-0.10.2 requests-2.31.0 requests-kerberos-0.14.0 urllib3-2.1.0
