Collecting pydata-sphinx-theme==0.12.0
  Downloading pydata_sphinx_theme-0.12.0-py3-none-any.whl (1.5 MB)
     ━━━━━━━━━━━━━━━━━━━━━━━━━━━━━━━━━━━━━━━━ 1.5/1.5 MB 7.0 MB/s eta 0:00:00
Collecting sphinx>=4.2
  Using cached sphinx-7.2.6-py3-none-any.whl (3.2 MB)
Collecting beautifulsoup4
  Using cached beautifulsoup4-4.12.2-py3-none-any.whl (142 kB)
Collecting docutils!=0.17.0
  Using cached docutils-0.20.1-py3-none-any.whl (572 kB)
Collecting packaging
  Using cached packaging-23.2-py3-none-any.whl (53 kB)
Collecting pygments>=2.7
  Using cached pygments-2.17.2-py3-none-any.whl (1.2 MB)
Collecting sphinxcontrib-applehelp
  Using cached sphinxcontrib_applehelp-1.0.7-py3-none-any.whl (120 kB)
Collecting sphinxcontrib-devhelp
  Using cached sphinxcontrib_devhelp-1.0.5-py3-none-any.whl (83 kB)
Collecting sphinxcontrib-jsmath
  Using cached sphinxcontrib_jsmath-1.0.1-py2.py3-none-any.whl (5.1 kB)
Collecting sphinxcontrib-htmlhelp>=2.0.0
  Using cached sphinxcontrib_htmlhelp-2.0.4-py3-none-any.whl (99 kB)
Collecting sphinxcontrib-serializinghtml>=1.1.9
  Using cached sphinxcontrib_serializinghtml-1.1.9-py3-none-any.whl (92 kB)
Collecting sphinxcontrib-qthelp
  Using cached sphinxcontrib_qthelp-1.0.6-py3-none-any.whl (89 kB)
Collecting Jinja2>=3.0
  Using cached Jinja2-3.1.2-py3-none-any.whl (133 kB)
Collecting snowballstemmer>=2.0
  Using cached snowballstemmer-2.2.0-py2.py3-none-any.whl (93 kB)
Collecting babel>=2.9
  Using cached Babel-2.13.1-py3-none-any.whl (10.1 MB)
Collecting alabaster<0.8,>=0.7
  Using cached alabaster-0.7.13-py3-none-any.whl (13 kB)
Collecting imagesize>=1.3
  Using cached imagesize-1.4.1-py2.py3-none-any.whl (8.8 kB)
Collecting requests>=2.25.0
  Using cached requests-2.31.0-py3-none-any.whl (62 kB)
Collecting soupsieve>1.2
  Using cached soupsieve-2.5-py3-none-any.whl (36 kB)
Collecting MarkupSafe>=2.0
  Using cached MarkupSafe-2.1.3-py3-none-any.whl
Collecting charset-normalizer<4,>=2
  Using cached charset_normalizer-3.1.0-py3-none-any.whl (46 kB)
Collecting idna<4,>=2.5
  Using cached idna-3.4-py3-none-any.whl (61 kB)
Collecting urllib3<3,>=1.21.1
  Using cached urllib3-2.1.0-py3-none-any.whl (104 kB)
Collecting certifi>=2017.4.17
  Using cached certifi-2023.11.17-py3-none-any.whl (162 kB)
Installing collected packages: snowballstemmer, urllib3, sphinxcontrib-jsmath, soupsieve, pygments, packaging, MarkupSafe, imagesize, idna, docutils, charset-normalizer, certifi, babel, alabaster, requests, Jinja2, beautifulsoup4, sphinxcontrib-serializinghtml, sphinxcontrib-qthelp, sphinxcontrib-htmlhelp, sphinxcontrib-devhelp, sphinxcontrib-applehelp, sphinx, pydata-sphinx-theme
Looking for GraalPy patches for snowballstemmer
Looking for GraalPy patches for urllib3
Looking for GraalPy patches for sphinxcontrib_jsmath
Looking for GraalPy patches for soupsieve
Looking for GraalPy patches for pygments
Looking for GraalPy patches for packaging
Patching package packaging using /opt/graalpy/lib/graalpy23.1/patches/packaging/packaging.patch
patching file packaging/tags.py
Hunk #1 FAILED at 4.
Hunk #2 FAILED at 37.
2 out of 2 hunks FAILED -- saving rejects to file packaging/tags.py.rej
Applying GraalPy patch failed for packaging. The package may still work.
Looking for GraalPy patches for MarkupSafe
Looking for GraalPy patches for imagesize
Looking for GraalPy patches for idna
Looking for GraalPy patches for docutils
Looking for GraalPy patches for charset_normalizer
Patching package charset_normalizer using /opt/graalpy/lib/graalpy23.1/patches/charset_normalizer/charset_normalizer-3.1.0.patch
patching file charset_normalizer/utils.py
Hunk #1 succeeded at 7 with fuzz 2 (offset -4 lines).
Hunk #2 succeeded at 258 with fuzz 2 (offset 11 lines).
Looking for GraalPy patches for certifi
Looking for GraalPy patches for Babel
Looking for GraalPy patches for alabaster
Looking for GraalPy patches for requests
Looking for GraalPy patches for Jinja2
Looking for GraalPy patches for beautifulsoup4
Looking for GraalPy patches for sphinxcontrib_serializinghtml
Looking for GraalPy patches for sphinxcontrib_qthelp
Looking for GraalPy patches for sphinxcontrib_htmlhelp
Looking for GraalPy patches for sphinxcontrib_devhelp
Looking for GraalPy patches for sphinxcontrib_applehelp
Looking for GraalPy patches for sphinx
Looking for GraalPy patches for pydata_sphinx_theme
Successfully installed Jinja2-3.1.2 MarkupSafe-2.1.3 alabaster-0.7.13 babel-2.13.1 beautifulsoup4-4.12.2 certifi-2023.11.17 charset-normalizer-3.1.0 docutils-0.20.1 idna-3.4 imagesize-1.4.1 packaging-23.2 pydata-sphinx-theme-0.12.0 pygments-2.17.2 requests-2.31.0 snowballstemmer-2.2.0 soupsieve-2.5 sphinx-7.2.6 sphinxcontrib-applehelp-1.0.7 sphinxcontrib-devhelp-1.0.5 sphinxcontrib-htmlhelp-2.0.4 sphinxcontrib-jsmath-1.0.1 sphinxcontrib-qthelp-1.0.6 sphinxcontrib-serializinghtml-1.1.9 urllib3-2.1.0
