Collecting category-encoders==2.5.1.post0
  Downloading category_encoders-2.5.1.post0-py2.py3-none-any.whl (72 kB)
     ━━━━━━━━━━━━━━━━━━━━━━━━━━━━━━━━━━━━━━━━ 72.4/72.4 kB 3.7 MB/s eta 0:00:00
Collecting numpy>=1.14.0 (from category-encoders==2.5.1.post0)
  Using cached numpy-1.26.2-cp310-cp310-manylinux_2_17_x86_64.manylinux2014_x86_64.whl.metadata (61 kB)
Collecting scikit-learn>=0.20.0 (from category-encoders==2.5.1.post0)
  Downloading scikit_learn-1.3.2-cp310-cp310-manylinux_2_17_x86_64.manylinux2014_x86_64.whl.metadata (11 kB)
Collecting scipy>=1.0.0 (from category-encoders==2.5.1.post0)
  Using cached scipy-1.11.4-cp310-cp310-manylinux_2_17_x86_64.manylinux2014_x86_64.whl.metadata (60 kB)
Collecting statsmodels>=0.9.0 (from category-encoders==2.5.1.post0)
  Downloading statsmodels-0.14.0-cp310-cp310-manylinux_2_17_x86_64.manylinux2014_x86_64.whl (10.1 MB)
     ━━━━━━━━━━━━━━━━━━━━━━━━━━━━━━━━━━━━━━━━ 10.1/10.1 MB 29.0 MB/s eta 0:00:00
Collecting pandas>=1.0.5 (from category-encoders==2.5.1.post0)
  Using cached pandas-2.1.3-cp310-cp310-manylinux_2_17_x86_64.manylinux2014_x86_64.whl.metadata (18 kB)
Collecting patsy>=0.5.1 (from category-encoders==2.5.1.post0)
  Downloading patsy-0.5.3-py2.py3-none-any.whl (233 kB)
     ━━━━━━━━━━━━━━━━━━━━━━━━━━━━━━━━━━━━━━ 233.8/233.8 kB 21.1 MB/s eta 0:00:00
Collecting python-dateutil>=2.8.2 (from pandas>=1.0.5->category-encoders==2.5.1.post0)
  Using cached python_dateutil-2.8.2-py2.py3-none-any.whl (247 kB)
Collecting pytz>=2020.1 (from pandas>=1.0.5->category-encoders==2.5.1.post0)
  Using cached pytz-2023.3.post1-py2.py3-none-any.whl.metadata (22 kB)
Collecting tzdata>=2022.1 (from pandas>=1.0.5->category-encoders==2.5.1.post0)
  Using cached tzdata-2023.3-py2.py3-none-any.whl (341 kB)
Collecting six (from patsy>=0.5.1->category-encoders==2.5.1.post0)
  Using cached six-1.16.0-py2.py3-none-any.whl (11 kB)
Collecting joblib>=1.1.1 (from scikit-learn>=0.20.0->category-encoders==2.5.1.post0)
  Downloading joblib-1.3.2-py3-none-any.whl.metadata (5.4 kB)
Collecting threadpoolctl>=2.0.0 (from scikit-learn>=0.20.0->category-encoders==2.5.1.post0)
  Downloading threadpoolctl-3.2.0-py3-none-any.whl.metadata (10.0 kB)
Collecting packaging>=21.3 (from statsmodels>=0.9.0->category-encoders==2.5.1.post0)
  Using cached packaging-23.2-py3-none-any.whl.metadata (3.2 kB)
Using cached numpy-1.26.2-cp310-cp310-manylinux_2_17_x86_64.manylinux2014_x86_64.whl (18.2 MB)
Using cached pandas-2.1.3-cp310-cp310-manylinux_2_17_x86_64.manylinux2014_x86_64.whl (12.3 MB)
Downloading scikit_learn-1.3.2-cp310-cp310-manylinux_2_17_x86_64.manylinux2014_x86_64.whl (10.8 MB)
   ━━━━━━━━━━━━━━━━━━━━━━━━━━━━━━━━━━━━━━━━ 10.8/10.8 MB 26.0 MB/s eta 0:00:00
Using cached scipy-1.11.4-cp310-cp310-manylinux_2_17_x86_64.manylinux2014_x86_64.whl (36.4 MB)
Downloading joblib-1.3.2-py3-none-any.whl (302 kB)
   ━━━━━━━━━━━━━━━━━━━━━━━━━━━━━━━━━━━━━━━━ 302.2/302.2 kB 19.6 MB/s eta 0:00:00
Using cached packaging-23.2-py3-none-any.whl (53 kB)
Using cached pytz-2023.3.post1-py2.py3-none-any.whl (502 kB)
Downloading threadpoolctl-3.2.0-py3-none-any.whl (15 kB)
Installing collected packages: pytz, tzdata, threadpoolctl, six, packaging, numpy, joblib, scipy, python-dateutil, patsy, scikit-learn, pandas, statsmodels, category-encoders
Successfully installed category-encoders-2.5.1.post0 joblib-1.3.2 numpy-1.26.2 packaging-23.2 pandas-2.1.3 patsy-0.5.3 python-dateutil-2.8.2 pytz-2023.3.post1 scikit-learn-1.3.2 scipy-1.11.4 six-1.16.0 statsmodels-0.14.0 threadpoolctl-3.2.0 tzdata-2023.3
