Collecting category-encoders==2.5.1.post0
  Downloading category_encoders-2.5.1.post0-py2.py3-none-any.whl (72 kB)
     ━━━━━━━━━━━━━━━━━━━━━━━━━━━━━━━━━━━━━━━━ 72.4/72.4 kB 1.6 MB/s eta 0:00:00
Collecting numpy>=1.14.0
  Using cached numpy-1.23.5-graalpy310-graalpy231_310_native-linux_x86_64.whl
Collecting scikit-learn>=0.20.0
  Using cached scikit_learn-1.1.3-graalpy310-graalpy231_310_native-linux_x86_64.whl
Collecting scipy>=1.0.0
  Using cached scipy-1.10.1-graalpy310-graalpy231_310_native-linux_x86_64.whl
Collecting statsmodels>=0.9.0
  Downloading statsmodels-0.14.0.tar.gz (19.4 MB)
     ━━━━━━━━━━━━━━━━━━━━━━━━━━━━━━━━━━━━━━━━ 19.4/19.4 MB 6.4 MB/s eta 0:00:00
Looking for GraalPy patches for statsmodels
  Installing build dependencies: started
  Installing build dependencies: still running...
  Installing build dependencies: finished with status 'done'
  Getting requirements to build wheel: started
  Getting requirements to build wheel: still running...
  Getting requirements to build wheel: still running...
  Getting requirements to build wheel: still running...
  Getting requirements to build wheel: still running...
  Getting requirements to build wheel: still running...
  Getting requirements to build wheel: still running...
  Getting requirements to build wheel: still running...
  Getting requirements to build wheel: finished with status 'done'
  Installing backend dependencies: started
  Installing backend dependencies: finished with status 'done'
  Preparing metadata (pyproject.toml): started
  Preparing metadata (pyproject.toml): finished with status 'done'
Collecting pandas>=1.0.5
  Using cached pandas-1.5.2-graalpy310-graalpy231_310_native-linux_x86_64.whl
Collecting patsy>=0.5.1
  Downloading patsy-0.5.3-py2.py3-none-any.whl (233 kB)
     ━━━━━━━━━━━━━━━━━━━━━━━━━━━━━━━━━━━━━━━ 233.8/233.8 kB 3.1 MB/s eta 0:00:00
Collecting python-dateutil>=2.8.1
  Using cached python_dateutil-2.8.2-py2.py3-none-any.whl (247 kB)
Collecting pytz>=2020.1
  Using cached pytz-2022.2.1-py2.py3-none-any.whl (500 kB)
Collecting six
  Using cached six-1.16.0-py2.py3-none-any.whl (11 kB)
Collecting joblib>=1.0.0
  Using cached joblib-1.3.2-py3-none-any.whl (302 kB)
Collecting threadpoolctl>=2.0.0
  Using cached threadpoolctl-3.2.0-py3-none-any.whl (15 kB)
Collecting packaging>=21.3
  Using cached packaging-23.2-py3-none-any.whl (53 kB)
Building wheels for collected packages: statsmodels
  Building wheel for statsmodels (pyproject.toml): started
  Building wheel for statsmodels (pyproject.toml): finished with status 'done'
  Created wheel for statsmodels: filename=statsmodels-0.14.0-graalpy310-graalpy231_310_native-linux_x86_64.whl size=9990186 sha256=ed735db22eaae97972521f9adc6e5645232157ffc76576645001adc9460b09d7
  Stored in directory: /workdir/.cache/pip-graalpy/wheels/3a/7b/86/fb33a0288299bdf44e92ccfd6092c81d1f625073ed06bdfaa5
Successfully built statsmodels
Installing collected packages: pytz, threadpoolctl, six, packaging, numpy, joblib, scipy, python-dateutil, patsy, scikit-learn, pandas, statsmodels, category-encoders
Looking for GraalPy patches for pytz
Patching package pytz using /opt/graalpy/lib/graalpy23.1/patches/pytz/pytz-2022.2.1.patch
Looking for GraalPy patches for threadpoolctl
Looking for GraalPy patches for six
Looking for GraalPy patches for packaging
Patching package packaging using /opt/graalpy/lib/graalpy23.1/patches/packaging/packaging.patch
patching file packaging/tags.py
Hunk #1 FAILED at 4.
Hunk #2 FAILED at 37.
2 out of 2 hunks FAILED -- saving rejects to file packaging/tags.py.rej
Applying GraalPy patch failed for packaging. The package may still work.
Looking for GraalPy patches for numpy
We have patches to make this package work on GraalVM for some version(s).
If installing or running fails, consider using one of the versions that we have patches for:
numpy == 1.16.4
numpy == 1.19.5
numpy == 1.21.6
numpy == 1.22.4
numpy == 1.23.4
numpy == 1.23.1
numpy == 1.23.5
Looking for GraalPy patches for joblib
Looking for GraalPy patches for scipy
We have patches to make this package work on GraalVM for some version(s).
If installing or running fails, consider using one of the versions that we have patches for:
scipy == 1.4.1
scipy == 1.7.3
scipy == 1.8.1
scipy == 1.9.3
scipy == 1.10.1
Looking for GraalPy patches for python_dateutil
Looking for GraalPy patches for patsy
Looking for GraalPy patches for scikit_learn
Patching package scikit_learn using /opt/graalpy/lib/graalpy23.1/patches/scikit-learn/scikit-learn-1.1.3.patch
patching file sklearn/_build_utils/__init__.py
Hunk #1 FAILED at 61.
1 out of 1 hunk FAILED -- saving rejects to file sklearn/_build_utils/__init__.py.rej
Applying GraalPy patch failed for scikit_learn. The package may still work.
Looking for GraalPy patches for pandas
We have patches to make this package work on GraalVM for some version(s).
If installing or running fails, consider using one of the versions that we have patches for:
pandas == 1.4.3
pandas == 1.5.2
Looking for GraalPy patches for statsmodels
Looking for GraalPy patches for category_encoders
Successfully installed category-encoders-2.5.1.post0 joblib-1.3.2 numpy-1.23.5 packaging-23.2 pandas-1.5.2 patsy-0.5.3 python-dateutil-2.8.2 pytz-2022.2.1 scikit-learn-1.1.3 scipy-1.10.1 six-1.16.0 statsmodels-0.14.0 threadpoolctl-3.2.0
