Collecting black==22.10.0
  Downloading black-22.10.0-py3-none-any.whl (165 kB)
     ━━━━━━━━━━━━━━━━━━━━━━━━━━━━━━━━━━━━━━━ 165.8/165.8 kB 3.6 MB/s eta 0:00:00
Collecting click>=8.0.0
  Downloading click-8.1.7-py3-none-any.whl (97 kB)
     ━━━━━━━━━━━━━━━━━━━━━━━━━━━━━━━━━━━━━━━━ 97.9/97.9 kB 3.0 MB/s eta 0:00:00
Collecting mypy-extensions>=0.4.3
  Downloading mypy_extensions-1.0.0-py3-none-any.whl (4.7 kB)
Collecting pathspec>=0.9.0
  Using cached pathspec-0.11.2-py3-none-any.whl (29 kB)
Collecting platformdirs>=2
  Downloading platformdirs-4.0.0-py3-none-any.whl (17 kB)
Collecting tomli>=1.1.0
  Using cached tomli-2.0.1-py3-none-any.whl (12 kB)
Installing collected packages: tomli, platformdirs, pathspec, mypy-extensions, click, black
Looking for GraalPy patches for tomli
Looking for GraalPy patches for platformdirs
Looking for GraalPy patches for pathspec
Looking for GraalPy patches for mypy_extensions
Looking for GraalPy patches for click
Looking for GraalPy patches for black
Successfully installed black-22.10.0 click-8.1.7 mypy-extensions-1.0.0 pathspec-0.11.2 platformdirs-4.0.0 tomli-2.0.1
