Collecting moviepy==1.0.3
  Downloading moviepy-1.0.3.tar.gz (388 kB)
     ━━━━━━━━━━━━━━━━━━━━━━━━━━━━━━━━━━━━━━━ 388.3/388.3 kB 7.7 MB/s eta 0:00:00
  Preparing metadata (setup.py): started
  Preparing metadata (setup.py): finished with status 'done'
Collecting decorator<5.0,>=4.0.2 (from moviepy==1.0.3)
  Downloading decorator-4.4.2-py2.py3-none-any.whl (9.2 kB)
Collecting tqdm<5.0,>=4.11.2 (from moviepy==1.0.3)
  Using cached tqdm-4.66.1-py3-none-any.whl.metadata (57 kB)
Collecting requests<3.0,>=2.8.1 (from moviepy==1.0.3)
  Using cached requests-2.31.0-py3-none-any.whl.metadata (4.6 kB)
Collecting proglog<=1.0.0 (from moviepy==1.0.3)
  Downloading proglog-0.1.10-py3-none-any.whl (6.1 kB)
Collecting numpy>=1.17.3 (from moviepy==1.0.3)
  Using cached numpy-1.26.2-cp310-cp310-manylinux_2_17_x86_64.manylinux2014_x86_64.whl.metadata (61 kB)
Collecting imageio<3.0,>=2.5 (from moviepy==1.0.3)
  Using cached imageio-2.33.0-py3-none-any.whl.metadata (4.9 kB)
Collecting imageio_ffmpeg>=0.2.0 (from moviepy==1.0.3)
  Downloading imageio_ffmpeg-0.4.9-py3-none-manylinux2010_x86_64.whl.metadata (1.7 kB)
Collecting pillow>=8.3.2 (from imageio<3.0,>=2.5->moviepy==1.0.3)
  Using cached Pillow-10.1.0-cp310-cp310-manylinux_2_28_x86_64.whl.metadata (9.5 kB)
Requirement already satisfied: setuptools in ./install-virtualenv/lib/python3.10/site-packages (from imageio_ffmpeg>=0.2.0->moviepy==1.0.3) (68.2.2)
Collecting charset-normalizer<4,>=2 (from requests<3.0,>=2.8.1->moviepy==1.0.3)
  Using cached charset_normalizer-3.3.2-cp310-cp310-manylinux_2_17_x86_64.manylinux2014_x86_64.whl.metadata (33 kB)
Collecting idna<4,>=2.5 (from requests<3.0,>=2.8.1->moviepy==1.0.3)
  Using cached idna-3.4-py3-none-any.whl (61 kB)
Collecting urllib3<3,>=1.21.1 (from requests<3.0,>=2.8.1->moviepy==1.0.3)
  Using cached urllib3-2.1.0-py3-none-any.whl.metadata (6.4 kB)
Collecting certifi>=2017.4.17 (from requests<3.0,>=2.8.1->moviepy==1.0.3)
  Using cached certifi-2023.11.17-py3-none-any.whl.metadata (2.2 kB)
Using cached imageio-2.33.0-py3-none-any.whl (313 kB)
Downloading imageio_ffmpeg-0.4.9-py3-none-manylinux2010_x86_64.whl (26.9 MB)
   ━━━━━━━━━━━━━━━━━━━━━━━━━━━━━━━━━━━━━━━━ 26.9/26.9 MB 28.1 MB/s eta 0:00:00
Using cached numpy-1.26.2-cp310-cp310-manylinux_2_17_x86_64.manylinux2014_x86_64.whl (18.2 MB)
Using cached requests-2.31.0-py3-none-any.whl (62 kB)
Using cached tqdm-4.66.1-py3-none-any.whl (78 kB)
Using cached certifi-2023.11.17-py3-none-any.whl (162 kB)
Using cached charset_normalizer-3.3.2-cp310-cp310-manylinux_2_17_x86_64.manylinux2014_x86_64.whl (142 kB)
Using cached Pillow-10.1.0-cp310-cp310-manylinux_2_28_x86_64.whl (3.6 MB)
Using cached urllib3-2.1.0-py3-none-any.whl (104 kB)
Building wheels for collected packages: moviepy
  Building wheel for moviepy (setup.py): started
  Building wheel for moviepy (setup.py): finished with status 'done'
  Created wheel for moviepy: filename=moviepy-1.0.3-py3-none-any.whl size=110721 sha256=1b4be6a2667eea41ef0bc529715ef171b982b6fa808fb02979027d0793023117
  Stored in directory: /workdir/.cache/pip/wheels/96/32/2d/e10123bd88fbfc02fed53cc18c80a171d3c87479ed845fa7c1
Successfully built moviepy
Installing collected packages: urllib3, tqdm, pillow, numpy, imageio_ffmpeg, idna, decorator, charset-normalizer, certifi, requests, proglog, imageio, moviepy
Successfully installed certifi-2023.11.17 charset-normalizer-3.3.2 decorator-4.4.2 idna-3.4 imageio-2.33.0 imageio_ffmpeg-0.4.9 moviepy-1.0.3 numpy-1.26.2 pillow-10.1.0 proglog-0.1.10 requests-2.31.0 tqdm-4.66.1 urllib3-2.1.0
