Collecting moviepy==1.0.3
  Downloading moviepy-1.0.3.tar.gz (388 kB)
     ━━━━━━━━━━━━━━━━━━━━━━━━━━━━━━━━━━━━━━━ 388.3/388.3 kB 5.4 MB/s eta 0:00:00
Looking for GraalPy patches for moviepy
  Preparing metadata (setup.py): started
  Preparing metadata (setup.py): finished with status 'done'
Collecting decorator<5.0,>=4.0.2
  Downloading decorator-4.4.2-py2.py3-none-any.whl (9.2 kB)
Collecting tqdm<5.0,>=4.11.2
  Using cached tqdm-4.66.1-py3-none-any.whl (78 kB)
Collecting requests<3.0,>=2.8.1
  Using cached requests-2.31.0-py3-none-any.whl (62 kB)
Collecting proglog<=1.0.0
  Downloading proglog-0.1.10-py3-none-any.whl (6.1 kB)
Collecting numpy>=1.17.3
  Using cached numpy-1.23.5-graalpy310-graalpy231_310_native-linux_x86_64.whl
Collecting imageio<3.0,>=2.5
  Downloading imageio-2.33.0-py3-none-any.whl (313 kB)
     ━━━━━━━━━━━━━━━━━━━━━━━━━━━━━━━━━━━━━━━ 313.3/313.3 kB 5.7 MB/s eta 0:00:00
Collecting imageio_ffmpeg>=0.2.0
  Downloading imageio_ffmpeg-0.4.9-py3-none-manylinux2010_x86_64.whl (26.9 MB)
     ━━━━━━━━━━━━━━━━━━━━━━━━━━━━━━━━━━━━━━━━ 26.9/26.9 MB 4.3 MB/s eta 0:00:00
Collecting pillow>=8.3.2
  Using cached Pillow-10.1.0-graalpy310-graalpy231_310_native-linux_x86_64.whl
Requirement already satisfied: setuptools in ./install-virtualenv/lib/python3.10/site-packages (from imageio_ffmpeg>=0.2.0->moviepy==1.0.3) (63.2.0)
Collecting charset-normalizer<4,>=2
  Using cached charset_normalizer-3.1.0-py3-none-any.whl (46 kB)
Collecting idna<4,>=2.5
  Using cached idna-3.4-py3-none-any.whl (61 kB)
Collecting urllib3<3,>=1.21.1
  Using cached urllib3-2.1.0-py3-none-any.whl (104 kB)
Collecting certifi>=2017.4.17
  Using cached certifi-2023.11.17-py3-none-any.whl (162 kB)
Building wheels for collected packages: moviepy
  Building wheel for moviepy (setup.py): started
  Building wheel for moviepy (setup.py): finished with status 'done'
  Created wheel for moviepy: filename=moviepy-1.0.3-py3-none-any.whl size=110736 sha256=776eaa0b5279662c63bd34caa66413d7120131401f0da0879322fa0dde62f29e
  Stored in directory: /workdir/.cache/pip-graalpy/wheels/75/8b/1b/6a7b9e0aeb5d5229623a102222f1f7ef99617954ede992e1aa
Successfully built moviepy
Installing collected packages: urllib3, tqdm, pillow, numpy, imageio_ffmpeg, idna, decorator, charset-normalizer, certifi, requests, proglog, imageio, moviepy
Looking for GraalPy patches for urllib3
Looking for GraalPy patches for tqdm
Looking for GraalPy patches for Pillow
Looking for GraalPy patches for numpy
We have patches to make this package work on GraalVM for some version(s).
If installing or running fails, consider using one of the versions that we have patches for:
numpy == 1.16.4
numpy == 1.19.5
numpy == 1.21.6
numpy == 1.22.4
numpy == 1.23.4
numpy == 1.23.1
numpy == 1.23.5
Looking for GraalPy patches for imageio_ffmpeg
Looking for GraalPy patches for idna
Looking for GraalPy patches for decorator
Looking for GraalPy patches for charset_normalizer
Patching package charset_normalizer using /opt/graalpy/lib/graalpy23.1/patches/charset_normalizer/charset_normalizer-3.1.0.patch
patching file charset_normalizer/utils.py
Hunk #1 succeeded at 7 with fuzz 2 (offset -4 lines).
Hunk #2 succeeded at 258 with fuzz 2 (offset 11 lines).
Looking for GraalPy patches for certifi
Looking for GraalPy patches for requests
Looking for GraalPy patches for proglog
Looking for GraalPy patches for imageio
Looking for GraalPy patches for moviepy
Successfully installed certifi-2023.11.17 charset-normalizer-3.1.0 decorator-4.4.2 idna-3.4 imageio-2.33.0 imageio_ffmpeg-0.4.9 moviepy-1.0.3 numpy-1.23.5 pillow-10.1.0 proglog-0.1.10 requests-2.31.0 tqdm-4.66.1 urllib3-2.1.0
