Collecting trio==0.22.0
  Downloading trio-0.22.0-py3-none-any.whl (384 kB)
     ━━━━━━━━━━━━━━━━━━━━━━━━━━━━━━━━━━━━━━━ 384.9/384.9 kB 5.7 MB/s eta 0:00:00
Collecting attrs>=19.2.0 (from trio==0.22.0)
  Using cached attrs-23.1.0-py3-none-any.whl (61 kB)
Collecting sortedcontainers (from trio==0.22.0)
  Using cached sortedcontainers-2.4.0-py2.py3-none-any.whl (29 kB)
Collecting async-generator>=1.9 (from trio==0.22.0)
  Using cached async_generator-1.10-py3-none-any.whl (18 kB)
Collecting idna (from trio==0.22.0)
  Using cached idna-3.6-py3-none-any.whl.metadata (9.9 kB)
Collecting outcome (from trio==0.22.0)
  Using cached outcome-1.3.0.post0-py2.py3-none-any.whl.metadata (2.6 kB)
Collecting sniffio (from trio==0.22.0)
  Using cached sniffio-1.3.0-py3-none-any.whl (10 kB)
Collecting exceptiongroup>=1.0.0rc9 (from trio==0.22.0)
  Using cached exceptiongroup-1.2.0-py3-none-any.whl.metadata (6.6 kB)
Using cached exceptiongroup-1.2.0-py3-none-any.whl (16 kB)
Using cached idna-3.6-py3-none-any.whl (61 kB)
Using cached outcome-1.3.0.post0-py2.py3-none-any.whl (10 kB)
Installing collected packages: sortedcontainers, sniffio, idna, exceptiongroup, attrs, async-generator, outcome, trio
Successfully installed async-generator-1.10 attrs-23.1.0 exceptiongroup-1.2.0 idna-3.6 outcome-1.3.0.post0 sniffio-1.3.0 sortedcontainers-2.4.0 trio-0.22.0
