Collecting trio==0.22.0
  Downloading trio-0.22.0-py3-none-any.whl (384 kB)
     ━━━━━━━━━━━━━━━━━━━━━━━━━━━━━━━━━━━━━━━ 384.9/384.9 kB 1.7 MB/s eta 0:00:00
Collecting attrs>=19.2.0
  Using cached attrs-23.1.0-py3-none-any.whl (61 kB)
Collecting sortedcontainers
  Using cached sortedcontainers-2.4.0-py2.py3-none-any.whl (29 kB)
Collecting async-generator>=1.9
  Using cached async_generator-1.10-py3-none-any.whl (18 kB)
Collecting idna
  Using cached idna-3.6-py3-none-any.whl (61 kB)
Collecting outcome
  Using cached outcome-1.3.0.post0-py2.py3-none-any.whl (10 kB)
Collecting sniffio
  Using cached sniffio-1.3.0-py3-none-any.whl (10 kB)
Collecting exceptiongroup>=1.0.0rc9
  Using cached exceptiongroup-1.2.0-py3-none-any.whl (16 kB)
Installing collected packages: sortedcontainers, sniffio, idna, exceptiongroup, attrs, async-generator, outcome, trio
Looking for GraalPy patches for sortedcontainers
Looking for GraalPy patches for sniffio
Looking for GraalPy patches for idna
Looking for GraalPy patches for exceptiongroup
Looking for GraalPy patches for attrs
Looking for GraalPy patches for async_generator
Looking for GraalPy patches for outcome
Looking for GraalPy patches for trio
Successfully installed async-generator-1.10 attrs-23.1.0 exceptiongroup-1.2.0 idna-3.6 outcome-1.3.0.post0 sniffio-1.3.0 sortedcontainers-2.4.0 trio-0.22.0
