Collecting nbconvert==7.2.6
  Downloading nbconvert-7.2.6-py3-none-any.whl (273 kB)
     ━━━━━━━━━━━━━━━━━━━━━━━━━━━━━━━━━━━━━━━ 273.2/273.2 kB 5.1 MB/s eta 0:00:00
Collecting beautifulsoup4 (from nbconvert==7.2.6)
  Using cached beautifulsoup4-4.12.2-py3-none-any.whl (142 kB)
Collecting bleach (from nbconvert==7.2.6)
  Using cached bleach-6.1.0-py3-none-any.whl.metadata (30 kB)
Collecting defusedxml (from nbconvert==7.2.6)
  Using cached defusedxml-0.7.1-py2.py3-none-any.whl (25 kB)
Collecting jinja2>=3.0 (from nbconvert==7.2.6)
  Using cached Jinja2-3.1.2-py3-none-any.whl (133 kB)
Collecting jupyter-core>=4.7 (from nbconvert==7.2.6)
  Using cached jupyter_core-5.5.0-py3-none-any.whl.metadata (3.4 kB)
Collecting jupyterlab-pygments (from nbconvert==7.2.6)
  Using cached jupyterlab_pygments-0.2.2-py2.py3-none-any.whl (21 kB)
Collecting markupsafe>=2.0 (from nbconvert==7.2.6)
  Using cached MarkupSafe-2.1.3-cp310-cp310-manylinux_2_17_x86_64.manylinux2014_x86_64.whl.metadata (3.0 kB)
Collecting mistune<3,>=2.0.3 (from nbconvert==7.2.6)
  Downloading mistune-2.0.5-py2.py3-none-any.whl (24 kB)
Collecting nbclient>=0.5.0 (from nbconvert==7.2.6)
  Using cached nbclient-0.9.0-py3-none-any.whl.metadata (7.8 kB)
Collecting nbformat>=5.1 (from nbconvert==7.2.6)
  Using cached nbformat-5.9.2-py3-none-any.whl.metadata (3.4 kB)
Collecting packaging (from nbconvert==7.2.6)
  Using cached packaging-23.2-py3-none-any.whl.metadata (3.2 kB)
Collecting pandocfilters>=1.4.1 (from nbconvert==7.2.6)
  Using cached pandocfilters-1.5.0-py2.py3-none-any.whl (8.7 kB)
Collecting pygments>=2.4.1 (from nbconvert==7.2.6)
  Using cached pygments-2.17.2-py3-none-any.whl.metadata (2.6 kB)
Collecting tinycss2 (from nbconvert==7.2.6)
  Using cached tinycss2-1.2.1-py3-none-any.whl (21 kB)
Collecting traitlets>=5.0 (from nbconvert==7.2.6)
  Using cached traitlets-5.13.0-py3-none-any.whl.metadata (10 kB)
Collecting platformdirs>=2.5 (from jupyter-core>=4.7->nbconvert==7.2.6)
  Using cached platformdirs-4.0.0-py3-none-any.whl.metadata (11 kB)
Collecting jupyter-client>=6.1.12 (from nbclient>=0.5.0->nbconvert==7.2.6)
  Using cached jupyter_client-8.6.0-py3-none-any.whl.metadata (8.3 kB)
Collecting fastjsonschema (from nbformat>=5.1->nbconvert==7.2.6)
  Using cached fastjsonschema-2.19.0-py3-none-any.whl.metadata (2.0 kB)
Collecting jsonschema>=2.6 (from nbformat>=5.1->nbconvert==7.2.6)
  Using cached jsonschema-4.20.0-py3-none-any.whl.metadata (8.1 kB)
Collecting soupsieve>1.2 (from beautifulsoup4->nbconvert==7.2.6)
  Using cached soupsieve-2.5-py3-none-any.whl.metadata (4.7 kB)
Collecting six>=1.9.0 (from bleach->nbconvert==7.2.6)
  Using cached six-1.16.0-py2.py3-none-any.whl (11 kB)
Collecting webencodings (from bleach->nbconvert==7.2.6)
  Using cached webencodings-0.5.1-py2.py3-none-any.whl (11 kB)
Collecting attrs>=22.2.0 (from jsonschema>=2.6->nbformat>=5.1->nbconvert==7.2.6)
  Using cached attrs-23.1.0-py3-none-any.whl (61 kB)
Collecting jsonschema-specifications>=2023.03.6 (from jsonschema>=2.6->nbformat>=5.1->nbconvert==7.2.6)
  Using cached jsonschema_specifications-2023.11.1-py3-none-any.whl.metadata (2.8 kB)
Collecting referencing>=0.28.4 (from jsonschema>=2.6->nbformat>=5.1->nbconvert==7.2.6)
  Using cached referencing-0.31.0-py3-none-any.whl.metadata (2.6 kB)
Collecting rpds-py>=0.7.1 (from jsonschema>=2.6->nbformat>=5.1->nbconvert==7.2.6)
  Using cached rpds_py-0.13.1-cp310-cp310-manylinux_2_17_x86_64.manylinux2014_x86_64.whl.metadata (3.7 kB)
Collecting python-dateutil>=2.8.2 (from jupyter-client>=6.1.12->nbclient>=0.5.0->nbconvert==7.2.6)
  Using cached python_dateutil-2.8.2-py2.py3-none-any.whl (247 kB)
Collecting pyzmq>=23.0 (from jupyter-client>=6.1.12->nbclient>=0.5.0->nbconvert==7.2.6)
  Using cached pyzmq-25.1.1-cp310-cp310-manylinux_2_28_x86_64.whl.metadata (4.9 kB)
Collecting tornado>=6.2 (from jupyter-client>=6.1.12->nbclient>=0.5.0->nbconvert==7.2.6)
  Using cached tornado-6.3.3-cp38-abi3-manylinux_2_5_x86_64.manylinux1_x86_64.manylinux_2_17_x86_64.manylinux2014_x86_64.whl.metadata (2.5 kB)
Using cached jupyter_core-5.5.0-py3-none-any.whl (28 kB)
Using cached MarkupSafe-2.1.3-cp310-cp310-manylinux_2_17_x86_64.manylinux2014_x86_64.whl (25 kB)
Using cached nbclient-0.9.0-py3-none-any.whl (24 kB)
Using cached nbformat-5.9.2-py3-none-any.whl (77 kB)
Using cached pygments-2.17.2-py3-none-any.whl (1.2 MB)
Using cached traitlets-5.13.0-py3-none-any.whl (84 kB)
Using cached bleach-6.1.0-py3-none-any.whl (162 kB)
Using cached packaging-23.2-py3-none-any.whl (53 kB)
Using cached jsonschema-4.20.0-py3-none-any.whl (84 kB)
Using cached jupyter_client-8.6.0-py3-none-any.whl (105 kB)
Using cached platformdirs-4.0.0-py3-none-any.whl (17 kB)
Using cached soupsieve-2.5-py3-none-any.whl (36 kB)
Using cached fastjsonschema-2.19.0-py3-none-any.whl (23 kB)
Using cached jsonschema_specifications-2023.11.1-py3-none-any.whl (17 kB)
Using cached pyzmq-25.1.1-cp310-cp310-manylinux_2_28_x86_64.whl (1.1 MB)
Using cached referencing-0.31.0-py3-none-any.whl (25 kB)
Using cached rpds_py-0.13.1-cp310-cp310-manylinux_2_17_x86_64.manylinux2014_x86_64.whl (1.2 MB)
Using cached tornado-6.3.3-cp38-abi3-manylinux_2_5_x86_64.manylinux1_x86_64.manylinux_2_17_x86_64.manylinux2014_x86_64.whl (427 kB)
Installing collected packages: webencodings, mistune, fastjsonschema, traitlets, tornado, tinycss2, soupsieve, six, rpds-py, pyzmq, pygments, platformdirs, pandocfilters, packaging, markupsafe, jupyterlab-pygments, defusedxml, attrs, referencing, python-dateutil, jupyter-core, jinja2, bleach, beautifulsoup4, jupyter-client, jsonschema-specifications, jsonschema, nbformat, nbclient, nbconvert
Successfully installed attrs-23.1.0 beautifulsoup4-4.12.2 bleach-6.1.0 defusedxml-0.7.1 fastjsonschema-2.19.0 jinja2-3.1.2 jsonschema-4.20.0 jsonschema-specifications-2023.11.1 jupyter-client-8.6.0 jupyter-core-5.5.0 jupyterlab-pygments-0.2.2 markupsafe-2.1.3 mistune-2.0.5 nbclient-0.9.0 nbconvert-7.2.6 nbformat-5.9.2 packaging-23.2 pandocfilters-1.5.0 platformdirs-4.0.0 pygments-2.17.2 python-dateutil-2.8.2 pyzmq-25.1.1 referencing-0.31.0 rpds-py-0.13.1 six-1.16.0 soupsieve-2.5 tinycss2-1.2.1 tornado-6.3.3 traitlets-5.13.0 webencodings-0.5.1
