Collecting nbconvert==7.2.6
  Downloading nbconvert-7.2.6-py3-none-any.whl (273 kB)
     ━━━━━━━━━━━━━━━━━━━━━━━━━━━━━━━━━━━━━━━ 273.2/273.2 kB 4.3 MB/s eta 0:00:00
Collecting beautifulsoup4
  Using cached beautifulsoup4-4.12.2-py3-none-any.whl (142 kB)
Collecting bleach
  Using cached bleach-6.1.0-py3-none-any.whl (162 kB)
Collecting defusedxml
  Using cached defusedxml-0.7.1-py2.py3-none-any.whl (25 kB)
Collecting jinja2>=3.0
  Using cached Jinja2-3.1.2-py3-none-any.whl (133 kB)
Collecting jupyter-core>=4.7
  Using cached jupyter_core-5.5.0-py3-none-any.whl (28 kB)
Collecting jupyterlab-pygments
  Using cached jupyterlab_pygments-0.2.2-py2.py3-none-any.whl (21 kB)
Collecting markupsafe>=2.0
  Using cached MarkupSafe-2.1.3-py3-none-any.whl
Collecting mistune<3,>=2.0.3
  Downloading mistune-2.0.5-py2.py3-none-any.whl (24 kB)
Collecting nbclient>=0.5.0
  Using cached nbclient-0.9.0-py3-none-any.whl (24 kB)
Collecting nbformat>=5.1
  Using cached nbformat-5.9.2-py3-none-any.whl (77 kB)
Collecting packaging
  Using cached packaging-23.2-py3-none-any.whl (53 kB)
Collecting pandocfilters>=1.4.1
  Using cached pandocfilters-1.5.0-py2.py3-none-any.whl (8.7 kB)
Collecting pygments>=2.4.1
  Using cached pygments-2.17.2-py3-none-any.whl (1.2 MB)
Collecting tinycss2
  Using cached tinycss2-1.2.1-py3-none-any.whl (21 kB)
Collecting traitlets>=5.0
  Using cached traitlets-5.13.0-py3-none-any.whl (84 kB)
Collecting platformdirs>=2.5
  Using cached platformdirs-4.0.0-py3-none-any.whl (17 kB)
Collecting jupyter-client>=6.1.12
  Using cached jupyter_client-8.6.0-py3-none-any.whl (105 kB)
Collecting fastjsonschema
  Using cached fastjsonschema-2.19.0-py3-none-any.whl (23 kB)
Collecting jsonschema>=2.6
  Using cached jsonschema-4.17.3-py3-none-any.whl (90 kB)
Collecting soupsieve>1.2
  Using cached soupsieve-2.5-py3-none-any.whl (36 kB)
Collecting six>=1.9.0
  Using cached six-1.16.0-py2.py3-none-any.whl (11 kB)
Collecting webencodings
  Using cached webencodings-0.5.1-py2.py3-none-any.whl (11 kB)
Collecting attrs>=17.4.0
  Using cached attrs-23.1.0-py3-none-any.whl (61 kB)
Collecting pyrsistent!=0.17.0,!=0.17.1,!=0.17.2,>=0.14.0
  Using cached pyrsistent-0.20.0-py3-none-any.whl (58 kB)
Collecting python-dateutil>=2.8.2
  Using cached python_dateutil-2.8.2-py2.py3-none-any.whl (247 kB)
Collecting pyzmq>=23.0
  Using cached pyzmq-25.1.1-graalpy310-graalpy231_310_native-linux_x86_64.whl
Collecting tornado>=6.2
  Using cached tornado-6.3.3-py3-none-any.whl
Installing collected packages: webencodings, mistune, fastjsonschema, traitlets, tornado, tinycss2, soupsieve, six, pyzmq, pyrsistent, pygments, platformdirs, pandocfilters, packaging, markupsafe, jupyterlab-pygments, defusedxml, attrs, python-dateutil, jupyter-core, jsonschema, jinja2, bleach, beautifulsoup4, nbformat, jupyter-client, nbclient, nbconvert
Looking for GraalPy patches for webencodings
Looking for GraalPy patches for mistune
Looking for GraalPy patches for fastjsonschema
Looking for GraalPy patches for traitlets
Looking for GraalPy patches for tornado
Looking for GraalPy patches for tinycss2
Looking for GraalPy patches for soupsieve
Looking for GraalPy patches for six
Looking for GraalPy patches for pyzmq
Looking for GraalPy patches for pyrsistent
Looking for GraalPy patches for pygments
Looking for GraalPy patches for platformdirs
Looking for GraalPy patches for pandocfilters
Looking for GraalPy patches for packaging
Patching package packaging using /opt/graalpy/lib/graalpy23.1/patches/packaging/packaging.patch
patching file packaging/tags.py
Hunk #1 FAILED at 4.
Hunk #2 FAILED at 37.
2 out of 2 hunks FAILED -- saving rejects to file packaging/tags.py.rej
Applying GraalPy patch failed for packaging. The package may still work.
Looking for GraalPy patches for MarkupSafe
Looking for GraalPy patches for jupyterlab_pygments
Looking for GraalPy patches for defusedxml
Looking for GraalPy patches for attrs
Looking for GraalPy patches for python_dateutil
Looking for GraalPy patches for jupyter_core
Looking for GraalPy patches for jsonschema
Looking for GraalPy patches for Jinja2
Looking for GraalPy patches for bleach
Looking for GraalPy patches for beautifulsoup4
Looking for GraalPy patches for nbformat
Looking for GraalPy patches for jupyter_client
Looking for GraalPy patches for nbclient
Looking for GraalPy patches for nbconvert
Successfully installed attrs-23.1.0 beautifulsoup4-4.12.2 bleach-6.1.0 defusedxml-0.7.1 fastjsonschema-2.19.0 jinja2-3.1.2 jsonschema-4.17.3 jupyter-client-8.6.0 jupyter-core-5.5.0 jupyterlab-pygments-0.2.2 markupsafe-2.1.3 mistune-2.0.5 nbclient-0.9.0 nbconvert-7.2.6 nbformat-5.9.2 packaging-23.2 pandocfilters-1.5.0 platformdirs-4.0.0 pygments-2.17.2 pyrsistent-0.20.0 python-dateutil-2.8.2 pyzmq-25.1.1 six-1.16.0 soupsieve-2.5 tinycss2-1.2.1 tornado-6.3.3 traitlets-5.13.0 webencodings-0.5.1
