Collecting cookiecutter==2.1.1
  Downloading cookiecutter-2.1.1-py2.py3-none-any.whl (36 kB)
Collecting binaryornot>=0.4.4 (from cookiecutter==2.1.1)
  Downloading binaryornot-0.4.4-py2.py3-none-any.whl (9.0 kB)
Collecting Jinja2<4.0.0,>=2.7 (from cookiecutter==2.1.1)
  Using cached Jinja2-3.1.2-py3-none-any.whl (133 kB)
Collecting click<9.0.0,>=7.0 (from cookiecutter==2.1.1)
  Using cached click-8.1.7-py3-none-any.whl.metadata (3.0 kB)
Collecting pyyaml>=5.3.1 (from cookiecutter==2.1.1)
  Using cached PyYAML-6.0.1-cp310-cp310-manylinux_2_17_x86_64.manylinux2014_x86_64.whl.metadata (2.1 kB)
Collecting jinja2-time>=0.2.0 (from cookiecutter==2.1.1)
  Downloading jinja2_time-0.2.0-py2.py3-none-any.whl (6.4 kB)
Collecting python-slugify>=4.0.0 (from cookiecutter==2.1.1)
  Downloading python_slugify-8.0.1-py2.py3-none-any.whl (9.7 kB)
Collecting requests>=2.23.0 (from cookiecutter==2.1.1)
  Using cached requests-2.31.0-py3-none-any.whl.metadata (4.6 kB)
Collecting chardet>=3.0.2 (from binaryornot>=0.4.4->cookiecutter==2.1.1)
  Using cached chardet-5.2.0-py3-none-any.whl.metadata (3.4 kB)
Collecting MarkupSafe>=2.0 (from Jinja2<4.0.0,>=2.7->cookiecutter==2.1.1)
  Using cached MarkupSafe-2.1.3-cp310-cp310-manylinux_2_17_x86_64.manylinux2014_x86_64.whl.metadata (3.0 kB)
Collecting arrow (from jinja2-time>=0.2.0->cookiecutter==2.1.1)
  Downloading arrow-1.3.0-py3-none-any.whl.metadata (7.5 kB)
Collecting text-unidecode>=1.3 (from python-slugify>=4.0.0->cookiecutter==2.1.1)
  Downloading text_unidecode-1.3-py2.py3-none-any.whl (78 kB)
     ━━━━━━━━━━━━━━━━━━━━━━━━━━━━━━━━━━━━━━━━ 78.2/78.2 kB 10.1 MB/s eta 0:00:00
Collecting charset-normalizer<4,>=2 (from requests>=2.23.0->cookiecutter==2.1.1)
  Using cached charset_normalizer-3.3.2-cp310-cp310-manylinux_2_17_x86_64.manylinux2014_x86_64.whl.metadata (33 kB)
Collecting idna<4,>=2.5 (from requests>=2.23.0->cookiecutter==2.1.1)
  Using cached idna-3.4-py3-none-any.whl (61 kB)
Collecting urllib3<3,>=1.21.1 (from requests>=2.23.0->cookiecutter==2.1.1)
  Using cached urllib3-2.1.0-py3-none-any.whl.metadata (6.4 kB)
Collecting certifi>=2017.4.17 (from requests>=2.23.0->cookiecutter==2.1.1)
  Using cached certifi-2023.11.17-py3-none-any.whl.metadata (2.2 kB)
Collecting python-dateutil>=2.7.0 (from arrow->jinja2-time>=0.2.0->cookiecutter==2.1.1)
  Using cached python_dateutil-2.8.2-py2.py3-none-any.whl (247 kB)
Collecting types-python-dateutil>=2.8.10 (from arrow->jinja2-time>=0.2.0->cookiecutter==2.1.1)
  Using cached types_python_dateutil-2.8.19.14-py3-none-any.whl.metadata (1.6 kB)
Collecting six>=1.5 (from python-dateutil>=2.7.0->arrow->jinja2-time>=0.2.0->cookiecutter==2.1.1)
  Using cached six-1.16.0-py2.py3-none-any.whl (11 kB)
Using cached click-8.1.7-py3-none-any.whl (97 kB)
Using cached PyYAML-6.0.1-cp310-cp310-manylinux_2_17_x86_64.manylinux2014_x86_64.whl (705 kB)
Using cached requests-2.31.0-py3-none-any.whl (62 kB)
Using cached certifi-2023.11.17-py3-none-any.whl (162 kB)
Using cached chardet-5.2.0-py3-none-any.whl (199 kB)
Using cached charset_normalizer-3.3.2-cp310-cp310-manylinux_2_17_x86_64.manylinux2014_x86_64.whl (142 kB)
Using cached MarkupSafe-2.1.3-cp310-cp310-manylinux_2_17_x86_64.manylinux2014_x86_64.whl (25 kB)
Using cached urllib3-2.1.0-py3-none-any.whl (104 kB)
Downloading arrow-1.3.0-py3-none-any.whl (66 kB)
   ━━━━━━━━━━━━━━━━━━━━━━━━━━━━━━━━━━━━━━━━ 66.4/66.4 kB 11.8 MB/s eta 0:00:00
Downloading types_python_dateutil-2.8.19.14-py3-none-any.whl (9.4 kB)
Installing collected packages: types-python-dateutil, text-unidecode, urllib3, six, pyyaml, python-slugify, MarkupSafe, idna, click, charset-normalizer, chardet, certifi, requests, python-dateutil, Jinja2, binaryornot, arrow, jinja2-time, cookiecutter
Successfully installed Jinja2-3.1.2 MarkupSafe-2.1.3 arrow-1.3.0 binaryornot-0.4.4 certifi-2023.11.17 chardet-5.2.0 charset-normalizer-3.3.2 click-8.1.7 cookiecutter-2.1.1 idna-3.4 jinja2-time-0.2.0 python-dateutil-2.8.2 python-slugify-8.0.1 pyyaml-6.0.1 requests-2.31.0 six-1.16.0 text-unidecode-1.3 types-python-dateutil-2.8.19.14 urllib3-2.1.0
