Collecting cookiecutter==2.1.1
  Downloading cookiecutter-2.1.1-py2.py3-none-any.whl (36 kB)
Collecting binaryornot>=0.4.4
  Downloading binaryornot-0.4.4-py2.py3-none-any.whl (9.0 kB)
Collecting Jinja2<4.0.0,>=2.7
  Using cached Jinja2-3.1.2-py3-none-any.whl (133 kB)
Collecting click<9.0.0,>=7.0
  Using cached click-8.1.7-py3-none-any.whl (97 kB)
Collecting pyyaml>=5.3.1
  Using cached PyYAML-6.0.1-py3-none-any.whl
Collecting jinja2-time>=0.2.0
  Downloading jinja2_time-0.2.0-py2.py3-none-any.whl (6.4 kB)
Collecting python-slugify>=4.0.0
  Downloading python_slugify-8.0.1-py2.py3-none-any.whl (9.7 kB)
Collecting requests>=2.23.0
  Using cached requests-2.31.0-py3-none-any.whl (62 kB)
Collecting chardet>=3.0.2
  Downloading chardet-5.2.0-py3-none-any.whl (199 kB)
     ━━━━━━━━━━━━━━━━━━━━━━━━━━━━━━━━━━━━━━━ 199.4/199.4 kB 3.2 MB/s eta 0:00:00
Collecting MarkupSafe>=2.0
  Using cached MarkupSafe-2.1.3-py3-none-any.whl
Collecting arrow
  Using cached arrow-1.3.0-py3-none-any.whl (66 kB)
Collecting text-unidecode>=1.3
  Downloading text_unidecode-1.3-py2.py3-none-any.whl (78 kB)
     ━━━━━━━━━━━━━━━━━━━━━━━━━━━━━━━━━━━━━━━━ 78.2/78.2 kB 3.5 MB/s eta 0:00:00
Collecting charset-normalizer<4,>=2
  Using cached charset_normalizer-3.1.0-py3-none-any.whl (46 kB)
Collecting idna<4,>=2.5
  Using cached idna-3.4-py3-none-any.whl (61 kB)
Collecting urllib3<3,>=1.21.1
  Using cached urllib3-2.1.0-py3-none-any.whl (104 kB)
Collecting certifi>=2017.4.17
  Using cached certifi-2023.11.17-py3-none-any.whl (162 kB)
Collecting python-dateutil>=2.7.0
  Using cached python_dateutil-2.8.2-py2.py3-none-any.whl (247 kB)
Collecting types-python-dateutil>=2.8.10
  Using cached types_python_dateutil-2.8.19.14-py3-none-any.whl (9.4 kB)
Collecting six>=1.5
  Using cached six-1.16.0-py2.py3-none-any.whl (11 kB)
Installing collected packages: types-python-dateutil, text-unidecode, urllib3, six, pyyaml, python-slugify, MarkupSafe, idna, click, charset-normalizer, chardet, certifi, requests, python-dateutil, Jinja2, binaryornot, arrow, jinja2-time, cookiecutter
Looking for GraalPy patches for types_python_dateutil
Looking for GraalPy patches for text_unidecode
Looking for GraalPy patches for urllib3
Looking for GraalPy patches for six
Looking for GraalPy patches for PyYAML
Looking for GraalPy patches for python_slugify
Looking for GraalPy patches for MarkupSafe
Looking for GraalPy patches for idna
Looking for GraalPy patches for click
Looking for GraalPy patches for charset_normalizer
Patching package charset_normalizer using /opt/graalpy/lib/graalpy23.1/patches/charset_normalizer/charset_normalizer-3.1.0.patch
patching file charset_normalizer/utils.py
Hunk #1 succeeded at 7 with fuzz 2 (offset -4 lines).
Hunk #2 succeeded at 258 with fuzz 2 (offset 11 lines).
Looking for GraalPy patches for chardet
Looking for GraalPy patches for certifi
Looking for GraalPy patches for requests
Looking for GraalPy patches for python_dateutil
Looking for GraalPy patches for Jinja2
Looking for GraalPy patches for binaryornot
Looking for GraalPy patches for arrow
Looking for GraalPy patches for jinja2_time
Looking for GraalPy patches for cookiecutter
Successfully installed Jinja2-3.1.2 MarkupSafe-2.1.3 arrow-1.3.0 binaryornot-0.4.4 certifi-2023.11.17 chardet-5.2.0 charset-normalizer-3.1.0 click-8.1.7 cookiecutter-2.1.1 idna-3.4 jinja2-time-0.2.0 python-dateutil-2.8.2 python-slugify-8.0.1 pyyaml-6.0.1 requests-2.31.0 six-1.16.0 text-unidecode-1.3 types-python-dateutil-2.8.19.14 urllib3-2.1.0
