Collecting nbformat==5.7.0
  Downloading nbformat-5.7.0-py3-none-any.whl (77 kB)
     ━━━━━━━━━━━━━━━━━━━━━━━━━━━━━━━━━━━━━━━━ 77.1/77.1 kB 2.0 MB/s eta 0:00:00
Collecting fastjsonschema (from nbformat==5.7.0)
  Using cached fastjsonschema-2.19.0-py3-none-any.whl.metadata (2.0 kB)
Collecting jsonschema>=2.6 (from nbformat==5.7.0)
  Using cached jsonschema-4.20.0-py3-none-any.whl.metadata (8.1 kB)
Collecting jupyter-core (from nbformat==5.7.0)
  Using cached jupyter_core-5.5.0-py3-none-any.whl.metadata (3.4 kB)
Collecting traitlets>=5.1 (from nbformat==5.7.0)
  Using cached traitlets-5.13.0-py3-none-any.whl.metadata (10 kB)
Collecting attrs>=22.2.0 (from jsonschema>=2.6->nbformat==5.7.0)
  Using cached attrs-23.1.0-py3-none-any.whl (61 kB)
Collecting jsonschema-specifications>=2023.03.6 (from jsonschema>=2.6->nbformat==5.7.0)
  Using cached jsonschema_specifications-2023.11.1-py3-none-any.whl.metadata (2.8 kB)
Collecting referencing>=0.28.4 (from jsonschema>=2.6->nbformat==5.7.0)
  Using cached referencing-0.31.0-py3-none-any.whl.metadata (2.6 kB)
Collecting rpds-py>=0.7.1 (from jsonschema>=2.6->nbformat==5.7.0)
  Using cached rpds_py-0.13.1-cp310-cp310-manylinux_2_17_x86_64.manylinux2014_x86_64.whl.metadata (3.7 kB)
Collecting platformdirs>=2.5 (from jupyter-core->nbformat==5.7.0)
  Using cached platformdirs-4.0.0-py3-none-any.whl.metadata (11 kB)
Using cached jsonschema-4.20.0-py3-none-any.whl (84 kB)
Using cached traitlets-5.13.0-py3-none-any.whl (84 kB)
Using cached fastjsonschema-2.19.0-py3-none-any.whl (23 kB)
Using cached jupyter_core-5.5.0-py3-none-any.whl (28 kB)
Using cached jsonschema_specifications-2023.11.1-py3-none-any.whl (17 kB)
Using cached platformdirs-4.0.0-py3-none-any.whl (17 kB)
Using cached referencing-0.31.0-py3-none-any.whl (25 kB)
Using cached rpds_py-0.13.1-cp310-cp310-manylinux_2_17_x86_64.manylinux2014_x86_64.whl (1.2 MB)
Installing collected packages: fastjsonschema, traitlets, rpds-py, platformdirs, attrs, referencing, jupyter-core, jsonschema-specifications, jsonschema, nbformat
Successfully installed attrs-23.1.0 fastjsonschema-2.19.0 jsonschema-4.20.0 jsonschema-specifications-2023.11.1 jupyter-core-5.5.0 nbformat-5.7.0 platformdirs-4.0.0 referencing-0.31.0 rpds-py-0.13.1 traitlets-5.13.0
