Collecting nbformat==5.7.0
  Downloading nbformat-5.7.0-py3-none-any.whl (77 kB)
     ━━━━━━━━━━━━━━━━━━━━━━━━━━━━━━━━━━━━━━━━ 77.1/77.1 kB 1.8 MB/s eta 0:00:00
Collecting fastjsonschema
  Using cached fastjsonschema-2.19.0-py3-none-any.whl (23 kB)
Collecting jsonschema>=2.6
  Using cached jsonschema-4.17.3-py3-none-any.whl (90 kB)
Collecting jupyter-core
  Using cached jupyter_core-5.5.0-py3-none-any.whl (28 kB)
Collecting traitlets>=5.1
  Using cached traitlets-5.13.0-py3-none-any.whl (84 kB)
Collecting attrs>=17.4.0
  Using cached attrs-23.1.0-py3-none-any.whl (61 kB)
Collecting pyrsistent!=0.17.0,!=0.17.1,!=0.17.2,>=0.14.0
  Using cached pyrsistent-0.20.0-py3-none-any.whl (58 kB)
Collecting platformdirs>=2.5
  Using cached platformdirs-4.0.0-py3-none-any.whl (17 kB)
Installing collected packages: fastjsonschema, traitlets, pyrsistent, platformdirs, attrs, jupyter-core, jsonschema, nbformat
Looking for GraalPy patches for fastjsonschema
Looking for GraalPy patches for traitlets
Looking for GraalPy patches for pyrsistent
Looking for GraalPy patches for platformdirs
Looking for GraalPy patches for attrs
Looking for GraalPy patches for jupyter_core
Looking for GraalPy patches for jsonschema
Looking for GraalPy patches for nbformat
Successfully installed attrs-23.1.0 fastjsonschema-2.19.0 jsonschema-4.17.3 jupyter-core-5.5.0 nbformat-5.7.0 platformdirs-4.0.0 pyrsistent-0.20.0 traitlets-5.13.0
