Collecting pandas==1.5.2
  Using cached pandas-1.5.2-graalpy310-graalpy231_310_native-linux_x86_64.whl
Collecting python-dateutil>=2.8.1
  Using cached python_dateutil-2.8.2-py2.py3-none-any.whl (247 kB)
Collecting pytz>=2020.1
  Using cached pytz-2022.2.1-py2.py3-none-any.whl (500 kB)
Collecting numpy>=1.21.0
  Using cached numpy-1.23.5-graalpy310-graalpy231_310_native-linux_x86_64.whl
Collecting six>=1.5
  Using cached six-1.16.0-py2.py3-none-any.whl (11 kB)
Installing collected packages: pytz, six, numpy, python-dateutil, pandas
Looking for GraalPy patches for pytz
Patching package pytz using /opt/graalpy/lib/graalpy23.1/patches/pytz/pytz-2022.2.1.patch
Looking for GraalPy patches for six
Looking for GraalPy patches for numpy
We have patches to make this package work on GraalVM for some version(s).
If installing or running fails, consider using one of the versions that we have patches for:
numpy == 1.16.4
numpy == 1.19.5
numpy == 1.21.6
numpy == 1.22.4
numpy == 1.23.4
numpy == 1.23.1
numpy == 1.23.5
Looking for GraalPy patches for python_dateutil
Looking for GraalPy patches for pandas
We have patches to make this package work on GraalVM for some version(s).
If installing or running fails, consider using one of the versions that we have patches for:
pandas == 1.4.3
pandas == 1.5.2
Successfully installed numpy-1.23.5 pandas-1.5.2 python-dateutil-2.8.2 pytz-2022.2.1 six-1.16.0
