Collecting preshed==3.0.8
  Downloading preshed-3.0.8.tar.gz (14 kB)
Looking for GraalPy patches for preshed
  Installing build dependencies: started
  Installing build dependencies: finished with status 'done'
  Getting requirements to build wheel: started
  Getting requirements to build wheel: finished with status 'done'
  Installing backend dependencies: started
  Installing backend dependencies: finished with status 'done'
  Preparing metadata (pyproject.toml): started
  Preparing metadata (pyproject.toml): finished with status 'done'
Collecting cymem<2.1.0,>=2.0.2
  Using cached cymem-2.0.8-graalpy310-graalpy231_310_native-linux_x86_64.whl
Collecting murmurhash<1.1.0,>=0.28.0
  Using cached murmurhash-1.0.10-graalpy310-graalpy231_310_native-linux_x86_64.whl
Building wheels for collected packages: preshed
  Building wheel for preshed (pyproject.toml): started
  Building wheel for preshed (pyproject.toml): finished with status 'done'
  Created wheel for preshed: filename=preshed-3.0.8-graalpy310-graalpy231_310_native-linux_x86_64.whl size=128840 sha256=7a84c4199cbe03125ff108a892b8b2ded0c8c7b7e05e911cd81bb28de9a49fb7
  Stored in directory: /workdir/.cache/pip-graalpy/wheels/a1/38/dd/691b9d1876db6a0e9cabe8371af325dc5878423eaa84a3e789
Successfully built preshed
Installing collected packages: cymem, murmurhash, preshed
Looking for GraalPy patches for cymem
Looking for GraalPy patches for murmurhash
Looking for GraalPy patches for preshed
Successfully installed cymem-2.0.8 murmurhash-1.0.10 preshed-3.0.8
