Collecting Scrapy==2.7.1
  Downloading Scrapy-2.7.1-py2.py3-none-any.whl (271 kB)
     ━━━━━━━━━━━━━━━━━━━━━━━━━━━━━━━━━━━━━━━ 271.5/271.5 kB 5.5 MB/s eta 0:00:00
Collecting Twisted>=18.9.0 (from Scrapy==2.7.1)
  Downloading twisted-23.10.0-py3-none-any.whl.metadata (9.5 kB)
Collecting cryptography>=3.3 (from Scrapy==2.7.1)
  Using cached cryptography-41.0.7-cp37-abi3-manylinux_2_28_x86_64.whl.metadata (5.2 kB)
Collecting cssselect>=0.9.1 (from Scrapy==2.7.1)
  Downloading cssselect-1.2.0-py2.py3-none-any.whl (18 kB)
Collecting itemloaders>=1.0.1 (from Scrapy==2.7.1)
  Downloading itemloaders-1.1.0-py3-none-any.whl (11 kB)
Collecting parsel>=1.5.0 (from Scrapy==2.7.1)
  Downloading parsel-1.8.1-py2.py3-none-any.whl (17 kB)
Collecting pyOpenSSL>=21.0.0 (from Scrapy==2.7.1)
  Downloading pyOpenSSL-23.3.0-py3-none-any.whl.metadata (12 kB)
Collecting queuelib>=1.4.2 (from Scrapy==2.7.1)
  Downloading queuelib-1.6.2-py2.py3-none-any.whl (13 kB)
Collecting service-identity>=18.1.0 (from Scrapy==2.7.1)
  Downloading service_identity-23.1.0-py3-none-any.whl.metadata (5.5 kB)
Collecting w3lib>=1.17.0 (from Scrapy==2.7.1)
  Downloading w3lib-2.1.2-py3-none-any.whl.metadata (1.1 kB)
Collecting zope.interface>=5.1.0 (from Scrapy==2.7.1)
  Using cached zope.interface-6.1-cp310-cp310-manylinux_2_5_x86_64.manylinux1_x86_64.manylinux_2_17_x86_64.manylinux2014_x86_64.whl.metadata (41 kB)
Collecting protego>=0.1.15 (from Scrapy==2.7.1)
  Downloading Protego-0.3.0-py2.py3-none-any.whl.metadata (5.8 kB)
Collecting itemadapter>=0.1.0 (from Scrapy==2.7.1)
  Downloading itemadapter-0.8.0-py3-none-any.whl (11 kB)
Requirement already satisfied: setuptools in ./install-virtualenv/lib/python3.10/site-packages (from Scrapy==2.7.1) (68.2.2)
Collecting packaging (from Scrapy==2.7.1)
  Using cached packaging-23.2-py3-none-any.whl.metadata (3.2 kB)
Collecting tldextract (from Scrapy==2.7.1)
  Downloading tldextract-5.1.1-py3-none-any.whl.metadata (11 kB)
Collecting lxml>=4.3.0 (from Scrapy==2.7.1)
  Using cached lxml-4.9.3-cp310-cp310-manylinux_2_28_x86_64.whl.metadata (3.8 kB)
Collecting PyDispatcher>=2.0.5 (from Scrapy==2.7.1)
  Downloading PyDispatcher-2.0.7-py3-none-any.whl (12 kB)
Collecting cffi>=1.12 (from cryptography>=3.3->Scrapy==2.7.1)
  Using cached cffi-1.16.0-cp310-cp310-manylinux_2_17_x86_64.manylinux2014_x86_64.whl.metadata (1.5 kB)
Collecting jmespath>=0.9.5 (from itemloaders>=1.0.1->Scrapy==2.7.1)
  Using cached jmespath-1.0.1-py3-none-any.whl (20 kB)
Collecting attrs>=19.1.0 (from service-identity>=18.1.0->Scrapy==2.7.1)
  Using cached attrs-23.1.0-py3-none-any.whl (61 kB)
Collecting pyasn1 (from service-identity>=18.1.0->Scrapy==2.7.1)
  Using cached pyasn1-0.5.1-py2.py3-none-any.whl.metadata (8.6 kB)
Collecting pyasn1-modules (from service-identity>=18.1.0->Scrapy==2.7.1)
  Using cached pyasn1_modules-0.3.0-py2.py3-none-any.whl (181 kB)
Collecting automat>=0.8.0 (from Twisted>=18.9.0->Scrapy==2.7.1)
  Using cached Automat-22.10.0-py2.py3-none-any.whl (26 kB)
Collecting constantly>=15.1 (from Twisted>=18.9.0->Scrapy==2.7.1)
  Using cached constantly-23.10.4-py3-none-any.whl.metadata (1.8 kB)
Collecting hyperlink>=17.1.1 (from Twisted>=18.9.0->Scrapy==2.7.1)
  Using cached hyperlink-21.0.0-py2.py3-none-any.whl (74 kB)
Collecting incremental>=22.10.0 (from Twisted>=18.9.0->Scrapy==2.7.1)
  Using cached incremental-22.10.0-py2.py3-none-any.whl (16 kB)
Collecting typing-extensions>=4.2.0 (from Twisted>=18.9.0->Scrapy==2.7.1)
  Using cached typing_extensions-4.8.0-py3-none-any.whl.metadata (3.0 kB)
Collecting idna (from tldextract->Scrapy==2.7.1)
  Using cached idna-3.6-py3-none-any.whl.metadata (9.9 kB)
Collecting requests>=2.1.0 (from tldextract->Scrapy==2.7.1)
  Using cached requests-2.31.0-py3-none-any.whl.metadata (4.6 kB)
Collecting requests-file>=1.4 (from tldextract->Scrapy==2.7.1)
  Downloading requests_file-1.5.1-py2.py3-none-any.whl (3.7 kB)
Collecting filelock>=3.0.8 (from tldextract->Scrapy==2.7.1)
  Using cached filelock-3.13.1-py3-none-any.whl.metadata (2.8 kB)
Collecting six (from automat>=0.8.0->Twisted>=18.9.0->Scrapy==2.7.1)
  Using cached six-1.16.0-py2.py3-none-any.whl (11 kB)
Collecting pycparser (from cffi>=1.12->cryptography>=3.3->Scrapy==2.7.1)
  Using cached pycparser-2.21-py2.py3-none-any.whl (118 kB)
Collecting charset-normalizer<4,>=2 (from requests>=2.1.0->tldextract->Scrapy==2.7.1)
  Using cached charset_normalizer-3.3.2-cp310-cp310-manylinux_2_17_x86_64.manylinux2014_x86_64.whl.metadata (33 kB)
Collecting urllib3<3,>=1.21.1 (from requests>=2.1.0->tldextract->Scrapy==2.7.1)
  Using cached urllib3-2.1.0-py3-none-any.whl.metadata (6.4 kB)
Collecting certifi>=2017.4.17 (from requests>=2.1.0->tldextract->Scrapy==2.7.1)
  Using cached certifi-2023.11.17-py3-none-any.whl.metadata (2.2 kB)
Using cached cryptography-41.0.7-cp37-abi3-manylinux_2_28_x86_64.whl (4.4 MB)
Using cached lxml-4.9.3-cp310-cp310-manylinux_2_28_x86_64.whl (7.9 MB)
Downloading Protego-0.3.0-py2.py3-none-any.whl (8.5 kB)
Downloading pyOpenSSL-23.3.0-py3-none-any.whl (58 kB)
   ━━━━━━━━━━━━━━━━━━━━━━━━━━━━━━━━━━━━━━━━ 58.8/58.8 kB 3.6 MB/s eta 0:00:00
Downloading service_identity-23.1.0-py3-none-any.whl (12 kB)
Downloading twisted-23.10.0-py3-none-any.whl (3.2 MB)
   ━━━━━━━━━━━━━━━━━━━━━━━━━━━━━━━━━━━━━━━━ 3.2/3.2 MB 27.8 MB/s eta 0:00:00
Downloading w3lib-2.1.2-py3-none-any.whl (21 kB)
Using cached zope.interface-6.1-cp310-cp310-manylinux_2_5_x86_64.manylinux1_x86_64.manylinux_2_17_x86_64.manylinux2014_x86_64.whl (247 kB)
Using cached packaging-23.2-py3-none-any.whl (53 kB)
Downloading tldextract-5.1.1-py3-none-any.whl (97 kB)
   ━━━━━━━━━━━━━━━━━━━━━━━━━━━━━━━━━━━━━━━━ 97.7/97.7 kB 14.9 MB/s eta 0:00:00
Using cached cffi-1.16.0-cp310-cp310-manylinux_2_17_x86_64.manylinux2014_x86_64.whl (443 kB)
Using cached constantly-23.10.4-py3-none-any.whl (13 kB)
Using cached filelock-3.13.1-py3-none-any.whl (11 kB)
Using cached idna-3.6-py3-none-any.whl (61 kB)
Using cached requests-2.31.0-py3-none-any.whl (62 kB)
Using cached typing_extensions-4.8.0-py3-none-any.whl (31 kB)
Using cached pyasn1-0.5.1-py2.py3-none-any.whl (84 kB)
Using cached certifi-2023.11.17-py3-none-any.whl (162 kB)
Using cached charset_normalizer-3.3.2-cp310-cp310-manylinux_2_17_x86_64.manylinux2014_x86_64.whl (142 kB)
Using cached urllib3-2.1.0-py3-none-any.whl (104 kB)
Installing collected packages: PyDispatcher, incremental, zope.interface, w3lib, urllib3, typing-extensions, six, queuelib, pycparser, pyasn1, protego, packaging, lxml, jmespath, itemadapter, idna, filelock, cssselect, constantly, charset-normalizer, certifi, attrs, requests, pyasn1-modules, parsel, hyperlink, cffi, automat, Twisted, requests-file, itemloaders, cryptography, tldextract, service-identity, pyOpenSSL, Scrapy
Successfully installed PyDispatcher-2.0.7 Scrapy-2.7.1 Twisted-23.10.0 attrs-23.1.0 automat-22.10.0 certifi-2023.11.17 cffi-1.16.0 charset-normalizer-3.3.2 constantly-23.10.4 cryptography-41.0.7 cssselect-1.2.0 filelock-3.13.1 hyperlink-21.0.0 idna-3.6 incremental-22.10.0 itemadapter-0.8.0 itemloaders-1.1.0 jmespath-1.0.1 lxml-4.9.3 packaging-23.2 parsel-1.8.1 protego-0.3.0 pyOpenSSL-23.3.0 pyasn1-0.5.1 pyasn1-modules-0.3.0 pycparser-2.21 queuelib-1.6.2 requests-2.31.0 requests-file-1.5.1 service-identity-23.1.0 six-1.16.0 tldextract-5.1.1 typing-extensions-4.8.0 urllib3-2.1.0 w3lib-2.1.2 zope.interface-6.1
