Collecting sktime==0.19.1
  Downloading sktime-0.19.1-py3-none-any.whl.metadata (22 kB)
Collecting deprecated>=1.2.13 (from sktime==0.19.1)
  Downloading Deprecated-1.2.14-py2.py3-none-any.whl.metadata (5.4 kB)
Collecting numpy<1.25,>=1.21.0 (from sktime==0.19.1)
  Downloading numpy-1.24.4-cp310-cp310-manylinux_2_17_x86_64.manylinux2014_x86_64.whl.metadata (5.6 kB)
Collecting pandas<2.1.0,>=1.1.0 (from sktime==0.19.1)
  Downloading pandas-2.0.3-cp310-cp310-manylinux_2_17_x86_64.manylinux2014_x86_64.whl.metadata (18 kB)
Collecting packaging (from sktime==0.19.1)
  Using cached packaging-23.2-py3-none-any.whl.metadata (3.2 kB)
Collecting scikit-base<0.5.0 (from sktime==0.19.1)
  Downloading scikit_base-0.4.6-py3-none-any.whl.metadata (8.7 kB)
Collecting scikit-learn<1.3.0,>=0.24.0 (from sktime==0.19.1)
  Downloading scikit_learn-1.2.2-cp310-cp310-manylinux_2_17_x86_64.manylinux2014_x86_64.whl (9.6 MB)
     ━━━━━━━━━━━━━━━━━━━━━━━━━━━━━━━━━━━━━━━━ 9.6/9.6 MB 28.4 MB/s eta 0:00:00
Collecting scipy<2.0.0,>=1.2.0 (from sktime==0.19.1)
  Using cached scipy-1.11.4-cp310-cp310-manylinux_2_17_x86_64.manylinux2014_x86_64.whl.metadata (60 kB)
Collecting wrapt<2,>=1.10 (from deprecated>=1.2.13->sktime==0.19.1)
  Downloading wrapt-1.16.0-cp310-cp310-manylinux_2_5_x86_64.manylinux1_x86_64.manylinux_2_17_x86_64.manylinux2014_x86_64.whl.metadata (6.6 kB)
Collecting python-dateutil>=2.8.2 (from pandas<2.1.0,>=1.1.0->sktime==0.19.1)
  Using cached python_dateutil-2.8.2-py2.py3-none-any.whl (247 kB)
Collecting pytz>=2020.1 (from pandas<2.1.0,>=1.1.0->sktime==0.19.1)
  Using cached pytz-2023.3.post1-py2.py3-none-any.whl.metadata (22 kB)
Collecting tzdata>=2022.1 (from pandas<2.1.0,>=1.1.0->sktime==0.19.1)
  Using cached tzdata-2023.3-py2.py3-none-any.whl (341 kB)
Collecting joblib>=1.1.1 (from scikit-learn<1.3.0,>=0.24.0->sktime==0.19.1)
  Using cached joblib-1.3.2-py3-none-any.whl.metadata (5.4 kB)
Collecting threadpoolctl>=2.0.0 (from scikit-learn<1.3.0,>=0.24.0->sktime==0.19.1)
  Using cached threadpoolctl-3.2.0-py3-none-any.whl.metadata (10.0 kB)
Collecting six>=1.5 (from python-dateutil>=2.8.2->pandas<2.1.0,>=1.1.0->sktime==0.19.1)
  Using cached six-1.16.0-py2.py3-none-any.whl (11 kB)
Downloading sktime-0.19.1-py3-none-any.whl (17.0 MB)
   ━━━━━━━━━━━━━━━━━━━━━━━━━━━━━━━━━━━━━━━━ 17.0/17.0 MB 25.5 MB/s eta 0:00:00
Downloading Deprecated-1.2.14-py2.py3-none-any.whl (9.6 kB)
Downloading numpy-1.24.4-cp310-cp310-manylinux_2_17_x86_64.manylinux2014_x86_64.whl (17.3 MB)
   ━━━━━━━━━━━━━━━━━━━━━━━━━━━━━━━━━━━━━━━━ 17.3/17.3 MB 28.4 MB/s eta 0:00:00
Downloading pandas-2.0.3-cp310-cp310-manylinux_2_17_x86_64.manylinux2014_x86_64.whl (12.3 MB)
   ━━━━━━━━━━━━━━━━━━━━━━━━━━━━━━━━━━━━━━━━ 12.3/12.3 MB 29.5 MB/s eta 0:00:00
Downloading scikit_base-0.4.6-py3-none-any.whl (119 kB)
   ━━━━━━━━━━━━━━━━━━━━━━━━━━━━━━━━━━━━━━━━ 119.1/119.1 kB 17.6 MB/s eta 0:00:00
Using cached scipy-1.11.4-cp310-cp310-manylinux_2_17_x86_64.manylinux2014_x86_64.whl (36.4 MB)
Using cached packaging-23.2-py3-none-any.whl (53 kB)
Using cached joblib-1.3.2-py3-none-any.whl (302 kB)
Using cached pytz-2023.3.post1-py2.py3-none-any.whl (502 kB)
Using cached threadpoolctl-3.2.0-py3-none-any.whl (15 kB)
Downloading wrapt-1.16.0-cp310-cp310-manylinux_2_5_x86_64.manylinux1_x86_64.manylinux_2_17_x86_64.manylinux2014_x86_64.whl (80 kB)
   ━━━━━━━━━━━━━━━━━━━━━━━━━━━━━━━━━━━━━━━━ 80.3/80.3 kB 14.8 MB/s eta 0:00:00
Installing collected packages: pytz, wrapt, tzdata, threadpoolctl, six, scikit-base, packaging, numpy, joblib, scipy, python-dateutil, deprecated, scikit-learn, pandas, sktime
Successfully installed deprecated-1.2.14 joblib-1.3.2 numpy-1.24.4 packaging-23.2 pandas-2.0.3 python-dateutil-2.8.2 pytz-2023.3.post1 scikit-base-0.4.6 scikit-learn-1.2.2 scipy-1.11.4 six-1.16.0 sktime-0.19.1 threadpoolctl-3.2.0 tzdata-2023.3 wrapt-1.16.0
