Collecting sktime==0.19.1
  Downloading sktime-0.19.1-py3-none-any.whl (17.0 MB)
     ━━━━━━━━━━━━━━━━━━━━━━━━━━━━━━━━━━━━━━━━ 17.0/17.0 MB 6.8 MB/s eta 0:00:00
Collecting deprecated>=1.2.13
  Downloading Deprecated-1.2.14-py2.py3-none-any.whl (9.6 kB)
Collecting numpy<1.25,>=1.21.0
  Using cached numpy-1.23.5-graalpy310-graalpy231_310_native-linux_x86_64.whl
Collecting pandas<2.1.0,>=1.1.0
  Using cached pandas-1.5.2-graalpy310-graalpy231_310_native-linux_x86_64.whl
Collecting packaging
  Using cached packaging-23.2-py3-none-any.whl (53 kB)
Collecting scikit-base<0.5.0
  Downloading scikit_base-0.4.6-py3-none-any.whl (119 kB)
     ━━━━━━━━━━━━━━━━━━━━━━━━━━━━━━━━━━━━━━━ 119.1/119.1 kB 4.3 MB/s eta 0:00:00
Collecting scikit-learn<1.3.0,>=0.24.0
  Using cached scikit_learn-1.1.3-graalpy310-graalpy231_310_native-linux_x86_64.whl
Collecting scipy<2.0.0,>=1.2.0
  Using cached scipy-1.10.1-graalpy310-graalpy231_310_native-linux_x86_64.whl
Collecting wrapt<2,>=1.10
  Downloading wrapt-1.16.0-py3-none-any.whl (23 kB)
Collecting python-dateutil>=2.8.1
  Using cached python_dateutil-2.8.2-py2.py3-none-any.whl (247 kB)
Collecting pytz>=2020.1
  Using cached pytz-2022.2.1-py2.py3-none-any.whl (500 kB)
Collecting joblib>=1.0.0
  Using cached joblib-1.3.2-py3-none-any.whl (302 kB)
Collecting threadpoolctl>=2.0.0
  Using cached threadpoolctl-3.2.0-py3-none-any.whl (15 kB)
Collecting six>=1.5
  Using cached six-1.16.0-py2.py3-none-any.whl (11 kB)
Installing collected packages: pytz, wrapt, threadpoolctl, six, scikit-base, packaging, numpy, joblib, scipy, python-dateutil, deprecated, scikit-learn, pandas, sktime
Looking for GraalPy patches for pytz
Patching package pytz using /opt/graalpy/lib/graalpy23.1/patches/pytz/pytz-2022.2.1.patch
Looking for GraalPy patches for wrapt
Looking for GraalPy patches for threadpoolctl
Looking for GraalPy patches for six
Looking for GraalPy patches for scikit_base
Looking for GraalPy patches for packaging
Patching package packaging using /opt/graalpy/lib/graalpy23.1/patches/packaging/packaging.patch
patching file packaging/tags.py
Hunk #1 FAILED at 4.
Hunk #2 FAILED at 37.
2 out of 2 hunks FAILED -- saving rejects to file packaging/tags.py.rej
Applying GraalPy patch failed for packaging. The package may still work.
Looking for GraalPy patches for numpy
We have patches to make this package work on GraalVM for some version(s).
If installing or running fails, consider using one of the versions that we have patches for:
numpy == 1.16.4
numpy == 1.19.5
numpy == 1.21.6
numpy == 1.22.4
numpy == 1.23.4
numpy == 1.23.1
numpy == 1.23.5
Looking for GraalPy patches for joblib
Looking for GraalPy patches for scipy
We have patches to make this package work on GraalVM for some version(s).
If installing or running fails, consider using one of the versions that we have patches for:
scipy == 1.4.1
scipy == 1.7.3
scipy == 1.8.1
scipy == 1.9.3
scipy == 1.10.1
Looking for GraalPy patches for python_dateutil
Looking for GraalPy patches for Deprecated
Looking for GraalPy patches for scikit_learn
Patching package scikit_learn using /opt/graalpy/lib/graalpy23.1/patches/scikit-learn/scikit-learn-1.1.3.patch
patching file sklearn/_build_utils/__init__.py
Hunk #1 FAILED at 61.
1 out of 1 hunk FAILED -- saving rejects to file sklearn/_build_utils/__init__.py.rej
Applying GraalPy patch failed for scikit_learn. The package may still work.
Looking for GraalPy patches for pandas
We have patches to make this package work on GraalVM for some version(s).
If installing or running fails, consider using one of the versions that we have patches for:
pandas == 1.4.3
pandas == 1.5.2
Looking for GraalPy patches for sktime
Successfully installed deprecated-1.2.14 joblib-1.3.2 numpy-1.23.5 packaging-23.2 pandas-1.5.2 python-dateutil-2.8.2 pytz-2022.2.1 scikit-base-0.4.6 scikit-learn-1.1.3 scipy-1.10.1 six-1.16.0 sktime-0.19.1 threadpoolctl-3.2.0 wrapt-1.16.0
