Collecting google-auth-httplib2==0.1.0
  Downloading google_auth_httplib2-0.1.0-py2.py3-none-any.whl (9.3 kB)
Collecting google-auth (from google-auth-httplib2==0.1.0)
  Using cached google_auth-2.23.4-py2.py3-none-any.whl.metadata (4.7 kB)
Collecting httplib2>=0.15.0 (from google-auth-httplib2==0.1.0)
  Using cached httplib2-0.22.0-py3-none-any.whl (96 kB)
Collecting six (from google-auth-httplib2==0.1.0)
  Using cached six-1.16.0-py2.py3-none-any.whl (11 kB)
Collecting pyparsing!=3.0.0,!=3.0.1,!=3.0.2,!=3.0.3,<4,>=2.4.2 (from httplib2>=0.15.0->google-auth-httplib2==0.1.0)
  Using cached pyparsing-3.1.1-py3-none-any.whl.metadata (5.1 kB)
Collecting cachetools<6.0,>=2.0.0 (from google-auth->google-auth-httplib2==0.1.0)
  Using cached cachetools-5.3.2-py3-none-any.whl.metadata (5.2 kB)
Collecting pyasn1-modules>=0.2.1 (from google-auth->google-auth-httplib2==0.1.0)
  Using cached pyasn1_modules-0.3.0-py2.py3-none-any.whl (181 kB)
Collecting rsa<5,>=3.1.4 (from google-auth->google-auth-httplib2==0.1.0)
  Using cached rsa-4.9-py3-none-any.whl (34 kB)
Collecting pyasn1<0.6.0,>=0.4.6 (from pyasn1-modules>=0.2.1->google-auth->google-auth-httplib2==0.1.0)
  Using cached pyasn1-0.5.1-py2.py3-none-any.whl.metadata (8.6 kB)
Using cached google_auth-2.23.4-py2.py3-none-any.whl (183 kB)
Using cached cachetools-5.3.2-py3-none-any.whl (9.3 kB)
Using cached pyparsing-3.1.1-py3-none-any.whl (103 kB)
Using cached pyasn1-0.5.1-py2.py3-none-any.whl (84 kB)
Installing collected packages: six, pyparsing, pyasn1, cachetools, rsa, pyasn1-modules, httplib2, google-auth, google-auth-httplib2
Successfully installed cachetools-5.3.2 google-auth-2.23.4 google-auth-httplib2-0.1.0 httplib2-0.22.0 pyasn1-0.5.1 pyasn1-modules-0.3.0 pyparsing-3.1.1 rsa-4.9 six-1.16.0
