Collecting google-auth-httplib2==0.1.0
  Downloading google_auth_httplib2-0.1.0-py2.py3-none-any.whl (9.3 kB)
Collecting google-auth
  Using cached google_auth-2.23.4-py2.py3-none-any.whl (183 kB)
Collecting httplib2>=0.15.0
  Using cached httplib2-0.22.0-py3-none-any.whl (96 kB)
Collecting six
  Using cached six-1.16.0-py2.py3-none-any.whl (11 kB)
Collecting pyparsing!=3.0.0,!=3.0.1,!=3.0.2,!=3.0.3,<4,>=2.4.2
  Using cached pyparsing-3.0.8-py3-none-any.whl (98 kB)
Collecting cachetools<6.0,>=2.0.0
  Using cached cachetools-5.3.2-py3-none-any.whl (9.3 kB)
Collecting pyasn1-modules>=0.2.1
  Using cached pyasn1_modules-0.3.0-py2.py3-none-any.whl (181 kB)
Collecting rsa<5,>=3.1.4
  Using cached rsa-4.9-py3-none-any.whl (34 kB)
Collecting pyasn1<0.6.0,>=0.4.6
  Using cached pyasn1-0.5.1-py2.py3-none-any.whl (84 kB)
Installing collected packages: six, pyparsing, pyasn1, cachetools, rsa, pyasn1-modules, httplib2, google-auth, google-auth-httplib2
Looking for GraalPy patches for six
Looking for GraalPy patches for pyparsing
Patching package pyparsing using /opt/graalpy/lib/graalpy23.1/patches/pyparsing/pyparsing-3.0.8.patch
Looking for GraalPy patches for pyasn1
Looking for GraalPy patches for cachetools
Looking for GraalPy patches for rsa
Looking for GraalPy patches for pyasn1_modules
Looking for GraalPy patches for httplib2
Looking for GraalPy patches for google_auth
Looking for GraalPy patches for google_auth_httplib2
Successfully installed cachetools-5.3.2 google-auth-2.23.4 google-auth-httplib2-0.1.0 httplib2-0.22.0 pyasn1-0.5.1 pyasn1-modules-0.3.0 pyparsing-3.0.8 rsa-4.9 six-1.16.0
