Collecting fastapi==0.88.0
  Downloading fastapi-0.88.0-py3-none-any.whl (55 kB)
     ━━━━━━━━━━━━━━━━━━━━━━━━━━━━━━━━━━━━━━━━ 55.5/55.5 kB 3.3 MB/s eta 0:00:00
Collecting pydantic!=1.7,!=1.7.1,!=1.7.2,!=1.7.3,!=1.8,!=1.8.1,<2.0.0,>=1.6.2 (from fastapi==0.88.0)
  Downloading pydantic-1.10.13-cp310-cp310-manylinux_2_17_x86_64.manylinux2014_x86_64.whl.metadata (149 kB)
     ━━━━━━━━━━━━━━━━━━━━━━━━━━━━━━━━━━━━━━━ 149.6/149.6 kB 8.8 MB/s eta 0:00:00
Collecting starlette==0.22.0 (from fastapi==0.88.0)
  Downloading starlette-0.22.0-py3-none-any.whl (64 kB)
     ━━━━━━━━━━━━━━━━━━━━━━━━━━━━━━━━━━━━━━━━ 64.3/64.3 kB 6.3 MB/s eta 0:00:00
Collecting anyio<5,>=3.4.0 (from starlette==0.22.0->fastapi==0.88.0)
  Using cached anyio-4.0.0-py3-none-any.whl.metadata (4.5 kB)
Collecting typing-extensions>=4.2.0 (from pydantic!=1.7,!=1.7.1,!=1.7.2,!=1.7.3,!=1.8,!=1.8.1,<2.0.0,>=1.6.2->fastapi==0.88.0)
  Using cached typing_extensions-4.8.0-py3-none-any.whl.metadata (3.0 kB)
Collecting idna>=2.8 (from anyio<5,>=3.4.0->starlette==0.22.0->fastapi==0.88.0)
  Using cached idna-3.4-py3-none-any.whl (61 kB)
Collecting sniffio>=1.1 (from anyio<5,>=3.4.0->starlette==0.22.0->fastapi==0.88.0)
  Using cached sniffio-1.3.0-py3-none-any.whl (10 kB)
Collecting exceptiongroup>=1.0.2 (from anyio<5,>=3.4.0->starlette==0.22.0->fastapi==0.88.0)
  Using cached exceptiongroup-1.1.3-py3-none-any.whl.metadata (6.1 kB)
Downloading pydantic-1.10.13-cp310-cp310-manylinux_2_17_x86_64.manylinux2014_x86_64.whl (3.1 MB)
   ━━━━━━━━━━━━━━━━━━━━━━━━━━━━━━━━━━━━━━━━ 3.1/3.1 MB 7.9 MB/s eta 0:00:00
Using cached anyio-4.0.0-py3-none-any.whl (83 kB)
Using cached typing_extensions-4.8.0-py3-none-any.whl (31 kB)
Using cached exceptiongroup-1.1.3-py3-none-any.whl (14 kB)
Installing collected packages: typing-extensions, sniffio, idna, exceptiongroup, pydantic, anyio, starlette, fastapi
Successfully installed anyio-4.0.0 exceptiongroup-1.1.3 fastapi-0.88.0 idna-3.4 pydantic-1.10.13 sniffio-1.3.0 starlette-0.22.0 typing-extensions-4.8.0
