Collecting fastapi==0.88.0
  Downloading fastapi-0.88.0-py3-none-any.whl (55 kB)
     ━━━━━━━━━━━━━━━━━━━━━━━━━━━━━━━━━━━━━━━━ 55.5/55.5 kB 1.4 MB/s eta 0:00:00
Collecting pydantic!=1.7,!=1.7.1,!=1.7.2,!=1.7.3,!=1.8,!=1.8.1,<2.0.0,>=1.6.2
  Downloading pydantic-1.10.13-py3-none-any.whl (158 kB)
     ━━━━━━━━━━━━━━━━━━━━━━━━━━━━━━━━━━━━━━━ 158.6/158.6 kB 3.8 MB/s eta 0:00:00
Collecting starlette==0.22.0
  Downloading starlette-0.22.0-py3-none-any.whl (64 kB)
     ━━━━━━━━━━━━━━━━━━━━━━━━━━━━━━━━━━━━━━━━ 64.3/64.3 kB 2.2 MB/s eta 0:00:00
Collecting anyio<5,>=3.4.0
  Using cached anyio-4.0.0-py3-none-any.whl (83 kB)
Collecting typing-extensions>=4.2.0
  Using cached typing_extensions-4.8.0-py3-none-any.whl (31 kB)
Collecting idna>=2.8
  Using cached idna-3.4-py3-none-any.whl (61 kB)
Collecting sniffio>=1.1
  Using cached sniffio-1.3.0-py3-none-any.whl (10 kB)
Collecting exceptiongroup>=1.0.2
  Using cached exceptiongroup-1.1.3-py3-none-any.whl (14 kB)
Installing collected packages: typing-extensions, sniffio, idna, exceptiongroup, pydantic, anyio, starlette, fastapi
Looking for GraalPy patches for typing_extensions
Looking for GraalPy patches for sniffio
Looking for GraalPy patches for idna
Looking for GraalPy patches for exceptiongroup
Looking for GraalPy patches for pydantic
Looking for GraalPy patches for anyio
Looking for GraalPy patches for starlette
Looking for GraalPy patches for fastapi
Successfully installed anyio-4.0.0 exceptiongroup-1.1.3 fastapi-0.88.0 idna-3.4 pydantic-1.10.13 sniffio-1.3.0 starlette-0.22.0 typing-extensions-4.8.0
