Collecting spacy-pkuseg==0.0.32
  Downloading spacy_pkuseg-0.0.32.tar.gz (2.1 MB)
     ━━━━━━━━━━━━━━━━━━━━━━━━━━━━━━━━━━━━━━━━ 2.1/2.1 MB 3.3 MB/s eta 0:00:00
auto-patching C API usages in /tmp/pip-install-zlcb5l6c/spacy-pkuseg_95ea8a016e404dc19f46597ce7139ff8/spacy_pkuseg/feature_extractor.cpp
auto-patching C API usages in /tmp/pip-install-zlcb5l6c/spacy-pkuseg_95ea8a016e404dc19f46597ce7139ff8/spacy_pkuseg/postag/feature_extractor.cpp
Looking for GraalPy patches for spacy_pkuseg
  Installing build dependencies: started
  Installing build dependencies: still running...
  Installing build dependencies: finished with status 'done'
  Getting requirements to build wheel: started
  Getting requirements to build wheel: finished with status 'done'
  Installing backend dependencies: started
  Installing backend dependencies: finished with status 'done'
  Preparing metadata (pyproject.toml): started
  Preparing metadata (pyproject.toml): finished with status 'done'
Collecting numpy>=1.16.0
  Using cached numpy-1.23.5-graalpy310-graalpy231_310_native-linux_x86_64.whl
Collecting srsly<3.0.0,>=2.3.0
  Downloading srsly-2.4.8.tar.gz (351 kB)
     ━━━━━━━━━━━━━━━━━━━━━━━━━━━━━━━━━━━━━━━ 351.7/351.7 kB 1.9 MB/s eta 0:00:00
Looking for GraalPy patches for srsly
  Installing build dependencies: started
  Installing build dependencies: still running...
  Installing build dependencies: finished with status 'done'
  Getting requirements to build wheel: started
  Getting requirements to build wheel: finished with status 'done'
  Installing backend dependencies: started
  Installing backend dependencies: finished with status 'done'
  Preparing metadata (pyproject.toml): started
  Preparing metadata (pyproject.toml): finished with status 'done'
Collecting catalogue<2.1.0,>=2.0.3
  Downloading catalogue-2.0.10-py3-none-any.whl (17 kB)
Building wheels for collected packages: spacy-pkuseg, srsly
  Building wheel for spacy-pkuseg (pyproject.toml): started
  Building wheel for spacy-pkuseg (pyproject.toml): still running...
  Building wheel for spacy-pkuseg (pyproject.toml): finished with status 'done'
  Created wheel for spacy-pkuseg: filename=spacy_pkuseg-0.0.32-graalpy310-graalpy231_310_native-linux_x86_64.whl size=2351780 sha256=7087a756438f30a32c4d2c337bdd7a5351ae301fbfe268fb961732dd1168a33b
  Stored in directory: /workdir/.cache/pip-graalpy/wheels/dd/91/67/0ee636d9ce5268116e8ac2d589f87111db634645e598812c2c
  Building wheel for srsly (pyproject.toml): started
  Building wheel for srsly (pyproject.toml): finished with status 'done'
  Created wheel for srsly: filename=srsly-2.4.8-graalpy310-graalpy231_310_native-linux_x86_64.whl size=500840 sha256=9758f06a88fd9938b69096d96827b26ddcdecdb6e493d8fad1d96a35b6dcc546
  Stored in directory: /workdir/.cache/pip-graalpy/wheels/1b/75/6c/0552d620873aa9d4c853449ce2312d636efd4c2bf6a1010abe
Successfully built spacy-pkuseg srsly
Installing collected packages: numpy, catalogue, srsly, spacy-pkuseg
Looking for GraalPy patches for numpy
We have patches to make this package work on GraalVM for some version(s).
If installing or running fails, consider using one of the versions that we have patches for:
numpy == 1.16.4
numpy == 1.19.5
numpy == 1.21.6
numpy == 1.22.4
numpy == 1.23.4
numpy == 1.23.1
numpy == 1.23.5
Looking for GraalPy patches for catalogue
Looking for GraalPy patches for srsly
Looking for GraalPy patches for spacy_pkuseg
Successfully installed catalogue-2.0.10 numpy-1.23.5 spacy-pkuseg-0.0.32 srsly-2.4.8
