Collecting imbalanced-learn==0.10.0
  Downloading imbalanced_learn-0.10.0-py3-none-any.whl (225 kB)
     ━━━━━━━━━━━━━━━━━━━━━━━━━━━━━━━━━━━━━━━ 225.4/225.4 kB 5.1 MB/s eta 0:00:00
Collecting numpy>=1.17.3 (from imbalanced-learn==0.10.0)
  Using cached numpy-1.26.2-cp310-cp310-manylinux_2_17_x86_64.manylinux2014_x86_64.whl.metadata (61 kB)
Collecting scipy>=1.3.2 (from imbalanced-learn==0.10.0)
  Using cached scipy-1.11.4-cp310-cp310-manylinux_2_17_x86_64.manylinux2014_x86_64.whl.metadata (60 kB)
Collecting scikit-learn>=1.0.2 (from imbalanced-learn==0.10.0)
  Using cached scikit_learn-1.3.2-cp310-cp310-manylinux_2_17_x86_64.manylinux2014_x86_64.whl.metadata (11 kB)
Collecting joblib>=1.1.1 (from imbalanced-learn==0.10.0)
  Using cached joblib-1.3.2-py3-none-any.whl.metadata (5.4 kB)
Collecting threadpoolctl>=2.0.0 (from imbalanced-learn==0.10.0)
  Using cached threadpoolctl-3.2.0-py3-none-any.whl.metadata (10.0 kB)
Using cached joblib-1.3.2-py3-none-any.whl (302 kB)
Using cached numpy-1.26.2-cp310-cp310-manylinux_2_17_x86_64.manylinux2014_x86_64.whl (18.2 MB)
Using cached scikit_learn-1.3.2-cp310-cp310-manylinux_2_17_x86_64.manylinux2014_x86_64.whl (10.8 MB)
Using cached scipy-1.11.4-cp310-cp310-manylinux_2_17_x86_64.manylinux2014_x86_64.whl (36.4 MB)
Using cached threadpoolctl-3.2.0-py3-none-any.whl (15 kB)
Installing collected packages: threadpoolctl, numpy, joblib, scipy, scikit-learn, imbalanced-learn
Successfully installed imbalanced-learn-0.10.0 joblib-1.3.2 numpy-1.26.2 scikit-learn-1.3.2 scipy-1.11.4 threadpoolctl-3.2.0
