Collecting notebook==6.5.2
  Downloading notebook-6.5.2-py3-none-any.whl (439 kB)
     ━━━━━━━━━━━━━━━━━━━━━━━━━━━━━━━━━━━━━━━ 439.1/439.1 kB 3.8 MB/s eta 0:00:00
Collecting jinja2 (from notebook==6.5.2)
  Using cached Jinja2-3.1.2-py3-none-any.whl (133 kB)
Collecting tornado>=6.1 (from notebook==6.5.2)
  Using cached tornado-6.3.3-cp38-abi3-manylinux_2_5_x86_64.manylinux1_x86_64.manylinux_2_17_x86_64.manylinux2014_x86_64.whl.metadata (2.5 kB)
Collecting pyzmq>=17 (from notebook==6.5.2)
  Using cached pyzmq-25.1.1-cp310-cp310-manylinux_2_28_x86_64.whl.metadata (4.9 kB)
Collecting argon2-cffi (from notebook==6.5.2)
  Using cached argon2_cffi-23.1.0-py3-none-any.whl.metadata (5.2 kB)
Collecting traitlets>=4.2.1 (from notebook==6.5.2)
  Using cached traitlets-5.13.0-py3-none-any.whl.metadata (10 kB)
Collecting jupyter-core>=4.6.1 (from notebook==6.5.2)
  Using cached jupyter_core-5.5.0-py3-none-any.whl.metadata (3.4 kB)
Collecting jupyter-client>=5.3.4 (from notebook==6.5.2)
  Using cached jupyter_client-8.6.0-py3-none-any.whl.metadata (8.3 kB)
Collecting ipython-genutils (from notebook==6.5.2)
  Using cached ipython_genutils-0.2.0-py2.py3-none-any.whl (26 kB)
Collecting nbformat (from notebook==6.5.2)
  Using cached nbformat-5.9.2-py3-none-any.whl.metadata (3.4 kB)
Collecting nbconvert>=5 (from notebook==6.5.2)
  Using cached nbconvert-7.11.0-py3-none-any.whl.metadata (7.7 kB)
Collecting nest-asyncio>=1.5 (from notebook==6.5.2)
  Using cached nest_asyncio-1.5.8-py3-none-any.whl.metadata (2.8 kB)
Collecting ipykernel (from notebook==6.5.2)
  Using cached ipykernel-6.27.0-py3-none-any.whl.metadata (6.3 kB)
Collecting Send2Trash>=1.8.0 (from notebook==6.5.2)
  Using cached Send2Trash-1.8.2-py3-none-any.whl (18 kB)
Collecting terminado>=0.8.3 (from notebook==6.5.2)
  Using cached terminado-0.18.0-py3-none-any.whl.metadata (5.8 kB)
Collecting prometheus-client (from notebook==6.5.2)
  Using cached prometheus_client-0.19.0-py3-none-any.whl.metadata (1.8 kB)
Collecting nbclassic>=0.4.7 (from notebook==6.5.2)
  Using cached nbclassic-1.0.0-py3-none-any.whl (10.0 MB)
Collecting python-dateutil>=2.8.2 (from jupyter-client>=5.3.4->notebook==6.5.2)
  Using cached python_dateutil-2.8.2-py2.py3-none-any.whl (247 kB)
Collecting platformdirs>=2.5 (from jupyter-core>=4.6.1->notebook==6.5.2)
  Using cached platformdirs-4.0.0-py3-none-any.whl.metadata (11 kB)
Collecting jupyter-server>=1.8 (from nbclassic>=0.4.7->notebook==6.5.2)
  Using cached jupyter_server-2.11.0-py3-none-any.whl.metadata (8.4 kB)
Collecting notebook-shim>=0.2.3 (from nbclassic>=0.4.7->notebook==6.5.2)
  Using cached notebook_shim-0.2.3-py3-none-any.whl (13 kB)
Collecting beautifulsoup4 (from nbconvert>=5->notebook==6.5.2)
  Using cached beautifulsoup4-4.12.2-py3-none-any.whl (142 kB)
Collecting bleach!=5.0.0 (from nbconvert>=5->notebook==6.5.2)
  Using cached bleach-6.1.0-py3-none-any.whl.metadata (30 kB)
Collecting defusedxml (from nbconvert>=5->notebook==6.5.2)
  Using cached defusedxml-0.7.1-py2.py3-none-any.whl (25 kB)
Collecting jupyterlab-pygments (from nbconvert>=5->notebook==6.5.2)
  Using cached jupyterlab_pygments-0.2.2-py2.py3-none-any.whl (21 kB)
Collecting markupsafe>=2.0 (from nbconvert>=5->notebook==6.5.2)
  Using cached MarkupSafe-2.1.3-cp310-cp310-manylinux_2_17_x86_64.manylinux2014_x86_64.whl.metadata (3.0 kB)
Collecting mistune<4,>=2.0.3 (from nbconvert>=5->notebook==6.5.2)
  Using cached mistune-3.0.2-py3-none-any.whl.metadata (1.7 kB)
Collecting nbclient>=0.5.0 (from nbconvert>=5->notebook==6.5.2)
  Using cached nbclient-0.9.0-py3-none-any.whl.metadata (7.8 kB)
Collecting packaging (from nbconvert>=5->notebook==6.5.2)
  Using cached packaging-23.2-py3-none-any.whl.metadata (3.2 kB)
Collecting pandocfilters>=1.4.1 (from nbconvert>=5->notebook==6.5.2)
  Using cached pandocfilters-1.5.0-py2.py3-none-any.whl (8.7 kB)
Collecting pygments>=2.4.1 (from nbconvert>=5->notebook==6.5.2)
  Using cached pygments-2.17.2-py3-none-any.whl.metadata (2.6 kB)
Collecting tinycss2 (from nbconvert>=5->notebook==6.5.2)
  Using cached tinycss2-1.2.1-py3-none-any.whl (21 kB)
Collecting fastjsonschema (from nbformat->notebook==6.5.2)
  Using cached fastjsonschema-2.19.0-py3-none-any.whl.metadata (2.0 kB)
Collecting jsonschema>=2.6 (from nbformat->notebook==6.5.2)
  Using cached jsonschema-4.20.0-py3-none-any.whl.metadata (8.1 kB)
Collecting ptyprocess (from terminado>=0.8.3->notebook==6.5.2)
  Using cached ptyprocess-0.7.0-py2.py3-none-any.whl (13 kB)
Collecting argon2-cffi-bindings (from argon2-cffi->notebook==6.5.2)
  Using cached argon2_cffi_bindings-21.2.0-cp36-abi3-manylinux_2_17_x86_64.manylinux2014_x86_64.whl (86 kB)
Collecting comm>=0.1.1 (from ipykernel->notebook==6.5.2)
  Using cached comm-0.2.0-py3-none-any.whl.metadata (3.7 kB)
Collecting debugpy>=1.6.5 (from ipykernel->notebook==6.5.2)
  Using cached debugpy-1.8.0-cp310-cp310-manylinux_2_17_x86_64.manylinux2014_x86_64.whl.metadata (1.0 kB)
Collecting ipython>=7.23.1 (from ipykernel->notebook==6.5.2)
  Using cached ipython-8.17.2-py3-none-any.whl.metadata (6.0 kB)
Collecting matplotlib-inline>=0.1 (from ipykernel->notebook==6.5.2)
  Using cached matplotlib_inline-0.1.6-py3-none-any.whl (9.4 kB)
Collecting psutil (from ipykernel->notebook==6.5.2)
  Using cached psutil-5.9.6-cp36-abi3-manylinux_2_12_x86_64.manylinux2010_x86_64.manylinux_2_17_x86_64.manylinux2014_x86_64.whl.metadata (21 kB)
Collecting six>=1.9.0 (from bleach!=5.0.0->nbconvert>=5->notebook==6.5.2)
  Using cached six-1.16.0-py2.py3-none-any.whl (11 kB)
Collecting webencodings (from bleach!=5.0.0->nbconvert>=5->notebook==6.5.2)
  Using cached webencodings-0.5.1-py2.py3-none-any.whl (11 kB)
Collecting decorator (from ipython>=7.23.1->ipykernel->notebook==6.5.2)
  Using cached decorator-5.1.1-py3-none-any.whl (9.1 kB)
Collecting jedi>=0.16 (from ipython>=7.23.1->ipykernel->notebook==6.5.2)
  Using cached jedi-0.19.1-py2.py3-none-any.whl.metadata (22 kB)
Collecting prompt-toolkit!=3.0.37,<3.1.0,>=3.0.30 (from ipython>=7.23.1->ipykernel->notebook==6.5.2)
  Using cached prompt_toolkit-3.0.41-py3-none-any.whl.metadata (6.5 kB)
Collecting stack-data (from ipython>=7.23.1->ipykernel->notebook==6.5.2)
  Using cached stack_data-0.6.3-py3-none-any.whl.metadata (18 kB)
Collecting exceptiongroup (from ipython>=7.23.1->ipykernel->notebook==6.5.2)
  Using cached exceptiongroup-1.2.0-py3-none-any.whl.metadata (6.6 kB)
Collecting pexpect>4.3 (from ipython>=7.23.1->ipykernel->notebook==6.5.2)
  Using cached pexpect-4.8.0-py2.py3-none-any.whl (59 kB)
Collecting attrs>=22.2.0 (from jsonschema>=2.6->nbformat->notebook==6.5.2)
  Using cached attrs-23.1.0-py3-none-any.whl (61 kB)
Collecting jsonschema-specifications>=2023.03.6 (from jsonschema>=2.6->nbformat->notebook==6.5.2)
  Using cached jsonschema_specifications-2023.11.1-py3-none-any.whl.metadata (2.8 kB)
Collecting referencing>=0.28.4 (from jsonschema>=2.6->nbformat->notebook==6.5.2)
  Using cached referencing-0.31.0-py3-none-any.whl.metadata (2.6 kB)
Collecting rpds-py>=0.7.1 (from jsonschema>=2.6->nbformat->notebook==6.5.2)
  Using cached rpds_py-0.13.1-cp310-cp310-manylinux_2_17_x86_64.manylinux2014_x86_64.whl.metadata (3.7 kB)
Collecting anyio>=3.1.0 (from jupyter-server>=1.8->nbclassic>=0.4.7->notebook==6.5.2)
  Using cached anyio-4.0.0-py3-none-any.whl.metadata (4.5 kB)
Collecting jupyter-events>=0.9.0 (from jupyter-server>=1.8->nbclassic>=0.4.7->notebook==6.5.2)
  Using cached jupyter_events-0.9.0-py3-none-any.whl.metadata (5.7 kB)
Collecting jupyter-server-terminals (from jupyter-server>=1.8->nbclassic>=0.4.7->notebook==6.5.2)
  Using cached jupyter_server_terminals-0.4.4-py3-none-any.whl (13 kB)
Collecting overrides (from jupyter-server>=1.8->nbclassic>=0.4.7->notebook==6.5.2)
  Using cached overrides-7.4.0-py3-none-any.whl.metadata (5.7 kB)
Collecting websocket-client (from jupyter-server>=1.8->nbclassic>=0.4.7->notebook==6.5.2)
  Using cached websocket_client-1.6.4-py3-none-any.whl.metadata (7.7 kB)
Collecting cffi>=1.0.1 (from argon2-cffi-bindings->argon2-cffi->notebook==6.5.2)
  Using cached cffi-1.16.0-cp310-cp310-manylinux_2_17_x86_64.manylinux2014_x86_64.whl.metadata (1.5 kB)
Collecting soupsieve>1.2 (from beautifulsoup4->nbconvert>=5->notebook==6.5.2)
  Using cached soupsieve-2.5-py3-none-any.whl.metadata (4.7 kB)
Collecting idna>=2.8 (from anyio>=3.1.0->jupyter-server>=1.8->nbclassic>=0.4.7->notebook==6.5.2)
  Using cached idna-3.4-py3-none-any.whl (61 kB)
Collecting sniffio>=1.1 (from anyio>=3.1.0->jupyter-server>=1.8->nbclassic>=0.4.7->notebook==6.5.2)
  Using cached sniffio-1.3.0-py3-none-any.whl (10 kB)
Collecting pycparser (from cffi>=1.0.1->argon2-cffi-bindings->argon2-cffi->notebook==6.5.2)
  Using cached pycparser-2.21-py2.py3-none-any.whl (118 kB)
Collecting parso<0.9.0,>=0.8.3 (from jedi>=0.16->ipython>=7.23.1->ipykernel->notebook==6.5.2)
  Using cached parso-0.8.3-py2.py3-none-any.whl (100 kB)
Collecting python-json-logger>=2.0.4 (from jupyter-events>=0.9.0->jupyter-server>=1.8->nbclassic>=0.4.7->notebook==6.5.2)
  Using cached python_json_logger-2.0.7-py3-none-any.whl (8.1 kB)
Collecting pyyaml>=5.3 (from jupyter-events>=0.9.0->jupyter-server>=1.8->nbclassic>=0.4.7->notebook==6.5.2)
  Using cached PyYAML-6.0.1-cp310-cp310-manylinux_2_17_x86_64.manylinux2014_x86_64.whl.metadata (2.1 kB)
Collecting rfc3339-validator (from jupyter-events>=0.9.0->jupyter-server>=1.8->nbclassic>=0.4.7->notebook==6.5.2)
  Using cached rfc3339_validator-0.1.4-py2.py3-none-any.whl (3.5 kB)
Collecting rfc3986-validator>=0.1.1 (from jupyter-events>=0.9.0->jupyter-server>=1.8->nbclassic>=0.4.7->notebook==6.5.2)
  Using cached rfc3986_validator-0.1.1-py2.py3-none-any.whl (4.2 kB)
Collecting wcwidth (from prompt-toolkit!=3.0.37,<3.1.0,>=3.0.30->ipython>=7.23.1->ipykernel->notebook==6.5.2)
  Using cached wcwidth-0.2.12-py2.py3-none-any.whl.metadata (14 kB)
Collecting executing>=1.2.0 (from stack-data->ipython>=7.23.1->ipykernel->notebook==6.5.2)
  Using cached executing-2.0.1-py2.py3-none-any.whl.metadata (9.0 kB)
Collecting asttokens>=2.1.0 (from stack-data->ipython>=7.23.1->ipykernel->notebook==6.5.2)
  Using cached asttokens-2.4.1-py2.py3-none-any.whl.metadata (5.2 kB)
Collecting pure-eval (from stack-data->ipython>=7.23.1->ipykernel->notebook==6.5.2)
  Using cached pure_eval-0.2.2-py3-none-any.whl (11 kB)
Collecting fqdn (from jsonschema[format-nongpl]>=4.18.0->jupyter-events>=0.9.0->jupyter-server>=1.8->nbclassic>=0.4.7->notebook==6.5.2)
  Using cached fqdn-1.5.1-py3-none-any.whl (9.1 kB)
Collecting isoduration (from jsonschema[format-nongpl]>=4.18.0->jupyter-events>=0.9.0->jupyter-server>=1.8->nbclassic>=0.4.7->notebook==6.5.2)
  Using cached isoduration-20.11.0-py3-none-any.whl (11 kB)
Collecting jsonpointer>1.13 (from jsonschema[format-nongpl]>=4.18.0->jupyter-events>=0.9.0->jupyter-server>=1.8->nbclassic>=0.4.7->notebook==6.5.2)
  Using cached jsonpointer-2.4-py2.py3-none-any.whl.metadata (2.5 kB)
Collecting uri-template (from jsonschema[format-nongpl]>=4.18.0->jupyter-events>=0.9.0->jupyter-server>=1.8->nbclassic>=0.4.7->notebook==6.5.2)
  Using cached uri_template-1.3.0-py3-none-any.whl.metadata (8.8 kB)
Collecting webcolors>=1.11 (from jsonschema[format-nongpl]>=4.18.0->jupyter-events>=0.9.0->jupyter-server>=1.8->nbclassic>=0.4.7->notebook==6.5.2)
  Using cached webcolors-1.13-py3-none-any.whl (14 kB)
Collecting arrow>=0.15.0 (from isoduration->jsonschema[format-nongpl]>=4.18.0->jupyter-events>=0.9.0->jupyter-server>=1.8->nbclassic>=0.4.7->notebook==6.5.2)
  Using cached arrow-1.3.0-py3-none-any.whl.metadata (7.5 kB)
Collecting types-python-dateutil>=2.8.10 (from arrow>=0.15.0->isoduration->jsonschema[format-nongpl]>=4.18.0->jupyter-events>=0.9.0->jupyter-server>=1.8->nbclassic>=0.4.7->notebook==6.5.2)
  Using cached types_python_dateutil-2.8.19.14-py3-none-any.whl.metadata (1.6 kB)
Using cached jupyter_client-8.6.0-py3-none-any.whl (105 kB)
Using cached jupyter_core-5.5.0-py3-none-any.whl (28 kB)
Using cached nbconvert-7.11.0-py3-none-any.whl (256 kB)
Using cached nbformat-5.9.2-py3-none-any.whl (77 kB)
Using cached nest_asyncio-1.5.8-py3-none-any.whl (5.3 kB)
Using cached pyzmq-25.1.1-cp310-cp310-manylinux_2_28_x86_64.whl (1.1 MB)
Using cached terminado-0.18.0-py3-none-any.whl (14 kB)
Using cached tornado-6.3.3-cp38-abi3-manylinux_2_5_x86_64.manylinux1_x86_64.manylinux_2_17_x86_64.manylinux2014_x86_64.whl (427 kB)
Using cached traitlets-5.13.0-py3-none-any.whl (84 kB)
Using cached argon2_cffi-23.1.0-py3-none-any.whl (15 kB)
Using cached ipykernel-6.27.0-py3-none-any.whl (114 kB)
Using cached prometheus_client-0.19.0-py3-none-any.whl (54 kB)
Using cached bleach-6.1.0-py3-none-any.whl (162 kB)
Using cached comm-0.2.0-py3-none-any.whl (7.0 kB)
Using cached debugpy-1.8.0-cp310-cp310-manylinux_2_17_x86_64.manylinux2014_x86_64.whl (3.3 MB)
Using cached ipython-8.17.2-py3-none-any.whl (808 kB)
Using cached jsonschema-4.20.0-py3-none-any.whl (84 kB)
Using cached jupyter_server-2.11.0-py3-none-any.whl (379 kB)
Using cached MarkupSafe-2.1.3-cp310-cp310-manylinux_2_17_x86_64.manylinux2014_x86_64.whl (25 kB)
Using cached mistune-3.0.2-py3-none-any.whl (47 kB)
Using cached nbclient-0.9.0-py3-none-any.whl (24 kB)
Using cached platformdirs-4.0.0-py3-none-any.whl (17 kB)
Using cached pygments-2.17.2-py3-none-any.whl (1.2 MB)
Using cached fastjsonschema-2.19.0-py3-none-any.whl (23 kB)
Using cached packaging-23.2-py3-none-any.whl (53 kB)
Using cached psutil-5.9.6-cp36-abi3-manylinux_2_12_x86_64.manylinux2010_x86_64.manylinux_2_17_x86_64.manylinux2014_x86_64.whl (283 kB)
Using cached anyio-4.0.0-py3-none-any.whl (83 kB)
Using cached cffi-1.16.0-cp310-cp310-manylinux_2_17_x86_64.manylinux2014_x86_64.whl (443 kB)
Using cached exceptiongroup-1.2.0-py3-none-any.whl (16 kB)
Using cached jedi-0.19.1-py2.py3-none-any.whl (1.6 MB)
Using cached jsonschema_specifications-2023.11.1-py3-none-any.whl (17 kB)
Using cached jupyter_events-0.9.0-py3-none-any.whl (18 kB)
Using cached prompt_toolkit-3.0.41-py3-none-any.whl (385 kB)
Using cached referencing-0.31.0-py3-none-any.whl (25 kB)
Using cached rpds_py-0.13.1-cp310-cp310-manylinux_2_17_x86_64.manylinux2014_x86_64.whl (1.2 MB)
Using cached soupsieve-2.5-py3-none-any.whl (36 kB)
Using cached overrides-7.4.0-py3-none-any.whl (17 kB)
Using cached stack_data-0.6.3-py3-none-any.whl (24 kB)
Using cached websocket_client-1.6.4-py3-none-any.whl (57 kB)
Using cached asttokens-2.4.1-py2.py3-none-any.whl (27 kB)
Using cached executing-2.0.1-py2.py3-none-any.whl (24 kB)
Using cached PyYAML-6.0.1-cp310-cp310-manylinux_2_17_x86_64.manylinux2014_x86_64.whl (705 kB)
Using cached wcwidth-0.2.12-py2.py3-none-any.whl (34 kB)
Using cached jsonpointer-2.4-py2.py3-none-any.whl (7.8 kB)
Using cached uri_template-1.3.0-py3-none-any.whl (11 kB)
Using cached arrow-1.3.0-py3-none-any.whl (66 kB)
Using cached types_python_dateutil-2.8.19.14-py3-none-any.whl (9.4 kB)
Installing collected packages: webencodings, wcwidth, types-python-dateutil, pure-eval, ptyprocess, ipython-genutils, fastjsonschema, websocket-client, webcolors, uri-template, traitlets, tornado, tinycss2, soupsieve, sniffio, six, Send2Trash, rpds-py, rfc3986-validator, pyzmq, pyyaml, python-json-logger, pygments, pycparser, psutil, prompt-toolkit, prometheus-client, platformdirs, pexpect, parso, pandocfilters, packaging, overrides, nest-asyncio, mistune, markupsafe, jupyterlab-pygments, jsonpointer, idna, fqdn, executing, exceptiongroup, defusedxml, decorator, debugpy, attrs, terminado, rfc3339-validator, referencing, python-dateutil, matplotlib-inline, jupyter-core, jinja2, jedi, comm, cffi, bleach, beautifulsoup4, asttokens, anyio, stack-data, jupyter-server-terminals, jupyter-client, jsonschema-specifications, arrow, argon2-cffi-bindings, jsonschema, isoduration, ipython, argon2-cffi, nbformat, ipykernel, nbclient, jupyter-events, nbconvert, jupyter-server, notebook-shim, nbclassic, notebook
Successfully installed Send2Trash-1.8.2 anyio-4.0.0 argon2-cffi-23.1.0 argon2-cffi-bindings-21.2.0 arrow-1.3.0 asttokens-2.4.1 attrs-23.1.0 beautifulsoup4-4.12.2 bleach-6.1.0 cffi-1.16.0 comm-0.2.0 debugpy-1.8.0 decorator-5.1.1 defusedxml-0.7.1 exceptiongroup-1.2.0 executing-2.0.1 fastjsonschema-2.19.0 fqdn-1.5.1 idna-3.4 ipykernel-6.27.0 ipython-8.17.2 ipython-genutils-0.2.0 isoduration-20.11.0 jedi-0.19.1 jinja2-3.1.2 jsonpointer-2.4 jsonschema-4.20.0 jsonschema-specifications-2023.11.1 jupyter-client-8.6.0 jupyter-core-5.5.0 jupyter-events-0.9.0 jupyter-server-2.11.0 jupyter-server-terminals-0.4.4 jupyterlab-pygments-0.2.2 markupsafe-2.1.3 matplotlib-inline-0.1.6 mistune-3.0.2 nbclassic-1.0.0 nbclient-0.9.0 nbconvert-7.11.0 nbformat-5.9.2 nest-asyncio-1.5.8 notebook-6.5.2 notebook-shim-0.2.3 overrides-7.4.0 packaging-23.2 pandocfilters-1.5.0 parso-0.8.3 pexpect-4.8.0 platformdirs-4.0.0 prometheus-client-0.19.0 prompt-toolkit-3.0.41 psutil-5.9.6 ptyprocess-0.7.0 pure-eval-0.2.2 pycparser-2.21 pygments-2.17.2 python-dateutil-2.8.2 python-json-logger-2.0.7 pyyaml-6.0.1 pyzmq-25.1.1 referencing-0.31.0 rfc3339-validator-0.1.4 rfc3986-validator-0.1.1 rpds-py-0.13.1 six-1.16.0 sniffio-1.3.0 soupsieve-2.5 stack-data-0.6.3 terminado-0.18.0 tinycss2-1.2.1 tornado-6.3.3 traitlets-5.13.0 types-python-dateutil-2.8.19.14 uri-template-1.3.0 wcwidth-0.2.12 webcolors-1.13 webencodings-0.5.1 websocket-client-1.6.4
Collecting notebook==6.5.2
  Using cached notebook-6.5.2-py3-none-any.whl (439 kB)
Collecting jinja2 (from notebook==6.5.2)
  Using cached Jinja2-3.1.2-py3-none-any.whl (133 kB)
Collecting tornado>=6.1 (from notebook==6.5.2)
  Using cached tornado-6.3.3-cp38-abi3-manylinux_2_5_x86_64.manylinux1_x86_64.manylinux_2_17_x86_64.manylinux2014_x86_64.whl.metadata (2.5 kB)
Collecting pyzmq>=17 (from notebook==6.5.2)
  Using cached pyzmq-25.1.1-cp310-cp310-manylinux_2_28_x86_64.whl.metadata (4.9 kB)
Collecting argon2-cffi (from notebook==6.5.2)
  Using cached argon2_cffi-23.1.0-py3-none-any.whl.metadata (5.2 kB)
Collecting traitlets>=4.2.1 (from notebook==6.5.2)
  Using cached traitlets-5.13.0-py3-none-any.whl.metadata (10 kB)
Collecting jupyter-core>=4.6.1 (from notebook==6.5.2)
  Using cached jupyter_core-5.5.0-py3-none-any.whl.metadata (3.4 kB)
Collecting jupyter-client>=5.3.4 (from notebook==6.5.2)
  Using cached jupyter_client-8.6.0-py3-none-any.whl.metadata (8.3 kB)
Collecting ipython-genutils (from notebook==6.5.2)
  Using cached ipython_genutils-0.2.0-py2.py3-none-any.whl (26 kB)
Collecting nbformat (from notebook==6.5.2)
  Using cached nbformat-5.9.2-py3-none-any.whl.metadata (3.4 kB)
Collecting nbconvert>=5 (from notebook==6.5.2)
  Using cached nbconvert-7.11.0-py3-none-any.whl.metadata (7.7 kB)
Collecting nest-asyncio>=1.5 (from notebook==6.5.2)
  Using cached nest_asyncio-1.5.8-py3-none-any.whl.metadata (2.8 kB)
Collecting ipykernel (from notebook==6.5.2)
  Using cached ipykernel-6.27.0-py3-none-any.whl.metadata (6.3 kB)
Collecting Send2Trash>=1.8.0 (from notebook==6.5.2)
  Using cached Send2Trash-1.8.2-py3-none-any.whl (18 kB)
Collecting terminado>=0.8.3 (from notebook==6.5.2)
  Using cached terminado-0.18.0-py3-none-any.whl.metadata (5.8 kB)
Collecting prometheus-client (from notebook==6.5.2)
  Using cached prometheus_client-0.19.0-py3-none-any.whl.metadata (1.8 kB)
Collecting nbclassic>=0.4.7 (from notebook==6.5.2)
  Using cached nbclassic-1.0.0-py3-none-any.whl (10.0 MB)
Collecting python-dateutil>=2.8.2 (from jupyter-client>=5.3.4->notebook==6.5.2)
  Using cached python_dateutil-2.8.2-py2.py3-none-any.whl (247 kB)
Collecting platformdirs>=2.5 (from jupyter-core>=4.6.1->notebook==6.5.2)
  Using cached platformdirs-4.0.0-py3-none-any.whl.metadata (11 kB)
Collecting jupyter-server>=1.8 (from nbclassic>=0.4.7->notebook==6.5.2)
  Using cached jupyter_server-2.11.0-py3-none-any.whl.metadata (8.4 kB)
Collecting notebook-shim>=0.2.3 (from nbclassic>=0.4.7->notebook==6.5.2)
  Using cached notebook_shim-0.2.3-py3-none-any.whl (13 kB)
Collecting beautifulsoup4 (from nbconvert>=5->notebook==6.5.2)
  Using cached beautifulsoup4-4.12.2-py3-none-any.whl (142 kB)
Collecting bleach!=5.0.0 (from nbconvert>=5->notebook==6.5.2)
  Using cached bleach-6.1.0-py3-none-any.whl.metadata (30 kB)
Collecting defusedxml (from nbconvert>=5->notebook==6.5.2)
  Using cached defusedxml-0.7.1-py2.py3-none-any.whl (25 kB)
Collecting jupyterlab-pygments (from nbconvert>=5->notebook==6.5.2)
  Using cached jupyterlab_pygments-0.2.2-py2.py3-none-any.whl (21 kB)
Collecting markupsafe>=2.0 (from nbconvert>=5->notebook==6.5.2)
  Using cached MarkupSafe-2.1.3-cp310-cp310-manylinux_2_17_x86_64.manylinux2014_x86_64.whl.metadata (3.0 kB)
Collecting mistune<4,>=2.0.3 (from nbconvert>=5->notebook==6.5.2)
  Using cached mistune-3.0.2-py3-none-any.whl.metadata (1.7 kB)
Collecting nbclient>=0.5.0 (from nbconvert>=5->notebook==6.5.2)
  Using cached nbclient-0.9.0-py3-none-any.whl.metadata (7.8 kB)
Collecting packaging (from nbconvert>=5->notebook==6.5.2)
  Using cached packaging-23.2-py3-none-any.whl.metadata (3.2 kB)
Collecting pandocfilters>=1.4.1 (from nbconvert>=5->notebook==6.5.2)
  Using cached pandocfilters-1.5.0-py2.py3-none-any.whl (8.7 kB)
Collecting pygments>=2.4.1 (from nbconvert>=5->notebook==6.5.2)
  Using cached pygments-2.17.2-py3-none-any.whl.metadata (2.6 kB)
Collecting tinycss2 (from nbconvert>=5->notebook==6.5.2)
  Using cached tinycss2-1.2.1-py3-none-any.whl (21 kB)
Collecting fastjsonschema (from nbformat->notebook==6.5.2)
  Using cached fastjsonschema-2.19.0-py3-none-any.whl.metadata (2.0 kB)
Collecting jsonschema>=2.6 (from nbformat->notebook==6.5.2)
  Using cached jsonschema-4.20.0-py3-none-any.whl.metadata (8.1 kB)
Collecting ptyprocess (from terminado>=0.8.3->notebook==6.5.2)
  Using cached ptyprocess-0.7.0-py2.py3-none-any.whl (13 kB)
Collecting argon2-cffi-bindings (from argon2-cffi->notebook==6.5.2)
  Using cached argon2_cffi_bindings-21.2.0-cp36-abi3-manylinux_2_17_x86_64.manylinux2014_x86_64.whl (86 kB)
Collecting comm>=0.1.1 (from ipykernel->notebook==6.5.2)
  Using cached comm-0.2.0-py3-none-any.whl.metadata (3.7 kB)
Collecting debugpy>=1.6.5 (from ipykernel->notebook==6.5.2)
  Using cached debugpy-1.8.0-cp310-cp310-manylinux_2_17_x86_64.manylinux2014_x86_64.whl.metadata (1.0 kB)
Collecting ipython>=7.23.1 (from ipykernel->notebook==6.5.2)
  Using cached ipython-8.17.2-py3-none-any.whl.metadata (6.0 kB)
Collecting matplotlib-inline>=0.1 (from ipykernel->notebook==6.5.2)
  Using cached matplotlib_inline-0.1.6-py3-none-any.whl (9.4 kB)
Collecting psutil (from ipykernel->notebook==6.5.2)
  Using cached psutil-5.9.6-cp36-abi3-manylinux_2_12_x86_64.manylinux2010_x86_64.manylinux_2_17_x86_64.manylinux2014_x86_64.whl.metadata (21 kB)
Collecting six>=1.9.0 (from bleach!=5.0.0->nbconvert>=5->notebook==6.5.2)
  Using cached six-1.16.0-py2.py3-none-any.whl (11 kB)
Collecting webencodings (from bleach!=5.0.0->nbconvert>=5->notebook==6.5.2)
  Using cached webencodings-0.5.1-py2.py3-none-any.whl (11 kB)
Collecting decorator (from ipython>=7.23.1->ipykernel->notebook==6.5.2)
  Using cached decorator-5.1.1-py3-none-any.whl (9.1 kB)
Collecting jedi>=0.16 (from ipython>=7.23.1->ipykernel->notebook==6.5.2)
  Using cached jedi-0.19.1-py2.py3-none-any.whl.metadata (22 kB)
Collecting prompt-toolkit!=3.0.37,<3.1.0,>=3.0.30 (from ipython>=7.23.1->ipykernel->notebook==6.5.2)
  Using cached prompt_toolkit-3.0.41-py3-none-any.whl.metadata (6.5 kB)
Collecting stack-data (from ipython>=7.23.1->ipykernel->notebook==6.5.2)
  Using cached stack_data-0.6.3-py3-none-any.whl.metadata (18 kB)
Collecting exceptiongroup (from ipython>=7.23.1->ipykernel->notebook==6.5.2)
  Using cached exceptiongroup-1.2.0-py3-none-any.whl.metadata (6.6 kB)
Collecting pexpect>4.3 (from ipython>=7.23.1->ipykernel->notebook==6.5.2)
  Using cached pexpect-4.8.0-py2.py3-none-any.whl (59 kB)
Collecting attrs>=22.2.0 (from jsonschema>=2.6->nbformat->notebook==6.5.2)
  Using cached attrs-23.1.0-py3-none-any.whl (61 kB)
Collecting jsonschema-specifications>=2023.03.6 (from jsonschema>=2.6->nbformat->notebook==6.5.2)
  Using cached jsonschema_specifications-2023.11.1-py3-none-any.whl.metadata (2.8 kB)
Collecting referencing>=0.28.4 (from jsonschema>=2.6->nbformat->notebook==6.5.2)
  Using cached referencing-0.31.0-py3-none-any.whl.metadata (2.6 kB)
Collecting rpds-py>=0.7.1 (from jsonschema>=2.6->nbformat->notebook==6.5.2)
  Using cached rpds_py-0.13.1-cp310-cp310-manylinux_2_17_x86_64.manylinux2014_x86_64.whl.metadata (3.7 kB)
Collecting anyio>=3.1.0 (from jupyter-server>=1.8->nbclassic>=0.4.7->notebook==6.5.2)
  Using cached anyio-4.0.0-py3-none-any.whl.metadata (4.5 kB)
Collecting jupyter-events>=0.9.0 (from jupyter-server>=1.8->nbclassic>=0.4.7->notebook==6.5.2)
  Using cached jupyter_events-0.9.0-py3-none-any.whl.metadata (5.7 kB)
Collecting jupyter-server-terminals (from jupyter-server>=1.8->nbclassic>=0.4.7->notebook==6.5.2)
  Using cached jupyter_server_terminals-0.4.4-py3-none-any.whl (13 kB)
Collecting overrides (from jupyter-server>=1.8->nbclassic>=0.4.7->notebook==6.5.2)
  Using cached overrides-7.4.0-py3-none-any.whl.metadata (5.7 kB)
Collecting websocket-client (from jupyter-server>=1.8->nbclassic>=0.4.7->notebook==6.5.2)
  Using cached websocket_client-1.6.4-py3-none-any.whl.metadata (7.7 kB)
Collecting cffi>=1.0.1 (from argon2-cffi-bindings->argon2-cffi->notebook==6.5.2)
  Using cached cffi-1.16.0-cp310-cp310-manylinux_2_17_x86_64.manylinux2014_x86_64.whl.metadata (1.5 kB)
Collecting soupsieve>1.2 (from beautifulsoup4->nbconvert>=5->notebook==6.5.2)
  Using cached soupsieve-2.5-py3-none-any.whl.metadata (4.7 kB)
Collecting idna>=2.8 (from anyio>=3.1.0->jupyter-server>=1.8->nbclassic>=0.4.7->notebook==6.5.2)
  Using cached idna-3.4-py3-none-any.whl (61 kB)
Collecting sniffio>=1.1 (from anyio>=3.1.0->jupyter-server>=1.8->nbclassic>=0.4.7->notebook==6.5.2)
  Using cached sniffio-1.3.0-py3-none-any.whl (10 kB)
Collecting pycparser (from cffi>=1.0.1->argon2-cffi-bindings->argon2-cffi->notebook==6.5.2)
  Using cached pycparser-2.21-py2.py3-none-any.whl (118 kB)
Collecting parso<0.9.0,>=0.8.3 (from jedi>=0.16->ipython>=7.23.1->ipykernel->notebook==6.5.2)
  Using cached parso-0.8.3-py2.py3-none-any.whl (100 kB)
Collecting python-json-logger>=2.0.4 (from jupyter-events>=0.9.0->jupyter-server>=1.8->nbclassic>=0.4.7->notebook==6.5.2)
  Using cached python_json_logger-2.0.7-py3-none-any.whl (8.1 kB)
Collecting pyyaml>=5.3 (from jupyter-events>=0.9.0->jupyter-server>=1.8->nbclassic>=0.4.7->notebook==6.5.2)
  Using cached PyYAML-6.0.1-cp310-cp310-manylinux_2_17_x86_64.manylinux2014_x86_64.whl.metadata (2.1 kB)
Collecting rfc3339-validator (from jupyter-events>=0.9.0->jupyter-server>=1.8->nbclassic>=0.4.7->notebook==6.5.2)
  Using cached rfc3339_validator-0.1.4-py2.py3-none-any.whl (3.5 kB)
Collecting rfc3986-validator>=0.1.1 (from jupyter-events>=0.9.0->jupyter-server>=1.8->nbclassic>=0.4.7->notebook==6.5.2)
  Using cached rfc3986_validator-0.1.1-py2.py3-none-any.whl (4.2 kB)
Collecting wcwidth (from prompt-toolkit!=3.0.37,<3.1.0,>=3.0.30->ipython>=7.23.1->ipykernel->notebook==6.5.2)
  Using cached wcwidth-0.2.12-py2.py3-none-any.whl.metadata (14 kB)
Collecting executing>=1.2.0 (from stack-data->ipython>=7.23.1->ipykernel->notebook==6.5.2)
  Using cached executing-2.0.1-py2.py3-none-any.whl.metadata (9.0 kB)
Collecting asttokens>=2.1.0 (from stack-data->ipython>=7.23.1->ipykernel->notebook==6.5.2)
  Using cached asttokens-2.4.1-py2.py3-none-any.whl.metadata (5.2 kB)
Collecting pure-eval (from stack-data->ipython>=7.23.1->ipykernel->notebook==6.5.2)
  Using cached pure_eval-0.2.2-py3-none-any.whl (11 kB)
Collecting fqdn (from jsonschema[format-nongpl]>=4.18.0->jupyter-events>=0.9.0->jupyter-server>=1.8->nbclassic>=0.4.7->notebook==6.5.2)
  Using cached fqdn-1.5.1-py3-none-any.whl (9.1 kB)
Collecting isoduration (from jsonschema[format-nongpl]>=4.18.0->jupyter-events>=0.9.0->jupyter-server>=1.8->nbclassic>=0.4.7->notebook==6.5.2)
  Using cached isoduration-20.11.0-py3-none-any.whl (11 kB)
Collecting jsonpointer>1.13 (from jsonschema[format-nongpl]>=4.18.0->jupyter-events>=0.9.0->jupyter-server>=1.8->nbclassic>=0.4.7->notebook==6.5.2)
  Using cached jsonpointer-2.4-py2.py3-none-any.whl.metadata (2.5 kB)
Collecting uri-template (from jsonschema[format-nongpl]>=4.18.0->jupyter-events>=0.9.0->jupyter-server>=1.8->nbclassic>=0.4.7->notebook==6.5.2)
  Using cached uri_template-1.3.0-py3-none-any.whl.metadata (8.8 kB)
Collecting webcolors>=1.11 (from jsonschema[format-nongpl]>=4.18.0->jupyter-events>=0.9.0->jupyter-server>=1.8->nbclassic>=0.4.7->notebook==6.5.2)
  Using cached webcolors-1.13-py3-none-any.whl (14 kB)
Collecting arrow>=0.15.0 (from isoduration->jsonschema[format-nongpl]>=4.18.0->jupyter-events>=0.9.0->jupyter-server>=1.8->nbclassic>=0.4.7->notebook==6.5.2)
  Using cached arrow-1.3.0-py3-none-any.whl.metadata (7.5 kB)
Collecting types-python-dateutil>=2.8.10 (from arrow>=0.15.0->isoduration->jsonschema[format-nongpl]>=4.18.0->jupyter-events>=0.9.0->jupyter-server>=1.8->nbclassic>=0.4.7->notebook==6.5.2)
  Using cached types_python_dateutil-2.8.19.14-py3-none-any.whl.metadata (1.6 kB)
Using cached jupyter_client-8.6.0-py3-none-any.whl (105 kB)
Using cached jupyter_core-5.5.0-py3-none-any.whl (28 kB)
Using cached nbconvert-7.11.0-py3-none-any.whl (256 kB)
Using cached nbformat-5.9.2-py3-none-any.whl (77 kB)
Using cached nest_asyncio-1.5.8-py3-none-any.whl (5.3 kB)
Using cached pyzmq-25.1.1-cp310-cp310-manylinux_2_28_x86_64.whl (1.1 MB)
Using cached terminado-0.18.0-py3-none-any.whl (14 kB)
Using cached tornado-6.3.3-cp38-abi3-manylinux_2_5_x86_64.manylinux1_x86_64.manylinux_2_17_x86_64.manylinux2014_x86_64.whl (427 kB)
Using cached traitlets-5.13.0-py3-none-any.whl (84 kB)
Using cached argon2_cffi-23.1.0-py3-none-any.whl (15 kB)
Using cached ipykernel-6.27.0-py3-none-any.whl (114 kB)
Using cached prometheus_client-0.19.0-py3-none-any.whl (54 kB)
Using cached bleach-6.1.0-py3-none-any.whl (162 kB)
Using cached comm-0.2.0-py3-none-any.whl (7.0 kB)
Using cached debugpy-1.8.0-cp310-cp310-manylinux_2_17_x86_64.manylinux2014_x86_64.whl (3.3 MB)
Using cached ipython-8.17.2-py3-none-any.whl (808 kB)
Using cached jsonschema-4.20.0-py3-none-any.whl (84 kB)
Using cached jupyter_server-2.11.0-py3-none-any.whl (379 kB)
Using cached MarkupSafe-2.1.3-cp310-cp310-manylinux_2_17_x86_64.manylinux2014_x86_64.whl (25 kB)
Using cached mistune-3.0.2-py3-none-any.whl (47 kB)
Using cached nbclient-0.9.0-py3-none-any.whl (24 kB)
Using cached platformdirs-4.0.0-py3-none-any.whl (17 kB)
Using cached pygments-2.17.2-py3-none-any.whl (1.2 MB)
Using cached fastjsonschema-2.19.0-py3-none-any.whl (23 kB)
Using cached packaging-23.2-py3-none-any.whl (53 kB)
Using cached psutil-5.9.6-cp36-abi3-manylinux_2_12_x86_64.manylinux2010_x86_64.manylinux_2_17_x86_64.manylinux2014_x86_64.whl (283 kB)
Using cached anyio-4.0.0-py3-none-any.whl (83 kB)
Using cached cffi-1.16.0-cp310-cp310-manylinux_2_17_x86_64.manylinux2014_x86_64.whl (443 kB)
Using cached exceptiongroup-1.2.0-py3-none-any.whl (16 kB)
Using cached jedi-0.19.1-py2.py3-none-any.whl (1.6 MB)
Using cached jsonschema_specifications-2023.11.1-py3-none-any.whl (17 kB)
Using cached jupyter_events-0.9.0-py3-none-any.whl (18 kB)
Using cached prompt_toolkit-3.0.41-py3-none-any.whl (385 kB)
Using cached referencing-0.31.0-py3-none-any.whl (25 kB)
Using cached rpds_py-0.13.1-cp310-cp310-manylinux_2_17_x86_64.manylinux2014_x86_64.whl (1.2 MB)
Using cached soupsieve-2.5-py3-none-any.whl (36 kB)
Using cached overrides-7.4.0-py3-none-any.whl (17 kB)
Using cached stack_data-0.6.3-py3-none-any.whl (24 kB)
Using cached websocket_client-1.6.4-py3-none-any.whl (57 kB)
Using cached asttokens-2.4.1-py2.py3-none-any.whl (27 kB)
Using cached executing-2.0.1-py2.py3-none-any.whl (24 kB)
Using cached PyYAML-6.0.1-cp310-cp310-manylinux_2_17_x86_64.manylinux2014_x86_64.whl (705 kB)
Using cached wcwidth-0.2.12-py2.py3-none-any.whl (34 kB)
Using cached jsonpointer-2.4-py2.py3-none-any.whl (7.8 kB)
Using cached uri_template-1.3.0-py3-none-any.whl (11 kB)
Using cached arrow-1.3.0-py3-none-any.whl (66 kB)
Using cached types_python_dateutil-2.8.19.14-py3-none-any.whl (9.4 kB)
Installing collected packages: webencodings, wcwidth, types-python-dateutil, pure-eval, ptyprocess, ipython-genutils, fastjsonschema, websocket-client, webcolors, uri-template, traitlets, tornado, tinycss2, soupsieve, sniffio, six, Send2Trash, rpds-py, rfc3986-validator, pyzmq, pyyaml, python-json-logger, pygments, pycparser, psutil, prompt-toolkit, prometheus-client, platformdirs, pexpect, parso, pandocfilters, packaging, overrides, nest-asyncio, mistune, markupsafe, jupyterlab-pygments, jsonpointer, idna, fqdn, executing, exceptiongroup, defusedxml, decorator, debugpy, attrs, terminado, rfc3339-validator, referencing, python-dateutil, matplotlib-inline, jupyter-core, jinja2, jedi, comm, cffi, bleach, beautifulsoup4, asttokens, anyio, stack-data, jupyter-server-terminals, jupyter-client, jsonschema-specifications, arrow, argon2-cffi-bindings, jsonschema, isoduration, ipython, argon2-cffi, nbformat, ipykernel, nbclient, jupyter-events, nbconvert, jupyter-server, notebook-shim, nbclassic, notebook
Successfully installed Send2Trash-1.8.2 anyio-4.0.0 argon2-cffi-23.1.0 argon2-cffi-bindings-21.2.0 arrow-1.3.0 asttokens-2.4.1 attrs-23.1.0 beautifulsoup4-4.12.2 bleach-6.1.0 cffi-1.16.0 comm-0.2.0 debugpy-1.8.0 decorator-5.1.1 defusedxml-0.7.1 exceptiongroup-1.2.0 executing-2.0.1 fastjsonschema-2.19.0 fqdn-1.5.1 idna-3.4 ipykernel-6.27.0 ipython-8.17.2 ipython-genutils-0.2.0 isoduration-20.11.0 jedi-0.19.1 jinja2-3.1.2 jsonpointer-2.4 jsonschema-4.20.0 jsonschema-specifications-2023.11.1 jupyter-client-8.6.0 jupyter-core-5.5.0 jupyter-events-0.9.0 jupyter-server-2.11.0 jupyter-server-terminals-0.4.4 jupyterlab-pygments-0.2.2 markupsafe-2.1.3 matplotlib-inline-0.1.6 mistune-3.0.2 nbclassic-1.0.0 nbclient-0.9.0 nbconvert-7.11.0 nbformat-5.9.2 nest-asyncio-1.5.8 notebook-6.5.2 notebook-shim-0.2.3 overrides-7.4.0 packaging-23.2 pandocfilters-1.5.0 parso-0.8.3 pexpect-4.8.0 platformdirs-4.0.0 prometheus-client-0.19.0 prompt-toolkit-3.0.41 psutil-5.9.6 ptyprocess-0.7.0 pure-eval-0.2.2 pycparser-2.21 pygments-2.17.2 python-dateutil-2.8.2 python-json-logger-2.0.7 pyyaml-6.0.1 pyzmq-25.1.1 referencing-0.31.0 rfc3339-validator-0.1.4 rfc3986-validator-0.1.1 rpds-py-0.13.1 six-1.16.0 sniffio-1.3.0 soupsieve-2.5 stack-data-0.6.3 terminado-0.18.0 tinycss2-1.2.1 tornado-6.3.3 traitlets-5.13.0 types-python-dateutil-2.8.19.14 uri-template-1.3.0 wcwidth-0.2.12 webcolors-1.13 webencodings-0.5.1 websocket-client-1.6.4
