Collecting notebook==6.5.2
  Downloading notebook-6.5.2-py3-none-any.whl (439 kB)
     ━━━━━━━━━━━━━━━━━━━━━━━━━━━━━━━━━━━━━━━ 439.1/439.1 kB 2.5 MB/s eta 0:00:00
Collecting jinja2
  Using cached Jinja2-3.1.2-py3-none-any.whl (133 kB)
Collecting tornado>=6.1
  Using cached tornado-6.3.3-py3-none-any.whl
Collecting pyzmq>=17
  Using cached pyzmq-25.1.1-graalpy310-graalpy231_310_native-linux_x86_64.whl
Collecting argon2-cffi
  Using cached argon2_cffi-23.1.0-py3-none-any.whl (15 kB)
Collecting traitlets>=4.2.1
  Using cached traitlets-5.13.0-py3-none-any.whl (84 kB)
Collecting jupyter-core>=4.6.1
  Using cached jupyter_core-5.5.0-py3-none-any.whl (28 kB)
Collecting jupyter-client>=5.3.4
  Using cached jupyter_client-8.6.0-py3-none-any.whl (105 kB)
Collecting ipython-genutils
  Using cached ipython_genutils-0.2.0-py2.py3-none-any.whl (26 kB)
Collecting nbformat
  Using cached nbformat-5.9.2-py3-none-any.whl (77 kB)
Collecting nbconvert>=5
  Using cached nbconvert-7.11.0-py3-none-any.whl (256 kB)
Collecting nest-asyncio>=1.5
  Using cached nest_asyncio-1.5.8-py3-none-any.whl (5.3 kB)
Collecting ipykernel
  Using cached ipykernel-6.27.0-py3-none-any.whl (114 kB)
Collecting Send2Trash>=1.8.0
  Using cached Send2Trash-1.8.2-py3-none-any.whl (18 kB)
Collecting terminado>=0.8.3
  Using cached terminado-0.18.0-py3-none-any.whl (14 kB)
Collecting prometheus-client
  Using cached prometheus_client-0.19.0-py3-none-any.whl (54 kB)
Collecting nbclassic>=0.4.7
  Using cached nbclassic-1.0.0-py3-none-any.whl (10.0 MB)
Collecting python-dateutil>=2.8.2
  Using cached python_dateutil-2.8.2-py2.py3-none-any.whl (247 kB)
Collecting platformdirs>=2.5
  Using cached platformdirs-4.0.0-py3-none-any.whl (17 kB)
Collecting jupyter-server>=1.8
  Using cached jupyter_server-2.11.0-py3-none-any.whl (379 kB)
Collecting notebook-shim>=0.2.3
  Using cached notebook_shim-0.2.3-py3-none-any.whl (13 kB)
Collecting beautifulsoup4
  Using cached beautifulsoup4-4.12.2-py3-none-any.whl (142 kB)
Collecting bleach!=5.0.0
  Using cached bleach-6.1.0-py3-none-any.whl (162 kB)
Collecting defusedxml
  Using cached defusedxml-0.7.1-py2.py3-none-any.whl (25 kB)
Collecting jupyterlab-pygments
  Using cached jupyterlab_pygments-0.2.2-py2.py3-none-any.whl (21 kB)
Collecting markupsafe>=2.0
  Using cached MarkupSafe-2.1.3-py3-none-any.whl
Collecting mistune<4,>=2.0.3
  Using cached mistune-3.0.2-py3-none-any.whl (47 kB)
Collecting nbclient>=0.5.0
  Using cached nbclient-0.9.0-py3-none-any.whl (24 kB)
Collecting packaging
  Using cached packaging-23.2-py3-none-any.whl (53 kB)
Collecting pandocfilters>=1.4.1
  Using cached pandocfilters-1.5.0-py2.py3-none-any.whl (8.7 kB)
Collecting pygments>=2.4.1
  Using cached pygments-2.17.2-py3-none-any.whl (1.2 MB)
Collecting tinycss2
  Using cached tinycss2-1.2.1-py3-none-any.whl (21 kB)
Collecting fastjsonschema
  Using cached fastjsonschema-2.19.0-py3-none-any.whl (23 kB)
Collecting jsonschema>=2.6
  Using cached jsonschema-4.17.3-py3-none-any.whl (90 kB)
Collecting ptyprocess
  Using cached ptyprocess-0.7.0-py2.py3-none-any.whl (13 kB)
Collecting argon2-cffi-bindings
  Using cached argon2_cffi_bindings-21.2.0-graalpy310-graalpy231_310_native-linux_x86_64.whl
Collecting comm>=0.1.1
  Using cached comm-0.2.0-py3-none-any.whl (7.0 kB)
Collecting debugpy>=1.6.5
  Using cached debugpy-1.8.0-py2.py3-none-any.whl (5.0 MB)
Collecting ipython>=7.23.1
  Using cached ipython-8.17.2-py3-none-any.whl (808 kB)
Collecting matplotlib-inline>=0.1
  Using cached matplotlib_inline-0.1.6-py3-none-any.whl (9.4 kB)
Collecting psutil
  Using cached psutil-5.9.6-graalpy310-graalpy231_310_native-linux_x86_64.whl
Collecting six>=1.9.0
  Using cached six-1.16.0-py2.py3-none-any.whl (11 kB)
Collecting webencodings
  Using cached webencodings-0.5.1-py2.py3-none-any.whl (11 kB)
Collecting decorator
  Using cached decorator-5.1.1-py3-none-any.whl (9.1 kB)
Collecting jedi>=0.16
  Using cached jedi-0.19.1-py2.py3-none-any.whl (1.6 MB)
Collecting prompt-toolkit!=3.0.37,<3.1.0,>=3.0.30
  Using cached prompt_toolkit-3.0.41-py3-none-any.whl (385 kB)
Collecting stack-data
  Using cached stack_data-0.6.3-py3-none-any.whl (24 kB)
Collecting exceptiongroup
  Using cached exceptiongroup-1.2.0-py3-none-any.whl (16 kB)
Collecting pexpect>4.3
  Using cached pexpect-4.8.0-py2.py3-none-any.whl (59 kB)
Collecting attrs>=17.4.0
  Using cached attrs-23.1.0-py3-none-any.whl (61 kB)
Collecting pyrsistent!=0.17.0,!=0.17.1,!=0.17.2,>=0.14.0
  Using cached pyrsistent-0.20.0-py3-none-any.whl (58 kB)
Collecting anyio>=3.1.0
  Using cached anyio-4.0.0-py3-none-any.whl (83 kB)
Collecting jupyter-events>=0.9.0
  Using cached jupyter_events-0.9.0-py3-none-any.whl (18 kB)
Collecting jupyter-server-terminals
  Using cached jupyter_server_terminals-0.4.4-py3-none-any.whl (13 kB)
Collecting overrides
  Using cached overrides-7.4.0-py3-none-any.whl (17 kB)
Collecting websocket-client
  Using cached websocket_client-1.6.4-py3-none-any.whl (57 kB)
Collecting cffi>=1.0.1
  Using cached cffi-1.15.1-graalpy310-graalpy231_310_native-linux_x86_64.whl
Collecting soupsieve>1.2
  Using cached soupsieve-2.5-py3-none-any.whl (36 kB)
Collecting idna>=2.8
  Using cached idna-3.4-py3-none-any.whl (61 kB)
Collecting sniffio>=1.1
  Using cached sniffio-1.3.0-py3-none-any.whl (10 kB)
Collecting pycparser
  Using cached pycparser-2.21-py2.py3-none-any.whl (118 kB)
Collecting parso<0.9.0,>=0.8.3
  Using cached parso-0.8.3-py2.py3-none-any.whl (100 kB)
Collecting jsonschema[format-nongpl]>=4.18.0
  Using cached jsonschema-4.20.0-py3-none-any.whl (84 kB)
Collecting python-json-logger>=2.0.4
  Using cached python_json_logger-2.0.7-py3-none-any.whl (8.1 kB)
Collecting pyyaml>=5.3
  Using cached PyYAML-6.0.1-py3-none-any.whl
Collecting referencing
  Using cached referencing-0.31.0-py3-none-any.whl (25 kB)
Collecting rfc3339-validator
  Using cached rfc3339_validator-0.1.4-py2.py3-none-any.whl (3.5 kB)
Collecting rfc3986-validator>=0.1.1
  Using cached rfc3986_validator-0.1.1-py2.py3-none-any.whl (4.2 kB)
Collecting wcwidth
  Using cached wcwidth-0.2.12-py2.py3-none-any.whl (34 kB)
Collecting executing>=1.2.0
  Using cached executing-2.0.1-py2.py3-none-any.whl (24 kB)
Collecting asttokens>=2.1.0
  Using cached asttokens-2.4.1-py2.py3-none-any.whl (27 kB)
Collecting pure-eval
  Using cached pure_eval-0.2.2-py3-none-any.whl (11 kB)
Collecting jsonschema-specifications>=2023.03.6
  Using cached jsonschema_specifications-2023.11.1-py3-none-any.whl (17 kB)
Collecting rpds-py>=0.7.1
  Using cached rpds_py-0.13.1.tar.gz (17 kB)
Looking for GraalPy patches for rpds_py
  Installing build dependencies: started
  Installing build dependencies: finished with status 'done'
  Getting requirements to build wheel: started
  Getting requirements to build wheel: finished with status 'done'
  Preparing metadata (pyproject.toml): started
  Preparing metadata (pyproject.toml): finished with status 'done'
Collecting fqdn
  Using cached fqdn-1.5.1-py3-none-any.whl (9.1 kB)
Collecting isoduration
  Using cached isoduration-20.11.0-py3-none-any.whl (11 kB)
Collecting jsonpointer>1.13
  Using cached jsonpointer-2.4-py2.py3-none-any.whl (7.8 kB)
Collecting uri-template
  Using cached uri_template-1.3.0-py3-none-any.whl (11 kB)
Collecting webcolors>=1.11
  Using cached webcolors-1.13-py3-none-any.whl (14 kB)
Collecting arrow>=0.15.0
  Using cached arrow-1.3.0-py3-none-any.whl (66 kB)
Collecting types-python-dateutil>=2.8.10
  Using cached types_python_dateutil-2.8.19.14-py3-none-any.whl (9.4 kB)
Building wheels for collected packages: rpds-py
  Building wheel for rpds-py (pyproject.toml): started
  Building wheel for rpds-py (pyproject.toml): finished with status 'error'
  error: subprocess-exited-with-error
  
  × Building wheel for rpds-py (pyproject.toml) did not run successfully.
  │ exit code: 1
  ╰─> [40 lines of output]
      Running `maturin pep517 build-wheel -i /workdir/install-virtualenv/bin/graalpy --compatibility off`
      📦 Including license file "/tmp/pip-install-d24wkixh/rpds-py_5eaf54e4e905478a95b729311f0ec0ed/LICENSE"
      🔗 Found pyo3 bindings
      🐍 Found GraalPy 3.10 at /workdir/install-virtualenv/bin/graalpy
      📡 Using build options features from pyproject.toml
         Compiling target-lexicon v0.12.9
         Compiling autocfg v1.1.0
         Compiling once_cell v1.18.0
         Compiling proc-macro2 v1.0.66
         Compiling libc v0.2.147
         Compiling unicode-ident v1.0.11
         Compiling lock_api v0.4.10
         Compiling parking_lot_core v0.9.8
         Compiling quote v1.0.31
         Compiling pyo3-build-config v0.20.0
         Compiling syn v2.0.32
         Compiling memoffset v0.9.0
         Compiling heck v0.4.1
         Compiling smallvec v1.11.0
         Compiling scopeguard v1.1.0
         Compiling cfg-if v1.0.0
         Compiling triomphe v0.1.9
         Compiling static_assertions v1.1.0
      error: failed to run custom build command for `pyo3-build-config v0.20.0`
      
      Caused by:
        process didn't exit successfully: `/tmp/pip-install-d24wkixh/rpds-py_5eaf54e4e905478a95b729311f0ec0ed/target/release/build/pyo3-build-config-2dd999090c931a94/build-script-build` (exit status: 1)
        --- stdout
        cargo:rerun-if-env-changed=PYO3_CONFIG_FILE
        cargo:rerun-if-env-changed=PYO3_NO_PYTHON
        cargo:rerun-if-env-changed=PYO3_ENVIRONMENT_SIGNATURE
        cargo:rerun-if-env-changed=PYO3_PYTHON
      
        --- stderr
        error: unknown interpreter: GraalVM
      warning: build failed, waiting for other jobs to finish...
      💥 maturin failed
        Caused by: Failed to build a native library through cargo
        Caused by: Cargo build finished with "exit status: 101": `PYO3_ENVIRONMENT_SIGNATURE="graalpy-3.10-64bit" PYO3_PYTHON="/workdir/install-virtualenv/bin/graalpy" PYTHON_SYS_EXECUTABLE="/workdir/install-virtualenv/bin/graalpy" "cargo" "rustc" "--features" "pyo3/extension-module" "--message-format" "json-render-diagnostics" "--manifest-path" "/tmp/pip-install-d24wkixh/rpds-py_5eaf54e4e905478a95b729311f0ec0ed/Cargo.toml" "--release" "--lib"`
      Error: command ['maturin', 'pep517', 'build-wheel', '-i', '/workdir/install-virtualenv/bin/graalpy', '--compatibility', 'off'] returned non-zero exit status 1
      [end of output]
  
  note: This error originates from a subprocess, and is likely not a problem with pip.
  ERROR: Failed building wheel for rpds-py
Failed to build rpds-py
ERROR: Could not build wheels for rpds-py, which is required to install pyproject.toml-based projects
Collecting notebook==6.5.2
  Using cached notebook-6.5.2-py3-none-any.whl (439 kB)
Collecting jinja2
  Using cached Jinja2-3.1.2-py3-none-any.whl (133 kB)
Collecting tornado>=6.1
  Using cached tornado-6.3.3-py3-none-any.whl
Collecting pyzmq>=17
  Using cached pyzmq-25.1.1-graalpy310-graalpy231_310_native-linux_x86_64.whl
Collecting argon2-cffi
  Using cached argon2_cffi-23.1.0-py3-none-any.whl (15 kB)
Collecting traitlets>=4.2.1
  Using cached traitlets-5.13.0-py3-none-any.whl (84 kB)
Collecting jupyter-core>=4.6.1
  Using cached jupyter_core-5.5.0-py3-none-any.whl (28 kB)
Collecting jupyter-client>=5.3.4
  Using cached jupyter_client-8.6.0-py3-none-any.whl (105 kB)
Collecting ipython-genutils
  Using cached ipython_genutils-0.2.0-py2.py3-none-any.whl (26 kB)
Collecting nbformat
  Using cached nbformat-5.9.2-py3-none-any.whl (77 kB)
Collecting nbconvert>=5
  Using cached nbconvert-7.11.0-py3-none-any.whl (256 kB)
Collecting nest-asyncio>=1.5
  Using cached nest_asyncio-1.5.8-py3-none-any.whl (5.3 kB)
Collecting ipykernel
  Using cached ipykernel-6.27.0-py3-none-any.whl (114 kB)
Collecting Send2Trash>=1.8.0
  Using cached Send2Trash-1.8.2-py3-none-any.whl (18 kB)
Collecting terminado>=0.8.3
  Using cached terminado-0.18.0-py3-none-any.whl (14 kB)
Collecting prometheus-client
  Using cached prometheus_client-0.19.0-py3-none-any.whl (54 kB)
Collecting nbclassic>=0.4.7
  Using cached nbclassic-1.0.0-py3-none-any.whl (10.0 MB)
Collecting python-dateutil>=2.8.2
  Using cached python_dateutil-2.8.2-py2.py3-none-any.whl (247 kB)
Collecting platformdirs>=2.5
  Using cached platformdirs-4.0.0-py3-none-any.whl (17 kB)
Collecting jupyter-server>=1.8
  Using cached jupyter_server-2.11.0-py3-none-any.whl (379 kB)
Collecting notebook-shim>=0.2.3
  Using cached notebook_shim-0.2.3-py3-none-any.whl (13 kB)
Collecting beautifulsoup4
  Using cached beautifulsoup4-4.12.2-py3-none-any.whl (142 kB)
Collecting bleach!=5.0.0
  Using cached bleach-6.1.0-py3-none-any.whl (162 kB)
Collecting defusedxml
  Using cached defusedxml-0.7.1-py2.py3-none-any.whl (25 kB)
Collecting jupyterlab-pygments
  Using cached jupyterlab_pygments-0.2.2-py2.py3-none-any.whl (21 kB)
Collecting markupsafe>=2.0
  Using cached MarkupSafe-2.1.3-py3-none-any.whl
Collecting mistune<4,>=2.0.3
  Using cached mistune-3.0.2-py3-none-any.whl (47 kB)
Collecting nbclient>=0.5.0
  Using cached nbclient-0.9.0-py3-none-any.whl (24 kB)
Collecting packaging
  Using cached packaging-23.2-py3-none-any.whl (53 kB)
Collecting pandocfilters>=1.4.1
  Using cached pandocfilters-1.5.0-py2.py3-none-any.whl (8.7 kB)
Collecting pygments>=2.4.1
  Using cached pygments-2.17.2-py3-none-any.whl (1.2 MB)
Collecting tinycss2
  Using cached tinycss2-1.2.1-py3-none-any.whl (21 kB)
Collecting fastjsonschema
  Using cached fastjsonschema-2.19.0-py3-none-any.whl (23 kB)
Collecting jsonschema>=2.6
  Using cached jsonschema-4.17.3-py3-none-any.whl (90 kB)
Collecting ptyprocess
  Using cached ptyprocess-0.7.0-py2.py3-none-any.whl (13 kB)
Collecting argon2-cffi-bindings
  Using cached argon2_cffi_bindings-21.2.0-graalpy310-graalpy231_310_native-linux_x86_64.whl
Collecting comm>=0.1.1
  Using cached comm-0.2.0-py3-none-any.whl (7.0 kB)
Collecting debugpy>=1.6.5
  Using cached debugpy-1.8.0-py2.py3-none-any.whl (5.0 MB)
Collecting ipython>=7.23.1
  Using cached ipython-8.17.2-py3-none-any.whl (808 kB)
Collecting matplotlib-inline>=0.1
  Using cached matplotlib_inline-0.1.6-py3-none-any.whl (9.4 kB)
Collecting psutil
  Using cached psutil-5.9.6-graalpy310-graalpy231_310_native-linux_x86_64.whl
Collecting six>=1.9.0
  Using cached six-1.16.0-py2.py3-none-any.whl (11 kB)
Collecting webencodings
  Using cached webencodings-0.5.1-py2.py3-none-any.whl (11 kB)
Collecting decorator
  Using cached decorator-5.1.1-py3-none-any.whl (9.1 kB)
Collecting jedi>=0.16
  Using cached jedi-0.19.1-py2.py3-none-any.whl (1.6 MB)
Collecting prompt-toolkit!=3.0.37,<3.1.0,>=3.0.30
  Using cached prompt_toolkit-3.0.41-py3-none-any.whl (385 kB)
Collecting stack-data
  Using cached stack_data-0.6.3-py3-none-any.whl (24 kB)
Collecting exceptiongroup
  Using cached exceptiongroup-1.2.0-py3-none-any.whl (16 kB)
Collecting pexpect>4.3
  Using cached pexpect-4.8.0-py2.py3-none-any.whl (59 kB)
Collecting attrs>=17.4.0
  Using cached attrs-23.1.0-py3-none-any.whl (61 kB)
Collecting pyrsistent!=0.17.0,!=0.17.1,!=0.17.2,>=0.14.0
  Using cached pyrsistent-0.20.0-py3-none-any.whl (58 kB)
Collecting anyio>=3.1.0
  Using cached anyio-4.0.0-py3-none-any.whl (83 kB)
Collecting jupyter-events>=0.9.0
  Using cached jupyter_events-0.9.0-py3-none-any.whl (18 kB)
Collecting jupyter-server-terminals
  Using cached jupyter_server_terminals-0.4.4-py3-none-any.whl (13 kB)
Collecting overrides
  Using cached overrides-7.4.0-py3-none-any.whl (17 kB)
Collecting websocket-client
  Using cached websocket_client-1.6.4-py3-none-any.whl (57 kB)
Collecting cffi>=1.0.1
  Using cached cffi-1.15.1-graalpy310-graalpy231_310_native-linux_x86_64.whl
Collecting soupsieve>1.2
  Using cached soupsieve-2.5-py3-none-any.whl (36 kB)
Collecting idna>=2.8
  Using cached idna-3.4-py3-none-any.whl (61 kB)
Collecting sniffio>=1.1
  Using cached sniffio-1.3.0-py3-none-any.whl (10 kB)
Collecting pycparser
  Using cached pycparser-2.21-py2.py3-none-any.whl (118 kB)
Collecting parso<0.9.0,>=0.8.3
  Using cached parso-0.8.3-py2.py3-none-any.whl (100 kB)
Collecting jsonschema[format-nongpl]>=4.18.0
  Using cached jsonschema-4.20.0-py3-none-any.whl (84 kB)
Collecting python-json-logger>=2.0.4
  Using cached python_json_logger-2.0.7-py3-none-any.whl (8.1 kB)
Collecting pyyaml>=5.3
  Using cached PyYAML-6.0.1-py3-none-any.whl
Collecting referencing
  Using cached referencing-0.31.0-py3-none-any.whl (25 kB)
Collecting rfc3339-validator
  Using cached rfc3339_validator-0.1.4-py2.py3-none-any.whl (3.5 kB)
Collecting rfc3986-validator>=0.1.1
  Using cached rfc3986_validator-0.1.1-py2.py3-none-any.whl (4.2 kB)
Collecting wcwidth
  Using cached wcwidth-0.2.12-py2.py3-none-any.whl (34 kB)
Collecting executing>=1.2.0
  Using cached executing-2.0.1-py2.py3-none-any.whl (24 kB)
Collecting asttokens>=2.1.0
  Using cached asttokens-2.4.1-py2.py3-none-any.whl (27 kB)
Collecting pure-eval
  Using cached pure_eval-0.2.2-py3-none-any.whl (11 kB)
Collecting jsonschema-specifications>=2023.03.6
  Using cached jsonschema_specifications-2023.11.1-py3-none-any.whl (17 kB)
Collecting rpds-py>=0.7.1
  Using cached rpds_py-0.13.1.tar.gz (17 kB)
Looking for GraalPy patches for rpds_py
  Installing build dependencies: started
  Installing build dependencies: finished with status 'done'
  Getting requirements to build wheel: started
  Getting requirements to build wheel: finished with status 'done'
  Preparing metadata (pyproject.toml): started
  Preparing metadata (pyproject.toml): finished with status 'done'
Collecting fqdn
  Using cached fqdn-1.5.1-py3-none-any.whl (9.1 kB)
Collecting isoduration
  Using cached isoduration-20.11.0-py3-none-any.whl (11 kB)
Collecting jsonpointer>1.13
  Using cached jsonpointer-2.4-py2.py3-none-any.whl (7.8 kB)
Collecting uri-template
  Using cached uri_template-1.3.0-py3-none-any.whl (11 kB)
Collecting webcolors>=1.11
  Using cached webcolors-1.13-py3-none-any.whl (14 kB)
Collecting arrow>=0.15.0
  Using cached arrow-1.3.0-py3-none-any.whl (66 kB)
Collecting types-python-dateutil>=2.8.10
  Using cached types_python_dateutil-2.8.19.14-py3-none-any.whl (9.4 kB)
Building wheels for collected packages: rpds-py
  Building wheel for rpds-py (pyproject.toml): started
  Building wheel for rpds-py (pyproject.toml): finished with status 'error'
  error: subprocess-exited-with-error
  
  × Building wheel for rpds-py (pyproject.toml) did not run successfully.
  │ exit code: 1
  ╰─> [41 lines of output]
      Running `maturin pep517 build-wheel -i /workdir/install-virtualenv/bin/graalpy --compatibility off`
      📦 Including license file "/tmp/pip-install-gi3q2l1t/rpds-py_d6d7a8c31ac34af5afed663b9a167006/LICENSE"
      🔗 Found pyo3 bindings
      🐍 Found GraalPy 3.10 at /workdir/install-virtualenv/bin/graalpy
      📡 Using build options features from pyproject.toml
         Compiling target-lexicon v0.12.9
         Compiling autocfg v1.1.0
         Compiling proc-macro2 v1.0.66
         Compiling once_cell v1.18.0
         Compiling unicode-ident v1.0.11
         Compiling libc v0.2.147
         Compiling lock_api v0.4.10
         Compiling parking_lot_core v0.9.8
         Compiling memoffset v0.9.0
         Compiling pyo3-build-config v0.20.0
         Compiling quote v1.0.31
         Compiling syn v2.0.32
         Compiling scopeguard v1.1.0
         Compiling heck v0.4.1
         Compiling cfg-if v1.0.0
         Compiling smallvec v1.11.0
         Compiling triomphe v0.1.9
         Compiling static_assertions v1.1.0
         Compiling archery v1.1.0
      error: failed to run custom build command for `pyo3-build-config v0.20.0`
      
      Caused by:
        process didn't exit successfully: `/tmp/pip-install-gi3q2l1t/rpds-py_d6d7a8c31ac34af5afed663b9a167006/target/release/build/pyo3-build-config-2dd999090c931a94/build-script-build` (exit status: 1)
        --- stdout
        cargo:rerun-if-env-changed=PYO3_CONFIG_FILE
        cargo:rerun-if-env-changed=PYO3_NO_PYTHON
        cargo:rerun-if-env-changed=PYO3_ENVIRONMENT_SIGNATURE
        cargo:rerun-if-env-changed=PYO3_PYTHON
      
        --- stderr
        error: unknown interpreter: GraalVM
      warning: build failed, waiting for other jobs to finish...
      💥 maturin failed
        Caused by: Failed to build a native library through cargo
        Caused by: Cargo build finished with "exit status: 101": `PYO3_ENVIRONMENT_SIGNATURE="graalpy-3.10-64bit" PYO3_PYTHON="/workdir/install-virtualenv/bin/graalpy" PYTHON_SYS_EXECUTABLE="/workdir/install-virtualenv/bin/graalpy" "cargo" "rustc" "--features" "pyo3/extension-module" "--message-format" "json-render-diagnostics" "--manifest-path" "/tmp/pip-install-gi3q2l1t/rpds-py_d6d7a8c31ac34af5afed663b9a167006/Cargo.toml" "--release" "--lib"`
      Error: command ['maturin', 'pep517', 'build-wheel', '-i', '/workdir/install-virtualenv/bin/graalpy', '--compatibility', 'off'] returned non-zero exit status 1
      [end of output]
  
  note: This error originates from a subprocess, and is likely not a problem with pip.
  ERROR: Failed building wheel for rpds-py
Failed to build rpds-py
ERROR: Could not build wheels for rpds-py, which is required to install pyproject.toml-based projects
