Collecting thinc==8.1.10
  Downloading thinc-8.1.10-cp310-cp310-manylinux_2_17_x86_64.manylinux2014_x86_64.whl (913 kB)
     ━━━━━━━━━━━━━━━━━━━━━━━━━━━━━━━━━━━━━━ 913.3/913.3 kB 13.1 MB/s eta 0:00:00
Collecting blis<0.8.0,>=0.7.8 (from thinc==8.1.10)
  Using cached blis-0.7.11-cp310-cp310-manylinux_2_17_x86_64.manylinux2014_x86_64.whl.metadata (7.4 kB)
Collecting murmurhash<1.1.0,>=1.0.2 (from thinc==8.1.10)
  Using cached murmurhash-1.0.10-cp310-cp310-manylinux_2_5_x86_64.manylinux1_x86_64.manylinux_2_17_x86_64.manylinux2014_x86_64.whl.metadata (2.0 kB)
Collecting cymem<2.1.0,>=2.0.2 (from thinc==8.1.10)
  Using cached cymem-2.0.8-cp310-cp310-manylinux_2_17_x86_64.manylinux2014_x86_64.whl.metadata (8.4 kB)
Collecting preshed<3.1.0,>=3.0.2 (from thinc==8.1.10)
  Using cached preshed-3.0.9-cp310-cp310-manylinux_2_5_x86_64.manylinux1_x86_64.manylinux_2_17_x86_64.manylinux2014_x86_64.whl.metadata (2.2 kB)
Collecting wasabi<1.2.0,>=0.8.1 (from thinc==8.1.10)
  Downloading wasabi-1.1.2-py3-none-any.whl.metadata (28 kB)
Collecting srsly<3.0.0,>=2.4.0 (from thinc==8.1.10)
  Using cached srsly-2.4.8-cp310-cp310-manylinux_2_17_x86_64.manylinux2014_x86_64.whl.metadata (20 kB)
Collecting catalogue<2.1.0,>=2.0.4 (from thinc==8.1.10)
  Using cached catalogue-2.0.10-py3-none-any.whl.metadata (14 kB)
Collecting confection<1.0.0,>=0.0.1 (from thinc==8.1.10)
  Using cached confection-0.1.4-py3-none-any.whl.metadata (19 kB)
Requirement already satisfied: setuptools in ./install-virtualenv/lib/python3.10/site-packages (from thinc==8.1.10) (68.2.2)
Collecting numpy>=1.15.0 (from thinc==8.1.10)
  Using cached numpy-1.26.2-cp310-cp310-manylinux_2_17_x86_64.manylinux2014_x86_64.whl.metadata (61 kB)
Collecting pydantic!=1.8,!=1.8.1,<1.11.0,>=1.7.4 (from thinc==8.1.10)
  Using cached pydantic-1.10.13-cp310-cp310-manylinux_2_17_x86_64.manylinux2014_x86_64.whl.metadata (149 kB)
Collecting packaging>=20.0 (from thinc==8.1.10)
  Using cached packaging-23.2-py3-none-any.whl.metadata (3.2 kB)
Collecting typing-extensions>=4.2.0 (from pydantic!=1.8,!=1.8.1,<1.11.0,>=1.7.4->thinc==8.1.10)
  Using cached typing_extensions-4.8.0-py3-none-any.whl.metadata (3.0 kB)
Using cached blis-0.7.11-cp310-cp310-manylinux_2_17_x86_64.manylinux2014_x86_64.whl (10.2 MB)
Using cached catalogue-2.0.10-py3-none-any.whl (17 kB)
Using cached confection-0.1.4-py3-none-any.whl (35 kB)
Using cached cymem-2.0.8-cp310-cp310-manylinux_2_17_x86_64.manylinux2014_x86_64.whl (46 kB)
Using cached murmurhash-1.0.10-cp310-cp310-manylinux_2_5_x86_64.manylinux1_x86_64.manylinux_2_17_x86_64.manylinux2014_x86_64.whl (29 kB)
Using cached numpy-1.26.2-cp310-cp310-manylinux_2_17_x86_64.manylinux2014_x86_64.whl (18.2 MB)
Using cached packaging-23.2-py3-none-any.whl (53 kB)
Using cached preshed-3.0.9-cp310-cp310-manylinux_2_5_x86_64.manylinux1_x86_64.manylinux_2_17_x86_64.manylinux2014_x86_64.whl (156 kB)
Using cached pydantic-1.10.13-cp310-cp310-manylinux_2_17_x86_64.manylinux2014_x86_64.whl (3.1 MB)
Using cached srsly-2.4.8-cp310-cp310-manylinux_2_17_x86_64.manylinux2014_x86_64.whl (493 kB)
Downloading wasabi-1.1.2-py3-none-any.whl (27 kB)
Using cached typing_extensions-4.8.0-py3-none-any.whl (31 kB)
Installing collected packages: cymem, wasabi, typing-extensions, packaging, numpy, murmurhash, catalogue, srsly, pydantic, preshed, blis, confection, thinc
Successfully installed blis-0.7.11 catalogue-2.0.10 confection-0.1.4 cymem-2.0.8 murmurhash-1.0.10 numpy-1.26.2 packaging-23.2 preshed-3.0.9 pydantic-1.10.13 srsly-2.4.8 thinc-8.1.10 typing-extensions-4.8.0 wasabi-1.1.2
