Collecting ray==2.2.0
  Downloading ray-2.2.0-cp310-cp310-manylinux2014_x86_64.whl (57.4 MB)
     ━━━━━━━━━━━━━━━━━━━━━━━━━━━━━━━━━━━━━━━━ 57.4/57.4 MB 21.6 MB/s eta 0:00:00
Collecting attrs (from ray==2.2.0)
  Using cached attrs-23.1.0-py3-none-any.whl (61 kB)
Collecting click>=7.0 (from ray==2.2.0)
  Using cached click-8.1.7-py3-none-any.whl.metadata (3.0 kB)
Collecting filelock (from ray==2.2.0)
  Using cached filelock-3.13.1-py3-none-any.whl.metadata (2.8 kB)
Collecting jsonschema (from ray==2.2.0)
  Downloading jsonschema-4.20.0-py3-none-any.whl.metadata (8.1 kB)
Collecting msgpack<2.0.0,>=1.0.0 (from ray==2.2.0)
  Using cached msgpack-1.0.7-cp310-cp310-manylinux_2_17_x86_64.manylinux2014_x86_64.whl.metadata (9.1 kB)
Collecting protobuf!=3.19.5,>=3.15.3 (from ray==2.2.0)
  Using cached protobuf-4.25.1-cp37-abi3-manylinux2014_x86_64.whl.metadata (541 bytes)
Collecting pyyaml (from ray==2.2.0)
  Using cached PyYAML-6.0.1-cp310-cp310-manylinux_2_17_x86_64.manylinux2014_x86_64.whl.metadata (2.1 kB)
Collecting aiosignal (from ray==2.2.0)
  Using cached aiosignal-1.3.1-py3-none-any.whl (7.6 kB)
Collecting frozenlist (from ray==2.2.0)
  Using cached frozenlist-1.4.0-cp310-cp310-manylinux_2_5_x86_64.manylinux1_x86_64.manylinux_2_17_x86_64.manylinux2014_x86_64.whl.metadata (5.2 kB)
Collecting requests (from ray==2.2.0)
  Using cached requests-2.31.0-py3-none-any.whl.metadata (4.6 kB)
Collecting virtualenv>=20.0.24 (from ray==2.2.0)
  Using cached virtualenv-20.24.7-py3-none-any.whl.metadata (4.5 kB)
Collecting grpcio>=1.42.0 (from ray==2.2.0)
  Using cached grpcio-1.59.3-cp310-cp310-manylinux_2_17_x86_64.manylinux2014_x86_64.whl.metadata (4.0 kB)
Collecting packaging (from ray==2.2.0)
  Using cached packaging-23.2-py3-none-any.whl.metadata (3.2 kB)
Collecting numpy>=1.19.3 (from ray==2.2.0)
  Using cached numpy-1.26.2-cp310-cp310-manylinux_2_17_x86_64.manylinux2014_x86_64.whl.metadata (61 kB)
Collecting distlib<1,>=0.3.7 (from virtualenv>=20.0.24->ray==2.2.0)
  Using cached distlib-0.3.7-py2.py3-none-any.whl.metadata (5.1 kB)
Collecting platformdirs<5,>=3.9.1 (from virtualenv>=20.0.24->ray==2.2.0)
  Using cached platformdirs-4.0.0-py3-none-any.whl.metadata (11 kB)
Collecting jsonschema-specifications>=2023.03.6 (from jsonschema->ray==2.2.0)
  Downloading jsonschema_specifications-2023.11.1-py3-none-any.whl.metadata (2.8 kB)
Collecting referencing>=0.28.4 (from jsonschema->ray==2.2.0)
  Downloading referencing-0.31.0-py3-none-any.whl.metadata (2.6 kB)
Collecting rpds-py>=0.7.1 (from jsonschema->ray==2.2.0)
  Downloading rpds_py-0.13.1-cp310-cp310-manylinux_2_17_x86_64.manylinux2014_x86_64.whl.metadata (3.7 kB)
Collecting charset-normalizer<4,>=2 (from requests->ray==2.2.0)
  Using cached charset_normalizer-3.3.2-cp310-cp310-manylinux_2_17_x86_64.manylinux2014_x86_64.whl.metadata (33 kB)
Collecting idna<4,>=2.5 (from requests->ray==2.2.0)
  Using cached idna-3.6-py3-none-any.whl.metadata (9.9 kB)
Collecting urllib3<3,>=1.21.1 (from requests->ray==2.2.0)
  Using cached urllib3-2.1.0-py3-none-any.whl.metadata (6.4 kB)
Collecting certifi>=2017.4.17 (from requests->ray==2.2.0)
  Using cached certifi-2023.11.17-py3-none-any.whl.metadata (2.2 kB)
Using cached click-8.1.7-py3-none-any.whl (97 kB)
Using cached grpcio-1.59.3-cp310-cp310-manylinux_2_17_x86_64.manylinux2014_x86_64.whl (5.3 MB)
Using cached msgpack-1.0.7-cp310-cp310-manylinux_2_17_x86_64.manylinux2014_x86_64.whl (530 kB)
Using cached numpy-1.26.2-cp310-cp310-manylinux_2_17_x86_64.manylinux2014_x86_64.whl (18.2 MB)
Using cached protobuf-4.25.1-cp37-abi3-manylinux2014_x86_64.whl (294 kB)
Using cached virtualenv-20.24.7-py3-none-any.whl (3.8 MB)
Using cached filelock-3.13.1-py3-none-any.whl (11 kB)
Using cached frozenlist-1.4.0-cp310-cp310-manylinux_2_5_x86_64.manylinux1_x86_64.manylinux_2_17_x86_64.manylinux2014_x86_64.whl (225 kB)
Downloading jsonschema-4.20.0-py3-none-any.whl (84 kB)
   ━━━━━━━━━━━━━━━━━━━━━━━━━━━━━━━━━━━━━━━━ 84.7/84.7 kB 2.9 MB/s eta 0:00:00
Using cached packaging-23.2-py3-none-any.whl (53 kB)
Using cached PyYAML-6.0.1-cp310-cp310-manylinux_2_17_x86_64.manylinux2014_x86_64.whl (705 kB)
Using cached requests-2.31.0-py3-none-any.whl (62 kB)
Using cached certifi-2023.11.17-py3-none-any.whl (162 kB)
Using cached charset_normalizer-3.3.2-cp310-cp310-manylinux_2_17_x86_64.manylinux2014_x86_64.whl (142 kB)
Using cached distlib-0.3.7-py2.py3-none-any.whl (468 kB)
Using cached idna-3.6-py3-none-any.whl (61 kB)
Downloading jsonschema_specifications-2023.11.1-py3-none-any.whl (17 kB)
Using cached platformdirs-4.0.0-py3-none-any.whl (17 kB)
Downloading referencing-0.31.0-py3-none-any.whl (25 kB)
Downloading rpds_py-0.13.1-cp310-cp310-manylinux_2_17_x86_64.manylinux2014_x86_64.whl (1.2 MB)
   ━━━━━━━━━━━━━━━━━━━━━━━━━━━━━━━━━━━━━━━━ 1.2/1.2 MB 25.1 MB/s eta 0:00:00
Using cached urllib3-2.1.0-py3-none-any.whl (104 kB)
Installing collected packages: distlib, urllib3, rpds-py, pyyaml, protobuf, platformdirs, packaging, numpy, msgpack, idna, grpcio, frozenlist, filelock, click, charset-normalizer, certifi, attrs, virtualenv, requests, referencing, aiosignal, jsonschema-specifications, jsonschema, ray
Successfully installed aiosignal-1.3.1 attrs-23.1.0 certifi-2023.11.17 charset-normalizer-3.3.2 click-8.1.7 distlib-0.3.7 filelock-3.13.1 frozenlist-1.4.0 grpcio-1.59.3 idna-3.6 jsonschema-4.20.0 jsonschema-specifications-2023.11.1 msgpack-1.0.7 numpy-1.26.2 packaging-23.2 platformdirs-4.0.0 protobuf-4.25.1 pyyaml-6.0.1 ray-2.2.0 referencing-0.31.0 requests-2.31.0 rpds-py-0.13.1 urllib3-2.1.0 virtualenv-20.24.7
