Collecting slackclient==2.9.4
  Downloading slackclient-2.9.4-py2.py3-none-any.whl (97 kB)
     ━━━━━━━━━━━━━━━━━━━━━━━━━━━━━━━━━━━━━━━━ 97.1/97.1 kB 6.0 MB/s eta 0:00:00
Collecting aiohttp<4.0.0,>3.5.2 (from slackclient==2.9.4)
  Downloading aiohttp-3.9.1-cp310-cp310-manylinux_2_17_x86_64.manylinux2014_x86_64.whl.metadata (7.4 kB)
Collecting attrs>=17.3.0 (from aiohttp<4.0.0,>3.5.2->slackclient==2.9.4)
  Using cached attrs-23.1.0-py3-none-any.whl (61 kB)
Collecting multidict<7.0,>=4.5 (from aiohttp<4.0.0,>3.5.2->slackclient==2.9.4)
  Downloading multidict-6.0.4-cp310-cp310-manylinux_2_17_x86_64.manylinux2014_x86_64.whl (114 kB)
     ━━━━━━━━━━━━━━━━━━━━━━━━━━━━━━━━━━━━━━ 114.5/114.5 kB 18.9 MB/s eta 0:00:00
Collecting yarl<2.0,>=1.0 (from aiohttp<4.0.0,>3.5.2->slackclient==2.9.4)
  Downloading yarl-1.9.3-cp310-cp310-manylinux_2_17_x86_64.manylinux2014_x86_64.whl.metadata (28 kB)
Collecting frozenlist>=1.1.1 (from aiohttp<4.0.0,>3.5.2->slackclient==2.9.4)
  Downloading frozenlist-1.4.0-cp310-cp310-manylinux_2_5_x86_64.manylinux1_x86_64.manylinux_2_17_x86_64.manylinux2014_x86_64.whl.metadata (5.2 kB)
Collecting aiosignal>=1.1.2 (from aiohttp<4.0.0,>3.5.2->slackclient==2.9.4)
  Downloading aiosignal-1.3.1-py3-none-any.whl (7.6 kB)
Collecting async-timeout<5.0,>=4.0 (from aiohttp<4.0.0,>3.5.2->slackclient==2.9.4)
  Downloading async_timeout-4.0.3-py3-none-any.whl.metadata (4.2 kB)
Collecting idna>=2.0 (from yarl<2.0,>=1.0->aiohttp<4.0.0,>3.5.2->slackclient==2.9.4)
  Using cached idna-3.6-py3-none-any.whl.metadata (9.9 kB)
Downloading aiohttp-3.9.1-cp310-cp310-manylinux_2_17_x86_64.manylinux2014_x86_64.whl (1.2 MB)
   ━━━━━━━━━━━━━━━━━━━━━━━━━━━━━━━━━━━━━━━━ 1.2/1.2 MB 27.6 MB/s eta 0:00:00
Downloading async_timeout-4.0.3-py3-none-any.whl (5.7 kB)
Downloading frozenlist-1.4.0-cp310-cp310-manylinux_2_5_x86_64.manylinux1_x86_64.manylinux_2_17_x86_64.manylinux2014_x86_64.whl (225 kB)
   ━━━━━━━━━━━━━━━━━━━━━━━━━━━━━━━━━━━━━━━━ 225.7/225.7 kB 24.7 MB/s eta 0:00:00
Downloading yarl-1.9.3-cp310-cp310-manylinux_2_17_x86_64.manylinux2014_x86_64.whl (300 kB)
   ━━━━━━━━━━━━━━━━━━━━━━━━━━━━━━━━━━━━━━━━ 300.7/300.7 kB 25.9 MB/s eta 0:00:00
Using cached idna-3.6-py3-none-any.whl (61 kB)
Installing collected packages: multidict, idna, frozenlist, attrs, async-timeout, yarl, aiosignal, aiohttp, slackclient
Successfully installed aiohttp-3.9.1 aiosignal-1.3.1 async-timeout-4.0.3 attrs-23.1.0 frozenlist-1.4.0 idna-3.6 multidict-6.0.4 slackclient-2.9.4 yarl-1.9.3
