Collecting slackclient==2.9.4
  Downloading slackclient-2.9.4-py2.py3-none-any.whl (97 kB)
     ━━━━━━━━━━━━━━━━━━━━━━━━━━━━━━━━━━━━━━━━ 97.1/97.1 kB 2.1 MB/s eta 0:00:00
Collecting aiohttp<4.0.0,>3.5.2
  Downloading aiohttp-3.9.1.tar.gz (7.5 MB)
     ━━━━━━━━━━━━━━━━━━━━━━━━━━━━━━━━━━━━━━━━ 7.5/7.5 MB 7.0 MB/s eta 0:00:00
auto-patching C API usages in /tmp/pip-install-sadi69sr/aiohttp_f8f77d55ed44454c8cdbfa28d0a46237/aiohttp/_websocket.c
auto-patching C API usages in /tmp/pip-install-sadi69sr/aiohttp_f8f77d55ed44454c8cdbfa28d0a46237/aiohttp/_http_writer.c
auto-patching C API usages in /tmp/pip-install-sadi69sr/aiohttp_f8f77d55ed44454c8cdbfa28d0a46237/aiohttp/_helpers.c
auto-patching C API usages in /tmp/pip-install-sadi69sr/aiohttp_f8f77d55ed44454c8cdbfa28d0a46237/aiohttp/_http_parser.c
Looking for GraalPy patches for aiohttp
  Installing build dependencies: started
  Installing build dependencies: finished with status 'done'
  Getting requirements to build wheel: started
  Getting requirements to build wheel: finished with status 'done'
  Installing backend dependencies: started
  Installing backend dependencies: finished with status 'done'
  Preparing metadata (pyproject.toml): started
  Preparing metadata (pyproject.toml): finished with status 'done'
Collecting attrs>=17.3.0
  Using cached attrs-23.1.0-py3-none-any.whl (61 kB)
Collecting multidict<7.0,>=4.5
  Downloading multidict-6.0.4.tar.gz (51 kB)
     ━━━━━━━━━━━━━━━━━━━━━━━━━━━━━━━━━━━━━━━━ 51.3/51.3 kB 2.5 MB/s eta 0:00:00
Looking for GraalPy patches for multidict
  Installing build dependencies: started
  Installing build dependencies: finished with status 'done'
  WARNING: Missing build requirements in pyproject.toml for multidict<7.0,>=4.5 from https://files.pythonhosted.org/packages/4a/15/bd620f7a6eb9aa5112c4ef93e7031bcd071e0611763d8e17706ef8ba65e0/multidict-6.0.4.tar.gz (from aiohttp<4.0.0,>3.5.2->slackclient==2.9.4).
  WARNING: The project does not specify a build backend, and pip cannot fall back to setuptools without 'wheel'.
  Getting requirements to build wheel: started
  Getting requirements to build wheel: finished with status 'done'
  Installing backend dependencies: started
  Installing backend dependencies: finished with status 'done'
  Preparing metadata (pyproject.toml): started
  Preparing metadata (pyproject.toml): finished with status 'done'
Collecting yarl<2.0,>=1.0
  Downloading yarl-1.9.3-py3-none-any.whl (30 kB)
Collecting frozenlist>=1.1.1
  Downloading frozenlist-1.4.0.tar.gz (90 kB)
     ━━━━━━━━━━━━━━━━━━━━━━━━━━━━━━━━━━━━━━━━ 90.7/90.7 kB 5.7 MB/s eta 0:00:00
auto-patching C API usages in /tmp/pip-install-sadi69sr/frozenlist_0bebcb88a2494b2f8a46141cab35fa4a/frozenlist/_frozenlist.c
Looking for GraalPy patches for frozenlist
  Installing build dependencies: started
  Installing build dependencies: finished with status 'done'
  Getting requirements to build wheel: started
  Getting requirements to build wheel: finished with status 'done'
  Preparing metadata (pyproject.toml): started
  Preparing metadata (pyproject.toml): finished with status 'done'
Collecting aiosignal>=1.1.2
  Downloading aiosignal-1.3.1-py3-none-any.whl (7.6 kB)
Collecting async-timeout<5.0,>=4.0
  Downloading async_timeout-4.0.3-py3-none-any.whl (5.7 kB)
Collecting idna>=2.0
  Using cached idna-3.6-py3-none-any.whl (61 kB)
Building wheels for collected packages: aiohttp, frozenlist, multidict
  Building wheel for aiohttp (pyproject.toml): started
  Building wheel for aiohttp (pyproject.toml): finished with status 'done'
  Created wheel for aiohttp: filename=aiohttp-3.9.1-py3-none-any.whl size=190481 sha256=0c54d05e370adc87d95ff3772ce4a2b14e2e2246327c5663215cf1ff98cbcd4a
  Stored in directory: /workdir/.cache/pip-graalpy/wheels/25/ba/44/cbe0d6d0b508d28d64f67b09e82469b262a05bdcbd214712d8
  Building wheel for frozenlist (pyproject.toml): started
  Building wheel for frozenlist (pyproject.toml): finished with status 'done'
  Created wheel for frozenlist: filename=frozenlist-1.4.0-py3-none-any.whl size=9411 sha256=74cdf9d69e52c2906a899098273e7452afe4980dfbc947664bcdb9f91f7889aa
  Stored in directory: /workdir/.cache/pip-graalpy/wheels/8c/d5/db/b4692ccfa8cc89292ddbbf776af44b1c5c1b6dcb0ea5842a99
  Building wheel for multidict (pyproject.toml): started
  Building wheel for multidict (pyproject.toml): finished with status 'done'
  Created wheel for multidict: filename=multidict-6.0.4-py3-none-any.whl size=9723 sha256=7f286ab6fcf4908cc4aac7aea051305b8ec6ae153531e7c947329fd7434e737d
  Stored in directory: /workdir/.cache/pip-graalpy/wheels/4a/91/a7/263dd3526b17601cdd7e607e87322568f2e4f764d2ffa62079
Successfully built aiohttp frozenlist multidict
Installing collected packages: multidict, idna, frozenlist, attrs, async-timeout, yarl, aiosignal, aiohttp, slackclient
Looking for GraalPy patches for multidict
Looking for GraalPy patches for idna
Looking for GraalPy patches for frozenlist
Looking for GraalPy patches for attrs
Looking for GraalPy patches for async_timeout
Looking for GraalPy patches for yarl
Looking for GraalPy patches for aiosignal
Looking for GraalPy patches for aiohttp
Looking for GraalPy patches for slackclient
Successfully installed aiohttp-3.9.1 aiosignal-1.3.1 async-timeout-4.0.3 attrs-23.1.0 frozenlist-1.4.0 idna-3.6 multidict-6.0.4 slackclient-2.9.4 yarl-1.9.3
