Collecting Twisted==22.10.0
  Downloading Twisted-22.10.0-py3-none-any.whl (3.1 MB)
     ━━━━━━━━━━━━━━━━━━━━━━━━━━━━━━━━━━━━━━━━ 3.1/3.1 MB 13.4 MB/s eta 0:00:00
Collecting zope.interface>=4.4.2 (from Twisted==22.10.0)
  Downloading zope.interface-6.1-cp310-cp310-manylinux_2_5_x86_64.manylinux1_x86_64.manylinux_2_17_x86_64.manylinux2014_x86_64.whl.metadata (41 kB)
     ━━━━━━━━━━━━━━━━━━━━━━━━━━━━━━━━━━━━━━━━ 41.7/41.7 kB 2.2 MB/s eta 0:00:00
Collecting constantly>=15.1 (from Twisted==22.10.0)
  Downloading constantly-23.10.4-py3-none-any.whl.metadata (1.8 kB)
Collecting incremental>=21.3.0 (from Twisted==22.10.0)
  Downloading incremental-22.10.0-py2.py3-none-any.whl (16 kB)
Collecting Automat>=0.8.0 (from Twisted==22.10.0)
  Downloading Automat-22.10.0-py2.py3-none-any.whl (26 kB)
Collecting hyperlink>=17.1.1 (from Twisted==22.10.0)
  Downloading hyperlink-21.0.0-py2.py3-none-any.whl (74 kB)
     ━━━━━━━━━━━━━━━━━━━━━━━━━━━━━━━━━━━━━━━━ 74.6/74.6 kB 3.1 MB/s eta 0:00:00
Collecting attrs>=19.2.0 (from Twisted==22.10.0)
  Using cached attrs-23.1.0-py3-none-any.whl (61 kB)
Collecting typing-extensions>=3.6.5 (from Twisted==22.10.0)
  Using cached typing_extensions-4.8.0-py3-none-any.whl.metadata (3.0 kB)
Collecting six (from Automat>=0.8.0->Twisted==22.10.0)
  Using cached six-1.16.0-py2.py3-none-any.whl (11 kB)
Collecting idna>=2.5 (from hyperlink>=17.1.1->Twisted==22.10.0)
  Using cached idna-3.6-py3-none-any.whl.metadata (9.9 kB)
Requirement already satisfied: setuptools in ./install-virtualenv/lib/python3.10/site-packages (from zope.interface>=4.4.2->Twisted==22.10.0) (68.2.2)
Downloading constantly-23.10.4-py3-none-any.whl (13 kB)
Using cached typing_extensions-4.8.0-py3-none-any.whl (31 kB)
Downloading zope.interface-6.1-cp310-cp310-manylinux_2_5_x86_64.manylinux1_x86_64.manylinux_2_17_x86_64.manylinux2014_x86_64.whl (247 kB)
   ━━━━━━━━━━━━━━━━━━━━━━━━━━━━━━━━━━━━━━━━ 247.1/247.1 kB 9.9 MB/s eta 0:00:00
Using cached idna-3.6-py3-none-any.whl (61 kB)
Installing collected packages: incremental, zope.interface, typing-extensions, six, idna, constantly, attrs, hyperlink, Automat, Twisted
Successfully installed Automat-22.10.0 Twisted-22.10.0 attrs-23.1.0 constantly-23.10.4 hyperlink-21.0.0 idna-3.6 incremental-22.10.0 six-1.16.0 typing-extensions-4.8.0 zope.interface-6.1
