Collecting Twisted==22.10.0
  Downloading Twisted-22.10.0-py3-none-any.whl (3.1 MB)
     ━━━━━━━━━━━━━━━━━━━━━━━━━━━━━━━━━━━━━━━━ 3.1/3.1 MB 3.3 MB/s eta 0:00:00
Collecting zope.interface>=4.4.2
  Downloading zope.interface-6.1.tar.gz (293 kB)
     ━━━━━━━━━━━━━━━━━━━━━━━━━━━━━━━━━━━━━━━ 293.9/293.9 kB 1.8 MB/s eta 0:00:00
auto-patching C API usages in /tmp/pip-install-0lxbv209/zope-interface_18ff5b8f3e5e43b19d8bfc588882368b/src/zope/interface/_zope_interface_coptimizations.c
Looking for GraalPy patches for zope.interface
  Preparing metadata (setup.py): started
  Preparing metadata (setup.py): finished with status 'done'
Collecting constantly>=15.1
  Downloading constantly-23.10.4-py3-none-any.whl (13 kB)
Collecting incremental>=21.3.0
  Downloading incremental-22.10.0-py2.py3-none-any.whl (16 kB)
Collecting Automat>=0.8.0
  Downloading Automat-22.10.0-py2.py3-none-any.whl (26 kB)
Collecting hyperlink>=17.1.1
  Downloading hyperlink-21.0.0-py2.py3-none-any.whl (74 kB)
     ━━━━━━━━━━━━━━━━━━━━━━━━━━━━━━━━━━━━━━━ 74.6/74.6 kB 549.2 kB/s eta 0:00:00
Collecting attrs>=19.2.0
  Using cached attrs-23.1.0-py3-none-any.whl (61 kB)
Collecting typing-extensions>=3.6.5
  Using cached typing_extensions-4.8.0-py3-none-any.whl (31 kB)
Collecting six
  Using cached six-1.16.0-py2.py3-none-any.whl (11 kB)
Collecting idna>=2.5
  Using cached idna-3.6-py3-none-any.whl (61 kB)
Requirement already satisfied: setuptools in ./install-virtualenv/lib/python3.10/site-packages (from zope.interface>=4.4.2->Twisted==22.10.0) (63.2.0)
Building wheels for collected packages: zope.interface
  Building wheel for zope.interface (setup.py): started
  Building wheel for zope.interface (setup.py): finished with status 'done'
  Created wheel for zope.interface: filename=zope.interface-6.1-graalpy310-graalpy231_310_native-linux_x86_64.whl size=205218 sha256=a872939c91f753b184c87e256ef8aec7290e128e7d376c307abff531f32e5c47
  Stored in directory: /workdir/.cache/pip-graalpy/wheels/7c/f6/66/4100b58933ba1252d08fe8ad89e7d97255b4ec5326c05bb1af
Successfully built zope.interface
Installing collected packages: incremental, zope.interface, typing-extensions, six, idna, constantly, attrs, hyperlink, Automat, Twisted
Looking for GraalPy patches for incremental
Looking for GraalPy patches for zope.interface
Looking for GraalPy patches for typing_extensions
Looking for GraalPy patches for six
Looking for GraalPy patches for idna
Looking for GraalPy patches for constantly
Looking for GraalPy patches for attrs
Looking for GraalPy patches for hyperlink
Looking for GraalPy patches for Automat
Looking for GraalPy patches for Twisted
Successfully installed Automat-22.10.0 Twisted-22.10.0 attrs-23.1.0 constantly-23.10.4 hyperlink-21.0.0 idna-3.6 incremental-22.10.0 six-1.16.0 typing-extensions-4.8.0 zope.interface-6.1
