Collecting bandit==1.7.4
  Downloading bandit-1.7.4-py3-none-any.whl (118 kB)
     ━━━━━━━━━━━━━━━━━━━━━━━━━━━━━━━━━━━━━━━ 118.3/118.3 kB 3.9 MB/s eta 0:00:00
Collecting GitPython>=1.0.1 (from bandit==1.7.4)
  Downloading GitPython-3.1.40-py3-none-any.whl.metadata (12 kB)
Collecting PyYAML>=5.3.1 (from bandit==1.7.4)
  Using cached PyYAML-6.0.1-cp310-cp310-manylinux_2_17_x86_64.manylinux2014_x86_64.whl.metadata (2.1 kB)
Collecting stevedore>=1.20.0 (from bandit==1.7.4)
  Downloading stevedore-5.1.0-py3-none-any.whl.metadata (2.2 kB)
Collecting gitdb<5,>=4.0.1 (from GitPython>=1.0.1->bandit==1.7.4)
  Downloading gitdb-4.0.11-py3-none-any.whl.metadata (1.2 kB)
Collecting pbr!=2.1.0,>=2.0.0 (from stevedore>=1.20.0->bandit==1.7.4)
  Downloading pbr-6.0.0-py2.py3-none-any.whl.metadata (1.3 kB)
Collecting smmap<6,>=3.0.1 (from gitdb<5,>=4.0.1->GitPython>=1.0.1->bandit==1.7.4)
  Downloading smmap-5.0.1-py3-none-any.whl.metadata (4.3 kB)
Downloading GitPython-3.1.40-py3-none-any.whl (190 kB)
   ━━━━━━━━━━━━━━━━━━━━━━━━━━━━━━━━━━━━━━━━ 190.6/190.6 kB 8.3 MB/s eta 0:00:00
Using cached PyYAML-6.0.1-cp310-cp310-manylinux_2_17_x86_64.manylinux2014_x86_64.whl (705 kB)
Downloading stevedore-5.1.0-py3-none-any.whl (49 kB)
   ━━━━━━━━━━━━━━━━━━━━━━━━━━━━━━━━━━━━━━━━ 49.6/49.6 kB 3.6 MB/s eta 0:00:00
Downloading gitdb-4.0.11-py3-none-any.whl (62 kB)
   ━━━━━━━━━━━━━━━━━━━━━━━━━━━━━━━━━━━━━━━━ 62.7/62.7 kB 4.8 MB/s eta 0:00:00
Downloading pbr-6.0.0-py2.py3-none-any.whl (107 kB)
   ━━━━━━━━━━━━━━━━━━━━━━━━━━━━━━━━━━━━━━━━ 107.5/107.5 kB 7.6 MB/s eta 0:00:00
Downloading smmap-5.0.1-py3-none-any.whl (24 kB)
Installing collected packages: smmap, PyYAML, pbr, stevedore, gitdb, GitPython, bandit
Successfully installed GitPython-3.1.40 PyYAML-6.0.1 bandit-1.7.4 gitdb-4.0.11 pbr-6.0.0 smmap-5.0.1 stevedore-5.1.0
