Collecting bandit==1.7.4
  Downloading bandit-1.7.4-py3-none-any.whl (118 kB)
     ━━━━━━━━━━━━━━━━━━━━━━━━━━━━━━━━━━━━━━━ 118.3/118.3 kB 3.3 MB/s eta 0:00:00
Collecting GitPython>=1.0.1
  Downloading GitPython-3.1.40-py3-none-any.whl (190 kB)
     ━━━━━━━━━━━━━━━━━━━━━━━━━━━━━━━━━━━━━━━ 190.6/190.6 kB 3.3 MB/s eta 0:00:00
Collecting PyYAML>=5.3.1
  Using cached PyYAML-6.0.1-py3-none-any.whl
Collecting stevedore>=1.20.0
  Downloading stevedore-5.1.0-py3-none-any.whl (49 kB)
     ━━━━━━━━━━━━━━━━━━━━━━━━━━━━━━━━━━━━━━━━ 49.6/49.6 kB 1.9 MB/s eta 0:00:00
Collecting gitdb<5,>=4.0.1
  Downloading gitdb-4.0.11-py3-none-any.whl (62 kB)
     ━━━━━━━━━━━━━━━━━━━━━━━━━━━━━━━━━━━━━━━━ 62.7/62.7 kB 2.5 MB/s eta 0:00:00
Collecting pbr!=2.1.0,>=2.0.0
  Downloading pbr-6.0.0-py2.py3-none-any.whl (107 kB)
     ━━━━━━━━━━━━━━━━━━━━━━━━━━━━━━━━━━━━━━━ 107.5/107.5 kB 3.7 MB/s eta 0:00:00
Collecting smmap<6,>=3.0.1
  Downloading smmap-5.0.1-py3-none-any.whl (24 kB)
Installing collected packages: smmap, PyYAML, pbr, stevedore, gitdb, GitPython, bandit
Looking for GraalPy patches for smmap
Looking for GraalPy patches for PyYAML
Looking for GraalPy patches for pbr
Looking for GraalPy patches for stevedore
Looking for GraalPy patches for gitdb
Looking for GraalPy patches for GitPython
Looking for GraalPy patches for bandit
Successfully installed GitPython-3.1.40 PyYAML-6.0.1 bandit-1.7.4 gitdb-4.0.11 pbr-6.0.0 smmap-5.0.1 stevedore-5.1.0
