Collecting SQLAlchemy==1.4.44
  Downloading SQLAlchemy-1.4.44.tar.gz (8.5 MB)
     ━━━━━━━━━━━━━━━━━━━━━━━━━━━━━━━━━━━━━━━━ 8.5/8.5 MB 7.9 MB/s eta 0:00:00
auto-patching C API usages in /tmp/pip-install-3mu06ah1/sqlalchemy_7a1abfbc211743be8c1a2de04ed2efd0/lib/sqlalchemy/cextension/processors.c
Looking for GraalPy patches for SQLAlchemy
  Preparing metadata (setup.py): started
  Preparing metadata (setup.py): finished with status 'done'
Collecting greenlet!=0.4.17
  Downloading greenlet-3.0.1.tar.gz (174 kB)
     ━━━━━━━━━━━━━━━━━━━━━━━━━━━━━━━━━━━━━━━ 174.8/174.8 kB 5.8 MB/s eta 0:00:00
auto-patching C API usages in /tmp/pip-install-3mu06ah1/greenlet_d91262a69fa34bd38832f726a7d40f9e/src/greenlet/greenlet_cpython_compat.hpp
Looking for GraalPy patches for greenlet
  Preparing metadata (setup.py): started
  Preparing metadata (setup.py): finished with status 'done'
Building wheels for collected packages: SQLAlchemy, greenlet
  Building wheel for SQLAlchemy (setup.py): started
  Building wheel for SQLAlchemy (setup.py): finished with status 'done'
  Created wheel for SQLAlchemy: filename=SQLAlchemy-1.4.44-graalpy310-graalpy231_310_native-linux_x86_64.whl size=1556293 sha256=2c17df28786258e6977af081efd3b0172de1372e524ffe81f07a4c09ea774448
  Stored in directory: /workdir/.cache/pip-graalpy/wheels/c8/ad/11/c8b6c0e020451908c8cfc9d4482e2c94d72bce7e770090fb01
  Building wheel for greenlet (setup.py): started
  Building wheel for greenlet (setup.py): finished with status 'done'
  Created wheel for greenlet: filename=greenlet-3.0.1-graalpy310-graalpy231_310_native-linux_x86_64.whl size=257121 sha256=c615b2646fa68df31cd04d5f977f8d35a81e1ceb72ef4fa4d9f961dce724cde0
  Stored in directory: /workdir/.cache/pip-graalpy/wheels/e0/14/17/f6a51fd4625900993c030e7d5a2f1e2f5d3e62dfca68194701
Successfully built SQLAlchemy greenlet
Installing collected packages: greenlet, SQLAlchemy
Looking for GraalPy patches for greenlet
Looking for GraalPy patches for SQLAlchemy
Successfully installed SQLAlchemy-1.4.44 greenlet-3.0.1
