Collecting jsii==1.72.0
  Downloading jsii-1.72.0-py3-none-any.whl (559 kB)
     ━━━━━━━━━━━━━━━━━━━━━━━━━━━━━━━━━━━━━━━ 559.3/559.3 kB 9.0 MB/s eta 0:00:00
Collecting attrs<23.0,>=21.2 (from jsii==1.72.0)
  Downloading attrs-22.2.0-py3-none-any.whl (60 kB)
     ━━━━━━━━━━━━━━━━━━━━━━━━━━━━━━━━━━━━━━━━ 60.0/60.0 kB 8.6 MB/s eta 0:00:00
Collecting cattrs<22.3,>=1.8 (from jsii==1.72.0)
  Downloading cattrs-22.2.0-py3-none-any.whl (35 kB)
Collecting publication>=0.0.3 (from jsii==1.72.0)
  Downloading publication-0.0.3-py2.py3-none-any.whl (7.7 kB)
Collecting typeguard~=2.13.3 (from jsii==1.72.0)
  Downloading typeguard-2.13.3-py3-none-any.whl (17 kB)
Collecting python-dateutil (from jsii==1.72.0)
  Using cached python_dateutil-2.8.2-py2.py3-none-any.whl (247 kB)
Collecting typing-extensions<5.0,>=3.7 (from jsii==1.72.0)
  Using cached typing_extensions-4.8.0-py3-none-any.whl.metadata (3.0 kB)
Collecting exceptiongroup (from cattrs<22.3,>=1.8->jsii==1.72.0)
  Using cached exceptiongroup-1.2.0-py3-none-any.whl.metadata (6.6 kB)
Collecting six>=1.5 (from python-dateutil->jsii==1.72.0)
  Using cached six-1.16.0-py2.py3-none-any.whl (11 kB)
Using cached typing_extensions-4.8.0-py3-none-any.whl (31 kB)
Using cached exceptiongroup-1.2.0-py3-none-any.whl (16 kB)
Installing collected packages: publication, typing-extensions, typeguard, six, exceptiongroup, attrs, python-dateutil, cattrs, jsii
Successfully installed attrs-22.2.0 cattrs-22.2.0 exceptiongroup-1.2.0 jsii-1.72.0 publication-0.0.3 python-dateutil-2.8.2 six-1.16.0 typeguard-2.13.3 typing-extensions-4.8.0
