Collecting jsii==1.72.0
  Downloading jsii-1.72.0-py3-none-any.whl (559 kB)
     ━━━━━━━━━━━━━━━━━━━━━━━━━━━━━━━━━━━━━━━ 559.3/559.3 kB 6.6 MB/s eta 0:00:00
Collecting attrs<23.0,>=21.2
  Downloading attrs-22.2.0-py3-none-any.whl (60 kB)
     ━━━━━━━━━━━━━━━━━━━━━━━━━━━━━━━━━━━━━━━━ 60.0/60.0 kB 2.8 MB/s eta 0:00:00
Collecting cattrs<22.3,>=1.8
  Downloading cattrs-22.2.0-py3-none-any.whl (35 kB)
Collecting publication>=0.0.3
  Downloading publication-0.0.3-py2.py3-none-any.whl (7.7 kB)
Collecting typeguard~=2.13.3
  Downloading typeguard-2.13.3-py3-none-any.whl (17 kB)
Collecting python-dateutil
  Using cached python_dateutil-2.8.2-py2.py3-none-any.whl (247 kB)
Collecting typing-extensions<5.0,>=3.7
  Using cached typing_extensions-4.8.0-py3-none-any.whl (31 kB)
Collecting exceptiongroup
  Using cached exceptiongroup-1.2.0-py3-none-any.whl (16 kB)
Collecting six>=1.5
  Using cached six-1.16.0-py2.py3-none-any.whl (11 kB)
Installing collected packages: publication, typing-extensions, typeguard, six, exceptiongroup, attrs, python-dateutil, cattrs, jsii
Looking for GraalPy patches for publication
Looking for GraalPy patches for typing_extensions
Looking for GraalPy patches for typeguard
Looking for GraalPy patches for six
Looking for GraalPy patches for exceptiongroup
Looking for GraalPy patches for attrs
Looking for GraalPy patches for python_dateutil
Looking for GraalPy patches for cattrs
Looking for GraalPy patches for jsii
Successfully installed attrs-22.2.0 cattrs-22.2.0 exceptiongroup-1.2.0 jsii-1.72.0 publication-0.0.3 python-dateutil-2.8.2 six-1.16.0 typeguard-2.13.3 typing-extensions-4.8.0
