Collecting oci==2.104.3
  Downloading oci-2.104.3-py3-none-any.whl.metadata (5.1 kB)
Collecting certifi (from oci==2.104.3)
  Using cached certifi-2023.11.17-py3-none-any.whl.metadata (2.2 kB)
Collecting cryptography<40.0.0,>=3.2.1 (from oci==2.104.3)
  Downloading cryptography-39.0.2-cp36-abi3-manylinux_2_28_x86_64.whl (4.2 MB)
     ━━━━━━━━━━━━━━━━━━━━━━━━━━━━━━━━━━━━━━━━ 4.2/4.2 MB 8.2 MB/s eta 0:00:00
Collecting pyOpenSSL<24.0.0,>=17.5.0 (from oci==2.104.3)
  Downloading pyOpenSSL-23.3.0-py3-none-any.whl.metadata (12 kB)
Collecting python-dateutil<3.0.0,>=2.5.3 (from oci==2.104.3)
  Using cached python_dateutil-2.8.2-py2.py3-none-any.whl (247 kB)
Collecting pytz>=2016.10 (from oci==2.104.3)
  Using cached pytz-2023.3.post1-py2.py3-none-any.whl.metadata (22 kB)
Collecting circuitbreaker<2.0.0,>=1.3.1 (from oci==2.104.3)
  Downloading circuitbreaker-1.4.0.tar.gz (9.7 kB)
  Preparing metadata (setup.py): started
  Preparing metadata (setup.py): finished with status 'done'
Collecting cffi>=1.12 (from cryptography<40.0.0,>=3.2.1->oci==2.104.3)
  Using cached cffi-1.16.0-cp310-cp310-manylinux_2_17_x86_64.manylinux2014_x86_64.whl.metadata (1.5 kB)
INFO: pip is looking at multiple versions of pyopenssl to determine which version is compatible with other requirements. This could take a while.
Collecting pyOpenSSL<24.0.0,>=17.5.0 (from oci==2.104.3)
  Downloading pyOpenSSL-23.2.0-py3-none-any.whl.metadata (10 kB)
Collecting six>=1.5 (from python-dateutil<3.0.0,>=2.5.3->oci==2.104.3)
  Using cached six-1.16.0-py2.py3-none-any.whl (11 kB)
Collecting pycparser (from cffi>=1.12->cryptography<40.0.0,>=3.2.1->oci==2.104.3)
  Using cached pycparser-2.21-py2.py3-none-any.whl (118 kB)
Downloading oci-2.104.3-py3-none-any.whl (20.3 MB)
   ━━━━━━━━━━━━━━━━━━━━━━━━━━━━━━━━━━━━━━━━ 20.3/20.3 MB 8.2 MB/s eta 0:00:00
Downloading pyOpenSSL-23.2.0-py3-none-any.whl (59 kB)
   ━━━━━━━━━━━━━━━━━━━━━━━━━━━━━━━━━━━━━━━━ 59.0/59.0 kB 4.2 MB/s eta 0:00:00
Using cached pytz-2023.3.post1-py2.py3-none-any.whl (502 kB)
Using cached certifi-2023.11.17-py3-none-any.whl (162 kB)
Using cached cffi-1.16.0-cp310-cp310-manylinux_2_17_x86_64.manylinux2014_x86_64.whl (443 kB)
Building wheels for collected packages: circuitbreaker
  Building wheel for circuitbreaker (setup.py): started
  Building wheel for circuitbreaker (setup.py): finished with status 'done'
  Created wheel for circuitbreaker: filename=circuitbreaker-1.4.0-py3-none-any.whl size=7519 sha256=1399606576db52c975e93186be8b422da16bf87d0b774c84cee33ca758aa6ec2
  Stored in directory: /workdir/.cache/pip/wheels/3c/be/64/266b6ce2ef1130de5e419f04805acbb2df5a4ab1b91348f25b
Successfully built circuitbreaker
Installing collected packages: pytz, circuitbreaker, six, pycparser, certifi, python-dateutil, cffi, cryptography, pyOpenSSL, oci
Successfully installed certifi-2023.11.17 cffi-1.16.0 circuitbreaker-1.4.0 cryptography-39.0.2 oci-2.104.3 pyOpenSSL-23.2.0 pycparser-2.21 python-dateutil-2.8.2 pytz-2023.3.post1 six-1.16.0
