Collecting google-auth==2.15.0
  Downloading google_auth-2.15.0-py2.py3-none-any.whl (177 kB)
     ━━━━━━━━━━━━━━━━━━━━━━━━━━━━━━━━━━━━━━━ 177.0/177.0 kB 1.7 MB/s eta 0:00:00
Collecting cachetools<6.0,>=2.0.0
  Using cached cachetools-5.3.2-py3-none-any.whl (9.3 kB)
Collecting pyasn1-modules>=0.2.1
  Using cached pyasn1_modules-0.3.0-py2.py3-none-any.whl (181 kB)
Collecting six>=1.9.0
  Using cached six-1.16.0-py2.py3-none-any.whl (11 kB)
Collecting rsa<5,>=3.1.4
  Using cached rsa-4.9-py3-none-any.whl (34 kB)
Collecting pyasn1<0.6.0,>=0.4.6
  Using cached pyasn1-0.5.1-py2.py3-none-any.whl (84 kB)
Installing collected packages: six, pyasn1, cachetools, rsa, pyasn1-modules, google-auth
Looking for GraalPy patches for six
Looking for GraalPy patches for pyasn1
Looking for GraalPy patches for cachetools
Looking for GraalPy patches for rsa
Looking for GraalPy patches for pyasn1_modules
Looking for GraalPy patches for google_auth
Successfully installed cachetools-5.3.2 google-auth-2.15.0 pyasn1-0.5.1 pyasn1-modules-0.3.0 rsa-4.9 six-1.16.0
