Collecting pygame==2.1.2
  Downloading pygame-2.1.2.tar.gz (10.1 MB)
     ━━━━━━━━━━━━━━━━━━━━━━━━━━━━━━━━━━━━━━━━ 10.1/10.1 MB 2.6 MB/s eta 0:00:00
auto-patching C API usages in /tmp/pip-install-d_9jgcqv/pygame_5ad5cd55a67f49d0827118553550c7df/src_c/rect.c
auto-patching C API usages in /tmp/pip-install-d_9jgcqv/pygame_5ad5cd55a67f49d0827118553550c7df/src_c/pypm.c
auto-patching C API usages in /tmp/pip-install-d_9jgcqv/pygame_5ad5cd55a67f49d0827118553550c7df/src_c/mask.c
auto-patching C API usages in /tmp/pip-install-d_9jgcqv/pygame_5ad5cd55a67f49d0827118553550c7df/src_c/event.c
auto-patching C API usages in /tmp/pip-install-d_9jgcqv/pygame_5ad5cd55a67f49d0827118553550c7df/src_c/cdrom.c
auto-patching C API usages in /tmp/pip-install-d_9jgcqv/pygame_5ad5cd55a67f49d0827118553550c7df/src_c/color.c
auto-patching C API usages in /tmp/pip-install-d_9jgcqv/pygame_5ad5cd55a67f49d0827118553550c7df/src_c/_freetype.c
auto-patching C API usages in /tmp/pip-install-d_9jgcqv/pygame_5ad5cd55a67f49d0827118553550c7df/src_c/surface.c
auto-patching C API usages in /tmp/pip-install-d_9jgcqv/pygame_5ad5cd55a67f49d0827118553550c7df/src_c/joystick.c
auto-patching C API usages in /tmp/pip-install-d_9jgcqv/pygame_5ad5cd55a67f49d0827118553550c7df/src_c/math.c
auto-patching C API usages in /tmp/pip-install-d_9jgcqv/pygame_5ad5cd55a67f49d0827118553550c7df/src_c/font.c
auto-patching C API usages in /tmp/pip-install-d_9jgcqv/pygame_5ad5cd55a67f49d0827118553550c7df/src_c/include/_pygame.h
auto-patching C API usages in /tmp/pip-install-d_9jgcqv/pygame_5ad5cd55a67f49d0827118553550c7df/src_c/include/pygame_font.h
auto-patching C API usages in /tmp/pip-install-d_9jgcqv/pygame_5ad5cd55a67f49d0827118553550c7df/src_c/include/pygame_bufferproxy.h
auto-patching C API usages in /tmp/pip-install-d_9jgcqv/pygame_5ad5cd55a67f49d0827118553550c7df/src_c/include/pygame_mixer.h
auto-patching C API usages in /tmp/pip-install-d_9jgcqv/pygame_5ad5cd55a67f49d0827118553550c7df/src_c/include/pygame_freetype.h
auto-patching C API usages in /tmp/pip-install-d_9jgcqv/pygame_5ad5cd55a67f49d0827118553550c7df/src_c/include/pygame_mask.h
auto-patching C API usages in /tmp/pip-install-d_9jgcqv/pygame_5ad5cd55a67f49d0827118553550c7df/src_c/_sdl2/mixer.c
auto-patching C API usages in /tmp/pip-install-d_9jgcqv/pygame_5ad5cd55a67f49d0827118553550c7df/src_c/_sdl2/video.c
Looking for GraalPy patches for pygame
Patching package pygame using /opt/graalpy/lib/graalpy23.1/patches/pygame/pygame-2.patch
patching file src_c/base.c
Hunk #2 succeeded at 1983 (offset -40 lines).
  Preparing metadata (setup.py): started
  Preparing metadata (setup.py): finished with status 'done'
Building wheels for collected packages: pygame
  Building wheel for pygame (setup.py): started
  Building wheel for pygame (setup.py): finished with status 'done'
  Created wheel for pygame: filename=pygame-2.1.2-graalpy310-graalpy231_310_native-linux_x86_64.whl size=5922013 sha256=81214dbe54418830f40157d88372ecac257cc666edc6829be262606b04f2b606
  Stored in directory: /workdir/.cache/pip-graalpy/wheels/23/b2/90/8395d8abe07a9ebade4ab6cdfea31de850be94684c3bdca5b4
Successfully built pygame
Installing collected packages: pygame
Successfully installed pygame-2.1.2
