Collecting myst-parser==0.18.1
  Downloading myst_parser-0.18.1-py3-none-any.whl (58 kB)
     ━━━━━━━━━━━━━━━━━━━━━━━━━━━━━━━━━━━━━━━━ 58.2/58.2 kB 2.6 MB/s eta 0:00:00
Collecting docutils<0.20,>=0.15 (from myst-parser==0.18.1)
  Using cached docutils-0.19-py3-none-any.whl (570 kB)
Collecting jinja2 (from myst-parser==0.18.1)
  Using cached Jinja2-3.1.2-py3-none-any.whl (133 kB)
Collecting markdown-it-py<3.0.0,>=1.0.0 (from myst-parser==0.18.1)
  Downloading markdown_it_py-2.2.0-py3-none-any.whl (84 kB)
     ━━━━━━━━━━━━━━━━━━━━━━━━━━━━━━━━━━━━━━━━ 84.5/84.5 kB 7.8 MB/s eta 0:00:00
Collecting mdit-py-plugins~=0.3.1 (from myst-parser==0.18.1)
  Downloading mdit_py_plugins-0.3.5-py3-none-any.whl (52 kB)
     ━━━━━━━━━━━━━━━━━━━━━━━━━━━━━━━━━━━━━━━━ 52.1/52.1 kB 7.8 MB/s eta 0:00:00
Collecting pyyaml (from myst-parser==0.18.1)
  Using cached PyYAML-6.0.1-cp310-cp310-manylinux_2_17_x86_64.manylinux2014_x86_64.whl.metadata (2.1 kB)
Collecting sphinx<6,>=4 (from myst-parser==0.18.1)
  Using cached sphinx-5.3.0-py3-none-any.whl (3.2 MB)
Collecting typing-extensions (from myst-parser==0.18.1)
  Using cached typing_extensions-4.8.0-py3-none-any.whl.metadata (3.0 kB)
Collecting mdurl~=0.1 (from markdown-it-py<3.0.0,>=1.0.0->myst-parser==0.18.1)
  Using cached mdurl-0.1.2-py3-none-any.whl (10.0 kB)
Collecting sphinxcontrib-applehelp (from sphinx<6,>=4->myst-parser==0.18.1)
  Using cached sphinxcontrib_applehelp-1.0.7-py3-none-any.whl.metadata (2.2 kB)
Collecting sphinxcontrib-devhelp (from sphinx<6,>=4->myst-parser==0.18.1)
  Using cached sphinxcontrib_devhelp-1.0.5-py3-none-any.whl.metadata (2.2 kB)
Collecting sphinxcontrib-jsmath (from sphinx<6,>=4->myst-parser==0.18.1)
  Using cached sphinxcontrib_jsmath-1.0.1-py2.py3-none-any.whl (5.1 kB)
Collecting sphinxcontrib-htmlhelp>=2.0.0 (from sphinx<6,>=4->myst-parser==0.18.1)
  Using cached sphinxcontrib_htmlhelp-2.0.4-py3-none-any.whl.metadata (2.2 kB)
Collecting sphinxcontrib-serializinghtml>=1.1.5 (from sphinx<6,>=4->myst-parser==0.18.1)
  Using cached sphinxcontrib_serializinghtml-1.1.9-py3-none-any.whl.metadata (2.3 kB)
Collecting sphinxcontrib-qthelp (from sphinx<6,>=4->myst-parser==0.18.1)
  Using cached sphinxcontrib_qthelp-1.0.6-py3-none-any.whl.metadata (2.2 kB)
Collecting Pygments>=2.12 (from sphinx<6,>=4->myst-parser==0.18.1)
  Using cached pygments-2.17.2-py3-none-any.whl.metadata (2.6 kB)
Collecting snowballstemmer>=2.0 (from sphinx<6,>=4->myst-parser==0.18.1)
  Using cached snowballstemmer-2.2.0-py2.py3-none-any.whl (93 kB)
Collecting babel>=2.9 (from sphinx<6,>=4->myst-parser==0.18.1)
  Using cached Babel-2.13.1-py3-none-any.whl.metadata (1.6 kB)
Collecting alabaster<0.8,>=0.7 (from sphinx<6,>=4->myst-parser==0.18.1)
  Using cached alabaster-0.7.13-py3-none-any.whl (13 kB)
Collecting imagesize>=1.3 (from sphinx<6,>=4->myst-parser==0.18.1)
  Using cached imagesize-1.4.1-py2.py3-none-any.whl (8.8 kB)
Collecting requests>=2.5.0 (from sphinx<6,>=4->myst-parser==0.18.1)
  Using cached requests-2.31.0-py3-none-any.whl.metadata (4.6 kB)
Collecting packaging>=21.0 (from sphinx<6,>=4->myst-parser==0.18.1)
  Using cached packaging-23.2-py3-none-any.whl.metadata (3.2 kB)
Collecting MarkupSafe>=2.0 (from jinja2->myst-parser==0.18.1)
  Using cached MarkupSafe-2.1.3-cp310-cp310-manylinux_2_17_x86_64.manylinux2014_x86_64.whl.metadata (3.0 kB)
Collecting charset-normalizer<4,>=2 (from requests>=2.5.0->sphinx<6,>=4->myst-parser==0.18.1)
  Using cached charset_normalizer-3.3.2-cp310-cp310-manylinux_2_17_x86_64.manylinux2014_x86_64.whl.metadata (33 kB)
Collecting idna<4,>=2.5 (from requests>=2.5.0->sphinx<6,>=4->myst-parser==0.18.1)
  Using cached idna-3.4-py3-none-any.whl (61 kB)
Collecting urllib3<3,>=1.21.1 (from requests>=2.5.0->sphinx<6,>=4->myst-parser==0.18.1)
  Using cached urllib3-2.1.0-py3-none-any.whl.metadata (6.4 kB)
Collecting certifi>=2017.4.17 (from requests>=2.5.0->sphinx<6,>=4->myst-parser==0.18.1)
  Using cached certifi-2023.11.17-py3-none-any.whl.metadata (2.2 kB)
Using cached PyYAML-6.0.1-cp310-cp310-manylinux_2_17_x86_64.manylinux2014_x86_64.whl (705 kB)
Using cached typing_extensions-4.8.0-py3-none-any.whl (31 kB)
Using cached Babel-2.13.1-py3-none-any.whl (10.1 MB)
Using cached MarkupSafe-2.1.3-cp310-cp310-manylinux_2_17_x86_64.manylinux2014_x86_64.whl (25 kB)
Using cached packaging-23.2-py3-none-any.whl (53 kB)
Using cached pygments-2.17.2-py3-none-any.whl (1.2 MB)
Using cached requests-2.31.0-py3-none-any.whl (62 kB)
Using cached sphinxcontrib_htmlhelp-2.0.4-py3-none-any.whl (99 kB)
Using cached sphinxcontrib_serializinghtml-1.1.9-py3-none-any.whl (92 kB)
Using cached sphinxcontrib_applehelp-1.0.7-py3-none-any.whl (120 kB)
Using cached sphinxcontrib_devhelp-1.0.5-py3-none-any.whl (83 kB)
Using cached sphinxcontrib_qthelp-1.0.6-py3-none-any.whl (89 kB)
Using cached certifi-2023.11.17-py3-none-any.whl (162 kB)
Using cached charset_normalizer-3.3.2-cp310-cp310-manylinux_2_17_x86_64.manylinux2014_x86_64.whl (142 kB)
Using cached urllib3-2.1.0-py3-none-any.whl (104 kB)
Installing collected packages: snowballstemmer, urllib3, typing-extensions, sphinxcontrib-jsmath, pyyaml, Pygments, packaging, mdurl, MarkupSafe, imagesize, idna, docutils, charset-normalizer, certifi, babel, alabaster, requests, markdown-it-py, jinja2, mdit-py-plugins, sphinxcontrib-serializinghtml, sphinxcontrib-qthelp, sphinxcontrib-htmlhelp, sphinxcontrib-devhelp, sphinxcontrib-applehelp, sphinx, myst-parser
Successfully installed MarkupSafe-2.1.3 Pygments-2.17.2 alabaster-0.7.13 babel-2.13.1 certifi-2023.11.17 charset-normalizer-3.3.2 docutils-0.19 idna-3.4 imagesize-1.4.1 jinja2-3.1.2 markdown-it-py-2.2.0 mdit-py-plugins-0.3.5 mdurl-0.1.2 myst-parser-0.18.1 packaging-23.2 pyyaml-6.0.1 requests-2.31.0 snowballstemmer-2.2.0 sphinx-5.3.0 sphinxcontrib-applehelp-1.0.7 sphinxcontrib-devhelp-1.0.5 sphinxcontrib-htmlhelp-2.0.4 sphinxcontrib-jsmath-1.0.1 sphinxcontrib-qthelp-1.0.6 sphinxcontrib-serializinghtml-1.1.9 typing-extensions-4.8.0 urllib3-2.1.0
