Collecting mlflow==2.0.1
  Downloading mlflow-2.0.1-py3-none-any.whl (16.5 MB)
     ━━━━━━━━━━━━━━━━━━━━━━━━━━━━━━━━━━━━━━━━ 16.5/16.5 MB 27.7 MB/s eta 0:00:00
Collecting click<9,>=7.0 (from mlflow==2.0.1)
  Using cached click-8.1.7-py3-none-any.whl.metadata (3.0 kB)
Collecting cloudpickle<3 (from mlflow==2.0.1)
  Downloading cloudpickle-2.2.1-py3-none-any.whl (25 kB)
Collecting databricks-cli<1,>=0.8.7 (from mlflow==2.0.1)
  Downloading databricks_cli-0.18.0-py2.py3-none-any.whl.metadata (4.0 kB)
Collecting entrypoints<1 (from mlflow==2.0.1)
  Using cached entrypoints-0.4-py3-none-any.whl (5.3 kB)
Collecting gitpython<4,>=2.1.0 (from mlflow==2.0.1)
  Using cached GitPython-3.1.40-py3-none-any.whl.metadata (12 kB)
Collecting pyyaml<7,>=5.1 (from mlflow==2.0.1)
  Using cached PyYAML-6.0.1-cp310-cp310-manylinux_2_17_x86_64.manylinux2014_x86_64.whl.metadata (2.1 kB)
Collecting protobuf<5,>=3.12.0 (from mlflow==2.0.1)
  Using cached protobuf-4.25.1-cp37-abi3-manylinux2014_x86_64.whl.metadata (541 bytes)
Collecting pytz<2023 (from mlflow==2.0.1)
  Downloading pytz-2022.7.1-py2.py3-none-any.whl (499 kB)
     ━━━━━━━━━━━━━━━━━━━━━━━━━━━━━━━━━━━━━━ 499.4/499.4 kB 23.2 MB/s eta 0:00:00
Collecting requests<3,>=2.17.3 (from mlflow==2.0.1)
  Using cached requests-2.31.0-py3-none-any.whl.metadata (4.6 kB)
Collecting packaging<22 (from mlflow==2.0.1)
  Using cached packaging-21.3-py3-none-any.whl (40 kB)
Collecting importlib-metadata!=4.7.0,<6,>=3.7.0 (from mlflow==2.0.1)
  Downloading importlib_metadata-5.2.0-py3-none-any.whl (21 kB)
Collecting sqlparse<1,>=0.4.0 (from mlflow==2.0.1)
  Downloading sqlparse-0.4.4-py3-none-any.whl (41 kB)
     ━━━━━━━━━━━━━━━━━━━━━━━━━━━━━━━━━━━━━━━━ 41.2/41.2 kB 7.0 MB/s eta 0:00:00
Collecting alembic<2 (from mlflow==2.0.1)
  Downloading alembic-1.12.1-py3-none-any.whl.metadata (7.3 kB)
Collecting docker<7,>=4.0.0 (from mlflow==2.0.1)
  Downloading docker-6.1.3-py3-none-any.whl.metadata (3.5 kB)
Collecting Flask<3 (from mlflow==2.0.1)
  Downloading flask-2.3.3-py3-none-any.whl.metadata (3.6 kB)
Collecting numpy<2 (from mlflow==2.0.1)
  Using cached numpy-1.26.2-cp310-cp310-manylinux_2_17_x86_64.manylinux2014_x86_64.whl.metadata (61 kB)
Collecting scipy<2 (from mlflow==2.0.1)
  Using cached scipy-1.11.4-cp310-cp310-manylinux_2_17_x86_64.manylinux2014_x86_64.whl.metadata (60 kB)
Collecting pandas<2 (from mlflow==2.0.1)
  Downloading pandas-1.5.3-cp310-cp310-manylinux_2_17_x86_64.manylinux2014_x86_64.whl (12.1 MB)
     ━━━━━━━━━━━━━━━━━━━━━━━━━━━━━━━━━━━━━━━━ 12.1/12.1 MB 29.0 MB/s eta 0:00:00
Collecting querystring-parser<2 (from mlflow==2.0.1)
  Downloading querystring_parser-1.2.4-py2.py3-none-any.whl (7.9 kB)
Collecting sqlalchemy<2,>=1.4.0 (from mlflow==2.0.1)
  Downloading SQLAlchemy-1.4.50-cp310-cp310-manylinux_2_5_x86_64.manylinux1_x86_64.manylinux_2_17_x86_64.manylinux2014_x86_64.whl.metadata (10.0 kB)
Collecting scikit-learn<2 (from mlflow==2.0.1)
  Using cached scikit_learn-1.3.2-cp310-cp310-manylinux_2_17_x86_64.manylinux2014_x86_64.whl.metadata (11 kB)
Collecting pyarrow<11,>=4.0.0 (from mlflow==2.0.1)
  Using cached pyarrow-10.0.1-cp310-cp310-manylinux_2_17_x86_64.manylinux2014_x86_64.whl (35.9 MB)
Collecting shap<1,>=0.40 (from mlflow==2.0.1)
  Downloading shap-0.43.0-cp310-cp310-manylinux_2_12_x86_64.manylinux2010_x86_64.manylinux_2_17_x86_64.manylinux2014_x86_64.whl.metadata (24 kB)
Collecting markdown<4,>=3.3 (from mlflow==2.0.1)
  Using cached Markdown-3.5.1-py3-none-any.whl.metadata (7.1 kB)
Collecting matplotlib<4 (from mlflow==2.0.1)
  Using cached matplotlib-3.8.2-cp310-cp310-manylinux_2_17_x86_64.manylinux2014_x86_64.whl.metadata (5.8 kB)
Collecting gunicorn<21 (from mlflow==2.0.1)
  Using cached gunicorn-20.1.0-py3-none-any.whl (79 kB)
Collecting Jinja2<4,>=2.11 (from mlflow==2.0.1)
  Using cached Jinja2-3.1.2-py3-none-any.whl (133 kB)
Collecting Mako (from alembic<2->mlflow==2.0.1)
  Using cached Mako-1.3.0-py3-none-any.whl.metadata (2.9 kB)
Collecting typing-extensions>=4 (from alembic<2->mlflow==2.0.1)
  Using cached typing_extensions-4.8.0-py3-none-any.whl.metadata (3.0 kB)
Collecting pyjwt>=1.7.0 (from databricks-cli<1,>=0.8.7->mlflow==2.0.1)
  Downloading PyJWT-2.8.0-py3-none-any.whl.metadata (4.2 kB)
Collecting oauthlib>=3.1.0 (from databricks-cli<1,>=0.8.7->mlflow==2.0.1)
  Using cached oauthlib-3.2.2-py3-none-any.whl (151 kB)
Collecting tabulate>=0.7.7 (from databricks-cli<1,>=0.8.7->mlflow==2.0.1)
  Using cached tabulate-0.9.0-py3-none-any.whl (35 kB)
Collecting six>=1.10.0 (from databricks-cli<1,>=0.8.7->mlflow==2.0.1)
  Using cached six-1.16.0-py2.py3-none-any.whl (11 kB)
Collecting urllib3<3,>=1.26.7 (from databricks-cli<1,>=0.8.7->mlflow==2.0.1)
  Using cached urllib3-2.1.0-py3-none-any.whl.metadata (6.4 kB)
Collecting websocket-client>=0.32.0 (from docker<7,>=4.0.0->mlflow==2.0.1)
  Using cached websocket_client-1.6.4-py3-none-any.whl.metadata (7.7 kB)
Collecting Werkzeug>=2.3.7 (from Flask<3->mlflow==2.0.1)
  Using cached werkzeug-3.0.1-py3-none-any.whl.metadata (4.1 kB)
Collecting itsdangerous>=2.1.2 (from Flask<3->mlflow==2.0.1)
  Using cached itsdangerous-2.1.2-py3-none-any.whl (15 kB)
Collecting blinker>=1.6.2 (from Flask<3->mlflow==2.0.1)
  Using cached blinker-1.7.0-py3-none-any.whl.metadata (1.9 kB)
Collecting gitdb<5,>=4.0.1 (from gitpython<4,>=2.1.0->mlflow==2.0.1)
  Using cached gitdb-4.0.11-py3-none-any.whl.metadata (1.2 kB)
Requirement already satisfied: setuptools>=3.0 in ./install-virtualenv/lib/python3.10/site-packages (from gunicorn<21->mlflow==2.0.1) (68.2.2)
Collecting zipp>=0.5 (from importlib-metadata!=4.7.0,<6,>=3.7.0->mlflow==2.0.1)
  Using cached zipp-3.17.0-py3-none-any.whl.metadata (3.7 kB)
Collecting MarkupSafe>=2.0 (from Jinja2<4,>=2.11->mlflow==2.0.1)
  Using cached MarkupSafe-2.1.3-cp310-cp310-manylinux_2_17_x86_64.manylinux2014_x86_64.whl.metadata (3.0 kB)
Collecting contourpy>=1.0.1 (from matplotlib<4->mlflow==2.0.1)
  Using cached contourpy-1.2.0-cp310-cp310-manylinux_2_17_x86_64.manylinux2014_x86_64.whl.metadata (5.8 kB)
Collecting cycler>=0.10 (from matplotlib<4->mlflow==2.0.1)
  Using cached cycler-0.12.1-py3-none-any.whl.metadata (3.8 kB)
Collecting fonttools>=4.22.0 (from matplotlib<4->mlflow==2.0.1)
  Using cached fonttools-4.45.0-cp310-cp310-manylinux_2_17_x86_64.manylinux2014_x86_64.whl.metadata (154 kB)
Collecting kiwisolver>=1.3.1 (from matplotlib<4->mlflow==2.0.1)
  Using cached kiwisolver-1.4.5-cp310-cp310-manylinux_2_12_x86_64.manylinux2010_x86_64.whl.metadata (6.4 kB)
Collecting pillow>=8 (from matplotlib<4->mlflow==2.0.1)
  Using cached Pillow-10.1.0-cp310-cp310-manylinux_2_28_x86_64.whl.metadata (9.5 kB)
Collecting pyparsing>=2.3.1 (from matplotlib<4->mlflow==2.0.1)
  Using cached pyparsing-3.1.1-py3-none-any.whl.metadata (5.1 kB)
Collecting python-dateutil>=2.7 (from matplotlib<4->mlflow==2.0.1)
  Using cached python_dateutil-2.8.2-py2.py3-none-any.whl (247 kB)
Collecting charset-normalizer<4,>=2 (from requests<3,>=2.17.3->mlflow==2.0.1)
  Using cached charset_normalizer-3.3.2-cp310-cp310-manylinux_2_17_x86_64.manylinux2014_x86_64.whl.metadata (33 kB)
Collecting idna<4,>=2.5 (from requests<3,>=2.17.3->mlflow==2.0.1)
  Using cached idna-3.4-py3-none-any.whl (61 kB)
Collecting certifi>=2017.4.17 (from requests<3,>=2.17.3->mlflow==2.0.1)
  Using cached certifi-2023.11.17-py3-none-any.whl.metadata (2.2 kB)
Collecting joblib>=1.1.1 (from scikit-learn<2->mlflow==2.0.1)
  Using cached joblib-1.3.2-py3-none-any.whl.metadata (5.4 kB)
Collecting threadpoolctl>=2.0.0 (from scikit-learn<2->mlflow==2.0.1)
  Using cached threadpoolctl-3.2.0-py3-none-any.whl.metadata (10.0 kB)
Collecting tqdm>=4.27.0 (from shap<1,>=0.40->mlflow==2.0.1)
  Using cached tqdm-4.66.1-py3-none-any.whl.metadata (57 kB)
Collecting slicer==0.0.7 (from shap<1,>=0.40->mlflow==2.0.1)
  Downloading slicer-0.0.7-py3-none-any.whl (14 kB)
Collecting numba (from shap<1,>=0.40->mlflow==2.0.1)
  Using cached numba-0.58.1-cp310-cp310-manylinux2014_x86_64.manylinux_2_17_x86_64.whl.metadata (2.7 kB)
Collecting greenlet!=0.4.17 (from sqlalchemy<2,>=1.4.0->mlflow==2.0.1)
  Using cached greenlet-3.0.1-cp310-cp310-manylinux_2_24_x86_64.manylinux_2_28_x86_64.whl.metadata (3.7 kB)
Collecting smmap<6,>=3.0.1 (from gitdb<5,>=4.0.1->gitpython<4,>=2.1.0->mlflow==2.0.1)
  Using cached smmap-5.0.1-py3-none-any.whl.metadata (4.3 kB)
Collecting llvmlite<0.42,>=0.41.0dev0 (from numba->shap<1,>=0.40->mlflow==2.0.1)
  Using cached llvmlite-0.41.1-cp310-cp310-manylinux_2_17_x86_64.manylinux2014_x86_64.whl.metadata (4.8 kB)
Downloading alembic-1.12.1-py3-none-any.whl (226 kB)
   ━━━━━━━━━━━━━━━━━━━━━━━━━━━━━━━━━━━━━━━━ 226.8/226.8 kB 21.8 MB/s eta 0:00:00
Using cached click-8.1.7-py3-none-any.whl (97 kB)
Downloading databricks_cli-0.18.0-py2.py3-none-any.whl (150 kB)
   ━━━━━━━━━━━━━━━━━━━━━━━━━━━━━━━━━━━━━━━━ 150.3/150.3 kB 12.6 MB/s eta 0:00:00
Downloading docker-6.1.3-py3-none-any.whl (148 kB)
   ━━━━━━━━━━━━━━━━━━━━━━━━━━━━━━━━━━━━━━━━ 148.1/148.1 kB 20.3 MB/s eta 0:00:00
Downloading flask-2.3.3-py3-none-any.whl (96 kB)
   ━━━━━━━━━━━━━━━━━━━━━━━━━━━━━━━━━━━━━━━━ 96.1/96.1 kB 4.5 MB/s eta 0:00:00
Using cached GitPython-3.1.40-py3-none-any.whl (190 kB)
Using cached Markdown-3.5.1-py3-none-any.whl (102 kB)
Using cached matplotlib-3.8.2-cp310-cp310-manylinux_2_17_x86_64.manylinux2014_x86_64.whl (11.6 MB)
Using cached numpy-1.26.2-cp310-cp310-manylinux_2_17_x86_64.manylinux2014_x86_64.whl (18.2 MB)
Using cached protobuf-4.25.1-cp37-abi3-manylinux2014_x86_64.whl (294 kB)
Using cached PyYAML-6.0.1-cp310-cp310-manylinux_2_17_x86_64.manylinux2014_x86_64.whl (705 kB)
Using cached requests-2.31.0-py3-none-any.whl (62 kB)
Using cached scikit_learn-1.3.2-cp310-cp310-manylinux_2_17_x86_64.manylinux2014_x86_64.whl (10.8 MB)
Using cached scipy-1.11.4-cp310-cp310-manylinux_2_17_x86_64.manylinux2014_x86_64.whl (36.4 MB)
Downloading shap-0.43.0-cp310-cp310-manylinux_2_12_x86_64.manylinux2010_x86_64.manylinux_2_17_x86_64.manylinux2014_x86_64.whl (532 kB)
   ━━━━━━━━━━━━━━━━━━━━━━━━━━━━━━━━━━━━━━━━ 532.9/532.9 kB 29.5 MB/s eta 0:00:00
Downloading SQLAlchemy-1.4.50-cp310-cp310-manylinux_2_5_x86_64.manylinux1_x86_64.manylinux_2_17_x86_64.manylinux2014_x86_64.whl (1.6 MB)
   ━━━━━━━━━━━━━━━━━━━━━━━━━━━━━━━━━━━━━━━━ 1.6/1.6 MB 29.4 MB/s eta 0:00:00
Using cached blinker-1.7.0-py3-none-any.whl (13 kB)
Using cached certifi-2023.11.17-py3-none-any.whl (162 kB)
Using cached charset_normalizer-3.3.2-cp310-cp310-manylinux_2_17_x86_64.manylinux2014_x86_64.whl (142 kB)
Using cached contourpy-1.2.0-cp310-cp310-manylinux_2_17_x86_64.manylinux2014_x86_64.whl (310 kB)
Using cached cycler-0.12.1-py3-none-any.whl (8.3 kB)
Using cached fonttools-4.45.0-cp310-cp310-manylinux_2_17_x86_64.manylinux2014_x86_64.whl (4.6 MB)
Using cached gitdb-4.0.11-py3-none-any.whl (62 kB)
Using cached greenlet-3.0.1-cp310-cp310-manylinux_2_24_x86_64.manylinux_2_28_x86_64.whl (613 kB)
Using cached joblib-1.3.2-py3-none-any.whl (302 kB)
Using cached kiwisolver-1.4.5-cp310-cp310-manylinux_2_12_x86_64.manylinux2010_x86_64.whl (1.6 MB)
Using cached MarkupSafe-2.1.3-cp310-cp310-manylinux_2_17_x86_64.manylinux2014_x86_64.whl (25 kB)
Using cached Pillow-10.1.0-cp310-cp310-manylinux_2_28_x86_64.whl (3.6 MB)
Downloading PyJWT-2.8.0-py3-none-any.whl (22 kB)
Using cached pyparsing-3.1.1-py3-none-any.whl (103 kB)
Using cached threadpoolctl-3.2.0-py3-none-any.whl (15 kB)
Using cached tqdm-4.66.1-py3-none-any.whl (78 kB)
Using cached typing_extensions-4.8.0-py3-none-any.whl (31 kB)
Using cached urllib3-2.1.0-py3-none-any.whl (104 kB)
Using cached websocket_client-1.6.4-py3-none-any.whl (57 kB)
Using cached werkzeug-3.0.1-py3-none-any.whl (226 kB)
Using cached zipp-3.17.0-py3-none-any.whl (7.4 kB)
Using cached Mako-1.3.0-py3-none-any.whl (78 kB)
Using cached numba-0.58.1-cp310-cp310-manylinux2014_x86_64.manylinux_2_17_x86_64.whl (3.6 MB)
Using cached llvmlite-0.41.1-cp310-cp310-manylinux_2_17_x86_64.manylinux2014_x86_64.whl (43.6 MB)
Using cached smmap-5.0.1-py3-none-any.whl (24 kB)
Installing collected packages: pytz, zipp, websocket-client, urllib3, typing-extensions, tqdm, threadpoolctl, tabulate, sqlparse, smmap, slicer, six, pyyaml, pyparsing, pyjwt, protobuf, pillow, oauthlib, numpy, MarkupSafe, markdown, llvmlite, kiwisolver, joblib, itsdangerous, idna, gunicorn, greenlet, fonttools, entrypoints, cycler, cloudpickle, click, charset-normalizer, certifi, blinker, Werkzeug, sqlalchemy, scipy, requests, querystring-parser, python-dateutil, pyarrow, packaging, numba, Mako, Jinja2, importlib-metadata, gitdb, contourpy, scikit-learn, pandas, matplotlib, gitpython, Flask, docker, databricks-cli, alembic, shap, mlflow
Successfully installed Flask-2.3.3 Jinja2-3.1.2 Mako-1.3.0 MarkupSafe-2.1.3 Werkzeug-3.0.1 alembic-1.12.1 blinker-1.7.0 certifi-2023.11.17 charset-normalizer-3.3.2 click-8.1.7 cloudpickle-2.2.1 contourpy-1.2.0 cycler-0.12.1 databricks-cli-0.18.0 docker-6.1.3 entrypoints-0.4 fonttools-4.45.0 gitdb-4.0.11 gitpython-3.1.40 greenlet-3.0.1 gunicorn-20.1.0 idna-3.4 importlib-metadata-5.2.0 itsdangerous-2.1.2 joblib-1.3.2 kiwisolver-1.4.5 llvmlite-0.41.1 markdown-3.5.1 matplotlib-3.8.2 mlflow-2.0.1 numba-0.58.1 numpy-1.26.2 oauthlib-3.2.2 packaging-21.3 pandas-1.5.3 pillow-10.1.0 protobuf-4.25.1 pyarrow-10.0.1 pyjwt-2.8.0 pyparsing-3.1.1 python-dateutil-2.8.2 pytz-2022.7.1 pyyaml-6.0.1 querystring-parser-1.2.4 requests-2.31.0 scikit-learn-1.3.2 scipy-1.11.4 shap-0.43.0 six-1.16.0 slicer-0.0.7 smmap-5.0.1 sqlalchemy-1.4.50 sqlparse-0.4.4 tabulate-0.9.0 threadpoolctl-3.2.0 tqdm-4.66.1 typing-extensions-4.8.0 urllib3-2.1.0 websocket-client-1.6.4 zipp-3.17.0
