[testenv]
commands = pytest -v --tb=native --junitxml /workdir/results/mlflow/2.0.1/1/cpython-test-results.xml
deps = mock
	pytest
	-rexamples/supply_chain_security/requirements.txt
	-rexamples/recipes/requirements.txt
	-rexamples/recipes/requirements/test-requirements.txt
	-rexamples/recipes/requirements/lint-requirements.txt
	-rexamples/virtualenv/project/requirements.txt
	-rtests/resources/example_mlflow_1x_sklearn_model/requirements.txt
	-rtests/resources/example_virtualenv_project/requirements.txt
	-rtests/resources/example_virtualenv_no_python_env/requirements.txt
	-rdev/requirements.txt
	-rrequirements/skinny-requirements.txt
	-rrequirements/doc-requirements.txt
	-rrequirements/test-requirements.txt
	-rrequirements/dev-requirements.txt
	-rrequirements/extra-ml-requirements.txt
	-rrequirements/lint-requirements.txt
	-rrequirements/skinny-test-requirements.txt
	-rrequirements/core-requirements.txt
	-rrequirements/skinny-requirements.txt
	-rrequirements/doc-requirements.txt
	-rrequirements/test-requirements.txt
	-rrequirements/dev-requirements.txt
	-rrequirements/extra-ml-requirements.txt
	-rrequirements/lint-requirements.txt
	-rrequirements/skinny-test-requirements.txt
	-rrequirements/core-requirements.txt

