Collecting dohq-artifactory==0.8.4
  Downloading dohq_artifactory-0.8.4-py3-none-any.whl (32 kB)
Collecting requests (from dohq-artifactory==0.8.4)
  Using cached requests-2.31.0-py3-none-any.whl.metadata (4.6 kB)
Collecting python-dateutil (from dohq-artifactory==0.8.4)
  Using cached python_dateutil-2.8.2-py2.py3-none-any.whl (247 kB)
Collecting PyJWT~=2.0 (from dohq-artifactory==0.8.4)
  Using cached PyJWT-2.8.0-py3-none-any.whl.metadata (4.2 kB)
Collecting six>=1.5 (from python-dateutil->dohq-artifactory==0.8.4)
  Using cached six-1.16.0-py2.py3-none-any.whl (11 kB)
Collecting charset-normalizer<4,>=2 (from requests->dohq-artifactory==0.8.4)
  Using cached charset_normalizer-3.3.2-cp310-cp310-manylinux_2_17_x86_64.manylinux2014_x86_64.whl.metadata (33 kB)
Collecting idna<4,>=2.5 (from requests->dohq-artifactory==0.8.4)
  Using cached idna-3.4-py3-none-any.whl (61 kB)
Collecting urllib3<3,>=1.21.1 (from requests->dohq-artifactory==0.8.4)
  Using cached urllib3-2.1.0-py3-none-any.whl.metadata (6.4 kB)
Collecting certifi>=2017.4.17 (from requests->dohq-artifactory==0.8.4)
  Using cached certifi-2023.11.17-py3-none-any.whl.metadata (2.2 kB)
Using cached PyJWT-2.8.0-py3-none-any.whl (22 kB)
Using cached requests-2.31.0-py3-none-any.whl (62 kB)
Using cached certifi-2023.11.17-py3-none-any.whl (162 kB)
Using cached charset_normalizer-3.3.2-cp310-cp310-manylinux_2_17_x86_64.manylinux2014_x86_64.whl (142 kB)
Using cached urllib3-2.1.0-py3-none-any.whl (104 kB)
Installing collected packages: urllib3, six, PyJWT, idna, charset-normalizer, certifi, requests, python-dateutil, dohq-artifactory
Successfully installed PyJWT-2.8.0 certifi-2023.11.17 charset-normalizer-3.3.2 dohq-artifactory-0.8.4 idna-3.4 python-dateutil-2.8.2 requests-2.31.0 six-1.16.0 urllib3-2.1.0
