Collecting dohq-artifactory==0.8.4
  Downloading dohq_artifactory-0.8.4-py3-none-any.whl (32 kB)
Collecting requests
  Using cached requests-2.31.0-py3-none-any.whl (62 kB)
Collecting python-dateutil
  Using cached python_dateutil-2.8.2-py2.py3-none-any.whl (247 kB)
Collecting PyJWT~=2.0
  Using cached PyJWT-2.8.0-py3-none-any.whl (22 kB)
Collecting six>=1.5
  Using cached six-1.16.0-py2.py3-none-any.whl (11 kB)
Collecting charset-normalizer<4,>=2
  Using cached charset_normalizer-3.1.0-py3-none-any.whl (46 kB)
Collecting idna<4,>=2.5
  Using cached idna-3.4-py3-none-any.whl (61 kB)
Collecting urllib3<3,>=1.21.1
  Using cached urllib3-2.1.0-py3-none-any.whl (104 kB)
Collecting certifi>=2017.4.17
  Using cached certifi-2023.11.17-py3-none-any.whl (162 kB)
Installing collected packages: urllib3, six, PyJWT, idna, charset-normalizer, certifi, requests, python-dateutil, dohq-artifactory
Looking for GraalPy patches for urllib3
Looking for GraalPy patches for six
Looking for GraalPy patches for PyJWT
Looking for GraalPy patches for idna
Looking for GraalPy patches for charset_normalizer
Patching package charset_normalizer using /opt/graalpy/lib/graalpy23.1/patches/charset_normalizer/charset_normalizer-3.1.0.patch
patching file charset_normalizer/utils.py
Hunk #1 succeeded at 7 with fuzz 2 (offset -4 lines).
Hunk #2 succeeded at 258 with fuzz 2 (offset 11 lines).
Looking for GraalPy patches for certifi
Looking for GraalPy patches for requests
Looking for GraalPy patches for python_dateutil
Looking for GraalPy patches for dohq_artifactory
Successfully installed PyJWT-2.8.0 certifi-2023.11.17 charset-normalizer-3.1.0 dohq-artifactory-0.8.4 idna-3.4 python-dateutil-2.8.2 requests-2.31.0 six-1.16.0 urllib3-2.1.0
