Collecting shap==0.41.0
  Downloading shap-0.41.0-cp310-cp310-manylinux_2_12_x86_64.manylinux2010_x86_64.whl (572 kB)
     ━━━━━━━━━━━━━━━━━━━━━━━━━━━━━━━━━━━━━━━ 572.6/572.6 kB 8.8 MB/s eta 0:00:00
Collecting numpy (from shap==0.41.0)
  Using cached numpy-1.26.2-cp310-cp310-manylinux_2_17_x86_64.manylinux2014_x86_64.whl.metadata (61 kB)
Collecting scipy (from shap==0.41.0)
  Using cached scipy-1.11.4-cp310-cp310-manylinux_2_17_x86_64.manylinux2014_x86_64.whl.metadata (60 kB)
Collecting scikit-learn (from shap==0.41.0)
  Using cached scikit_learn-1.3.2-cp310-cp310-manylinux_2_17_x86_64.manylinux2014_x86_64.whl.metadata (11 kB)
Collecting pandas (from shap==0.41.0)
  Using cached pandas-2.1.3-cp310-cp310-manylinux_2_17_x86_64.manylinux2014_x86_64.whl.metadata (18 kB)
Collecting tqdm>4.25.0 (from shap==0.41.0)
  Using cached tqdm-4.66.1-py3-none-any.whl.metadata (57 kB)
Collecting packaging>20.9 (from shap==0.41.0)
  Using cached packaging-23.2-py3-none-any.whl.metadata (3.2 kB)
Collecting slicer==0.0.7 (from shap==0.41.0)
  Downloading slicer-0.0.7-py3-none-any.whl (14 kB)
Collecting numba (from shap==0.41.0)
  Downloading numba-0.58.1-cp310-cp310-manylinux2014_x86_64.manylinux_2_17_x86_64.whl.metadata (2.7 kB)
Collecting cloudpickle (from shap==0.41.0)
  Downloading cloudpickle-3.0.0-py3-none-any.whl.metadata (7.0 kB)
Collecting llvmlite<0.42,>=0.41.0dev0 (from numba->shap==0.41.0)
  Downloading llvmlite-0.41.1-cp310-cp310-manylinux_2_17_x86_64.manylinux2014_x86_64.whl.metadata (4.8 kB)
Collecting python-dateutil>=2.8.2 (from pandas->shap==0.41.0)
  Using cached python_dateutil-2.8.2-py2.py3-none-any.whl (247 kB)
Collecting pytz>=2020.1 (from pandas->shap==0.41.0)
  Using cached pytz-2023.3.post1-py2.py3-none-any.whl.metadata (22 kB)
Collecting tzdata>=2022.1 (from pandas->shap==0.41.0)
  Using cached tzdata-2023.3-py2.py3-none-any.whl (341 kB)
Collecting joblib>=1.1.1 (from scikit-learn->shap==0.41.0)
  Using cached joblib-1.3.2-py3-none-any.whl.metadata (5.4 kB)
Collecting threadpoolctl>=2.0.0 (from scikit-learn->shap==0.41.0)
  Using cached threadpoolctl-3.2.0-py3-none-any.whl.metadata (10.0 kB)
Collecting six>=1.5 (from python-dateutil>=2.8.2->pandas->shap==0.41.0)
  Using cached six-1.16.0-py2.py3-none-any.whl (11 kB)
Using cached packaging-23.2-py3-none-any.whl (53 kB)
Using cached tqdm-4.66.1-py3-none-any.whl (78 kB)
Downloading cloudpickle-3.0.0-py3-none-any.whl (20 kB)
Downloading numba-0.58.1-cp310-cp310-manylinux2014_x86_64.manylinux_2_17_x86_64.whl (3.6 MB)
   ━━━━━━━━━━━━━━━━━━━━━━━━━━━━━━━━━━━━━━━━ 3.6/3.6 MB 29.4 MB/s eta 0:00:00
Using cached numpy-1.26.2-cp310-cp310-manylinux_2_17_x86_64.manylinux2014_x86_64.whl (18.2 MB)
Using cached pandas-2.1.3-cp310-cp310-manylinux_2_17_x86_64.manylinux2014_x86_64.whl (12.3 MB)
Using cached scikit_learn-1.3.2-cp310-cp310-manylinux_2_17_x86_64.manylinux2014_x86_64.whl (10.8 MB)
Using cached scipy-1.11.4-cp310-cp310-manylinux_2_17_x86_64.manylinux2014_x86_64.whl (36.4 MB)
Using cached joblib-1.3.2-py3-none-any.whl (302 kB)
Downloading llvmlite-0.41.1-cp310-cp310-manylinux_2_17_x86_64.manylinux2014_x86_64.whl (43.6 MB)
   ━━━━━━━━━━━━━━━━━━━━━━━━━━━━━━━━━━━━━━━━ 43.6/43.6 MB 28.1 MB/s eta 0:00:00
Using cached pytz-2023.3.post1-py2.py3-none-any.whl (502 kB)
Using cached threadpoolctl-3.2.0-py3-none-any.whl (15 kB)
Installing collected packages: pytz, tzdata, tqdm, threadpoolctl, slicer, six, packaging, numpy, llvmlite, joblib, cloudpickle, scipy, python-dateutil, numba, scikit-learn, pandas, shap
Successfully installed cloudpickle-3.0.0 joblib-1.3.2 llvmlite-0.41.1 numba-0.58.1 numpy-1.26.2 packaging-23.2 pandas-2.1.3 python-dateutil-2.8.2 pytz-2023.3.post1 scikit-learn-1.3.2 scipy-1.11.4 shap-0.41.0 six-1.16.0 slicer-0.0.7 threadpoolctl-3.2.0 tqdm-4.66.1 tzdata-2023.3
