Collecting shap==0.41.0
  Downloading shap-0.41.0.tar.gz (380 kB)
     ━━━━━━━━━━━━━━━━━━━━━━━━━━━━━━━━━━━━━━━ 380.1/380.1 kB 6.1 MB/s eta 0:00:00
Looking for GraalPy patches for shap
  Installing build dependencies: started
  Installing build dependencies: finished with status 'done'
  Getting requirements to build wheel: started
  Getting requirements to build wheel: finished with status 'done'
  Preparing metadata (pyproject.toml): started
  Preparing metadata (pyproject.toml): finished with status 'done'
Collecting numpy
  Using cached numpy-1.23.5-graalpy310-graalpy231_310_native-linux_x86_64.whl
Collecting scipy
  Using cached scipy-1.10.1-graalpy310-graalpy231_310_native-linux_x86_64.whl
Collecting scikit-learn
  Using cached scikit_learn-1.1.3-graalpy310-graalpy231_310_native-linux_x86_64.whl
Collecting pandas
  Using cached pandas-1.5.2-graalpy310-graalpy231_310_native-linux_x86_64.whl
Collecting tqdm>4.25.0
  Using cached tqdm-4.66.1-py3-none-any.whl (78 kB)
Collecting packaging>20.9
  Using cached packaging-23.2-py3-none-any.whl (53 kB)
Collecting slicer==0.0.7
  Downloading slicer-0.0.7-py3-none-any.whl (14 kB)
Collecting numba
  Downloading numba-0.58.1.tar.gz (2.6 MB)
     ━━━━━━━━━━━━━━━━━━━━━━━━━━━━━━━━━━━━━━━━ 2.6/2.6 MB 8.0 MB/s eta 0:00:00
Looking for GraalPy patches for numba
  Preparing metadata (setup.py): started
  Preparing metadata (setup.py): finished with status 'done'
Collecting cloudpickle
  Downloading cloudpickle-2.2.1-py3-none-any.whl (25 kB)
Collecting llvmlite<0.42,>=0.41.0dev0
  Downloading llvmlite-0.41.1.tar.gz (146 kB)
     ━━━━━━━━━━━━━━━━━━━━━━━━━━━━━━━━━━━━━━━ 146.6/146.6 kB 6.1 MB/s eta 0:00:00
Looking for GraalPy patches for llvmlite
  Preparing metadata (setup.py): started
  Preparing metadata (setup.py): finished with status 'done'
Collecting python-dateutil>=2.8.1
  Using cached python_dateutil-2.8.2-py2.py3-none-any.whl (247 kB)
Collecting pytz>=2020.1
  Using cached pytz-2022.2.1-py2.py3-none-any.whl (500 kB)
Collecting joblib>=1.0.0
  Using cached joblib-1.3.2-py3-none-any.whl (302 kB)
Collecting threadpoolctl>=2.0.0
  Using cached threadpoolctl-3.2.0-py3-none-any.whl (15 kB)
Collecting six>=1.5
  Using cached six-1.16.0-py2.py3-none-any.whl (11 kB)
Building wheels for collected packages: shap, numba, llvmlite
  Building wheel for shap (pyproject.toml): started
  Building wheel for shap (pyproject.toml): finished with status 'done'
  Created wheel for shap: filename=shap-0.41.0-graalpy310-graalpy231_310_native-linux_x86_64.whl size=434544 sha256=4a0bb614591c272d1aff4788f99bd65855693c7c2e00de6ee7cdbbfc3b6a673e
  Stored in directory: /workdir/.cache/pip-graalpy/wheels/e6/b9/0a/5117dc56cd331e683b4bce92d8d0cf1a52f4ba1ad73fd15e8b
  Building wheel for numba (setup.py): started
  Building wheel for numba (setup.py): finished with status 'error'
  error: subprocess-exited-with-error
  
  × python setup.py bdist_wheel did not run successfully.
  │ exit code: 1
  ╰─> [8 lines of output]
      Traceback (most recent call last):
        File "<string>", line 2, in <module>
        File "<pip-setuptools-caller>", line 34, in <module>
        File "/tmp/pip-install-vwux63ta/numba_7c8bea02a224461ba955a24283f89324/setup.py", line 424, in <module>
          metadata['ext_modules'] = get_ext_modules()
        File "/tmp/pip-install-vwux63ta/numba_7c8bea02a224461ba955a24283f89324/setup.py", line 138, in get_ext_modules
          import numpy as np
      ModuleNotFoundError: No module named 'numpy'
      [end of output]
  
  note: This error originates from a subprocess, and is likely not a problem with pip.
  ERROR: Failed building wheel for numba
  Running setup.py clean for numba
  Building wheel for llvmlite (setup.py): started
  Building wheel for llvmlite (setup.py): finished with status 'done'
  Created wheel for llvmlite: filename=llvmlite-0.41.1-graalpy310-graalpy231_310_native-linux_x86_64.whl size=4023551 sha256=eb23311edca8b8f1324c39eb0cfe3dc3324ed696d76a24dcfa6f6fccb8b30be3
  Stored in directory: /workdir/.cache/pip-graalpy/wheels/6c/2c/91/319ffe32fbe7bf3c51a52a7ac2d98d91fed1752f676ff235f0
Successfully built shap llvmlite
Failed to build numba
Installing collected packages: pytz, tqdm, threadpoolctl, slicer, six, packaging, numpy, llvmlite, joblib, cloudpickle, scipy, python-dateutil, numba, scikit-learn, pandas, shap
Looking for GraalPy patches for pytz
Patching package pytz using /opt/graalpy/lib/graalpy23.1/patches/pytz/pytz-2022.2.1.patch
Looking for GraalPy patches for tqdm
Looking for GraalPy patches for threadpoolctl
Looking for GraalPy patches for slicer
Looking for GraalPy patches for six
Looking for GraalPy patches for packaging
Patching package packaging using /opt/graalpy/lib/graalpy23.1/patches/packaging/packaging.patch
patching file packaging/tags.py
Hunk #1 FAILED at 4.
Hunk #2 FAILED at 37.
2 out of 2 hunks FAILED -- saving rejects to file packaging/tags.py.rej
Applying GraalPy patch failed for packaging. The package may still work.
Looking for GraalPy patches for numpy
We have patches to make this package work on GraalVM for some version(s).
If installing or running fails, consider using one of the versions that we have patches for:
numpy == 1.16.4
numpy == 1.19.5
numpy == 1.21.6
numpy == 1.22.4
numpy == 1.23.4
numpy == 1.23.1
numpy == 1.23.5
Looking for GraalPy patches for llvmlite
Looking for GraalPy patches for joblib
Looking for GraalPy patches for cloudpickle
Patching package cloudpickle using /opt/graalpy/lib/graalpy23.1/patches/cloudpickle/cloudpickle-2.2.1.patch
patching file cloudpickle/cloudpickle.py
patching file cloudpickle/cloudpickle_fast.py
Looking for GraalPy patches for scipy
We have patches to make this package work on GraalVM for some version(s).
If installing or running fails, consider using one of the versions that we have patches for:
scipy == 1.4.1
scipy == 1.7.3
scipy == 1.8.1
scipy == 1.9.3
scipy == 1.10.1
Looking for GraalPy patches for python_dateutil
  Running setup.py install for numba: started
  Running setup.py install for numba: finished with status 'done'
  DEPRECATION: numba was installed using the legacy 'setup.py install' method, because a wheel could not be built for it. A possible replacement is to fix the wheel build issue reported above. Discussion can be found at https://github.com/pypa/pip/issues/8368
Looking for GraalPy patches for scikit_learn
Patching package scikit_learn using /opt/graalpy/lib/graalpy23.1/patches/scikit-learn/scikit-learn-1.1.3.patch
patching file sklearn/_build_utils/__init__.py
Hunk #1 FAILED at 61.
1 out of 1 hunk FAILED -- saving rejects to file sklearn/_build_utils/__init__.py.rej
Applying GraalPy patch failed for scikit_learn. The package may still work.
Looking for GraalPy patches for pandas
We have patches to make this package work on GraalVM for some version(s).
If installing or running fails, consider using one of the versions that we have patches for:
pandas == 1.4.3
pandas == 1.5.2
Looking for GraalPy patches for shap
Successfully installed cloudpickle-2.2.1 joblib-1.3.2 llvmlite-0.41.1 numba-0.58.1 numpy-1.23.5 packaging-23.2 pandas-1.5.2 python-dateutil-2.8.2 pytz-2022.2.1 scikit-learn-1.1.3 scipy-1.10.1 shap-0.41.0 six-1.16.0 slicer-0.0.7 threadpoolctl-3.2.0 tqdm-4.66.1
