Collecting seaborn==0.12.1
  Downloading seaborn-0.12.1-py3-none-any.whl (288 kB)
     ━━━━━━━━━━━━━━━━━━━━━━━━━━━━━━━━━━━━━━━ 288.2/288.2 kB 7.7 MB/s eta 0:00:00
Collecting numpy>=1.17 (from seaborn==0.12.1)
  Downloading numpy-1.26.2-cp310-cp310-manylinux_2_17_x86_64.manylinux2014_x86_64.whl.metadata (61 kB)
     ━━━━━━━━━━━━━━━━━━━━━━━━━━━━━━━━━━━━━━━━ 61.2/61.2 kB 10.5 MB/s eta 0:00:00
Collecting pandas>=0.25 (from seaborn==0.12.1)
  Downloading pandas-2.1.3-cp310-cp310-manylinux_2_17_x86_64.manylinux2014_x86_64.whl.metadata (18 kB)
Collecting matplotlib!=3.6.1,>=3.1 (from seaborn==0.12.1)
  Downloading matplotlib-3.8.2-cp310-cp310-manylinux_2_17_x86_64.manylinux2014_x86_64.whl.metadata (5.8 kB)
Collecting contourpy>=1.0.1 (from matplotlib!=3.6.1,>=3.1->seaborn==0.12.1)
  Downloading contourpy-1.2.0-cp310-cp310-manylinux_2_17_x86_64.manylinux2014_x86_64.whl.metadata (5.8 kB)
Collecting cycler>=0.10 (from matplotlib!=3.6.1,>=3.1->seaborn==0.12.1)
  Downloading cycler-0.12.1-py3-none-any.whl.metadata (3.8 kB)
Collecting fonttools>=4.22.0 (from matplotlib!=3.6.1,>=3.1->seaborn==0.12.1)
  Downloading fonttools-4.45.1-cp310-cp310-manylinux_2_17_x86_64.manylinux2014_x86_64.whl.metadata (155 kB)
     ━━━━━━━━━━━━━━━━━━━━━━━━━━━━━━━━━━━━━━ 155.2/155.2 kB 11.5 MB/s eta 0:00:00
Collecting kiwisolver>=1.3.1 (from matplotlib!=3.6.1,>=3.1->seaborn==0.12.1)
  Downloading kiwisolver-1.4.5-cp310-cp310-manylinux_2_12_x86_64.manylinux2010_x86_64.whl.metadata (6.4 kB)
Collecting packaging>=20.0 (from matplotlib!=3.6.1,>=3.1->seaborn==0.12.1)
  Downloading packaging-23.2-py3-none-any.whl.metadata (3.2 kB)
Collecting pillow>=8 (from matplotlib!=3.6.1,>=3.1->seaborn==0.12.1)
  Downloading Pillow-10.1.0-cp310-cp310-manylinux_2_28_x86_64.whl.metadata (9.5 kB)
Collecting pyparsing>=2.3.1 (from matplotlib!=3.6.1,>=3.1->seaborn==0.12.1)
  Downloading pyparsing-3.1.1-py3-none-any.whl.metadata (5.1 kB)
Collecting python-dateutil>=2.7 (from matplotlib!=3.6.1,>=3.1->seaborn==0.12.1)
  Downloading python_dateutil-2.8.2-py2.py3-none-any.whl (247 kB)
     ━━━━━━━━━━━━━━━━━━━━━━━━━━━━━━━━━━━━━━ 247.7/247.7 kB 12.8 MB/s eta 0:00:00
Collecting pytz>=2020.1 (from pandas>=0.25->seaborn==0.12.1)
  Downloading pytz-2023.3.post1-py2.py3-none-any.whl.metadata (22 kB)
Collecting tzdata>=2022.1 (from pandas>=0.25->seaborn==0.12.1)
  Downloading tzdata-2023.3-py2.py3-none-any.whl (341 kB)
     ━━━━━━━━━━━━━━━━━━━━━━━━━━━━━━━━━━━━━━ 341.8/341.8 kB 13.7 MB/s eta 0:00:00
Collecting six>=1.5 (from python-dateutil>=2.7->matplotlib!=3.6.1,>=3.1->seaborn==0.12.1)
  Downloading six-1.16.0-py2.py3-none-any.whl (11 kB)
Downloading matplotlib-3.8.2-cp310-cp310-manylinux_2_17_x86_64.manylinux2014_x86_64.whl (11.6 MB)
   ━━━━━━━━━━━━━━━━━━━━━━━━━━━━━━━━━━━━━━━━ 11.6/11.6 MB 17.1 MB/s eta 0:00:00
Downloading numpy-1.26.2-cp310-cp310-manylinux_2_17_x86_64.manylinux2014_x86_64.whl (18.2 MB)
   ━━━━━━━━━━━━━━━━━━━━━━━━━━━━━━━━━━━━━━━━ 18.2/18.2 MB 23.1 MB/s eta 0:00:00
Downloading pandas-2.1.3-cp310-cp310-manylinux_2_17_x86_64.manylinux2014_x86_64.whl (12.3 MB)
   ━━━━━━━━━━━━━━━━━━━━━━━━━━━━━━━━━━━━━━━━ 12.3/12.3 MB 27.6 MB/s eta 0:00:00
Downloading contourpy-1.2.0-cp310-cp310-manylinux_2_17_x86_64.manylinux2014_x86_64.whl (310 kB)
   ━━━━━━━━━━━━━━━━━━━━━━━━━━━━━━━━━━━━━━━━ 310.7/310.7 kB 24.0 MB/s eta 0:00:00
Downloading cycler-0.12.1-py3-none-any.whl (8.3 kB)
Downloading fonttools-4.45.1-cp310-cp310-manylinux_2_17_x86_64.manylinux2014_x86_64.whl (4.6 MB)
   ━━━━━━━━━━━━━━━━━━━━━━━━━━━━━━━━━━━━━━━━ 4.6/4.6 MB 24.2 MB/s eta 0:00:00
Downloading kiwisolver-1.4.5-cp310-cp310-manylinux_2_12_x86_64.manylinux2010_x86_64.whl (1.6 MB)
   ━━━━━━━━━━━━━━━━━━━━━━━━━━━━━━━━━━━━━━━━ 1.6/1.6 MB 24.1 MB/s eta 0:00:00
Downloading packaging-23.2-py3-none-any.whl (53 kB)
   ━━━━━━━━━━━━━━━━━━━━━━━━━━━━━━━━━━━━━━━━ 53.0/53.0 kB 6.3 MB/s eta 0:00:00
Downloading Pillow-10.1.0-cp310-cp310-manylinux_2_28_x86_64.whl (3.6 MB)
   ━━━━━━━━━━━━━━━━━━━━━━━━━━━━━━━━━━━━━━━━ 3.6/3.6 MB 27.6 MB/s eta 0:00:00
Downloading pyparsing-3.1.1-py3-none-any.whl (103 kB)
   ━━━━━━━━━━━━━━━━━━━━━━━━━━━━━━━━━━━━━━━━ 103.1/103.1 kB 17.3 MB/s eta 0:00:00
Downloading pytz-2023.3.post1-py2.py3-none-any.whl (502 kB)
   ━━━━━━━━━━━━━━━━━━━━━━━━━━━━━━━━━━━━━━━━ 502.5/502.5 kB 25.9 MB/s eta 0:00:00
Installing collected packages: pytz, tzdata, six, pyparsing, pillow, packaging, numpy, kiwisolver, fonttools, cycler, python-dateutil, contourpy, pandas, matplotlib, seaborn
Successfully installed contourpy-1.2.0 cycler-0.12.1 fonttools-4.45.1 kiwisolver-1.4.5 matplotlib-3.8.2 numpy-1.26.2 packaging-23.2 pandas-2.1.3 pillow-10.1.0 pyparsing-3.1.1 python-dateutil-2.8.2 pytz-2023.3.post1 seaborn-0.12.1 six-1.16.0 tzdata-2023.3
