Collecting cymem==2.0.7
  Downloading cymem-2.0.7.tar.gz (9.9 kB)
Looking for GraalPy patches for cymem
  Installing build dependencies: started
  Installing build dependencies: finished with status 'done'
  Getting requirements to build wheel: started
  Getting requirements to build wheel: finished with status 'done'
  Installing backend dependencies: started
  Installing backend dependencies: finished with status 'done'
  Preparing metadata (pyproject.toml): started
  Preparing metadata (pyproject.toml): finished with status 'done'
Building wheels for collected packages: cymem
  Building wheel for cymem (pyproject.toml): started
  Building wheel for cymem (pyproject.toml): finished with status 'done'
  Created wheel for cymem: filename=cymem-2.0.7-graalpy310-graalpy231_310_native-linux_x86_64.whl size=37695 sha256=1055d76bb31d3c9282ccd5254b28b08fd6f0e03214f1033580e4f7de37019f6f
  Stored in directory: /workdir/.cache/pip-graalpy/wheels/6f/3e/ab/3f8fe5dd97933b9bea36155d9266bab5edbeac6e2a53c10396
Successfully built cymem
Installing collected packages: cymem
Looking for GraalPy patches for cymem
Successfully installed cymem-2.0.7
