Collecting Flask-WTF==1.0.1
  Downloading Flask_WTF-1.0.1-py3-none-any.whl (12 kB)
Collecting Flask (from Flask-WTF==1.0.1)
  Using cached flask-3.0.0-py3-none-any.whl.metadata (3.6 kB)
Collecting WTForms (from Flask-WTF==1.0.1)
  Downloading wtforms-3.1.1-py3-none-any.whl.metadata (5.3 kB)
Collecting itsdangerous (from Flask-WTF==1.0.1)
  Using cached itsdangerous-2.1.2-py3-none-any.whl (15 kB)
Collecting Werkzeug>=3.0.0 (from Flask->Flask-WTF==1.0.1)
  Using cached werkzeug-3.0.1-py3-none-any.whl.metadata (4.1 kB)
Collecting Jinja2>=3.1.2 (from Flask->Flask-WTF==1.0.1)
  Using cached Jinja2-3.1.2-py3-none-any.whl (133 kB)
Collecting click>=8.1.3 (from Flask->Flask-WTF==1.0.1)
  Using cached click-8.1.7-py3-none-any.whl.metadata (3.0 kB)
Collecting blinker>=1.6.2 (from Flask->Flask-WTF==1.0.1)
  Using cached blinker-1.7.0-py3-none-any.whl.metadata (1.9 kB)
Collecting markupsafe (from WTForms->Flask-WTF==1.0.1)
  Using cached MarkupSafe-2.1.3-cp310-cp310-manylinux_2_17_x86_64.manylinux2014_x86_64.whl.metadata (3.0 kB)
Using cached flask-3.0.0-py3-none-any.whl (99 kB)
Downloading wtforms-3.1.1-py3-none-any.whl (145 kB)
   ━━━━━━━━━━━━━━━━━━━━━━━━━━━━━━━━━━━━━━━━ 145.4/145.4 kB 5.0 MB/s eta 0:00:00
Using cached blinker-1.7.0-py3-none-any.whl (13 kB)
Using cached click-8.1.7-py3-none-any.whl (97 kB)
Using cached MarkupSafe-2.1.3-cp310-cp310-manylinux_2_17_x86_64.manylinux2014_x86_64.whl (25 kB)
Using cached werkzeug-3.0.1-py3-none-any.whl (226 kB)
Installing collected packages: markupsafe, itsdangerous, click, blinker, WTForms, Werkzeug, Jinja2, Flask, Flask-WTF
Successfully installed Flask-3.0.0 Flask-WTF-1.0.1 Jinja2-3.1.2 WTForms-3.1.1 Werkzeug-3.0.1 blinker-1.7.0 click-8.1.7 itsdangerous-2.1.2 markupsafe-2.1.3
