Collecting Flask-WTF==1.0.1
  Downloading Flask_WTF-1.0.1-py3-none-any.whl (12 kB)
Collecting Flask
  Using cached flask-3.0.0-py3-none-any.whl (99 kB)
Collecting WTForms
  Downloading wtforms-3.1.1-py3-none-any.whl (145 kB)
     ━━━━━━━━━━━━━━━━━━━━━━━━━━━━━━━━━━━━━━━ 145.4/145.4 kB 5.5 MB/s eta 0:00:00
Collecting itsdangerous
  Using cached itsdangerous-2.1.2-py3-none-any.whl (15 kB)
Collecting Werkzeug>=3.0.0
  Using cached werkzeug-3.0.1-py3-none-any.whl (226 kB)
Collecting Jinja2>=3.1.2
  Using cached Jinja2-3.1.2-py3-none-any.whl (133 kB)
Collecting click>=8.1.3
  Using cached click-8.1.7-py3-none-any.whl (97 kB)
Collecting blinker>=1.6.2
  Using cached blinker-1.7.0-py3-none-any.whl (13 kB)
Collecting markupsafe
  Using cached MarkupSafe-2.1.3-py3-none-any.whl
Installing collected packages: markupsafe, itsdangerous, click, blinker, WTForms, Werkzeug, Jinja2, Flask, Flask-WTF
Looking for GraalPy patches for MarkupSafe
Looking for GraalPy patches for itsdangerous
Looking for GraalPy patches for click
Looking for GraalPy patches for blinker
Looking for GraalPy patches for wtforms
Looking for GraalPy patches for werkzeug
Looking for GraalPy patches for Jinja2
Looking for GraalPy patches for flask
Looking for GraalPy patches for Flask_WTF
Successfully installed Flask-3.0.0 Flask-WTF-1.0.1 Jinja2-3.1.2 WTForms-3.1.1 Werkzeug-3.0.1 blinker-1.7.0 click-8.1.7 itsdangerous-2.1.2 markupsafe-2.1.3
