Collecting skl2onnx==1.13
  Downloading skl2onnx-1.13-py2.py3-none-any.whl (288 kB)
     ━━━━━━━━━━━━━━━━━━━━━━━━━━━━━━━━━━━━━━━ 288.7/288.7 kB 6.9 MB/s eta 0:00:00
Collecting numpy>=1.15 (from skl2onnx==1.13)
  Using cached numpy-1.26.2-cp310-cp310-manylinux_2_17_x86_64.manylinux2014_x86_64.whl.metadata (61 kB)
Collecting scipy>=1.0 (from skl2onnx==1.13)
  Using cached scipy-1.11.4-cp310-cp310-manylinux_2_17_x86_64.manylinux2014_x86_64.whl.metadata (60 kB)
Collecting protobuf (from skl2onnx==1.13)
  Downloading protobuf-4.25.1-cp37-abi3-manylinux2014_x86_64.whl.metadata (541 bytes)
Collecting onnx>=1.2.1 (from skl2onnx==1.13)
  Downloading onnx-1.15.0-cp310-cp310-manylinux_2_17_x86_64.manylinux2014_x86_64.whl.metadata (15 kB)
Collecting scikit-learn>=0.19 (from skl2onnx==1.13)
  Using cached scikit_learn-1.3.2-cp310-cp310-manylinux_2_17_x86_64.manylinux2014_x86_64.whl.metadata (11 kB)
  Downloading scikit_learn-1.1.1-cp310-cp310-manylinux_2_17_x86_64.manylinux2014_x86_64.whl (30.4 MB)
     ━━━━━━━━━━━━━━━━━━━━━━━━━━━━━━━━━━━━━━━━ 30.4/30.4 MB 20.7 MB/s eta 0:00:00
Collecting onnxconverter-common>=1.7.0 (from skl2onnx==1.13)
  Downloading onnxconverter_common-1.14.0-py2.py3-none-any.whl.metadata (4.2 kB)
Collecting packaging (from onnxconverter-common>=1.7.0->skl2onnx==1.13)
  Using cached packaging-23.2-py3-none-any.whl.metadata (3.2 kB)
Collecting protobuf (from skl2onnx==1.13)
  Downloading protobuf-3.20.2-cp310-cp310-manylinux_2_12_x86_64.manylinux2010_x86_64.whl (1.1 MB)
     ━━━━━━━━━━━━━━━━━━━━━━━━━━━━━━━━━━━━━━━━ 1.1/1.1 MB 25.7 MB/s eta 0:00:00
Collecting joblib>=1.0.0 (from scikit-learn>=0.19->skl2onnx==1.13)
  Using cached joblib-1.3.2-py3-none-any.whl.metadata (5.4 kB)
Collecting threadpoolctl>=2.0.0 (from scikit-learn>=0.19->skl2onnx==1.13)
  Using cached threadpoolctl-3.2.0-py3-none-any.whl.metadata (10.0 kB)
Using cached numpy-1.26.2-cp310-cp310-manylinux_2_17_x86_64.manylinux2014_x86_64.whl (18.2 MB)
Downloading onnx-1.15.0-cp310-cp310-manylinux_2_17_x86_64.manylinux2014_x86_64.whl (15.7 MB)
   ━━━━━━━━━━━━━━━━━━━━━━━━━━━━━━━━━━━━━━━━ 15.7/15.7 MB 27.0 MB/s eta 0:00:00
Downloading onnxconverter_common-1.14.0-py2.py3-none-any.whl (84 kB)
   ━━━━━━━━━━━━━━━━━━━━━━━━━━━━━━━━━━━━━━━━ 84.5/84.5 kB 16.2 MB/s eta 0:00:00
Using cached scipy-1.11.4-cp310-cp310-manylinux_2_17_x86_64.manylinux2014_x86_64.whl (36.4 MB)
Using cached joblib-1.3.2-py3-none-any.whl (302 kB)
Using cached threadpoolctl-3.2.0-py3-none-any.whl (15 kB)
Using cached packaging-23.2-py3-none-any.whl (53 kB)
Installing collected packages: threadpoolctl, protobuf, packaging, numpy, joblib, scipy, onnx, scikit-learn, onnxconverter-common, skl2onnx
Successfully installed joblib-1.3.2 numpy-1.26.2 onnx-1.15.0 onnxconverter-common-1.14.0 packaging-23.2 protobuf-3.20.2 scikit-learn-1.1.1 scipy-1.11.4 skl2onnx-1.13 threadpoolctl-3.2.0
