Collecting skl2onnx==1.13
  Downloading skl2onnx-1.13-py2.py3-none-any.whl (288 kB)
     ━━━━━━━━━━━━━━━━━━━━━━━━━━━━━━━━━━━━━━━ 288.7/288.7 kB 4.4 MB/s eta 0:00:00
Collecting numpy>=1.15
  Using cached numpy-1.23.5-graalpy310-graalpy231_310_native-linux_x86_64.whl
Collecting scipy>=1.0
  Using cached scipy-1.10.1-graalpy310-graalpy231_310_native-linux_x86_64.whl
Collecting protobuf
  Downloading protobuf-4.25.1-py3-none-any.whl (156 kB)
     ━━━━━━━━━━━━━━━━━━━━━━━━━━━━━━━━━━━━━━━ 156.5/156.5 kB 4.3 MB/s eta 0:00:00
Collecting onnx>=1.2.1
  Downloading onnx-1.15.0.tar.gz (12.3 MB)
     ━━━━━━━━━━━━━━━━━━━━━━━━━━━━━━━━━━━━━━━━ 12.3/12.3 MB 5.6 MB/s eta 0:00:00
auto-patching C API usages in /tmp/pip-install-an9hyx4t/onnx_bb9f65fdff9c49a0846ceba9029855cf/third_party/pybind11/include/pybind11/pybind11.h
auto-patching C API usages in /tmp/pip-install-an9hyx4t/onnx_bb9f65fdff9c49a0846ceba9029855cf/third_party/pybind11/include/pybind11/cast.h
auto-patching C API usages in /tmp/pip-install-an9hyx4t/onnx_bb9f65fdff9c49a0846ceba9029855cf/third_party/pybind11/include/pybind11/pytypes.h
Looking for GraalPy patches for onnx
  Installing build dependencies: started
  Installing build dependencies: finished with status 'done'
  Getting requirements to build wheel: started
  Getting requirements to build wheel: finished with status 'done'
  Installing backend dependencies: started
  Installing backend dependencies: finished with status 'done'
  Preparing metadata (pyproject.toml): started
  Preparing metadata (pyproject.toml): finished with status 'done'
Collecting scikit-learn>=0.19
  Using cached scikit_learn-1.1.3-graalpy310-graalpy231_310_native-linux_x86_64.whl
  Downloading scikit-learn-1.1.1.tar.gz (6.8 MB)
     ━━━━━━━━━━━━━━━━━━━━━━━━━━━━━━━━━━━━━━━━ 6.8/6.8 MB 5.8 MB/s eta 0:00:00
Looking for GraalPy patches for scikit-learn
We have patches to make this package work on GraalVM for some version(s).
If installing or running fails, consider using one of the versions that we have patches for:
scikit-learn == 1.1.3
  Installing build dependencies: started
  Installing build dependencies: still running...
  Installing build dependencies: finished with status 'done'
  Getting requirements to build wheel: started
  Getting requirements to build wheel: finished with status 'done'
  Preparing metadata (pyproject.toml): started
  Preparing metadata (pyproject.toml): still running...
  Preparing metadata (pyproject.toml): still running...
  Preparing metadata (pyproject.toml): still running...
  Preparing metadata (pyproject.toml): still running...
  Preparing metadata (pyproject.toml): still running...
  Preparing metadata (pyproject.toml): still running...
  Preparing metadata (pyproject.toml): still running...
  Preparing metadata (pyproject.toml): still running...
  Preparing metadata (pyproject.toml): still running...
  Preparing metadata (pyproject.toml): still running...
  Preparing metadata (pyproject.toml): finished with status 'done'
Collecting onnxconverter-common>=1.7.0
  Downloading onnxconverter_common-1.14.0-py2.py3-none-any.whl (84 kB)
     ━━━━━━━━━━━━━━━━━━━━━━━━━━━━━━━━━━━━━━━━ 84.5/84.5 kB 3.5 MB/s eta 0:00:00
Collecting packaging
  Using cached packaging-23.2-py3-none-any.whl (53 kB)
Collecting protobuf
  Downloading protobuf-3.20.2-py2.py3-none-any.whl (162 kB)
     ━━━━━━━━━━━━━━━━━━━━━━━━━━━━━━━━━━━━━━ 162.1/162.1 kB 10.6 MB/s eta 0:00:00
Collecting joblib>=1.0.0
  Using cached joblib-1.3.2-py3-none-any.whl (302 kB)
Collecting threadpoolctl>=2.0.0
  Using cached threadpoolctl-3.2.0-py3-none-any.whl (15 kB)
Building wheels for collected packages: onnx, scikit-learn
  Building wheel for onnx (pyproject.toml): started
  Building wheel for onnx (pyproject.toml): still running...
  Building wheel for onnx (pyproject.toml): finished with status 'done'
  Created wheel for onnx: filename=onnx-1.15.0-graalpy310-graalpy231_310_native-linux_x86_64.whl size=14897749 sha256=6e7eecfa986849b3b87a915cd59a39a4d647d420b0a652a4b52e3b3dee9082c9
  Stored in directory: /workdir/.cache/pip-graalpy/wheels/9b/79/a3/b05fb0b84cba813f9934ed1926e09db2d8846f552fdbadd617
  Building wheel for scikit-learn (pyproject.toml): started
  Building wheel for scikit-learn (pyproject.toml): still running...
  Building wheel for scikit-learn (pyproject.toml): finished with status 'done'
  Created wheel for scikit-learn: filename=scikit_learn-1.1.1-graalpy310-graalpy231_310_native-linux_x86_64.whl size=8139827 sha256=7ca5f2d9e8b5db2c725b3ab50a58c7998e738bfa99a9bdf596310e077b0fbedc
  Stored in directory: /workdir/.cache/pip-graalpy/wheels/51/5c/30/216cc03fd2ea61159b2e4e93ade8d65b786db9b13108eaa1a0
Successfully built onnx scikit-learn
Installing collected packages: threadpoolctl, protobuf, packaging, numpy, joblib, scipy, onnx, scikit-learn, onnxconverter-common, skl2onnx
Looking for GraalPy patches for threadpoolctl
Looking for GraalPy patches for protobuf
We have patches to make this package work on GraalVM for some version(s).
If installing or running fails, consider using one of the versions that we have patches for:
protobuf == 3.21.9
Looking for GraalPy patches for packaging
Patching package packaging using /opt/graalpy/lib/graalpy23.1/patches/packaging/packaging.patch
patching file packaging/tags.py
Hunk #1 FAILED at 4.
Hunk #2 FAILED at 37.
2 out of 2 hunks FAILED -- saving rejects to file packaging/tags.py.rej
Applying GraalPy patch failed for packaging. The package may still work.
Looking for GraalPy patches for numpy
We have patches to make this package work on GraalVM for some version(s).
If installing or running fails, consider using one of the versions that we have patches for:
numpy == 1.16.4
numpy == 1.19.5
numpy == 1.21.6
numpy == 1.22.4
numpy == 1.23.4
numpy == 1.23.1
numpy == 1.23.5
Looking for GraalPy patches for joblib
Looking for GraalPy patches for scipy
We have patches to make this package work on GraalVM for some version(s).
If installing or running fails, consider using one of the versions that we have patches for:
scipy == 1.4.1
scipy == 1.7.3
scipy == 1.8.1
scipy == 1.9.3
scipy == 1.10.1
Looking for GraalPy patches for onnx
Looking for GraalPy patches for scikit_learn
We have patches to make this package work on GraalVM for some version(s).
If installing or running fails, consider using one of the versions that we have patches for:
scikit_learn == 1.1.3
Looking for GraalPy patches for onnxconverter_common
Looking for GraalPy patches for skl2onnx
Successfully installed joblib-1.3.2 numpy-1.23.5 onnx-1.15.0 onnxconverter-common-1.14.0 packaging-23.2 protobuf-3.20.2 scikit-learn-1.1.1 scipy-1.10.1 skl2onnx-1.13 threadpoolctl-3.2.0
