Collecting requests-cache==0.9.7
  Downloading requests_cache-0.9.7-py3-none-any.whl (48 kB)
     ━━━━━━━━━━━━━━━━━━━━━━━━━━━━━━━━━━━━━━━━ 48.5/48.5 kB 1.3 MB/s eta 0:00:00
Collecting appdirs>=1.4.4 (from requests-cache==0.9.7)
  Downloading appdirs-1.4.4-py2.py3-none-any.whl (9.6 kB)
Collecting attrs>=21.2 (from requests-cache==0.9.7)
  Using cached attrs-23.1.0-py3-none-any.whl (61 kB)
Collecting cattrs>=22.2 (from requests-cache==0.9.7)
  Downloading cattrs-23.2.2-py3-none-any.whl.metadata (10 kB)
Collecting requests>=2.22 (from requests-cache==0.9.7)
  Using cached requests-2.31.0-py3-none-any.whl.metadata (4.6 kB)
Collecting url-normalize>=1.4 (from requests-cache==0.9.7)
  Downloading url_normalize-1.4.3-py2.py3-none-any.whl (6.8 kB)
Collecting urllib3>=1.25.5 (from requests-cache==0.9.7)
  Using cached urllib3-2.1.0-py3-none-any.whl.metadata (6.4 kB)
Collecting exceptiongroup>=1.1.1 (from cattrs>=22.2->requests-cache==0.9.7)
  Using cached exceptiongroup-1.2.0-py3-none-any.whl.metadata (6.6 kB)
Collecting typing-extensions!=4.6.3,>=4.1.0 (from cattrs>=22.2->requests-cache==0.9.7)
  Using cached typing_extensions-4.8.0-py3-none-any.whl.metadata (3.0 kB)
Collecting charset-normalizer<4,>=2 (from requests>=2.22->requests-cache==0.9.7)
  Using cached charset_normalizer-3.3.2-cp310-cp310-manylinux_2_17_x86_64.manylinux2014_x86_64.whl.metadata (33 kB)
Collecting idna<4,>=2.5 (from requests>=2.22->requests-cache==0.9.7)
  Using cached idna-3.6-py3-none-any.whl.metadata (9.9 kB)
Collecting certifi>=2017.4.17 (from requests>=2.22->requests-cache==0.9.7)
  Using cached certifi-2023.11.17-py3-none-any.whl.metadata (2.2 kB)
Collecting six (from url-normalize>=1.4->requests-cache==0.9.7)
  Using cached six-1.16.0-py2.py3-none-any.whl (11 kB)
Downloading cattrs-23.2.2-py3-none-any.whl (57 kB)
   ━━━━━━━━━━━━━━━━━━━━━━━━━━━━━━━━━━━━━━━━ 57.5/57.5 kB 8.6 MB/s eta 0:00:00
Using cached requests-2.31.0-py3-none-any.whl (62 kB)
Using cached urllib3-2.1.0-py3-none-any.whl (104 kB)
Using cached certifi-2023.11.17-py3-none-any.whl (162 kB)
Using cached charset_normalizer-3.3.2-cp310-cp310-manylinux_2_17_x86_64.manylinux2014_x86_64.whl (142 kB)
Using cached exceptiongroup-1.2.0-py3-none-any.whl (16 kB)
Using cached idna-3.6-py3-none-any.whl (61 kB)
Using cached typing_extensions-4.8.0-py3-none-any.whl (31 kB)
Installing collected packages: appdirs, urllib3, typing-extensions, six, idna, exceptiongroup, charset-normalizer, certifi, attrs, url-normalize, requests, cattrs, requests-cache
Successfully installed appdirs-1.4.4 attrs-23.1.0 cattrs-23.2.2 certifi-2023.11.17 charset-normalizer-3.3.2 exceptiongroup-1.2.0 idna-3.6 requests-2.31.0 requests-cache-0.9.7 six-1.16.0 typing-extensions-4.8.0 url-normalize-1.4.3 urllib3-2.1.0
