Collecting requests-cache==0.9.7
  Downloading requests_cache-0.9.7-py3-none-any.whl (48 kB)
     ━━━━━━━━━━━━━━━━━━━━━━━━━━━━━━━━━━━━━━━━ 48.5/48.5 kB 1.8 MB/s eta 0:00:00
Collecting appdirs>=1.4.4
  Downloading appdirs-1.4.4-py2.py3-none-any.whl (9.6 kB)
Collecting attrs>=21.2
  Using cached attrs-23.1.0-py3-none-any.whl (61 kB)
Collecting cattrs>=22.2
  Downloading cattrs-23.2.2-py3-none-any.whl (57 kB)
     ━━━━━━━━━━━━━━━━━━━━━━━━━━━━━━━━━━━━━━━━ 57.5/57.5 kB 2.1 MB/s eta 0:00:00
Collecting requests>=2.22
  Using cached requests-2.31.0-py3-none-any.whl (62 kB)
Collecting url-normalize>=1.4
  Downloading url_normalize-1.4.3-py2.py3-none-any.whl (6.8 kB)
Collecting urllib3>=1.25.5
  Using cached urllib3-2.1.0-py3-none-any.whl (104 kB)
Collecting exceptiongroup>=1.1.1
  Using cached exceptiongroup-1.2.0-py3-none-any.whl (16 kB)
Collecting typing-extensions!=4.6.3,>=4.1.0
  Using cached typing_extensions-4.8.0-py3-none-any.whl (31 kB)
Collecting charset-normalizer<4,>=2
  Using cached charset_normalizer-3.1.0-py3-none-any.whl (46 kB)
Collecting idna<4,>=2.5
  Using cached idna-3.6-py3-none-any.whl (61 kB)
Collecting certifi>=2017.4.17
  Using cached certifi-2023.11.17-py3-none-any.whl (162 kB)
Collecting six
  Using cached six-1.16.0-py2.py3-none-any.whl (11 kB)
Installing collected packages: appdirs, urllib3, typing-extensions, six, idna, exceptiongroup, charset-normalizer, certifi, attrs, url-normalize, requests, cattrs, requests-cache
Looking for GraalPy patches for appdirs
Looking for GraalPy patches for urllib3
Looking for GraalPy patches for typing_extensions
Looking for GraalPy patches for six
Looking for GraalPy patches for idna
Looking for GraalPy patches for exceptiongroup
Looking for GraalPy patches for charset_normalizer
Patching package charset_normalizer using /opt/graalpy/lib/graalpy23.1/patches/charset_normalizer/charset_normalizer-3.1.0.patch
patching file charset_normalizer/utils.py
Hunk #1 succeeded at 7 with fuzz 2 (offset -4 lines).
Hunk #2 succeeded at 258 with fuzz 2 (offset 11 lines).
Looking for GraalPy patches for certifi
Looking for GraalPy patches for attrs
Looking for GraalPy patches for url_normalize
Looking for GraalPy patches for requests
Looking for GraalPy patches for cattrs
Looking for GraalPy patches for requests_cache
Successfully installed appdirs-1.4.4 attrs-23.1.0 cattrs-23.2.2 certifi-2023.11.17 charset-normalizer-3.1.0 exceptiongroup-1.2.0 idna-3.6 requests-2.31.0 requests-cache-0.9.7 six-1.16.0 typing-extensions-4.8.0 url-normalize-1.4.3 urllib3-2.1.0
