Collecting dataclasses-json==0.5.7
  Downloading dataclasses_json-0.5.7-py3-none-any.whl (25 kB)
Collecting marshmallow<4.0.0,>=3.3.0 (from dataclasses-json==0.5.7)
  Downloading marshmallow-3.20.1-py3-none-any.whl.metadata (7.8 kB)
Collecting marshmallow-enum<2.0.0,>=1.5.1 (from dataclasses-json==0.5.7)
  Downloading marshmallow_enum-1.5.1-py2.py3-none-any.whl (4.2 kB)
Collecting typing-inspect>=0.4.0 (from dataclasses-json==0.5.7)
  Downloading typing_inspect-0.9.0-py3-none-any.whl.metadata (1.5 kB)
Collecting packaging>=17.0 (from marshmallow<4.0.0,>=3.3.0->dataclasses-json==0.5.7)
  Using cached packaging-23.2-py3-none-any.whl.metadata (3.2 kB)
Collecting mypy-extensions>=0.3.0 (from typing-inspect>=0.4.0->dataclasses-json==0.5.7)
  Using cached mypy_extensions-1.0.0-py3-none-any.whl (4.7 kB)
Collecting typing-extensions>=3.7.4 (from typing-inspect>=0.4.0->dataclasses-json==0.5.7)
  Using cached typing_extensions-4.8.0-py3-none-any.whl.metadata (3.0 kB)
Downloading marshmallow-3.20.1-py3-none-any.whl (49 kB)
   ━━━━━━━━━━━━━━━━━━━━━━━━━━━━━━━━━━━━━━━━ 49.4/49.4 kB 6.0 MB/s eta 0:00:00
Downloading typing_inspect-0.9.0-py3-none-any.whl (8.8 kB)
Using cached packaging-23.2-py3-none-any.whl (53 kB)
Using cached typing_extensions-4.8.0-py3-none-any.whl (31 kB)
Installing collected packages: typing-extensions, packaging, mypy-extensions, typing-inspect, marshmallow, marshmallow-enum, dataclasses-json
Successfully installed dataclasses-json-0.5.7 marshmallow-3.20.1 marshmallow-enum-1.5.1 mypy-extensions-1.0.0 packaging-23.2 typing-extensions-4.8.0 typing-inspect-0.9.0
