Collecting dataclasses-json==0.5.7
  Downloading dataclasses_json-0.5.7-py3-none-any.whl (25 kB)
Collecting marshmallow<4.0.0,>=3.3.0
  Downloading marshmallow-3.20.1-py3-none-any.whl (49 kB)
     ━━━━━━━━━━━━━━━━━━━━━━━━━━━━━━━━━━━━━━━ 49.4/49.4 kB 808.9 kB/s eta 0:00:00
Collecting marshmallow-enum<2.0.0,>=1.5.1
  Downloading marshmallow_enum-1.5.1-py2.py3-none-any.whl (4.2 kB)
Collecting typing-inspect>=0.4.0
  Downloading typing_inspect-0.9.0-py3-none-any.whl (8.8 kB)
Collecting packaging>=17.0
  Using cached packaging-23.2-py3-none-any.whl (53 kB)
Collecting mypy-extensions>=0.3.0
  Using cached mypy_extensions-1.0.0-py3-none-any.whl (4.7 kB)
Collecting typing-extensions>=3.7.4
  Using cached typing_extensions-4.8.0-py3-none-any.whl (31 kB)
Installing collected packages: typing-extensions, packaging, mypy-extensions, typing-inspect, marshmallow, marshmallow-enum, dataclasses-json
Looking for GraalPy patches for typing_extensions
Looking for GraalPy patches for packaging
Patching package packaging using /opt/graalpy/lib/graalpy23.1/patches/packaging/packaging.patch
patching file packaging/tags.py
Hunk #1 FAILED at 4.
Hunk #2 FAILED at 37.
2 out of 2 hunks FAILED -- saving rejects to file packaging/tags.py.rej
Applying GraalPy patch failed for packaging. The package may still work.
Looking for GraalPy patches for mypy_extensions
Looking for GraalPy patches for typing_inspect
Looking for GraalPy patches for marshmallow
Looking for GraalPy patches for marshmallow_enum
Looking for GraalPy patches for dataclasses_json
Successfully installed dataclasses-json-0.5.7 marshmallow-3.20.1 marshmallow-enum-1.5.1 mypy-extensions-1.0.0 packaging-23.2 typing-extensions-4.8.0 typing-inspect-0.9.0
