Collecting azure-identity==1.12.0
  Downloading azure_identity-1.12.0-py3-none-any.whl (135 kB)
     ━━━━━━━━━━━━━━━━━━━━━━━━━━━━━━━━━━━━━━━ 135.5/135.5 kB 4.4 MB/s eta 0:00:00
Collecting azure-core<2.0.0,>=1.11.0 (from azure-identity==1.12.0)
  Downloading azure_core-1.29.5-py3-none-any.whl.metadata (36 kB)
Collecting cryptography>=2.5 (from azure-identity==1.12.0)
  Using cached cryptography-41.0.5-cp37-abi3-manylinux_2_28_x86_64.whl.metadata (5.2 kB)
Collecting msal<2.0.0,>=1.12.0 (from azure-identity==1.12.0)
  Downloading msal-1.25.0-py2.py3-none-any.whl.metadata (11 kB)
Collecting msal-extensions<2.0.0,>=0.3.0 (from azure-identity==1.12.0)
  Downloading msal_extensions-1.0.0-py2.py3-none-any.whl (19 kB)
Collecting six>=1.12.0 (from azure-identity==1.12.0)
  Using cached six-1.16.0-py2.py3-none-any.whl (11 kB)
Collecting requests>=2.18.4 (from azure-core<2.0.0,>=1.11.0->azure-identity==1.12.0)
  Using cached requests-2.31.0-py3-none-any.whl.metadata (4.6 kB)
Collecting typing-extensions>=4.6.0 (from azure-core<2.0.0,>=1.11.0->azure-identity==1.12.0)
  Using cached typing_extensions-4.8.0-py3-none-any.whl.metadata (3.0 kB)
Collecting cffi>=1.12 (from cryptography>=2.5->azure-identity==1.12.0)
  Using cached cffi-1.16.0-cp310-cp310-manylinux_2_17_x86_64.manylinux2014_x86_64.whl.metadata (1.5 kB)
Collecting PyJWT<3,>=1.0.0 (from PyJWT[crypto]<3,>=1.0.0->msal<2.0.0,>=1.12.0->azure-identity==1.12.0)
  Using cached PyJWT-2.8.0-py3-none-any.whl.metadata (4.2 kB)
Collecting portalocker<3,>=1.0 (from msal-extensions<2.0.0,>=0.3.0->azure-identity==1.12.0)
  Downloading portalocker-2.8.2-py3-none-any.whl.metadata (8.5 kB)
Collecting pycparser (from cffi>=1.12->cryptography>=2.5->azure-identity==1.12.0)
  Using cached pycparser-2.21-py2.py3-none-any.whl (118 kB)
Collecting charset-normalizer<4,>=2 (from requests>=2.18.4->azure-core<2.0.0,>=1.11.0->azure-identity==1.12.0)
  Using cached charset_normalizer-3.3.2-cp310-cp310-manylinux_2_17_x86_64.manylinux2014_x86_64.whl.metadata (33 kB)
Collecting idna<4,>=2.5 (from requests>=2.18.4->azure-core<2.0.0,>=1.11.0->azure-identity==1.12.0)
  Using cached idna-3.4-py3-none-any.whl (61 kB)
Collecting urllib3<3,>=1.21.1 (from requests>=2.18.4->azure-core<2.0.0,>=1.11.0->azure-identity==1.12.0)
  Using cached urllib3-2.1.0-py3-none-any.whl.metadata (6.4 kB)
Collecting certifi>=2017.4.17 (from requests>=2.18.4->azure-core<2.0.0,>=1.11.0->azure-identity==1.12.0)
  Using cached certifi-2023.11.17-py3-none-any.whl.metadata (2.2 kB)
Downloading azure_core-1.29.5-py3-none-any.whl (192 kB)
   ━━━━━━━━━━━━━━━━━━━━━━━━━━━━━━━━━━━━━━━━ 192.4/192.4 kB 9.7 MB/s eta 0:00:00
Using cached cryptography-41.0.5-cp37-abi3-manylinux_2_28_x86_64.whl (4.4 MB)
Downloading msal-1.25.0-py2.py3-none-any.whl (97 kB)
   ━━━━━━━━━━━━━━━━━━━━━━━━━━━━━━━━━━━━━━━━ 97.7/97.7 kB 9.8 MB/s eta 0:00:00
Using cached cffi-1.16.0-cp310-cp310-manylinux_2_17_x86_64.manylinux2014_x86_64.whl (443 kB)
Downloading portalocker-2.8.2-py3-none-any.whl (17 kB)
Using cached PyJWT-2.8.0-py3-none-any.whl (22 kB)
Using cached requests-2.31.0-py3-none-any.whl (62 kB)
Using cached typing_extensions-4.8.0-py3-none-any.whl (31 kB)
Using cached certifi-2023.11.17-py3-none-any.whl (162 kB)
Using cached charset_normalizer-3.3.2-cp310-cp310-manylinux_2_17_x86_64.manylinux2014_x86_64.whl (142 kB)
Using cached urllib3-2.1.0-py3-none-any.whl (104 kB)
Installing collected packages: urllib3, typing-extensions, six, PyJWT, pycparser, portalocker, idna, charset-normalizer, certifi, requests, cffi, cryptography, azure-core, msal, msal-extensions, azure-identity
Successfully installed PyJWT-2.8.0 azure-core-1.29.5 azure-identity-1.12.0 certifi-2023.11.17 cffi-1.16.0 charset-normalizer-3.3.2 cryptography-41.0.5 idna-3.4 msal-1.25.0 msal-extensions-1.0.0 portalocker-2.8.2 pycparser-2.21 requests-2.31.0 six-1.16.0 typing-extensions-4.8.0 urllib3-2.1.0
