Collecting datasets==2.10.0
  Downloading datasets-2.10.0-py3-none-any.whl (469 kB)
     ━━━━━━━━━━━━━━━━━━━━━━━━━━━━━━━━━━━━━━ 469.0/469.0 kB 10.7 MB/s eta 0:00:00
Collecting numpy>=1.17 (from datasets==2.10.0)
  Using cached numpy-1.26.2-cp310-cp310-manylinux_2_17_x86_64.manylinux2014_x86_64.whl.metadata (61 kB)
Collecting pyarrow>=6.0.0 (from datasets==2.10.0)
  Downloading pyarrow-14.0.1-cp310-cp310-manylinux_2_28_x86_64.whl.metadata (3.0 kB)
Collecting dill<0.3.7,>=0.3.0 (from datasets==2.10.0)
  Downloading dill-0.3.6-py3-none-any.whl (110 kB)
     ━━━━━━━━━━━━━━━━━━━━━━━━━━━━━━━━━━━━━━ 110.5/110.5 kB 15.1 MB/s eta 0:00:00
Collecting pandas (from datasets==2.10.0)
  Using cached pandas-2.1.3-cp310-cp310-manylinux_2_17_x86_64.manylinux2014_x86_64.whl.metadata (18 kB)
Collecting requests>=2.19.0 (from datasets==2.10.0)
  Using cached requests-2.31.0-py3-none-any.whl.metadata (4.6 kB)
Collecting tqdm>=4.62.1 (from datasets==2.10.0)
  Using cached tqdm-4.66.1-py3-none-any.whl.metadata (57 kB)
Collecting xxhash (from datasets==2.10.0)
  Downloading xxhash-3.4.1-cp310-cp310-manylinux_2_17_x86_64.manylinux2014_x86_64.whl.metadata (12 kB)
Collecting multiprocess (from datasets==2.10.0)
  Downloading multiprocess-0.70.15-py310-none-any.whl.metadata (7.2 kB)
Collecting fsspec>=2021.11.1 (from fsspec[http]>=2021.11.1->datasets==2.10.0)
  Using cached fsspec-2023.10.0-py3-none-any.whl.metadata (6.8 kB)
Collecting aiohttp (from datasets==2.10.0)
  Using cached aiohttp-3.9.0-cp310-cp310-manylinux_2_17_x86_64.manylinux2014_x86_64.whl.metadata (7.4 kB)
Collecting huggingface-hub<1.0.0,>=0.2.0 (from datasets==2.10.0)
  Downloading huggingface_hub-0.19.4-py3-none-any.whl.metadata (14 kB)
Collecting packaging (from datasets==2.10.0)
  Using cached packaging-23.2-py3-none-any.whl.metadata (3.2 kB)
Collecting responses<0.19 (from datasets==2.10.0)
  Downloading responses-0.18.0-py3-none-any.whl (38 kB)
Collecting pyyaml>=5.1 (from datasets==2.10.0)
  Using cached PyYAML-6.0.1-cp310-cp310-manylinux_2_17_x86_64.manylinux2014_x86_64.whl.metadata (2.1 kB)
Collecting attrs>=17.3.0 (from aiohttp->datasets==2.10.0)
  Using cached attrs-23.1.0-py3-none-any.whl (61 kB)
Collecting multidict<7.0,>=4.5 (from aiohttp->datasets==2.10.0)
  Using cached multidict-6.0.4-cp310-cp310-manylinux_2_17_x86_64.manylinux2014_x86_64.whl (114 kB)
Collecting yarl<2.0,>=1.0 (from aiohttp->datasets==2.10.0)
  Using cached yarl-1.9.3-cp310-cp310-manylinux_2_17_x86_64.manylinux2014_x86_64.whl.metadata (28 kB)
Collecting frozenlist>=1.1.1 (from aiohttp->datasets==2.10.0)
  Downloading frozenlist-1.4.0-cp310-cp310-manylinux_2_5_x86_64.manylinux1_x86_64.manylinux_2_17_x86_64.manylinux2014_x86_64.whl.metadata (5.2 kB)
Collecting aiosignal>=1.1.2 (from aiohttp->datasets==2.10.0)
  Downloading aiosignal-1.3.1-py3-none-any.whl (7.6 kB)
Collecting async-timeout<5.0,>=4.0 (from aiohttp->datasets==2.10.0)
  Using cached async_timeout-4.0.3-py3-none-any.whl.metadata (4.2 kB)
Collecting filelock (from huggingface-hub<1.0.0,>=0.2.0->datasets==2.10.0)
  Using cached filelock-3.13.1-py3-none-any.whl.metadata (2.8 kB)
Collecting typing-extensions>=3.7.4.3 (from huggingface-hub<1.0.0,>=0.2.0->datasets==2.10.0)
  Using cached typing_extensions-4.8.0-py3-none-any.whl.metadata (3.0 kB)
Collecting charset-normalizer<4,>=2 (from requests>=2.19.0->datasets==2.10.0)
  Using cached charset_normalizer-3.3.2-cp310-cp310-manylinux_2_17_x86_64.manylinux2014_x86_64.whl.metadata (33 kB)
Collecting idna<4,>=2.5 (from requests>=2.19.0->datasets==2.10.0)
  Using cached idna-3.4-py3-none-any.whl (61 kB)
Collecting urllib3<3,>=1.21.1 (from requests>=2.19.0->datasets==2.10.0)
  Using cached urllib3-2.1.0-py3-none-any.whl.metadata (6.4 kB)
Collecting certifi>=2017.4.17 (from requests>=2.19.0->datasets==2.10.0)
  Using cached certifi-2023.11.17-py3-none-any.whl.metadata (2.2 kB)
INFO: pip is looking at multiple versions of multiprocess to determine which version is compatible with other requirements. This could take a while.
Collecting multiprocess (from datasets==2.10.0)
  Downloading multiprocess-0.70.14-py310-none-any.whl (134 kB)
     ━━━━━━━━━━━━━━━━━━━━━━━━━━━━━━━━━━━━━━ 134.3/134.3 kB 10.5 MB/s eta 0:00:00
Collecting python-dateutil>=2.8.2 (from pandas->datasets==2.10.0)
  Using cached python_dateutil-2.8.2-py2.py3-none-any.whl (247 kB)
Collecting pytz>=2020.1 (from pandas->datasets==2.10.0)
  Using cached pytz-2023.3.post1-py2.py3-none-any.whl.metadata (22 kB)
Collecting tzdata>=2022.1 (from pandas->datasets==2.10.0)
  Using cached tzdata-2023.3-py2.py3-none-any.whl (341 kB)
Collecting six>=1.5 (from python-dateutil>=2.8.2->pandas->datasets==2.10.0)
  Using cached six-1.16.0-py2.py3-none-any.whl (11 kB)
Using cached fsspec-2023.10.0-py3-none-any.whl (166 kB)
Downloading aiohttp-3.9.0-cp310-cp310-manylinux_2_17_x86_64.manylinux2014_x86_64.whl (1.2 MB)
   ━━━━━━━━━━━━━━━━━━━━━━━━━━━━━━━━━━━━━━━━ 1.2/1.2 MB 24.5 MB/s eta 0:00:00
Downloading huggingface_hub-0.19.4-py3-none-any.whl (311 kB)
   ━━━━━━━━━━━━━━━━━━━━━━━━━━━━━━━━━━━━━━━━ 311.7/311.7 kB 16.4 MB/s eta 0:00:00
Using cached numpy-1.26.2-cp310-cp310-manylinux_2_17_x86_64.manylinux2014_x86_64.whl (18.2 MB)
Using cached packaging-23.2-py3-none-any.whl (53 kB)
Downloading pyarrow-14.0.1-cp310-cp310-manylinux_2_28_x86_64.whl (38.0 MB)
   ━━━━━━━━━━━━━━━━━━━━━━━━━━━━━━━━━━━━━━━━ 38.0/38.0 MB 27.8 MB/s eta 0:00:00
Using cached PyYAML-6.0.1-cp310-cp310-manylinux_2_17_x86_64.manylinux2014_x86_64.whl (705 kB)
Using cached requests-2.31.0-py3-none-any.whl (62 kB)
Using cached tqdm-4.66.1-py3-none-any.whl (78 kB)
Using cached pandas-2.1.3-cp310-cp310-manylinux_2_17_x86_64.manylinux2014_x86_64.whl (12.3 MB)
Downloading xxhash-3.4.1-cp310-cp310-manylinux_2_17_x86_64.manylinux2014_x86_64.whl (194 kB)
   ━━━━━━━━━━━━━━━━━━━━━━━━━━━━━━━━━━━━━━━━ 194.1/194.1 kB 23.1 MB/s eta 0:00:00
Using cached async_timeout-4.0.3-py3-none-any.whl (5.7 kB)
Using cached certifi-2023.11.17-py3-none-any.whl (162 kB)
Using cached charset_normalizer-3.3.2-cp310-cp310-manylinux_2_17_x86_64.manylinux2014_x86_64.whl (142 kB)
Downloading frozenlist-1.4.0-cp310-cp310-manylinux_2_5_x86_64.manylinux1_x86_64.manylinux_2_17_x86_64.manylinux2014_x86_64.whl (225 kB)
   ━━━━━━━━━━━━━━━━━━━━━━━━━━━━━━━━━━━━━━━━ 225.7/225.7 kB 23.3 MB/s eta 0:00:00
Using cached pytz-2023.3.post1-py2.py3-none-any.whl (502 kB)
Using cached typing_extensions-4.8.0-py3-none-any.whl (31 kB)
Using cached urllib3-2.1.0-py3-none-any.whl (104 kB)
Using cached yarl-1.9.3-cp310-cp310-manylinux_2_17_x86_64.manylinux2014_x86_64.whl (300 kB)
Using cached filelock-3.13.1-py3-none-any.whl (11 kB)
Installing collected packages: pytz, xxhash, urllib3, tzdata, typing-extensions, tqdm, six, pyyaml, packaging, numpy, multidict, idna, fsspec, frozenlist, filelock, dill, charset-normalizer, certifi, attrs, async-timeout, yarl, requests, python-dateutil, pyarrow, multiprocess, aiosignal, responses, pandas, huggingface-hub, aiohttp, datasets
Successfully installed aiohttp-3.9.0 aiosignal-1.3.1 async-timeout-4.0.3 attrs-23.1.0 certifi-2023.11.17 charset-normalizer-3.3.2 datasets-2.10.0 dill-0.3.6 filelock-3.13.1 frozenlist-1.4.0 fsspec-2023.10.0 huggingface-hub-0.19.4 idna-3.4 multidict-6.0.4 multiprocess-0.70.14 numpy-1.26.2 packaging-23.2 pandas-2.1.3 pyarrow-14.0.1 python-dateutil-2.8.2 pytz-2023.3.post1 pyyaml-6.0.1 requests-2.31.0 responses-0.18.0 six-1.16.0 tqdm-4.66.1 typing-extensions-4.8.0 tzdata-2023.3 urllib3-2.1.0 xxhash-3.4.1 yarl-1.9.3
