Collecting nibabel==4.0.2
  Downloading nibabel-4.0.2-py3-none-any.whl (3.3 MB)
     ━━━━━━━━━━━━━━━━━━━━━━━━━━━━━━━━━━━━━━━━ 3.3/3.3 MB 3.8 MB/s eta 0:00:00
Collecting numpy>=1.17
  Using cached numpy-1.23.5-graalpy310-graalpy231_310_native-linux_x86_64.whl
Collecting packaging>=17.0
  Using cached packaging-23.2-py3-none-any.whl (53 kB)
Requirement already satisfied: setuptools in ./install-virtualenv/lib/python3.10/site-packages (from nibabel==4.0.2) (63.2.0)
Installing collected packages: packaging, numpy, nibabel
Looking for GraalPy patches for packaging
Patching package packaging using /opt/graalpy/lib/graalpy23.1/patches/packaging/packaging.patch
patching file packaging/tags.py
Hunk #1 FAILED at 4.
Hunk #2 FAILED at 37.
2 out of 2 hunks FAILED -- saving rejects to file packaging/tags.py.rej
Applying GraalPy patch failed for packaging. The package may still work.
Looking for GraalPy patches for numpy
We have patches to make this package work on GraalVM for some version(s).
If installing or running fails, consider using one of the versions that we have patches for:
numpy == 1.16.4
numpy == 1.19.5
numpy == 1.21.6
numpy == 1.22.4
numpy == 1.23.4
numpy == 1.23.1
numpy == 1.23.5
Looking for GraalPy patches for nibabel
Successfully installed nibabel-4.0.2 numpy-1.23.5 packaging-23.2
