Collecting geopandas==0.12.1
  Downloading geopandas-0.12.1-py3-none-any.whl (1.1 MB)
     ━━━━━━━━━━━━━━━━━━━━━━━━━━━━━━━━━━━━━━━━ 1.1/1.1 MB 10.4 MB/s eta 0:00:00
Collecting pandas>=1.0.0 (from geopandas==0.12.1)
  Using cached pandas-2.1.3-cp310-cp310-manylinux_2_17_x86_64.manylinux2014_x86_64.whl.metadata (18 kB)
Collecting shapely>=1.7 (from geopandas==0.12.1)
  Downloading shapely-2.0.2-cp310-cp310-manylinux_2_17_x86_64.manylinux2014_x86_64.whl.metadata (7.0 kB)
Collecting fiona>=1.8 (from geopandas==0.12.1)
  Downloading fiona-1.9.5-cp310-cp310-manylinux2014_x86_64.whl.metadata (49 kB)
     ━━━━━━━━━━━━━━━━━━━━━━━━━━━━━━━━━━━━━━━━ 49.7/49.7 kB 8.4 MB/s eta 0:00:00
Collecting pyproj>=2.6.1.post1 (from geopandas==0.12.1)
  Downloading pyproj-3.6.1-cp310-cp310-manylinux_2_17_x86_64.manylinux2014_x86_64.whl.metadata (31 kB)
Collecting packaging (from geopandas==0.12.1)
  Using cached packaging-23.2-py3-none-any.whl.metadata (3.2 kB)
Collecting attrs>=19.2.0 (from fiona>=1.8->geopandas==0.12.1)
  Using cached attrs-23.1.0-py3-none-any.whl (61 kB)
Collecting certifi (from fiona>=1.8->geopandas==0.12.1)
  Using cached certifi-2023.11.17-py3-none-any.whl.metadata (2.2 kB)
Collecting click~=8.0 (from fiona>=1.8->geopandas==0.12.1)
  Using cached click-8.1.7-py3-none-any.whl.metadata (3.0 kB)
Collecting click-plugins>=1.0 (from fiona>=1.8->geopandas==0.12.1)
  Using cached click_plugins-1.1.1-py2.py3-none-any.whl (7.5 kB)
Collecting cligj>=0.5 (from fiona>=1.8->geopandas==0.12.1)
  Using cached cligj-0.7.2-py3-none-any.whl (7.1 kB)
Collecting six (from fiona>=1.8->geopandas==0.12.1)
  Using cached six-1.16.0-py2.py3-none-any.whl (11 kB)
Requirement already satisfied: setuptools in ./install-virtualenv/lib/python3.10/site-packages (from fiona>=1.8->geopandas==0.12.1) (68.2.2)
Collecting numpy<2,>=1.22.4 (from pandas>=1.0.0->geopandas==0.12.1)
  Using cached numpy-1.26.2-cp310-cp310-manylinux_2_17_x86_64.manylinux2014_x86_64.whl.metadata (61 kB)
Collecting python-dateutil>=2.8.2 (from pandas>=1.0.0->geopandas==0.12.1)
  Using cached python_dateutil-2.8.2-py2.py3-none-any.whl (247 kB)
Collecting pytz>=2020.1 (from pandas>=1.0.0->geopandas==0.12.1)
  Using cached pytz-2023.3.post1-py2.py3-none-any.whl.metadata (22 kB)
Collecting tzdata>=2022.1 (from pandas>=1.0.0->geopandas==0.12.1)
  Using cached tzdata-2023.3-py2.py3-none-any.whl (341 kB)
Downloading fiona-1.9.5-cp310-cp310-manylinux2014_x86_64.whl (15.7 MB)
   ━━━━━━━━━━━━━━━━━━━━━━━━━━━━━━━━━━━━━━━━ 15.7/15.7 MB 28.1 MB/s eta 0:00:00
Using cached pandas-2.1.3-cp310-cp310-manylinux_2_17_x86_64.manylinux2014_x86_64.whl (12.3 MB)
Downloading pyproj-3.6.1-cp310-cp310-manylinux_2_17_x86_64.manylinux2014_x86_64.whl (8.3 MB)
   ━━━━━━━━━━━━━━━━━━━━━━━━━━━━━━━━━━━━━━━━ 8.3/8.3 MB 29.9 MB/s eta 0:00:00
Downloading shapely-2.0.2-cp310-cp310-manylinux_2_17_x86_64.manylinux2014_x86_64.whl (2.5 MB)
   ━━━━━━━━━━━━━━━━━━━━━━━━━━━━━━━━━━━━━━━━ 2.5/2.5 MB 34.0 MB/s eta 0:00:00
Using cached packaging-23.2-py3-none-any.whl (53 kB)
Using cached click-8.1.7-py3-none-any.whl (97 kB)
Using cached numpy-1.26.2-cp310-cp310-manylinux_2_17_x86_64.manylinux2014_x86_64.whl (18.2 MB)
Using cached pytz-2023.3.post1-py2.py3-none-any.whl (502 kB)
Using cached certifi-2023.11.17-py3-none-any.whl (162 kB)
Installing collected packages: pytz, tzdata, six, packaging, numpy, click, certifi, attrs, shapely, python-dateutil, pyproj, cligj, click-plugins, pandas, fiona, geopandas
Successfully installed attrs-23.1.0 certifi-2023.11.17 click-8.1.7 click-plugins-1.1.1 cligj-0.7.2 fiona-1.9.5 geopandas-0.12.1 numpy-1.26.2 packaging-23.2 pandas-2.1.3 pyproj-3.6.1 python-dateutil-2.8.2 pytz-2023.3.post1 shapely-2.0.2 six-1.16.0 tzdata-2023.3
