Collecting geopandas==0.12.1
  Downloading geopandas-0.12.1-py3-none-any.whl (1.1 MB)
     ━━━━━━━━━━━━━━━━━━━━━━━━━━━━━━━━━━━━━━━━ 1.1/1.1 MB 7.3 MB/s eta 0:00:00
Collecting pandas>=1.0.0
  Using cached pandas-1.5.2-graalpy310-graalpy231_310_native-linux_x86_64.whl
Collecting shapely>=1.7
  Downloading shapely-2.0.2.tar.gz (279 kB)
     ━━━━━━━━━━━━━━━━━━━━━━━━━━━━━━━━━━━━━━━ 279.7/279.7 kB 5.4 MB/s eta 0:00:00
auto-patching C API usages in /tmp/pip-install-lw8nt4v0/shapely_a396ccb62c0b47f8990f6f6ddcdff962/src/pygeom.c
Looking for GraalPy patches for shapely
  Installing build dependencies: started
  Installing build dependencies: finished with status 'done'
  Getting requirements to build wheel: started
  Getting requirements to build wheel: finished with status 'done'
  Installing backend dependencies: started
  Installing backend dependencies: finished with status 'done'
  Preparing metadata (pyproject.toml): started
  Preparing metadata (pyproject.toml): finished with status 'done'
Collecting fiona>=1.8
  Downloading fiona-1.9.5.tar.gz (409 kB)
     ━━━━━━━━━━━━━━━━━━━━━━━━━━━━━━━━━━━━━━━ 409.3/409.3 kB 6.6 MB/s eta 0:00:00
Looking for GraalPy patches for fiona
  Installing build dependencies: started
  Installing build dependencies: finished with status 'done'
  Getting requirements to build wheel: started
  Getting requirements to build wheel: still running...
  Getting requirements to build wheel: finished with status 'done'
  Preparing metadata (pyproject.toml): started
  Preparing metadata (pyproject.toml): finished with status 'done'
Collecting pyproj>=2.6.1.post1
  Downloading pyproj-3.6.1.tar.gz (225 kB)
     ━━━━━━━━━━━━━━━━━━━━━━━━━━━━━━━━━━━━━━━ 225.1/225.1 kB 7.3 MB/s eta 0:00:00
Looking for GraalPy patches for pyproj
  Installing build dependencies: started
  Installing build dependencies: finished with status 'done'
  Getting requirements to build wheel: started
  Getting requirements to build wheel: still running...
  Getting requirements to build wheel: finished with status 'done'
  Preparing metadata (pyproject.toml): started
  Preparing metadata (pyproject.toml): finished with status 'done'
Collecting packaging
  Using cached packaging-23.2-py3-none-any.whl (53 kB)
Collecting attrs>=19.2.0
  Using cached attrs-23.1.0-py3-none-any.whl (61 kB)
Collecting certifi
  Using cached certifi-2023.11.17-py3-none-any.whl (162 kB)
Collecting click~=8.0
  Using cached click-8.1.7-py3-none-any.whl (97 kB)
Collecting click-plugins>=1.0
  Using cached click_plugins-1.1.1-py2.py3-none-any.whl (7.5 kB)
Collecting cligj>=0.5
  Using cached cligj-0.7.2-py3-none-any.whl (7.1 kB)
Collecting six
  Using cached six-1.16.0-py2.py3-none-any.whl (11 kB)
Requirement already satisfied: setuptools in ./install-virtualenv/lib/python3.10/site-packages (from fiona>=1.8->geopandas==0.12.1) (63.2.0)
Collecting python-dateutil>=2.8.1
  Using cached python_dateutil-2.8.2-py2.py3-none-any.whl (247 kB)
Collecting pytz>=2020.1
  Using cached pytz-2022.2.1-py2.py3-none-any.whl (500 kB)
Collecting numpy>=1.21.0
  Using cached numpy-1.23.5-graalpy310-graalpy231_310_native-linux_x86_64.whl
Building wheels for collected packages: fiona, pyproj, shapely
  Building wheel for fiona (pyproject.toml): started
  Building wheel for fiona (pyproject.toml): finished with status 'done'
  Created wheel for fiona: filename=fiona-1.9.5-graalpy310-graalpy231_310_native-linux_x86_64.whl size=739021 sha256=eac42a2aa124a0495e92f5df20d4d0d47d47b92766f93c587673fec8aca29cb5
  Stored in directory: /workdir/.cache/pip-graalpy/wheels/eb/57/78/13f7e85ed917a7a8c3b97ab2f8e0f2cb878bec9505c4ff3b72
  Building wheel for pyproj (pyproject.toml): started
  Building wheel for pyproj (pyproject.toml): finished with status 'done'
  Created wheel for pyproj: filename=pyproj-3.6.1-graalpy310-graalpy231_310_native-linux_x86_64.whl size=612857 sha256=eb0d7db9c0956b5a8cc08d8b37b38f13c7559ec0f8b6bf953ff7af13ea22985c
  Stored in directory: /workdir/.cache/pip-graalpy/wheels/a9/92/ef/deab7ce44fea3a4733e356e275aad53d27e6881a501715d57d
  Building wheel for shapely (pyproject.toml): started
  Building wheel for shapely (pyproject.toml): finished with status 'done'
  Created wheel for shapely: filename=shapely-2.0.2-graalpy310-graalpy231_310_native-linux_x86_64.whl size=385000 sha256=cf34659a00c7ed07a237a69c9ee2f2b5841d8cb565943b3330361a67ae20931b
  Stored in directory: /workdir/.cache/pip-graalpy/wheels/55/d0/16/495b9bbd1cd2ea1ce97209d9c33811bfade172f17c63ad9639
Successfully built fiona pyproj shapely
Installing collected packages: pytz, six, packaging, numpy, click, certifi, attrs, shapely, python-dateutil, pyproj, cligj, click-plugins, pandas, fiona, geopandas
Looking for GraalPy patches for pytz
Patching package pytz using /opt/graalpy/lib/graalpy23.1/patches/pytz/pytz-2022.2.1.patch
Looking for GraalPy patches for six
Looking for GraalPy patches for packaging
Patching package packaging using /opt/graalpy/lib/graalpy23.1/patches/packaging/packaging.patch
patching file packaging/tags.py
Hunk #1 FAILED at 4.
Hunk #2 FAILED at 37.
2 out of 2 hunks FAILED -- saving rejects to file packaging/tags.py.rej
Applying GraalPy patch failed for packaging. The package may still work.
Looking for GraalPy patches for numpy
We have patches to make this package work on GraalVM for some version(s).
If installing or running fails, consider using one of the versions that we have patches for:
numpy == 1.16.4
numpy == 1.19.5
numpy == 1.21.6
numpy == 1.22.4
numpy == 1.23.4
numpy == 1.23.1
numpy == 1.23.5
Looking for GraalPy patches for click
Looking for GraalPy patches for certifi
Looking for GraalPy patches for attrs
Looking for GraalPy patches for shapely
Looking for GraalPy patches for python_dateutil
Looking for GraalPy patches for pyproj
Looking for GraalPy patches for cligj
Looking for GraalPy patches for click_plugins
Looking for GraalPy patches for pandas
We have patches to make this package work on GraalVM for some version(s).
If installing or running fails, consider using one of the versions that we have patches for:
pandas == 1.4.3
pandas == 1.5.2
Looking for GraalPy patches for fiona
Looking for GraalPy patches for geopandas
Successfully installed attrs-23.1.0 certifi-2023.11.17 click-8.1.7 click-plugins-1.1.1 cligj-0.7.2 fiona-1.9.5 geopandas-0.12.1 numpy-1.23.5 packaging-23.2 pandas-1.5.2 pyproj-3.6.1 python-dateutil-2.8.2 pytz-2022.2.1 shapely-2.0.2 six-1.16.0
