Collecting hypothesis==6.60.0
  Downloading hypothesis-6.60.0-py3-none-any.whl (398 kB)
     ━━━━━━━━━━━━━━━━━━━━━━━━━━━━━━━━━━━━━━━ 398.0/398.0 kB 5.4 MB/s eta 0:00:00
Collecting attrs>=19.2.0
  Using cached attrs-23.1.0-py3-none-any.whl (61 kB)
Collecting sortedcontainers<3.0.0,>=2.1.0
  Using cached sortedcontainers-2.4.0-py2.py3-none-any.whl (29 kB)
Collecting exceptiongroup>=1.0.0
  Using cached exceptiongroup-1.2.0-py3-none-any.whl (16 kB)
Installing collected packages: sortedcontainers, exceptiongroup, attrs, hypothesis
Looking for GraalPy patches for sortedcontainers
Looking for GraalPy patches for exceptiongroup
Looking for GraalPy patches for attrs
Looking for GraalPy patches for hypothesis
Patching package hypothesis using /opt/graalpy/lib/graalpy23.1/patches/hypothesis/hypothesis-6.patch
patching file hypothesis/internal/compat.py
Hunk #1 succeeded at 68 (offset -26 lines).
patching file hypothesis/internal/entropy.py
Hunk #1 succeeded at 19 with fuzz 1.
Successfully installed attrs-23.1.0 exceptiongroup-1.2.0 hypothesis-6.60.0 sortedcontainers-2.4.0
