Collecting mkdocstrings==0.19.0
  Downloading mkdocstrings-0.19.0-py3-none-any.whl (25 kB)
Collecting Jinja2>=2.11.1 (from mkdocstrings==0.19.0)
  Using cached Jinja2-3.1.2-py3-none-any.whl (133 kB)
Collecting Markdown>=3.3 (from mkdocstrings==0.19.0)
  Using cached Markdown-3.5.1-py3-none-any.whl.metadata (7.1 kB)
Collecting MarkupSafe>=1.1 (from mkdocstrings==0.19.0)
  Using cached MarkupSafe-2.1.3-cp310-cp310-manylinux_2_17_x86_64.manylinux2014_x86_64.whl.metadata (3.0 kB)
Collecting mkdocs-autorefs>=0.3.1 (from mkdocstrings==0.19.0)
  Downloading mkdocs_autorefs-0.5.0-py3-none-any.whl.metadata (4.0 kB)
Collecting mkdocs>=1.2 (from mkdocstrings==0.19.0)
  Using cached mkdocs-1.5.3-py3-none-any.whl.metadata (6.2 kB)
Collecting pymdown-extensions>=6.3 (from mkdocstrings==0.19.0)
  Using cached pymdown_extensions-10.4-py3-none-any.whl.metadata (3.2 kB)
Collecting click>=7.0 (from mkdocs>=1.2->mkdocstrings==0.19.0)
  Using cached click-8.1.7-py3-none-any.whl.metadata (3.0 kB)
Collecting ghp-import>=1.0 (from mkdocs>=1.2->mkdocstrings==0.19.0)
  Using cached ghp_import-2.1.0-py3-none-any.whl (11 kB)
Collecting mergedeep>=1.3.4 (from mkdocs>=1.2->mkdocstrings==0.19.0)
  Using cached mergedeep-1.3.4-py3-none-any.whl (6.4 kB)
Collecting packaging>=20.5 (from mkdocs>=1.2->mkdocstrings==0.19.0)
  Using cached packaging-23.2-py3-none-any.whl.metadata (3.2 kB)
Collecting pathspec>=0.11.1 (from mkdocs>=1.2->mkdocstrings==0.19.0)
  Using cached pathspec-0.11.2-py3-none-any.whl.metadata (19 kB)
Collecting platformdirs>=2.2.0 (from mkdocs>=1.2->mkdocstrings==0.19.0)
  Using cached platformdirs-4.0.0-py3-none-any.whl.metadata (11 kB)
Collecting pyyaml-env-tag>=0.1 (from mkdocs>=1.2->mkdocstrings==0.19.0)
  Using cached pyyaml_env_tag-0.1-py3-none-any.whl (3.9 kB)
Collecting pyyaml>=5.1 (from mkdocs>=1.2->mkdocstrings==0.19.0)
  Using cached PyYAML-6.0.1-cp310-cp310-manylinux_2_17_x86_64.manylinux2014_x86_64.whl.metadata (2.1 kB)
Collecting watchdog>=2.0 (from mkdocs>=1.2->mkdocstrings==0.19.0)
  Using cached watchdog-3.0.0-py3-none-manylinux2014_x86_64.whl (82 kB)
Collecting python-dateutil>=2.8.1 (from ghp-import>=1.0->mkdocs>=1.2->mkdocstrings==0.19.0)
  Using cached python_dateutil-2.8.2-py2.py3-none-any.whl (247 kB)
Collecting six>=1.5 (from python-dateutil>=2.8.1->ghp-import>=1.0->mkdocs>=1.2->mkdocstrings==0.19.0)
  Using cached six-1.16.0-py2.py3-none-any.whl (11 kB)
Using cached Markdown-3.5.1-py3-none-any.whl (102 kB)
Using cached MarkupSafe-2.1.3-cp310-cp310-manylinux_2_17_x86_64.manylinux2014_x86_64.whl (25 kB)
Using cached mkdocs-1.5.3-py3-none-any.whl (3.7 MB)
Downloading mkdocs_autorefs-0.5.0-py3-none-any.whl (9.6 kB)
Using cached pymdown_extensions-10.4-py3-none-any.whl (240 kB)
Using cached click-8.1.7-py3-none-any.whl (97 kB)
Using cached packaging-23.2-py3-none-any.whl (53 kB)
Using cached pathspec-0.11.2-py3-none-any.whl (29 kB)
Using cached platformdirs-4.0.0-py3-none-any.whl (17 kB)
Using cached PyYAML-6.0.1-cp310-cp310-manylinux_2_17_x86_64.manylinux2014_x86_64.whl (705 kB)
Installing collected packages: watchdog, six, pyyaml, platformdirs, pathspec, packaging, mergedeep, MarkupSafe, Markdown, click, pyyaml-env-tag, python-dateutil, pymdown-extensions, Jinja2, ghp-import, mkdocs, mkdocs-autorefs, mkdocstrings
Successfully installed Jinja2-3.1.2 Markdown-3.5.1 MarkupSafe-2.1.3 click-8.1.7 ghp-import-2.1.0 mergedeep-1.3.4 mkdocs-1.5.3 mkdocs-autorefs-0.5.0 mkdocstrings-0.19.0 packaging-23.2 pathspec-0.11.2 platformdirs-4.0.0 pymdown-extensions-10.4 python-dateutil-2.8.2 pyyaml-6.0.1 pyyaml-env-tag-0.1 six-1.16.0 watchdog-3.0.0
