Collecting mkdocstrings==0.19.0
  Downloading mkdocstrings-0.19.0-py3-none-any.whl (25 kB)
Collecting Jinja2>=2.11.1
  Using cached Jinja2-3.1.2-py3-none-any.whl (133 kB)
Collecting Markdown>=3.3
  Downloading Markdown-3.5.1-py3-none-any.whl (102 kB)
     ━━━━━━━━━━━━━━━━━━━━━━━━━━━━━━━━━━━━━━━ 102.2/102.2 kB 3.8 MB/s eta 0:00:00
Collecting MarkupSafe>=1.1
  Using cached MarkupSafe-2.1.3-py3-none-any.whl
Collecting mkdocs-autorefs>=0.3.1
  Downloading mkdocs_autorefs-0.5.0-py3-none-any.whl (9.6 kB)
Collecting mkdocs>=1.2
  Downloading mkdocs-1.5.3-py3-none-any.whl (3.7 MB)
     ━━━━━━━━━━━━━━━━━━━━━━━━━━━━━━━━━━━━━━━━ 3.7/3.7 MB 7.9 MB/s eta 0:00:00
Collecting pymdown-extensions>=6.3
  Using cached pymdown_extensions-10.4-py3-none-any.whl (240 kB)
Collecting click>=7.0
  Using cached click-8.1.7-py3-none-any.whl (97 kB)
Collecting ghp-import>=1.0
  Using cached ghp_import-2.1.0-py3-none-any.whl (11 kB)
Collecting mergedeep>=1.3.4
  Using cached mergedeep-1.3.4-py3-none-any.whl (6.4 kB)
Collecting packaging>=20.5
  Using cached packaging-23.2-py3-none-any.whl (53 kB)
Collecting pathspec>=0.11.1
  Using cached pathspec-0.11.2-py3-none-any.whl (29 kB)
Collecting platformdirs>=2.2.0
  Using cached platformdirs-4.0.0-py3-none-any.whl (17 kB)
Collecting pyyaml-env-tag>=0.1
  Using cached pyyaml_env_tag-0.1-py3-none-any.whl (3.9 kB)
Collecting pyyaml>=5.1
  Using cached PyYAML-6.0.1-py3-none-any.whl
Collecting watchdog>=2.0
  Using cached watchdog-3.0.0-py3-none-manylinux2014_x86_64.whl (82 kB)
Collecting python-dateutil>=2.8.1
  Using cached python_dateutil-2.8.2-py2.py3-none-any.whl (247 kB)
Collecting six>=1.5
  Using cached six-1.16.0-py2.py3-none-any.whl (11 kB)
Installing collected packages: watchdog, six, pyyaml, platformdirs, pathspec, packaging, mergedeep, MarkupSafe, Markdown, click, pyyaml-env-tag, python-dateutil, pymdown-extensions, Jinja2, ghp-import, mkdocs, mkdocs-autorefs, mkdocstrings
Looking for GraalPy patches for watchdog
Looking for GraalPy patches for six
Looking for GraalPy patches for PyYAML
Looking for GraalPy patches for platformdirs
Looking for GraalPy patches for pathspec
Looking for GraalPy patches for packaging
Patching package packaging using /opt/graalpy/lib/graalpy23.1/patches/packaging/packaging.patch
patching file packaging/tags.py
Hunk #1 FAILED at 4.
Hunk #2 FAILED at 37.
2 out of 2 hunks FAILED -- saving rejects to file packaging/tags.py.rej
Applying GraalPy patch failed for packaging. The package may still work.
Looking for GraalPy patches for mergedeep
Looking for GraalPy patches for MarkupSafe
Looking for GraalPy patches for Markdown
Looking for GraalPy patches for click
Looking for GraalPy patches for pyyaml_env_tag
Looking for GraalPy patches for python_dateutil
Looking for GraalPy patches for pymdown_extensions
Looking for GraalPy patches for Jinja2
Looking for GraalPy patches for ghp_import
Looking for GraalPy patches for mkdocs
Looking for GraalPy patches for mkdocs_autorefs
Looking for GraalPy patches for mkdocstrings
Successfully installed Jinja2-3.1.2 Markdown-3.5.1 MarkupSafe-2.1.3 click-8.1.7 ghp-import-2.1.0 mergedeep-1.3.4 mkdocs-1.5.3 mkdocs-autorefs-0.5.0 mkdocstrings-0.19.0 packaging-23.2 pathspec-0.11.2 platformdirs-4.0.0 pymdown-extensions-10.4 python-dateutil-2.8.2 pyyaml-6.0.1 pyyaml-env-tag-0.1 six-1.16.0 watchdog-3.0.0
