Collecting umap-learn==0.5.3
  Downloading umap-learn-0.5.3.tar.gz (88 kB)
     ━━━━━━━━━━━━━━━━━━━━━━━━━━━━━━━━━━━━━━━━ 88.2/88.2 kB 1.9 MB/s eta 0:00:00
  Preparing metadata (setup.py): started
  Preparing metadata (setup.py): finished with status 'done'
Collecting numpy>=1.17 (from umap-learn==0.5.3)
  Using cached numpy-1.26.2-cp310-cp310-manylinux_2_17_x86_64.manylinux2014_x86_64.whl.metadata (61 kB)
Collecting scikit-learn>=0.22 (from umap-learn==0.5.3)
  Using cached scikit_learn-1.3.2-cp310-cp310-manylinux_2_17_x86_64.manylinux2014_x86_64.whl.metadata (11 kB)
Collecting scipy>=1.0 (from umap-learn==0.5.3)
  Using cached scipy-1.11.4-cp310-cp310-manylinux_2_17_x86_64.manylinux2014_x86_64.whl.metadata (60 kB)
Collecting numba>=0.49 (from umap-learn==0.5.3)
  Using cached numba-0.58.1-cp310-cp310-manylinux2014_x86_64.manylinux_2_17_x86_64.whl.metadata (2.7 kB)
Collecting pynndescent>=0.5 (from umap-learn==0.5.3)
  Downloading pynndescent-0.5.11-py3-none-any.whl.metadata (6.8 kB)
Collecting tqdm (from umap-learn==0.5.3)
  Using cached tqdm-4.66.1-py3-none-any.whl.metadata (57 kB)
Collecting llvmlite<0.42,>=0.41.0dev0 (from numba>=0.49->umap-learn==0.5.3)
  Using cached llvmlite-0.41.1-cp310-cp310-manylinux_2_17_x86_64.manylinux2014_x86_64.whl.metadata (4.8 kB)
Collecting joblib>=0.11 (from pynndescent>=0.5->umap-learn==0.5.3)
  Using cached joblib-1.3.2-py3-none-any.whl.metadata (5.4 kB)
Collecting threadpoolctl>=2.0.0 (from scikit-learn>=0.22->umap-learn==0.5.3)
  Using cached threadpoolctl-3.2.0-py3-none-any.whl.metadata (10.0 kB)
Using cached numba-0.58.1-cp310-cp310-manylinux2014_x86_64.manylinux_2_17_x86_64.whl (3.6 MB)
Using cached numpy-1.26.2-cp310-cp310-manylinux_2_17_x86_64.manylinux2014_x86_64.whl (18.2 MB)
Downloading pynndescent-0.5.11-py3-none-any.whl (55 kB)
   ━━━━━━━━━━━━━━━━━━━━━━━━━━━━━━━━━━━━━━━━ 55.8/55.8 kB 2.5 MB/s eta 0:00:00
Using cached scikit_learn-1.3.2-cp310-cp310-manylinux_2_17_x86_64.manylinux2014_x86_64.whl (10.8 MB)
Using cached scipy-1.11.4-cp310-cp310-manylinux_2_17_x86_64.manylinux2014_x86_64.whl (36.4 MB)
Using cached tqdm-4.66.1-py3-none-any.whl (78 kB)
Using cached joblib-1.3.2-py3-none-any.whl (302 kB)
Using cached llvmlite-0.41.1-cp310-cp310-manylinux_2_17_x86_64.manylinux2014_x86_64.whl (43.6 MB)
Using cached threadpoolctl-3.2.0-py3-none-any.whl (15 kB)
Building wheels for collected packages: umap-learn
  Building wheel for umap-learn (setup.py): started
  Building wheel for umap-learn (setup.py): finished with status 'done'
  Created wheel for umap-learn: filename=umap_learn-0.5.3-py3-none-any.whl size=82807 sha256=53252174855aeafdba440ce2603b8d44e54c4eab5d0135cadad3e4b0c9316303
  Stored in directory: /workdir/.cache/pip/wheels/a0/e8/c6/a37ea663620bd5200ea1ba0907ab3c217042c1d035ef606acc
Successfully built umap-learn
Installing collected packages: tqdm, threadpoolctl, numpy, llvmlite, joblib, scipy, numba, scikit-learn, pynndescent, umap-learn
Collecting umap-learn==0.5.3
  Using cached umap_learn-0.5.3-py3-none-any.whl
Collecting numpy>=1.17 (from umap-learn==0.5.3)
  Using cached numpy-1.26.2-cp310-cp310-manylinux_2_17_x86_64.manylinux2014_x86_64.whl.metadata (61 kB)
Collecting scikit-learn>=0.22 (from umap-learn==0.5.3)
  Using cached scikit_learn-1.3.2-cp310-cp310-manylinux_2_17_x86_64.manylinux2014_x86_64.whl.metadata (11 kB)
Collecting scipy>=1.0 (from umap-learn==0.5.3)
  Using cached scipy-1.11.4-cp310-cp310-manylinux_2_17_x86_64.manylinux2014_x86_64.whl.metadata (60 kB)
Collecting numba>=0.49 (from umap-learn==0.5.3)
  Using cached numba-0.58.1-cp310-cp310-manylinux2014_x86_64.manylinux_2_17_x86_64.whl.metadata (2.7 kB)
Collecting pynndescent>=0.5 (from umap-learn==0.5.3)
  Using cached pynndescent-0.5.11-py3-none-any.whl.metadata (6.8 kB)
Collecting tqdm (from umap-learn==0.5.3)
  Using cached tqdm-4.66.1-py3-none-any.whl.metadata (57 kB)
Collecting llvmlite<0.42,>=0.41.0dev0 (from numba>=0.49->umap-learn==0.5.3)
  Using cached llvmlite-0.41.1-cp310-cp310-manylinux_2_17_x86_64.manylinux2014_x86_64.whl.metadata (4.8 kB)
Collecting joblib>=0.11 (from pynndescent>=0.5->umap-learn==0.5.3)
  Using cached joblib-1.3.2-py3-none-any.whl.metadata (5.4 kB)
Collecting threadpoolctl>=2.0.0 (from scikit-learn>=0.22->umap-learn==0.5.3)
  Using cached threadpoolctl-3.2.0-py3-none-any.whl.metadata (10.0 kB)
Using cached numba-0.58.1-cp310-cp310-manylinux2014_x86_64.manylinux_2_17_x86_64.whl (3.6 MB)
Using cached numpy-1.26.2-cp310-cp310-manylinux_2_17_x86_64.manylinux2014_x86_64.whl (18.2 MB)
Using cached pynndescent-0.5.11-py3-none-any.whl (55 kB)
Using cached scikit_learn-1.3.2-cp310-cp310-manylinux_2_17_x86_64.manylinux2014_x86_64.whl (10.8 MB)
Using cached scipy-1.11.4-cp310-cp310-manylinux_2_17_x86_64.manylinux2014_x86_64.whl (36.4 MB)
Using cached tqdm-4.66.1-py3-none-any.whl (78 kB)
Using cached joblib-1.3.2-py3-none-any.whl (302 kB)
Using cached llvmlite-0.41.1-cp310-cp310-manylinux_2_17_x86_64.manylinux2014_x86_64.whl (43.6 MB)
Using cached threadpoolctl-3.2.0-py3-none-any.whl (15 kB)
Installing collected packages: tqdm, threadpoolctl, numpy, llvmlite, joblib, scipy, numba, scikit-learn, pynndescent, umap-learn
Successfully installed joblib-1.3.2 llvmlite-0.41.1 numba-0.58.1 numpy-1.26.2 pynndescent-0.5.11 scikit-learn-1.3.2 scipy-1.11.4 threadpoolctl-3.2.0 tqdm-4.66.1 umap-learn-0.5.3
