Collecting Fiona==1.9.1
  Downloading Fiona-1.9.1-cp310-cp310-manylinux_2_17_x86_64.manylinux2014_x86_64.whl (16.0 MB)
     ━━━━━━━━━━━━━━━━━━━━━━━━━━━━━━━━━━━━━━━━ 16.0/16.0 MB 10.1 MB/s eta 0:00:00
Collecting attrs>=19.2.0 (from Fiona==1.9.1)
  Downloading attrs-23.1.0-py3-none-any.whl (61 kB)
     ━━━━━━━━━━━━━━━━━━━━━━━━━━━━━━━━━━━━━━━━ 61.2/61.2 kB 10.2 MB/s eta 0:00:00
Collecting certifi (from Fiona==1.9.1)
  Downloading certifi-2023.11.17-py3-none-any.whl.metadata (2.2 kB)
Collecting click~=8.0 (from Fiona==1.9.1)
  Downloading click-8.1.7-py3-none-any.whl.metadata (3.0 kB)
Collecting click-plugins>=1.0 (from Fiona==1.9.1)
  Downloading click_plugins-1.1.1-py2.py3-none-any.whl (7.5 kB)
Collecting cligj>=0.5 (from Fiona==1.9.1)
  Downloading cligj-0.7.2-py3-none-any.whl (7.1 kB)
Collecting munch>=2.3.2 (from Fiona==1.9.1)
  Downloading munch-4.0.0-py2.py3-none-any.whl.metadata (5.9 kB)
Requirement already satisfied: setuptools in ./install-virtualenv/lib/python3.10/site-packages (from Fiona==1.9.1) (68.2.2)
Downloading click-8.1.7-py3-none-any.whl (97 kB)
   ━━━━━━━━━━━━━━━━━━━━━━━━━━━━━━━━━━━━━━━━ 97.9/97.9 kB 12.9 MB/s eta 0:00:00
Downloading munch-4.0.0-py2.py3-none-any.whl (9.9 kB)
Downloading certifi-2023.11.17-py3-none-any.whl (162 kB)
   ━━━━━━━━━━━━━━━━━━━━━━━━━━━━━━━━━━━━━━━━ 162.5/162.5 kB 14.8 MB/s eta 0:00:00
Installing collected packages: munch, click, certifi, attrs, cligj, click-plugins, Fiona
Successfully installed Fiona-1.9.1 attrs-23.1.0 certifi-2023.11.17 click-8.1.7 click-plugins-1.1.1 cligj-0.7.2 munch-4.0.0
