Collecting Fiona==1.9.1
  Downloading Fiona-1.9.1.tar.gz (870 kB)
     ━━━━━━━━━━━━━━━━━━━━━━━━━━━━━━━━━━━━━━━ 870.9/870.9 kB 8.3 MB/s eta 0:00:00
Looking for GraalPy patches for Fiona
  Installing build dependencies: started
  Installing build dependencies: finished with status 'done'
  Getting requirements to build wheel: started
  Getting requirements to build wheel: still running...
  Getting requirements to build wheel: finished with status 'done'
  Installing backend dependencies: started
  Installing backend dependencies: finished with status 'done'
  Preparing metadata (pyproject.toml): started
  Preparing metadata (pyproject.toml): finished with status 'done'
Collecting attrs>=19.2.0
  Downloading attrs-23.1.0-py3-none-any.whl (61 kB)
     ━━━━━━━━━━━━━━━━━━━━━━━━━━━━━━━━━━━━━━━━ 61.2/61.2 kB 3.3 MB/s eta 0:00:00
Collecting certifi
  Using cached certifi-2023.11.17-py3-none-any.whl (162 kB)
Collecting click~=8.0
  Downloading click-8.1.7-py3-none-any.whl (97 kB)
     ━━━━━━━━━━━━━━━━━━━━━━━━━━━━━━━━━━━━━━━━ 97.9/97.9 kB 4.1 MB/s eta 0:00:00
Collecting click-plugins>=1.0
  Downloading click_plugins-1.1.1-py2.py3-none-any.whl (7.5 kB)
Collecting cligj>=0.5
  Downloading cligj-0.7.2-py3-none-any.whl (7.1 kB)
Collecting munch>=2.3.2
  Downloading munch-4.0.0-py2.py3-none-any.whl (9.9 kB)
Requirement already satisfied: setuptools in ./install-virtualenv/lib/python3.10/site-packages (from Fiona==1.9.1) (63.2.0)
Building wheels for collected packages: Fiona
  Building wheel for Fiona (pyproject.toml): started
  Building wheel for Fiona (pyproject.toml): finished with status 'done'
  Created wheel for Fiona: filename=Fiona-1.9.1-graalpy310-graalpy231_310_native-linux_x86_64.whl size=643337 sha256=2e6405c1d31a746c60c80986ba0efa6d5edf9666d6c642ae3602490a0671a8ae
  Stored in directory: /workdir/.cache/pip-graalpy/wheels/bc/fb/02/7a858b8130cbe07b551dbad70aa2fd45d074eb447d08a4fe67
Successfully built Fiona
Installing collected packages: munch, click, certifi, attrs, cligj, click-plugins, Fiona
Looking for GraalPy patches for munch
Looking for GraalPy patches for click
Looking for GraalPy patches for certifi
Looking for GraalPy patches for attrs
Looking for GraalPy patches for cligj
Looking for GraalPy patches for click_plugins
Looking for GraalPy patches for Fiona
Successfully installed Fiona-1.9.1 attrs-23.1.0 certifi-2023.11.17 click-8.1.7 click-plugins-1.1.1 cligj-0.7.2 munch-4.0.0
