Collecting pyOpenSSL==22.1.0
  Downloading pyOpenSSL-22.1.0-py3-none-any.whl (57 kB)
     ━━━━━━━━━━━━━━━━━━━━━━━━━━━━━━━━━━━━━━━ 57.0/57.0 kB 584.9 kB/s eta 0:00:00
Collecting cryptography<39,>=38.0.0
  Downloading cryptography-38.0.4.tar.gz (599 kB)
     ━━━━━━━━━━━━━━━━━━━━━━━━━━━━━━━━━━━━━━━ 599.8/599.8 kB 6.4 MB/s eta 0:00:00
Looking for GraalPy patches for cryptography
We have patches to make this package work on GraalVM for some version(s).
If installing or running fails, consider using one of the versions that we have patches for:
cryptography == 3.4.7
  Installing build dependencies: started
  Installing build dependencies: finished with status 'done'
  Getting requirements to build wheel: started
  Getting requirements to build wheel: finished with status 'done'
  Preparing metadata (pyproject.toml): started
  Preparing metadata (pyproject.toml): finished with status 'done'
Collecting cffi>=1.12
  Using cached cffi-1.15.1-graalpy310-graalpy231_310_native-linux_x86_64.whl
Collecting pycparser
  Using cached pycparser-2.21-py2.py3-none-any.whl (118 kB)
Building wheels for collected packages: cryptography
  Building wheel for cryptography (pyproject.toml): started
  Building wheel for cryptography (pyproject.toml): still running...
  Building wheel for cryptography (pyproject.toml): finished with status 'error'
  error: subprocess-exited-with-error
  
  × Building wheel for cryptography (pyproject.toml) did not run successfully.
  │ exit code: 1
  ╰─> [708 lines of output]
      running bdist_wheel
      running build
      running build_py
      creating build
      creating build/lib.linux-x86_64-3.10
      creating build/lib.linux-x86_64-3.10/cryptography
      copying src/cryptography/fernet.py -> build/lib.linux-x86_64-3.10/cryptography
      copying src/cryptography/__init__.py -> build/lib.linux-x86_64-3.10/cryptography
      copying src/cryptography/exceptions.py -> build/lib.linux-x86_64-3.10/cryptography
      copying src/cryptography/utils.py -> build/lib.linux-x86_64-3.10/cryptography
      copying src/cryptography/__about__.py -> build/lib.linux-x86_64-3.10/cryptography
      creating build/lib.linux-x86_64-3.10/cryptography/x509
      copying src/cryptography/x509/name.py -> build/lib.linux-x86_64-3.10/cryptography/x509
      copying src/cryptography/x509/__init__.py -> build/lib.linux-x86_64-3.10/cryptography/x509
      copying src/cryptography/x509/general_name.py -> build/lib.linux-x86_64-3.10/cryptography/x509
      copying src/cryptography/x509/base.py -> build/lib.linux-x86_64-3.10/cryptography/x509
      copying src/cryptography/x509/extensions.py -> build/lib.linux-x86_64-3.10/cryptography/x509
      copying src/cryptography/x509/oid.py -> build/lib.linux-x86_64-3.10/cryptography/x509
      copying src/cryptography/x509/ocsp.py -> build/lib.linux-x86_64-3.10/cryptography/x509
      copying src/cryptography/x509/certificate_transparency.py -> build/lib.linux-x86_64-3.10/cryptography/x509
      creating build/lib.linux-x86_64-3.10/cryptography/hazmat
      copying src/cryptography/hazmat/__init__.py -> build/lib.linux-x86_64-3.10/cryptography/hazmat
      copying src/cryptography/hazmat/_oid.py -> build/lib.linux-x86_64-3.10/cryptography/hazmat
      creating build/lib.linux-x86_64-3.10/cryptography/hazmat/primitives
      copying src/cryptography/hazmat/primitives/constant_time.py -> build/lib.linux-x86_64-3.10/cryptography/hazmat/primitives
      copying src/cryptography/hazmat/primitives/__init__.py -> build/lib.linux-x86_64-3.10/cryptography/hazmat/primitives
      copying src/cryptography/hazmat/primitives/_cipheralgorithm.py -> build/lib.linux-x86_64-3.10/cryptography/hazmat/primitives
      copying src/cryptography/hazmat/primitives/keywrap.py -> build/lib.linux-x86_64-3.10/cryptography/hazmat/primitives
      copying src/cryptography/hazmat/primitives/poly1305.py -> build/lib.linux-x86_64-3.10/cryptography/hazmat/primitives
      copying src/cryptography/hazmat/primitives/cmac.py -> build/lib.linux-x86_64-3.10/cryptography/hazmat/primitives
      copying src/cryptography/hazmat/primitives/hashes.py -> build/lib.linux-x86_64-3.10/cryptography/hazmat/primitives
      copying src/cryptography/hazmat/primitives/hmac.py -> build/lib.linux-x86_64-3.10/cryptography/hazmat/primitives
      copying src/cryptography/hazmat/primitives/_asymmetric.py -> build/lib.linux-x86_64-3.10/cryptography/hazmat/primitives
      copying src/cryptography/hazmat/primitives/_serialization.py -> build/lib.linux-x86_64-3.10/cryptography/hazmat/primitives
      copying src/cryptography/hazmat/primitives/padding.py -> build/lib.linux-x86_64-3.10/cryptography/hazmat/primitives
      creating build/lib.linux-x86_64-3.10/cryptography/hazmat/backends
      copying src/cryptography/hazmat/backends/__init__.py -> build/lib.linux-x86_64-3.10/cryptography/hazmat/backends
      creating build/lib.linux-x86_64-3.10/cryptography/hazmat/bindings
      copying src/cryptography/hazmat/bindings/__init__.py -> build/lib.linux-x86_64-3.10/cryptography/hazmat/bindings
      creating build/lib.linux-x86_64-3.10/cryptography/hazmat/primitives/serialization
      copying src/cryptography/hazmat/primitives/serialization/__init__.py -> build/lib.linux-x86_64-3.10/cryptography/hazmat/primitives/serialization
      copying src/cryptography/hazmat/primitives/serialization/base.py -> build/lib.linux-x86_64-3.10/cryptography/hazmat/primitives/serialization
      copying src/cryptography/hazmat/primitives/serialization/pkcs7.py -> build/lib.linux-x86_64-3.10/cryptography/hazmat/primitives/serialization
      copying src/cryptography/hazmat/primitives/serialization/ssh.py -> build/lib.linux-x86_64-3.10/cryptography/hazmat/primitives/serialization
      copying src/cryptography/hazmat/primitives/serialization/pkcs12.py -> build/lib.linux-x86_64-3.10/cryptography/hazmat/primitives/serialization
      creating build/lib.linux-x86_64-3.10/cryptography/hazmat/primitives/ciphers
      copying src/cryptography/hazmat/primitives/ciphers/__init__.py -> build/lib.linux-x86_64-3.10/cryptography/hazmat/primitives/ciphers
      copying src/cryptography/hazmat/primitives/ciphers/base.py -> build/lib.linux-x86_64-3.10/cryptography/hazmat/primitives/ciphers
      copying src/cryptography/hazmat/primitives/ciphers/algorithms.py -> build/lib.linux-x86_64-3.10/cryptography/hazmat/primitives/ciphers
      copying src/cryptography/hazmat/primitives/ciphers/aead.py -> build/lib.linux-x86_64-3.10/cryptography/hazmat/primitives/ciphers
      copying src/cryptography/hazmat/primitives/ciphers/modes.py -> build/lib.linux-x86_64-3.10/cryptography/hazmat/primitives/ciphers
      creating build/lib.linux-x86_64-3.10/cryptography/hazmat/primitives/kdf
      copying src/cryptography/hazmat/primitives/kdf/__init__.py -> build/lib.linux-x86_64-3.10/cryptography/hazmat/primitives/kdf
      copying src/cryptography/hazmat/primitives/kdf/kbkdf.py -> build/lib.linux-x86_64-3.10/cryptography/hazmat/primitives/kdf
      copying src/cryptography/hazmat/primitives/kdf/concatkdf.py -> build/lib.linux-x86_64-3.10/cryptography/hazmat/primitives/kdf
      copying src/cryptography/hazmat/primitives/kdf/scrypt.py -> build/lib.linux-x86_64-3.10/cryptography/hazmat/primitives/kdf
      copying src/cryptography/hazmat/primitives/kdf/pbkdf2.py -> build/lib.linux-x86_64-3.10/cryptography/hazmat/primitives/kdf
      copying src/cryptography/hazmat/primitives/kdf/hkdf.py -> build/lib.linux-x86_64-3.10/cryptography/hazmat/primitives/kdf
      copying src/cryptography/hazmat/primitives/kdf/x963kdf.py -> build/lib.linux-x86_64-3.10/cryptography/hazmat/primitives/kdf
      creating build/lib.linux-x86_64-3.10/cryptography/hazmat/primitives/twofactor
      copying src/cryptography/hazmat/primitives/twofactor/__init__.py -> build/lib.linux-x86_64-3.10/cryptography/hazmat/primitives/twofactor
      copying src/cryptography/hazmat/primitives/twofactor/totp.py -> build/lib.linux-x86_64-3.10/cryptography/hazmat/primitives/twofactor
      copying src/cryptography/hazmat/primitives/twofactor/hotp.py -> build/lib.linux-x86_64-3.10/cryptography/hazmat/primitives/twofactor
      creating build/lib.linux-x86_64-3.10/cryptography/hazmat/primitives/asymmetric
      copying src/cryptography/hazmat/primitives/asymmetric/__init__.py -> build/lib.linux-x86_64-3.10/cryptography/hazmat/primitives/asymmetric
      copying src/cryptography/hazmat/primitives/asymmetric/rsa.py -> build/lib.linux-x86_64-3.10/cryptography/hazmat/primitives/asymmetric
      copying src/cryptography/hazmat/primitives/asymmetric/x25519.py -> build/lib.linux-x86_64-3.10/cryptography/hazmat/primitives/asymmetric
      copying src/cryptography/hazmat/primitives/asymmetric/dsa.py -> build/lib.linux-x86_64-3.10/cryptography/hazmat/primitives/asymmetric
      copying src/cryptography/hazmat/primitives/asymmetric/ed25519.py -> build/lib.linux-x86_64-3.10/cryptography/hazmat/primitives/asymmetric
      copying src/cryptography/hazmat/primitives/asymmetric/dh.py -> build/lib.linux-x86_64-3.10/cryptography/hazmat/primitives/asymmetric
      copying src/cryptography/hazmat/primitives/asymmetric/ed448.py -> build/lib.linux-x86_64-3.10/cryptography/hazmat/primitives/asymmetric
      copying src/cryptography/hazmat/primitives/asymmetric/x448.py -> build/lib.linux-x86_64-3.10/cryptography/hazmat/primitives/asymmetric
      copying src/cryptography/hazmat/primitives/asymmetric/utils.py -> build/lib.linux-x86_64-3.10/cryptography/hazmat/primitives/asymmetric
      copying src/cryptography/hazmat/primitives/asymmetric/padding.py -> build/lib.linux-x86_64-3.10/cryptography/hazmat/primitives/asymmetric
      copying src/cryptography/hazmat/primitives/asymmetric/types.py -> build/lib.linux-x86_64-3.10/cryptography/hazmat/primitives/asymmetric
      copying src/cryptography/hazmat/primitives/asymmetric/ec.py -> build/lib.linux-x86_64-3.10/cryptography/hazmat/primitives/asymmetric
      creating build/lib.linux-x86_64-3.10/cryptography/hazmat/backends/openssl
      copying src/cryptography/hazmat/backends/openssl/__init__.py -> build/lib.linux-x86_64-3.10/cryptography/hazmat/backends/openssl
      copying src/cryptography/hazmat/backends/openssl/rsa.py -> build/lib.linux-x86_64-3.10/cryptography/hazmat/backends/openssl
      copying src/cryptography/hazmat/backends/openssl/x25519.py -> build/lib.linux-x86_64-3.10/cryptography/hazmat/backends/openssl
      copying src/cryptography/hazmat/backends/openssl/dsa.py -> build/lib.linux-x86_64-3.10/cryptography/hazmat/backends/openssl
      copying src/cryptography/hazmat/backends/openssl/poly1305.py -> build/lib.linux-x86_64-3.10/cryptography/hazmat/backends/openssl
      copying src/cryptography/hazmat/backends/openssl/cmac.py -> build/lib.linux-x86_64-3.10/cryptography/hazmat/backends/openssl
      copying src/cryptography/hazmat/backends/openssl/ed25519.py -> build/lib.linux-x86_64-3.10/cryptography/hazmat/backends/openssl
      copying src/cryptography/hazmat/backends/openssl/hashes.py -> build/lib.linux-x86_64-3.10/cryptography/hazmat/backends/openssl
      copying src/cryptography/hazmat/backends/openssl/dh.py -> build/lib.linux-x86_64-3.10/cryptography/hazmat/backends/openssl
      copying src/cryptography/hazmat/backends/openssl/x509.py -> build/lib.linux-x86_64-3.10/cryptography/hazmat/backends/openssl
      copying src/cryptography/hazmat/backends/openssl/hmac.py -> build/lib.linux-x86_64-3.10/cryptography/hazmat/backends/openssl
      copying src/cryptography/hazmat/backends/openssl/aead.py -> build/lib.linux-x86_64-3.10/cryptography/hazmat/backends/openssl
      copying src/cryptography/hazmat/backends/openssl/ed448.py -> build/lib.linux-x86_64-3.10/cryptography/hazmat/backends/openssl
      copying src/cryptography/hazmat/backends/openssl/x448.py -> build/lib.linux-x86_64-3.10/cryptography/hazmat/backends/openssl
      copying src/cryptography/hazmat/backends/openssl/utils.py -> build/lib.linux-x86_64-3.10/cryptography/hazmat/backends/openssl
      copying src/cryptography/hazmat/backends/openssl/ciphers.py -> build/lib.linux-x86_64-3.10/cryptography/hazmat/backends/openssl
      copying src/cryptography/hazmat/backends/openssl/decode_asn1.py -> build/lib.linux-x86_64-3.10/cryptography/hazmat/backends/openssl
      copying src/cryptography/hazmat/backends/openssl/backend.py -> build/lib.linux-x86_64-3.10/cryptography/hazmat/backends/openssl
      copying src/cryptography/hazmat/backends/openssl/ec.py -> build/lib.linux-x86_64-3.10/cryptography/hazmat/backends/openssl
      creating build/lib.linux-x86_64-3.10/cryptography/hazmat/bindings/openssl
      copying src/cryptography/hazmat/bindings/openssl/__init__.py -> build/lib.linux-x86_64-3.10/cryptography/hazmat/bindings/openssl
      copying src/cryptography/hazmat/bindings/openssl/_conditional.py -> build/lib.linux-x86_64-3.10/cryptography/hazmat/bindings/openssl
      copying src/cryptography/hazmat/bindings/openssl/binding.py -> build/lib.linux-x86_64-3.10/cryptography/hazmat/bindings/openssl
      running egg_info
      writing src/cryptography.egg-info/PKG-INFO
      writing dependency_links to src/cryptography.egg-info/dependency_links.txt
      writing requirements to src/cryptography.egg-info/requires.txt
      writing top-level names to src/cryptography.egg-info/top_level.txt
      reading manifest file 'src/cryptography.egg-info/SOURCES.txt'
      reading manifest template 'MANIFEST.in'
      no previously-included directories found matching 'docs/_build'
      warning: no previously-included files found matching 'vectors'
      warning: no previously-included files matching '*' found under directory 'vectors'
      warning: no previously-included files matching '*' found under directory '.github'
      warning: no previously-included files found matching 'release.py'
      warning: no previously-included files found matching '.readthedocs.yml'
      warning: no previously-included files found matching 'dev-requirements.txt'
      warning: no previously-included files found matching 'tox.ini'
      warning: no previously-included files found matching 'mypy.ini'
      warning: no previously-included files matching '*' found under directory '.circleci'
      adding license file 'LICENSE'
      adding license file 'LICENSE.APACHE'
      adding license file 'LICENSE.BSD'
      adding license file 'LICENSE.PSF'
      writing manifest file 'src/cryptography.egg-info/SOURCES.txt'
      /tmp/pip-build-env-u2tpzk9c/overlay/lib/python3.10/site-packages/setuptools/command/build_py.py:207: _Warning: Package 'cryptography.hazmat.bindings._rust' is absent from the `packages` configuration.
      !!
      
              ********************************************************************************
              ############################
              # Package would be ignored #
              ############################
              Python recognizes 'cryptography.hazmat.bindings._rust' as an importable package[^1],
              but it is absent from setuptools' `packages` configuration.
      
              This leads to an ambiguous overall configuration. If you want to distribute this
              package, please make sure that 'cryptography.hazmat.bindings._rust' is explicitly added
              to the `packages` configuration field.
      
              Alternatively, you can also rely on setuptools' discovery methods
              (for example by using `find_namespace_packages(...)`/`find_namespace:`
              instead of `find_packages(...)`/`find:`).
      
              You can read more about "package discovery" on setuptools documentation page:
      
              - https://setuptools.pypa.io/en/latest/userguide/package_discovery.html
      
              If you don't want 'cryptography.hazmat.bindings._rust' to be distributed and are
              already explicitly excluding 'cryptography.hazmat.bindings._rust' via
              `find_namespace_packages(...)/find_namespace` or `find_packages(...)/find`,
              you can try to use `exclude_package_data`, or `include-package-data=False` in
              combination with a more fine grained `package-data` configuration.
      
              You can read more about "package data files" on setuptools documentation page:
      
              - https://setuptools.pypa.io/en/latest/userguide/datafiles.html
      
      
              [^1]: For Python, any directory (with suitable naming) can be imported,
                    even if it does not contain any `.py` files.
                    On the other hand, currently there is no concept of package data
                    directory, all directories are treated like packages.
              ********************************************************************************
      
      !!
        check.warn(importable)
      copying src/cryptography/py.typed -> build/lib.linux-x86_64-3.10/cryptography
      copying src/cryptography/hazmat/bindings/_openssl.pyi -> build/lib.linux-x86_64-3.10/cryptography/hazmat/bindings
      creating build/lib.linux-x86_64-3.10/cryptography/hazmat/bindings/_rust
      copying src/cryptography/hazmat/bindings/_rust/__init__.pyi -> build/lib.linux-x86_64-3.10/cryptography/hazmat/bindings/_rust
      copying src/cryptography/hazmat/bindings/_rust/asn1.pyi -> build/lib.linux-x86_64-3.10/cryptography/hazmat/bindings/_rust
      copying src/cryptography/hazmat/bindings/_rust/ocsp.pyi -> build/lib.linux-x86_64-3.10/cryptography/hazmat/bindings/_rust
      copying src/cryptography/hazmat/bindings/_rust/x509.pyi -> build/lib.linux-x86_64-3.10/cryptography/hazmat/bindings/_rust
      running build_ext
      generating cffi module 'build/temp.linux-x86_64-3.10/cryptography.hazmat.bindings._openssl.c'
      creating build/temp.linux-x86_64-3.10
      building 'cryptography.hazmat.bindings._openssl' extension
      creating build/temp.linux-x86_64-3.10/build
      creating build/temp.linux-x86_64-3.10/build/temp.linux-x86_64-3.10
      gcc -DNDEBUG -D_GNU_SOURCE=1 -fPIC -I/workdir/install-virtualenv/include -I/opt/graalpy/include/python3.10 -c build/temp.linux-x86_64-3.10/cryptography.hazmat.bindings._openssl.c -o build/temp.linux-x86_64-3.10/build/temp.linux-x86_64-3.10/cryptography.hazmat.bindings._openssl.o -Wconversion -Wno-error=sign-conversion
      build/temp.linux-x86_64-3.10/cryptography.hazmat.bindings._openssl.c: In function ‘Cryptography_pem_password_cb’:
      build/temp.linux-x86_64-3.10/cryptography.hazmat.bindings._openssl.c:2410:37: warning: conversion to ‘size_t’ {aka ‘long unsigned int’} from ‘int’ may change the sign of the result [-Wsign-conversion]
               memcpy(buf, st->password, st->length);
                                         ~~^~~~~~~~
      build/temp.linux-x86_64-3.10/cryptography.hazmat.bindings._openssl.c: In function ‘_cffi_d_ASN1_STRING_data’:
      build/temp.linux-x86_64-3.10/cryptography.hazmat.bindings._openssl.c:7959:3: warning: ‘ASN1_STRING_data’ is deprecated [-Wdeprecated-declarations]
         return ASN1_STRING_data(x0);
         ^~~~~~
      In file included from /usr/include/openssl/opensslconf.h:42,
                       from /usr/include/openssl/e_os2.h:13,
                       from build/temp.linux-x86_64-3.10/cryptography.hazmat.bindings._openssl.c:595:
      /usr/include/openssl/asn1.h:554:1: note: declared here
       DEPRECATEDIN_1_1_0(unsigned char *ASN1_STRING_data(ASN1_STRING *x))
       ^~~~~~~~~~~~~~~~~~
      build/temp.linux-x86_64-3.10/cryptography.hazmat.bindings._openssl.c: In function ‘_cffi_f_ASN1_STRING_data’:
      build/temp.linux-x86_64-3.10/cryptography.hazmat.bindings._openssl.c:7982:3: warning: ‘ASN1_STRING_data’ is deprecated [-Wdeprecated-declarations]
         { result = ASN1_STRING_data(x0); }
         ^
      In file included from /usr/include/openssl/opensslconf.h:42,
                       from /usr/include/openssl/e_os2.h:13,
                       from build/temp.linux-x86_64-3.10/cryptography.hazmat.bindings._openssl.c:595:
      /usr/include/openssl/asn1.h:554:1: note: declared here
       DEPRECATEDIN_1_1_0(unsigned char *ASN1_STRING_data(ASN1_STRING *x))
       ^~~~~~~~~~~~~~~~~~
      build/temp.linux-x86_64-3.10/cryptography.hazmat.bindings._openssl.c: In function ‘_cffi_d_DTLSv1_client_method’:
      build/temp.linux-x86_64-3.10/cryptography.hazmat.bindings._openssl.c:13807:3: warning: ‘DTLSv1_client_method’ is deprecated [-Wdeprecated-declarations]
         return DTLSv1_client_method();
         ^~~~~~
      In file included from /usr/include/openssl/opensslconf.h:42,
                       from /usr/include/openssl/e_os2.h:13,
                       from build/temp.linux-x86_64-3.10/cryptography.hazmat.bindings._openssl.c:595:
      /usr/include/openssl/ssl.h:1897:1: note: declared here
       DEPRECATEDIN_1_1_0(__owur const SSL_METHOD *DTLSv1_client_method(void))
       ^~~~~~~~~~~~~~~~~~
      build/temp.linux-x86_64-3.10/cryptography.hazmat.bindings._openssl.c: In function ‘_cffi_f_DTLSv1_client_method’:
      build/temp.linux-x86_64-3.10/cryptography.hazmat.bindings._openssl.c:13818:3: warning: ‘DTLSv1_client_method’ is deprecated [-Wdeprecated-declarations]
         { result = DTLSv1_client_method(); }
         ^
      In file included from /usr/include/openssl/opensslconf.h:42,
                       from /usr/include/openssl/e_os2.h:13,
                       from build/temp.linux-x86_64-3.10/cryptography.hazmat.bindings._openssl.c:595:
      /usr/include/openssl/ssl.h:1897:1: note: declared here
       DEPRECATEDIN_1_1_0(__owur const SSL_METHOD *DTLSv1_client_method(void))
       ^~~~~~~~~~~~~~~~~~
      build/temp.linux-x86_64-3.10/cryptography.hazmat.bindings._openssl.c: In function ‘_cffi_d_DTLSv1_method’:
      build/temp.linux-x86_64-3.10/cryptography.hazmat.bindings._openssl.c:13924:3: warning: ‘DTLSv1_method’ is deprecated [-Wdeprecated-declarations]
         return DTLSv1_method();
         ^~~~~~
      In file included from /usr/include/openssl/opensslconf.h:42,
                       from /usr/include/openssl/e_os2.h:13,
                       from build/temp.linux-x86_64-3.10/cryptography.hazmat.bindings._openssl.c:595:
      /usr/include/openssl/ssl.h:1895:1: note: declared here
       DEPRECATEDIN_1_1_0(__owur const SSL_METHOD *DTLSv1_method(void)) /* DTLSv1.0 */
       ^~~~~~~~~~~~~~~~~~
      build/temp.linux-x86_64-3.10/cryptography.hazmat.bindings._openssl.c: In function ‘_cffi_f_DTLSv1_method’:
      build/temp.linux-x86_64-3.10/cryptography.hazmat.bindings._openssl.c:13935:3: warning: ‘DTLSv1_method’ is deprecated [-Wdeprecated-declarations]
         { result = DTLSv1_method(); }
         ^
      In file included from /usr/include/openssl/opensslconf.h:42,
                       from /usr/include/openssl/e_os2.h:13,
                       from build/temp.linux-x86_64-3.10/cryptography.hazmat.bindings._openssl.c:595:
      /usr/include/openssl/ssl.h:1895:1: note: declared here
       DEPRECATEDIN_1_1_0(__owur const SSL_METHOD *DTLSv1_method(void)) /* DTLSv1.0 */
       ^~~~~~~~~~~~~~~~~~
      build/temp.linux-x86_64-3.10/cryptography.hazmat.bindings._openssl.c: In function ‘_cffi_d_DTLSv1_server_method’:
      build/temp.linux-x86_64-3.10/cryptography.hazmat.bindings._openssl.c:13950:3: warning: ‘DTLSv1_server_method’ is deprecated [-Wdeprecated-declarations]
         return DTLSv1_server_method();
         ^~~~~~
      In file included from /usr/include/openssl/opensslconf.h:42,
                       from /usr/include/openssl/e_os2.h:13,
                       from build/temp.linux-x86_64-3.10/cryptography.hazmat.bindings._openssl.c:595:
      /usr/include/openssl/ssl.h:1896:1: note: declared here
       DEPRECATEDIN_1_1_0(__owur const SSL_METHOD *DTLSv1_server_method(void))
       ^~~~~~~~~~~~~~~~~~
      build/temp.linux-x86_64-3.10/cryptography.hazmat.bindings._openssl.c: In function ‘_cffi_f_DTLSv1_server_method’:
      build/temp.linux-x86_64-3.10/cryptography.hazmat.bindings._openssl.c:13961:3: warning: ‘DTLSv1_server_method’ is deprecated [-Wdeprecated-declarations]
         { result = DTLSv1_server_method(); }
         ^
      In file included from /usr/include/openssl/opensslconf.h:42,
                       from /usr/include/openssl/e_os2.h:13,
                       from build/temp.linux-x86_64-3.10/cryptography.hazmat.bindings._openssl.c:595:
      /usr/include/openssl/ssl.h:1896:1: note: declared here
       DEPRECATEDIN_1_1_0(__owur const SSL_METHOD *DTLSv1_server_method(void))
       ^~~~~~~~~~~~~~~~~~
      build/temp.linux-x86_64-3.10/cryptography.hazmat.bindings._openssl.c: In function ‘_cffi_d_OPENSSL_config’:
      build/temp.linux-x86_64-3.10/cryptography.hazmat.bindings._openssl.c:22649:3: warning: ‘OPENSSL_config’ is deprecated [-Wdeprecated-declarations]
         OPENSSL_config(x0);
         ^~~~~~~~~~~~~~
      In file included from /usr/include/openssl/opensslconf.h:42,
                       from /usr/include/openssl/e_os2.h:13,
                       from build/temp.linux-x86_64-3.10/cryptography.hazmat.bindings._openssl.c:595:
      /usr/include/openssl/conf.h:91:1: note: declared here
       DEPRECATEDIN_1_1_0(void OPENSSL_config(const char *config_name))
       ^~~~~~~~~~~~~~~~~~
      build/temp.linux-x86_64-3.10/cryptography.hazmat.bindings._openssl.c: In function ‘_cffi_f_OPENSSL_config’:
      build/temp.linux-x86_64-3.10/cryptography.hazmat.bindings._openssl.c:22670:3: warning: ‘OPENSSL_config’ is deprecated [-Wdeprecated-declarations]
         { OPENSSL_config(x0); }
         ^
      In file included from /usr/include/openssl/opensslconf.h:42,
                       from /usr/include/openssl/e_os2.h:13,
                       from build/temp.linux-x86_64-3.10/cryptography.hazmat.bindings._openssl.c:595:
      /usr/include/openssl/conf.h:91:1: note: declared here
       DEPRECATEDIN_1_1_0(void OPENSSL_config(const char *config_name))
       ^~~~~~~~~~~~~~~~~~
      build/temp.linux-x86_64-3.10/cryptography.hazmat.bindings._openssl.c: In function ‘_cffi_d_SSL_CTX_add_extra_chain_cert’:
      build/temp.linux-x86_64-3.10/cryptography.hazmat.bindings._openssl.c:27036:10: warning: conversion to ‘long unsigned int’ from ‘long int’ may change the sign of the result [-Wsign-conversion]
         return SSL_CTX_add_extra_chain_cert(x0, x1);
                ^~~~~~~~~~~~~~~~~~~~~~~~~~~~
      build/temp.linux-x86_64-3.10/cryptography.hazmat.bindings._openssl.c: In function ‘_cffi_f_SSL_CTX_add_extra_chain_cert’:
      build/temp.linux-x86_64-3.10/cryptography.hazmat.bindings._openssl.c:27074:14: warning: conversion to ‘long unsigned int’ from ‘long int’ may change the sign of the result [-Wsign-conversion]
         { result = SSL_CTX_add_extra_chain_cert(x0, x1); }
                    ^~~~~~~~~~~~~~~~~~~~~~~~~~~~
      build/temp.linux-x86_64-3.10/cryptography.hazmat.bindings._openssl.c: In function ‘_cffi_d_SSL_CTX_clear_mode’:
      build/temp.linux-x86_64-3.10/cryptography.hazmat.bindings._openssl.c:27215:10: warning: conversion to ‘long int’ from ‘long unsigned int’ may change the sign of the result [-Wsign-conversion]
         return SSL_CTX_clear_mode(x0, x1);
                ^~~~~~~~~~~~~~~~~~
      build/temp.linux-x86_64-3.10/cryptography.hazmat.bindings._openssl.c:27215:10: warning: conversion to ‘long unsigned int’ from ‘long int’ may change the sign of the result [-Wsign-conversion]
      build/temp.linux-x86_64-3.10/cryptography.hazmat.bindings._openssl.c: In function ‘_cffi_f_SSL_CTX_clear_mode’:
      build/temp.linux-x86_64-3.10/cryptography.hazmat.bindings._openssl.c:27248:14: warning: conversion to ‘long int’ from ‘long unsigned int’ may change the sign of the result [-Wsign-conversion]
         { result = SSL_CTX_clear_mode(x0, x1); }
                    ^~~~~~~~~~~~~~~~~~
      build/temp.linux-x86_64-3.10/cryptography.hazmat.bindings._openssl.c:27248:14: warning: conversion to ‘long unsigned int’ from ‘long int’ may change the sign of the result [-Wsign-conversion]
      build/temp.linux-x86_64-3.10/cryptography.hazmat.bindings._openssl.c: In function ‘_cffi_d_SSL_CTX_get_mode’:
      build/temp.linux-x86_64-3.10/cryptography.hazmat.bindings._openssl.c:27623:10: warning: conversion to ‘long unsigned int’ from ‘long int’ may change the sign of the result [-Wsign-conversion]
         return SSL_CTX_get_mode(x0);
                ^~~~~~~~~~~~~~~~
      build/temp.linux-x86_64-3.10/cryptography.hazmat.bindings._openssl.c: In function ‘_cffi_f_SSL_CTX_get_mode’:
      build/temp.linux-x86_64-3.10/cryptography.hazmat.bindings._openssl.c:27646:14: warning: conversion to ‘long unsigned int’ from ‘long int’ may change the sign of the result [-Wsign-conversion]
         { result = SSL_CTX_get_mode(x0); }
                    ^~~~~~~~~~~~~~~~
      build/temp.linux-x86_64-3.10/cryptography.hazmat.bindings._openssl.c: In function ‘_cffi_d_SSL_CTX_get_session_cache_mode’:
      build/temp.linux-x86_64-3.10/cryptography.hazmat.bindings._openssl.c:27737:10: warning: conversion to ‘long unsigned int’ from ‘long int’ may change the sign of the result [-Wsign-conversion]
         return SSL_CTX_get_session_cache_mode(x0);
                ^~~~~~~~~~~~~~~~~~~~~~~~~~~~~~
      build/temp.linux-x86_64-3.10/cryptography.hazmat.bindings._openssl.c: In function ‘_cffi_f_SSL_CTX_get_session_cache_mode’:
      build/temp.linux-x86_64-3.10/cryptography.hazmat.bindings._openssl.c:27760:14: warning: conversion to ‘long unsigned int’ from ‘long int’ may change the sign of the result [-Wsign-conversion]
         { result = SSL_CTX_get_session_cache_mode(x0); }
                    ^~~~~~~~~~~~~~~~~~~~~~~~~~~~~~
      build/temp.linux-x86_64-3.10/cryptography.hazmat.bindings._openssl.c: In function ‘_cffi_d_SSL_CTX_set_mode’:
      build/temp.linux-x86_64-3.10/cryptography.hazmat.bindings._openssl.c:29454:10: warning: conversion to ‘long int’ from ‘long unsigned int’ may change the sign of the result [-Wsign-conversion]
         return SSL_CTX_set_mode(x0, x1);
                ^~~~~~~~~~~~~~~~
      build/temp.linux-x86_64-3.10/cryptography.hazmat.bindings._openssl.c:29454:10: warning: conversion to ‘long unsigned int’ from ‘long int’ may change the sign of the result [-Wsign-conversion]
      build/temp.linux-x86_64-3.10/cryptography.hazmat.bindings._openssl.c: In function ‘_cffi_f_SSL_CTX_set_mode’:
      build/temp.linux-x86_64-3.10/cryptography.hazmat.bindings._openssl.c:29487:14: warning: conversion to ‘long int’ from ‘long unsigned int’ may change the sign of the result [-Wsign-conversion]
         { result = SSL_CTX_set_mode(x0, x1); }
                    ^~~~~~~~~~~~~~~~
      build/temp.linux-x86_64-3.10/cryptography.hazmat.bindings._openssl.c:29487:14: warning: conversion to ‘long unsigned int’ from ‘long int’ may change the sign of the result [-Wsign-conversion]
      In file included from build/temp.linux-x86_64-3.10/cryptography.hazmat.bindings._openssl.c:831:
      build/temp.linux-x86_64-3.10/cryptography.hazmat.bindings._openssl.c: In function ‘_cffi_d_SSL_CTX_set_session_cache_mode’:
      build/temp.linux-x86_64-3.10/cryptography.hazmat.bindings._openssl.c:29828:45: warning: conversion to ‘long int’ from ‘long unsigned int’ may change the sign of the result [-Wsign-conversion]
         return SSL_CTX_set_session_cache_mode(x0, x1);
                                                   ^~
      build/temp.linux-x86_64-3.10/cryptography.hazmat.bindings._openssl.c:29828:10: warning: conversion to ‘long unsigned int’ from ‘long int’ may change the sign of the result [-Wsign-conversion]
         return SSL_CTX_set_session_cache_mode(x0, x1);
                ^~~~~~~~~~~~~~~~~~~~~~~~~~~~~~
      In file included from build/temp.linux-x86_64-3.10/cryptography.hazmat.bindings._openssl.c:831:
      build/temp.linux-x86_64-3.10/cryptography.hazmat.bindings._openssl.c: In function ‘_cffi_f_SSL_CTX_set_session_cache_mode’:
      build/temp.linux-x86_64-3.10/cryptography.hazmat.bindings._openssl.c:29861:49: warning: conversion to ‘long int’ from ‘long unsigned int’ may change the sign of the result [-Wsign-conversion]
         { result = SSL_CTX_set_session_cache_mode(x0, x1); }
                                                       ^~
      build/temp.linux-x86_64-3.10/cryptography.hazmat.bindings._openssl.c:29861:14: warning: conversion to ‘long unsigned int’ from ‘long int’ may change the sign of the result [-Wsign-conversion]
         { result = SSL_CTX_set_session_cache_mode(x0, x1); }
                    ^~~~~~~~~~~~~~~~~~~~~~~~~~~~~~
      build/temp.linux-x86_64-3.10/cryptography.hazmat.bindings._openssl.c: In function ‘_cffi_d_SSL_CTX_set_tmp_dh’:
      build/temp.linux-x86_64-3.10/cryptography.hazmat.bindings._openssl.c:30234:10: warning: conversion to ‘long unsigned int’ from ‘long int’ may change the sign of the result [-Wsign-conversion]
         return SSL_CTX_set_tmp_dh(x0, x1);
                ^~~~~~~~~~~~~~~~~~
      build/temp.linux-x86_64-3.10/cryptography.hazmat.bindings._openssl.c: In function ‘_cffi_f_SSL_CTX_set_tmp_dh’:
      build/temp.linux-x86_64-3.10/cryptography.hazmat.bindings._openssl.c:30272:14: warning: conversion to ‘long unsigned int’ from ‘long int’ may change the sign of the result [-Wsign-conversion]
         { result = SSL_CTX_set_tmp_dh(x0, x1); }
                    ^~~~~~~~~~~~~~~~~~
      build/temp.linux-x86_64-3.10/cryptography.hazmat.bindings._openssl.c: In function ‘_cffi_d_SSL_CTX_set_tmp_ecdh’:
      build/temp.linux-x86_64-3.10/cryptography.hazmat.bindings._openssl.c:30287:10: warning: conversion to ‘long unsigned int’ from ‘long int’ may change the sign of the result [-Wsign-conversion]
         return SSL_CTX_set_tmp_ecdh(x0, x1);
                ^~~~~~~~~~~~~~~~~~~~
      build/temp.linux-x86_64-3.10/cryptography.hazmat.bindings._openssl.c: In function ‘_cffi_f_SSL_CTX_set_tmp_ecdh’:
      build/temp.linux-x86_64-3.10/cryptography.hazmat.bindings._openssl.c:30325:14: warning: conversion to ‘long unsigned int’ from ‘long int’ may change the sign of the result [-Wsign-conversion]
         { result = SSL_CTX_set_tmp_ecdh(x0, x1); }
                    ^~~~~~~~~~~~~~~~~~~~
      build/temp.linux-x86_64-3.10/cryptography.hazmat.bindings._openssl.c: In function ‘_cffi_d_SSL_SESSION_get_ticket_lifetime_hint’:
      build/temp.linux-x86_64-3.10/cryptography.hazmat.bindings._openssl.c:30954:10: warning: conversion to ‘long int’ from ‘long unsigned int’ may change the sign of the result [-Wsign-conversion]
         return SSL_SESSION_get_ticket_lifetime_hint(x0);
                ^~~~~~~~~~~~~~~~~~~~~~~~~~~~~~~~~~~~~~~~
      build/temp.linux-x86_64-3.10/cryptography.hazmat.bindings._openssl.c: In function ‘_cffi_f_SSL_SESSION_get_ticket_lifetime_hint’:
      build/temp.linux-x86_64-3.10/cryptography.hazmat.bindings._openssl.c:30977:14: warning: conversion to ‘long int’ from ‘long unsigned int’ may change the sign of the result [-Wsign-conversion]
         { result = SSL_SESSION_get_ticket_lifetime_hint(x0); }
                    ^~~~~~~~~~~~~~~~~~~~~~~~~~~~~~~~~~~~
      build/temp.linux-x86_64-3.10/cryptography.hazmat.bindings._openssl.c: In function ‘_cffi_d_SSL_clear_mode’:
      build/temp.linux-x86_64-3.10/cryptography.hazmat.bindings._openssl.c:31325:10: warning: conversion to ‘long int’ from ‘long unsigned int’ may change the sign of the result [-Wsign-conversion]
         return SSL_clear_mode(x0, x1);
                ^~~~~~~~~~~~~~
      build/temp.linux-x86_64-3.10/cryptography.hazmat.bindings._openssl.c:31325:10: warning: conversion to ‘long unsigned int’ from ‘long int’ may change the sign of the result [-Wsign-conversion]
      build/temp.linux-x86_64-3.10/cryptography.hazmat.bindings._openssl.c: In function ‘_cffi_f_SSL_clear_mode’:
      build/temp.linux-x86_64-3.10/cryptography.hazmat.bindings._openssl.c:31358:14: warning: conversion to ‘long int’ from ‘long unsigned int’ may change the sign of the result [-Wsign-conversion]
         { result = SSL_clear_mode(x0, x1); }
                    ^~~~~~~~~~~~~~
      build/temp.linux-x86_64-3.10/cryptography.hazmat.bindings._openssl.c:31358:14: warning: conversion to ‘long unsigned int’ from ‘long int’ may change the sign of the result [-Wsign-conversion]
      build/temp.linux-x86_64-3.10/cryptography.hazmat.bindings._openssl.c: In function ‘_cffi_d_SSL_get_mode’:
      build/temp.linux-x86_64-3.10/cryptography.hazmat.bindings._openssl.c:32230:10: warning: conversion to ‘long unsigned int’ from ‘long int’ may change the sign of the result [-Wsign-conversion]
         return SSL_get_mode(x0);
                ^~~~~~~~~~~~
      build/temp.linux-x86_64-3.10/cryptography.hazmat.bindings._openssl.c: In function ‘_cffi_f_SSL_get_mode’:
      build/temp.linux-x86_64-3.10/cryptography.hazmat.bindings._openssl.c:32253:14: warning: conversion to ‘long unsigned int’ from ‘long int’ may change the sign of the result [-Wsign-conversion]
         { result = SSL_get_mode(x0); }
                    ^~~~~~~~~~~~
      build/temp.linux-x86_64-3.10/cryptography.hazmat.bindings._openssl.c: In function ‘_cffi_d_SSL_set_mode’:
      build/temp.linux-x86_64-3.10/cryptography.hazmat.bindings._openssl.c:33920:10: warning: conversion to ‘long int’ from ‘long unsigned int’ may change the sign of the result [-Wsign-conversion]
         return SSL_set_mode(x0, x1);
                ^~~~~~~~~~~~
      build/temp.linux-x86_64-3.10/cryptography.hazmat.bindings._openssl.c:33920:10: warning: conversion to ‘long unsigned int’ from ‘long int’ may change the sign of the result [-Wsign-conversion]
      build/temp.linux-x86_64-3.10/cryptography.hazmat.bindings._openssl.c: In function ‘_cffi_f_SSL_set_mode’:
      build/temp.linux-x86_64-3.10/cryptography.hazmat.bindings._openssl.c:33953:14: warning: conversion to ‘long int’ from ‘long unsigned int’ may change the sign of the result [-Wsign-conversion]
         { result = SSL_set_mode(x0, x1); }
                    ^~~~~~~~~~~~
      build/temp.linux-x86_64-3.10/cryptography.hazmat.bindings._openssl.c:33953:14: warning: conversion to ‘long unsigned int’ from ‘long int’ may change the sign of the result [-Wsign-conversion]
      build/temp.linux-x86_64-3.10/cryptography.hazmat.bindings._openssl.c: In function ‘_cffi_d_TLSv1_1_client_method’:
      build/temp.linux-x86_64-3.10/cryptography.hazmat.bindings._openssl.c:35263:3: warning: ‘TLSv1_1_client_method’ is deprecated [-Wdeprecated-declarations]
         return TLSv1_1_client_method();
         ^~~~~~
      In file included from /usr/include/openssl/opensslconf.h:42,
                       from /usr/include/openssl/e_os2.h:13,
                       from build/temp.linux-x86_64-3.10/cryptography.hazmat.bindings._openssl.c:595:
      /usr/include/openssl/ssl.h:1885:1: note: declared here
       DEPRECATEDIN_1_1_0(__owur const SSL_METHOD *TLSv1_1_client_method(void))
       ^~~~~~~~~~~~~~~~~~
      build/temp.linux-x86_64-3.10/cryptography.hazmat.bindings._openssl.c: In function ‘_cffi_f_TLSv1_1_client_method’:
      build/temp.linux-x86_64-3.10/cryptography.hazmat.bindings._openssl.c:35274:3: warning: ‘TLSv1_1_client_method’ is deprecated [-Wdeprecated-declarations]
         { result = TLSv1_1_client_method(); }
         ^
      In file included from /usr/include/openssl/opensslconf.h:42,
                       from /usr/include/openssl/e_os2.h:13,
                       from build/temp.linux-x86_64-3.10/cryptography.hazmat.bindings._openssl.c:595:
      /usr/include/openssl/ssl.h:1885:1: note: declared here
       DEPRECATEDIN_1_1_0(__owur const SSL_METHOD *TLSv1_1_client_method(void))
       ^~~~~~~~~~~~~~~~~~
      build/temp.linux-x86_64-3.10/cryptography.hazmat.bindings._openssl.c: In function ‘_cffi_d_TLSv1_1_method’:
      build/temp.linux-x86_64-3.10/cryptography.hazmat.bindings._openssl.c:35289:3: warning: ‘TLSv1_1_method’ is deprecated [-Wdeprecated-declarations]
         return TLSv1_1_method();
         ^~~~~~
      In file included from /usr/include/openssl/opensslconf.h:42,
                       from /usr/include/openssl/e_os2.h:13,
                       from build/temp.linux-x86_64-3.10/cryptography.hazmat.bindings._openssl.c:595:
      /usr/include/openssl/ssl.h:1883:1: note: declared here
       DEPRECATEDIN_1_1_0(__owur const SSL_METHOD *TLSv1_1_method(void)) /* TLSv1.1 */
       ^~~~~~~~~~~~~~~~~~
      build/temp.linux-x86_64-3.10/cryptography.hazmat.bindings._openssl.c: In function ‘_cffi_f_TLSv1_1_method’:
      build/temp.linux-x86_64-3.10/cryptography.hazmat.bindings._openssl.c:35300:3: warning: ‘TLSv1_1_method’ is deprecated [-Wdeprecated-declarations]
         { result = TLSv1_1_method(); }
         ^
      In file included from /usr/include/openssl/opensslconf.h:42,
                       from /usr/include/openssl/e_os2.h:13,
                       from build/temp.linux-x86_64-3.10/cryptography.hazmat.bindings._openssl.c:595:
      /usr/include/openssl/ssl.h:1883:1: note: declared here
       DEPRECATEDIN_1_1_0(__owur const SSL_METHOD *TLSv1_1_method(void)) /* TLSv1.1 */
       ^~~~~~~~~~~~~~~~~~
      build/temp.linux-x86_64-3.10/cryptography.hazmat.bindings._openssl.c: In function ‘_cffi_d_TLSv1_1_server_method’:
      build/temp.linux-x86_64-3.10/cryptography.hazmat.bindings._openssl.c:35315:3: warning: ‘TLSv1_1_server_method’ is deprecated [-Wdeprecated-declarations]
         return TLSv1_1_server_method();
         ^~~~~~
      In file included from /usr/include/openssl/opensslconf.h:42,
                       from /usr/include/openssl/e_os2.h:13,
                       from build/temp.linux-x86_64-3.10/cryptography.hazmat.bindings._openssl.c:595:
      /usr/include/openssl/ssl.h:1884:1: note: declared here
       DEPRECATEDIN_1_1_0(__owur const SSL_METHOD *TLSv1_1_server_method(void))
       ^~~~~~~~~~~~~~~~~~
      build/temp.linux-x86_64-3.10/cryptography.hazmat.bindings._openssl.c: In function ‘_cffi_f_TLSv1_1_server_method’:
      build/temp.linux-x86_64-3.10/cryptography.hazmat.bindings._openssl.c:35326:3: warning: ‘TLSv1_1_server_method’ is deprecated [-Wdeprecated-declarations]
         { result = TLSv1_1_server_method(); }
         ^
      In file included from /usr/include/openssl/opensslconf.h:42,
                       from /usr/include/openssl/e_os2.h:13,
                       from build/temp.linux-x86_64-3.10/cryptography.hazmat.bindings._openssl.c:595:
      /usr/include/openssl/ssl.h:1884:1: note: declared here
       DEPRECATEDIN_1_1_0(__owur const SSL_METHOD *TLSv1_1_server_method(void))
       ^~~~~~~~~~~~~~~~~~
      build/temp.linux-x86_64-3.10/cryptography.hazmat.bindings._openssl.c: In function ‘_cffi_d_TLSv1_2_client_method’:
      build/temp.linux-x86_64-3.10/cryptography.hazmat.bindings._openssl.c:35341:3: warning: ‘TLSv1_2_client_method’ is deprecated [-Wdeprecated-declarations]
         return TLSv1_2_client_method();
         ^~~~~~
      In file included from /usr/include/openssl/opensslconf.h:42,
                       from /usr/include/openssl/e_os2.h:13,
                       from build/temp.linux-x86_64-3.10/cryptography.hazmat.bindings._openssl.c:595:
      /usr/include/openssl/ssl.h:1891:1: note: declared here
       DEPRECATEDIN_1_1_0(__owur const SSL_METHOD *TLSv1_2_client_method(void))
       ^~~~~~~~~~~~~~~~~~
      build/temp.linux-x86_64-3.10/cryptography.hazmat.bindings._openssl.c: In function ‘_cffi_f_TLSv1_2_client_method’:
      build/temp.linux-x86_64-3.10/cryptography.hazmat.bindings._openssl.c:35352:3: warning: ‘TLSv1_2_client_method’ is deprecated [-Wdeprecated-declarations]
         { result = TLSv1_2_client_method(); }
         ^
      In file included from /usr/include/openssl/opensslconf.h:42,
                       from /usr/include/openssl/e_os2.h:13,
                       from build/temp.linux-x86_64-3.10/cryptography.hazmat.bindings._openssl.c:595:
      /usr/include/openssl/ssl.h:1891:1: note: declared here
       DEPRECATEDIN_1_1_0(__owur const SSL_METHOD *TLSv1_2_client_method(void))
       ^~~~~~~~~~~~~~~~~~
      build/temp.linux-x86_64-3.10/cryptography.hazmat.bindings._openssl.c: In function ‘_cffi_d_TLSv1_2_method’:
      build/temp.linux-x86_64-3.10/cryptography.hazmat.bindings._openssl.c:35367:3: warning: ‘TLSv1_2_method’ is deprecated [-Wdeprecated-declarations]
         return TLSv1_2_method();
         ^~~~~~
      In file included from /usr/include/openssl/opensslconf.h:42,
                       from /usr/include/openssl/e_os2.h:13,
                       from build/temp.linux-x86_64-3.10/cryptography.hazmat.bindings._openssl.c:595:
      /usr/include/openssl/ssl.h:1889:1: note: declared here
       DEPRECATEDIN_1_1_0(__owur const SSL_METHOD *TLSv1_2_method(void)) /* TLSv1.2 */
       ^~~~~~~~~~~~~~~~~~
      build/temp.linux-x86_64-3.10/cryptography.hazmat.bindings._openssl.c: In function ‘_cffi_f_TLSv1_2_method’:
      build/temp.linux-x86_64-3.10/cryptography.hazmat.bindings._openssl.c:35378:3: warning: ‘TLSv1_2_method’ is deprecated [-Wdeprecated-declarations]
         { result = TLSv1_2_method(); }
         ^
      In file included from /usr/include/openssl/opensslconf.h:42,
                       from /usr/include/openssl/e_os2.h:13,
                       from build/temp.linux-x86_64-3.10/cryptography.hazmat.bindings._openssl.c:595:
      /usr/include/openssl/ssl.h:1889:1: note: declared here
       DEPRECATEDIN_1_1_0(__owur const SSL_METHOD *TLSv1_2_method(void)) /* TLSv1.2 */
       ^~~~~~~~~~~~~~~~~~
      build/temp.linux-x86_64-3.10/cryptography.hazmat.bindings._openssl.c: In function ‘_cffi_d_TLSv1_2_server_method’:
      build/temp.linux-x86_64-3.10/cryptography.hazmat.bindings._openssl.c:35393:3: warning: ‘TLSv1_2_server_method’ is deprecated [-Wdeprecated-declarations]
         return TLSv1_2_server_method();
         ^~~~~~
      In file included from /usr/include/openssl/opensslconf.h:42,
                       from /usr/include/openssl/e_os2.h:13,
                       from build/temp.linux-x86_64-3.10/cryptography.hazmat.bindings._openssl.c:595:
      /usr/include/openssl/ssl.h:1890:1: note: declared here
       DEPRECATEDIN_1_1_0(__owur const SSL_METHOD *TLSv1_2_server_method(void))
       ^~~~~~~~~~~~~~~~~~
      build/temp.linux-x86_64-3.10/cryptography.hazmat.bindings._openssl.c: In function ‘_cffi_f_TLSv1_2_server_method’:
      build/temp.linux-x86_64-3.10/cryptography.hazmat.bindings._openssl.c:35404:3: warning: ‘TLSv1_2_server_method’ is deprecated [-Wdeprecated-declarations]
         { result = TLSv1_2_server_method(); }
         ^
      In file included from /usr/include/openssl/opensslconf.h:42,
                       from /usr/include/openssl/e_os2.h:13,
                       from build/temp.linux-x86_64-3.10/cryptography.hazmat.bindings._openssl.c:595:
      /usr/include/openssl/ssl.h:1890:1: note: declared here
       DEPRECATEDIN_1_1_0(__owur const SSL_METHOD *TLSv1_2_server_method(void))
       ^~~~~~~~~~~~~~~~~~
      build/temp.linux-x86_64-3.10/cryptography.hazmat.bindings._openssl.c: In function ‘_cffi_d_TLSv1_client_method’:
      build/temp.linux-x86_64-3.10/cryptography.hazmat.bindings._openssl.c:35419:3: warning: ‘TLSv1_client_method’ is deprecated [-Wdeprecated-declarations]
         return TLSv1_client_method();
         ^~~~~~
      In file included from /usr/include/openssl/opensslconf.h:42,
                       from /usr/include/openssl/e_os2.h:13,
                       from build/temp.linux-x86_64-3.10/cryptography.hazmat.bindings._openssl.c:595:
      /usr/include/openssl/ssl.h:1879:1: note: declared here
       DEPRECATEDIN_1_1_0(__owur const SSL_METHOD *TLSv1_client_method(void))
       ^~~~~~~~~~~~~~~~~~
      build/temp.linux-x86_64-3.10/cryptography.hazmat.bindings._openssl.c: In function ‘_cffi_f_TLSv1_client_method’:
      build/temp.linux-x86_64-3.10/cryptography.hazmat.bindings._openssl.c:35430:3: warning: ‘TLSv1_client_method’ is deprecated [-Wdeprecated-declarations]
         { result = TLSv1_client_method(); }
         ^
      In file included from /usr/include/openssl/opensslconf.h:42,
                       from /usr/include/openssl/e_os2.h:13,
                       from build/temp.linux-x86_64-3.10/cryptography.hazmat.bindings._openssl.c:595:
      /usr/include/openssl/ssl.h:1879:1: note: declared here
       DEPRECATEDIN_1_1_0(__owur const SSL_METHOD *TLSv1_client_method(void))
       ^~~~~~~~~~~~~~~~~~
      build/temp.linux-x86_64-3.10/cryptography.hazmat.bindings._openssl.c: In function ‘_cffi_d_TLSv1_method’:
      build/temp.linux-x86_64-3.10/cryptography.hazmat.bindings._openssl.c:35445:3: warning: ‘TLSv1_method’ is deprecated [-Wdeprecated-declarations]
         return TLSv1_method();
         ^~~~~~
      In file included from /usr/include/openssl/opensslconf.h:42,
                       from /usr/include/openssl/e_os2.h:13,
                       from build/temp.linux-x86_64-3.10/cryptography.hazmat.bindings._openssl.c:595:
      /usr/include/openssl/ssl.h:1877:1: note: declared here
       DEPRECATEDIN_1_1_0(__owur const SSL_METHOD *TLSv1_method(void)) /* TLSv1.0 */
       ^~~~~~~~~~~~~~~~~~
      build/temp.linux-x86_64-3.10/cryptography.hazmat.bindings._openssl.c: In function ‘_cffi_f_TLSv1_method’:
      build/temp.linux-x86_64-3.10/cryptography.hazmat.bindings._openssl.c:35456:3: warning: ‘TLSv1_method’ is deprecated [-Wdeprecated-declarations]
         { result = TLSv1_method(); }
         ^
      In file included from /usr/include/openssl/opensslconf.h:42,
                       from /usr/include/openssl/e_os2.h:13,
                       from build/temp.linux-x86_64-3.10/cryptography.hazmat.bindings._openssl.c:595:
      /usr/include/openssl/ssl.h:1877:1: note: declared here
       DEPRECATEDIN_1_1_0(__owur const SSL_METHOD *TLSv1_method(void)) /* TLSv1.0 */
       ^~~~~~~~~~~~~~~~~~
      build/temp.linux-x86_64-3.10/cryptography.hazmat.bindings._openssl.c: In function ‘_cffi_d_TLSv1_server_method’:
      build/temp.linux-x86_64-3.10/cryptography.hazmat.bindings._openssl.c:35471:3: warning: ‘TLSv1_server_method’ is deprecated [-Wdeprecated-declarations]
         return TLSv1_server_method();
         ^~~~~~
      In file included from /usr/include/openssl/opensslconf.h:42,
                       from /usr/include/openssl/e_os2.h:13,
                       from build/temp.linux-x86_64-3.10/cryptography.hazmat.bindings._openssl.c:595:
      /usr/include/openssl/ssl.h:1878:1: note: declared here
       DEPRECATEDIN_1_1_0(__owur const SSL_METHOD *TLSv1_server_method(void))
       ^~~~~~~~~~~~~~~~~~
      build/temp.linux-x86_64-3.10/cryptography.hazmat.bindings._openssl.c: In function ‘_cffi_f_TLSv1_server_method’:
      build/temp.linux-x86_64-3.10/cryptography.hazmat.bindings._openssl.c:35482:3: warning: ‘TLSv1_server_method’ is deprecated [-Wdeprecated-declarations]
         { result = TLSv1_server_method(); }
         ^
      In file included from /usr/include/openssl/opensslconf.h:42,
                       from /usr/include/openssl/e_os2.h:13,
                       from build/temp.linux-x86_64-3.10/cryptography.hazmat.bindings._openssl.c:595:
      /usr/include/openssl/ssl.h:1878:1: note: declared here
       DEPRECATEDIN_1_1_0(__owur const SSL_METHOD *TLSv1_server_method(void))
       ^~~~~~~~~~~~~~~~~~
      gcc -shared -fPIC build/temp.linux-x86_64-3.10/build/temp.linux-x86_64-3.10/cryptography.hazmat.bindings._openssl.o -lssl -lcrypto -lpthread -o build/lib.linux-x86_64-3.10/cryptography/hazmat/bindings/_openssl.pyd
      running build_rust
          Updating crates.io index
       Downloading crates ...
        Downloaded aliasable v0.1.3
        Downloaded asn1 v0.12.2
        Downloaded bitflags v1.3.2
        Downloaded asn1_derive v0.12.2
        Downloaded indoc-impl v0.3.6
        Downloaded wasm-bindgen-shared v0.2.82
        Downloaded version_check v0.9.4
        Downloaded autocfg v1.1.0
        Downloaded wasm-bindgen-macro v0.2.82
        Downloaded pem v1.1.0
        Downloaded Inflector v0.11.4
        Downloaded num-integer v0.1.45
        Downloaded iana-time-zone v0.1.47
        Downloaded base64 v0.13.0
        Downloaded unindent v0.1.10
        Downloaded proc-macro2 v1.0.43
        Downloaded parking_lot v0.11.2
        Downloaded android_system_properties v0.1.5
        Downloaded cfg-if v1.0.0
        Downloaded instant v0.1.12
        Downloaded proc-macro-error-attr v1.0.4
        Downloaded paste-impl v0.1.18
        Downloaded indoc v0.3.6
        Downloaded redox_syscall v0.2.16
        Downloaded pyo3-build-config v0.15.2
        Downloaded proc-macro-error v1.0.4
        Downloaded once_cell v1.14.0
        Downloaded wasm-bindgen-macro-support v0.2.82
        Downloaded parking_lot_core v0.8.5
        Downloaded log v0.4.17
        Downloaded quote v1.0.21
        Downloaded paste v0.1.18
        Downloaded core-foundation-sys v0.8.3
        Downloaded num-traits v0.2.15
        Downloaded wasm-bindgen v0.2.82
        Downloaded wasm-bindgen-backend v0.2.82
        Downloaded ouroboros v0.15.4
        Downloaded js-sys v0.3.59
        Downloaded unicode-ident v1.0.3
        Downloaded proc-macro-hack v0.5.19
        Downloaded bumpalo v3.10.0
        Downloaded scopeguard v1.1.0
        Downloaded pyo3-macros v0.15.2
        Downloaded lock_api v0.4.8
        Downloaded smallvec v1.9.0
        Downloaded ouroboros_macro v0.15.4
        Downloaded pyo3-macros-backend v0.15.2
        Downloaded chrono v0.4.22
        Downloaded syn v1.0.99
        Downloaded pyo3 v0.15.2
        Downloaded libc v0.2.132
        Downloaded winapi v0.3.9
        Downloaded winapi-x86_64-pc-windows-gnu v0.4.0
        Downloaded winapi-i686-pc-windows-gnu v0.4.0
      cargo rustc --lib --message-format=json-render-diagnostics --manifest-path src/rust/Cargo.toml --release -v --features pyo3/abi3-py36 pyo3/extension-module -- --crate-type cdylib
         Compiling proc-macro2 v1.0.43
         Compiling quote v1.0.21
         Compiling unicode-ident v1.0.3
         Compiling autocfg v1.1.0
           Running `rustc --crate-name autocfg /workdir/.cargo/registry/src/github.com-1ecc6299db9ec823/autocfg-1.1.0/src/lib.rs --error-format=json --json=diagnostic-rendered-ansi,artifacts,future-incompat --crate-type lib --emit=dep-info,metadata,link -C embed-bitcode=no -C debug-assertions=off -C overflow-checks=on -C metadata=0be9fa6b385e030e -C extra-filename=-0be9fa6b385e030e --out-dir /tmp/pip-install-st2gfx4b/cryptography_8c6256e63e704aefb0c798a16b267e9f/src/rust/target/release/deps -L dependency=/tmp/pip-install-st2gfx4b/cryptography_8c6256e63e704aefb0c798a16b267e9f/src/rust/target/release/deps --cap-lints allow`
           Running `rustc --crate-name build_script_build --edition=2018 /workdir/.cargo/registry/src/github.com-1ecc6299db9ec823/quote-1.0.21/build.rs --error-format=json --json=diagnostic-rendered-ansi,artifacts,future-incompat --crate-type bin --emit=dep-info,link -C embed-bitcode=no -C debug-assertions=off -C overflow-checks=on --cfg 'feature="default"' --cfg 'feature="proc-macro"' -C metadata=0d6b1e720a4b493a -C extra-filename=-0d6b1e720a4b493a --out-dir /tmp/pip-install-st2gfx4b/cryptography_8c6256e63e704aefb0c798a16b267e9f/src/rust/target/release/build/quote-0d6b1e720a4b493a -L dependency=/tmp/pip-install-st2gfx4b/cryptography_8c6256e63e704aefb0c798a16b267e9f/src/rust/target/release/deps --cap-lints allow`
           Running `rustc --crate-name build_script_build --edition=2018 /workdir/.cargo/registry/src/github.com-1ecc6299db9ec823/proc-macro2-1.0.43/build.rs --error-format=json --json=diagnostic-rendered-ansi,artifacts,future-incompat --crate-type bin --emit=dep-info,link -C embed-bitcode=no -C debug-assertions=off -C overflow-checks=on --cfg 'feature="default"' --cfg 'feature="proc-macro"' -C metadata=bb859dee3178aa71 -C extra-filename=-bb859dee3178aa71 --out-dir /tmp/pip-install-st2gfx4b/cryptography_8c6256e63e704aefb0c798a16b267e9f/src/rust/target/release/build/proc-macro2-bb859dee3178aa71 -L dependency=/tmp/pip-install-st2gfx4b/cryptography_8c6256e63e704aefb0c798a16b267e9f/src/rust/target/release/deps --cap-lints allow`
           Running `rustc --crate-name unicode_ident --edition=2018 /workdir/.cargo/registry/src/github.com-1ecc6299db9ec823/unicode-ident-1.0.3/src/lib.rs --error-format=json --json=diagnostic-rendered-ansi,artifacts,future-incompat --crate-type lib --emit=dep-info,metadata,link -C embed-bitcode=no -C debug-assertions=off -C overflow-checks=on -C metadata=3a8e6da7fcd3170a -C extra-filename=-3a8e6da7fcd3170a --out-dir /tmp/pip-install-st2gfx4b/cryptography_8c6256e63e704aefb0c798a16b267e9f/src/rust/target/release/deps -L dependency=/tmp/pip-install-st2gfx4b/cryptography_8c6256e63e704aefb0c798a16b267e9f/src/rust/target/release/deps --cap-lints allow`
         Compiling syn v1.0.99
           Running `rustc --crate-name build_script_build --edition=2018 /workdir/.cargo/registry/src/github.com-1ecc6299db9ec823/syn-1.0.99/build.rs --error-format=json --json=diagnostic-rendered-ansi,artifacts,future-incompat --crate-type bin --emit=dep-info,link -C embed-bitcode=no -C debug-assertions=off -C overflow-checks=on --cfg 'feature="clone-impls"' --cfg 'feature="default"' --cfg 'feature="derive"' --cfg 'feature="extra-traits"' --cfg 'feature="full"' --cfg 'feature="parsing"' --cfg 'feature="printing"' --cfg 'feature="proc-macro"' --cfg 'feature="quote"' --cfg 'feature="visit"' -C metadata=00219acc3892245c -C extra-filename=-00219acc3892245c --out-dir /tmp/pip-install-st2gfx4b/cryptography_8c6256e63e704aefb0c798a16b267e9f/src/rust/target/release/build/syn-00219acc3892245c -L dependency=/tmp/pip-install-st2gfx4b/cryptography_8c6256e63e704aefb0c798a16b267e9f/src/rust/target/release/deps --cap-lints allow`
           Running `/tmp/pip-install-st2gfx4b/cryptography_8c6256e63e704aefb0c798a16b267e9f/src/rust/target/release/build/quote-0d6b1e720a4b493a/build-script-build`
           Running `/tmp/pip-install-st2gfx4b/cryptography_8c6256e63e704aefb0c798a16b267e9f/src/rust/target/release/build/proc-macro2-bb859dee3178aa71/build-script-build`
         Compiling version_check v0.9.4
           Running `rustc --crate-name version_check /workdir/.cargo/registry/src/github.com-1ecc6299db9ec823/version_check-0.9.4/src/lib.rs --error-format=json --json=diagnostic-rendered-ansi,artifacts,future-incompat --crate-type lib --emit=dep-info,metadata,link -C embed-bitcode=no -C debug-assertions=off -C overflow-checks=on -C metadata=97f039c81b6445fe -C extra-filename=-97f039c81b6445fe --out-dir /tmp/pip-install-st2gfx4b/cryptography_8c6256e63e704aefb0c798a16b267e9f/src/rust/target/release/deps -L dependency=/tmp/pip-install-st2gfx4b/cryptography_8c6256e63e704aefb0c798a16b267e9f/src/rust/target/release/deps --cap-lints allow`
           Running `rustc --crate-name proc_macro2 --edition=2018 /workdir/.cargo/registry/src/github.com-1ecc6299db9ec823/proc-macro2-1.0.43/src/lib.rs --error-format=json --json=diagnostic-rendered-ansi,artifacts,future-incompat --crate-type lib --emit=dep-info,metadata,link -C embed-bitcode=no -C debug-assertions=off -C overflow-checks=on --cfg 'feature="default"' --cfg 'feature="proc-macro"' -C metadata=11a50c117b9efc02 -C extra-filename=-11a50c117b9efc02 --out-dir /tmp/pip-install-st2gfx4b/cryptography_8c6256e63e704aefb0c798a16b267e9f/src/rust/target/release/deps -L dependency=/tmp/pip-install-st2gfx4b/cryptography_8c6256e63e704aefb0c798a16b267e9f/src/rust/target/release/deps --extern unicode_ident=/tmp/pip-install-st2gfx4b/cryptography_8c6256e63e704aefb0c798a16b267e9f/src/rust/target/release/deps/libunicode_ident-3a8e6da7fcd3170a.rmeta --cap-lints allow --cfg use_proc_macro --cfg wrap_proc_macro`
           Running `/tmp/pip-install-st2gfx4b/cryptography_8c6256e63e704aefb0c798a16b267e9f/src/rust/target/release/build/syn-00219acc3892245c/build-script-build`
         Compiling pyo3-build-config v0.15.2
           Running `rustc --crate-name build_script_build --edition=2018 /workdir/.cargo/registry/src/github.com-1ecc6299db9ec823/pyo3-build-config-0.15.2/build.rs --error-format=json --json=diagnostic-rendered-ansi,artifacts,future-incompat --crate-type bin --emit=dep-info,link -C embed-bitcode=no -C debug-assertions=off -C overflow-checks=on --cfg 'feature="abi3"' --cfg 'feature="abi3-py310"' --cfg 'feature="abi3-py36"' --cfg 'feature="abi3-py37"' --cfg 'feature="abi3-py38"' --cfg 'feature="abi3-py39"' --cfg 'feature="default"' --cfg 'feature="resolve-config"' -C metadata=b7d89eaca00ba789 -C extra-filename=-b7d89eaca00ba789 --out-dir /tmp/pip-install-st2gfx4b/cryptography_8c6256e63e704aefb0c798a16b267e9f/src/rust/target/release/build/pyo3-build-config-b7d89eaca00ba789 -L dependency=/tmp/pip-install-st2gfx4b/cryptography_8c6256e63e704aefb0c798a16b267e9f/src/rust/target/release/deps --cap-lints allow`
         Compiling proc-macro-hack v0.5.19
           Running `rustc --crate-name build_script_build --edition=2018 /workdir/.cargo/registry/src/github.com-1ecc6299db9ec823/proc-macro-hack-0.5.19/build.rs --error-format=json --json=diagnostic-rendered-ansi,artifacts,future-incompat --crate-type bin --emit=dep-info,link -C embed-bitcode=no -C debug-assertions=off -C overflow-checks=on -C metadata=c93e7e637f4a0854 -C extra-filename=-c93e7e637f4a0854 --out-dir /tmp/pip-install-st2gfx4b/cryptography_8c6256e63e704aefb0c798a16b267e9f/src/rust/target/release/build/proc-macro-hack-c93e7e637f4a0854 -L dependency=/tmp/pip-install-st2gfx4b/cryptography_8c6256e63e704aefb0c798a16b267e9f/src/rust/target/release/deps --cap-lints allow`
           Running `/tmp/pip-install-st2gfx4b/cryptography_8c6256e63e704aefb0c798a16b267e9f/src/rust/target/release/build/proc-macro-hack-c93e7e637f4a0854/build-script-build`
         Compiling once_cell v1.14.0
           Running `rustc --crate-name once_cell --edition=2018 /workdir/.cargo/registry/src/github.com-1ecc6299db9ec823/once_cell-1.14.0/src/lib.rs --error-format=json --json=diagnostic-rendered-ansi,artifacts,future-incompat --crate-type lib --emit=dep-info,metadata,link -C embed-bitcode=no -C debug-assertions=off -C overflow-checks=on --cfg 'feature="alloc"' --cfg 'feature="default"' --cfg 'feature="race"' --cfg 'feature="std"' -C metadata=de1b23004347e8a5 -C extra-filename=-de1b23004347e8a5 --out-dir /tmp/pip-install-st2gfx4b/cryptography_8c6256e63e704aefb0c798a16b267e9f/src/rust/target/release/deps -L dependency=/tmp/pip-install-st2gfx4b/cryptography_8c6256e63e704aefb0c798a16b267e9f/src/rust/target/release/deps --cap-lints allow`
         Compiling proc-macro-error-attr v1.0.4
           Running `rustc --crate-name build_script_build --edition=2018 /workdir/.cargo/registry/src/github.com-1ecc6299db9ec823/proc-macro-error-attr-1.0.4/build.rs --error-format=json --json=diagnostic-rendered-ansi,artifacts,future-incompat --crate-type bin --emit=dep-info,link -C embed-bitcode=no -C debug-assertions=off -C overflow-checks=on -C metadata=0d386069084d0e4b -C extra-filename=-0d386069084d0e4b --out-dir /tmp/pip-install-st2gfx4b/cryptography_8c6256e63e704aefb0c798a16b267e9f/src/rust/target/release/build/proc-macro-error-attr-0d386069084d0e4b -L dependency=/tmp/pip-install-st2gfx4b/cryptography_8c6256e63e704aefb0c798a16b267e9f/src/rust/target/release/deps --extern version_check=/tmp/pip-install-st2gfx4b/cryptography_8c6256e63e704aefb0c798a16b267e9f/src/rust/target/release/deps/libversion_check-97f039c81b6445fe.rlib --cap-lints allow`
           Running `rustc --crate-name quote --edition=2018 /workdir/.cargo/registry/src/github.com-1ecc6299db9ec823/quote-1.0.21/src/lib.rs --error-format=json --json=diagnostic-rendered-ansi,artifacts,future-incompat --crate-type lib --emit=dep-info,metadata,link -C embed-bitcode=no -C debug-assertions=off -C overflow-checks=on --cfg 'feature="default"' --cfg 'feature="proc-macro"' -C metadata=1224b546bfbf901b -C extra-filename=-1224b546bfbf901b --out-dir /tmp/pip-install-st2gfx4b/cryptography_8c6256e63e704aefb0c798a16b267e9f/src/rust/target/release/deps -L dependency=/tmp/pip-install-st2gfx4b/cryptography_8c6256e63e704aefb0c798a16b267e9f/src/rust/target/release/deps --extern proc_macro2=/tmp/pip-install-st2gfx4b/cryptography_8c6256e63e704aefb0c798a16b267e9f/src/rust/target/release/deps/libproc_macro2-11a50c117b9efc02.rmeta --cap-lints allow`
           Running `rustc --crate-name proc_macro_hack --edition=2018 /workdir/.cargo/registry/src/github.com-1ecc6299db9ec823/proc-macro-hack-0.5.19/src/lib.rs --error-format=json --json=diagnostic-rendered-ansi,artifacts,future-incompat --crate-type proc-macro --emit=dep-info,link -C prefer-dynamic -C embed-bitcode=no -C debug-assertions=off -C overflow-checks=on -C metadata=3644a1a2faae173f -C extra-filename=-3644a1a2faae173f --out-dir /tmp/pip-install-st2gfx4b/cryptography_8c6256e63e704aefb0c798a16b267e9f/src/rust/target/release/deps -L dependency=/tmp/pip-install-st2gfx4b/cryptography_8c6256e63e704aefb0c798a16b267e9f/src/rust/target/release/deps --extern proc_macro --cap-lints allow`
           Running `rustc --crate-name syn --edition=2018 /workdir/.cargo/registry/src/github.com-1ecc6299db9ec823/syn-1.0.99/src/lib.rs --error-format=json --json=diagnostic-rendered-ansi,artifacts,future-incompat --crate-type lib --emit=dep-info,metadata,link -C embed-bitcode=no -C debug-assertions=off -C overflow-checks=on --cfg 'feature="clone-impls"' --cfg 'feature="default"' --cfg 'feature="derive"' --cfg 'feature="extra-traits"' --cfg 'feature="full"' --cfg 'feature="parsing"' --cfg 'feature="printing"' --cfg 'feature="proc-macro"' --cfg 'feature="quote"' --cfg 'feature="visit"' -C metadata=9b255e1ecaf6c3b1 -C extra-filename=-9b255e1ecaf6c3b1 --out-dir /tmp/pip-install-st2gfx4b/cryptography_8c6256e63e704aefb0c798a16b267e9f/src/rust/target/release/deps -L dependency=/tmp/pip-install-st2gfx4b/cryptography_8c6256e63e704aefb0c798a16b267e9f/src/rust/target/release/deps --extern proc_macro2=/tmp/pip-install-st2gfx4b/cryptography_8c6256e63e704aefb0c798a16b267e9f/src/rust/target/release/deps/libproc_macro2-11a50c117b9efc02.rmeta --extern quote=/tmp/pip-install-st2gfx4b/cryptography_8c6256e63e704aefb0c798a16b267e9f/src/rust/target/release/deps/libquote-1224b546bfbf901b.rmeta --extern unicode_ident=/tmp/pip-install-st2gfx4b/cryptography_8c6256e63e704aefb0c798a16b267e9f/src/rust/target/release/deps/libunicode_ident-3a8e6da7fcd3170a.rmeta --cap-lints allow --cfg syn_disable_nightly_tests`
         Compiling num-traits v0.2.15
           Running `rustc --crate-name build_script_build /workdir/.cargo/registry/src/github.com-1ecc6299db9ec823/num-traits-0.2.15/build.rs --error-format=json --json=diagnostic-rendered-ansi,artifacts,future-incompat --crate-type bin --emit=dep-info,link -C embed-bitcode=no -C debug-assertions=off -C overflow-checks=on -C metadata=78f85e7223c604e1 -C extra-filename=-78f85e7223c604e1 --out-dir /tmp/pip-install-st2gfx4b/cryptography_8c6256e63e704aefb0c798a16b267e9f/src/rust/target/release/build/num-traits-78f85e7223c604e1 -L dependency=/tmp/pip-install-st2gfx4b/cryptography_8c6256e63e704aefb0c798a16b267e9f/src/rust/target/release/deps --extern autocfg=/tmp/pip-install-st2gfx4b/cryptography_8c6256e63e704aefb0c798a16b267e9f/src/rust/target/release/deps/libautocfg-0be9fa6b385e030e.rlib --cap-lints allow`
           Running `/tmp/pip-install-st2gfx4b/cryptography_8c6256e63e704aefb0c798a16b267e9f/src/rust/target/release/build/pyo3-build-config-b7d89eaca00ba789/build-script-build`
         Compiling libc v0.2.132
           Running `rustc --crate-name build_script_build /workdir/.cargo/registry/src/github.com-1ecc6299db9ec823/libc-0.2.132/build.rs --error-format=json --json=diagnostic-rendered-ansi,artifacts,future-incompat --crate-type bin --emit=dep-info,link -C embed-bitcode=no -C debug-assertions=off -C overflow-checks=on --cfg 'feature="default"' --cfg 'feature="std"' -C metadata=b186292cdaaf6de1 -C extra-filename=-b186292cdaaf6de1 --out-dir /tmp/pip-install-st2gfx4b/cryptography_8c6256e63e704aefb0c798a16b267e9f/src/rust/target/release/build/libc-b186292cdaaf6de1 -L dependency=/tmp/pip-install-st2gfx4b/cryptography_8c6256e63e704aefb0c798a16b267e9f/src/rust/target/release/deps --cap-lints allow`
           Running `/tmp/pip-install-st2gfx4b/cryptography_8c6256e63e704aefb0c798a16b267e9f/src/rust/target/release/build/libc-b186292cdaaf6de1/build-script-build`
           Running `/tmp/pip-install-st2gfx4b/cryptography_8c6256e63e704aefb0c798a16b267e9f/src/rust/target/release/build/num-traits-78f85e7223c604e1/build-script-build`
           Running `/tmp/pip-install-st2gfx4b/cryptography_8c6256e63e704aefb0c798a16b267e9f/src/rust/target/release/build/proc-macro-error-attr-0d386069084d0e4b/build-script-build`
         Compiling proc-macro-error v1.0.4
           Running `rustc --crate-name build_script_build --edition=2018 /workdir/.cargo/registry/src/github.com-1ecc6299db9ec823/proc-macro-error-1.0.4/build.rs --error-format=json --json=diagnostic-rendered-ansi,artifacts,future-incompat --crate-type bin --emit=dep-info,link -C embed-bitcode=no -C debug-assertions=off -C overflow-checks=on --cfg 'feature="default"' --cfg 'feature="syn"' --cfg 'feature="syn-error"' -C metadata=b1c1bac7251b4940 -C extra-filename=-b1c1bac7251b4940 --out-dir /tmp/pip-install-st2gfx4b/cryptography_8c6256e63e704aefb0c798a16b267e9f/src/rust/target/release/build/proc-macro-error-b1c1bac7251b4940 -L dependency=/tmp/pip-install-st2gfx4b/cryptography_8c6256e63e704aefb0c798a16b267e9f/src/rust/target/release/deps --extern version_check=/tmp/pip-install-st2gfx4b/cryptography_8c6256e63e704aefb0c798a16b267e9f/src/rust/target/release/deps/libversion_check-97f039c81b6445fe.rlib --cap-lints allow`
         Compiling lock_api v0.4.8
           Running `rustc --crate-name build_script_build --edition=2018 /workdir/.cargo/registry/src/github.com-1ecc6299db9ec823/lock_api-0.4.8/build.rs --error-format=json --json=diagnostic-rendered-ansi,artifacts,future-incompat --crate-type bin --emit=dep-info,link -C embed-bitcode=no -C debug-assertions=off -C overflow-checks=on -C metadata=c0e04fb39886f602 -C extra-filename=-c0e04fb39886f602 --out-dir /tmp/pip-install-st2gfx4b/cryptography_8c6256e63e704aefb0c798a16b267e9f/src/rust/target/release/build/lock_api-c0e04fb39886f602 -L dependency=/tmp/pip-install-st2gfx4b/cryptography_8c6256e63e704aefb0c798a16b267e9f/src/rust/target/release/deps --extern autocfg=/tmp/pip-install-st2gfx4b/cryptography_8c6256e63e704aefb0c798a16b267e9f/src/rust/target/release/deps/libautocfg-0be9fa6b385e030e.rlib --cap-lints allow`
         Compiling num-integer v0.1.45
           Running `rustc --crate-name build_script_build /workdir/.cargo/registry/src/github.com-1ecc6299db9ec823/num-integer-0.1.45/build.rs --error-format=json --json=diagnostic-rendered-ansi,artifacts,future-incompat --crate-type bin --emit=dep-info,link -C embed-bitcode=no -C debug-assertions=off -C overflow-checks=on -C metadata=682f675dbffa0750 -C extra-filename=-682f675dbffa0750 --out-dir /tmp/pip-install-st2gfx4b/cryptography_8c6256e63e704aefb0c798a16b267e9f/src/rust/target/release/build/num-integer-682f675dbffa0750 -L dependency=/tmp/pip-install-st2gfx4b/cryptography_8c6256e63e704aefb0c798a16b267e9f/src/rust/target/release/deps --extern autocfg=/tmp/pip-install-st2gfx4b/cryptography_8c6256e63e704aefb0c798a16b267e9f/src/rust/target/release/deps/libautocfg-0be9fa6b385e030e.rlib --cap-lints allow`
      error: failed to run custom build command for `pyo3-build-config v0.15.2`
      
      Caused by:
        process didn't exit successfully: `/tmp/pip-install-st2gfx4b/cryptography_8c6256e63e704aefb0c798a16b267e9f/src/rust/target/release/build/pyo3-build-config-b7d89eaca00ba789/build-script-build` (exit status: 1)
        --- stdout
        cargo:rerun-if-env-changed=PYO3_CONFIG_FILE
        cargo:rerun-if-env-changed=PYO3_NO_PYTHON
        cargo:rerun-if-env-changed=PYO3_PYTHON
      
        --- stderr
        error: unknown interpreter: GraalVM
      warning: build failed, waiting for other jobs to finish...
      
          =============================DEBUG ASSISTANCE=============================
          If you are seeing a compilation error please try the following steps to
          successfully install cryptography:
          1) Upgrade to the latest pip and try again. This will fix errors for most
             users. See: https://pip.pypa.io/en/stable/installing/#upgrading-pip
          2) Read https://cryptography.io/en/latest/installation/ for specific
             instructions for your platform.
          3) Check our frequently asked questions for more information:
             https://cryptography.io/en/latest/faq/
          4) Ensure you have a recent Rust toolchain installed:
             https://cryptography.io/en/latest/installation/#rust
      
          Python: 3.10.8
          platform: Linux-5.15.133.1-microsoft-standard-WSL2-x86_64-with-glibc2.16
          pip: n/a
          setuptools: 69.0.2
          setuptools_rust: 1.8.1
          rustc: 1.62.1 (Red Hat 1.62.1-1.module+el8.7.0+20820+0664b183)
          =============================DEBUG ASSISTANCE=============================
      
      error: `cargo rustc --lib --message-format=json-render-diagnostics --manifest-path src/rust/Cargo.toml --release -v --features 'pyo3/abi3-py36 pyo3/extension-module' -- --crate-type cdylib` failed with code 101
      [end of output]
  
  note: This error originates from a subprocess, and is likely not a problem with pip.
  ERROR: Failed building wheel for cryptography
Failed to build cryptography
ERROR: Could not build wheels for cryptography, which is required to install pyproject.toml-based projects
