Collecting aif360==0.5.0
  Downloading aif360-0.5.0-py3-none-any.whl (214 kB)
     ━━━━━━━━━━━━━━━━━━━━━━━━━━━━━━━━━━━━━━━ 214.1/214.1 kB 3.3 MB/s eta 0:00:00
Collecting numpy>=1.16 (from aif360==0.5.0)
  Downloading numpy-1.26.2-cp310-cp310-manylinux_2_17_x86_64.manylinux2014_x86_64.whl.metadata (61 kB)
     ━━━━━━━━━━━━━━━━━━━━━━━━━━━━━━━━━━━━━━━━ 61.2/61.2 kB 2.4 MB/s eta 0:00:00
Collecting scipy>=1.2.0 (from aif360==0.5.0)
  Downloading scipy-1.11.4-cp310-cp310-manylinux_2_17_x86_64.manylinux2014_x86_64.whl.metadata (60 kB)
     ━━━━━━━━━━━━━━━━━━━━━━━━━━━━━━━━━━━━━━━━ 60.4/60.4 kB 2.7 MB/s eta 0:00:00
Collecting pandas>=0.24.0 (from aif360==0.5.0)
  Downloading pandas-2.1.3-cp310-cp310-manylinux_2_17_x86_64.manylinux2014_x86_64.whl.metadata (18 kB)
Collecting scikit-learn>=1.0 (from aif360==0.5.0)
  Downloading scikit_learn-1.3.2-cp310-cp310-manylinux_2_17_x86_64.manylinux2014_x86_64.whl.metadata (11 kB)
Collecting matplotlib (from aif360==0.5.0)
  Downloading matplotlib-3.8.2-cp310-cp310-manylinux_2_17_x86_64.manylinux2014_x86_64.whl.metadata (5.8 kB)
Collecting python-dateutil>=2.8.2 (from pandas>=0.24.0->aif360==0.5.0)
  Downloading python_dateutil-2.8.2-py2.py3-none-any.whl (247 kB)
     ━━━━━━━━━━━━━━━━━━━━━━━━━━━━━━━━━━━━━━━ 247.7/247.7 kB 8.5 MB/s eta 0:00:00
Collecting pytz>=2020.1 (from pandas>=0.24.0->aif360==0.5.0)
  Downloading pytz-2023.3.post1-py2.py3-none-any.whl.metadata (22 kB)
Collecting tzdata>=2022.1 (from pandas>=0.24.0->aif360==0.5.0)
  Downloading tzdata-2023.3-py2.py3-none-any.whl (341 kB)
     ━━━━━━━━━━━━━━━━━━━━━━━━━━━━━━━━━━━━━━ 341.8/341.8 kB 12.7 MB/s eta 0:00:00
Collecting joblib>=1.1.1 (from scikit-learn>=1.0->aif360==0.5.0)
  Downloading joblib-1.3.2-py3-none-any.whl.metadata (5.4 kB)
Collecting threadpoolctl>=2.0.0 (from scikit-learn>=1.0->aif360==0.5.0)
  Downloading threadpoolctl-3.2.0-py3-none-any.whl.metadata (10.0 kB)
Collecting contourpy>=1.0.1 (from matplotlib->aif360==0.5.0)
  Downloading contourpy-1.2.0-cp310-cp310-manylinux_2_17_x86_64.manylinux2014_x86_64.whl.metadata (5.8 kB)
Collecting cycler>=0.10 (from matplotlib->aif360==0.5.0)
  Downloading cycler-0.12.1-py3-none-any.whl.metadata (3.8 kB)
Collecting fonttools>=4.22.0 (from matplotlib->aif360==0.5.0)
  Downloading fonttools-4.45.0-cp310-cp310-manylinux_2_17_x86_64.manylinux2014_x86_64.whl.metadata (154 kB)
     ━━━━━━━━━━━━━━━━━━━━━━━━━━━━━━━━━━━━━━━ 155.0/155.0 kB 8.1 MB/s eta 0:00:00
Collecting kiwisolver>=1.3.1 (from matplotlib->aif360==0.5.0)
  Downloading kiwisolver-1.4.5-cp310-cp310-manylinux_2_12_x86_64.manylinux2010_x86_64.whl.metadata (6.4 kB)
Collecting packaging>=20.0 (from matplotlib->aif360==0.5.0)
  Using cached packaging-23.2-py3-none-any.whl.metadata (3.2 kB)
Collecting pillow>=8 (from matplotlib->aif360==0.5.0)
  Downloading Pillow-10.1.0-cp310-cp310-manylinux_2_28_x86_64.whl.metadata (9.5 kB)
Collecting pyparsing>=2.3.1 (from matplotlib->aif360==0.5.0)
  Downloading pyparsing-3.1.1-py3-none-any.whl.metadata (5.1 kB)
Collecting six>=1.5 (from python-dateutil>=2.8.2->pandas>=0.24.0->aif360==0.5.0)
  Downloading six-1.16.0-py2.py3-none-any.whl (11 kB)
Downloading numpy-1.26.2-cp310-cp310-manylinux_2_17_x86_64.manylinux2014_x86_64.whl (18.2 MB)
   ━━━━━━━━━━━━━━━━━━━━━━━━━━━━━━━━━━━━━━━━ 18.2/18.2 MB 22.1 MB/s eta 0:00:00
Downloading pandas-2.1.3-cp310-cp310-manylinux_2_17_x86_64.manylinux2014_x86_64.whl (12.3 MB)
   ━━━━━━━━━━━━━━━━━━━━━━━━━━━━━━━━━━━━━━━━ 12.3/12.3 MB 22.9 MB/s eta 0:00:00
Downloading scikit_learn-1.3.2-cp310-cp310-manylinux_2_17_x86_64.manylinux2014_x86_64.whl (10.8 MB)
   ━━━━━━━━━━━━━━━━━━━━━━━━━━━━━━━━━━━━━━━━ 10.8/10.8 MB 23.6 MB/s eta 0:00:00
Downloading scipy-1.11.4-cp310-cp310-manylinux_2_17_x86_64.manylinux2014_x86_64.whl (36.4 MB)
   ━━━━━━━━━━━━━━━━━━━━━━━━━━━━━━━━━━━━━━━━ 36.4/36.4 MB 18.8 MB/s eta 0:00:00
Downloading matplotlib-3.8.2-cp310-cp310-manylinux_2_17_x86_64.manylinux2014_x86_64.whl (11.6 MB)
   ━━━━━━━━━━━━━━━━━━━━━━━━━━━━━━━━━━━━━━━━ 11.6/11.6 MB 26.2 MB/s eta 0:00:00
Downloading contourpy-1.2.0-cp310-cp310-manylinux_2_17_x86_64.manylinux2014_x86_64.whl (310 kB)
   ━━━━━━━━━━━━━━━━━━━━━━━━━━━━━━━━━━━━━━━━ 310.7/310.7 kB 13.1 MB/s eta 0:00:00
Downloading cycler-0.12.1-py3-none-any.whl (8.3 kB)
Downloading fonttools-4.45.0-cp310-cp310-manylinux_2_17_x86_64.manylinux2014_x86_64.whl (4.6 MB)
   ━━━━━━━━━━━━━━━━━━━━━━━━━━━━━━━━━━━━━━━━ 4.6/4.6 MB 20.6 MB/s eta 0:00:00
Downloading joblib-1.3.2-py3-none-any.whl (302 kB)
   ━━━━━━━━━━━━━━━━━━━━━━━━━━━━━━━━━━━━━━━━ 302.2/302.2 kB 13.2 MB/s eta 0:00:00
Downloading kiwisolver-1.4.5-cp310-cp310-manylinux_2_12_x86_64.manylinux2010_x86_64.whl (1.6 MB)
   ━━━━━━━━━━━━━━━━━━━━━━━━━━━━━━━━━━━━━━━━ 1.6/1.6 MB 22.8 MB/s eta 0:00:00
Using cached packaging-23.2-py3-none-any.whl (53 kB)
Downloading Pillow-10.1.0-cp310-cp310-manylinux_2_28_x86_64.whl (3.6 MB)
   ━━━━━━━━━━━━━━━━━━━━━━━━━━━━━━━━━━━━━━━━ 3.6/3.6 MB 14.6 MB/s eta 0:00:00
Downloading pyparsing-3.1.1-py3-none-any.whl (103 kB)
   ━━━━━━━━━━━━━━━━━━━━━━━━━━━━━━━━━━━━━━━━ 103.1/103.1 kB 7.5 MB/s eta 0:00:00
Downloading pytz-2023.3.post1-py2.py3-none-any.whl (502 kB)
   ━━━━━━━━━━━━━━━━━━━━━━━━━━━━━━━━━━━━━━━━ 502.5/502.5 kB 15.2 MB/s eta 0:00:00
Downloading threadpoolctl-3.2.0-py3-none-any.whl (15 kB)
Installing collected packages: pytz, tzdata, threadpoolctl, six, pyparsing, pillow, packaging, numpy, kiwisolver, joblib, fonttools, cycler, scipy, python-dateutil, contourpy, scikit-learn, pandas, matplotlib, aif360
Successfully installed aif360-0.5.0 contourpy-1.2.0 cycler-0.12.1 fonttools-4.45.0 joblib-1.3.2 kiwisolver-1.4.5 matplotlib-3.8.2 numpy-1.26.2 packaging-23.2 pandas-2.1.3 pillow-10.1.0 pyparsing-3.1.1 python-dateutil-2.8.2 pytz-2023.3.post1 scikit-learn-1.3.2 scipy-1.11.4 six-1.16.0 threadpoolctl-3.2.0 tzdata-2023.3
Collecting aif360==0.5.0
  Using cached aif360-0.5.0-py3-none-any.whl (214 kB)
Collecting numpy>=1.16 (from aif360==0.5.0)
  Using cached numpy-1.26.2-cp310-cp310-manylinux_2_17_x86_64.manylinux2014_x86_64.whl.metadata (61 kB)
Collecting scipy>=1.2.0 (from aif360==0.5.0)
  Using cached scipy-1.11.4-cp310-cp310-manylinux_2_17_x86_64.manylinux2014_x86_64.whl.metadata (60 kB)
Collecting pandas>=0.24.0 (from aif360==0.5.0)
  Using cached pandas-2.1.3-cp310-cp310-manylinux_2_17_x86_64.manylinux2014_x86_64.whl.metadata (18 kB)
Collecting scikit-learn>=1.0 (from aif360==0.5.0)
  Using cached scikit_learn-1.3.2-cp310-cp310-manylinux_2_17_x86_64.manylinux2014_x86_64.whl.metadata (11 kB)
Collecting matplotlib (from aif360==0.5.0)
  Using cached matplotlib-3.8.2-cp310-cp310-manylinux_2_17_x86_64.manylinux2014_x86_64.whl.metadata (5.8 kB)
Collecting python-dateutil>=2.8.2 (from pandas>=0.24.0->aif360==0.5.0)
  Using cached python_dateutil-2.8.2-py2.py3-none-any.whl (247 kB)
Collecting pytz>=2020.1 (from pandas>=0.24.0->aif360==0.5.0)
  Using cached pytz-2023.3.post1-py2.py3-none-any.whl.metadata (22 kB)
Collecting tzdata>=2022.1 (from pandas>=0.24.0->aif360==0.5.0)
  Using cached tzdata-2023.3-py2.py3-none-any.whl (341 kB)
Collecting joblib>=1.1.1 (from scikit-learn>=1.0->aif360==0.5.0)
  Using cached joblib-1.3.2-py3-none-any.whl.metadata (5.4 kB)
Collecting threadpoolctl>=2.0.0 (from scikit-learn>=1.0->aif360==0.5.0)
  Using cached threadpoolctl-3.2.0-py3-none-any.whl.metadata (10.0 kB)
Collecting contourpy>=1.0.1 (from matplotlib->aif360==0.5.0)
  Using cached contourpy-1.2.0-cp310-cp310-manylinux_2_17_x86_64.manylinux2014_x86_64.whl.metadata (5.8 kB)
Collecting cycler>=0.10 (from matplotlib->aif360==0.5.0)
  Using cached cycler-0.12.1-py3-none-any.whl.metadata (3.8 kB)
Collecting fonttools>=4.22.0 (from matplotlib->aif360==0.5.0)
  Using cached fonttools-4.45.0-cp310-cp310-manylinux_2_17_x86_64.manylinux2014_x86_64.whl.metadata (154 kB)
Collecting kiwisolver>=1.3.1 (from matplotlib->aif360==0.5.0)
  Using cached kiwisolver-1.4.5-cp310-cp310-manylinux_2_12_x86_64.manylinux2010_x86_64.whl.metadata (6.4 kB)
Collecting packaging>=20.0 (from matplotlib->aif360==0.5.0)
  Using cached packaging-23.2-py3-none-any.whl.metadata (3.2 kB)
Collecting pillow>=8 (from matplotlib->aif360==0.5.0)
  Using cached Pillow-10.1.0-cp310-cp310-manylinux_2_28_x86_64.whl.metadata (9.5 kB)
Collecting pyparsing>=2.3.1 (from matplotlib->aif360==0.5.0)
  Using cached pyparsing-3.1.1-py3-none-any.whl.metadata (5.1 kB)
Collecting six>=1.5 (from python-dateutil>=2.8.2->pandas>=0.24.0->aif360==0.5.0)
  Using cached six-1.16.0-py2.py3-none-any.whl (11 kB)
Using cached numpy-1.26.2-cp310-cp310-manylinux_2_17_x86_64.manylinux2014_x86_64.whl (18.2 MB)
Using cached pandas-2.1.3-cp310-cp310-manylinux_2_17_x86_64.manylinux2014_x86_64.whl (12.3 MB)
Using cached scikit_learn-1.3.2-cp310-cp310-manylinux_2_17_x86_64.manylinux2014_x86_64.whl (10.8 MB)
Using cached scipy-1.11.4-cp310-cp310-manylinux_2_17_x86_64.manylinux2014_x86_64.whl (36.4 MB)
Using cached matplotlib-3.8.2-cp310-cp310-manylinux_2_17_x86_64.manylinux2014_x86_64.whl (11.6 MB)
Using cached contourpy-1.2.0-cp310-cp310-manylinux_2_17_x86_64.manylinux2014_x86_64.whl (310 kB)
Using cached cycler-0.12.1-py3-none-any.whl (8.3 kB)
Using cached fonttools-4.45.0-cp310-cp310-manylinux_2_17_x86_64.manylinux2014_x86_64.whl (4.6 MB)
Using cached joblib-1.3.2-py3-none-any.whl (302 kB)
Using cached kiwisolver-1.4.5-cp310-cp310-manylinux_2_12_x86_64.manylinux2010_x86_64.whl (1.6 MB)
Using cached packaging-23.2-py3-none-any.whl (53 kB)
Using cached Pillow-10.1.0-cp310-cp310-manylinux_2_28_x86_64.whl (3.6 MB)
Using cached pyparsing-3.1.1-py3-none-any.whl (103 kB)
Using cached pytz-2023.3.post1-py2.py3-none-any.whl (502 kB)
Using cached threadpoolctl-3.2.0-py3-none-any.whl (15 kB)
Installing collected packages: pytz, tzdata, threadpoolctl, six, pyparsing, pillow, packaging, numpy, kiwisolver, joblib, fonttools, cycler, scipy, python-dateutil, contourpy, scikit-learn, pandas, matplotlib, aif360
Successfully installed aif360-0.5.0 contourpy-1.2.0 cycler-0.12.1 fonttools-4.45.0 joblib-1.3.2 kiwisolver-1.4.5 matplotlib-3.8.2 numpy-1.26.2 packaging-23.2 pandas-2.1.3 pillow-10.1.0 pyparsing-3.1.1 python-dateutil-2.8.2 pytz-2023.3.post1 scikit-learn-1.3.2 scipy-1.11.4 six-1.16.0 threadpoolctl-3.2.0 tzdata-2023.3
