Collecting asyncpg==0.27.0
  Downloading asyncpg-0.27.0.tar.gz (808 kB)
     ━━━━━━━━━━━━━━━━━━━━━━━━━━━━━━━━━━━━━━━ 808.9/808.9 kB 7.8 MB/s eta 0:00:00
auto-patching C API usages in /tmp/pip-install-j7_dyz6i/asyncpg_9b6066888432450cb95ea69edce6a80b/asyncpg/protocol/protocol.c
auto-patching C API usages in /tmp/pip-install-j7_dyz6i/asyncpg_9b6066888432450cb95ea69edce6a80b/asyncpg/protocol/record/recordobj.h
auto-patching C API usages in /tmp/pip-install-j7_dyz6i/asyncpg_9b6066888432450cb95ea69edce6a80b/asyncpg/protocol/record/recordobj.c
Looking for GraalPy patches for asyncpg
  Installing build dependencies: started
  Installing build dependencies: finished with status 'done'
  Getting requirements to build wheel: started
  Getting requirements to build wheel: finished with status 'done'
  Preparing metadata (pyproject.toml): started
  Preparing metadata (pyproject.toml): finished with status 'done'
Building wheels for collected packages: asyncpg
  Building wheel for asyncpg (pyproject.toml): started
  Building wheel for asyncpg (pyproject.toml): finished with status 'done'
  Created wheel for asyncpg: filename=asyncpg-0.27.0-graalpy310-graalpy231_310_native-linux_x86_64.whl size=574456 sha256=88feedd5ca9f6dd097861a9db6c0be5ab234217f2f43d3b96224295c51eecf74
  Stored in directory: /workdir/.cache/pip-graalpy/wheels/90/be/73/f9945611c21bf746ffce7ded7f463e2d4bfd57a00f79396c86
Successfully built asyncpg
Installing collected packages: asyncpg
Looking for GraalPy patches for asyncpg
Successfully installed asyncpg-0.27.0
