Collecting xarray==2022.12.0
  Downloading xarray-2022.12.0-py3-none-any.whl (969 kB)
     ━━━━━━━━━━━━━━━━━━━━━━━━━━━━━━━━━━━━━━━ 970.0/970.0 kB 7.6 MB/s eta 0:00:00
Collecting numpy>=1.20 (from xarray==2022.12.0)
  Using cached numpy-1.26.2-cp310-cp310-manylinux_2_17_x86_64.manylinux2014_x86_64.whl.metadata (61 kB)
Collecting pandas>=1.3 (from xarray==2022.12.0)
  Using cached pandas-2.1.3-cp310-cp310-manylinux_2_17_x86_64.manylinux2014_x86_64.whl.metadata (18 kB)
Collecting packaging>=21.3 (from xarray==2022.12.0)
  Using cached packaging-23.2-py3-none-any.whl.metadata (3.2 kB)
Collecting python-dateutil>=2.8.2 (from pandas>=1.3->xarray==2022.12.0)
  Using cached python_dateutil-2.8.2-py2.py3-none-any.whl (247 kB)
Collecting pytz>=2020.1 (from pandas>=1.3->xarray==2022.12.0)
  Using cached pytz-2023.3.post1-py2.py3-none-any.whl.metadata (22 kB)
Collecting tzdata>=2022.1 (from pandas>=1.3->xarray==2022.12.0)
  Using cached tzdata-2023.3-py2.py3-none-any.whl (341 kB)
Collecting six>=1.5 (from python-dateutil>=2.8.2->pandas>=1.3->xarray==2022.12.0)
  Using cached six-1.16.0-py2.py3-none-any.whl (11 kB)
Using cached numpy-1.26.2-cp310-cp310-manylinux_2_17_x86_64.manylinux2014_x86_64.whl (18.2 MB)
Using cached packaging-23.2-py3-none-any.whl (53 kB)
Using cached pandas-2.1.3-cp310-cp310-manylinux_2_17_x86_64.manylinux2014_x86_64.whl (12.3 MB)
Using cached pytz-2023.3.post1-py2.py3-none-any.whl (502 kB)
Installing collected packages: pytz, tzdata, six, packaging, numpy, python-dateutil, pandas, xarray
Successfully installed numpy-1.26.2 packaging-23.2 pandas-2.1.3 python-dateutil-2.8.2 pytz-2023.3.post1 six-1.16.0 tzdata-2023.3 xarray-2022.12.0
