Collecting lightfm==1.17
  Downloading lightfm-1.17.tar.gz (316 kB)
     ━━━━━━━━━━━━━━━━━━━━━━━━━━━━━━━━━━━━━━━ 316.4/316.4 kB 5.2 MB/s eta 0:00:00
  Preparing metadata (setup.py): started
  Preparing metadata (setup.py): finished with status 'done'
Collecting numpy (from lightfm==1.17)
  Using cached numpy-1.26.2-cp310-cp310-manylinux_2_17_x86_64.manylinux2014_x86_64.whl.metadata (61 kB)
Collecting scipy>=0.17.0 (from lightfm==1.17)
  Using cached scipy-1.11.4-cp310-cp310-manylinux_2_17_x86_64.manylinux2014_x86_64.whl.metadata (60 kB)
Collecting requests (from lightfm==1.17)
  Using cached requests-2.31.0-py3-none-any.whl.metadata (4.6 kB)
Collecting scikit-learn (from lightfm==1.17)
  Using cached scikit_learn-1.3.2-cp310-cp310-manylinux_2_17_x86_64.manylinux2014_x86_64.whl.metadata (11 kB)
Collecting charset-normalizer<4,>=2 (from requests->lightfm==1.17)
  Using cached charset_normalizer-3.3.2-cp310-cp310-manylinux_2_17_x86_64.manylinux2014_x86_64.whl.metadata (33 kB)
Collecting idna<4,>=2.5 (from requests->lightfm==1.17)
  Using cached idna-3.4-py3-none-any.whl (61 kB)
Collecting urllib3<3,>=1.21.1 (from requests->lightfm==1.17)
  Using cached urllib3-2.1.0-py3-none-any.whl.metadata (6.4 kB)
Collecting certifi>=2017.4.17 (from requests->lightfm==1.17)
  Using cached certifi-2023.11.17-py3-none-any.whl.metadata (2.2 kB)
Collecting joblib>=1.1.1 (from scikit-learn->lightfm==1.17)
  Using cached joblib-1.3.2-py3-none-any.whl.metadata (5.4 kB)
Collecting threadpoolctl>=2.0.0 (from scikit-learn->lightfm==1.17)
  Using cached threadpoolctl-3.2.0-py3-none-any.whl.metadata (10.0 kB)
Using cached scipy-1.11.4-cp310-cp310-manylinux_2_17_x86_64.manylinux2014_x86_64.whl (36.4 MB)
Using cached numpy-1.26.2-cp310-cp310-manylinux_2_17_x86_64.manylinux2014_x86_64.whl (18.2 MB)
Using cached requests-2.31.0-py3-none-any.whl (62 kB)
Using cached scikit_learn-1.3.2-cp310-cp310-manylinux_2_17_x86_64.manylinux2014_x86_64.whl (10.8 MB)
Using cached certifi-2023.11.17-py3-none-any.whl (162 kB)
Using cached charset_normalizer-3.3.2-cp310-cp310-manylinux_2_17_x86_64.manylinux2014_x86_64.whl (142 kB)
Using cached joblib-1.3.2-py3-none-any.whl (302 kB)
Using cached threadpoolctl-3.2.0-py3-none-any.whl (15 kB)
Using cached urllib3-2.1.0-py3-none-any.whl (104 kB)
Building wheels for collected packages: lightfm
  Building wheel for lightfm (setup.py): started
  Building wheel for lightfm (setup.py): finished with status 'done'
  Created wheel for lightfm: filename=lightfm-1.17-cp310-cp310-linux_x86_64.whl size=844793 sha256=f219308b64597915b2a5cc037793bcca113800a65e8cc0d1bce0e44fb4fa9227
  Stored in directory: /workdir/.cache/pip/wheels/4f/9b/7e/0b256f2168511d8fa4dae4fae0200fdbd729eb424a912ad636
Successfully built lightfm
Installing collected packages: urllib3, threadpoolctl, numpy, joblib, idna, charset-normalizer, certifi, scipy, requests, scikit-learn, lightfm
Successfully installed certifi-2023.11.17 charset-normalizer-3.3.2 idna-3.4 joblib-1.3.2 lightfm-1.17 numpy-1.26.2 requests-2.31.0 scikit-learn-1.3.2 scipy-1.11.4 threadpoolctl-3.2.0 urllib3-2.1.0
