Collecting lightfm==1.17
  Downloading lightfm-1.17.tar.gz (316 kB)
     ━━━━━━━━━━━━━━━━━━━━━━━━━━━━━━━━━━━━━━━ 316.4/316.4 kB 4.9 MB/s eta 0:00:00
Looking for GraalPy patches for lightfm
We have patches to make this package work on GraalVM for some version(s).
If installing or running fails, consider using one of the versions that we have patches for:
lightfm == 1.15
  Preparing metadata (setup.py): started
  Preparing metadata (setup.py): finished with status 'done'
Collecting numpy
  Using cached numpy-1.23.5-graalpy310-graalpy231_310_native-linux_x86_64.whl
Collecting scipy>=0.17.0
  Using cached scipy-1.10.1-graalpy310-graalpy231_310_native-linux_x86_64.whl
Collecting requests
  Using cached requests-2.31.0-py3-none-any.whl (62 kB)
Collecting scikit-learn
  Using cached scikit_learn-1.1.3-graalpy310-graalpy231_310_native-linux_x86_64.whl
Collecting charset-normalizer<4,>=2
  Using cached charset_normalizer-3.1.0-py3-none-any.whl (46 kB)
Collecting idna<4,>=2.5
  Using cached idna-3.4-py3-none-any.whl (61 kB)
Collecting urllib3<3,>=1.21.1
  Using cached urllib3-2.1.0-py3-none-any.whl (104 kB)
Collecting certifi>=2017.4.17
  Using cached certifi-2023.11.17-py3-none-any.whl (162 kB)
Collecting joblib>=1.0.0
  Using cached joblib-1.3.2-py3-none-any.whl (302 kB)
Collecting threadpoolctl>=2.0.0
  Using cached threadpoolctl-3.2.0-py3-none-any.whl (15 kB)
Building wheels for collected packages: lightfm
  Building wheel for lightfm (setup.py): started
  Building wheel for lightfm (setup.py): finished with status 'done'
  Created wheel for lightfm: filename=lightfm-1.17-graalpy310-graalpy231_310_native-linux_x86_64.whl size=431706 sha256=a79b740383cea67b3e7f84c69f3d3f9c5de80fcc638e02ec8b6ecefd7b0bc30a
  Stored in directory: /workdir/.cache/pip-graalpy/wheels/62/a8/8a/b49716a49b6a447a74ff075ed8708d8b52fc1cbc98f81b1afe
Successfully built lightfm
Installing collected packages: urllib3, threadpoolctl, numpy, joblib, idna, charset-normalizer, certifi, scipy, requests, scikit-learn, lightfm
Looking for GraalPy patches for urllib3
Looking for GraalPy patches for threadpoolctl
Looking for GraalPy patches for numpy
We have patches to make this package work on GraalVM for some version(s).
If installing or running fails, consider using one of the versions that we have patches for:
numpy == 1.16.4
numpy == 1.19.5
numpy == 1.21.6
numpy == 1.22.4
numpy == 1.23.4
numpy == 1.23.1
numpy == 1.23.5
Looking for GraalPy patches for joblib
Looking for GraalPy patches for idna
Looking for GraalPy patches for charset_normalizer
Patching package charset_normalizer using /opt/graalpy/lib/graalpy23.1/patches/charset_normalizer/charset_normalizer-3.1.0.patch
patching file charset_normalizer/utils.py
Hunk #1 succeeded at 7 with fuzz 2 (offset -4 lines).
Hunk #2 succeeded at 258 with fuzz 2 (offset 11 lines).
Looking for GraalPy patches for certifi
Looking for GraalPy patches for scipy
We have patches to make this package work on GraalVM for some version(s).
If installing or running fails, consider using one of the versions that we have patches for:
scipy == 1.4.1
scipy == 1.7.3
scipy == 1.8.1
scipy == 1.9.3
scipy == 1.10.1
Looking for GraalPy patches for requests
Looking for GraalPy patches for scikit_learn
Patching package scikit_learn using /opt/graalpy/lib/graalpy23.1/patches/scikit-learn/scikit-learn-1.1.3.patch
patching file sklearn/_build_utils/__init__.py
Hunk #1 FAILED at 61.
1 out of 1 hunk FAILED -- saving rejects to file sklearn/_build_utils/__init__.py.rej
Applying GraalPy patch failed for scikit_learn. The package may still work.
Looking for GraalPy patches for lightfm
We have patches to make this package work on GraalVM for some version(s).
If installing or running fails, consider using one of the versions that we have patches for:
lightfm == 1.15
Successfully installed certifi-2023.11.17 charset-normalizer-3.1.0 idna-3.4 joblib-1.3.2 lightfm-1.17 numpy-1.23.5 requests-2.31.0 scikit-learn-1.1.3 scipy-1.10.1 threadpoolctl-3.2.0 urllib3-2.1.0
