Collecting s3transfer==0.6.0
  Downloading s3transfer-0.6.0-py3-none-any.whl (79 kB)
     ━━━━━━━━━━━━━━━━━━━━━━━━━━━━━━━━━━━━━━━━ 79.6/79.6 kB 1.8 MB/s eta 0:00:00
Collecting botocore<2.0a.0,>=1.12.36
  Downloading botocore-1.33.2-py3-none-any.whl (11.7 MB)
     ━━━━━━━━━━━━━━━━━━━━━━━━━━━━━━━━━━━━━━━━ 11.7/11.7 MB 6.6 MB/s eta 0:00:00
Collecting jmespath<2.0.0,>=0.7.1
  Using cached jmespath-1.0.1-py3-none-any.whl (20 kB)
Collecting python-dateutil<3.0.0,>=2.1
  Using cached python_dateutil-2.8.2-py2.py3-none-any.whl (247 kB)
Collecting urllib3<2.1,>=1.25.4
  Downloading urllib3-2.0.7-py3-none-any.whl (124 kB)
     ━━━━━━━━━━━━━━━━━━━━━━━━━━━━━━━━━━━━━━━ 124.2/124.2 kB 4.7 MB/s eta 0:00:00
Collecting six>=1.5
  Using cached six-1.16.0-py2.py3-none-any.whl (11 kB)
Installing collected packages: urllib3, six, jmespath, python-dateutil, botocore, s3transfer
Looking for GraalPy patches for urllib3
Looking for GraalPy patches for six
Looking for GraalPy patches for jmespath
Looking for GraalPy patches for python_dateutil
Looking for GraalPy patches for botocore
Looking for GraalPy patches for s3transfer
Successfully installed botocore-1.33.2 jmespath-1.0.1 python-dateutil-2.8.2 s3transfer-0.6.0 six-1.16.0 urllib3-2.0.7
