Collecting requests-mock==1.10.0
  Downloading requests_mock-1.10.0-py2.py3-none-any.whl (28 kB)
Collecting requests<3,>=2.3 (from requests-mock==1.10.0)
  Using cached requests-2.31.0-py3-none-any.whl.metadata (4.6 kB)
Collecting six (from requests-mock==1.10.0)
  Using cached six-1.16.0-py2.py3-none-any.whl (11 kB)
Collecting charset-normalizer<4,>=2 (from requests<3,>=2.3->requests-mock==1.10.0)
  Using cached charset_normalizer-3.3.2-cp310-cp310-manylinux_2_17_x86_64.manylinux2014_x86_64.whl.metadata (33 kB)
Collecting idna<4,>=2.5 (from requests<3,>=2.3->requests-mock==1.10.0)
  Using cached idna-3.6-py3-none-any.whl.metadata (9.9 kB)
Collecting urllib3<3,>=1.21.1 (from requests<3,>=2.3->requests-mock==1.10.0)
  Using cached urllib3-2.1.0-py3-none-any.whl.metadata (6.4 kB)
Collecting certifi>=2017.4.17 (from requests<3,>=2.3->requests-mock==1.10.0)
  Using cached certifi-2023.11.17-py3-none-any.whl.metadata (2.2 kB)
Using cached requests-2.31.0-py3-none-any.whl (62 kB)
Using cached certifi-2023.11.17-py3-none-any.whl (162 kB)
Using cached charset_normalizer-3.3.2-cp310-cp310-manylinux_2_17_x86_64.manylinux2014_x86_64.whl (142 kB)
Using cached idna-3.6-py3-none-any.whl (61 kB)
Using cached urllib3-2.1.0-py3-none-any.whl (104 kB)
Installing collected packages: urllib3, six, idna, charset-normalizer, certifi, requests, requests-mock
Successfully installed certifi-2023.11.17 charset-normalizer-3.3.2 idna-3.6 requests-2.31.0 requests-mock-1.10.0 six-1.16.0 urllib3-2.1.0
