Collecting requests-mock==1.10.0
  Downloading requests_mock-1.10.0-py2.py3-none-any.whl (28 kB)
Collecting requests<3,>=2.3
  Using cached requests-2.31.0-py3-none-any.whl (62 kB)
Collecting six
  Using cached six-1.16.0-py2.py3-none-any.whl (11 kB)
Collecting charset-normalizer<4,>=2
  Using cached charset_normalizer-3.1.0-py3-none-any.whl (46 kB)
Collecting idna<4,>=2.5
  Using cached idna-3.6-py3-none-any.whl (61 kB)
Collecting urllib3<3,>=1.21.1
  Using cached urllib3-2.1.0-py3-none-any.whl (104 kB)
Collecting certifi>=2017.4.17
  Using cached certifi-2023.11.17-py3-none-any.whl (162 kB)
Installing collected packages: urllib3, six, idna, charset-normalizer, certifi, requests, requests-mock
Looking for GraalPy patches for urllib3
Looking for GraalPy patches for six
Looking for GraalPy patches for idna
Looking for GraalPy patches for charset_normalizer
Patching package charset_normalizer using /opt/graalpy/lib/graalpy23.1/patches/charset_normalizer/charset_normalizer-3.1.0.patch
patching file charset_normalizer/utils.py
Hunk #1 succeeded at 7 with fuzz 2 (offset -4 lines).
Hunk #2 succeeded at 258 with fuzz 2 (offset 11 lines).
Looking for GraalPy patches for certifi
Looking for GraalPy patches for requests
Looking for GraalPy patches for requests_mock
Successfully installed certifi-2023.11.17 charset-normalizer-3.1.0 idna-3.6 requests-2.31.0 requests-mock-1.10.0 six-1.16.0 urllib3-2.1.0
