[testenv]
commands = pytest -v --tb=native --junitxml /workdir/results/onnxruntime/1.14.1/1/cpython-test-results.xml
deps = mock
	pytest
	-rrequirements-training.txt
	-rrequirements-doc.txt
	-rrequirements-dev.txt
	-ronnxruntime/python/tools/transformers/requirements.txt
	-ronnxruntime/python/tools/transformers/models/stable_diffusion/requirements.txt
	-ronnxruntime/python/tools/tensorrt/perf/requirements.txt
	-rtools/ci_build/requirements.txt
	-rtools/ci_build/github/pai/requirements.txt
	-rtools/ci_build/github/linux/tvm/requirements.txt
	-rtools/ci_build/github/linux/docker/scripts/requirements.txt
	-rtools/ci_build/github/linux/docker/scripts/training/ortmodule/stage1/requirements_rocm/requirements.txt
	-rtools/ci_build/github/linux/docker/scripts/training/ortmodule/stage1/requirements_torch_nightly/requirements.txt
	-rtools/ci_build/github/linux/docker/scripts/training/ortmodule/stage1/requirements_torch_cpu/requirements.txt
	-rtools/ci_build/github/linux/docker/scripts/training/ortmodule/stage1/torch_eager_cpu/requirements.txt
	-rtools/ci_build/github/linux/docker/scripts/manylinux/requirements.txt
	-rtools/ci_build/github/linux/docker/inference/x64/python/cpu/scripts/requirements.txt
	-rtools/ci_build/github/windows/post_to_dashboard/requirements.txt
	-rtools/ci_build/github/windows/eager/requirements.txt
	-rtools/ci_build/github/apple/ios_packaging.requirements.txt
	-rtools/ci_build/github/apple/objectivec/static_analysis/requirements.txt
	-rtools/ci_build/github/python_checks/requirements.txt
	-rcmake/external/onnx/requirements-release.txt
	-rcmake/external/onnx/requirements-dev.txt
	-rcmake/external/onnx/requirements.txt
	-rcmake/external/onnx/third_party/pybind11/tests/requirements.txt
	-rcmake/external/onnx/third_party/benchmark/requirements.txt
	-rcmake/external/onnx/third_party/benchmark/tools/requirements.txt
	-rcmake/external/onnx/third_party/benchmark/bindings/python/requirements.txt
	-rcmake/external/onnxruntime-extensions/requirements-dev.txt
	-rcmake/external/onnxruntime-extensions/requirements.txt

