Collecting onnxruntime==1.14.1
  Downloading onnxruntime-1.14.1-cp310-cp310-manylinux_2_27_x86_64.whl (5.0 MB)
     ━━━━━━━━━━━━━━━━━━━━━━━━━━━━━━━━━━━━━━━━ 5.0/5.0 MB 5.0 MB/s eta 0:00:00
Collecting coloredlogs (from onnxruntime==1.14.1)
  Using cached coloredlogs-15.0.1-py2.py3-none-any.whl (46 kB)
Collecting flatbuffers (from onnxruntime==1.14.1)
  Using cached flatbuffers-23.5.26-py2.py3-none-any.whl.metadata (850 bytes)
Collecting numpy>=1.21.6 (from onnxruntime==1.14.1)
  Using cached numpy-1.26.2-cp310-cp310-manylinux_2_17_x86_64.manylinux2014_x86_64.whl.metadata (61 kB)
Collecting packaging (from onnxruntime==1.14.1)
  Using cached packaging-23.2-py3-none-any.whl.metadata (3.2 kB)
Collecting protobuf (from onnxruntime==1.14.1)
  Using cached protobuf-4.25.1-cp37-abi3-manylinux2014_x86_64.whl.metadata (541 bytes)
Collecting sympy (from onnxruntime==1.14.1)
  Using cached sympy-1.12-py3-none-any.whl (5.7 MB)
Collecting humanfriendly>=9.1 (from coloredlogs->onnxruntime==1.14.1)
  Using cached humanfriendly-10.0-py2.py3-none-any.whl (86 kB)
Collecting mpmath>=0.19 (from sympy->onnxruntime==1.14.1)
  Using cached mpmath-1.3.0-py3-none-any.whl (536 kB)
Using cached numpy-1.26.2-cp310-cp310-manylinux_2_17_x86_64.manylinux2014_x86_64.whl (18.2 MB)
Using cached flatbuffers-23.5.26-py2.py3-none-any.whl (26 kB)
Using cached packaging-23.2-py3-none-any.whl (53 kB)
Using cached protobuf-4.25.1-cp37-abi3-manylinux2014_x86_64.whl (294 kB)
Installing collected packages: mpmath, flatbuffers, sympy, protobuf, packaging, numpy, humanfriendly, coloredlogs, onnxruntime
Successfully installed coloredlogs-15.0.1 flatbuffers-23.5.26 humanfriendly-10.0 mpmath-1.3.0 numpy-1.26.2 onnxruntime-1.14.1 packaging-23.2 protobuf-4.25.1 sympy-1.12
Collecting onnxruntime==1.14.1
  Using cached onnxruntime-1.14.1-cp310-cp310-manylinux_2_27_x86_64.whl (5.0 MB)
Collecting coloredlogs (from onnxruntime==1.14.1)
  Using cached coloredlogs-15.0.1-py2.py3-none-any.whl (46 kB)
Collecting flatbuffers (from onnxruntime==1.14.1)
  Using cached flatbuffers-23.5.26-py2.py3-none-any.whl.metadata (850 bytes)
Collecting numpy>=1.21.6 (from onnxruntime==1.14.1)
  Using cached numpy-1.26.2-cp310-cp310-manylinux_2_17_x86_64.manylinux2014_x86_64.whl.metadata (61 kB)
Collecting packaging (from onnxruntime==1.14.1)
  Using cached packaging-23.2-py3-none-any.whl.metadata (3.2 kB)
Collecting protobuf (from onnxruntime==1.14.1)
  Using cached protobuf-4.25.1-cp37-abi3-manylinux2014_x86_64.whl.metadata (541 bytes)
Collecting sympy (from onnxruntime==1.14.1)
  Using cached sympy-1.12-py3-none-any.whl (5.7 MB)
Collecting humanfriendly>=9.1 (from coloredlogs->onnxruntime==1.14.1)
  Using cached humanfriendly-10.0-py2.py3-none-any.whl (86 kB)
Collecting mpmath>=0.19 (from sympy->onnxruntime==1.14.1)
  Using cached mpmath-1.3.0-py3-none-any.whl (536 kB)
Using cached numpy-1.26.2-cp310-cp310-manylinux_2_17_x86_64.manylinux2014_x86_64.whl (18.2 MB)
Using cached flatbuffers-23.5.26-py2.py3-none-any.whl (26 kB)
Using cached packaging-23.2-py3-none-any.whl (53 kB)
Using cached protobuf-4.25.1-cp37-abi3-manylinux2014_x86_64.whl (294 kB)
Installing collected packages: mpmath, flatbuffers, sympy, protobuf, packaging, numpy, humanfriendly, coloredlogs, onnxruntime
Successfully installed coloredlogs-15.0.1 flatbuffers-23.5.26 humanfriendly-10.0 mpmath-1.3.0 numpy-1.26.2 onnxruntime-1.14.1 packaging-23.2 protobuf-4.25.1 sympy-1.12
