Collecting onnxruntime==1.14.1
  Downloading https://github.com/microsoft/onnxruntime/archive/refs/tags/v1.14.1.tar.gz
     \ 199.5 MB 3.1 MB/s 0:01:10
Looking for GraalPy patches for onnxruntime
Patching package onnxruntime using /opt/graalpy/lib/graalpy23.1/patches/onnxruntime/onnxruntime-1.14.1.patch
patching file cmake/CMakeLists.txt
patching file pyproject.toml
patching file requirements.txt
patching file setup.py
patching file tools/ci_build/build.py
  Installing build dependencies: started
  Installing build dependencies: still running...
  Installing build dependencies: finished with status 'done'
  Getting requirements to build wheel: started
  Getting requirements to build wheel: still running...
  Getting requirements to build wheel: still running...
  Getting requirements to build wheel: still running...
  Getting requirements to build wheel: still running...
  Getting requirements to build wheel: still running...
  Getting requirements to build wheel: still running...
  Getting requirements to build wheel: still running...
  Getting requirements to build wheel: still running...
  Getting requirements to build wheel: still running...
  Getting requirements to build wheel: still running...
  Getting requirements to build wheel: still running...
  Getting requirements to build wheel: still running...
  Getting requirements to build wheel: still running...
  Getting requirements to build wheel: still running...
  Getting requirements to build wheel: still running...
  Getting requirements to build wheel: still running...
  Getting requirements to build wheel: still running...
  Getting requirements to build wheel: still running...
  Getting requirements to build wheel: still running...
  Getting requirements to build wheel: still running...
  Getting requirements to build wheel: still running...
  Getting requirements to build wheel: still running...
  Getting requirements to build wheel: still running...
  Getting requirements to build wheel: still running...
Collecting onnxruntime==1.14.1
  Using cached https://github.com/microsoft/onnxruntime/archive/refs/tags/v1.14.1.tar.gz
Looking for GraalPy patches for onnxruntime
Patching package onnxruntime using /opt/graalpy/lib/graalpy23.1/patches/onnxruntime/onnxruntime-1.14.1.patch
patching file cmake/CMakeLists.txt
patching file pyproject.toml
patching file requirements.txt
patching file setup.py
patching file tools/ci_build/build.py
  Installing build dependencies: started
  Installing build dependencies: finished with status 'done'
  Getting requirements to build wheel: started
  Getting requirements to build wheel: still running...
  Getting requirements to build wheel: still running...
  Getting requirements to build wheel: still running...
  Getting requirements to build wheel: still running...
  Getting requirements to build wheel: still running...
  Getting requirements to build wheel: still running...
  Getting requirements to build wheel: still running...
  Getting requirements to build wheel: still running...
  Getting requirements to build wheel: still running...
  Getting requirements to build wheel: still running...
  Getting requirements to build wheel: still running...
  Getting requirements to build wheel: still running...
  Getting requirements to build wheel: still running...
  Getting requirements to build wheel: still running...
  Getting requirements to build wheel: still running...
  Getting requirements to build wheel: still running...
  Getting requirements to build wheel: still running...
  Getting requirements to build wheel: still running...
  Getting requirements to build wheel: still running...
  Getting requirements to build wheel: still running...
  Getting requirements to build wheel: still running...
  Getting requirements to build wheel: still running...
  Getting requirements to build wheel: still running...
  Getting requirements to build wheel: still running...
  Getting requirements to build wheel: still running...
  Getting requirements to build wheel: still running...
  Getting requirements to build wheel: still running...
  Getting requirements to build wheel: still running...
  Getting requirements to build wheel: still running...
  Getting requirements to build wheel: still running...
  Getting requirements to build wheel: still running...
  Getting requirements to build wheel: finished with status 'done'
  Preparing metadata (pyproject.toml): started
  Preparing metadata (pyproject.toml): finished with status 'done'
Collecting coloredlogs
  Using cached coloredlogs-15.0.1-py2.py3-none-any.whl (46 kB)
Collecting flatbuffers
  Using cached flatbuffers-23.5.26-py2.py3-none-any.whl (26 kB)
Collecting numpy>=1.23.5
  Using cached numpy-1.23.5-graalpy310-graalpy231_310_native-linux_x86_64.whl
Collecting packaging
  Using cached packaging-23.2-py3-none-any.whl (53 kB)
Collecting protobuf
  Using cached protobuf-4.25.1-py3-none-any.whl (156 kB)
Collecting sympy
  Using cached sympy-1.12-py3-none-any.whl (5.7 MB)
Collecting humanfriendly>=9.1
  Using cached humanfriendly-10.0-py2.py3-none-any.whl (86 kB)
Collecting mpmath>=0.19
  Using cached mpmath-1.3.0-py3-none-any.whl (536 kB)
Building wheels for collected packages: onnxruntime
  Building wheel for onnxruntime (pyproject.toml): started
  Building wheel for onnxruntime (pyproject.toml): finished with status 'done'
  Created wheel for onnxruntime: filename=onnxruntime-1.14.1-graalpy310-graalpy231_310_native-linux_x86_64.whl size=7011330 sha256=17979ea01f4422b743e99dec9c8a52a055ea83dd04f45bc3bcc59dd510e53bff
  Stored in directory: /tmp/pip-ephem-wheel-cache-dkly78ph/wheels/d2/b3/ab/0f24a78c62ac939832e5c32340b9bfdc739e8bfe08b6354622
Successfully built onnxruntime
Installing collected packages: mpmath, flatbuffers, sympy, protobuf, packaging, numpy, humanfriendly, coloredlogs, onnxruntime
Looking for GraalPy patches for mpmath
Looking for GraalPy patches for flatbuffers
Looking for GraalPy patches for sympy
Looking for GraalPy patches for protobuf
We have patches to make this package work on GraalVM for some version(s).
If installing or running fails, consider using one of the versions that we have patches for:
protobuf == 3.21.9
Looking for GraalPy patches for packaging
Patching package packaging using /opt/graalpy/lib/graalpy23.1/patches/packaging/packaging.patch
patching file packaging/tags.py
Hunk #1 FAILED at 4.
Hunk #2 FAILED at 37.
2 out of 2 hunks FAILED -- saving rejects to file packaging/tags.py.rej
Applying GraalPy patch failed for packaging. The package may still work.
Looking for GraalPy patches for numpy
We have patches to make this package work on GraalVM for some version(s).
If installing or running fails, consider using one of the versions that we have patches for:
numpy == 1.16.4
numpy == 1.19.5
numpy == 1.21.6
numpy == 1.22.4
numpy == 1.23.4
numpy == 1.23.1
numpy == 1.23.5
Looking for GraalPy patches for humanfriendly
Looking for GraalPy patches for coloredlogs
Successfully installed coloredlogs-15.0.1 flatbuffers-23.5.26 humanfriendly-10.0 mpmath-1.3.0 numpy-1.23.5 onnxruntime-1.14.1 packaging-23.2 protobuf-4.25.1 sympy-1.12
