Collecting Flask-Cors==3.0.10
  Downloading Flask_Cors-3.0.10-py2.py3-none-any.whl (14 kB)
Collecting Flask>=0.9 (from Flask-Cors==3.0.10)
  Downloading flask-3.0.0-py3-none-any.whl.metadata (3.6 kB)
Collecting Six (from Flask-Cors==3.0.10)
  Using cached six-1.16.0-py2.py3-none-any.whl (11 kB)
Collecting Werkzeug>=3.0.0 (from Flask>=0.9->Flask-Cors==3.0.10)
  Using cached werkzeug-3.0.1-py3-none-any.whl.metadata (4.1 kB)
Collecting Jinja2>=3.1.2 (from Flask>=0.9->Flask-Cors==3.0.10)
  Using cached Jinja2-3.1.2-py3-none-any.whl (133 kB)
Collecting itsdangerous>=2.1.2 (from Flask>=0.9->Flask-Cors==3.0.10)
  Using cached itsdangerous-2.1.2-py3-none-any.whl (15 kB)
Collecting click>=8.1.3 (from Flask>=0.9->Flask-Cors==3.0.10)
  Using cached click-8.1.7-py3-none-any.whl.metadata (3.0 kB)
Collecting blinker>=1.6.2 (from Flask>=0.9->Flask-Cors==3.0.10)
  Downloading blinker-1.7.0-py3-none-any.whl.metadata (1.9 kB)
Collecting MarkupSafe>=2.0 (from Jinja2>=3.1.2->Flask>=0.9->Flask-Cors==3.0.10)
  Using cached MarkupSafe-2.1.3-cp310-cp310-manylinux_2_17_x86_64.manylinux2014_x86_64.whl.metadata (3.0 kB)
Downloading flask-3.0.0-py3-none-any.whl (99 kB)
   ━━━━━━━━━━━━━━━━━━━━━━━━━━━━━━━━━━━━━━━━ 99.7/99.7 kB 5.2 MB/s eta 0:00:00
Downloading blinker-1.7.0-py3-none-any.whl (13 kB)
Using cached click-8.1.7-py3-none-any.whl (97 kB)
Using cached werkzeug-3.0.1-py3-none-any.whl (226 kB)
Using cached MarkupSafe-2.1.3-cp310-cp310-manylinux_2_17_x86_64.manylinux2014_x86_64.whl (25 kB)
Installing collected packages: Six, MarkupSafe, itsdangerous, click, blinker, Werkzeug, Jinja2, Flask, Flask-Cors
Successfully installed Flask-3.0.0 Flask-Cors-3.0.10 Jinja2-3.1.2 MarkupSafe-2.1.3 Six-1.16.0 Werkzeug-3.0.1 blinker-1.7.0 click-8.1.7 itsdangerous-2.1.2
