Collecting Flask-Cors==3.0.10
  Downloading Flask_Cors-3.0.10-py2.py3-none-any.whl (14 kB)
Collecting Flask>=0.9
  Downloading flask-3.0.0-py3-none-any.whl (99 kB)
     ━━━━━━━━━━━━━━━━━━━━━━━━━━━━━━━━━━━━━━━━ 99.7/99.7 kB 2.2 MB/s eta 0:00:00
Collecting Six
  Using cached six-1.16.0-py2.py3-none-any.whl (11 kB)
Collecting Werkzeug>=3.0.0
  Using cached werkzeug-3.0.1-py3-none-any.whl (226 kB)
Collecting Jinja2>=3.1.2
  Using cached Jinja2-3.1.2-py3-none-any.whl (133 kB)
Collecting itsdangerous>=2.1.2
  Using cached itsdangerous-2.1.2-py3-none-any.whl (15 kB)
Collecting click>=8.1.3
  Using cached click-8.1.7-py3-none-any.whl (97 kB)
Collecting blinker>=1.6.2
  Downloading blinker-1.7.0-py3-none-any.whl (13 kB)
Collecting MarkupSafe>=2.0
  Using cached MarkupSafe-2.1.3-py3-none-any.whl
Installing collected packages: Six, MarkupSafe, itsdangerous, click, blinker, Werkzeug, Jinja2, Flask, Flask-Cors
Looking for GraalPy patches for six
Looking for GraalPy patches for MarkupSafe
Looking for GraalPy patches for itsdangerous
Looking for GraalPy patches for click
Looking for GraalPy patches for blinker
Looking for GraalPy patches for werkzeug
Looking for GraalPy patches for Jinja2
Looking for GraalPy patches for flask
Looking for GraalPy patches for Flask_Cors
Successfully installed Flask-3.0.0 Flask-Cors-3.0.10 Jinja2-3.1.2 MarkupSafe-2.1.3 Six-1.16.0 Werkzeug-3.0.1 blinker-1.7.0 click-8.1.7 itsdangerous-2.1.2
