Collecting Flask-OpenTracing==1.1.0
  Downloading Flask-OpenTracing-1.1.0.tar.gz (8.2 kB)
  Preparing metadata (setup.py): started
  Preparing metadata (setup.py): finished with status 'done'
Collecting Flask (from Flask-OpenTracing==1.1.0)
  Using cached flask-3.0.0-py3-none-any.whl.metadata (3.6 kB)
Collecting opentracing<3,>=2.0 (from Flask-OpenTracing==1.1.0)
  Downloading opentracing-2.4.0.tar.gz (46 kB)
     ━━━━━━━━━━━━━━━━━━━━━━━━━━━━━━━━━━━━━━━━ 46.2/46.2 kB 2.6 MB/s eta 0:00:00
  Preparing metadata (setup.py): started
  Preparing metadata (setup.py): finished with status 'done'
Collecting Werkzeug>=3.0.0 (from Flask->Flask-OpenTracing==1.1.0)
  Using cached werkzeug-3.0.1-py3-none-any.whl.metadata (4.1 kB)
Collecting Jinja2>=3.1.2 (from Flask->Flask-OpenTracing==1.1.0)
  Using cached Jinja2-3.1.2-py3-none-any.whl (133 kB)
Collecting itsdangerous>=2.1.2 (from Flask->Flask-OpenTracing==1.1.0)
  Using cached itsdangerous-2.1.2-py3-none-any.whl (15 kB)
Collecting click>=8.1.3 (from Flask->Flask-OpenTracing==1.1.0)
  Using cached click-8.1.7-py3-none-any.whl.metadata (3.0 kB)
Collecting blinker>=1.6.2 (from Flask->Flask-OpenTracing==1.1.0)
  Using cached blinker-1.7.0-py3-none-any.whl.metadata (1.9 kB)
Collecting MarkupSafe>=2.0 (from Jinja2>=3.1.2->Flask->Flask-OpenTracing==1.1.0)
  Using cached MarkupSafe-2.1.3-cp310-cp310-manylinux_2_17_x86_64.manylinux2014_x86_64.whl.metadata (3.0 kB)
Using cached flask-3.0.0-py3-none-any.whl (99 kB)
Using cached blinker-1.7.0-py3-none-any.whl (13 kB)
Using cached click-8.1.7-py3-none-any.whl (97 kB)
Using cached werkzeug-3.0.1-py3-none-any.whl (226 kB)
Using cached MarkupSafe-2.1.3-cp310-cp310-manylinux_2_17_x86_64.manylinux2014_x86_64.whl (25 kB)
Building wheels for collected packages: Flask-OpenTracing, opentracing
  Building wheel for Flask-OpenTracing (setup.py): started
  Building wheel for Flask-OpenTracing (setup.py): finished with status 'done'
  Created wheel for Flask-OpenTracing: filename=Flask_OpenTracing-1.1.0-py3-none-any.whl size=9082 sha256=de019416915843d7f648ae2d2c20dc2f321ead295b35102f6fb07ae9c89d930d
  Stored in directory: /workdir/.cache/pip/wheels/c7/93/01/9903c8a94f4a791911078a585edbc12d99e637666e9ce2732b
  Building wheel for opentracing (setup.py): started
  Building wheel for opentracing (setup.py): finished with status 'done'
  Created wheel for opentracing: filename=opentracing-2.4.0-py3-none-any.whl size=51404 sha256=eb014fb1416f8bf6fc9ab1623bc278549eca1ddeda154710980736f3428003af
  Stored in directory: /workdir/.cache/pip/wheels/5e/c0/c7/3feeba580a62305dea31634e0f2686f0b81a9b3c6be967d093
Successfully built Flask-OpenTracing opentracing
Installing collected packages: opentracing, MarkupSafe, itsdangerous, click, blinker, Werkzeug, Jinja2, Flask, Flask-OpenTracing
Successfully installed Flask-3.0.0 Flask-OpenTracing-1.1.0 Jinja2-3.1.2 MarkupSafe-2.1.3 Werkzeug-3.0.1 blinker-1.7.0 click-8.1.7 itsdangerous-2.1.2 opentracing-2.4.0
