Collecting Flask-OpenTracing==1.1.0
  Downloading Flask-OpenTracing-1.1.0.tar.gz (8.2 kB)
Looking for GraalPy patches for Flask-OpenTracing
  Preparing metadata (setup.py): started
  Preparing metadata (setup.py): finished with status 'done'
Collecting Flask
  Using cached flask-3.0.0-py3-none-any.whl (99 kB)
Collecting opentracing<3,>=2.0
  Downloading opentracing-2.4.0.tar.gz (46 kB)
     ━━━━━━━━━━━━━━━━━━━━━━━━━━━━━━━━━━━━━━━━ 46.2/46.2 kB 2.0 MB/s eta 0:00:00
Looking for GraalPy patches for opentracing
  Preparing metadata (setup.py): started
  Preparing metadata (setup.py): finished with status 'done'
Collecting Werkzeug>=3.0.0
  Using cached werkzeug-3.0.1-py3-none-any.whl (226 kB)
Collecting Jinja2>=3.1.2
  Using cached Jinja2-3.1.2-py3-none-any.whl (133 kB)
Collecting itsdangerous>=2.1.2
  Using cached itsdangerous-2.1.2-py3-none-any.whl (15 kB)
Collecting click>=8.1.3
  Using cached click-8.1.7-py3-none-any.whl (97 kB)
Collecting blinker>=1.6.2
  Using cached blinker-1.7.0-py3-none-any.whl (13 kB)
Collecting MarkupSafe>=2.0
  Using cached MarkupSafe-2.1.3-py3-none-any.whl
Building wheels for collected packages: Flask-OpenTracing, opentracing
  Building wheel for Flask-OpenTracing (setup.py): started
  Building wheel for Flask-OpenTracing (setup.py): finished with status 'done'
  Created wheel for Flask-OpenTracing: filename=Flask_OpenTracing-1.1.0-py3-none-any.whl size=9082 sha256=777ee0cd2c52de8666f32ee18e35d11b44b010453518585a60fddf16e7553195
  Stored in directory: /workdir/.cache/pip-graalpy/wheels/9c/84/a3/a913279bd78c7fdcc9bddf21d780f536a0ec153785ce66943d
  Building wheel for opentracing (setup.py): started
  Building wheel for opentracing (setup.py): finished with status 'done'
  Created wheel for opentracing: filename=opentracing-2.4.0-py3-none-any.whl size=51404 sha256=be2ff3e3ff105a6106f5c81dfd0d9b647724d081172082cea5cec0ca939ed149
  Stored in directory: /workdir/.cache/pip-graalpy/wheels/fb/5d/7a/29113a8e5d6bd807619fe26520b097bc1fe1026038af02b651
Successfully built Flask-OpenTracing opentracing
Installing collected packages: opentracing, MarkupSafe, itsdangerous, click, blinker, Werkzeug, Jinja2, Flask, Flask-OpenTracing
Looking for GraalPy patches for opentracing
Looking for GraalPy patches for MarkupSafe
Looking for GraalPy patches for itsdangerous
Looking for GraalPy patches for click
Looking for GraalPy patches for blinker
Looking for GraalPy patches for werkzeug
Looking for GraalPy patches for Jinja2
Looking for GraalPy patches for flask
Looking for GraalPy patches for Flask_OpenTracing
Successfully installed Flask-3.0.0 Flask-OpenTracing-1.1.0 Jinja2-3.1.2 MarkupSafe-2.1.3 Werkzeug-3.0.1 blinker-1.7.0 click-8.1.7 itsdangerous-2.1.2 opentracing-2.4.0
