Collecting hvac==1.1.1
  Downloading hvac-1.1.1-py3-none-any.whl.metadata (3.4 kB)
Collecting pyhcl<0.5.0,>=0.4.4 (from hvac==1.1.1)
  Downloading pyhcl-0.4.5-py3-none-any.whl.metadata (3.9 kB)
Collecting requests<3.0.0,>=2.27.1 (from hvac==1.1.1)
  Using cached requests-2.31.0-py3-none-any.whl.metadata (4.6 kB)
Collecting charset-normalizer<4,>=2 (from requests<3.0.0,>=2.27.1->hvac==1.1.1)
  Using cached charset_normalizer-3.3.2-cp310-cp310-manylinux_2_17_x86_64.manylinux2014_x86_64.whl.metadata (33 kB)
Collecting idna<4,>=2.5 (from requests<3.0.0,>=2.27.1->hvac==1.1.1)
  Using cached idna-3.4-py3-none-any.whl (61 kB)
Collecting urllib3<3,>=1.21.1 (from requests<3.0.0,>=2.27.1->hvac==1.1.1)
  Using cached urllib3-2.1.0-py3-none-any.whl.metadata (6.4 kB)
Collecting certifi>=2017.4.17 (from requests<3.0.0,>=2.27.1->hvac==1.1.1)
  Using cached certifi-2023.11.17-py3-none-any.whl.metadata (2.2 kB)
Downloading hvac-1.1.1-py3-none-any.whl (144 kB)
   ━━━━━━━━━━━━━━━━━━━━━━━━━━━━━━━━━━━━━━━━ 144.9/144.9 kB 4.4 MB/s eta 0:00:00
Downloading pyhcl-0.4.5-py3-none-any.whl (50 kB)
   ━━━━━━━━━━━━━━━━━━━━━━━━━━━━━━━━━━━━━━━━ 50.2/50.2 kB 5.1 MB/s eta 0:00:00
Using cached requests-2.31.0-py3-none-any.whl (62 kB)
Using cached certifi-2023.11.17-py3-none-any.whl (162 kB)
Using cached charset_normalizer-3.3.2-cp310-cp310-manylinux_2_17_x86_64.manylinux2014_x86_64.whl (142 kB)
Using cached urllib3-2.1.0-py3-none-any.whl (104 kB)
Installing collected packages: pyhcl, urllib3, idna, charset-normalizer, certifi, requests, hvac
Successfully installed certifi-2023.11.17 charset-normalizer-3.3.2 hvac-1.1.1 idna-3.4 pyhcl-0.4.5 requests-2.31.0 urllib3-2.1.0
