Collecting hvac==1.1.1
  Downloading hvac-1.1.1-py3-none-any.whl (144 kB)
     ━━━━━━━━━━━━━━━━━━━━━━━━━━━━━━━━━━━━━━━ 144.9/144.9 kB 3.0 MB/s eta 0:00:00
Collecting pyhcl<0.5.0,>=0.4.4
  Downloading pyhcl-0.4.5-py3-none-any.whl (50 kB)
     ━━━━━━━━━━━━━━━━━━━━━━━━━━━━━━━━━━━━━━━━ 50.2/50.2 kB 1.6 MB/s eta 0:00:00
Collecting requests<3.0.0,>=2.27.1
  Using cached requests-2.31.0-py3-none-any.whl (62 kB)
Collecting charset-normalizer<4,>=2
  Using cached charset_normalizer-3.1.0-py3-none-any.whl (46 kB)
Collecting idna<4,>=2.5
  Using cached idna-3.4-py3-none-any.whl (61 kB)
Collecting urllib3<3,>=1.21.1
  Using cached urllib3-2.1.0-py3-none-any.whl (104 kB)
Collecting certifi>=2017.4.17
  Using cached certifi-2023.11.17-py3-none-any.whl (162 kB)
Installing collected packages: pyhcl, urllib3, idna, charset-normalizer, certifi, requests, hvac
Looking for GraalPy patches for pyhcl
Looking for GraalPy patches for urllib3
Looking for GraalPy patches for idna
Looking for GraalPy patches for charset_normalizer
Patching package charset_normalizer using /opt/graalpy/lib/graalpy23.1/patches/charset_normalizer/charset_normalizer-3.1.0.patch
patching file charset_normalizer/utils.py
Hunk #1 succeeded at 7 with fuzz 2 (offset -4 lines).
Hunk #2 succeeded at 258 with fuzz 2 (offset 11 lines).
Looking for GraalPy patches for certifi
Looking for GraalPy patches for requests
Looking for GraalPy patches for hvac
Successfully installed certifi-2023.11.17 charset-normalizer-3.1.0 hvac-1.1.1 idna-3.4 pyhcl-0.4.5 requests-2.31.0 urllib3-2.1.0
