Collecting PyGithub==1.57
  Downloading PyGithub-1.57-py3-none-any.whl (297 kB)
     ━━━━━━━━━━━━━━━━━━━━━━━━━━━━━━━━━━━━━━━ 297.6/297.6 kB 5.0 MB/s eta 0:00:00
Collecting deprecated (from PyGithub==1.57)
  Downloading Deprecated-1.2.14-py2.py3-none-any.whl.metadata (5.4 kB)
Collecting pyjwt>=2.4.0 (from PyGithub==1.57)
  Downloading PyJWT-2.8.0-py3-none-any.whl.metadata (4.2 kB)
Collecting pynacl>=1.4.0 (from PyGithub==1.57)
  Downloading PyNaCl-1.5.0-cp36-abi3-manylinux_2_17_x86_64.manylinux2014_x86_64.manylinux_2_24_x86_64.whl (856 kB)
     ━━━━━━━━━━━━━━━━━━━━━━━━━━━━━━━━━━━━━━ 856.7/856.7 kB 11.7 MB/s eta 0:00:00
Collecting requests>=2.14.0 (from PyGithub==1.57)
  Downloading requests-2.31.0-py3-none-any.whl.metadata (4.6 kB)
Collecting cffi>=1.4.1 (from pynacl>=1.4.0->PyGithub==1.57)
  Downloading cffi-1.16.0-cp310-cp310-manylinux_2_17_x86_64.manylinux2014_x86_64.whl.metadata (1.5 kB)
Collecting charset-normalizer<4,>=2 (from requests>=2.14.0->PyGithub==1.57)
  Downloading charset_normalizer-3.3.2-cp310-cp310-manylinux_2_17_x86_64.manylinux2014_x86_64.whl.metadata (33 kB)
Collecting idna<4,>=2.5 (from requests>=2.14.0->PyGithub==1.57)
  Downloading idna-3.6-py3-none-any.whl.metadata (9.9 kB)
Collecting urllib3<3,>=1.21.1 (from requests>=2.14.0->PyGithub==1.57)
  Downloading urllib3-2.1.0-py3-none-any.whl.metadata (6.4 kB)
Collecting certifi>=2017.4.17 (from requests>=2.14.0->PyGithub==1.57)
  Downloading certifi-2023.11.17-py3-none-any.whl.metadata (2.2 kB)
Collecting wrapt<2,>=1.10 (from deprecated->PyGithub==1.57)
  Downloading wrapt-1.16.0-cp310-cp310-manylinux_2_5_x86_64.manylinux1_x86_64.manylinux_2_17_x86_64.manylinux2014_x86_64.whl.metadata (6.6 kB)
Collecting pycparser (from cffi>=1.4.1->pynacl>=1.4.0->PyGithub==1.57)
  Downloading pycparser-2.21-py2.py3-none-any.whl (118 kB)
     ━━━━━━━━━━━━━━━━━━━━━━━━━━━━━━━━━━━━━━━ 118.7/118.7 kB 6.8 MB/s eta 0:00:00
Downloading PyJWT-2.8.0-py3-none-any.whl (22 kB)
Downloading requests-2.31.0-py3-none-any.whl (62 kB)
   ━━━━━━━━━━━━━━━━━━━━━━━━━━━━━━━━━━━━━━━━ 62.6/62.6 kB 2.2 MB/s eta 0:00:00
Downloading Deprecated-1.2.14-py2.py3-none-any.whl (9.6 kB)
Downloading certifi-2023.11.17-py3-none-any.whl (162 kB)
   ━━━━━━━━━━━━━━━━━━━━━━━━━━━━━━━━━━━━━━━━ 162.5/162.5 kB 8.1 MB/s eta 0:00:00
Downloading cffi-1.16.0-cp310-cp310-manylinux_2_17_x86_64.manylinux2014_x86_64.whl (443 kB)
   ━━━━━━━━━━━━━━━━━━━━━━━━━━━━━━━━━━━━━━━━ 443.9/443.9 kB 14.3 MB/s eta 0:00:00
Downloading charset_normalizer-3.3.2-cp310-cp310-manylinux_2_17_x86_64.manylinux2014_x86_64.whl (142 kB)
   ━━━━━━━━━━━━━━━━━━━━━━━━━━━━━━━━━━━━━━━━ 142.1/142.1 kB 8.7 MB/s eta 0:00:00
Downloading idna-3.6-py3-none-any.whl (61 kB)
   ━━━━━━━━━━━━━━━━━━━━━━━━━━━━━━━━━━━━━━━━ 61.6/61.6 kB 4.3 MB/s eta 0:00:00
Downloading urllib3-2.1.0-py3-none-any.whl (104 kB)
   ━━━━━━━━━━━━━━━━━━━━━━━━━━━━━━━━━━━━━━━━ 104.6/104.6 kB 6.1 MB/s eta 0:00:00
Downloading wrapt-1.16.0-cp310-cp310-manylinux_2_5_x86_64.manylinux1_x86_64.manylinux_2_17_x86_64.manylinux2014_x86_64.whl (80 kB)
   ━━━━━━━━━━━━━━━━━━━━━━━━━━━━━━━━━━━━━━━━ 80.3/80.3 kB 5.6 MB/s eta 0:00:00
Installing collected packages: wrapt, urllib3, pyjwt, pycparser, idna, charset-normalizer, certifi, requests, deprecated, cffi, pynacl, PyGithub
Successfully installed PyGithub-1.57 certifi-2023.11.17 cffi-1.16.0 charset-normalizer-3.3.2 deprecated-1.2.14 idna-3.6 pycparser-2.21 pyjwt-2.8.0 pynacl-1.5.0 requests-2.31.0 urllib3-2.1.0 wrapt-1.16.0
