Collecting PyGithub==1.57
  Downloading PyGithub-1.57-py3-none-any.whl (297 kB)
     ━━━━━━━━━━━━━━━━━━━━━━━━━━━━━━━━━━━━━━━ 297.6/297.6 kB 2.5 MB/s eta 0:00:00
Collecting deprecated
  Downloading Deprecated-1.2.14-py2.py3-none-any.whl (9.6 kB)
Collecting pyjwt>=2.4.0
  Downloading PyJWT-2.8.0-py3-none-any.whl (22 kB)
Collecting pynacl>=1.4.0
  Downloading PyNaCl-1.5.0.tar.gz (3.4 MB)
     ━━━━━━━━━━━━━━━━━━━━━━━━━━━━━━━━━━━━━━━━ 3.4/3.4 MB 3.3 MB/s eta 0:00:00
Looking for GraalPy patches for PyNaCl
  Installing build dependencies: started
  Installing build dependencies: still running...
  Installing build dependencies: finished with status 'done'
  Getting requirements to build wheel: started
  Getting requirements to build wheel: finished with status 'done'
  Preparing metadata (pyproject.toml): started
  Preparing metadata (pyproject.toml): finished with status 'done'
Collecting requests>=2.14.0
  Downloading requests-2.31.0-py3-none-any.whl (62 kB)
     ━━━━━━━━━━━━━━━━━━━━━━━━━━━━━━━━━━━━━━━━ 62.6/62.6 kB 1.2 MB/s eta 0:00:00
Collecting cffi>=1.4.1
  Using cached cffi-1.15.1-graalpy310-graalpy231_310_native-linux_x86_64.whl
Collecting charset-normalizer<4,>=2
  Downloading charset_normalizer-3.1.0-py3-none-any.whl (46 kB)
     ━━━━━━━━━━━━━━━━━━━━━━━━━━━━━━━━━━━━━━━ 46.2/46.2 kB 660.4 kB/s eta 0:00:00
Collecting idna<4,>=2.5
  Downloading idna-3.6-py3-none-any.whl (61 kB)
     ━━━━━━━━━━━━━━━━━━━━━━━━━━━━━━━━━━━━━━━━ 61.6/61.6 kB 1.0 MB/s eta 0:00:00
Collecting urllib3<3,>=1.21.1
  Downloading urllib3-2.1.0-py3-none-any.whl (104 kB)
     ━━━━━━━━━━━━━━━━━━━━━━━━━━━━━━━━━━━━━━━ 104.6/104.6 kB 1.5 MB/s eta 0:00:00
Collecting certifi>=2017.4.17
  Using cached certifi-2023.11.17-py3-none-any.whl (162 kB)
Collecting wrapt<2,>=1.10
  Downloading wrapt-1.16.0-py3-none-any.whl (23 kB)
Collecting pycparser
  Using cached pycparser-2.21-py2.py3-none-any.whl (118 kB)
Building wheels for collected packages: pynacl
  Building wheel for pynacl (pyproject.toml): started
  Building wheel for pynacl (pyproject.toml): still running...
  Building wheel for pynacl (pyproject.toml): still running...
  Building wheel for pynacl (pyproject.toml): still running...
  Building wheel for pynacl (pyproject.toml): finished with status 'done'
  Created wheel for pynacl: filename=PyNaCl-1.5.0-graalpy310-graalpy231_310_native-linux_x86_64.whl size=384943 sha256=20fd382205fa69bdf299e467f7e626da64b0215c40fe1429d3ae581b3a14e0b8
  Stored in directory: /workdir/.cache/pip-graalpy/wheels/ea/55/02/f94124643ddb6ab4ca2933ffce6f1e49bc94fc4c234fd34867
Successfully built pynacl
Installing collected packages: wrapt, urllib3, pyjwt, pycparser, idna, charset-normalizer, certifi, requests, deprecated, cffi, pynacl, PyGithub
Looking for GraalPy patches for wrapt
Looking for GraalPy patches for urllib3
Looking for GraalPy patches for PyJWT
Looking for GraalPy patches for pycparser
Looking for GraalPy patches for idna
Looking for GraalPy patches for charset_normalizer
Patching package charset_normalizer using /opt/graalpy/lib/graalpy23.1/patches/charset_normalizer/charset_normalizer-3.1.0.patch
patching file charset_normalizer/utils.py
Hunk #1 succeeded at 7 with fuzz 2 (offset -4 lines).
Hunk #2 succeeded at 258 with fuzz 2 (offset 11 lines).
Looking for GraalPy patches for certifi
Looking for GraalPy patches for requests
Looking for GraalPy patches for Deprecated
Looking for GraalPy patches for cffi
Patching package cffi using /opt/graalpy/lib/graalpy23.1/patches/cffi/cffi-1.15.1.patch
can't find file to patch at input line 5
Perhaps you used the wrong -p or --strip option?
The text leading up to this was:
--------------------------
|diff --git a/c/_cffi_backend.c b/c/_cffi_backend.c
|index 2cdb76b..ab91032 100644
|--- a/c/_cffi_backend.c
|+++ b/c/_cffi_backend.c
--------------------------
No file to patch.  Skipping patch.
1 out of 1 hunk ignored
can't find file to patch at input line 18
Perhaps you used the wrong -p or --strip option?
The text leading up to this was:
--------------------------
|diff --git a/c/lib_obj.c b/c/lib_obj.c
|index 38bf3d5..9954f3b 100644
|--- a/c/lib_obj.c
|+++ b/c/lib_obj.c
--------------------------
No file to patch.  Skipping patch.
1 out of 1 hunk ignored
can't find file to patch at input line 35
Perhaps you used the wrong -p or --strip option?
The text leading up to this was:
--------------------------
|diff --git a/c/misc_thread_common.h b/c/misc_thread_common.h
|index 66e2835..b48fd85 100644
|--- a/c/misc_thread_common.h
|+++ b/c/misc_thread_common.h
--------------------------
No file to patch.  Skipping patch.
1 out of 1 hunk ignored
Applying GraalPy patch failed for cffi. The package may still work.
Looking for GraalPy patches for PyNaCl
Looking for GraalPy patches for PyGithub
Successfully installed PyGithub-1.57 certifi-2023.11.17 cffi-1.15.1 charset-normalizer-3.1.0 deprecated-1.2.14 idna-3.6 pycparser-2.21 pyjwt-2.8.0 pynacl-1.5.0 requests-2.31.0 urllib3-2.1.0 wrapt-1.16.0
