Collecting flake8-bandit==4.1.1
  Downloading flake8_bandit-4.1.1-py3-none-any.whl (4.8 kB)
Collecting flake8>=5.0.0 (from flake8-bandit==4.1.1)
  Downloading flake8-6.1.0-py2.py3-none-any.whl.metadata (3.8 kB)
Collecting bandit>=1.7.3 (from flake8-bandit==4.1.1)
  Downloading bandit-1.7.5-py3-none-any.whl (123 kB)
     ━━━━━━━━━━━━━━━━━━━━━━━━━━━━━━━━━━━━━━━ 123.3/123.3 kB 4.1 MB/s eta 0:00:00
Collecting GitPython>=1.0.1 (from bandit>=1.7.3->flake8-bandit==4.1.1)
  Downloading GitPython-3.1.40-py3-none-any.whl.metadata (12 kB)
Collecting PyYAML>=5.3.1 (from bandit>=1.7.3->flake8-bandit==4.1.1)
  Downloading PyYAML-6.0.1-cp310-cp310-manylinux_2_17_x86_64.manylinux2014_x86_64.whl.metadata (2.1 kB)
Collecting stevedore>=1.20.0 (from bandit>=1.7.3->flake8-bandit==4.1.1)
  Downloading stevedore-5.1.0-py3-none-any.whl.metadata (2.2 kB)
Collecting rich (from bandit>=1.7.3->flake8-bandit==4.1.1)
  Downloading rich-13.7.0-py3-none-any.whl.metadata (18 kB)
Collecting mccabe<0.8.0,>=0.7.0 (from flake8>=5.0.0->flake8-bandit==4.1.1)
  Using cached mccabe-0.7.0-py2.py3-none-any.whl (7.3 kB)
Collecting pycodestyle<2.12.0,>=2.11.0 (from flake8>=5.0.0->flake8-bandit==4.1.1)
  Downloading pycodestyle-2.11.1-py2.py3-none-any.whl.metadata (4.5 kB)
Collecting pyflakes<3.2.0,>=3.1.0 (from flake8>=5.0.0->flake8-bandit==4.1.1)
  Downloading pyflakes-3.1.0-py2.py3-none-any.whl.metadata (3.5 kB)
Collecting gitdb<5,>=4.0.1 (from GitPython>=1.0.1->bandit>=1.7.3->flake8-bandit==4.1.1)
  Downloading gitdb-4.0.11-py3-none-any.whl.metadata (1.2 kB)
Collecting pbr!=2.1.0,>=2.0.0 (from stevedore>=1.20.0->bandit>=1.7.3->flake8-bandit==4.1.1)
  Downloading pbr-6.0.0-py2.py3-none-any.whl.metadata (1.3 kB)
Collecting markdown-it-py>=2.2.0 (from rich->bandit>=1.7.3->flake8-bandit==4.1.1)
  Downloading markdown_it_py-3.0.0-py3-none-any.whl.metadata (6.9 kB)
Collecting pygments<3.0.0,>=2.13.0 (from rich->bandit>=1.7.3->flake8-bandit==4.1.1)
  Downloading pygments-2.17.1-py3-none-any.whl.metadata (2.6 kB)
Collecting smmap<6,>=3.0.1 (from gitdb<5,>=4.0.1->GitPython>=1.0.1->bandit>=1.7.3->flake8-bandit==4.1.1)
  Downloading smmap-5.0.1-py3-none-any.whl.metadata (4.3 kB)
Collecting mdurl~=0.1 (from markdown-it-py>=2.2.0->rich->bandit>=1.7.3->flake8-bandit==4.1.1)
  Downloading mdurl-0.1.2-py3-none-any.whl (10.0 kB)
Downloading flake8-6.1.0-py2.py3-none-any.whl (58 kB)
   ━━━━━━━━━━━━━━━━━━━━━━━━━━━━━━━━━━━━━━━━ 58.3/58.3 kB 9.6 MB/s eta 0:00:00
Downloading GitPython-3.1.40-py3-none-any.whl (190 kB)
   ━━━━━━━━━━━━━━━━━━━━━━━━━━━━━━━━━━━━━━━━ 190.6/190.6 kB 15.5 MB/s eta 0:00:00
Downloading pycodestyle-2.11.1-py2.py3-none-any.whl (31 kB)
Downloading pyflakes-3.1.0-py2.py3-none-any.whl (62 kB)
   ━━━━━━━━━━━━━━━━━━━━━━━━━━━━━━━━━━━━━━━━ 62.6/62.6 kB 11.6 MB/s eta 0:00:00
Downloading PyYAML-6.0.1-cp310-cp310-manylinux_2_17_x86_64.manylinux2014_x86_64.whl (705 kB)
   ━━━━━━━━━━━━━━━━━━━━━━━━━━━━━━━━━━━━━━━━ 705.5/705.5 kB 21.9 MB/s eta 0:00:00
Downloading stevedore-5.1.0-py3-none-any.whl (49 kB)
   ━━━━━━━━━━━━━━━━━━━━━━━━━━━━━━━━━━━━━━━━ 49.6/49.6 kB 8.8 MB/s eta 0:00:00
Downloading rich-13.7.0-py3-none-any.whl (240 kB)
   ━━━━━━━━━━━━━━━━━━━━━━━━━━━━━━━━━━━━━━━━ 240.6/240.6 kB 19.8 MB/s eta 0:00:00
Downloading gitdb-4.0.11-py3-none-any.whl (62 kB)
   ━━━━━━━━━━━━━━━━━━━━━━━━━━━━━━━━━━━━━━━━ 62.7/62.7 kB 10.1 MB/s eta 0:00:00
Downloading markdown_it_py-3.0.0-py3-none-any.whl (87 kB)
   ━━━━━━━━━━━━━━━━━━━━━━━━━━━━━━━━━━━━━━━━ 87.5/87.5 kB 14.1 MB/s eta 0:00:00
Downloading pbr-6.0.0-py2.py3-none-any.whl (107 kB)
   ━━━━━━━━━━━━━━━━━━━━━━━━━━━━━━━━━━━━━━━━ 107.5/107.5 kB 16.9 MB/s eta 0:00:00
Downloading pygments-2.17.1-py3-none-any.whl (1.2 MB)
   ━━━━━━━━━━━━━━━━━━━━━━━━━━━━━━━━━━━━━━━━ 1.2/1.2 MB 29.5 MB/s eta 0:00:00
Downloading smmap-5.0.1-py3-none-any.whl (24 kB)
Installing collected packages: smmap, PyYAML, pygments, pyflakes, pycodestyle, pbr, mdurl, mccabe, stevedore, markdown-it-py, gitdb, flake8, rich, GitPython, bandit, flake8-bandit
Successfully installed GitPython-3.1.40 PyYAML-6.0.1 bandit-1.7.5 flake8-6.1.0 flake8-bandit-4.1.1 gitdb-4.0.11 markdown-it-py-3.0.0 mccabe-0.7.0 mdurl-0.1.2 pbr-6.0.0 pycodestyle-2.11.1 pyflakes-3.1.0 pygments-2.17.1 rich-13.7.0 smmap-5.0.1 stevedore-5.1.0
