Collecting flake8-bandit==4.1.1
  Downloading flake8_bandit-4.1.1-py3-none-any.whl (4.8 kB)
Collecting flake8>=5.0.0
  Downloading flake8-6.1.0-py2.py3-none-any.whl (58 kB)
     ━━━━━━━━━━━━━━━━━━━━━━━━━━━━━━━━━━━━━━━ 58.3/58.3 kB 883.8 kB/s eta 0:00:00
Collecting bandit>=1.7.3
  Downloading bandit-1.7.5-py3-none-any.whl (123 kB)
     ━━━━━━━━━━━━━━━━━━━━━━━━━━━━━━━━━━━━━━━ 123.3/123.3 kB 4.4 MB/s eta 0:00:00
Collecting GitPython>=1.0.1
  Downloading GitPython-3.1.40-py3-none-any.whl (190 kB)
     ━━━━━━━━━━━━━━━━━━━━━━━━━━━━━━━━━━━━━━━ 190.6/190.6 kB 6.4 MB/s eta 0:00:00
Collecting PyYAML>=5.3.1
  Downloading PyYAML-6.0.1.tar.gz (125 kB)
     ━━━━━━━━━━━━━━━━━━━━━━━━━━━━━━━━━━━━━━━ 125.2/125.2 kB 5.0 MB/s eta 0:00:00
Looking for GraalPy patches for PyYAML
  Installing build dependencies: started
  Installing build dependencies: finished with status 'done'
  Getting requirements to build wheel: started
  Getting requirements to build wheel: finished with status 'done'
  Preparing metadata (pyproject.toml): started
  Preparing metadata (pyproject.toml): finished with status 'done'
Collecting stevedore>=1.20.0
  Downloading stevedore-5.1.0-py3-none-any.whl (49 kB)
     ━━━━━━━━━━━━━━━━━━━━━━━━━━━━━━━━━━━━━━━━ 49.6/49.6 kB 2.6 MB/s eta 0:00:00
Collecting rich
  Downloading rich-13.7.0-py3-none-any.whl (240 kB)
     ━━━━━━━━━━━━━━━━━━━━━━━━━━━━━━━━━━━━━━━ 240.6/240.6 kB 7.4 MB/s eta 0:00:00
Collecting mccabe<0.8.0,>=0.7.0
  Using cached mccabe-0.7.0-py2.py3-none-any.whl (7.3 kB)
Collecting pycodestyle<2.12.0,>=2.11.0
  Downloading pycodestyle-2.11.1-py2.py3-none-any.whl (31 kB)
Collecting pyflakes<3.2.0,>=3.1.0
  Downloading pyflakes-3.1.0-py2.py3-none-any.whl (62 kB)
     ━━━━━━━━━━━━━━━━━━━━━━━━━━━━━━━━━━━━━━━━ 62.6/62.6 kB 3.5 MB/s eta 0:00:00
Collecting gitdb<5,>=4.0.1
  Downloading gitdb-4.0.11-py3-none-any.whl (62 kB)
     ━━━━━━━━━━━━━━━━━━━━━━━━━━━━━━━━━━━━━━━━ 62.7/62.7 kB 3.4 MB/s eta 0:00:00
Collecting pbr!=2.1.0,>=2.0.0
  Downloading pbr-6.0.0-py2.py3-none-any.whl (107 kB)
     ━━━━━━━━━━━━━━━━━━━━━━━━━━━━━━━━━━━━━━━ 107.5/107.5 kB 5.2 MB/s eta 0:00:00
Collecting markdown-it-py>=2.2.0
  Downloading markdown_it_py-3.0.0-py3-none-any.whl (87 kB)
     ━━━━━━━━━━━━━━━━━━━━━━━━━━━━━━━━━━━━━━━━ 87.5/87.5 kB 4.7 MB/s eta 0:00:00
Collecting pygments<3.0.0,>=2.13.0
  Downloading pygments-2.17.1-py3-none-any.whl (1.2 MB)
     ━━━━━━━━━━━━━━━━━━━━━━━━━━━━━━━━━━━━━━━━ 1.2/1.2 MB 8.2 MB/s eta 0:00:00
Collecting smmap<6,>=3.0.1
  Downloading smmap-5.0.1-py3-none-any.whl (24 kB)
Collecting mdurl~=0.1
  Downloading mdurl-0.1.2-py3-none-any.whl (10.0 kB)
Building wheels for collected packages: PyYAML
  Building wheel for PyYAML (pyproject.toml): started
  Building wheel for PyYAML (pyproject.toml): finished with status 'done'
  Created wheel for PyYAML: filename=PyYAML-6.0.1-py3-none-any.whl size=46313 sha256=33f6c679ef36d52f190c8faedfb0e8689d7fdb4192d5e9990fa9009b35998dfe
  Stored in directory: /workdir/.cache/pip-graalpy/wheels/b0/ec/e1/03d86413fe37287e312e33379e2775e1ebd358309baf103aa7
Successfully built PyYAML
Installing collected packages: smmap, PyYAML, pygments, pyflakes, pycodestyle, pbr, mdurl, mccabe, stevedore, markdown-it-py, gitdb, flake8, rich, GitPython, bandit, flake8-bandit
Looking for GraalPy patches for smmap
Looking for GraalPy patches for PyYAML
Looking for GraalPy patches for pygments
Looking for GraalPy patches for pyflakes
Looking for GraalPy patches for pycodestyle
Looking for GraalPy patches for pbr
Looking for GraalPy patches for mdurl
Looking for GraalPy patches for mccabe
Looking for GraalPy patches for stevedore
Looking for GraalPy patches for markdown_it_py
Looking for GraalPy patches for gitdb
Looking for GraalPy patches for flake8
Looking for GraalPy patches for rich
Looking for GraalPy patches for GitPython
Looking for GraalPy patches for bandit
Looking for GraalPy patches for flake8_bandit
Successfully installed GitPython-3.1.40 PyYAML-6.0.1 bandit-1.7.5 flake8-6.1.0 flake8-bandit-4.1.1 gitdb-4.0.11 markdown-it-py-3.0.0 mccabe-0.7.0 mdurl-0.1.2 pbr-6.0.0 pycodestyle-2.11.1 pyflakes-3.1.0 pygments-2.17.1 rich-13.7.0 smmap-5.0.1 stevedore-5.1.0
