Collecting tensorflow-probability==0.19.0
  Downloading tensorflow_probability-0.19.0-py2.py3-none-any.whl (6.7 MB)
     ━━━━━━━━━━━━━━━━━━━━━━━━━━━━━━━━━━━━━━━━ 6.7/6.7 MB 25.0 MB/s eta 0:00:00
Collecting absl-py (from tensorflow-probability==0.19.0)
  Using cached absl_py-2.0.0-py3-none-any.whl.metadata (2.3 kB)
Collecting six>=1.10.0 (from tensorflow-probability==0.19.0)
  Using cached six-1.16.0-py2.py3-none-any.whl (11 kB)
Collecting numpy>=1.13.3 (from tensorflow-probability==0.19.0)
  Using cached numpy-1.26.2-cp310-cp310-manylinux_2_17_x86_64.manylinux2014_x86_64.whl.metadata (61 kB)
Collecting decorator (from tensorflow-probability==0.19.0)
  Using cached decorator-5.1.1-py3-none-any.whl (9.1 kB)
Collecting cloudpickle>=1.3 (from tensorflow-probability==0.19.0)
  Using cached cloudpickle-3.0.0-py3-none-any.whl.metadata (7.0 kB)
Collecting gast>=0.3.2 (from tensorflow-probability==0.19.0)
  Downloading gast-0.5.4-py3-none-any.whl (19 kB)
Collecting dm-tree (from tensorflow-probability==0.19.0)
  Downloading dm_tree-0.1.8-cp310-cp310-manylinux_2_17_x86_64.manylinux2014_x86_64.whl (152 kB)
     ━━━━━━━━━━━━━━━━━━━━━━━━━━━━━━━━━━━━━━ 152.8/152.8 kB 10.1 MB/s eta 0:00:00
Using cached cloudpickle-3.0.0-py3-none-any.whl (20 kB)
Using cached numpy-1.26.2-cp310-cp310-manylinux_2_17_x86_64.manylinux2014_x86_64.whl (18.2 MB)
Using cached absl_py-2.0.0-py3-none-any.whl (130 kB)
Installing collected packages: dm-tree, six, numpy, gast, decorator, cloudpickle, absl-py, tensorflow-probability
Successfully installed absl-py-2.0.0 cloudpickle-3.0.0 decorator-5.1.1 dm-tree-0.1.8 gast-0.5.4 numpy-1.26.2 six-1.16.0 tensorflow-probability-0.19.0
