Collecting tensorflow-probability==0.19.0
  Downloading tensorflow_probability-0.19.0-py2.py3-none-any.whl (6.7 MB)
     ━━━━━━━━━━━━━━━━━━━━━━━━━━━━━━━━━━━━━━━━ 6.7/6.7 MB 5.8 MB/s eta 0:00:00
Collecting absl-py
  Using cached absl_py-2.0.0-py3-none-any.whl (130 kB)
Collecting six>=1.10.0
  Using cached six-1.16.0-py2.py3-none-any.whl (11 kB)
Collecting numpy>=1.13.3
  Using cached numpy-1.23.5-graalpy310-graalpy231_310_native-linux_x86_64.whl
Collecting decorator
  Downloading decorator-5.1.1-py3-none-any.whl (9.1 kB)
Collecting cloudpickle>=1.3
  Using cached cloudpickle-2.2.1-py3-none-any.whl (25 kB)
Collecting gast>=0.3.2
  Using cached gast-0.5.4-py3-none-any.whl (19 kB)
Collecting dm-tree
  Downloading dm-tree-0.1.8.tar.gz (35 kB)
auto-patching C API usages in /tmp/pip-install-9cxsmorv/dm-tree_7dd449c2351646e3995f4ed6705e570c/tree/tree.cc
Looking for GraalPy patches for dm-tree
  Preparing metadata (setup.py): started
  Preparing metadata (setup.py): finished with status 'done'
Building wheels for collected packages: dm-tree
  Building wheel for dm-tree (setup.py): started
  Building wheel for dm-tree (setup.py): finished with status 'done'
  Created wheel for dm-tree: filename=dm_tree-0.1.8-graalpy310-graalpy231_310_native-linux_x86_64.whl size=129451 sha256=b816516ad93e4fee4218b40b7e485b13107dbd95fb428ce8cb50495c71c88065
  Stored in directory: /workdir/.cache/pip-graalpy/wheels/8e/72/af/218dde7bc6881d86708a795616c233d4f845ea99d8b9147438
Successfully built dm-tree
Installing collected packages: dm-tree, six, numpy, gast, decorator, cloudpickle, absl-py, tensorflow-probability
Looking for GraalPy patches for dm_tree
Looking for GraalPy patches for six
Looking for GraalPy patches for numpy
We have patches to make this package work on GraalVM for some version(s).
If installing or running fails, consider using one of the versions that we have patches for:
numpy == 1.16.4
numpy == 1.19.5
numpy == 1.21.6
numpy == 1.22.4
numpy == 1.23.4
numpy == 1.23.1
numpy == 1.23.5
Looking for GraalPy patches for gast
Looking for GraalPy patches for decorator
Looking for GraalPy patches for cloudpickle
Patching package cloudpickle using /opt/graalpy/lib/graalpy23.1/patches/cloudpickle/cloudpickle-2.2.1.patch
patching file cloudpickle/cloudpickle.py
patching file cloudpickle/cloudpickle_fast.py
Looking for GraalPy patches for absl_py
Looking for GraalPy patches for tensorflow_probability
Successfully installed absl-py-2.0.0 cloudpickle-2.2.1 decorator-5.1.1 dm-tree-0.1.8 gast-0.5.4 numpy-1.23.5 six-1.16.0 tensorflow-probability-0.19.0
