Collecting pyspark==3.4.1
  Downloading pyspark-3.4.1.tar.gz (310.8 MB)
     ━━━━━━━━━━━━━━━━━━━━━━━━━━━━━━━━━━━━━ 310.8/310.8 MB 627.9 kB/s eta 0:00:00
Looking for GraalPy patches for pyspark
Patching package pyspark using /opt/graalpy/lib/graalpy23.1/patches/pyspark/pyspark-3.4.1.patch
patching file pyspark/cloudpickle/cloudpickle.py
patching file pyspark/cloudpickle/cloudpickle_fast.py
patching file pyspark/conf.py
patching file pyspark/java_gateway.py
patching file pyspark/worker.py
patching file setup.py
  Preparing metadata (setup.py): started
  Preparing metadata (setup.py): finished with status 'done'
Collecting py4j==0.10.9.7
  Downloading py4j-0.10.9.7-py2.py3-none-any.whl (200 kB)
     ━━━━━━━━━━━━━━━━━━━━━━━━━━━━━━━━━━━━━━━ 200.5/200.5 kB 5.3 MB/s eta 0:00:00
Building wheels for collected packages: pyspark
  Building wheel for pyspark (setup.py): started
  Building wheel for pyspark (setup.py): finished with status 'done'
  Created wheel for pyspark: filename=pyspark-3.4.1-py2.py3-none-any.whl size=311280522 sha256=ee8b639e6c3b6a27a3ed4983b83af8357092ea5f98409dd9b878aea3d053738e
  Stored in directory: /workdir/.cache/pip-graalpy/wheels/a4/1a/fd/d2508b3eb18a2b6d6c62cd6fc560f8d37dc16884cefe0976ff
Successfully built pyspark
Installing collected packages: py4j, pyspark
Looking for GraalPy patches for py4j
Patching package py4j using /opt/graalpy/lib/graalpy23.1/patches/py4j/py4j.patch
patching file py4j/clientserver.py
Successfully installed py4j-0.10.9.7 pyspark-3.4.1
