Collecting aiodns==3.0.0
  Downloading aiodns-3.0.0-py3-none-any.whl (5.0 kB)
Collecting pycares>=4.0.0 (from aiodns==3.0.0)
  Downloading pycares-4.4.0-cp310-cp310-manylinux_2_17_x86_64.manylinux2014_x86_64.whl.metadata (4.1 kB)
Collecting cffi>=1.5.0 (from pycares>=4.0.0->aiodns==3.0.0)
  Downloading cffi-1.16.0-cp310-cp310-manylinux_2_17_x86_64.manylinux2014_x86_64.whl.metadata (1.5 kB)
Collecting pycparser (from cffi>=1.5.0->pycares>=4.0.0->aiodns==3.0.0)
  Downloading pycparser-2.21-py2.py3-none-any.whl (118 kB)
     ━━━━━━━━━━━━━━━━━━━━━━━━━━━━━━━━━━━━━━━ 118.7/118.7 kB 3.4 MB/s eta 0:00:00
Downloading pycares-4.4.0-cp310-cp310-manylinux_2_17_x86_64.manylinux2014_x86_64.whl (288 kB)
   ━━━━━━━━━━━━━━━━━━━━━━━━━━━━━━━━━━━━━━━━ 288.7/288.7 kB 8.2 MB/s eta 0:00:00
Downloading cffi-1.16.0-cp310-cp310-manylinux_2_17_x86_64.manylinux2014_x86_64.whl (443 kB)
   ━━━━━━━━━━━━━━━━━━━━━━━━━━━━━━━━━━━━━━━━ 443.9/443.9 kB 11.5 MB/s eta 0:00:00
Installing collected packages: pycparser, cffi, pycares, aiodns
Successfully installed aiodns-3.0.0 cffi-1.16.0 pycares-4.4.0 pycparser-2.21
Collecting aiodns==3.0.0
  Using cached aiodns-3.0.0-py3-none-any.whl (5.0 kB)
Collecting pycares>=4.0.0 (from aiodns==3.0.0)
  Using cached pycares-4.4.0-cp310-cp310-manylinux_2_17_x86_64.manylinux2014_x86_64.whl.metadata (4.1 kB)
Collecting cffi>=1.5.0 (from pycares>=4.0.0->aiodns==3.0.0)
  Using cached cffi-1.16.0-cp310-cp310-manylinux_2_17_x86_64.manylinux2014_x86_64.whl.metadata (1.5 kB)
Collecting pycparser (from cffi>=1.5.0->pycares>=4.0.0->aiodns==3.0.0)
  Using cached pycparser-2.21-py2.py3-none-any.whl (118 kB)
Using cached pycares-4.4.0-cp310-cp310-manylinux_2_17_x86_64.manylinux2014_x86_64.whl (288 kB)
Using cached cffi-1.16.0-cp310-cp310-manylinux_2_17_x86_64.manylinux2014_x86_64.whl (443 kB)
Installing collected packages: pycparser, cffi, pycares, aiodns
Successfully installed aiodns-3.0.0 cffi-1.16.0 pycares-4.4.0 pycparser-2.21
