Collecting aiodns==3.0.0
  Downloading aiodns-3.0.0-py3-none-any.whl (5.0 kB)
Collecting pycares>=4.0.0
  Downloading pycares-4.4.0.tar.gz (821 kB)
     ━━━━━━━━━━━━━━━━━━━━━━━━━━━━━━━━━━━━━━━ 821.6/821.6 kB 2.3 MB/s eta 0:00:00
Looking for GraalPy patches for pycares
  Installing build dependencies: started
  Installing build dependencies: still running...
  Installing build dependencies: finished with status 'done'
  Getting requirements to build wheel: started
  Getting requirements to build wheel: finished with status 'done'
  Preparing metadata (pyproject.toml): started
  Preparing metadata (pyproject.toml): finished with status 'done'
Collecting cffi>=1.5.0
  Using cached cffi-1.15.1-graalpy310-graalpy231_310_native-linux_x86_64.whl
Collecting pycparser
  Using cached pycparser-2.21-py2.py3-none-any.whl (118 kB)
Building wheels for collected packages: pycares
  Building wheel for pycares (pyproject.toml): started
  Building wheel for pycares (pyproject.toml): finished with status 'done'
  Created wheel for pycares: filename=pycares-4.4.0-graalpy310-graalpy231_310_native-linux_x86_64.whl size=79890 sha256=fe4eab8a383a881ff7aa7dcdc0f6398349810e35fdd54b7fe18c369bad64b443
  Stored in directory: /workdir/.cache/pip-graalpy/wheels/4f/61/0a/62fd6c8bd100a6fe08ccf27acd909ddc56897572abacfa0a76
Successfully built pycares
Installing collected packages: pycparser, cffi, pycares, aiodns
Looking for GraalPy patches for pycparser
Looking for GraalPy patches for cffi
Patching package cffi using /opt/graalpy/lib/graalpy23.1/patches/cffi/cffi-1.15.1.patch
can't find file to patch at input line 5
Perhaps you used the wrong -p or --strip option?
The text leading up to this was:
--------------------------
|diff --git a/c/_cffi_backend.c b/c/_cffi_backend.c
|index 2cdb76b..ab91032 100644
|--- a/c/_cffi_backend.c
|+++ b/c/_cffi_backend.c
--------------------------
No file to patch.  Skipping patch.
1 out of 1 hunk ignored
can't find file to patch at input line 18
Perhaps you used the wrong -p or --strip option?
The text leading up to this was:
--------------------------
|diff --git a/c/lib_obj.c b/c/lib_obj.c
|index 38bf3d5..9954f3b 100644
|--- a/c/lib_obj.c
|+++ b/c/lib_obj.c
--------------------------
No file to patch.  Skipping patch.
1 out of 1 hunk ignored
can't find file to patch at input line 35
Perhaps you used the wrong -p or --strip option?
The text leading up to this was:
--------------------------
|diff --git a/c/misc_thread_common.h b/c/misc_thread_common.h
|index 66e2835..b48fd85 100644
|--- a/c/misc_thread_common.h
|+++ b/c/misc_thread_common.h
--------------------------
No file to patch.  Skipping patch.
1 out of 1 hunk ignored
Applying GraalPy patch failed for cffi. The package may still work.
Looking for GraalPy patches for pycares
Looking for GraalPy patches for aiodns
Successfully installed aiodns-3.0.0 cffi-1.15.1 pycares-4.4.0 pycparser-2.21
Collecting aiodns==3.0.0
  Using cached aiodns-3.0.0-py3-none-any.whl (5.0 kB)
Collecting pycares>=4.0.0
  Using cached pycares-4.4.0-graalpy310-graalpy231_310_native-linux_x86_64.whl
Collecting cffi>=1.5.0
  Using cached cffi-1.15.1-graalpy310-graalpy231_310_native-linux_x86_64.whl
Collecting pycparser
  Using cached pycparser-2.21-py2.py3-none-any.whl (118 kB)
Installing collected packages: pycparser, cffi, pycares, aiodns
Looking for GraalPy patches for pycparser
Looking for GraalPy patches for cffi
Patching package cffi using /opt/graalpy/lib/graalpy23.1/patches/cffi/cffi-1.15.1.patch
can't find file to patch at input line 5
Perhaps you used the wrong -p or --strip option?
The text leading up to this was:
--------------------------
|diff --git a/c/_cffi_backend.c b/c/_cffi_backend.c
|index 2cdb76b..ab91032 100644
|--- a/c/_cffi_backend.c
|+++ b/c/_cffi_backend.c
--------------------------
No file to patch.  Skipping patch.
1 out of 1 hunk ignored
can't find file to patch at input line 18
Perhaps you used the wrong -p or --strip option?
The text leading up to this was:
--------------------------
|diff --git a/c/lib_obj.c b/c/lib_obj.c
|index 38bf3d5..9954f3b 100644
|--- a/c/lib_obj.c
|+++ b/c/lib_obj.c
--------------------------
No file to patch.  Skipping patch.
1 out of 1 hunk ignored
can't find file to patch at input line 35
Perhaps you used the wrong -p or --strip option?
The text leading up to this was:
--------------------------
|diff --git a/c/misc_thread_common.h b/c/misc_thread_common.h
|index 66e2835..b48fd85 100644
|--- a/c/misc_thread_common.h
|+++ b/c/misc_thread_common.h
--------------------------
No file to patch.  Skipping patch.
1 out of 1 hunk ignored
Applying GraalPy patch failed for cffi. The package may still work.
Looking for GraalPy patches for pycares
Looking for GraalPy patches for aiodns
Successfully installed aiodns-3.0.0 cffi-1.15.1 pycares-4.4.0 pycparser-2.21
