Collecting moto==4.1.2
  Downloading moto-4.1.2-py2.py3-none-any.whl (2.0 MB)
     ━━━━━━━━━━━━━━━━━━━━━━━━━━━━━━━━━━━━━━━━ 2.0/2.0 MB 17.2 MB/s eta 0:00:00
Collecting boto3>=1.9.201 (from moto==4.1.2)
  Downloading boto3-1.29.5-py3-none-any.whl.metadata (6.7 kB)
Collecting botocore>=1.12.201 (from moto==4.1.2)
  Downloading botocore-1.32.5-py3-none-any.whl.metadata (6.1 kB)
Collecting cryptography>=3.3.1 (from moto==4.1.2)
  Using cached cryptography-41.0.5-cp37-abi3-manylinux_2_28_x86_64.whl.metadata (5.2 kB)
Collecting requests>=2.5 (from moto==4.1.2)
  Using cached requests-2.31.0-py3-none-any.whl.metadata (4.6 kB)
Collecting xmltodict (from moto==4.1.2)
  Downloading xmltodict-0.13.0-py2.py3-none-any.whl (10.0 kB)
Collecting werkzeug!=2.2.0,!=2.2.1,>=0.5 (from moto==4.1.2)
  Using cached werkzeug-3.0.1-py3-none-any.whl.metadata (4.1 kB)
Collecting python-dateutil<3.0.0,>=2.1 (from moto==4.1.2)
  Using cached python_dateutil-2.8.2-py2.py3-none-any.whl (247 kB)
Collecting responses>=0.13.0 (from moto==4.1.2)
  Downloading responses-0.24.1-py3-none-any.whl.metadata (46 kB)
     ━━━━━━━━━━━━━━━━━━━━━━━━━━━━━━━━━━━━━━━━ 46.6/46.6 kB 3.2 MB/s eta 0:00:00
Collecting Jinja2>=2.10.1 (from moto==4.1.2)
  Using cached Jinja2-3.1.2-py3-none-any.whl (133 kB)
Collecting jmespath<2.0.0,>=0.7.1 (from boto3>=1.9.201->moto==4.1.2)
  Using cached jmespath-1.0.1-py3-none-any.whl (20 kB)
Collecting s3transfer<0.8.0,>=0.7.0 (from boto3>=1.9.201->moto==4.1.2)
  Using cached s3transfer-0.7.0-py3-none-any.whl.metadata (1.8 kB)
Collecting urllib3<2.1,>=1.25.4 (from botocore>=1.12.201->moto==4.1.2)
  Using cached urllib3-2.0.7-py3-none-any.whl.metadata (6.6 kB)
Collecting cffi>=1.12 (from cryptography>=3.3.1->moto==4.1.2)
  Using cached cffi-1.16.0-cp310-cp310-manylinux_2_17_x86_64.manylinux2014_x86_64.whl.metadata (1.5 kB)
Collecting MarkupSafe>=2.0 (from Jinja2>=2.10.1->moto==4.1.2)
  Using cached MarkupSafe-2.1.3-cp310-cp310-manylinux_2_17_x86_64.manylinux2014_x86_64.whl.metadata (3.0 kB)
Collecting six>=1.5 (from python-dateutil<3.0.0,>=2.1->moto==4.1.2)
  Using cached six-1.16.0-py2.py3-none-any.whl (11 kB)
Collecting charset-normalizer<4,>=2 (from requests>=2.5->moto==4.1.2)
  Using cached charset_normalizer-3.3.2-cp310-cp310-manylinux_2_17_x86_64.manylinux2014_x86_64.whl.metadata (33 kB)
Collecting idna<4,>=2.5 (from requests>=2.5->moto==4.1.2)
  Using cached idna-3.4-py3-none-any.whl (61 kB)
Collecting certifi>=2017.4.17 (from requests>=2.5->moto==4.1.2)
  Using cached certifi-2023.11.17-py3-none-any.whl.metadata (2.2 kB)
Collecting pyyaml (from responses>=0.13.0->moto==4.1.2)
  Using cached PyYAML-6.0.1-cp310-cp310-manylinux_2_17_x86_64.manylinux2014_x86_64.whl.metadata (2.1 kB)
Collecting pycparser (from cffi>=1.12->cryptography>=3.3.1->moto==4.1.2)
  Using cached pycparser-2.21-py2.py3-none-any.whl (118 kB)
Downloading boto3-1.29.5-py3-none-any.whl (135 kB)
   ━━━━━━━━━━━━━━━━━━━━━━━━━━━━━━━━━━━━━━━━ 135.8/135.8 kB 7.6 MB/s eta 0:00:00
Downloading botocore-1.32.5-py3-none-any.whl (11.5 MB)
   ━━━━━━━━━━━━━━━━━━━━━━━━━━━━━━━━━━━━━━━━ 11.5/11.5 MB 28.8 MB/s eta 0:00:00
Using cached cryptography-41.0.5-cp37-abi3-manylinux_2_28_x86_64.whl (4.4 MB)
Using cached requests-2.31.0-py3-none-any.whl (62 kB)
Downloading responses-0.24.1-py3-none-any.whl (55 kB)
   ━━━━━━━━━━━━━━━━━━━━━━━━━━━━━━━━━━━━━━━━ 55.1/55.1 kB 4.0 MB/s eta 0:00:00
Using cached werkzeug-3.0.1-py3-none-any.whl (226 kB)
Using cached certifi-2023.11.17-py3-none-any.whl (162 kB)
Using cached cffi-1.16.0-cp310-cp310-manylinux_2_17_x86_64.manylinux2014_x86_64.whl (443 kB)
Using cached charset_normalizer-3.3.2-cp310-cp310-manylinux_2_17_x86_64.manylinux2014_x86_64.whl (142 kB)
Using cached MarkupSafe-2.1.3-cp310-cp310-manylinux_2_17_x86_64.manylinux2014_x86_64.whl (25 kB)
Using cached s3transfer-0.7.0-py3-none-any.whl (79 kB)
Using cached urllib3-2.0.7-py3-none-any.whl (124 kB)
Using cached PyYAML-6.0.1-cp310-cp310-manylinux_2_17_x86_64.manylinux2014_x86_64.whl (705 kB)
Installing collected packages: xmltodict, urllib3, six, pyyaml, pycparser, MarkupSafe, jmespath, idna, charset-normalizer, certifi, werkzeug, requests, python-dateutil, Jinja2, cffi, responses, cryptography, botocore, s3transfer, boto3, moto
Successfully installed Jinja2-3.1.2 MarkupSafe-2.1.3 boto3-1.29.5 botocore-1.32.5 certifi-2023.11.17 cffi-1.16.0 charset-normalizer-3.3.2 cryptography-41.0.5 idna-3.4 jmespath-1.0.1 moto-4.1.2 pycparser-2.21 python-dateutil-2.8.2 pyyaml-6.0.1 requests-2.31.0 responses-0.24.1 s3transfer-0.7.0 six-1.16.0 urllib3-2.0.7 werkzeug-3.0.1 xmltodict-0.13.0
