Collecting moto==4.1.2
  Downloading moto-4.1.2-py2.py3-none-any.whl (2.0 MB)
     ━━━━━━━━━━━━━━━━━━━━━━━━━━━━━━━━━━━━━━━━ 2.0/2.0 MB 3.4 MB/s eta 0:00:00
Collecting boto3>=1.9.201
  Downloading boto3-1.29.5-py3-none-any.whl (135 kB)
     ━━━━━━━━━━━━━━━━━━━━━━━━━━━━━━━━━━━━━━━ 135.8/135.8 kB 5.0 MB/s eta 0:00:00
Collecting botocore>=1.12.201
  Downloading botocore-1.32.5-py3-none-any.whl (11.5 MB)
     ━━━━━━━━━━━━━━━━━━━━━━━━━━━━━━━━━━━━━━━━ 11.5/11.5 MB 7.6 MB/s eta 0:00:00
Collecting cryptography>=3.3.1
  Using cached cryptography-3.4.7-graalpy310-graalpy231_310_native-linux_x86_64.whl
Collecting requests>=2.5
  Using cached requests-2.31.0-py3-none-any.whl (62 kB)
Collecting xmltodict
  Downloading xmltodict-0.13.0-py2.py3-none-any.whl (10.0 kB)
Collecting werkzeug!=2.2.0,!=2.2.1,>=0.5
  Using cached werkzeug-3.0.1-py3-none-any.whl (226 kB)
Collecting python-dateutil<3.0.0,>=2.1
  Using cached python_dateutil-2.8.2-py2.py3-none-any.whl (247 kB)
Collecting responses>=0.13.0
  Downloading responses-0.24.1-py3-none-any.whl (55 kB)
     ━━━━━━━━━━━━━━━━━━━━━━━━━━━━━━━━━━━━━━━━ 55.1/55.1 kB 2.2 MB/s eta 0:00:00
Collecting Jinja2>=2.10.1
  Using cached Jinja2-3.1.2-py3-none-any.whl (133 kB)
Collecting jmespath<2.0.0,>=0.7.1
  Using cached jmespath-1.0.1-py3-none-any.whl (20 kB)
Collecting s3transfer<0.8.0,>=0.7.0
  Using cached s3transfer-0.7.0-py3-none-any.whl (79 kB)
Collecting urllib3<2.1,>=1.25.4
  Using cached urllib3-2.0.7-py3-none-any.whl (124 kB)
Collecting cffi>=1.12
  Using cached cffi-1.15.1-graalpy310-graalpy231_310_native-linux_x86_64.whl
Collecting MarkupSafe>=2.0
  Using cached MarkupSafe-2.1.3-py3-none-any.whl
Collecting six>=1.5
  Using cached six-1.16.0-py2.py3-none-any.whl (11 kB)
Collecting charset-normalizer<4,>=2
  Using cached charset_normalizer-3.1.0-py3-none-any.whl (46 kB)
Collecting idna<4,>=2.5
  Using cached idna-3.4-py3-none-any.whl (61 kB)
Collecting certifi>=2017.4.17
  Using cached certifi-2023.11.17-py3-none-any.whl (162 kB)
Collecting pyyaml
  Using cached PyYAML-6.0.1-py3-none-any.whl
Collecting pycparser
  Using cached pycparser-2.21-py2.py3-none-any.whl (118 kB)
Installing collected packages: xmltodict, urllib3, six, pyyaml, pycparser, MarkupSafe, jmespath, idna, charset-normalizer, certifi, werkzeug, requests, python-dateutil, Jinja2, cffi, responses, cryptography, botocore, s3transfer, boto3, moto
Looking for GraalPy patches for xmltodict
Looking for GraalPy patches for urllib3
Looking for GraalPy patches for six
Looking for GraalPy patches for PyYAML
Looking for GraalPy patches for pycparser
Looking for GraalPy patches for MarkupSafe
Looking for GraalPy patches for jmespath
Looking for GraalPy patches for idna
Looking for GraalPy patches for charset_normalizer
Patching package charset_normalizer using /opt/graalpy/lib/graalpy23.1/patches/charset_normalizer/charset_normalizer-3.1.0.patch
patching file charset_normalizer/utils.py
Hunk #1 succeeded at 7 with fuzz 2 (offset -4 lines).
Hunk #2 succeeded at 258 with fuzz 2 (offset 11 lines).
Looking for GraalPy patches for certifi
Looking for GraalPy patches for werkzeug
Looking for GraalPy patches for requests
Looking for GraalPy patches for python_dateutil
Looking for GraalPy patches for Jinja2
Looking for GraalPy patches for cffi
Patching package cffi using /opt/graalpy/lib/graalpy23.1/patches/cffi/cffi-1.15.1.patch
can't find file to patch at input line 5
Perhaps you used the wrong -p or --strip option?
The text leading up to this was:
--------------------------
|diff --git a/c/_cffi_backend.c b/c/_cffi_backend.c
|index 2cdb76b..ab91032 100644
|--- a/c/_cffi_backend.c
|+++ b/c/_cffi_backend.c
--------------------------
No file to patch.  Skipping patch.
1 out of 1 hunk ignored
can't find file to patch at input line 18
Perhaps you used the wrong -p or --strip option?
The text leading up to this was:
--------------------------
|diff --git a/c/lib_obj.c b/c/lib_obj.c
|index 38bf3d5..9954f3b 100644
|--- a/c/lib_obj.c
|+++ b/c/lib_obj.c
--------------------------
No file to patch.  Skipping patch.
1 out of 1 hunk ignored
can't find file to patch at input line 35
Perhaps you used the wrong -p or --strip option?
The text leading up to this was:
--------------------------
|diff --git a/c/misc_thread_common.h b/c/misc_thread_common.h
|index 66e2835..b48fd85 100644
|--- a/c/misc_thread_common.h
|+++ b/c/misc_thread_common.h
--------------------------
No file to patch.  Skipping patch.
1 out of 1 hunk ignored
Applying GraalPy patch failed for cffi. The package may still work.
Looking for GraalPy patches for responses
Looking for GraalPy patches for cryptography
Patching package cryptography using /opt/graalpy/lib/graalpy23.1/patches/cryptography/cryptography-3.4.7.patch
can't find file to patch at input line 14
Perhaps you used the wrong -p or --strip option?
The text leading up to this was:
--------------------------
|From 48c48e16800c6331598aa63849873f121122a3b0 Mon Sep 17 00:00:00 2001
|From: Michael Simacek <michael.simacek@oracle.com>
|Date: Mon, 24 Jan 2022 10:09:39 +0100
|Subject: [PATCH] Disable rust
|
|---
| setup.py | 2 +-
| 1 file changed, 1 insertion(+), 1 deletion(-)
|
|diff --git a/setup.py b/setup.py
|index 74f69e7..f24c626 100644
|--- a/setup.py
|+++ b/setup.py
--------------------------
No file to patch.  Skipping patch.
1 out of 1 hunk ignored
Applying GraalPy patch failed for cryptography. The package may still work.
Looking for GraalPy patches for botocore
Looking for GraalPy patches for s3transfer
Looking for GraalPy patches for boto3
Looking for GraalPy patches for moto
Successfully installed Jinja2-3.1.2 MarkupSafe-2.1.3 boto3-1.29.5 botocore-1.32.5 certifi-2023.11.17 cffi-1.15.1 charset-normalizer-3.1.0 cryptography-3.4.7 idna-3.4 jmespath-1.0.1 moto-4.1.2 pycparser-2.21 python-dateutil-2.8.2 pyyaml-6.0.1 requests-2.31.0 responses-0.24.1 s3transfer-0.7.0 six-1.16.0 urllib3-2.0.7 werkzeug-3.0.1 xmltodict-0.13.0
