Collecting bokeh==3.0.2
  Downloading bokeh-3.0.2-py3-none-any.whl (16.4 MB)
     ━━━━━━━━━━━━━━━━━━━━━━━━━━━━━━━━━━━━━━━━ 16.4/16.4 MB 27.1 MB/s eta 0:00:00
Collecting Jinja2>=2.9 (from bokeh==3.0.2)
  Using cached Jinja2-3.1.2-py3-none-any.whl (133 kB)
Collecting contourpy>=1 (from bokeh==3.0.2)
  Downloading contourpy-1.2.0-cp310-cp310-manylinux_2_17_x86_64.manylinux2014_x86_64.whl.metadata (5.8 kB)
Collecting numpy>=1.11.3 (from bokeh==3.0.2)
  Using cached numpy-1.26.2-cp310-cp310-manylinux_2_17_x86_64.manylinux2014_x86_64.whl.metadata (61 kB)
Collecting packaging>=16.8 (from bokeh==3.0.2)
  Using cached packaging-23.2-py3-none-any.whl.metadata (3.2 kB)
Collecting pandas>=1.2 (from bokeh==3.0.2)
  Downloading pandas-2.1.3-cp310-cp310-manylinux_2_17_x86_64.manylinux2014_x86_64.whl.metadata (18 kB)
Collecting pillow>=7.1.0 (from bokeh==3.0.2)
  Using cached Pillow-10.1.0-cp310-cp310-manylinux_2_28_x86_64.whl.metadata (9.5 kB)
Collecting PyYAML>=3.10 (from bokeh==3.0.2)
  Using cached PyYAML-6.0.1-cp310-cp310-manylinux_2_17_x86_64.manylinux2014_x86_64.whl.metadata (2.1 kB)
Collecting tornado>=5.1 (from bokeh==3.0.2)
  Downloading tornado-6.3.3-cp38-abi3-manylinux_2_5_x86_64.manylinux1_x86_64.manylinux_2_17_x86_64.manylinux2014_x86_64.whl.metadata (2.5 kB)
Collecting xyzservices>=2021.09.1 (from bokeh==3.0.2)
  Downloading xyzservices-2023.10.1-py3-none-any.whl.metadata (4.0 kB)
Collecting MarkupSafe>=2.0 (from Jinja2>=2.9->bokeh==3.0.2)
  Using cached MarkupSafe-2.1.3-cp310-cp310-manylinux_2_17_x86_64.manylinux2014_x86_64.whl.metadata (3.0 kB)
Collecting python-dateutil>=2.8.2 (from pandas>=1.2->bokeh==3.0.2)
  Using cached python_dateutil-2.8.2-py2.py3-none-any.whl (247 kB)
Collecting pytz>=2020.1 (from pandas>=1.2->bokeh==3.0.2)
  Using cached pytz-2023.3.post1-py2.py3-none-any.whl.metadata (22 kB)
Collecting tzdata>=2022.1 (from pandas>=1.2->bokeh==3.0.2)
  Downloading tzdata-2023.3-py2.py3-none-any.whl (341 kB)
     ━━━━━━━━━━━━━━━━━━━━━━━━━━━━━━━━━━━━━━ 341.8/341.8 kB 26.8 MB/s eta 0:00:00
Collecting six>=1.5 (from python-dateutil>=2.8.2->pandas>=1.2->bokeh==3.0.2)
  Using cached six-1.16.0-py2.py3-none-any.whl (11 kB)
Downloading contourpy-1.2.0-cp310-cp310-manylinux_2_17_x86_64.manylinux2014_x86_64.whl (310 kB)
   ━━━━━━━━━━━━━━━━━━━━━━━━━━━━━━━━━━━━━━━━ 310.7/310.7 kB 26.1 MB/s eta 0:00:00
Using cached numpy-1.26.2-cp310-cp310-manylinux_2_17_x86_64.manylinux2014_x86_64.whl (18.2 MB)
Using cached packaging-23.2-py3-none-any.whl (53 kB)
Downloading pandas-2.1.3-cp310-cp310-manylinux_2_17_x86_64.manylinux2014_x86_64.whl (12.3 MB)
   ━━━━━━━━━━━━━━━━━━━━━━━━━━━━━━━━━━━━━━━━ 12.3/12.3 MB 30.5 MB/s eta 0:00:00
Using cached Pillow-10.1.0-cp310-cp310-manylinux_2_28_x86_64.whl (3.6 MB)
Using cached PyYAML-6.0.1-cp310-cp310-manylinux_2_17_x86_64.manylinux2014_x86_64.whl (705 kB)
Downloading tornado-6.3.3-cp38-abi3-manylinux_2_5_x86_64.manylinux1_x86_64.manylinux_2_17_x86_64.manylinux2014_x86_64.whl (427 kB)
   ━━━━━━━━━━━━━━━━━━━━━━━━━━━━━━━━━━━━━━━━ 427.7/427.7 kB 26.5 MB/s eta 0:00:00
Downloading xyzservices-2023.10.1-py3-none-any.whl (56 kB)
   ━━━━━━━━━━━━━━━━━━━━━━━━━━━━━━━━━━━━━━━━ 56.3/56.3 kB 10.4 MB/s eta 0:00:00
Using cached MarkupSafe-2.1.3-cp310-cp310-manylinux_2_17_x86_64.manylinux2014_x86_64.whl (25 kB)
Using cached pytz-2023.3.post1-py2.py3-none-any.whl (502 kB)
Installing collected packages: pytz, xyzservices, tzdata, tornado, six, PyYAML, pillow, packaging, numpy, MarkupSafe, python-dateutil, Jinja2, contourpy, pandas, bokeh
Successfully installed Jinja2-3.1.2 MarkupSafe-2.1.3 PyYAML-6.0.1 bokeh-3.0.2 contourpy-1.2.0 numpy-1.26.2 packaging-23.2 pandas-2.1.3 pillow-10.1.0 python-dateutil-2.8.2 pytz-2023.3.post1 six-1.16.0 tornado-6.3.3 tzdata-2023.3 xyzservices-2023.10.1
