Collecting bokeh==3.0.2
  Downloading bokeh-3.0.2-py3-none-any.whl (16.4 MB)
     ━━━━━━━━━━━━━━━━━━━━━━━━━━━━━━━━━━━━━━━━ 16.4/16.4 MB 6.1 MB/s eta 0:00:00
Collecting Jinja2>=2.9
  Using cached Jinja2-3.1.2-py3-none-any.whl (133 kB)
Collecting contourpy>=1
  Using cached contourpy-1.2.0-graalpy310-graalpy231_310_native-linux_x86_64.whl
Collecting numpy>=1.11.3
  Using cached numpy-1.23.5-graalpy310-graalpy231_310_native-linux_x86_64.whl
Collecting packaging>=16.8
  Using cached packaging-23.2-py3-none-any.whl (53 kB)
Collecting pandas>=1.2
  Using cached pandas-1.5.2-graalpy310-graalpy231_310_native-linux_x86_64.whl
Collecting pillow>=7.1.0
  Using cached Pillow-10.1.0-graalpy310-graalpy231_310_native-linux_x86_64.whl
Collecting PyYAML>=3.10
  Using cached PyYAML-6.0.1-py3-none-any.whl
Collecting tornado>=5.1
  Downloading tornado-6.3.3.tar.gz (509 kB)
     ━━━━━━━━━━━━━━━━━━━━━━━━━━━━━━━━━━━━━━━ 509.9/509.9 kB 8.0 MB/s eta 0:00:00
Looking for GraalPy patches for tornado
  Installing build dependencies: started
  Installing build dependencies: finished with status 'done'
  Getting requirements to build wheel: started
  Getting requirements to build wheel: finished with status 'done'
  Preparing metadata (pyproject.toml): started
  Preparing metadata (pyproject.toml): finished with status 'done'
Collecting xyzservices>=2021.09.1
  Downloading xyzservices-2023.10.1-py3-none-any.whl (56 kB)
     ━━━━━━━━━━━━━━━━━━━━━━━━━━━━━━━━━━━━━━━━ 56.3/56.3 kB 2.5 MB/s eta 0:00:00
Collecting MarkupSafe>=2.0
  Using cached MarkupSafe-2.1.3-py3-none-any.whl
Collecting python-dateutil>=2.8.1
  Using cached python_dateutil-2.8.2-py2.py3-none-any.whl (247 kB)
Collecting pytz>=2020.1
  Using cached pytz-2022.2.1-py2.py3-none-any.whl (500 kB)
Collecting six>=1.5
  Using cached six-1.16.0-py2.py3-none-any.whl (11 kB)
Building wheels for collected packages: tornado
  Building wheel for tornado (pyproject.toml): started
  Building wheel for tornado (pyproject.toml): finished with status 'done'
  Created wheel for tornado: filename=tornado-6.3.3-py3-none-any.whl size=421434 sha256=ab5a5023122a1bef663fb2d9089fe1d9af21cd2546c3addef2fc29c89f8dc6f8
  Stored in directory: /workdir/.cache/pip-graalpy/wheels/8f/8b/7c/b6540a2b9b2a929cc0c6ec68ef7c2ebacd11e19835cd7341c1
Successfully built tornado
Installing collected packages: pytz, xyzservices, tornado, six, PyYAML, pillow, packaging, numpy, MarkupSafe, python-dateutil, Jinja2, contourpy, pandas, bokeh
Looking for GraalPy patches for pytz
Patching package pytz using /opt/graalpy/lib/graalpy23.1/patches/pytz/pytz-2022.2.1.patch
Looking for GraalPy patches for xyzservices
Looking for GraalPy patches for tornado
Looking for GraalPy patches for six
Looking for GraalPy patches for PyYAML
Looking for GraalPy patches for Pillow
Looking for GraalPy patches for packaging
Patching package packaging using /opt/graalpy/lib/graalpy23.1/patches/packaging/packaging.patch
patching file packaging/tags.py
Hunk #1 FAILED at 4.
Hunk #2 FAILED at 37.
2 out of 2 hunks FAILED -- saving rejects to file packaging/tags.py.rej
Applying GraalPy patch failed for packaging. The package may still work.
Looking for GraalPy patches for numpy
We have patches to make this package work on GraalVM for some version(s).
If installing or running fails, consider using one of the versions that we have patches for:
numpy == 1.16.4
numpy == 1.19.5
numpy == 1.21.6
numpy == 1.22.4
numpy == 1.23.4
numpy == 1.23.1
numpy == 1.23.5
Looking for GraalPy patches for MarkupSafe
Looking for GraalPy patches for python_dateutil
Looking for GraalPy patches for Jinja2
Looking for GraalPy patches for contourpy
Looking for GraalPy patches for pandas
We have patches to make this package work on GraalVM for some version(s).
If installing or running fails, consider using one of the versions that we have patches for:
pandas == 1.4.3
pandas == 1.5.2
Looking for GraalPy patches for bokeh
Successfully installed Jinja2-3.1.2 MarkupSafe-2.1.3 PyYAML-6.0.1 bokeh-3.0.2 contourpy-1.2.0 numpy-1.23.5 packaging-23.2 pandas-1.5.2 pillow-10.1.0 python-dateutil-2.8.2 pytz-2022.2.1 six-1.16.0 tornado-6.3.3 xyzservices-2023.10.1
