Collecting PyAutoGUI==0.9.53
  Downloading PyAutoGUI-0.9.53.tar.gz (59 kB)
     ━━━━━━━━━━━━━━━━━━━━━━━━━━━━━━━━━━━━━━━━ 59.0/59.0 kB 3.3 MB/s eta 0:00:00
  Preparing metadata (setup.py): started
  Preparing metadata (setup.py): finished with status 'done'
Collecting pymsgbox (from PyAutoGUI==0.9.53)
  Downloading PyMsgBox-1.0.9.tar.gz (18 kB)
  Installing build dependencies: started
  Installing build dependencies: finished with status 'done'
  Getting requirements to build wheel: started
  Getting requirements to build wheel: finished with status 'done'
  Preparing metadata (pyproject.toml): started
  Preparing metadata (pyproject.toml): finished with status 'done'
Collecting PyTweening>=1.0.1 (from PyAutoGUI==0.9.53)
  Downloading pytweening-1.0.7.tar.gz (168 kB)
     ━━━━━━━━━━━━━━━━━━━━━━━━━━━━━━━━━━━━━━━ 168.2/168.2 kB 9.5 MB/s eta 0:00:00
  Preparing metadata (setup.py): started
  Preparing metadata (setup.py): finished with status 'done'
Collecting pyscreeze>=0.1.21 (from PyAutoGUI==0.9.53)
  Downloading PyScreeze-0.1.30.tar.gz (27 kB)
  Installing build dependencies: started
  Installing build dependencies: finished with status 'done'
  Getting requirements to build wheel: started
  Getting requirements to build wheel: finished with status 'done'
  Preparing metadata (pyproject.toml): started
  Preparing metadata (pyproject.toml): finished with status 'done'
Collecting pygetwindow>=0.0.5 (from PyAutoGUI==0.9.53)
  Downloading PyGetWindow-0.0.9.tar.gz (9.7 kB)
  Preparing metadata (setup.py): started
  Preparing metadata (setup.py): finished with status 'done'
Collecting mouseinfo (from PyAutoGUI==0.9.53)
  Downloading MouseInfo-0.1.3.tar.gz (10 kB)
  Preparing metadata (setup.py): started
  Preparing metadata (setup.py): finished with status 'done'
Collecting python3-Xlib (from PyAutoGUI==0.9.53)
  Downloading python3-xlib-0.15.tar.gz (132 kB)
     ━━━━━━━━━━━━━━━━━━━━━━━━━━━━━━━━━━━━━━ 132.8/132.8 kB 15.6 MB/s eta 0:00:00
  Preparing metadata (setup.py): started
  Preparing metadata (setup.py): finished with status 'done'
Collecting pyrect (from pygetwindow>=0.0.5->PyAutoGUI==0.9.53)
  Downloading PyRect-0.2.0.tar.gz (17 kB)
  Preparing metadata (setup.py): started
  Preparing metadata (setup.py): finished with status 'done'
Collecting Pillow>=9.2.0 (from pyscreeze>=0.1.21->PyAutoGUI==0.9.53)
  Using cached Pillow-10.1.0-cp310-cp310-manylinux_2_28_x86_64.whl.metadata (9.5 kB)
Collecting pyperclip (from mouseinfo->PyAutoGUI==0.9.53)
  Using cached pyperclip-1.8.2-py3-none-any.whl
Using cached Pillow-10.1.0-cp310-cp310-manylinux_2_28_x86_64.whl (3.6 MB)
Building wheels for collected packages: PyAutoGUI, pygetwindow, pyscreeze, PyTweening, mouseinfo, pymsgbox, python3-Xlib, pyrect
  Building wheel for PyAutoGUI (setup.py): started
  Building wheel for PyAutoGUI (setup.py): finished with status 'done'
  Created wheel for PyAutoGUI: filename=PyAutoGUI-0.9.53-py3-none-any.whl size=36598 sha256=e3047afa84b51766f777a36bc8da3a5f8fb753ca13b7f8d8e0391f509e62961f
  Stored in directory: /workdir/.cache/pip/wheels/00/4e/de/0f11ae7571af9af4e5a9e8fa4a8ad2ad5cb6bc07ef57d843de
  Building wheel for pygetwindow (setup.py): started
  Building wheel for pygetwindow (setup.py): finished with status 'done'
  Created wheel for pygetwindow: filename=PyGetWindow-0.0.9-py3-none-any.whl size=11064 sha256=9b83990107c0a9652a02ca3f4b9240ccd82a30986a5365320b3398935c50cd63
  Stored in directory: /workdir/.cache/pip/wheels/02/f6/64/c5d427819f80553df2398bfecc351e94e00371c1dcb6edb24e
  Building wheel for pyscreeze (pyproject.toml): started
  Building wheel for pyscreeze (pyproject.toml): finished with status 'done'
  Created wheel for pyscreeze: filename=PyScreeze-0.1.30-py3-none-any.whl size=14385 sha256=f64e0df2633c1be4fdeb89480b4a3adcc9d6cadd8682a75da8a16f85c5d1636e
  Stored in directory: /workdir/.cache/pip/wheels/c4/46/42/d3613adf9880c8b4a780c07a8cf85df12ca04a9a0ca77c6c02
  Building wheel for PyTweening (setup.py): started
  Building wheel for PyTweening (setup.py): finished with status 'done'
  Created wheel for PyTweening: filename=pytweening-1.0.7-py3-none-any.whl size=6197 sha256=b8e0d924865d5d42f8c561e75e923aea4ea0697814585d1c59547f0d8d39f06b
  Stored in directory: /workdir/.cache/pip/wheels/ae/a3/d7/36c45539416215425b3247e37b691a98a03b1db7b13b7f9632
  Building wheel for mouseinfo (setup.py): started
  Building wheel for mouseinfo (setup.py): finished with status 'done'
  Created wheel for mouseinfo: filename=MouseInfo-0.1.3-py3-none-any.whl size=10891 sha256=be438287a7d512b5070d1a7b864d00f08dc2c15ea06ff181cbca1d7b537007ed
  Stored in directory: /workdir/.cache/pip/wheels/6e/d5/27/2f1be84b3e6ccee99c82f50e3fe7fe6360dd30417109b49a72
  Building wheel for pymsgbox (pyproject.toml): started
  Building wheel for pymsgbox (pyproject.toml): finished with status 'done'
  Created wheel for pymsgbox: filename=PyMsgBox-1.0.9-py3-none-any.whl size=7407 sha256=30f0f8d84bfa3d9cadec281f4ce23dd334a9463a595d1babf063df0e34affaff
  Stored in directory: /workdir/.cache/pip/wheels/b9/6a/ba/be2d7d78166ec8018c21d07241dffa54446c09652a267759ae
  Building wheel for python3-Xlib (setup.py): started
  Building wheel for python3-Xlib (setup.py): finished with status 'done'
  Created wheel for python3-Xlib: filename=python3_xlib-0.15-py3-none-any.whl size=109501 sha256=cf8abf79665d172f35b2df18e6b21ebde5f28a22c0dff4fb96507ce3e9ba1e47
  Stored in directory: /workdir/.cache/pip/wheels/9c/8e/c5/8a93a3415a4a2065f31750a3244db61482b9e508f04ee56e82
  Building wheel for pyrect (setup.py): started
  Building wheel for pyrect (setup.py): finished with status 'done'
  Created wheel for pyrect: filename=PyRect-0.2.0-py2.py3-none-any.whl size=11180 sha256=8a4ca2ce9058b7d38a8e5a0707ac786a7f76b328091bee10e16f327035c7ce08
  Stored in directory: /workdir/.cache/pip/wheels/d5/4c/bd/42e4e23641afcd185d4e932784da37e6e04505da0cf3f7b832
Successfully built PyAutoGUI pygetwindow pyscreeze PyTweening mouseinfo pymsgbox python3-Xlib pyrect
Installing collected packages: PyTweening, python3-Xlib, pyrect, pyperclip, pymsgbox, pygetwindow, Pillow, mouseinfo, pyscreeze, PyAutoGUI
Successfully installed Pillow-10.1.0 PyAutoGUI-0.9.53 PyTweening-1.0.7 mouseinfo-0.1.3 pygetwindow-0.0.9 pymsgbox-1.0.9 pyperclip-1.8.2 pyrect-0.2.0 pyscreeze-0.1.30 python3-Xlib-0.15
