Collecting PyAutoGUI==0.9.53
  Downloading PyAutoGUI-0.9.53.tar.gz (59 kB)
     ━━━━━━━━━━━━━━━━━━━━━━━━━━━━━━━━━━━━━━━━ 59.0/59.0 kB 1.8 MB/s eta 0:00:00
Looking for GraalPy patches for PyAutoGUI
  Preparing metadata (setup.py): started
  Preparing metadata (setup.py): finished with status 'done'
Collecting pymsgbox
  Downloading PyMsgBox-1.0.9.tar.gz (18 kB)
Looking for GraalPy patches for PyMsgBox
  Installing build dependencies: started
  Installing build dependencies: finished with status 'done'
  Getting requirements to build wheel: started
  Getting requirements to build wheel: finished with status 'done'
  Preparing metadata (pyproject.toml): started
  Preparing metadata (pyproject.toml): finished with status 'done'
Collecting PyTweening>=1.0.1
  Downloading pytweening-1.0.7.tar.gz (168 kB)
     ━━━━━━━━━━━━━━━━━━━━━━━━━━━━━━━━━━━━━━━ 168.2/168.2 kB 1.4 MB/s eta 0:00:00
Looking for GraalPy patches for pytweening
  Preparing metadata (setup.py): started
  Preparing metadata (setup.py): finished with status 'done'
Collecting pyscreeze>=0.1.21
  Downloading PyScreeze-0.1.30.tar.gz (27 kB)
Looking for GraalPy patches for PyScreeze
  Installing build dependencies: started
  Installing build dependencies: finished with status 'done'
  Getting requirements to build wheel: started
  Getting requirements to build wheel: finished with status 'done'
  Preparing metadata (pyproject.toml): started
  Preparing metadata (pyproject.toml): finished with status 'done'
Collecting pygetwindow>=0.0.5
  Downloading PyGetWindow-0.0.9.tar.gz (9.7 kB)
Looking for GraalPy patches for PyGetWindow
  Preparing metadata (setup.py): started
  Preparing metadata (setup.py): finished with status 'done'
Collecting mouseinfo
  Downloading MouseInfo-0.1.3.tar.gz (10 kB)
Looking for GraalPy patches for MouseInfo
  Preparing metadata (setup.py): started
  Preparing metadata (setup.py): finished with status 'done'
Collecting python3-Xlib
  Downloading python3-xlib-0.15.tar.gz (132 kB)
     ━━━━━━━━━━━━━━━━━━━━━━━━━━━━━━━━━━━━━━━ 132.8/132.8 kB 2.7 MB/s eta 0:00:00
Looking for GraalPy patches for python3-xlib
  Preparing metadata (setup.py): started
  Preparing metadata (setup.py): finished with status 'done'
Collecting pyrect
  Downloading PyRect-0.2.0.tar.gz (17 kB)
Looking for GraalPy patches for PyRect
  Preparing metadata (setup.py): started
  Preparing metadata (setup.py): finished with status 'done'
Collecting Pillow>=9.2.0
  Using cached Pillow-10.1.0-graalpy310-graalpy231_310_native-linux_x86_64.whl
Collecting pyperclip
  Using cached pyperclip-1.8.2-py3-none-any.whl
Building wheels for collected packages: PyAutoGUI, pygetwindow, pyscreeze, PyTweening, mouseinfo, pymsgbox, python3-Xlib, pyrect
  Building wheel for PyAutoGUI (setup.py): started
  Building wheel for PyAutoGUI (setup.py): finished with status 'done'
  Created wheel for PyAutoGUI: filename=PyAutoGUI-0.9.53-py3-none-any.whl size=36610 sha256=349b0847cf1c2bbf639e974dd23128b5c379ab0688ddee348520792eeeee7541
  Stored in directory: /workdir/.cache/pip-graalpy/wheels/19/4d/32/157ae189426211694e40f481d4cc0a8e39fa786c9178dd5c8b
  Building wheel for pygetwindow (setup.py): started
  Building wheel for pygetwindow (setup.py): finished with status 'done'
  Created wheel for pygetwindow: filename=PyGetWindow-0.0.9-py3-none-any.whl size=11077 sha256=b2bfaecae241cfff015e55e833f68b4ecad55faa0121804af30e13571075eff8
  Stored in directory: /workdir/.cache/pip-graalpy/wheels/2a/90/86/ab1b6de7a0157ec3eff4ad000ce8f7a6448b9e3deea8e3417f
  Building wheel for pyscreeze (pyproject.toml): started
  Building wheel for pyscreeze (pyproject.toml): finished with status 'done'
  Created wheel for pyscreeze: filename=PyScreeze-0.1.30-py3-none-any.whl size=14397 sha256=a371ac8acb1e5417e2790ff416b98a098b72d870c2c860b12287bdc8c4d6c7ea
  Stored in directory: /workdir/.cache/pip-graalpy/wheels/2b/64/9b/6c948d4f6aea92598f2c43be51e0db24426e05a10e5eb9c8f5
  Building wheel for PyTweening (setup.py): started
  Building wheel for PyTweening (setup.py): finished with status 'done'
  Created wheel for PyTweening: filename=pytweening-1.0.7-py3-none-any.whl size=6214 sha256=3cc428bf840981329713fb5dedd6d97fddb1e1df57c80c6639502b073acf4b7c
  Stored in directory: /workdir/.cache/pip-graalpy/wheels/96/50/20/a7837b0ac92906e1dabe6ac2cf619e9b3a326abf4245ff6094
  Building wheel for mouseinfo (setup.py): started
  Building wheel for mouseinfo (setup.py): finished with status 'done'
  Created wheel for mouseinfo: filename=MouseInfo-0.1.3-py3-none-any.whl size=10901 sha256=b7b12dafd84c7528b7a20ae7fcd0d2b2615a78d827c3864f35a8b47a8cbaeaa4
  Stored in directory: /workdir/.cache/pip-graalpy/wheels/ca/78/ce/498e45fddedb67b221fb5525ecfb1fd753acd2d595835add98
  Building wheel for pymsgbox (pyproject.toml): started
  Building wheel for pymsgbox (pyproject.toml): finished with status 'done'
  Created wheel for pymsgbox: filename=PyMsgBox-1.0.9-py3-none-any.whl size=7419 sha256=964d6c3c830f0cb0880b915b1b039b93cc164128f6d64b429622da98eb99779b
  Stored in directory: /workdir/.cache/pip-graalpy/wheels/9d/a3/c2/bf2625bbb24883f7662bfa63caee4550973ec1093ae1da00f8
  Building wheel for python3-Xlib (setup.py): started
  Building wheel for python3-Xlib (setup.py): finished with status 'done'
  Created wheel for python3-Xlib: filename=python3_xlib-0.15-py3-none-any.whl size=109514 sha256=102cd08b735c88d7642b342ea42f26778ade0880e2e8092d5aef959537c2e1ee
  Stored in directory: /workdir/.cache/pip-graalpy/wheels/67/49/75/1589c65520a7cbc244a6a672481256a55311150f1d57215ab4
  Building wheel for pyrect (setup.py): started
  Building wheel for pyrect (setup.py): finished with status 'done'
  Created wheel for pyrect: filename=PyRect-0.2.0-py2.py3-none-any.whl size=11193 sha256=4e473540ae1f4e9ed715075f7d13b9dd7a01840f53efb917adfca6e66adbbf3e
  Stored in directory: /workdir/.cache/pip-graalpy/wheels/0e/fc/7f/f2554e76c5026fe41b48e30fd0772bff8b40aee98e2862fc1c
Successfully built PyAutoGUI pygetwindow pyscreeze PyTweening mouseinfo pymsgbox python3-Xlib pyrect
Installing collected packages: PyTweening, python3-Xlib, pyrect, pyperclip, pymsgbox, pygetwindow, Pillow, mouseinfo, pyscreeze, PyAutoGUI
Looking for GraalPy patches for pytweening
Looking for GraalPy patches for python3_xlib
Looking for GraalPy patches for PyRect
Looking for GraalPy patches for pyperclip
Looking for GraalPy patches for PyMsgBox
Looking for GraalPy patches for PyGetWindow
Looking for GraalPy patches for Pillow
Looking for GraalPy patches for MouseInfo
Looking for GraalPy patches for PyScreeze
Looking for GraalPy patches for PyAutoGUI
Successfully installed Pillow-10.1.0 PyAutoGUI-0.9.53 PyTweening-1.0.7 mouseinfo-0.1.3 pygetwindow-0.0.9 pymsgbox-1.0.9 pyperclip-1.8.2 pyrect-0.2.0 pyscreeze-0.1.30 python3-Xlib-0.15
