Collecting pytorch-tabnet==4.0
  Downloading pytorch_tabnet-4.0-py3-none-any.whl (41 kB)
     ━━━━━━━━━━━━━━━━━━━━━━━━━━━━━━━━━━━━━━━━ 41.8/41.8 kB 2.9 MB/s eta 0:00:00
Collecting numpy<2.0,>=1.17 (from pytorch-tabnet==4.0)
  Using cached numpy-1.26.2-cp310-cp310-manylinux_2_17_x86_64.manylinux2014_x86_64.whl.metadata (61 kB)
Collecting scikit_learn>0.21 (from pytorch-tabnet==4.0)
  Using cached scikit_learn-1.3.2-cp310-cp310-manylinux_2_17_x86_64.manylinux2014_x86_64.whl.metadata (11 kB)
Collecting scipy>1.4 (from pytorch-tabnet==4.0)
  Using cached scipy-1.11.4-cp310-cp310-manylinux_2_17_x86_64.manylinux2014_x86_64.whl.metadata (60 kB)
Collecting torch<2.0,>=1.2 (from pytorch-tabnet==4.0)
  Downloading torch-1.13.1-cp310-cp310-manylinux1_x86_64.whl (887.5 MB)
     ━━━━━━━━━━━━━━━━━━━━━━━━━━━━━━━━━━━━━━━ 887.5/887.5 MB 6.5 MB/s eta 0:00:00
Collecting tqdm<5.0,>=4.36 (from pytorch-tabnet==4.0)
  Using cached tqdm-4.66.1-py3-none-any.whl.metadata (57 kB)
Collecting joblib>=1.1.1 (from scikit_learn>0.21->pytorch-tabnet==4.0)
  Using cached joblib-1.3.2-py3-none-any.whl.metadata (5.4 kB)
Collecting threadpoolctl>=2.0.0 (from scikit_learn>0.21->pytorch-tabnet==4.0)
  Using cached threadpoolctl-3.2.0-py3-none-any.whl.metadata (10.0 kB)
Collecting typing-extensions (from torch<2.0,>=1.2->pytorch-tabnet==4.0)
  Using cached typing_extensions-4.8.0-py3-none-any.whl.metadata (3.0 kB)
Collecting nvidia-cuda-runtime-cu11==11.7.99 (from torch<2.0,>=1.2->pytorch-tabnet==4.0)
  Downloading nvidia_cuda_runtime_cu11-11.7.99-py3-none-manylinux1_x86_64.whl (849 kB)
     ━━━━━━━━━━━━━━━━━━━━━━━━━━━━━━━━━━━━━━ 849.3/849.3 kB 28.7 MB/s eta 0:00:00
Collecting nvidia-cudnn-cu11==8.5.0.96 (from torch<2.0,>=1.2->pytorch-tabnet==4.0)
  Downloading nvidia_cudnn_cu11-8.5.0.96-2-py3-none-manylinux1_x86_64.whl (557.1 MB)
     ━━━━━━━━━━━━━━━━━━━━━━━━━━━━━━━━━━━━━━━ 557.1/557.1 MB 7.2 MB/s eta 0:00:00
Collecting nvidia-cublas-cu11==11.10.3.66 (from torch<2.0,>=1.2->pytorch-tabnet==4.0)
  Downloading nvidia_cublas_cu11-11.10.3.66-py3-none-manylinux1_x86_64.whl (317.1 MB)
     ━━━━━━━━━━━━━━━━━━━━━━━━━━━━━━━━━━━━━━ 317.1/317.1 MB 12.5 MB/s eta 0:00:00
Collecting nvidia-cuda-nvrtc-cu11==11.7.99 (from torch<2.0,>=1.2->pytorch-tabnet==4.0)
  Downloading nvidia_cuda_nvrtc_cu11-11.7.99-2-py3-none-manylinux1_x86_64.whl (21.0 MB)
     ━━━━━━━━━━━━━━━━━━━━━━━━━━━━━━━━━━━━━━━━ 21.0/21.0 MB 27.8 MB/s eta 0:00:00
Requirement already satisfied: setuptools in ./install-virtualenv/lib/python3.10/site-packages (from nvidia-cublas-cu11==11.10.3.66->torch<2.0,>=1.2->pytorch-tabnet==4.0) (68.2.2)
Requirement already satisfied: wheel in ./install-virtualenv/lib/python3.10/site-packages (from nvidia-cublas-cu11==11.10.3.66->torch<2.0,>=1.2->pytorch-tabnet==4.0) (0.41.3)
Using cached numpy-1.26.2-cp310-cp310-manylinux_2_17_x86_64.manylinux2014_x86_64.whl (18.2 MB)
Using cached scikit_learn-1.3.2-cp310-cp310-manylinux_2_17_x86_64.manylinux2014_x86_64.whl (10.8 MB)
Using cached scipy-1.11.4-cp310-cp310-manylinux_2_17_x86_64.manylinux2014_x86_64.whl (36.4 MB)
Using cached tqdm-4.66.1-py3-none-any.whl (78 kB)
Using cached joblib-1.3.2-py3-none-any.whl (302 kB)
Using cached threadpoolctl-3.2.0-py3-none-any.whl (15 kB)
Using cached typing_extensions-4.8.0-py3-none-any.whl (31 kB)
Installing collected packages: typing-extensions, tqdm, threadpoolctl, nvidia-cuda-runtime-cu11, nvidia-cuda-nvrtc-cu11, nvidia-cublas-cu11, numpy, joblib, scipy, nvidia-cudnn-cu11, torch, scikit_learn, pytorch-tabnet
Successfully installed joblib-1.3.2 numpy-1.26.2 nvidia-cublas-cu11-11.10.3.66 nvidia-cuda-nvrtc-cu11-11.7.99 nvidia-cuda-runtime-cu11-11.7.99 nvidia-cudnn-cu11-8.5.0.96 pytorch-tabnet-4.0 scikit_learn-1.3.2 scipy-1.11.4 threadpoolctl-3.2.0 torch-1.13.1 tqdm-4.66.1 typing-extensions-4.8.0
