Collecting pytorch-tabnet==4.0
  Downloading pytorch_tabnet-4.0-py3-none-any.whl (41 kB)
     ━━━━━━━━━━━━━━━━━━━━━━━━━━━━━━━━━━━━━━━━ 41.8/41.8 kB 1.1 MB/s eta 0:00:00
Collecting numpy<2.0,>=1.17
  Using cached numpy-1.23.5-graalpy310-graalpy231_310_native-linux_x86_64.whl
Collecting scikit_learn>0.21
  Using cached scikit_learn-1.1.3-graalpy310-graalpy231_310_native-linux_x86_64.whl
Collecting scipy>1.4
  Using cached scipy-1.10.1-graalpy310-graalpy231_310_native-linux_x86_64.whl
Collecting torch<2.0,>=1.2
  Using cached torch-1.13.1-graalpy310-graalpy231_310_native-linux_x86_64.whl
Collecting tqdm<5.0,>=4.36
  Using cached tqdm-4.66.1-py3-none-any.whl (78 kB)
Collecting joblib>=1.0.0
  Using cached joblib-1.3.2-py3-none-any.whl (302 kB)
Collecting threadpoolctl>=2.0.0
  Using cached threadpoolctl-3.2.0-py3-none-any.whl (15 kB)
Collecting typing-extensions
  Using cached typing_extensions-4.8.0-py3-none-any.whl (31 kB)
Installing collected packages: typing-extensions, tqdm, threadpoolctl, numpy, joblib, torch, scipy, scikit_learn, pytorch-tabnet
Looking for GraalPy patches for typing_extensions
Looking for GraalPy patches for tqdm
Looking for GraalPy patches for threadpoolctl
Looking for GraalPy patches for numpy
We have patches to make this package work on GraalVM for some version(s).
If installing or running fails, consider using one of the versions that we have patches for:
numpy == 1.16.4
numpy == 1.19.5
numpy == 1.21.6
numpy == 1.22.4
numpy == 1.23.4
numpy == 1.23.1
numpy == 1.23.5
Looking for GraalPy patches for joblib
Looking for GraalPy patches for torch
We have patches to make this package work on GraalVM for some version(s).
If installing or running fails, consider using one of the versions that we have patches for:
torch == 1.13.1
Looking for GraalPy patches for scipy
We have patches to make this package work on GraalVM for some version(s).
If installing or running fails, consider using one of the versions that we have patches for:
scipy == 1.4.1
scipy == 1.7.3
scipy == 1.8.1
scipy == 1.9.3
scipy == 1.10.1
Looking for GraalPy patches for scikit_learn
Patching package scikit_learn using /opt/graalpy/lib/graalpy23.1/patches/scikit-learn/scikit-learn-1.1.3.patch
patching file sklearn/_build_utils/__init__.py
Hunk #1 FAILED at 61.
1 out of 1 hunk FAILED -- saving rejects to file sklearn/_build_utils/__init__.py.rej
Applying GraalPy patch failed for scikit_learn. The package may still work.
Looking for GraalPy patches for pytorch_tabnet
Successfully installed joblib-1.3.2 numpy-1.23.5 pytorch-tabnet-4.0 scikit_learn-1.1.3 scipy-1.10.1 threadpoolctl-3.2.0 torch-1.13.1 tqdm-4.66.1 typing-extensions-4.8.0
