Collecting astroid==2.12.13
  Downloading astroid-2.12.13-py3-none-any.whl (264 kB)
     ━━━━━━━━━━━━━━━━━━━━━━━━━━━━━━━━━━━━━━━ 264.8/264.8 kB 4.0 MB/s eta 0:00:00
Collecting lazy-object-proxy>=1.4.0
  Downloading lazy-object-proxy-1.9.0.tar.gz (42 kB)
     ━━━━━━━━━━━━━━━━━━━━━━━━━━━━━━━━━━━━━━━━ 42.8/42.8 kB 1.5 MB/s eta 0:00:00
Looking for GraalPy patches for lazy-object-proxy
Patching package lazy-object-proxy using /opt/graalpy/lib/graalpy23.1/patches/lazy-object-proxy/lazy-object-proxy.patch
patching file setup.py
  Installing build dependencies: started
  Installing build dependencies: finished with status 'done'
  Getting requirements to build wheel: started
  Getting requirements to build wheel: finished with status 'done'
  Preparing metadata (pyproject.toml): started
  Preparing metadata (pyproject.toml): finished with status 'done'
Collecting wrapt<2,>=1.11
  Downloading wrapt-1.16.0-py3-none-any.whl (23 kB)
Building wheels for collected packages: lazy-object-proxy
  Building wheel for lazy-object-proxy (pyproject.toml): started
  Building wheel for lazy-object-proxy (pyproject.toml): finished with status 'done'
  Created wheel for lazy-object-proxy: filename=lazy_object_proxy-1.9.0-graalpy310-graalpy231_310_native-linux_x86_64.whl size=12136 sha256=e8345e326c4117e1876c3d12fa7e122f16364c06b2f459e94bdcddd6197c21c0
  Stored in directory: /workdir/.cache/pip-graalpy/wheels/df/c7/8a/a0b77db711d2bdaa3a54e3ff0e77c8ca1c17dccb0e1b8686ab
Successfully built lazy-object-proxy
Installing collected packages: wrapt, lazy-object-proxy, astroid
Looking for GraalPy patches for wrapt
Looking for GraalPy patches for lazy_object_proxy
Looking for GraalPy patches for astroid
Successfully installed astroid-2.12.13 lazy-object-proxy-1.9.0 wrapt-1.16.0
