Collecting tensorflow-gpu==2.11.0
  Downloading tensorflow_gpu-2.11.0-cp310-cp310-manylinux_2_17_x86_64.manylinux2014_x86_64.whl (588.3 MB)
     ━━━━━━━━━━━━━━━━━━━━━━━━━━━━━━━━━━━━━━━ 588.3/588.3 MB 7.5 MB/s eta 0:00:00
Collecting absl-py>=1.0.0 (from tensorflow-gpu==2.11.0)
  Using cached absl_py-2.0.0-py3-none-any.whl.metadata (2.3 kB)
Collecting astunparse>=1.6.0 (from tensorflow-gpu==2.11.0)
  Using cached astunparse-1.6.3-py2.py3-none-any.whl (12 kB)
Collecting flatbuffers>=2.0 (from tensorflow-gpu==2.11.0)
  Using cached flatbuffers-23.5.26-py2.py3-none-any.whl.metadata (850 bytes)
Collecting gast<=0.4.0,>=0.2.1 (from tensorflow-gpu==2.11.0)
  Using cached gast-0.4.0-py3-none-any.whl (9.8 kB)
Collecting google-pasta>=0.1.1 (from tensorflow-gpu==2.11.0)
  Using cached google_pasta-0.2.0-py3-none-any.whl (57 kB)
Collecting grpcio<2.0,>=1.24.3 (from tensorflow-gpu==2.11.0)
  Using cached grpcio-1.59.3-cp310-cp310-manylinux_2_17_x86_64.manylinux2014_x86_64.whl.metadata (4.0 kB)
Collecting h5py>=2.9.0 (from tensorflow-gpu==2.11.0)
  Using cached h5py-3.10.0-cp310-cp310-manylinux_2_17_x86_64.manylinux2014_x86_64.whl.metadata (2.5 kB)
Collecting keras<2.12,>=2.11.0 (from tensorflow-gpu==2.11.0)
  Using cached keras-2.11.0-py2.py3-none-any.whl (1.7 MB)
Collecting libclang>=13.0.0 (from tensorflow-gpu==2.11.0)
  Using cached libclang-16.0.6-py2.py3-none-manylinux2010_x86_64.whl.metadata (5.2 kB)
Collecting numpy>=1.20 (from tensorflow-gpu==2.11.0)
  Using cached numpy-1.26.2-cp310-cp310-manylinux_2_17_x86_64.manylinux2014_x86_64.whl.metadata (61 kB)
Collecting opt-einsum>=2.3.2 (from tensorflow-gpu==2.11.0)
  Using cached opt_einsum-3.3.0-py3-none-any.whl (65 kB)
Collecting packaging (from tensorflow-gpu==2.11.0)
  Using cached packaging-23.2-py3-none-any.whl.metadata (3.2 kB)
Collecting protobuf<3.20,>=3.9.2 (from tensorflow-gpu==2.11.0)
  Using cached protobuf-3.19.6-cp310-cp310-manylinux_2_17_x86_64.manylinux2014_x86_64.whl (1.1 MB)
Requirement already satisfied: setuptools in ./install-virtualenv/lib/python3.10/site-packages (from tensorflow-gpu==2.11.0) (68.2.2)
Collecting six>=1.12.0 (from tensorflow-gpu==2.11.0)
  Using cached six-1.16.0-py2.py3-none-any.whl (11 kB)
Collecting tensorboard<2.12,>=2.11 (from tensorflow-gpu==2.11.0)
  Using cached tensorboard-2.11.2-py3-none-any.whl (6.0 MB)
Collecting tensorflow-estimator<2.12,>=2.11.0 (from tensorflow-gpu==2.11.0)
  Using cached tensorflow_estimator-2.11.0-py2.py3-none-any.whl (439 kB)
Collecting termcolor>=1.1.0 (from tensorflow-gpu==2.11.0)
  Using cached termcolor-2.3.0-py3-none-any.whl (6.9 kB)
Collecting typing-extensions>=3.6.6 (from tensorflow-gpu==2.11.0)
  Using cached typing_extensions-4.8.0-py3-none-any.whl.metadata (3.0 kB)
Collecting wrapt>=1.11.0 (from tensorflow-gpu==2.11.0)
  Using cached wrapt-1.16.0-cp310-cp310-manylinux_2_5_x86_64.manylinux1_x86_64.manylinux_2_17_x86_64.manylinux2014_x86_64.whl.metadata (6.6 kB)
Collecting tensorflow-io-gcs-filesystem>=0.23.1 (from tensorflow-gpu==2.11.0)
  Using cached tensorflow_io_gcs_filesystem-0.34.0-cp310-cp310-manylinux_2_12_x86_64.manylinux2010_x86_64.whl.metadata (14 kB)
Requirement already satisfied: wheel<1.0,>=0.23.0 in ./install-virtualenv/lib/python3.10/site-packages (from astunparse>=1.6.0->tensorflow-gpu==2.11.0) (0.41.3)
Collecting google-auth<3,>=1.6.3 (from tensorboard<2.12,>=2.11->tensorflow-gpu==2.11.0)
  Using cached google_auth-2.23.4-py2.py3-none-any.whl.metadata (4.7 kB)
Collecting google-auth-oauthlib<0.5,>=0.4.1 (from tensorboard<2.12,>=2.11->tensorflow-gpu==2.11.0)
  Using cached google_auth_oauthlib-0.4.6-py2.py3-none-any.whl (18 kB)
Collecting markdown>=2.6.8 (from tensorboard<2.12,>=2.11->tensorflow-gpu==2.11.0)
  Using cached Markdown-3.5.1-py3-none-any.whl.metadata (7.1 kB)
Collecting requests<3,>=2.21.0 (from tensorboard<2.12,>=2.11->tensorflow-gpu==2.11.0)
  Using cached requests-2.31.0-py3-none-any.whl.metadata (4.6 kB)
Collecting tensorboard-data-server<0.7.0,>=0.6.0 (from tensorboard<2.12,>=2.11->tensorflow-gpu==2.11.0)
  Using cached tensorboard_data_server-0.6.1-py3-none-manylinux2010_x86_64.whl (4.9 MB)
Collecting tensorboard-plugin-wit>=1.6.0 (from tensorboard<2.12,>=2.11->tensorflow-gpu==2.11.0)
  Using cached tensorboard_plugin_wit-1.8.1-py3-none-any.whl (781 kB)
Collecting werkzeug>=1.0.1 (from tensorboard<2.12,>=2.11->tensorflow-gpu==2.11.0)
  Using cached werkzeug-3.0.1-py3-none-any.whl.metadata (4.1 kB)
Collecting cachetools<6.0,>=2.0.0 (from google-auth<3,>=1.6.3->tensorboard<2.12,>=2.11->tensorflow-gpu==2.11.0)
  Using cached cachetools-5.3.2-py3-none-any.whl.metadata (5.2 kB)
Collecting pyasn1-modules>=0.2.1 (from google-auth<3,>=1.6.3->tensorboard<2.12,>=2.11->tensorflow-gpu==2.11.0)
  Using cached pyasn1_modules-0.3.0-py2.py3-none-any.whl (181 kB)
Collecting rsa<5,>=3.1.4 (from google-auth<3,>=1.6.3->tensorboard<2.12,>=2.11->tensorflow-gpu==2.11.0)
  Using cached rsa-4.9-py3-none-any.whl (34 kB)
Collecting requests-oauthlib>=0.7.0 (from google-auth-oauthlib<0.5,>=0.4.1->tensorboard<2.12,>=2.11->tensorflow-gpu==2.11.0)
  Using cached requests_oauthlib-1.3.1-py2.py3-none-any.whl (23 kB)
Collecting charset-normalizer<4,>=2 (from requests<3,>=2.21.0->tensorboard<2.12,>=2.11->tensorflow-gpu==2.11.0)
  Using cached charset_normalizer-3.3.2-cp310-cp310-manylinux_2_17_x86_64.manylinux2014_x86_64.whl.metadata (33 kB)
Collecting idna<4,>=2.5 (from requests<3,>=2.21.0->tensorboard<2.12,>=2.11->tensorflow-gpu==2.11.0)
  Using cached idna-3.6-py3-none-any.whl.metadata (9.9 kB)
Collecting urllib3<3,>=1.21.1 (from requests<3,>=2.21.0->tensorboard<2.12,>=2.11->tensorflow-gpu==2.11.0)
  Using cached urllib3-2.1.0-py3-none-any.whl.metadata (6.4 kB)
Collecting certifi>=2017.4.17 (from requests<3,>=2.21.0->tensorboard<2.12,>=2.11->tensorflow-gpu==2.11.0)
  Using cached certifi-2023.11.17-py3-none-any.whl.metadata (2.2 kB)
Collecting MarkupSafe>=2.1.1 (from werkzeug>=1.0.1->tensorboard<2.12,>=2.11->tensorflow-gpu==2.11.0)
  Using cached MarkupSafe-2.1.3-cp310-cp310-manylinux_2_17_x86_64.manylinux2014_x86_64.whl.metadata (3.0 kB)
Collecting pyasn1<0.6.0,>=0.4.6 (from pyasn1-modules>=0.2.1->google-auth<3,>=1.6.3->tensorboard<2.12,>=2.11->tensorflow-gpu==2.11.0)
  Using cached pyasn1-0.5.1-py2.py3-none-any.whl.metadata (8.6 kB)
Collecting oauthlib>=3.0.0 (from requests-oauthlib>=0.7.0->google-auth-oauthlib<0.5,>=0.4.1->tensorboard<2.12,>=2.11->tensorflow-gpu==2.11.0)
  Using cached oauthlib-3.2.2-py3-none-any.whl (151 kB)
Using cached absl_py-2.0.0-py3-none-any.whl (130 kB)
Using cached flatbuffers-23.5.26-py2.py3-none-any.whl (26 kB)
Using cached grpcio-1.59.3-cp310-cp310-manylinux_2_17_x86_64.manylinux2014_x86_64.whl (5.3 MB)
Using cached h5py-3.10.0-cp310-cp310-manylinux_2_17_x86_64.manylinux2014_x86_64.whl (4.8 MB)
Using cached libclang-16.0.6-py2.py3-none-manylinux2010_x86_64.whl (22.9 MB)
Using cached numpy-1.26.2-cp310-cp310-manylinux_2_17_x86_64.manylinux2014_x86_64.whl (18.2 MB)
Using cached tensorflow_io_gcs_filesystem-0.34.0-cp310-cp310-manylinux_2_12_x86_64.manylinux2010_x86_64.whl (2.4 MB)
Using cached typing_extensions-4.8.0-py3-none-any.whl (31 kB)
Using cached wrapt-1.16.0-cp310-cp310-manylinux_2_5_x86_64.manylinux1_x86_64.manylinux_2_17_x86_64.manylinux2014_x86_64.whl (80 kB)
Using cached packaging-23.2-py3-none-any.whl (53 kB)
Using cached google_auth-2.23.4-py2.py3-none-any.whl (183 kB)
Using cached Markdown-3.5.1-py3-none-any.whl (102 kB)
Using cached requests-2.31.0-py3-none-any.whl (62 kB)
Using cached werkzeug-3.0.1-py3-none-any.whl (226 kB)
Using cached cachetools-5.3.2-py3-none-any.whl (9.3 kB)
Using cached certifi-2023.11.17-py3-none-any.whl (162 kB)
Using cached charset_normalizer-3.3.2-cp310-cp310-manylinux_2_17_x86_64.manylinux2014_x86_64.whl (142 kB)
Using cached idna-3.6-py3-none-any.whl (61 kB)
Using cached MarkupSafe-2.1.3-cp310-cp310-manylinux_2_17_x86_64.manylinux2014_x86_64.whl (25 kB)
Using cached urllib3-2.1.0-py3-none-any.whl (104 kB)
Using cached pyasn1-0.5.1-py2.py3-none-any.whl (84 kB)
Installing collected packages: tensorboard-plugin-wit, libclang, flatbuffers, wrapt, urllib3, typing-extensions, termcolor, tensorflow-io-gcs-filesystem, tensorflow-estimator, tensorboard-data-server, six, pyasn1, protobuf, packaging, oauthlib, numpy, MarkupSafe, markdown, keras, idna, grpcio, gast, charset-normalizer, certifi, cachetools, absl-py, werkzeug, rsa, requests, pyasn1-modules, opt-einsum, h5py, google-pasta, astunparse, requests-oauthlib, google-auth, google-auth-oauthlib, tensorboard, tensorflow-gpu
Successfully installed MarkupSafe-2.1.3 absl-py-2.0.0 astunparse-1.6.3 cachetools-5.3.2 certifi-2023.11.17 charset-normalizer-3.3.2 flatbuffers-23.5.26 gast-0.4.0 google-auth-2.23.4 google-auth-oauthlib-0.4.6 google-pasta-0.2.0 grpcio-1.59.3 h5py-3.10.0 idna-3.6 keras-2.11.0 libclang-16.0.6 markdown-3.5.1 numpy-1.26.2 oauthlib-3.2.2 opt-einsum-3.3.0 packaging-23.2 protobuf-3.19.6 pyasn1-0.5.1 pyasn1-modules-0.3.0 requests-2.31.0 requests-oauthlib-1.3.1 rsa-4.9 six-1.16.0 tensorboard-2.11.2 tensorboard-data-server-0.6.1 tensorboard-plugin-wit-1.8.1 tensorflow-estimator-2.11.0 tensorflow-gpu-2.11.0 tensorflow-io-gcs-filesystem-0.34.0 termcolor-2.3.0 typing-extensions-4.8.0 urllib3-2.1.0 werkzeug-3.0.1 wrapt-1.16.0
