Collecting spacy==3.4.3
  Downloading spacy-3.4.3-cp310-cp310-manylinux_2_17_x86_64.manylinux2014_x86_64.whl (6.5 MB)
     ━━━━━━━━━━━━━━━━━━━━━━━━━━━━━━━━━━━━━━━━ 6.5/6.5 MB 17.2 MB/s eta 0:00:00
Collecting spacy-legacy<3.1.0,>=3.0.10 (from spacy==3.4.3)
  Downloading spacy_legacy-3.0.12-py2.py3-none-any.whl (29 kB)
Collecting spacy-loggers<2.0.0,>=1.0.0 (from spacy==3.4.3)
  Downloading spacy_loggers-1.0.5-py3-none-any.whl.metadata (23 kB)
Collecting murmurhash<1.1.0,>=0.28.0 (from spacy==3.4.3)
  Downloading murmurhash-1.0.10-cp310-cp310-manylinux_2_5_x86_64.manylinux1_x86_64.manylinux_2_17_x86_64.manylinux2014_x86_64.whl.metadata (2.0 kB)
Collecting cymem<2.1.0,>=2.0.2 (from spacy==3.4.3)
  Downloading cymem-2.0.8-cp310-cp310-manylinux_2_17_x86_64.manylinux2014_x86_64.whl.metadata (8.4 kB)
Collecting preshed<3.1.0,>=3.0.2 (from spacy==3.4.3)
  Downloading preshed-3.0.9-cp310-cp310-manylinux_2_5_x86_64.manylinux1_x86_64.manylinux_2_17_x86_64.manylinux2014_x86_64.whl.metadata (2.2 kB)
Collecting thinc<8.2.0,>=8.1.0 (from spacy==3.4.3)
  Downloading thinc-8.1.12-cp310-cp310-manylinux_2_17_x86_64.manylinux2014_x86_64.whl.metadata (15 kB)
Collecting wasabi<1.1.0,>=0.9.1 (from spacy==3.4.3)
  Downloading wasabi-0.10.1-py3-none-any.whl (26 kB)
Collecting srsly<3.0.0,>=2.4.3 (from spacy==3.4.3)
  Downloading srsly-2.4.8-cp310-cp310-manylinux_2_17_x86_64.manylinux2014_x86_64.whl.metadata (20 kB)
Collecting catalogue<2.1.0,>=2.0.6 (from spacy==3.4.3)
  Downloading catalogue-2.0.10-py3-none-any.whl.metadata (14 kB)
Collecting typer<0.8.0,>=0.3.0 (from spacy==3.4.3)
  Downloading typer-0.7.0-py3-none-any.whl (38 kB)
Collecting pathy>=0.3.5 (from spacy==3.4.3)
  Downloading pathy-0.10.3-py3-none-any.whl.metadata (16 kB)
Collecting tqdm<5.0.0,>=4.38.0 (from spacy==3.4.3)
  Using cached tqdm-4.66.1-py3-none-any.whl.metadata (57 kB)
Collecting numpy>=1.15.0 (from spacy==3.4.3)
  Using cached numpy-1.26.2-cp310-cp310-manylinux_2_17_x86_64.manylinux2014_x86_64.whl.metadata (61 kB)
Collecting requests<3.0.0,>=2.13.0 (from spacy==3.4.3)
  Using cached requests-2.31.0-py3-none-any.whl.metadata (4.6 kB)
Collecting pydantic!=1.8,!=1.8.1,<1.11.0,>=1.7.4 (from spacy==3.4.3)
  Downloading pydantic-1.10.13-cp310-cp310-manylinux_2_17_x86_64.manylinux2014_x86_64.whl.metadata (149 kB)
     ━━━━━━━━━━━━━━━━━━━━━━━━━━━━━━━━━━━━━━━ 149.6/149.6 kB 3.4 MB/s eta 0:00:00
Collecting jinja2 (from spacy==3.4.3)
  Using cached Jinja2-3.1.2-py3-none-any.whl (133 kB)
Requirement already satisfied: setuptools in ./install-virtualenv/lib/python3.10/site-packages (from spacy==3.4.3) (68.2.2)
Collecting packaging>=20.0 (from spacy==3.4.3)
  Using cached packaging-23.2-py3-none-any.whl.metadata (3.2 kB)
Collecting langcodes<4.0.0,>=3.2.0 (from spacy==3.4.3)
  Downloading langcodes-3.3.0-py3-none-any.whl (181 kB)
     ━━━━━━━━━━━━━━━━━━━━━━━━━━━━━━━━━━━━━━ 181.6/181.6 kB 11.6 MB/s eta 0:00:00
Collecting smart-open<7.0.0,>=5.2.1 (from pathy>=0.3.5->spacy==3.4.3)
  Downloading smart_open-6.4.0-py3-none-any.whl.metadata (21 kB)
Collecting typing-extensions>=4.2.0 (from pydantic!=1.8,!=1.8.1,<1.11.0,>=1.7.4->spacy==3.4.3)
  Using cached typing_extensions-4.8.0-py3-none-any.whl.metadata (3.0 kB)
Collecting charset-normalizer<4,>=2 (from requests<3.0.0,>=2.13.0->spacy==3.4.3)
  Using cached charset_normalizer-3.3.2-cp310-cp310-manylinux_2_17_x86_64.manylinux2014_x86_64.whl.metadata (33 kB)
Collecting idna<4,>=2.5 (from requests<3.0.0,>=2.13.0->spacy==3.4.3)
  Using cached idna-3.6-py3-none-any.whl.metadata (9.9 kB)
Collecting urllib3<3,>=1.21.1 (from requests<3.0.0,>=2.13.0->spacy==3.4.3)
  Using cached urllib3-2.1.0-py3-none-any.whl.metadata (6.4 kB)
Collecting certifi>=2017.4.17 (from requests<3.0.0,>=2.13.0->spacy==3.4.3)
  Using cached certifi-2023.11.17-py3-none-any.whl.metadata (2.2 kB)
Collecting blis<0.8.0,>=0.7.8 (from thinc<8.2.0,>=8.1.0->spacy==3.4.3)
  Downloading blis-0.7.11-cp310-cp310-manylinux_2_17_x86_64.manylinux2014_x86_64.whl.metadata (7.4 kB)
Collecting confection<1.0.0,>=0.0.1 (from thinc<8.2.0,>=8.1.0->spacy==3.4.3)
  Downloading confection-0.1.4-py3-none-any.whl.metadata (19 kB)
Collecting click<9.0.0,>=7.1.1 (from typer<0.8.0,>=0.3.0->spacy==3.4.3)
  Using cached click-8.1.7-py3-none-any.whl.metadata (3.0 kB)
Collecting MarkupSafe>=2.0 (from jinja2->spacy==3.4.3)
  Using cached MarkupSafe-2.1.3-cp310-cp310-manylinux_2_17_x86_64.manylinux2014_x86_64.whl.metadata (3.0 kB)
Downloading catalogue-2.0.10-py3-none-any.whl (17 kB)
Downloading cymem-2.0.8-cp310-cp310-manylinux_2_17_x86_64.manylinux2014_x86_64.whl (46 kB)
   ━━━━━━━━━━━━━━━━━━━━━━━━━━━━━━━━━━━━━━━━ 46.1/46.1 kB 3.8 MB/s eta 0:00:00
Downloading murmurhash-1.0.10-cp310-cp310-manylinux_2_5_x86_64.manylinux1_x86_64.manylinux_2_17_x86_64.manylinux2014_x86_64.whl (29 kB)
Using cached numpy-1.26.2-cp310-cp310-manylinux_2_17_x86_64.manylinux2014_x86_64.whl (18.2 MB)
Using cached packaging-23.2-py3-none-any.whl (53 kB)
Downloading pathy-0.10.3-py3-none-any.whl (48 kB)
   ━━━━━━━━━━━━━━━━━━━━━━━━━━━━━━━━━━━━━━━━ 48.9/48.9 kB 3.6 MB/s eta 0:00:00
Downloading preshed-3.0.9-cp310-cp310-manylinux_2_5_x86_64.manylinux1_x86_64.manylinux_2_17_x86_64.manylinux2014_x86_64.whl (156 kB)
   ━━━━━━━━━━━━━━━━━━━━━━━━━━━━━━━━━━━━━━━━ 156.9/156.9 kB 10.6 MB/s eta 0:00:00
Downloading pydantic-1.10.13-cp310-cp310-manylinux_2_17_x86_64.manylinux2014_x86_64.whl (3.1 MB)
   ━━━━━━━━━━━━━━━━━━━━━━━━━━━━━━━━━━━━━━━━ 3.1/3.1 MB 17.3 MB/s eta 0:00:00
Using cached requests-2.31.0-py3-none-any.whl (62 kB)
Downloading spacy_loggers-1.0.5-py3-none-any.whl (22 kB)
Downloading srsly-2.4.8-cp310-cp310-manylinux_2_17_x86_64.manylinux2014_x86_64.whl (493 kB)
   ━━━━━━━━━━━━━━━━━━━━━━━━━━━━━━━━━━━━━━━━ 493.0/493.0 kB 14.3 MB/s eta 0:00:00
Downloading thinc-8.1.12-cp310-cp310-manylinux_2_17_x86_64.manylinux2014_x86_64.whl (919 kB)
   ━━━━━━━━━━━━━━━━━━━━━━━━━━━━━━━━━━━━━━━━ 919.6/919.6 kB 15.1 MB/s eta 0:00:00
Using cached tqdm-4.66.1-py3-none-any.whl (78 kB)
Downloading blis-0.7.11-cp310-cp310-manylinux_2_17_x86_64.manylinux2014_x86_64.whl (10.2 MB)
   ━━━━━━━━━━━━━━━━━━━━━━━━━━━━━━━━━━━━━━━━ 10.2/10.2 MB 18.3 MB/s eta 0:00:00
Using cached certifi-2023.11.17-py3-none-any.whl (162 kB)
Using cached charset_normalizer-3.3.2-cp310-cp310-manylinux_2_17_x86_64.manylinux2014_x86_64.whl (142 kB)
Using cached click-8.1.7-py3-none-any.whl (97 kB)
Downloading confection-0.1.4-py3-none-any.whl (35 kB)
Using cached idna-3.6-py3-none-any.whl (61 kB)
Using cached MarkupSafe-2.1.3-cp310-cp310-manylinux_2_17_x86_64.manylinux2014_x86_64.whl (25 kB)
Downloading smart_open-6.4.0-py3-none-any.whl (57 kB)
   ━━━━━━━━━━━━━━━━━━━━━━━━━━━━━━━━━━━━━━━━ 57.0/57.0 kB 4.4 MB/s eta 0:00:00
Using cached typing_extensions-4.8.0-py3-none-any.whl (31 kB)
Using cached urllib3-2.1.0-py3-none-any.whl (104 kB)
Installing collected packages: wasabi, cymem, urllib3, typing-extensions, tqdm, spacy-loggers, spacy-legacy, smart-open, packaging, numpy, murmurhash, MarkupSafe, langcodes, idna, click, charset-normalizer, certifi, catalogue, typer, srsly, requests, pydantic, preshed, jinja2, blis, pathy, confection, thinc, spacy
Successfully installed MarkupSafe-2.1.3 blis-0.7.11 catalogue-2.0.10 certifi-2023.11.17 charset-normalizer-3.3.2 click-8.1.7 confection-0.1.4 cymem-2.0.8 idna-3.6 jinja2-3.1.2 langcodes-3.3.0 murmurhash-1.0.10 numpy-1.26.2 packaging-23.2 pathy-0.10.3 preshed-3.0.9 pydantic-1.10.13 requests-2.31.0 smart-open-6.4.0 spacy-3.4.3 spacy-legacy-3.0.12 spacy-loggers-1.0.5 srsly-2.4.8 thinc-8.1.12 tqdm-4.66.1 typer-0.7.0 typing-extensions-4.8.0 urllib3-2.1.0 wasabi-0.10.1
