Collecting onnxmltools==1.11.1
  Downloading onnxmltools-1.11.1-py3-none-any.whl (308 kB)
     ━━━━━━━━━━━━━━━━━━━━━━━━━━━━━━━━━━━━━━━ 308.6/308.6 kB 1.7 MB/s eta 0:00:00
Collecting numpy (from onnxmltools==1.11.1)
  Using cached numpy-1.26.2-cp310-cp310-manylinux_2_17_x86_64.manylinux2014_x86_64.whl.metadata (61 kB)
Collecting onnx (from onnxmltools==1.11.1)
  Downloading onnx-1.15.0-cp310-cp310-manylinux_2_17_x86_64.manylinux2014_x86_64.whl.metadata (15 kB)
Collecting skl2onnx (from onnxmltools==1.11.1)
  Downloading skl2onnx-1.15.0-py2.py3-none-any.whl.metadata (2.3 kB)
Collecting protobuf>=3.20.2 (from onnx->onnxmltools==1.11.1)
  Using cached protobuf-4.25.1-cp37-abi3-manylinux2014_x86_64.whl.metadata (541 bytes)
Collecting scikit-learn>=0.19 (from skl2onnx->onnxmltools==1.11.1)
  Using cached scikit_learn-1.3.2-cp310-cp310-manylinux_2_17_x86_64.manylinux2014_x86_64.whl.metadata (11 kB)
Collecting onnxconverter-common>=1.7.0 (from skl2onnx->onnxmltools==1.11.1)
  Downloading onnxconverter_common-1.14.0-py2.py3-none-any.whl.metadata (4.2 kB)
Collecting packaging (from onnxconverter-common>=1.7.0->skl2onnx->onnxmltools==1.11.1)
  Using cached packaging-23.2-py3-none-any.whl.metadata (3.2 kB)
Collecting protobuf>=3.20.2 (from onnx->onnxmltools==1.11.1)
  Downloading protobuf-3.20.2-cp310-cp310-manylinux_2_12_x86_64.manylinux2010_x86_64.whl (1.1 MB)
     ━━━━━━━━━━━━━━━━━━━━━━━━━━━━━━━━━━━━━━━━ 1.1/1.1 MB 4.7 MB/s eta 0:00:00
Collecting scipy>=1.5.0 (from scikit-learn>=0.19->skl2onnx->onnxmltools==1.11.1)
  Using cached scipy-1.11.4-cp310-cp310-manylinux_2_17_x86_64.manylinux2014_x86_64.whl.metadata (60 kB)
Collecting joblib>=1.1.1 (from scikit-learn>=0.19->skl2onnx->onnxmltools==1.11.1)
  Using cached joblib-1.3.2-py3-none-any.whl.metadata (5.4 kB)
Collecting threadpoolctl>=2.0.0 (from scikit-learn>=0.19->skl2onnx->onnxmltools==1.11.1)
  Using cached threadpoolctl-3.2.0-py3-none-any.whl.metadata (10.0 kB)
Using cached numpy-1.26.2-cp310-cp310-manylinux_2_17_x86_64.manylinux2014_x86_64.whl (18.2 MB)
Downloading onnx-1.15.0-cp310-cp310-manylinux_2_17_x86_64.manylinux2014_x86_64.whl (15.7 MB)
   ━━━━━━━━━━━━━━━━━━━━━━━━━━━━━━━━━━━━━━━━ 15.7/15.7 MB 8.0 MB/s eta 0:00:00
Downloading skl2onnx-1.15.0-py2.py3-none-any.whl (294 kB)
   ━━━━━━━━━━━━━━━━━━━━━━━━━━━━━━━━━━━━━━━━ 294.7/294.7 kB 6.0 MB/s eta 0:00:00
Downloading onnxconverter_common-1.14.0-py2.py3-none-any.whl (84 kB)
   ━━━━━━━━━━━━━━━━━━━━━━━━━━━━━━━━━━━━━━━━ 84.5/84.5 kB 4.3 MB/s eta 0:00:00
Using cached scikit_learn-1.3.2-cp310-cp310-manylinux_2_17_x86_64.manylinux2014_x86_64.whl (10.8 MB)
Using cached joblib-1.3.2-py3-none-any.whl (302 kB)
Using cached scipy-1.11.4-cp310-cp310-manylinux_2_17_x86_64.manylinux2014_x86_64.whl (36.4 MB)
Using cached threadpoolctl-3.2.0-py3-none-any.whl (15 kB)
Using cached packaging-23.2-py3-none-any.whl (53 kB)
Installing collected packages: threadpoolctl, protobuf, packaging, numpy, joblib, scipy, onnx, scikit-learn, onnxconverter-common, skl2onnx, onnxmltools
Successfully installed joblib-1.3.2 numpy-1.26.2 onnx-1.15.0 onnxconverter-common-1.14.0 onnxmltools-1.11.1 packaging-23.2 protobuf-3.20.2 scikit-learn-1.3.2 scipy-1.11.4 skl2onnx-1.15.0 threadpoolctl-3.2.0
