Collecting onnxmltools==1.11.1
  Downloading onnxmltools-1.11.1-py3-none-any.whl (308 kB)
     ━━━━━━━━━━━━━━━━━━━━━━━━━━━━━━━━━━━━━ 308.6/308.6 kB 998.5 kB/s eta 0:00:00
Collecting numpy
  Using cached numpy-1.23.5-graalpy310-graalpy231_310_native-linux_x86_64.whl
Collecting onnx
  Downloading onnx-1.15.0.tar.gz (12.3 MB)
     ━━━━━━━━━━━━━━━━━━━━━━━━━━━━━━━━━━━━━━━━ 12.3/12.3 MB 2.9 MB/s eta 0:00:00
auto-patching C API usages in /tmp/pip-install-t3dzb5mt/onnx_c6c13d95659b4d6ebe14eadd699c024a/third_party/pybind11/include/pybind11/pybind11.h
auto-patching C API usages in /tmp/pip-install-t3dzb5mt/onnx_c6c13d95659b4d6ebe14eadd699c024a/third_party/pybind11/include/pybind11/cast.h
auto-patching C API usages in /tmp/pip-install-t3dzb5mt/onnx_c6c13d95659b4d6ebe14eadd699c024a/third_party/pybind11/include/pybind11/pytypes.h
Looking for GraalPy patches for onnx
  Installing build dependencies: started
  Installing build dependencies: finished with status 'done'
  Getting requirements to build wheel: started
  Getting requirements to build wheel: finished with status 'done'
  Installing backend dependencies: started
  Installing backend dependencies: finished with status 'done'
  Preparing metadata (pyproject.toml): started
  Preparing metadata (pyproject.toml): finished with status 'done'
Collecting skl2onnx
  Downloading skl2onnx-1.15.0-py2.py3-none-any.whl (294 kB)
     ━━━━━━━━━━━━━━━━━━━━━━━━━━━━━━━━━━━━━━━ 294.7/294.7 kB 3.6 MB/s eta 0:00:00
Collecting protobuf>=3.20.2
  Using cached protobuf-4.25.1-py3-none-any.whl (156 kB)
Collecting scikit-learn>=0.19
  Using cached scikit_learn-1.1.3-graalpy310-graalpy231_310_native-linux_x86_64.whl
Collecting onnxconverter-common>=1.7.0
  Downloading onnxconverter_common-1.14.0-py2.py3-none-any.whl (84 kB)
     ━━━━━━━━━━━━━━━━━━━━━━━━━━━━━━━━━━━━━━━━ 84.5/84.5 kB 2.0 MB/s eta 0:00:00
Collecting packaging
  Using cached packaging-23.2-py3-none-any.whl (53 kB)
Collecting protobuf>=3.20.2
  Downloading protobuf-3.20.2-py2.py3-none-any.whl (162 kB)
     ━━━━━━━━━━━━━━━━━━━━━━━━━━━━━━━━━━━━━━━ 162.1/162.1 kB 3.2 MB/s eta 0:00:00
Collecting scipy>=1.3.2
  Using cached scipy-1.10.1-graalpy310-graalpy231_310_native-linux_x86_64.whl
Collecting joblib>=1.0.0
  Using cached joblib-1.3.2-py3-none-any.whl (302 kB)
Collecting threadpoolctl>=2.0.0
  Using cached threadpoolctl-3.2.0-py3-none-any.whl (15 kB)
Building wheels for collected packages: onnx
  Building wheel for onnx (pyproject.toml): started
  Building wheel for onnx (pyproject.toml): still running...
  Building wheel for onnx (pyproject.toml): still running...
  Building wheel for onnx (pyproject.toml): still running...
  Building wheel for onnx (pyproject.toml): finished with status 'done'
  Created wheel for onnx: filename=onnx-1.15.0-graalpy310-graalpy231_310_native-linux_x86_64.whl size=14897736 sha256=ffc4c75ecfeb07f3f3c7d1288bbec899eac954ffe10ecfd6f84a921f9bfa6cfd
  Stored in directory: /workdir/.cache/pip-graalpy/wheels/9b/79/a3/b05fb0b84cba813f9934ed1926e09db2d8846f552fdbadd617
Successfully built onnx
Installing collected packages: threadpoolctl, protobuf, packaging, numpy, joblib, scipy, onnx, scikit-learn, onnxconverter-common, skl2onnx, onnxmltools
Looking for GraalPy patches for threadpoolctl
Looking for GraalPy patches for protobuf
We have patches to make this package work on GraalVM for some version(s).
If installing or running fails, consider using one of the versions that we have patches for:
protobuf == 3.21.9
Looking for GraalPy patches for packaging
Patching package packaging using /opt/graalpy/lib/graalpy23.1/patches/packaging/packaging.patch
patching file packaging/tags.py
Hunk #1 FAILED at 4.
Hunk #2 FAILED at 37.
2 out of 2 hunks FAILED -- saving rejects to file packaging/tags.py.rej
Applying GraalPy patch failed for packaging. The package may still work.
Looking for GraalPy patches for numpy
We have patches to make this package work on GraalVM for some version(s).
If installing or running fails, consider using one of the versions that we have patches for:
numpy == 1.16.4
numpy == 1.19.5
numpy == 1.21.6
numpy == 1.22.4
numpy == 1.23.4
numpy == 1.23.1
numpy == 1.23.5
Looking for GraalPy patches for joblib
Looking for GraalPy patches for scipy
We have patches to make this package work on GraalVM for some version(s).
If installing or running fails, consider using one of the versions that we have patches for:
scipy == 1.4.1
scipy == 1.7.3
scipy == 1.8.1
scipy == 1.9.3
scipy == 1.10.1
Looking for GraalPy patches for onnx
Looking for GraalPy patches for scikit_learn
Patching package scikit_learn using /opt/graalpy/lib/graalpy23.1/patches/scikit-learn/scikit-learn-1.1.3.patch
patching file sklearn/_build_utils/__init__.py
Hunk #1 FAILED at 61.
1 out of 1 hunk FAILED -- saving rejects to file sklearn/_build_utils/__init__.py.rej
Applying GraalPy patch failed for scikit_learn. The package may still work.
Looking for GraalPy patches for onnxconverter_common
Looking for GraalPy patches for skl2onnx
Looking for GraalPy patches for onnxmltools
Successfully installed joblib-1.3.2 numpy-1.23.5 onnx-1.15.0 onnxconverter-common-1.14.0 onnxmltools-1.11.1 packaging-23.2 protobuf-3.20.2 scikit-learn-1.1.3 scipy-1.10.1 skl2onnx-1.15.0 threadpoolctl-3.2.0
