Collecting dask==2022.12.0
  Downloading dask-2022.12.0-py3-none-any.whl (1.1 MB)
     ━━━━━━━━━━━━━━━━━━━━━━━━━━━━━━━━━━━━━━━━ 1.1/1.1 MB 7.2 MB/s eta 0:00:00
Collecting click>=7.0 (from dask==2022.12.0)
  Using cached click-8.1.7-py3-none-any.whl.metadata (3.0 kB)
Collecting cloudpickle>=1.1.1 (from dask==2022.12.0)
  Downloading cloudpickle-3.0.0-py3-none-any.whl.metadata (7.0 kB)
Collecting fsspec>=0.6.0 (from dask==2022.12.0)
  Downloading fsspec-2023.10.0-py3-none-any.whl.metadata (6.8 kB)
Collecting packaging>=20.0 (from dask==2022.12.0)
  Using cached packaging-23.2-py3-none-any.whl.metadata (3.2 kB)
Collecting partd>=0.3.10 (from dask==2022.12.0)
  Downloading partd-1.4.1-py3-none-any.whl.metadata (4.6 kB)
Collecting pyyaml>=5.3.1 (from dask==2022.12.0)
  Using cached PyYAML-6.0.1-cp310-cp310-manylinux_2_17_x86_64.manylinux2014_x86_64.whl.metadata (2.1 kB)
Collecting toolz>=0.8.2 (from dask==2022.12.0)
  Downloading toolz-0.12.0-py3-none-any.whl (55 kB)
     ━━━━━━━━━━━━━━━━━━━━━━━━━━━━━━━━━━━━━━━━ 55.8/55.8 kB 5.2 MB/s eta 0:00:00
Collecting locket (from partd>=0.3.10->dask==2022.12.0)
  Downloading locket-1.0.0-py2.py3-none-any.whl (4.4 kB)
Using cached click-8.1.7-py3-none-any.whl (97 kB)
Downloading cloudpickle-3.0.0-py3-none-any.whl (20 kB)
Downloading fsspec-2023.10.0-py3-none-any.whl (166 kB)
   ━━━━━━━━━━━━━━━━━━━━━━━━━━━━━━━━━━━━━━━━ 166.4/166.4 kB 5.8 MB/s eta 0:00:00
Using cached packaging-23.2-py3-none-any.whl (53 kB)
Downloading partd-1.4.1-py3-none-any.whl (18 kB)
Using cached PyYAML-6.0.1-cp310-cp310-manylinux_2_17_x86_64.manylinux2014_x86_64.whl (705 kB)
Installing collected packages: toolz, pyyaml, packaging, locket, fsspec, cloudpickle, click, partd, dask
Successfully installed click-8.1.7 cloudpickle-3.0.0 dask-2022.12.0 fsspec-2023.10.0 locket-1.0.0 packaging-23.2 partd-1.4.1 pyyaml-6.0.1 toolz-0.12.0
