Collecting dask==2022.12.0
  Downloading dask-2022.12.0-py3-none-any.whl (1.1 MB)
     ━━━━━━━━━━━━━━━━━━━━━━━━━━━━━━━━━━━━━━━━ 1.1/1.1 MB 7.4 MB/s eta 0:00:00
Collecting click>=7.0
  Using cached click-8.1.7-py3-none-any.whl (97 kB)
Collecting cloudpickle>=1.1.1
  Using cached cloudpickle-2.2.1-py3-none-any.whl (25 kB)
Collecting fsspec>=0.6.0
  Downloading fsspec-2023.10.0-py3-none-any.whl (166 kB)
     ━━━━━━━━━━━━━━━━━━━━━━━━━━━━━━━━━━━━━━━ 166.4/166.4 kB 4.4 MB/s eta 0:00:00
Collecting packaging>=20.0
  Using cached packaging-23.2-py3-none-any.whl (53 kB)
Collecting partd>=0.3.10
  Downloading partd-1.4.1-py3-none-any.whl (18 kB)
Collecting pyyaml>=5.3.1
  Using cached PyYAML-6.0.1-py3-none-any.whl
Collecting toolz>=0.8.2
  Downloading toolz-0.12.0-py3-none-any.whl (55 kB)
     ━━━━━━━━━━━━━━━━━━━━━━━━━━━━━━━━━━━━━━━━ 55.8/55.8 kB 2.7 MB/s eta 0:00:00
Collecting locket
  Downloading locket-1.0.0-py2.py3-none-any.whl (4.4 kB)
Installing collected packages: toolz, pyyaml, packaging, locket, fsspec, cloudpickle, click, partd, dask
Looking for GraalPy patches for toolz
Looking for GraalPy patches for PyYAML
Looking for GraalPy patches for packaging
Patching package packaging using /opt/graalpy/lib/graalpy23.1/patches/packaging/packaging.patch
patching file packaging/tags.py
Hunk #1 FAILED at 4.
Hunk #2 FAILED at 37.
2 out of 2 hunks FAILED -- saving rejects to file packaging/tags.py.rej
Applying GraalPy patch failed for packaging. The package may still work.
Looking for GraalPy patches for locket
Looking for GraalPy patches for fsspec
Looking for GraalPy patches for cloudpickle
Patching package cloudpickle using /opt/graalpy/lib/graalpy23.1/patches/cloudpickle/cloudpickle-2.2.1.patch
patching file cloudpickle/cloudpickle.py
patching file cloudpickle/cloudpickle_fast.py
Looking for GraalPy patches for click
Looking for GraalPy patches for partd
Looking for GraalPy patches for dask
Successfully installed click-8.1.7 cloudpickle-2.2.1 dask-2022.12.0 fsspec-2023.10.0 locket-1.0.0 packaging-23.2 partd-1.4.1 pyyaml-6.0.1 toolz-0.12.0
