Collecting google-auth-oauthlib==1.0.0
  Downloading google_auth_oauthlib-1.0.0-py2.py3-none-any.whl (18 kB)
Collecting google-auth>=2.15.0 (from google-auth-oauthlib==1.0.0)
  Using cached google_auth-2.23.4-py2.py3-none-any.whl.metadata (4.7 kB)
Collecting requests-oauthlib>=0.7.0 (from google-auth-oauthlib==1.0.0)
  Downloading requests_oauthlib-1.3.1-py2.py3-none-any.whl (23 kB)
Collecting cachetools<6.0,>=2.0.0 (from google-auth>=2.15.0->google-auth-oauthlib==1.0.0)
  Using cached cachetools-5.3.2-py3-none-any.whl.metadata (5.2 kB)
Collecting pyasn1-modules>=0.2.1 (from google-auth>=2.15.0->google-auth-oauthlib==1.0.0)
  Using cached pyasn1_modules-0.3.0-py2.py3-none-any.whl (181 kB)
Collecting rsa<5,>=3.1.4 (from google-auth>=2.15.0->google-auth-oauthlib==1.0.0)
  Using cached rsa-4.9-py3-none-any.whl (34 kB)
Collecting oauthlib>=3.0.0 (from requests-oauthlib>=0.7.0->google-auth-oauthlib==1.0.0)
  Downloading oauthlib-3.2.2-py3-none-any.whl (151 kB)
     ━━━━━━━━━━━━━━━━━━━━━━━━━━━━━━━━━━━━━━━ 151.7/151.7 kB 5.2 MB/s eta 0:00:00
Collecting requests>=2.0.0 (from requests-oauthlib>=0.7.0->google-auth-oauthlib==1.0.0)
  Using cached requests-2.31.0-py3-none-any.whl.metadata (4.6 kB)
Collecting pyasn1<0.6.0,>=0.4.6 (from pyasn1-modules>=0.2.1->google-auth>=2.15.0->google-auth-oauthlib==1.0.0)
  Using cached pyasn1-0.5.1-py2.py3-none-any.whl.metadata (8.6 kB)
Collecting charset-normalizer<4,>=2 (from requests>=2.0.0->requests-oauthlib>=0.7.0->google-auth-oauthlib==1.0.0)
  Using cached charset_normalizer-3.3.2-cp310-cp310-manylinux_2_17_x86_64.manylinux2014_x86_64.whl.metadata (33 kB)
Collecting idna<4,>=2.5 (from requests>=2.0.0->requests-oauthlib>=0.7.0->google-auth-oauthlib==1.0.0)
  Using cached idna-3.4-py3-none-any.whl (61 kB)
Collecting urllib3<3,>=1.21.1 (from requests>=2.0.0->requests-oauthlib>=0.7.0->google-auth-oauthlib==1.0.0)
  Using cached urllib3-2.1.0-py3-none-any.whl.metadata (6.4 kB)
Collecting certifi>=2017.4.17 (from requests>=2.0.0->requests-oauthlib>=0.7.0->google-auth-oauthlib==1.0.0)
  Using cached certifi-2023.11.17-py3-none-any.whl.metadata (2.2 kB)
Using cached google_auth-2.23.4-py2.py3-none-any.whl (183 kB)
Using cached cachetools-5.3.2-py3-none-any.whl (9.3 kB)
Using cached requests-2.31.0-py3-none-any.whl (62 kB)
Using cached certifi-2023.11.17-py3-none-any.whl (162 kB)
Using cached charset_normalizer-3.3.2-cp310-cp310-manylinux_2_17_x86_64.manylinux2014_x86_64.whl (142 kB)
Using cached pyasn1-0.5.1-py2.py3-none-any.whl (84 kB)
Using cached urllib3-2.1.0-py3-none-any.whl (104 kB)
Installing collected packages: urllib3, pyasn1, oauthlib, idna, charset-normalizer, certifi, cachetools, rsa, requests, pyasn1-modules, requests-oauthlib, google-auth, google-auth-oauthlib
Successfully installed cachetools-5.3.2 certifi-2023.11.17 charset-normalizer-3.3.2 google-auth-2.23.4 google-auth-oauthlib-1.0.0 idna-3.4 oauthlib-3.2.2 pyasn1-0.5.1 pyasn1-modules-0.3.0 requests-2.31.0 requests-oauthlib-1.3.1 rsa-4.9 urllib3-2.1.0
