Collecting google-auth-oauthlib==1.0.0
  Downloading google_auth_oauthlib-1.0.0-py2.py3-none-any.whl (18 kB)
Collecting google-auth>=2.15.0
  Using cached google_auth-2.23.4-py2.py3-none-any.whl (183 kB)
Collecting requests-oauthlib>=0.7.0
  Downloading requests_oauthlib-1.3.1-py2.py3-none-any.whl (23 kB)
Collecting cachetools<6.0,>=2.0.0
  Using cached cachetools-5.3.2-py3-none-any.whl (9.3 kB)
Collecting pyasn1-modules>=0.2.1
  Using cached pyasn1_modules-0.3.0-py2.py3-none-any.whl (181 kB)
Collecting rsa<5,>=3.1.4
  Using cached rsa-4.9-py3-none-any.whl (34 kB)
Collecting oauthlib>=3.0.0
  Downloading oauthlib-3.2.2-py3-none-any.whl (151 kB)
     ━━━━━━━━━━━━━━━━━━━━━━━━━━━━━━━━━━━━━━━ 151.7/151.7 kB 1.9 MB/s eta 0:00:00
Collecting requests>=2.0.0
  Using cached requests-2.31.0-py3-none-any.whl (62 kB)
Collecting pyasn1<0.6.0,>=0.4.6
  Using cached pyasn1-0.5.1-py2.py3-none-any.whl (84 kB)
Collecting charset-normalizer<4,>=2
  Using cached charset_normalizer-3.1.0-py3-none-any.whl (46 kB)
Collecting idna<4,>=2.5
  Using cached idna-3.4-py3-none-any.whl (61 kB)
Collecting urllib3<3,>=1.21.1
  Using cached urllib3-2.1.0-py3-none-any.whl (104 kB)
Collecting certifi>=2017.4.17
  Using cached certifi-2023.11.17-py3-none-any.whl (162 kB)
Installing collected packages: urllib3, pyasn1, oauthlib, idna, charset-normalizer, certifi, cachetools, rsa, requests, pyasn1-modules, requests-oauthlib, google-auth, google-auth-oauthlib
Looking for GraalPy patches for urllib3
Looking for GraalPy patches for pyasn1
Looking for GraalPy patches for oauthlib
Looking for GraalPy patches for idna
Looking for GraalPy patches for charset_normalizer
Patching package charset_normalizer using /opt/graalpy/lib/graalpy23.1/patches/charset_normalizer/charset_normalizer-3.1.0.patch
patching file charset_normalizer/utils.py
Hunk #1 succeeded at 7 with fuzz 2 (offset -4 lines).
Hunk #2 succeeded at 258 with fuzz 2 (offset 11 lines).
Looking for GraalPy patches for certifi
Looking for GraalPy patches for cachetools
Looking for GraalPy patches for rsa
Looking for GraalPy patches for requests
Looking for GraalPy patches for pyasn1_modules
Looking for GraalPy patches for requests_oauthlib
Looking for GraalPy patches for google_auth
Looking for GraalPy patches for google_auth_oauthlib
Successfully installed cachetools-5.3.2 certifi-2023.11.17 charset-normalizer-3.1.0 google-auth-2.23.4 google-auth-oauthlib-1.0.0 idna-3.4 oauthlib-3.2.2 pyasn1-0.5.1 pyasn1-modules-0.3.0 requests-2.31.0 requests-oauthlib-1.3.1 rsa-4.9 urllib3-2.1.0
