Collecting grpcio==1.51.1
  Downloading grpcio-1.51.1.tar.gz (22.1 MB)
     ━━━━━━━━━━━━━━━━━━━━━━━━━━━━━━━━━━━━━━━━ 22.1/22.1 MB 5.4 MB/s eta 0:00:00
auto-patching C API usages in /tmp/pip-install-5k8ww8ib/grpcio_0261d57d43bb4692b8c00965b83eb0c9/src/python/grpcio/grpc/_cython/cygrpc.cpp
auto-patching C API usages in /tmp/pip-install-5k8ww8ib/grpcio_0261d57d43bb4692b8c00965b83eb0c9/third_party/upb/python/repeated.c
auto-patching C API usages in /tmp/pip-install-5k8ww8ib/grpcio_0261d57d43bb4692b8c00965b83eb0c9/third_party/upb/python/message.c
Looking for GraalPy patches for grpcio
Patching package grpcio using /opt/graalpy/lib/graalpy23.1/patches/grpcio/grpcio.patch
patching file pyproject.toml
patching file setup.py
  Installing build dependencies: started
  Installing build dependencies: finished with status 'done'
  Getting requirements to build wheel: started
  Getting requirements to build wheel: finished with status 'done'
  Preparing metadata (pyproject.toml): started
  Preparing metadata (pyproject.toml): finished with status 'done'
Building wheels for collected packages: grpcio
  Building wheel for grpcio (pyproject.toml): started
  Building wheel for grpcio (pyproject.toml): still running...
  Building wheel for grpcio (pyproject.toml): still running...
  Building wheel for grpcio (pyproject.toml): still running...
  Building wheel for grpcio (pyproject.toml): finished with status 'done'
  Created wheel for grpcio: filename=grpcio-1.51.1-graalpy310-graalpy231_310_native-linux_x86_64.whl size=7812534 sha256=a6c2e22f66fd198c3501934d906a0eff49434791f75e93214a8ad77ef5777735
  Stored in directory: /workdir/.cache/pip-graalpy/wheels/b6/aa/bd/ce06b8a4b145d9b54ed8b71a2685a146b4e8dcc40d7e39e2f0
Successfully built grpcio
Installing collected packages: grpcio
Successfully installed grpcio-1.51.1
