Collecting pylint==2.15.8
  Downloading pylint-2.15.8-py3-none-any.whl (509 kB)
     ━━━━━━━━━━━━━━━━━━━━━━━━━━━━━━━━━━━━━━━ 509.1/509.1 kB 5.4 MB/s eta 0:00:00
Collecting dill>=0.2 (from pylint==2.15.8)
  Using cached dill-0.3.7-py3-none-any.whl.metadata (9.9 kB)
Collecting platformdirs>=2.2.0 (from pylint==2.15.8)
  Using cached platformdirs-4.0.0-py3-none-any.whl.metadata (11 kB)
Collecting astroid<=2.14.0-dev0,>=2.12.13 (from pylint==2.15.8)
  Downloading astroid-2.13.5-py3-none-any.whl (273 kB)
     ━━━━━━━━━━━━━━━━━━━━━━━━━━━━━━━━━━━━━━ 273.2/273.2 kB 10.5 MB/s eta 0:00:00
Collecting isort<6,>=4.2.5 (from pylint==2.15.8)
  Using cached isort-5.12.0-py3-none-any.whl (91 kB)
Collecting mccabe<0.8,>=0.6 (from pylint==2.15.8)
  Using cached mccabe-0.7.0-py2.py3-none-any.whl (7.3 kB)
Collecting tomlkit>=0.10.1 (from pylint==2.15.8)
  Using cached tomlkit-0.12.3-py3-none-any.whl.metadata (2.7 kB)
Collecting tomli>=1.1.0 (from pylint==2.15.8)
  Using cached tomli-2.0.1-py3-none-any.whl (12 kB)
Collecting lazy-object-proxy>=1.4.0 (from astroid<=2.14.0-dev0,>=2.12.13->pylint==2.15.8)
  Downloading lazy_object_proxy-1.9.0-cp310-cp310-manylinux_2_5_x86_64.manylinux1_x86_64.manylinux_2_17_x86_64.manylinux2014_x86_64.whl (63 kB)
     ━━━━━━━━━━━━━━━━━━━━━━━━━━━━━━━━━━━━━━━━ 63.3/63.3 kB 3.6 MB/s eta 0:00:00
Collecting wrapt<2,>=1.11 (from astroid<=2.14.0-dev0,>=2.12.13->pylint==2.15.8)
  Using cached wrapt-1.16.0-cp310-cp310-manylinux_2_5_x86_64.manylinux1_x86_64.manylinux_2_17_x86_64.manylinux2014_x86_64.whl.metadata (6.6 kB)
Collecting typing-extensions>=4.0.0 (from astroid<=2.14.0-dev0,>=2.12.13->pylint==2.15.8)
  Using cached typing_extensions-4.8.0-py3-none-any.whl.metadata (3.0 kB)
Using cached dill-0.3.7-py3-none-any.whl (115 kB)
Using cached platformdirs-4.0.0-py3-none-any.whl (17 kB)
Using cached tomlkit-0.12.3-py3-none-any.whl (37 kB)
Using cached typing_extensions-4.8.0-py3-none-any.whl (31 kB)
Using cached wrapt-1.16.0-cp310-cp310-manylinux_2_5_x86_64.manylinux1_x86_64.manylinux_2_17_x86_64.manylinux2014_x86_64.whl (80 kB)
Installing collected packages: wrapt, typing-extensions, tomlkit, tomli, platformdirs, mccabe, lazy-object-proxy, isort, dill, astroid, pylint
Successfully installed astroid-2.13.5 dill-0.3.7 isort-5.12.0 lazy-object-proxy-1.9.0 mccabe-0.7.0 platformdirs-4.0.0 pylint-2.15.8 tomli-2.0.1 tomlkit-0.12.3 typing-extensions-4.8.0 wrapt-1.16.0
