Collecting pylint==2.15.8
  Downloading pylint-2.15.8-py3-none-any.whl (509 kB)
     ━━━━━━━━━━━━━━━━━━━━━━━━━━━━━━━━━━━━━━━ 509.1/509.1 kB 2.6 MB/s eta 0:00:00
Collecting dill>=0.2
  Using cached dill-0.3.7-py3-none-any.whl (115 kB)
Collecting platformdirs>=2.2.0
  Using cached platformdirs-4.0.0-py3-none-any.whl (17 kB)
Collecting astroid<=2.14.0-dev0,>=2.12.13
  Downloading astroid-2.13.5-py3-none-any.whl (273 kB)
     ━━━━━━━━━━━━━━━━━━━━━━━━━━━━━━━━━━━━━━━ 273.2/273.2 kB 2.5 MB/s eta 0:00:00
Collecting isort<6,>=4.2.5
  Using cached isort-5.12.0-py3-none-any.whl (91 kB)
Collecting mccabe<0.8,>=0.6
  Using cached mccabe-0.7.0-py2.py3-none-any.whl (7.3 kB)
Collecting tomlkit>=0.10.1
  Using cached tomlkit-0.12.3-py3-none-any.whl (37 kB)
Collecting tomli>=1.1.0
  Using cached tomli-2.0.1-py3-none-any.whl (12 kB)
Collecting lazy-object-proxy>=1.4.0
  Downloading lazy-object-proxy-1.9.0.tar.gz (42 kB)
     ━━━━━━━━━━━━━━━━━━━━━━━━━━━━━━━━━━━━━━━ 42.8/42.8 kB 674.2 kB/s eta 0:00:00
Looking for GraalPy patches for lazy-object-proxy
Patching package lazy-object-proxy using /opt/graalpy/lib/graalpy23.1/patches/lazy-object-proxy/lazy-object-proxy.patch
patching file setup.py
  Installing build dependencies: started
  Installing build dependencies: finished with status 'done'
  Getting requirements to build wheel: started
  Getting requirements to build wheel: finished with status 'done'
  Preparing metadata (pyproject.toml): started
  Preparing metadata (pyproject.toml): finished with status 'done'
Collecting wrapt<2,>=1.11
  Using cached wrapt-1.16.0-py3-none-any.whl (23 kB)
Collecting typing-extensions>=4.0.0
  Using cached typing_extensions-4.8.0-py3-none-any.whl (31 kB)
Building wheels for collected packages: lazy-object-proxy
  Building wheel for lazy-object-proxy (pyproject.toml): started
  Building wheel for lazy-object-proxy (pyproject.toml): finished with status 'done'
  Created wheel for lazy-object-proxy: filename=lazy_object_proxy-1.9.0-graalpy310-graalpy231_310_native-linux_x86_64.whl size=12136 sha256=7b491649bdc5e1e71be1e141ce7cdb69dcc9243a9611ee6f080b6bb647f83670
  Stored in directory: /workdir/.cache/pip-graalpy/wheels/df/c7/8a/a0b77db711d2bdaa3a54e3ff0e77c8ca1c17dccb0e1b8686ab
Successfully built lazy-object-proxy
Installing collected packages: wrapt, typing-extensions, tomlkit, tomli, platformdirs, mccabe, lazy-object-proxy, isort, dill, astroid, pylint
Looking for GraalPy patches for wrapt
Looking for GraalPy patches for typing_extensions
Looking for GraalPy patches for tomlkit
Looking for GraalPy patches for tomli
Looking for GraalPy patches for platformdirs
Looking for GraalPy patches for mccabe
Looking for GraalPy patches for lazy_object_proxy
Looking for GraalPy patches for isort
Looking for GraalPy patches for dill
Looking for GraalPy patches for astroid
Looking for GraalPy patches for pylint
Successfully installed astroid-2.13.5 dill-0.3.7 isort-5.12.0 lazy-object-proxy-1.9.0 mccabe-0.7.0 platformdirs-4.0.0 pylint-2.15.8 tomli-2.0.1 tomlkit-0.12.3 typing-extensions-4.8.0 wrapt-1.16.0
