Collecting statsmodels==0.13.5
  Downloading statsmodels-0.13.5-cp310-cp310-manylinux_2_17_x86_64.manylinux2014_x86_64.whl (9.9 MB)
     ━━━━━━━━━━━━━━━━━━━━━━━━━━━━━━━━━━━━━━━━ 9.9/9.9 MB 25.1 MB/s eta 0:00:00
Collecting pandas>=0.25 (from statsmodels==0.13.5)
  Using cached pandas-2.1.3-cp310-cp310-manylinux_2_17_x86_64.manylinux2014_x86_64.whl.metadata (18 kB)
Collecting patsy>=0.5.2 (from statsmodels==0.13.5)
  Using cached patsy-0.5.3-py2.py3-none-any.whl (233 kB)
Collecting packaging>=21.3 (from statsmodels==0.13.5)
  Using cached packaging-23.2-py3-none-any.whl.metadata (3.2 kB)
Collecting scipy>=1.3 (from statsmodels==0.13.5)
  Using cached scipy-1.11.4-cp310-cp310-manylinux_2_17_x86_64.manylinux2014_x86_64.whl.metadata (60 kB)
Collecting numpy>=1.17 (from statsmodels==0.13.5)
  Using cached numpy-1.26.2-cp310-cp310-manylinux_2_17_x86_64.manylinux2014_x86_64.whl.metadata (61 kB)
Collecting python-dateutil>=2.8.2 (from pandas>=0.25->statsmodels==0.13.5)
  Using cached python_dateutil-2.8.2-py2.py3-none-any.whl (247 kB)
Collecting pytz>=2020.1 (from pandas>=0.25->statsmodels==0.13.5)
  Using cached pytz-2023.3.post1-py2.py3-none-any.whl.metadata (22 kB)
Collecting tzdata>=2022.1 (from pandas>=0.25->statsmodels==0.13.5)
  Using cached tzdata-2023.3-py2.py3-none-any.whl (341 kB)
Collecting six (from patsy>=0.5.2->statsmodels==0.13.5)
  Using cached six-1.16.0-py2.py3-none-any.whl (11 kB)
Using cached numpy-1.26.2-cp310-cp310-manylinux_2_17_x86_64.manylinux2014_x86_64.whl (18.2 MB)
Using cached packaging-23.2-py3-none-any.whl (53 kB)
Using cached pandas-2.1.3-cp310-cp310-manylinux_2_17_x86_64.manylinux2014_x86_64.whl (12.3 MB)
Using cached scipy-1.11.4-cp310-cp310-manylinux_2_17_x86_64.manylinux2014_x86_64.whl (36.4 MB)
Using cached pytz-2023.3.post1-py2.py3-none-any.whl (502 kB)
Installing collected packages: pytz, tzdata, six, packaging, numpy, scipy, python-dateutil, patsy, pandas, statsmodels
Successfully installed numpy-1.26.2 packaging-23.2 pandas-2.1.3 patsy-0.5.3 python-dateutil-2.8.2 pytz-2023.3.post1 scipy-1.11.4 six-1.16.0 statsmodels-0.13.5 tzdata-2023.3
