Collecting statsmodels==0.13.5
  Downloading statsmodels-0.13.5.tar.gz (18.4 MB)
     ━━━━━━━━━━━━━━━━━━━━━━━━━━━━━━━━━━━━━━━━ 18.4/18.4 MB 6.8 MB/s eta 0:00:00
Looking for GraalPy patches for statsmodels
  Installing build dependencies: started
  Installing build dependencies: still running...
  Installing build dependencies: still running...
  Installing build dependencies: finished with status 'error'
  error: subprocess-exited-with-error
  
  × pip subprocess to install build dependencies did not run successfully.
  │ exit code: 1
  ╰─> [89 lines of output]
      Ignoring numpy: markers 'python_version == "3.10" and platform_system == "Windows" and platform_python_implementation != "PyPy"' don't match your environment
      Ignoring numpy: markers 'python_version >= "3.11"' don't match your environment
      Ignoring scipy: markers 'python_version == "3.7"' don't match your environment
      Ignoring scipy: markers 'python_version == "3.8" and platform_system == "Windows" and platform_machine == "x86"' don't match your environment
      Ignoring scipy: markers 'python_version == "3.9" and platform_system == "Windows" and platform_machine == "x86"' don't match your environment
      Ignoring scipy: markers 'python_version >= "3.12"' don't match your environment
      Collecting setuptools>=59.2.0
        Using cached setuptools-69.0.2-py3-none-any.whl (819 kB)
      Collecting wheel>=0.37.1
        Using cached wheel-0.41.2-py3-none-any.whl (64 kB)
      Collecting cython<3,>=0.29.32
        Using cached Cython-0.29.32-py2.py3-none-any.whl (986 kB)
      Collecting oldest-supported-numpy
        Using cached oldest_supported_numpy-2023.10.25-py3-none-any.whl (4.9 kB)
      Collecting scipy<1.10,>=1.3
        Downloading scipy-1.9.3.tar.gz (42.1 MB)
           ━━━━━━━━━━━━━━━━━━━━━━━━━━━━━━━━━━━━━━━━ 42.1/42.1 MB 4.3 MB/s eta 0:00:00
      auto-patching C API usages in /tmp/pip-install-acm8n7n0/scipy_ee9a79a6de864068816a4e515ddb589c/scipy/_lib/boost/boost/python/detail/wrap_python.hpp
      auto-patching C API usages in /tmp/pip-install-acm8n7n0/scipy_ee9a79a6de864068816a4e515ddb589c/scipy/_lib/boost/boost/python/suite/indexing/detail/indexing_suite_detail.hpp
      auto-patching C API usages in /tmp/pip-install-acm8n7n0/scipy_ee9a79a6de864068816a4e515ddb589c/scipy/_lib/boost/boost/mpi/python/serialize.hpp
      auto-patching C API usages in /tmp/pip-install-acm8n7n0/scipy_ee9a79a6de864068816a4e515ddb589c/scipy/_lib/boost/boost/mpi/python/skeleton_and_content.hpp
      Looking for GraalPy patches for scipy
      Patching package scipy using /opt/graalpy/lib/graalpy23.1/patches/scipy/scipy-1.9.3.patch
      patching file meson.build
      patching file mesonpy_wrapper.py
      patching file pyproject.toml
      patching file scipy/_lib/_ccallback_c.pyx
      patching file scipy/_lib/setup.py
      patching file scipy/_lib/src/messagestream_config.h.in
      patching file scipy/sparse/linalg/meson.build
      patching file scipy/special/meson.build
      patching file tools/cythonize.py
        Installing build dependencies: started
        Installing build dependencies: still running...
        Installing build dependencies: finished with status 'done'
        Getting requirements to build wheel: started
        Getting requirements to build wheel: finished with status 'done'
        Preparing metadata (pyproject.toml): started
        Preparing metadata (pyproject.toml): finished with status 'error'
        error: subprocess-exited-with-error
      
        × Preparing metadata (pyproject.toml) did not run successfully.
        │ exit code: 1
        ╰─> [35 lines of output]
            + meson setup /tmp/pip-install-acm8n7n0/scipy_ee9a79a6de864068816a4e515ddb589c /tmp/pip-install-acm8n7n0/scipy_ee9a79a6de864068816a4e515ddb589c/.mesonpy-ezyjjdk6 -Dbuildtype=release -Db_ndebug=if-release -Db_vscrt=md --native-file=/tmp/pip-install-acm8n7n0/scipy_ee9a79a6de864068816a4e515ddb589c/.mesonpy-ezyjjdk6/meson-python-native-file.ini
            The Meson build system
            Version: 1.0.0
            Source dir: /tmp/pip-install-acm8n7n0/scipy_ee9a79a6de864068816a4e515ddb589c
            Build dir: /tmp/pip-install-acm8n7n0/scipy_ee9a79a6de864068816a4e515ddb589c/.mesonpy-ezyjjdk6
            Build type: native build
            Project name: SciPy
            Project version: 1.9.3
            C compiler for the host machine: cc (gcc 8.5.0 "cc (GCC) 8.5.0 20210514 (Red Hat 8.5.0-18.0.6)")
            C linker for the host machine: cc ld.bfd 2.30-119
            C++ compiler for the host machine: c++ (gcc 8.5.0 "c++ (GCC) 8.5.0 20210514 (Red Hat 8.5.0-18.0.6)")
            C++ linker for the host machine: c++ ld.bfd 2.30-119
            Host machine cpu family: x86_64
            Host machine cpu: x86_64
            Compiler for C supports arguments -Wno-unused-but-set-variable: YES
            Compiler for C supports arguments -Wno-unused-but-set-variable: YES (cached)
            Compiler for C supports arguments -Wno-unused-function: YES
            Compiler for C supports arguments -Wno-conversion: YES
            Compiler for C supports arguments -Wno-misleading-indentation: YES
            Compiler for C supports arguments -Wno-incompatible-pointer-types: YES
            Library m found: YES
            Fortran compiler for the host machine: gfortran (gcc 8.5.0 "GNU Fortran (GCC) 8.5.0 20210514 (Red Hat 8.5.0-18.0.6)")
            Fortran linker for the host machine: gfortran ld.bfd 2.30-119
            Compiler for Fortran supports arguments -Wno-conversion: YES
            Program cython found: YES (/tmp/pip-build-env-ub728ifp/overlay/bin/cython)
            Program pythran found: YES (/tmp/pip-build-env-ub728ifp/overlay/bin/pythran)
            Program cp found: YES (/usr/bin/cp)
            Program python found: YES (/workdir/install-virtualenv/bin/graalpy)
            Run-time dependency threads found: YES
            Library npymath found: YES
            Library npyrandom found: YES
      
            ../scipy/meson.build:82:2: ERROR: Command "/workdir/install-virtualenv/bin/graalpy -c import os; os.chdir(".."); import pythran; print(os.path.dirname(pythran.__file__));" failed with status 1.
      
            A full log can be found at /tmp/pip-install-acm8n7n0/scipy_ee9a79a6de864068816a4e515ddb589c/.mesonpy-ezyjjdk6/meson-logs/meson-log.txt
            [end of output]
      
        note: This error originates from a subprocess, and is likely not a problem with pip.
      error: metadata-generation-failed
      
      × Encountered error while generating package metadata.
      ╰─> See above for output.
      
      note: This is an issue with the package mentioned above, not pip.
      hint: See above for details.
      [end of output]
  
  note: This error originates from a subprocess, and is likely not a problem with pip.
error: subprocess-exited-with-error

× pip subprocess to install build dependencies did not run successfully.
│ exit code: 1
╰─> See above for output.

note: This error originates from a subprocess, and is likely not a problem with pip.
