Collecting torchvision==0.14.0
  Downloading torchvision-0.14.0-cp310-cp310-manylinux1_x86_64.whl (24.3 MB)
     ━━━━━━━━━━━━━━━━━━━━━━━━━━━━━━━━━━━━━━━━ 24.3/24.3 MB 28.0 MB/s eta 0:00:00
Collecting typing-extensions (from torchvision==0.14.0)
  Using cached typing_extensions-4.8.0-py3-none-any.whl.metadata (3.0 kB)
Collecting numpy (from torchvision==0.14.0)
  Using cached numpy-1.26.2-cp310-cp310-manylinux_2_17_x86_64.manylinux2014_x86_64.whl.metadata (61 kB)
Collecting requests (from torchvision==0.14.0)
  Using cached requests-2.31.0-py3-none-any.whl.metadata (4.6 kB)
Collecting torch==1.13.0 (from torchvision==0.14.0)
  Downloading torch-1.13.0-cp310-cp310-manylinux1_x86_64.whl (890.1 MB)
     ━━━━━━━━━━━━━━━━━━━━━━━━━━━━━━━━━━━━━━━ 890.1/890.1 MB 3.2 MB/s eta 0:00:00
Collecting pillow!=8.3.*,>=5.3.0 (from torchvision==0.14.0)
  Using cached Pillow-10.1.0-cp310-cp310-manylinux_2_28_x86_64.whl.metadata (9.5 kB)
Collecting nvidia-cuda-runtime-cu11==11.7.99 (from torch==1.13.0->torchvision==0.14.0)
  Using cached nvidia_cuda_runtime_cu11-11.7.99-py3-none-manylinux1_x86_64.whl (849 kB)
Collecting nvidia-cudnn-cu11==8.5.0.96 (from torch==1.13.0->torchvision==0.14.0)
  Using cached nvidia_cudnn_cu11-8.5.0.96-2-py3-none-manylinux1_x86_64.whl (557.1 MB)
Collecting nvidia-cublas-cu11==11.10.3.66 (from torch==1.13.0->torchvision==0.14.0)
  Using cached nvidia_cublas_cu11-11.10.3.66-py3-none-manylinux1_x86_64.whl (317.1 MB)
Collecting nvidia-cuda-nvrtc-cu11==11.7.99 (from torch==1.13.0->torchvision==0.14.0)
  Using cached nvidia_cuda_nvrtc_cu11-11.7.99-2-py3-none-manylinux1_x86_64.whl (21.0 MB)
Requirement already satisfied: setuptools in ./install-virtualenv/lib/python3.10/site-packages (from nvidia-cublas-cu11==11.10.3.66->torch==1.13.0->torchvision==0.14.0) (68.2.2)
Requirement already satisfied: wheel in ./install-virtualenv/lib/python3.10/site-packages (from nvidia-cublas-cu11==11.10.3.66->torch==1.13.0->torchvision==0.14.0) (0.41.3)
Collecting charset-normalizer<4,>=2 (from requests->torchvision==0.14.0)
  Using cached charset_normalizer-3.3.2-cp310-cp310-manylinux_2_17_x86_64.manylinux2014_x86_64.whl.metadata (33 kB)
Collecting idna<4,>=2.5 (from requests->torchvision==0.14.0)
  Using cached idna-3.6-py3-none-any.whl.metadata (9.9 kB)
Collecting urllib3<3,>=1.21.1 (from requests->torchvision==0.14.0)
  Using cached urllib3-2.1.0-py3-none-any.whl.metadata (6.4 kB)
Collecting certifi>=2017.4.17 (from requests->torchvision==0.14.0)
  Using cached certifi-2023.11.17-py3-none-any.whl.metadata (2.2 kB)
Using cached Pillow-10.1.0-cp310-cp310-manylinux_2_28_x86_64.whl (3.6 MB)
Using cached numpy-1.26.2-cp310-cp310-manylinux_2_17_x86_64.manylinux2014_x86_64.whl (18.2 MB)
Using cached requests-2.31.0-py3-none-any.whl (62 kB)
Using cached typing_extensions-4.8.0-py3-none-any.whl (31 kB)
Using cached certifi-2023.11.17-py3-none-any.whl (162 kB)
Using cached charset_normalizer-3.3.2-cp310-cp310-manylinux_2_17_x86_64.manylinux2014_x86_64.whl (142 kB)
Using cached idna-3.6-py3-none-any.whl (61 kB)
Using cached urllib3-2.1.0-py3-none-any.whl (104 kB)
Installing collected packages: urllib3, typing-extensions, pillow, nvidia-cuda-runtime-cu11, nvidia-cuda-nvrtc-cu11, nvidia-cublas-cu11, numpy, idna, charset-normalizer, certifi, requests, nvidia-cudnn-cu11, torch, torchvision
Successfully installed certifi-2023.11.17 charset-normalizer-3.3.2 idna-3.6 numpy-1.26.2 nvidia-cublas-cu11-11.10.3.66 nvidia-cuda-nvrtc-cu11-11.7.99 nvidia-cuda-runtime-cu11-11.7.99 nvidia-cudnn-cu11-8.5.0.96 pillow-10.1.0 requests-2.31.0 torch-1.13.0 torchvision-0.14.0 typing-extensions-4.8.0 urllib3-2.1.0
