Collecting shapely==2.0.0
  Downloading shapely-2.0.0.tar.gz (274 kB)
     ━━━━━━━━━━━━━━━━━━━━━━━━━━━━━━━━━━━━━━━ 274.5/274.5 kB 4.9 MB/s eta 0:00:00
auto-patching C API usages in /tmp/pip-install-d55tquq1/shapely_53d6a2300d6b4292947e2fd3c4d10dd2/src/pygeom.c
Looking for GraalPy patches for shapely
  Installing build dependencies: started
  Installing build dependencies: finished with status 'done'
  Getting requirements to build wheel: started
  Getting requirements to build wheel: finished with status 'done'
  Installing backend dependencies: started
  Installing backend dependencies: finished with status 'done'
  Preparing metadata (pyproject.toml): started
  Preparing metadata (pyproject.toml): finished with status 'done'
Collecting numpy>=1.14
  Using cached numpy-1.23.5-graalpy310-graalpy231_310_native-linux_x86_64.whl
Building wheels for collected packages: shapely
  Building wheel for shapely (pyproject.toml): started
  Building wheel for shapely (pyproject.toml): finished with status 'done'
  Created wheel for shapely: filename=shapely-2.0.0-graalpy310-graalpy231_310_native-linux_x86_64.whl size=335720 sha256=051d79c1614f5804bef0a122c53d0b0cb31a54a2561e7fb3cf651c109ef21271
  Stored in directory: /workdir/.cache/pip-graalpy/wheels/d8/8a/41/785498923e0a18d8cb0486e951c8aa39792e9355023f6edced
Successfully built shapely
Installing collected packages: numpy, shapely
Looking for GraalPy patches for numpy
We have patches to make this package work on GraalVM for some version(s).
If installing or running fails, consider using one of the versions that we have patches for:
numpy == 1.16.4
numpy == 1.19.5
numpy == 1.21.6
numpy == 1.22.4
numpy == 1.23.4
numpy == 1.23.1
numpy == 1.23.5
Looking for GraalPy patches for shapely
Successfully installed numpy-1.23.5 shapely-2.0.0
