Collecting s3fs==2022.11.0
  Downloading s3fs-2022.11.0-py3-none-any.whl (27 kB)
Collecting aiobotocore~=2.4.0 (from s3fs==2022.11.0)
  Downloading aiobotocore-2.4.2-py3-none-any.whl (66 kB)
     ━━━━━━━━━━━━━━━━━━━━━━━━━━━━━━━━━━━━━━━━ 66.8/66.8 kB 4.7 MB/s eta 0:00:00
Collecting fsspec==2022.11.0 (from s3fs==2022.11.0)
  Downloading fsspec-2022.11.0-py3-none-any.whl (139 kB)
     ━━━━━━━━━━━━━━━━━━━━━━━━━━━━━━━━━━━━━━━ 139.5/139.5 kB 5.5 MB/s eta 0:00:00
Collecting aiohttp!=4.0.0a0,!=4.0.0a1 (from s3fs==2022.11.0)
  Using cached aiohttp-3.9.1-cp310-cp310-manylinux_2_17_x86_64.manylinux2014_x86_64.whl.metadata (7.4 kB)
Collecting botocore<1.27.60,>=1.27.59 (from aiobotocore~=2.4.0->s3fs==2022.11.0)
  Downloading botocore-1.27.59-py3-none-any.whl (9.1 MB)
     ━━━━━━━━━━━━━━━━━━━━━━━━━━━━━━━━━━━━━━━━ 9.1/9.1 MB 28.0 MB/s eta 0:00:00
Collecting wrapt>=1.10.10 (from aiobotocore~=2.4.0->s3fs==2022.11.0)
  Using cached wrapt-1.16.0-cp310-cp310-manylinux_2_5_x86_64.manylinux1_x86_64.manylinux_2_17_x86_64.manylinux2014_x86_64.whl.metadata (6.6 kB)
Collecting aioitertools>=0.5.1 (from aiobotocore~=2.4.0->s3fs==2022.11.0)
  Downloading aioitertools-0.11.0-py3-none-any.whl (23 kB)
Collecting attrs>=17.3.0 (from aiohttp!=4.0.0a0,!=4.0.0a1->s3fs==2022.11.0)
  Using cached attrs-23.1.0-py3-none-any.whl (61 kB)
Collecting multidict<7.0,>=4.5 (from aiohttp!=4.0.0a0,!=4.0.0a1->s3fs==2022.11.0)
  Using cached multidict-6.0.4-cp310-cp310-manylinux_2_17_x86_64.manylinux2014_x86_64.whl (114 kB)
Collecting yarl<2.0,>=1.0 (from aiohttp!=4.0.0a0,!=4.0.0a1->s3fs==2022.11.0)
  Using cached yarl-1.9.3-cp310-cp310-manylinux_2_17_x86_64.manylinux2014_x86_64.whl.metadata (28 kB)
Collecting frozenlist>=1.1.1 (from aiohttp!=4.0.0a0,!=4.0.0a1->s3fs==2022.11.0)
  Using cached frozenlist-1.4.0-cp310-cp310-manylinux_2_5_x86_64.manylinux1_x86_64.manylinux_2_17_x86_64.manylinux2014_x86_64.whl.metadata (5.2 kB)
Collecting aiosignal>=1.1.2 (from aiohttp!=4.0.0a0,!=4.0.0a1->s3fs==2022.11.0)
  Using cached aiosignal-1.3.1-py3-none-any.whl (7.6 kB)
Collecting async-timeout<5.0,>=4.0 (from aiohttp!=4.0.0a0,!=4.0.0a1->s3fs==2022.11.0)
  Using cached async_timeout-4.0.3-py3-none-any.whl.metadata (4.2 kB)
Collecting jmespath<2.0.0,>=0.7.1 (from botocore<1.27.60,>=1.27.59->aiobotocore~=2.4.0->s3fs==2022.11.0)
  Using cached jmespath-1.0.1-py3-none-any.whl (20 kB)
Collecting python-dateutil<3.0.0,>=2.1 (from botocore<1.27.60,>=1.27.59->aiobotocore~=2.4.0->s3fs==2022.11.0)
  Using cached python_dateutil-2.8.2-py2.py3-none-any.whl (247 kB)
Collecting urllib3<1.27,>=1.25.4 (from botocore<1.27.60,>=1.27.59->aiobotocore~=2.4.0->s3fs==2022.11.0)
  Using cached urllib3-1.26.18-py2.py3-none-any.whl.metadata (48 kB)
Collecting idna>=2.0 (from yarl<2.0,>=1.0->aiohttp!=4.0.0a0,!=4.0.0a1->s3fs==2022.11.0)
  Using cached idna-3.6-py3-none-any.whl.metadata (9.9 kB)
Collecting six>=1.5 (from python-dateutil<3.0.0,>=2.1->botocore<1.27.60,>=1.27.59->aiobotocore~=2.4.0->s3fs==2022.11.0)
  Using cached six-1.16.0-py2.py3-none-any.whl (11 kB)
Using cached aiohttp-3.9.1-cp310-cp310-manylinux_2_17_x86_64.manylinux2014_x86_64.whl (1.2 MB)
Using cached async_timeout-4.0.3-py3-none-any.whl (5.7 kB)
Using cached frozenlist-1.4.0-cp310-cp310-manylinux_2_5_x86_64.manylinux1_x86_64.manylinux_2_17_x86_64.manylinux2014_x86_64.whl (225 kB)
Using cached wrapt-1.16.0-cp310-cp310-manylinux_2_5_x86_64.manylinux1_x86_64.manylinux_2_17_x86_64.manylinux2014_x86_64.whl (80 kB)
Using cached yarl-1.9.3-cp310-cp310-manylinux_2_17_x86_64.manylinux2014_x86_64.whl (300 kB)
Using cached idna-3.6-py3-none-any.whl (61 kB)
Using cached urllib3-1.26.18-py2.py3-none-any.whl (143 kB)
Installing collected packages: wrapt, urllib3, six, multidict, jmespath, idna, fsspec, frozenlist, attrs, async-timeout, aioitertools, yarl, python-dateutil, aiosignal, botocore, aiohttp, aiobotocore, s3fs
Successfully installed aiobotocore-2.4.2 aiohttp-3.9.1 aioitertools-0.11.0 aiosignal-1.3.1 async-timeout-4.0.3 attrs-23.1.0 botocore-1.27.59 frozenlist-1.4.0 fsspec-2022.11.0 idna-3.6 jmespath-1.0.1 multidict-6.0.4 python-dateutil-2.8.2 s3fs-2022.11.0 six-1.16.0 urllib3-1.26.18 wrapt-1.16.0 yarl-1.9.3
