Collecting optuna==3.1.1
  Downloading optuna-3.1.1-py3-none-any.whl (365 kB)
     ━━━━━━━━━━━━━━━━━━━━━━━━━━━━━━━━━━━━━━━ 365.7/365.7 kB 2.1 MB/s eta 0:00:00
Collecting alembic>=1.5.0 (from optuna==3.1.1)
  Using cached alembic-1.12.1-py3-none-any.whl.metadata (7.3 kB)
Collecting cmaes>=0.9.1 (from optuna==3.1.1)
  Downloading cmaes-0.10.0-py3-none-any.whl.metadata (19 kB)
Collecting colorlog (from optuna==3.1.1)
  Using cached colorlog-6.7.0-py2.py3-none-any.whl (11 kB)
Collecting numpy (from optuna==3.1.1)
  Using cached numpy-1.26.2-cp310-cp310-manylinux_2_17_x86_64.manylinux2014_x86_64.whl.metadata (61 kB)
Collecting packaging>=20.0 (from optuna==3.1.1)
  Using cached packaging-23.2-py3-none-any.whl.metadata (3.2 kB)
Collecting sqlalchemy>=1.3.0 (from optuna==3.1.1)
  Using cached SQLAlchemy-2.0.23-cp310-cp310-manylinux_2_17_x86_64.manylinux2014_x86_64.whl.metadata (9.6 kB)
Collecting tqdm (from optuna==3.1.1)
  Using cached tqdm-4.66.1-py3-none-any.whl.metadata (57 kB)
Collecting PyYAML (from optuna==3.1.1)
  Using cached PyYAML-6.0.1-cp310-cp310-manylinux_2_17_x86_64.manylinux2014_x86_64.whl.metadata (2.1 kB)
Collecting Mako (from alembic>=1.5.0->optuna==3.1.1)
  Using cached Mako-1.3.0-py3-none-any.whl.metadata (2.9 kB)
Collecting typing-extensions>=4 (from alembic>=1.5.0->optuna==3.1.1)
  Using cached typing_extensions-4.8.0-py3-none-any.whl.metadata (3.0 kB)
Collecting greenlet!=0.4.17 (from sqlalchemy>=1.3.0->optuna==3.1.1)
  Using cached greenlet-3.0.1-cp310-cp310-manylinux_2_24_x86_64.manylinux_2_28_x86_64.whl.metadata (3.7 kB)
Collecting MarkupSafe>=0.9.2 (from Mako->alembic>=1.5.0->optuna==3.1.1)
  Using cached MarkupSafe-2.1.3-cp310-cp310-manylinux_2_17_x86_64.manylinux2014_x86_64.whl.metadata (3.0 kB)
Using cached alembic-1.12.1-py3-none-any.whl (226 kB)
Downloading cmaes-0.10.0-py3-none-any.whl (29 kB)
Using cached packaging-23.2-py3-none-any.whl (53 kB)
Using cached SQLAlchemy-2.0.23-cp310-cp310-manylinux_2_17_x86_64.manylinux2014_x86_64.whl (3.0 MB)
Using cached numpy-1.26.2-cp310-cp310-manylinux_2_17_x86_64.manylinux2014_x86_64.whl (18.2 MB)
Using cached PyYAML-6.0.1-cp310-cp310-manylinux_2_17_x86_64.manylinux2014_x86_64.whl (705 kB)
Using cached tqdm-4.66.1-py3-none-any.whl (78 kB)
Using cached greenlet-3.0.1-cp310-cp310-manylinux_2_24_x86_64.manylinux_2_28_x86_64.whl (613 kB)
Using cached typing_extensions-4.8.0-py3-none-any.whl (31 kB)
Using cached Mako-1.3.0-py3-none-any.whl (78 kB)
Using cached MarkupSafe-2.1.3-cp310-cp310-manylinux_2_17_x86_64.manylinux2014_x86_64.whl (25 kB)
Installing collected packages: typing-extensions, tqdm, PyYAML, packaging, numpy, MarkupSafe, greenlet, colorlog, sqlalchemy, Mako, cmaes, alembic, optuna
Successfully installed Mako-1.3.0 MarkupSafe-2.1.3 PyYAML-6.0.1 alembic-1.12.1 cmaes-0.10.0 colorlog-6.7.0 greenlet-3.0.1 numpy-1.26.2 optuna-3.1.1 packaging-23.2 sqlalchemy-2.0.23 tqdm-4.66.1 typing-extensions-4.8.0
