Collecting optuna==3.1.1
  Downloading optuna-3.1.1-py3-none-any.whl (365 kB)
     ━━━━━━━━━━━━━━━━━━━━━━━━━━━━━━━━━━━━━━━ 365.7/365.7 kB 1.1 MB/s eta 0:00:00
Collecting alembic>=1.5.0
  Using cached alembic-1.12.1-py3-none-any.whl (226 kB)
Collecting cmaes>=0.9.1
  Downloading cmaes-0.10.0-py3-none-any.whl (29 kB)
Collecting colorlog
  Using cached colorlog-6.7.0-py2.py3-none-any.whl (11 kB)
Collecting numpy
  Using cached numpy-1.23.5-graalpy310-graalpy231_310_native-linux_x86_64.whl
Collecting packaging>=20.0
  Using cached packaging-23.2-py3-none-any.whl (53 kB)
Collecting sqlalchemy>=1.3.0
  Using cached SQLAlchemy-2.0.23-py3-none-any.whl (1.9 MB)
Collecting tqdm
  Using cached tqdm-4.66.1-py3-none-any.whl (78 kB)
Collecting PyYAML
  Using cached PyYAML-6.0.1-py3-none-any.whl
Collecting Mako
  Using cached Mako-1.3.0-py3-none-any.whl (78 kB)
Collecting typing-extensions>=4
  Using cached typing_extensions-4.8.0-py3-none-any.whl (31 kB)
Collecting greenlet!=0.4.17
  Using cached greenlet-3.0.1-graalpy310-graalpy231_310_native-linux_x86_64.whl
Collecting MarkupSafe>=0.9.2
  Using cached MarkupSafe-2.1.3-py3-none-any.whl
Installing collected packages: typing-extensions, tqdm, PyYAML, packaging, numpy, MarkupSafe, greenlet, colorlog, sqlalchemy, Mako, cmaes, alembic, optuna
Looking for GraalPy patches for typing_extensions
Looking for GraalPy patches for tqdm
Looking for GraalPy patches for PyYAML
Looking for GraalPy patches for packaging
Patching package packaging using /opt/graalpy/lib/graalpy23.1/patches/packaging/packaging.patch
patching file packaging/tags.py
Hunk #1 FAILED at 4.
Hunk #2 FAILED at 37.
2 out of 2 hunks FAILED -- saving rejects to file packaging/tags.py.rej
Applying GraalPy patch failed for packaging. The package may still work.
Looking for GraalPy patches for numpy
We have patches to make this package work on GraalVM for some version(s).
If installing or running fails, consider using one of the versions that we have patches for:
numpy == 1.16.4
numpy == 1.19.5
numpy == 1.21.6
numpy == 1.22.4
numpy == 1.23.4
numpy == 1.23.1
numpy == 1.23.5
Looking for GraalPy patches for MarkupSafe
Looking for GraalPy patches for greenlet
Looking for GraalPy patches for colorlog
Looking for GraalPy patches for SQLAlchemy
Looking for GraalPy patches for Mako
Looking for GraalPy patches for cmaes
Looking for GraalPy patches for alembic
Looking for GraalPy patches for optuna
Successfully installed Mako-1.3.0 MarkupSafe-2.1.3 PyYAML-6.0.1 alembic-1.12.1 cmaes-0.10.0 colorlog-6.7.0 greenlet-3.0.1 numpy-1.23.5 optuna-3.1.1 packaging-23.2 sqlalchemy-2.0.23 tqdm-4.66.1 typing-extensions-4.8.0
