Collecting seldon-core==1.16.0
  Downloading seldon_core-1.16.0-py3-none-any.whl (116 kB)
     ━━━━━━━━━━━━━━━━━━━━━━━━━━━━━━━━━━━━━━━ 116.5/116.5 kB 5.9 MB/s eta 0:00:00
Collecting Flask<3.0.0,>=2.0.0 (from seldon-core==1.16.0)
  Downloading flask-2.3.3-py3-none-any.whl.metadata (3.6 kB)
Collecting jsonschema<4.0.0 (from seldon-core==1.16.0)
  Downloading jsonschema-3.2.0-py2.py3-none-any.whl (56 kB)
     ━━━━━━━━━━━━━━━━━━━━━━━━━━━━━━━━━━━━━━━━ 56.3/56.3 kB 8.1 MB/s eta 0:00:00
Collecting Flask-cors<4.0.0 (from seldon-core==1.16.0)
  Downloading Flask_Cors-3.0.10-py2.py3-none-any.whl (14 kB)
Collecting requests<3.0.0 (from seldon-core==1.16.0)
  Downloading requests-2.31.0-py3-none-any.whl.metadata (4.6 kB)
Collecting numpy<2.0.0 (from seldon-core==1.16.0)
  Using cached numpy-1.26.2-cp310-cp310-manylinux_2_17_x86_64.manylinux2014_x86_64.whl.metadata (61 kB)
Collecting flatbuffers<2.0.0 (from seldon-core==1.16.0)
  Downloading flatbuffers-1.12-py2.py3-none-any.whl (15 kB)
Collecting protobuf<4.0.0,>=3.20.2 (from seldon-core==1.16.0)
  Downloading protobuf-3.20.3-cp310-cp310-manylinux_2_12_x86_64.manylinux2010_x86_64.whl (1.1 MB)
     ━━━━━━━━━━━━━━━━━━━━━━━━━━━━━━━━━━━━━━━━ 1.1/1.1 MB 9.3 MB/s eta 0:00:00
Collecting grpcio<2.0.0 (from seldon-core==1.16.0)
  Downloading grpcio-1.59.3-cp310-cp310-manylinux_2_17_x86_64.manylinux2014_x86_64.whl.metadata (4.0 kB)
Collecting Flask-OpenTracing<1.2.0,>=1.1.0 (from seldon-core==1.16.0)
  Downloading Flask-OpenTracing-1.1.0.tar.gz (8.2 kB)
  Preparing metadata (setup.py): started
  Preparing metadata (setup.py): finished with status 'done'
Collecting opentracing<2.5.0,>=2.2.0 (from seldon-core==1.16.0)
  Downloading opentracing-2.4.0.tar.gz (46 kB)
     ━━━━━━━━━━━━━━━━━━━━━━━━━━━━━━━━━━━━━━━━ 46.2/46.2 kB 7.4 MB/s eta 0:00:00
  Preparing metadata (setup.py): started
  Preparing metadata (setup.py): finished with status 'done'
Collecting jaeger-client<4.5.0,>=4.1.0 (from seldon-core==1.16.0)
  Downloading jaeger-client-4.4.0.tar.gz (83 kB)
     ━━━━━━━━━━━━━━━━━━━━━━━━━━━━━━━━━━━━━━━━ 83.6/83.6 kB 11.0 MB/s eta 0:00:00
  Preparing metadata (setup.py): started
  Preparing metadata (setup.py): finished with status 'done'
Collecting grpcio-opentracing<1.2.0,>=1.1.4 (from seldon-core==1.16.0)
  Downloading grpcio_opentracing-1.1.4-py3-none-any.whl (14 kB)
Collecting grpcio-reflection<2.0.0 (from seldon-core==1.16.0)
  Downloading grpcio_reflection-1.59.3-py3-none-any.whl.metadata (1.3 kB)
Collecting gunicorn<20.2.0,>=19.9.0 (from seldon-core==1.16.0)
  Downloading gunicorn-20.1.0-py3-none-any.whl (79 kB)
     ━━━━━━━━━━━━━━━━━━━━━━━━━━━━━━━━━━━━━━━━ 79.5/79.5 kB 9.8 MB/s eta 0:00:00
Requirement already satisfied: setuptools>=65.5.1 in ./install-virtualenv/lib/python3.10/site-packages (from seldon-core==1.16.0) (68.2.2)
Collecting prometheus-client<0.9.0,>=0.7.1 (from seldon-core==1.16.0)
  Downloading prometheus_client-0.8.0-py2.py3-none-any.whl (53 kB)
     ━━━━━━━━━━━━━━━━━━━━━━━━━━━━━━━━━━━━━━━━ 53.6/53.6 kB 9.3 MB/s eta 0:00:00
Collecting werkzeug<2.3,>=2.1.1 (from seldon-core==1.16.0)
  Downloading Werkzeug-2.2.3-py3-none-any.whl (233 kB)
     ━━━━━━━━━━━━━━━━━━━━━━━━━━━━━━━━━━━━━━ 233.6/233.6 kB 10.2 MB/s eta 0:00:00
Collecting cryptography<40.1,>=39.0.1 (from seldon-core==1.16.0)
  Downloading cryptography-40.0.2-cp36-abi3-manylinux_2_28_x86_64.whl (3.7 MB)
     ━━━━━━━━━━━━━━━━━━━━━━━━━━━━━━━━━━━━━━━━ 3.7/3.7 MB 11.9 MB/s eta 0:00:00
Collecting PyYAML<5.5,>=5.4 (from seldon-core==1.16.0)
  Downloading PyYAML-5.4.1.tar.gz (175 kB)
     ━━━━━━━━━━━━━━━━━━━━━━━━━━━━━━━━━━━━━━ 175.1/175.1 kB 12.0 MB/s eta 0:00:00
  Installing build dependencies: started
  Installing build dependencies: finished with status 'done'
  Getting requirements to build wheel: started
  Getting requirements to build wheel: finished with status 'error'
  error: subprocess-exited-with-error
  
  × Getting requirements to build wheel did not run successfully.
  │ exit code: 1
  ╰─> [48 lines of output]
      running egg_info
      writing lib3/PyYAML.egg-info/PKG-INFO
      writing dependency_links to lib3/PyYAML.egg-info/dependency_links.txt
      writing top-level names to lib3/PyYAML.egg-info/top_level.txt
      Traceback (most recent call last):
        File "/workdir/install-virtualenv/lib/python3.10/site-packages/pip/_vendor/pyproject_hooks/_in_process/_in_process.py", line 353, in <module>
          main()
        File "/workdir/install-virtualenv/lib/python3.10/site-packages/pip/_vendor/pyproject_hooks/_in_process/_in_process.py", line 335, in main
          json_out['return_val'] = hook(**hook_input['kwargs'])
        File "/workdir/install-virtualenv/lib/python3.10/site-packages/pip/_vendor/pyproject_hooks/_in_process/_in_process.py", line 118, in get_requires_for_build_wheel
          return hook(config_settings)
        File "/tmp/pip-build-env-13ct_mav/overlay/lib/python3.10/site-packages/setuptools/build_meta.py", line 325, in get_requires_for_build_wheel
          return self._get_build_requires(config_settings, requirements=['wheel'])
        File "/tmp/pip-build-env-13ct_mav/overlay/lib/python3.10/site-packages/setuptools/build_meta.py", line 295, in _get_build_requires
          self.run_setup()
        File "/tmp/pip-build-env-13ct_mav/overlay/lib/python3.10/site-packages/setuptools/build_meta.py", line 311, in run_setup
          exec(code, locals())
        File "<string>", line 271, in <module>
        File "/tmp/pip-build-env-13ct_mav/overlay/lib/python3.10/site-packages/setuptools/__init__.py", line 103, in setup
          return distutils.core.setup(**attrs)
        File "/tmp/pip-build-env-13ct_mav/overlay/lib/python3.10/site-packages/setuptools/_distutils/core.py", line 185, in setup
          return run_commands(dist)
        File "/tmp/pip-build-env-13ct_mav/overlay/lib/python3.10/site-packages/setuptools/_distutils/core.py", line 201, in run_commands
          dist.run_commands()
        File "/tmp/pip-build-env-13ct_mav/overlay/lib/python3.10/site-packages/setuptools/_distutils/dist.py", line 969, in run_commands
          self.run_command(cmd)
        File "/tmp/pip-build-env-13ct_mav/overlay/lib/python3.10/site-packages/setuptools/dist.py", line 963, in run_command
          super().run_command(command)
        File "/tmp/pip-build-env-13ct_mav/overlay/lib/python3.10/site-packages/setuptools/_distutils/dist.py", line 988, in run_command
          cmd_obj.run()
        File "/tmp/pip-build-env-13ct_mav/overlay/lib/python3.10/site-packages/setuptools/command/egg_info.py", line 321, in run
          self.find_sources()
        File "/tmp/pip-build-env-13ct_mav/overlay/lib/python3.10/site-packages/setuptools/command/egg_info.py", line 329, in find_sources
          mm.run()
        File "/tmp/pip-build-env-13ct_mav/overlay/lib/python3.10/site-packages/setuptools/command/egg_info.py", line 551, in run
          self.add_defaults()
        File "/tmp/pip-build-env-13ct_mav/overlay/lib/python3.10/site-packages/setuptools/command/egg_info.py", line 589, in add_defaults
          sdist.add_defaults(self)
        File "/tmp/pip-build-env-13ct_mav/overlay/lib/python3.10/site-packages/setuptools/command/sdist.py", line 112, in add_defaults
          super().add_defaults()
        File "/tmp/pip-build-env-13ct_mav/overlay/lib/python3.10/site-packages/setuptools/_distutils/command/sdist.py", line 251, in add_defaults
          self._add_defaults_ext()
        File "/tmp/pip-build-env-13ct_mav/overlay/lib/python3.10/site-packages/setuptools/_distutils/command/sdist.py", line 336, in _add_defaults_ext
          self.filelist.extend(build_ext.get_source_files())
        File "<string>", line 201, in get_source_files
        File "/tmp/pip-build-env-13ct_mav/overlay/lib/python3.10/site-packages/setuptools/_distutils/cmd.py", line 107, in __getattr__
          raise AttributeError(attr)
      AttributeError: cython_sources
      [end of output]
  
  note: This error originates from a subprocess, and is likely not a problem with pip.
error: subprocess-exited-with-error

× Getting requirements to build wheel did not run successfully.
│ exit code: 1
╰─> See above for output.

note: This error originates from a subprocess, and is likely not a problem with pip.
