[testenv]
commands = pytest -v --tb=native --junitxml /workdir/results/seldon-core/1.16.0/1/graalpy-test-results.xml
deps = mock
	pytest
	-rutil/kafka/requirements.txt
	-rutil/loadtester/requirements.txt
	-rdoc/requirements.txt
	-ransible/requirements.txt
	-rexamples/output_transformers/requirements.txt
	-rexamples/dvc/requirements.txt
	-rexamples/kafka/cifar10/requirements.txt
	-rexamples/kafka/kafka_keda/requirements.txt
	-rexamples/ray/batch-split-proxy/requirements.txt
	-rexamples/ray/batch-split-proxy/training/requirements.txt
	-rexamples/explainers/imagenet/resources/transformer/requirements.txt
	-rexamples/kubeflow/requirements-dev.txt
	-rexamples/kubeflow/pipeline/pipeline_steps/clean_text/requirements.txt
	-rexamples/kubeflow/pipeline/pipeline_steps/data_downloader/requirements.txt
	-rexamples/kubeflow/pipeline/pipeline_steps/tfidf_vectorizer/requirements.txt
	-rexamples/kubeflow/pipeline/pipeline_steps/spacy_tokenize/requirements.txt
	-rexamples/kubeflow/pipeline/pipeline_steps/lr_text_classifier/requirements.txt
	-rexamples/feedback/reward-accuracy/requirements.txt
	-rexamples/feedback/feedback-metrics-server/requirements-dev.txt
	-rexamples/cicd/sig-mlops-seldon-jenkins-x/requirements-dev.txt
	-rexamples/cicd/sig-mlops-seldon-jenkins-x/integration/requirements-dev.txt
	-rexamples/cicd/sig-mlops-seldon-jenkins-x/src/requirements.txt
	-rexamples/cicd/sig-mlops-jenkins-classic/servers/torchserver/torchserver/requirements.txt
	-rexamples/cicd/sig-mlops-jenkins-classic/models/image_classifier/requirements-dev.txt
	-rexamples/cicd/sig-mlops-jenkins-classic/models/image_classifier/integration/requirements-dev.txt
	-rexamples/cicd/sig-mlops-jenkins-classic/models/image_classifier/src/requirements.txt
	-rexamples/cicd/sig-mlops-jenkins-classic/models/news_classifier/requirements-dev.txt
	-rexamples/cicd/sig-mlops-jenkins-classic/models/news_classifier/integration/requirements-dev.txt
	-rexamples/cicd/sig-mlops-jenkins-classic/models/news_classifier/src/requirements.txt
	-rexamples/outliers/alibi-detect-combiner/requirements-dev.txt
	-rexamples/transformers/mean_transformer/requirements.txt
	-rexamples/models/alibaba_ack_deep_mnist/requirements.txt
	-rexamples/models/sklearn_iris_customdata/requirements.txt
	-rexamples/models/templates/requirements.txt
	-rexamples/models/gpu_tensorflow_deep_mnist/requirements.txt
	-rexamples/models/sklearn_iris_jsondata/requirements.txt
	-rexamples/models/sklearn_spacy_text/requirements.txt
	-rexamples/models/mean_classifier/requirements.txt
	-rexamples/models/testing/requirements.txt
	-rexamples/models/aws_eks_deep_mnist/requirements.txt
	-rexamples/models/azure_aks_deep_mnist/requirements.txt
	-rexamples/models/lightgbm_custom_server/lightgbmserver/requirements.txt
	-rexamples/models/resnet/requirements.txt
	-rexamples/models/openvino_imagenet_ensemble/resources/transformer/requirements.txt
	-rexamples/models/openvino_imagenet_ensemble/resources/model/requirements.txt
	-rexamples/models/sklearn_iris/requirements.txt
	-rexamples/models/tensorrt/requirements.txt
	-rexamples/models/keras_cifar10/requirements.txt
	-rexamples/models/statsmodels/requirements.txt
	-rexamples/models/chainer_mnist/requirements.txt
	-rpython/requirements-dev.txt
	-rintegrations/sagemaker/requirements.txt
	-rcomponents/alibi-detect-server/requirements-gpu.txt
	-rcomponents/outlier-detection/cifar10/requirements_notebook.txt
	-rcomponents/outlier-detection/nvidia-triton-cifar10/requirements_notebook.txt
	-rcomponents/alibi-explain-server/requirements-gpu.txt
	-rcomponents/alibi-explain-server/requirements-apis.txt
	-rcomponents/routers/epsilon-greedy/requirements.txt
	-rcomponents/routers/thompson-sampling/requirements_ts.txt
	-rcomponents/routers/thompson-sampling/requirements.txt
	-rcomponents/routers/thompson-sampling/requirements_ts_persistent.txt
	-rcomponents/routers/case_study/requirements.txt
	-rcomponents/routers/case_study/models/xgb_model/requirements.txt
	-rcomponents/routers/case_study/models/rf_model/requirements.txt
	-rcomponents/drift-detection/cifar10/requirements_notebook.txt
	-rcomponents/drift-detection/nvidia-triton-cifar10/requirements_notebook.txt
	-rservers/xgboostserver/xgboostserver/requirements.txt
	-rservers/tfserving_proxy/requirements.txt
	-rservers/mlflowserver/mlflowserver/requirements.txt
	-rservers/mlflowserver/models/elasticnet_wine/requirements.txt
	-rservers/sklearnserver/sklearnserver/requirements.txt
	-rservers/sklearnserver/models/iris/requirements.txt
	-rservers/sklearnserver/models/moviesentiment/requirements.txt
	-rtesting/scripts/dev_requirements.txt

