Collecting keyring==23.11.0
  Downloading keyring-23.11.0-py3-none-any.whl (36 kB)
Collecting jaraco.classes (from keyring==23.11.0)
  Using cached jaraco.classes-3.3.0-py3-none-any.whl.metadata (2.9 kB)
Collecting importlib-metadata>=4.11.4 (from keyring==23.11.0)
  Using cached importlib_metadata-6.8.0-py3-none-any.whl.metadata (5.1 kB)
Collecting SecretStorage>=3.2 (from keyring==23.11.0)
  Using cached SecretStorage-3.3.3-py3-none-any.whl (15 kB)
Collecting jeepney>=0.4.2 (from keyring==23.11.0)
  Using cached jeepney-0.8.0-py3-none-any.whl (48 kB)
Collecting zipp>=0.5 (from importlib-metadata>=4.11.4->keyring==23.11.0)
  Using cached zipp-3.17.0-py3-none-any.whl.metadata (3.7 kB)
Collecting cryptography>=2.0 (from SecretStorage>=3.2->keyring==23.11.0)
  Using cached cryptography-41.0.5-cp37-abi3-manylinux_2_28_x86_64.whl.metadata (5.2 kB)
Collecting more-itertools (from jaraco.classes->keyring==23.11.0)
  Using cached more_itertools-10.1.0-py3-none-any.whl.metadata (33 kB)
Collecting cffi>=1.12 (from cryptography>=2.0->SecretStorage>=3.2->keyring==23.11.0)
  Using cached cffi-1.16.0-cp310-cp310-manylinux_2_17_x86_64.manylinux2014_x86_64.whl.metadata (1.5 kB)
Collecting pycparser (from cffi>=1.12->cryptography>=2.0->SecretStorage>=3.2->keyring==23.11.0)
  Using cached pycparser-2.21-py2.py3-none-any.whl (118 kB)
Using cached importlib_metadata-6.8.0-py3-none-any.whl (22 kB)
Using cached jaraco.classes-3.3.0-py3-none-any.whl (5.9 kB)
Using cached cryptography-41.0.5-cp37-abi3-manylinux_2_28_x86_64.whl (4.4 MB)
Using cached zipp-3.17.0-py3-none-any.whl (7.4 kB)
Using cached more_itertools-10.1.0-py3-none-any.whl (55 kB)
Using cached cffi-1.16.0-cp310-cp310-manylinux_2_17_x86_64.manylinux2014_x86_64.whl (443 kB)
Installing collected packages: zipp, pycparser, more-itertools, jeepney, jaraco.classes, importlib-metadata, cffi, cryptography, SecretStorage, keyring
Successfully installed SecretStorage-3.3.3 cffi-1.16.0 cryptography-41.0.5 importlib-metadata-6.8.0 jaraco.classes-3.3.0 jeepney-0.8.0 keyring-23.11.0 more-itertools-10.1.0 pycparser-2.21 zipp-3.17.0
