Collecting keyring==23.11.0
  Downloading keyring-23.11.0-py3-none-any.whl (36 kB)
Collecting jaraco.classes
  Using cached jaraco.classes-3.3.0-py3-none-any.whl (5.9 kB)
Collecting importlib-metadata>=4.11.4
  Using cached importlib_metadata-6.8.0-py3-none-any.whl (22 kB)
Collecting SecretStorage>=3.2
  Using cached SecretStorage-3.3.3-py3-none-any.whl (15 kB)
Collecting jeepney>=0.4.2
  Using cached jeepney-0.8.0-py3-none-any.whl (48 kB)
Collecting zipp>=0.5
  Using cached zipp-3.17.0-py3-none-any.whl (7.4 kB)
Collecting cryptography>=2.0
  Using cached cryptography-3.4.7-graalpy310-graalpy231_310_native-linux_x86_64.whl
Collecting more-itertools
  Using cached more_itertools-10.1.0-py3-none-any.whl (55 kB)
Collecting cffi>=1.12
  Using cached cffi-1.15.1-graalpy310-graalpy231_310_native-linux_x86_64.whl
Collecting pycparser
  Using cached pycparser-2.21-py2.py3-none-any.whl (118 kB)
Installing collected packages: zipp, pycparser, more-itertools, jeepney, jaraco.classes, importlib-metadata, cffi, cryptography, SecretStorage, keyring
Looking for GraalPy patches for zipp
Looking for GraalPy patches for pycparser
Looking for GraalPy patches for more_itertools
Looking for GraalPy patches for jeepney
Looking for GraalPy patches for jaraco.classes
Looking for GraalPy patches for importlib_metadata
Looking for GraalPy patches for cffi
Patching package cffi using /opt/graalpy/lib/graalpy23.1/patches/cffi/cffi-1.15.1.patch
can't find file to patch at input line 5
Perhaps you used the wrong -p or --strip option?
The text leading up to this was:
--------------------------
|diff --git a/c/_cffi_backend.c b/c/_cffi_backend.c
|index 2cdb76b..ab91032 100644
|--- a/c/_cffi_backend.c
|+++ b/c/_cffi_backend.c
--------------------------
No file to patch.  Skipping patch.
1 out of 1 hunk ignored
can't find file to patch at input line 18
Perhaps you used the wrong -p or --strip option?
The text leading up to this was:
--------------------------
|diff --git a/c/lib_obj.c b/c/lib_obj.c
|index 38bf3d5..9954f3b 100644
|--- a/c/lib_obj.c
|+++ b/c/lib_obj.c
--------------------------
No file to patch.  Skipping patch.
1 out of 1 hunk ignored
can't find file to patch at input line 35
Perhaps you used the wrong -p or --strip option?
The text leading up to this was:
--------------------------
|diff --git a/c/misc_thread_common.h b/c/misc_thread_common.h
|index 66e2835..b48fd85 100644
|--- a/c/misc_thread_common.h
|+++ b/c/misc_thread_common.h
--------------------------
No file to patch.  Skipping patch.
1 out of 1 hunk ignored
Applying GraalPy patch failed for cffi. The package may still work.
Looking for GraalPy patches for cryptography
Patching package cryptography using /opt/graalpy/lib/graalpy23.1/patches/cryptography/cryptography-3.4.7.patch
can't find file to patch at input line 14
Perhaps you used the wrong -p or --strip option?
The text leading up to this was:
--------------------------
|From 48c48e16800c6331598aa63849873f121122a3b0 Mon Sep 17 00:00:00 2001
|From: Michael Simacek <michael.simacek@oracle.com>
|Date: Mon, 24 Jan 2022 10:09:39 +0100
|Subject: [PATCH] Disable rust
|
|---
| setup.py | 2 +-
| 1 file changed, 1 insertion(+), 1 deletion(-)
|
|diff --git a/setup.py b/setup.py
|index 74f69e7..f24c626 100644
|--- a/setup.py
|+++ b/setup.py
--------------------------
No file to patch.  Skipping patch.
1 out of 1 hunk ignored
Applying GraalPy patch failed for cryptography. The package may still work.
Looking for GraalPy patches for SecretStorage
Looking for GraalPy patches for keyring
Successfully installed SecretStorage-3.3.3 cffi-1.15.1 cryptography-3.4.7 importlib-metadata-6.8.0 jaraco.classes-3.3.0 jeepney-0.8.0 keyring-23.11.0 more-itertools-10.1.0 pycparser-2.21 zipp-3.17.0
