Collecting PyDriller==2.2
  Downloading PyDriller-2.2-py3-none-any.whl (33 kB)
Collecting gitpython (from PyDriller==2.2)
  Using cached GitPython-3.1.40-py3-none-any.whl.metadata (12 kB)
Collecting pytz (from PyDriller==2.2)
  Using cached pytz-2023.3.post1-py2.py3-none-any.whl.metadata (22 kB)
Collecting types-pytz (from PyDriller==2.2)
  Downloading types_pytz-2023.3.1.1-py3-none-any.whl.metadata (1.3 kB)
Collecting lizard (from PyDriller==2.2)
  Using cached lizard-1.17.10-py2.py3-none-any.whl (66 kB)
Collecting gitdb<5,>=4.0.1 (from gitpython->PyDriller==2.2)
  Using cached gitdb-4.0.11-py3-none-any.whl.metadata (1.2 kB)
Collecting smmap<6,>=3.0.1 (from gitdb<5,>=4.0.1->gitpython->PyDriller==2.2)
  Using cached smmap-5.0.1-py3-none-any.whl.metadata (4.3 kB)
Using cached GitPython-3.1.40-py3-none-any.whl (190 kB)
Using cached pytz-2023.3.post1-py2.py3-none-any.whl (502 kB)
Downloading types_pytz-2023.3.1.1-py3-none-any.whl (4.9 kB)
Using cached gitdb-4.0.11-py3-none-any.whl (62 kB)
Using cached smmap-5.0.1-py3-none-any.whl (24 kB)
Installing collected packages: types-pytz, pytz, lizard, smmap, gitdb, gitpython, PyDriller
Successfully installed PyDriller-2.2 gitdb-4.0.11 gitpython-3.1.40 lizard-1.17.10 pytz-2023.3.post1 smmap-5.0.1 types-pytz-2023.3.1.1
