Collecting PyDriller==2.2
  Downloading PyDriller-2.2-py3-none-any.whl (33 kB)
Collecting gitpython
  Using cached GitPython-3.1.40-py3-none-any.whl (190 kB)
Collecting pytz
  Using cached pytz-2022.2.1-py2.py3-none-any.whl (500 kB)
Collecting types-pytz
  Downloading types_pytz-2023.3.1.1-py3-none-any.whl (4.9 kB)
Collecting lizard
  Using cached lizard-1.17.10-py2.py3-none-any.whl (66 kB)
Collecting gitdb<5,>=4.0.1
  Using cached gitdb-4.0.11-py3-none-any.whl (62 kB)
Collecting smmap<6,>=3.0.1
  Using cached smmap-5.0.1-py3-none-any.whl (24 kB)
Installing collected packages: types-pytz, pytz, lizard, smmap, gitdb, gitpython, PyDriller
Looking for GraalPy patches for types_pytz
Looking for GraalPy patches for pytz
Patching package pytz using /opt/graalpy/lib/graalpy23.1/patches/pytz/pytz-2022.2.1.patch
Looking for GraalPy patches for lizard
Looking for GraalPy patches for smmap
Looking for GraalPy patches for gitdb
Looking for GraalPy patches for GitPython
Looking for GraalPy patches for PyDriller
Patching package PyDriller using /opt/graalpy/lib/graalpy23.1/patches/PyDriller/PyDriller.patch
patching file pydriller/domain/commit.py
Successfully installed PyDriller-2.2 gitdb-4.0.11 gitpython-3.1.40 lizard-1.17.10 pytz-2022.2.1 smmap-5.0.1 types-pytz-2023.3.1.1
