Collecting flake8-bugbear==23.2.13
  Downloading flake8_bugbear-23.2.13-py3-none-any.whl (27 kB)
Collecting flake8>=3.0.0
  Using cached flake8-6.1.0-py2.py3-none-any.whl (58 kB)
Collecting attrs>=19.2.0
  Using cached attrs-23.1.0-py3-none-any.whl (61 kB)
Collecting mccabe<0.8.0,>=0.7.0
  Using cached mccabe-0.7.0-py2.py3-none-any.whl (7.3 kB)
Collecting pycodestyle<2.12.0,>=2.11.0
  Using cached pycodestyle-2.11.1-py2.py3-none-any.whl (31 kB)
Collecting pyflakes<3.2.0,>=3.1.0
  Using cached pyflakes-3.1.0-py2.py3-none-any.whl (62 kB)
Installing collected packages: pyflakes, pycodestyle, mccabe, attrs, flake8, flake8-bugbear
Looking for GraalPy patches for pyflakes
Looking for GraalPy patches for pycodestyle
Looking for GraalPy patches for mccabe
Looking for GraalPy patches for attrs
Looking for GraalPy patches for flake8
Looking for GraalPy patches for flake8_bugbear
Successfully installed attrs-23.1.0 flake8-6.1.0 flake8-bugbear-23.2.13 mccabe-0.7.0 pycodestyle-2.11.1 pyflakes-3.1.0
