Collecting matplotlib==3.7.0
  Downloading matplotlib-3.7.0-cp310-cp310-manylinux_2_17_x86_64.manylinux2014_x86_64.whl (11.6 MB)
     ━━━━━━━━━━━━━━━━━━━━━━━━━━━━━━━━━━━━━━━━ 11.6/11.6 MB 27.6 MB/s eta 0:00:00
Collecting contourpy>=1.0.1 (from matplotlib==3.7.0)
  Using cached contourpy-1.2.0-cp310-cp310-manylinux_2_17_x86_64.manylinux2014_x86_64.whl.metadata (5.8 kB)
Collecting cycler>=0.10 (from matplotlib==3.7.0)
  Using cached cycler-0.12.1-py3-none-any.whl.metadata (3.8 kB)
Collecting fonttools>=4.22.0 (from matplotlib==3.7.0)
  Using cached fonttools-4.45.0-cp310-cp310-manylinux_2_17_x86_64.manylinux2014_x86_64.whl.metadata (154 kB)
Collecting kiwisolver>=1.0.1 (from matplotlib==3.7.0)
  Using cached kiwisolver-1.4.5-cp310-cp310-manylinux_2_12_x86_64.manylinux2010_x86_64.whl.metadata (6.4 kB)
Collecting numpy>=1.20 (from matplotlib==3.7.0)
  Using cached numpy-1.26.2-cp310-cp310-manylinux_2_17_x86_64.manylinux2014_x86_64.whl.metadata (61 kB)
Collecting packaging>=20.0 (from matplotlib==3.7.0)
  Using cached packaging-23.2-py3-none-any.whl.metadata (3.2 kB)
Collecting pillow>=6.2.0 (from matplotlib==3.7.0)
  Using cached Pillow-10.1.0-cp310-cp310-manylinux_2_28_x86_64.whl.metadata (9.5 kB)
Collecting pyparsing>=2.3.1 (from matplotlib==3.7.0)
  Using cached pyparsing-3.1.1-py3-none-any.whl.metadata (5.1 kB)
Collecting python-dateutil>=2.7 (from matplotlib==3.7.0)
  Using cached python_dateutil-2.8.2-py2.py3-none-any.whl (247 kB)
Collecting six>=1.5 (from python-dateutil>=2.7->matplotlib==3.7.0)
  Using cached six-1.16.0-py2.py3-none-any.whl (11 kB)
Using cached contourpy-1.2.0-cp310-cp310-manylinux_2_17_x86_64.manylinux2014_x86_64.whl (310 kB)
Using cached cycler-0.12.1-py3-none-any.whl (8.3 kB)
Using cached fonttools-4.45.0-cp310-cp310-manylinux_2_17_x86_64.manylinux2014_x86_64.whl (4.6 MB)
Using cached kiwisolver-1.4.5-cp310-cp310-manylinux_2_12_x86_64.manylinux2010_x86_64.whl (1.6 MB)
Using cached numpy-1.26.2-cp310-cp310-manylinux_2_17_x86_64.manylinux2014_x86_64.whl (18.2 MB)
Using cached packaging-23.2-py3-none-any.whl (53 kB)
Using cached Pillow-10.1.0-cp310-cp310-manylinux_2_28_x86_64.whl (3.6 MB)
Using cached pyparsing-3.1.1-py3-none-any.whl (103 kB)
Installing collected packages: six, pyparsing, pillow, packaging, numpy, kiwisolver, fonttools, cycler, python-dateutil, contourpy, matplotlib
Successfully installed contourpy-1.2.0 cycler-0.12.1 fonttools-4.45.0 kiwisolver-1.4.5 matplotlib-3.7.0 numpy-1.26.2 packaging-23.2 pillow-10.1.0 pyparsing-3.1.1 python-dateutil-2.8.2 six-1.16.0
