Collecting matplotlib==3.7.0
  Using cached matplotlib-3.7.0-graalpy310-graalpy231_310_native-linux_x86_64.whl
Collecting contourpy>=1.0.1
  Using cached contourpy-1.2.0-graalpy310-graalpy231_310_native-linux_x86_64.whl
Collecting cycler>=0.10
  Using cached cycler-0.12.1-py3-none-any.whl (8.3 kB)
Collecting fonttools>=4.22.0
  Using cached fonttools-4.45.0-py3-none-any.whl (1.0 MB)
Collecting kiwisolver>=1.0.1
  Using cached kiwisolver-1.4.5-graalpy310-graalpy231_310_native-linux_x86_64.whl
Collecting numpy>=1.20
  Using cached numpy-1.23.5-graalpy310-graalpy231_310_native-linux_x86_64.whl
Collecting packaging>=20.0
  Using cached packaging-23.2-py3-none-any.whl (53 kB)
Collecting pillow>=6.2.0
  Using cached Pillow-10.1.0-graalpy310-graalpy231_310_native-linux_x86_64.whl
Collecting pyparsing>=2.3.1
  Using cached pyparsing-3.0.8-py3-none-any.whl (98 kB)
Collecting python-dateutil>=2.7
  Using cached python_dateutil-2.8.2-py2.py3-none-any.whl (247 kB)
Collecting six>=1.5
  Using cached six-1.16.0-py2.py3-none-any.whl (11 kB)
Installing collected packages: six, pyparsing, pillow, packaging, numpy, kiwisolver, fonttools, cycler, python-dateutil, contourpy, matplotlib
Looking for GraalPy patches for six
Looking for GraalPy patches for pyparsing
Patching package pyparsing using /opt/graalpy/lib/graalpy23.1/patches/pyparsing/pyparsing-3.0.8.patch
Looking for GraalPy patches for Pillow
Looking for GraalPy patches for packaging
Patching package packaging using /opt/graalpy/lib/graalpy23.1/patches/packaging/packaging.patch
patching file packaging/tags.py
Hunk #1 FAILED at 4.
Hunk #2 FAILED at 37.
2 out of 2 hunks FAILED -- saving rejects to file packaging/tags.py.rej
Applying GraalPy patch failed for packaging. The package may still work.
Looking for GraalPy patches for numpy
We have patches to make this package work on GraalVM for some version(s).
If installing or running fails, consider using one of the versions that we have patches for:
numpy == 1.16.4
numpy == 1.19.5
numpy == 1.21.6
numpy == 1.22.4
numpy == 1.23.4
numpy == 1.23.1
numpy == 1.23.5
Looking for GraalPy patches for kiwisolver
Looking for GraalPy patches for fonttools
Looking for GraalPy patches for cycler
Looking for GraalPy patches for python_dateutil
Looking for GraalPy patches for contourpy
Looking for GraalPy patches for matplotlib
Patching package matplotlib using /opt/graalpy/lib/graalpy23.1/patches/matplotlib/matplotlib-3.7.0.patch
can't find file to patch at input line 5
Perhaps you used the wrong -p or --strip option?
The text leading up to this was:
--------------------------
|diff --git a/setupext.py b/setupext.py
|index a898d64..1f0b0b4 100644
|--- a/setupext.py
|+++ b/setupext.py
--------------------------
No file to patch.  Skipping patch.
1 out of 1 hunk ignored
Applying GraalPy patch failed for matplotlib. The package may still work.
Successfully installed contourpy-1.2.0 cycler-0.12.1 fonttools-4.45.0 kiwisolver-1.4.5 matplotlib-3.7.0 numpy-1.23.5 packaging-23.2 pillow-10.1.0 pyparsing-3.0.8 python-dateutil-2.8.2 six-1.16.0
