Collecting pyproj==3.4.0
  Downloading pyproj-3.4.0.tar.gz (217 kB)
     ━━━━━━━━━━━━━━━━━━━━━━━━━━━━━━━━━━━━━━━ 217.3/217.3 kB 4.0 MB/s eta 0:00:00
Looking for GraalPy patches for pyproj
  Installing build dependencies: started
  Installing build dependencies: finished with status 'done'
  Getting requirements to build wheel: started
  Getting requirements to build wheel: finished with status 'done'
  Preparing metadata (pyproject.toml): started
  Preparing metadata (pyproject.toml): finished with status 'done'
Collecting certifi
  Using cached certifi-2023.11.17-py3-none-any.whl (162 kB)
Building wheels for collected packages: pyproj
  Building wheel for pyproj (pyproject.toml): started
  Building wheel for pyproj (pyproject.toml): finished with status 'done'
  Created wheel for pyproj: filename=pyproj-3.4.0-graalpy310-graalpy231_310_native-linux_x86_64.whl size=460618 sha256=5189594052a6ac2cfa78978edfe38138ee9474429a8a2ec965adcd19cfcfdb21
  Stored in directory: /workdir/.cache/pip-graalpy/wheels/76/10/11/5a34f3966c1424a66f01a98075421ce3ce7f063f81666b3e6b
Successfully built pyproj
Installing collected packages: certifi, pyproj
Looking for GraalPy patches for certifi
Looking for GraalPy patches for pyproj
Successfully installed certifi-2023.11.17 pyproj-3.4.0
