Collecting Flask-SQLAlchemy==3.0.3
  Downloading Flask_SQLAlchemy-3.0.3-py3-none-any.whl (24 kB)
Collecting Flask>=2.2 (from Flask-SQLAlchemy==3.0.3)
  Using cached flask-3.0.0-py3-none-any.whl.metadata (3.6 kB)
Collecting SQLAlchemy>=1.4.18 (from Flask-SQLAlchemy==3.0.3)
  Downloading SQLAlchemy-2.0.23-cp310-cp310-manylinux_2_17_x86_64.manylinux2014_x86_64.whl.metadata (9.6 kB)
Collecting Werkzeug>=3.0.0 (from Flask>=2.2->Flask-SQLAlchemy==3.0.3)
  Using cached werkzeug-3.0.1-py3-none-any.whl.metadata (4.1 kB)
Collecting Jinja2>=3.1.2 (from Flask>=2.2->Flask-SQLAlchemy==3.0.3)
  Using cached Jinja2-3.1.2-py3-none-any.whl (133 kB)
Collecting itsdangerous>=2.1.2 (from Flask>=2.2->Flask-SQLAlchemy==3.0.3)
  Using cached itsdangerous-2.1.2-py3-none-any.whl (15 kB)
Collecting click>=8.1.3 (from Flask>=2.2->Flask-SQLAlchemy==3.0.3)
  Using cached click-8.1.7-py3-none-any.whl.metadata (3.0 kB)
Collecting blinker>=1.6.2 (from Flask>=2.2->Flask-SQLAlchemy==3.0.3)
  Using cached blinker-1.7.0-py3-none-any.whl.metadata (1.9 kB)
Collecting typing-extensions>=4.2.0 (from SQLAlchemy>=1.4.18->Flask-SQLAlchemy==3.0.3)
  Using cached typing_extensions-4.8.0-py3-none-any.whl.metadata (3.0 kB)
Collecting greenlet!=0.4.17 (from SQLAlchemy>=1.4.18->Flask-SQLAlchemy==3.0.3)
  Downloading greenlet-3.0.1-cp310-cp310-manylinux_2_24_x86_64.manylinux_2_28_x86_64.whl.metadata (3.7 kB)
Collecting MarkupSafe>=2.0 (from Jinja2>=3.1.2->Flask>=2.2->Flask-SQLAlchemy==3.0.3)
  Using cached MarkupSafe-2.1.3-cp310-cp310-manylinux_2_17_x86_64.manylinux2014_x86_64.whl.metadata (3.0 kB)
Using cached flask-3.0.0-py3-none-any.whl (99 kB)
Downloading SQLAlchemy-2.0.23-cp310-cp310-manylinux_2_17_x86_64.manylinux2014_x86_64.whl (3.0 MB)
   ━━━━━━━━━━━━━━━━━━━━━━━━━━━━━━━━━━━━━━━━ 3.0/3.0 MB 23.2 MB/s eta 0:00:00
Using cached blinker-1.7.0-py3-none-any.whl (13 kB)
Using cached click-8.1.7-py3-none-any.whl (97 kB)
Downloading greenlet-3.0.1-cp310-cp310-manylinux_2_24_x86_64.manylinux_2_28_x86_64.whl (613 kB)
   ━━━━━━━━━━━━━━━━━━━━━━━━━━━━━━━━━━━━━━━━ 613.2/613.2 kB 23.0 MB/s eta 0:00:00
Using cached typing_extensions-4.8.0-py3-none-any.whl (31 kB)
Using cached werkzeug-3.0.1-py3-none-any.whl (226 kB)
Using cached MarkupSafe-2.1.3-cp310-cp310-manylinux_2_17_x86_64.manylinux2014_x86_64.whl (25 kB)
Installing collected packages: typing-extensions, MarkupSafe, itsdangerous, greenlet, click, blinker, Werkzeug, SQLAlchemy, Jinja2, Flask, Flask-SQLAlchemy
Successfully installed Flask-3.0.0 Flask-SQLAlchemy-3.0.3 Jinja2-3.1.2 MarkupSafe-2.1.3 SQLAlchemy-2.0.23 Werkzeug-3.0.1 blinker-1.7.0 click-8.1.7 greenlet-3.0.1 itsdangerous-2.1.2 typing-extensions-4.8.0
