Collecting Flask-SQLAlchemy==3.0.3
  Downloading Flask_SQLAlchemy-3.0.3-py3-none-any.whl (24 kB)
Collecting Flask>=2.2
  Using cached flask-3.0.0-py3-none-any.whl (99 kB)
Collecting SQLAlchemy>=1.4.18
  Downloading SQLAlchemy-2.0.23-py3-none-any.whl (1.9 MB)
     ━━━━━━━━━━━━━━━━━━━━━━━━━━━━━━━━━━━━━━━━ 1.9/1.9 MB 8.0 MB/s eta 0:00:00
Collecting Werkzeug>=3.0.0
  Using cached werkzeug-3.0.1-py3-none-any.whl (226 kB)
Collecting Jinja2>=3.1.2
  Using cached Jinja2-3.1.2-py3-none-any.whl (133 kB)
Collecting itsdangerous>=2.1.2
  Using cached itsdangerous-2.1.2-py3-none-any.whl (15 kB)
Collecting click>=8.1.3
  Using cached click-8.1.7-py3-none-any.whl (97 kB)
Collecting blinker>=1.6.2
  Using cached blinker-1.7.0-py3-none-any.whl (13 kB)
Collecting typing-extensions>=4.2.0
  Using cached typing_extensions-4.8.0-py3-none-any.whl (31 kB)
Collecting greenlet!=0.4.17
  Downloading greenlet-3.0.1.tar.gz (174 kB)
     ━━━━━━━━━━━━━━━━━━━━━━━━━━━━━━━━━━━━━━━ 174.8/174.8 kB 4.6 MB/s eta 0:00:00
auto-patching C API usages in /tmp/pip-install-vyi7j3a4/greenlet_f1e5372e5078495e955bdfc72ef799f6/src/greenlet/greenlet_cpython_compat.hpp
Looking for GraalPy patches for greenlet
  Preparing metadata (setup.py): started
  Preparing metadata (setup.py): finished with status 'done'
Collecting MarkupSafe>=2.0
  Using cached MarkupSafe-2.1.3-py3-none-any.whl
Building wheels for collected packages: greenlet
  Building wheel for greenlet (setup.py): started
  Building wheel for greenlet (setup.py): finished with status 'done'
  Created wheel for greenlet: filename=greenlet-3.0.1-graalpy310-graalpy231_310_native-linux_x86_64.whl size=257121 sha256=7fc0c1dc49a84bb3a88fe756975ec10c4d9f93bc06346b3a1bb5cc820d5a3739
  Stored in directory: /workdir/.cache/pip-graalpy/wheels/e0/14/17/f6a51fd4625900993c030e7d5a2f1e2f5d3e62dfca68194701
Successfully built greenlet
Installing collected packages: typing-extensions, MarkupSafe, itsdangerous, greenlet, click, blinker, Werkzeug, SQLAlchemy, Jinja2, Flask, Flask-SQLAlchemy
Looking for GraalPy patches for typing_extensions
Looking for GraalPy patches for MarkupSafe
Looking for GraalPy patches for itsdangerous
Looking for GraalPy patches for greenlet
Looking for GraalPy patches for click
Looking for GraalPy patches for blinker
Looking for GraalPy patches for werkzeug
Looking for GraalPy patches for SQLAlchemy
Looking for GraalPy patches for Jinja2
Looking for GraalPy patches for flask
Looking for GraalPy patches for Flask_SQLAlchemy
Successfully installed Flask-3.0.0 Flask-SQLAlchemy-3.0.3 Jinja2-3.1.2 MarkupSafe-2.1.3 SQLAlchemy-2.0.23 Werkzeug-3.0.1 blinker-1.7.0 click-8.1.7 greenlet-3.0.1 itsdangerous-2.1.2 typing-extensions-4.8.0
