Collecting murmurhash==1.0.9
  Downloading murmurhash-1.0.9.tar.gz (12 kB)
Looking for GraalPy patches for murmurhash
  Installing build dependencies: started
  Installing build dependencies: finished with status 'done'
  Getting requirements to build wheel: started
  Getting requirements to build wheel: finished with status 'done'
  Installing backend dependencies: started
  Installing backend dependencies: finished with status 'done'
  Preparing metadata (pyproject.toml): started
  Preparing metadata (pyproject.toml): finished with status 'done'
Building wheels for collected packages: murmurhash
  Building wheel for murmurhash (pyproject.toml): started
  Building wheel for murmurhash (pyproject.toml): finished with status 'done'
  Created wheel for murmurhash: filename=murmurhash-1.0.9-graalpy310-graalpy231_310_native-linux_x86_64.whl size=22860 sha256=b013c1f6b4512c05b16fd3fcb163c4137d6da549b9df13e27ca3921285532b52
  Stored in directory: /workdir/.cache/pip-graalpy/wheels/2f/90/3a/b6589dc92947ac99a4c256124aee5fe9580090971f62b229ac
Successfully built murmurhash
Installing collected packages: murmurhash
Looking for GraalPy patches for murmurhash
Successfully installed murmurhash-1.0.9
