Collecting pymdown-extensions==10.0.1
  Downloading pymdown_extensions-10.0.1-py3-none-any.whl (240 kB)
     ━━━━━━━━━━━━━━━━━━━━━━━━━━━━━━━━━━━━━━━ 240.1/240.1 kB 1.7 MB/s eta 0:00:00
Collecting markdown>=3.2
  Downloading Markdown-3.5.1-py3-none-any.whl (102 kB)
     ━━━━━━━━━━━━━━━━━━━━━━━━━━━━━━━━━━━━━━━ 102.2/102.2 kB 1.5 MB/s eta 0:00:00
Collecting pyyaml
  Downloading PyYAML-6.0.1.tar.gz (125 kB)
     ━━━━━━━━━━━━━━━━━━━━━━━━━━━━━━━━━━━━━━━ 125.2/125.2 kB 2.2 MB/s eta 0:00:00
Looking for GraalPy patches for PyYAML
  Installing build dependencies: started
  Installing build dependencies: still running...
  Installing build dependencies: finished with status 'done'
  Getting requirements to build wheel: started
  Getting requirements to build wheel: finished with status 'done'
  Preparing metadata (pyproject.toml): started
  Preparing metadata (pyproject.toml): finished with status 'done'
Building wheels for collected packages: pyyaml
  Building wheel for pyyaml (pyproject.toml): started
  Building wheel for pyyaml (pyproject.toml): finished with status 'done'
  Created wheel for pyyaml: filename=PyYAML-6.0.1-py3-none-any.whl size=46313 sha256=0520730ec07bc81b27d0ac7b0a9cbeee29dce045cd512c19038c56fa7c465998
  Stored in directory: /workdir/.cache/pip-graalpy/wheels/b0/ec/e1/03d86413fe37287e312e33379e2775e1ebd358309baf103aa7
Successfully built pyyaml
Installing collected packages: pyyaml, markdown, pymdown-extensions
Looking for GraalPy patches for PyYAML
Looking for GraalPy patches for Markdown
Looking for GraalPy patches for pymdown_extensions
Successfully installed markdown-3.5.1 pymdown-extensions-10.0.1 pyyaml-6.0.1
