Collecting yarl==1.8.2
  Downloading yarl-1.8.2.tar.gz (172 kB)
     ━━━━━━━━━━━━━━━━━━━━━━━━━━━━━━━━━━━━━━━ 172.3/172.3 kB 3.1 MB/s eta 0:00:00
Looking for GraalPy patches for yarl
  Installing build dependencies: started
  Installing build dependencies: finished with status 'done'
  Getting requirements to build wheel: started
  Getting requirements to build wheel: finished with status 'done'
  Preparing metadata (pyproject.toml): started
  Preparing metadata (pyproject.toml): finished with status 'done'
Collecting multidict>=4.0
  Using cached multidict-6.0.4-py3-none-any.whl
Collecting idna>=2.0
  Using cached idna-3.6-py3-none-any.whl (61 kB)
Building wheels for collected packages: yarl
  Building wheel for yarl (pyproject.toml): started
  Building wheel for yarl (pyproject.toml): finished with status 'done'
  Created wheel for yarl: filename=yarl-1.8.2-py3-none-any.whl size=24122 sha256=159f6bb29feb992a289a6419330253d5f54c477d1f44f611cdddd7cc309e74a0
  Stored in directory: /workdir/.cache/pip-graalpy/wheels/92/ce/50/cafd5f2c168a058d21a4ca63703ff670d7623870d6e9560795
Successfully built yarl
Installing collected packages: multidict, idna, yarl
Looking for GraalPy patches for multidict
Looking for GraalPy patches for idna
Looking for GraalPy patches for yarl
Successfully installed idna-3.6 multidict-6.0.4 yarl-1.8.2
