Collecting multidict==6.0.3
  Downloading multidict-6.0.3.tar.gz (51 kB)
     ━━━━━━━━━━━━━━━━━━━━━━━━━━━━━━━━━━━━━━━━ 51.2/51.2 kB 1.1 MB/s eta 0:00:00
Looking for GraalPy patches for multidict
  Installing build dependencies: started
  Installing build dependencies: finished with status 'done'
  WARNING: Missing build requirements in pyproject.toml for multidict==6.0.3 from https://files.pythonhosted.org/packages/b5/5b/1dd3b9cf73c474ea1d0f0b1f8b7b712b0f13817493fd93101256ec856b59/multidict-6.0.3.tar.gz.
  WARNING: The project does not specify a build backend, and pip cannot fall back to setuptools without 'wheel'.
  Getting requirements to build wheel: started
  Getting requirements to build wheel: finished with status 'done'
  Installing backend dependencies: started
  Installing backend dependencies: finished with status 'done'
  Preparing metadata (pyproject.toml): started
  Preparing metadata (pyproject.toml): finished with status 'done'
Building wheels for collected packages: multidict
  Building wheel for multidict (pyproject.toml): started
  Building wheel for multidict (pyproject.toml): finished with status 'done'
  Created wheel for multidict: filename=multidict-6.0.3-py3-none-any.whl size=9741 sha256=7b3261ecaf29ca632aefc9ad14371069dae93f5f814dfc4bc7ba3707955f3021
  Stored in directory: /workdir/.cache/pip-graalpy/wheels/45/ee/c4/d74ba8389ecef4647282c5a300f1c3e5b36b91688be30805f4
Successfully built multidict
Installing collected packages: multidict
Looking for GraalPy patches for multidict
Successfully installed multidict-6.0.3
