Collecting DateTime==4.7
  Downloading DateTime-4.7-py2.py3-none-any.whl (52 kB)
     ━━━━━━━━━━━━━━━━━━━━━━━━━━━━━━━━━━━━━━━━ 52.2/52.2 kB 1.5 MB/s eta 0:00:00
Collecting zope.interface
  Downloading zope.interface-6.1.tar.gz (293 kB)
     ━━━━━━━━━━━━━━━━━━━━━━━━━━━━━━━━━━━━━━━ 293.9/293.9 kB 5.6 MB/s eta 0:00:00
auto-patching C API usages in /tmp/pip-install-em_ttxw5/zope-interface_2cb9a212f027484c897af55c42b1c4fc/src/zope/interface/_zope_interface_coptimizations.c
Looking for GraalPy patches for zope.interface
  Preparing metadata (setup.py): started
  Preparing metadata (setup.py): finished with status 'done'
Collecting pytz
  Using cached pytz-2022.2.1-py2.py3-none-any.whl (500 kB)
Requirement already satisfied: setuptools in ./install-virtualenv/lib/python3.10/site-packages (from zope.interface->DateTime==4.7) (63.2.0)
Building wheels for collected packages: zope.interface
  Building wheel for zope.interface (setup.py): started
  Building wheel for zope.interface (setup.py): finished with status 'done'
  Created wheel for zope.interface: filename=zope.interface-6.1-graalpy310-graalpy231_310_native-linux_x86_64.whl size=205218 sha256=39716bacb60cd245d0f2804d8a1ba2f21b3231b6bd8e1faa05217f7626883187
  Stored in directory: /workdir/.cache/pip-graalpy/wheels/7c/f6/66/4100b58933ba1252d08fe8ad89e7d97255b4ec5326c05bb1af
Successfully built zope.interface
Installing collected packages: pytz, zope.interface, DateTime
Looking for GraalPy patches for pytz
Patching package pytz using /opt/graalpy/lib/graalpy23.1/patches/pytz/pytz-2022.2.1.patch
Looking for GraalPy patches for zope.interface
Looking for GraalPy patches for DateTime
Successfully installed DateTime-4.7 pytz-2022.2.1 zope.interface-6.1
