Collecting mkdocs==1.4.2
  Downloading mkdocs-1.4.2-py3-none-any.whl (3.7 MB)
     ━━━━━━━━━━━━━━━━━━━━━━━━━━━━━━━━━━━━━━━━ 3.7/3.7 MB 20.1 MB/s eta 0:00:00
Collecting click>=7.0 (from mkdocs==1.4.2)
  Using cached click-8.1.7-py3-none-any.whl.metadata (3.0 kB)
Collecting ghp-import>=1.0 (from mkdocs==1.4.2)
  Using cached ghp_import-2.1.0-py3-none-any.whl (11 kB)
Collecting jinja2>=2.11.1 (from mkdocs==1.4.2)
  Using cached Jinja2-3.1.2-py3-none-any.whl (133 kB)
Collecting markdown<3.4,>=3.2.1 (from mkdocs==1.4.2)
  Using cached Markdown-3.3.7-py3-none-any.whl (97 kB)
Collecting mergedeep>=1.3.4 (from mkdocs==1.4.2)
  Using cached mergedeep-1.3.4-py3-none-any.whl (6.4 kB)
Collecting packaging>=20.5 (from mkdocs==1.4.2)
  Using cached packaging-23.2-py3-none-any.whl.metadata (3.2 kB)
Collecting pyyaml-env-tag>=0.1 (from mkdocs==1.4.2)
  Using cached pyyaml_env_tag-0.1-py3-none-any.whl (3.9 kB)
Collecting pyyaml>=5.1 (from mkdocs==1.4.2)
  Using cached PyYAML-6.0.1-cp310-cp310-manylinux_2_17_x86_64.manylinux2014_x86_64.whl.metadata (2.1 kB)
Collecting watchdog>=2.0 (from mkdocs==1.4.2)
  Using cached watchdog-3.0.0-py3-none-manylinux2014_x86_64.whl (82 kB)
Collecting python-dateutil>=2.8.1 (from ghp-import>=1.0->mkdocs==1.4.2)
  Using cached python_dateutil-2.8.2-py2.py3-none-any.whl (247 kB)
Collecting MarkupSafe>=2.0 (from jinja2>=2.11.1->mkdocs==1.4.2)
  Using cached MarkupSafe-2.1.3-cp310-cp310-manylinux_2_17_x86_64.manylinux2014_x86_64.whl.metadata (3.0 kB)
Collecting six>=1.5 (from python-dateutil>=2.8.1->ghp-import>=1.0->mkdocs==1.4.2)
  Using cached six-1.16.0-py2.py3-none-any.whl (11 kB)
Using cached click-8.1.7-py3-none-any.whl (97 kB)
Using cached packaging-23.2-py3-none-any.whl (53 kB)
Using cached PyYAML-6.0.1-cp310-cp310-manylinux_2_17_x86_64.manylinux2014_x86_64.whl (705 kB)
Using cached MarkupSafe-2.1.3-cp310-cp310-manylinux_2_17_x86_64.manylinux2014_x86_64.whl (25 kB)
Installing collected packages: watchdog, six, pyyaml, packaging, mergedeep, MarkupSafe, markdown, click, pyyaml-env-tag, python-dateutil, jinja2, ghp-import, mkdocs
Successfully installed MarkupSafe-2.1.3 click-8.1.7 ghp-import-2.1.0 jinja2-3.1.2 markdown-3.3.7 mergedeep-1.3.4 mkdocs-1.4.2 packaging-23.2 python-dateutil-2.8.2 pyyaml-6.0.1 pyyaml-env-tag-0.1 six-1.16.0 watchdog-3.0.0
