Collecting rasterio==1.3.4
  Downloading rasterio-1.3.4-cp310-cp310-manylinux_2_17_x86_64.manylinux2014_x86_64.whl (20.9 MB)
     ━━━━━━━━━━━━━━━━━━━━━━━━━━━━━━━━━━━━━━━━ 20.9/20.9 MB 22.5 MB/s eta 0:00:00
Collecting affine (from rasterio==1.3.4)
  Downloading affine-2.4.0-py3-none-any.whl (15 kB)
Collecting attrs (from rasterio==1.3.4)
  Using cached attrs-23.1.0-py3-none-any.whl (61 kB)
Collecting certifi (from rasterio==1.3.4)
  Using cached certifi-2023.11.17-py3-none-any.whl.metadata (2.2 kB)
Collecting click>=4.0 (from rasterio==1.3.4)
  Using cached click-8.1.7-py3-none-any.whl.metadata (3.0 kB)
Collecting cligj>=0.5 (from rasterio==1.3.4)
  Downloading cligj-0.7.2-py3-none-any.whl (7.1 kB)
Collecting numpy>=1.18 (from rasterio==1.3.4)
  Using cached numpy-1.26.2-cp310-cp310-manylinux_2_17_x86_64.manylinux2014_x86_64.whl.metadata (61 kB)
Collecting snuggs>=1.4.1 (from rasterio==1.3.4)
  Downloading snuggs-1.4.7-py3-none-any.whl (5.4 kB)
Collecting click-plugins (from rasterio==1.3.4)
  Downloading click_plugins-1.1.1-py2.py3-none-any.whl (7.5 kB)
Requirement already satisfied: setuptools in ./install-virtualenv/lib/python3.10/site-packages (from rasterio==1.3.4) (68.2.2)
Collecting pyparsing>=2.1.6 (from snuggs>=1.4.1->rasterio==1.3.4)
  Using cached pyparsing-3.1.1-py3-none-any.whl.metadata (5.1 kB)
Using cached click-8.1.7-py3-none-any.whl (97 kB)
Using cached numpy-1.26.2-cp310-cp310-manylinux_2_17_x86_64.manylinux2014_x86_64.whl (18.2 MB)
Using cached certifi-2023.11.17-py3-none-any.whl (162 kB)
Using cached pyparsing-3.1.1-py3-none-any.whl (103 kB)
Installing collected packages: pyparsing, numpy, click, certifi, attrs, affine, snuggs, cligj, click-plugins, rasterio
Successfully installed affine-2.4.0 attrs-23.1.0 certifi-2023.11.17 click-8.1.7 click-plugins-1.1.1 cligj-0.7.2 numpy-1.26.2 pyparsing-3.1.1 rasterio-1.3.4 snuggs-1.4.7
