Collecting rasterio==1.3.4
  Downloading rasterio-1.3.4.tar.gz (406 kB)
     ━━━━━━━━━━━━━━━━━━━━━━━━━━━━━━━━━━━━━━━ 406.4/406.4 kB 5.9 MB/s eta 0:00:00
Looking for GraalPy patches for rasterio
  Installing build dependencies: started
  Installing build dependencies: finished with status 'done'
  Getting requirements to build wheel: started
  Getting requirements to build wheel: still running...
  Getting requirements to build wheel: finished with status 'done'
  Preparing metadata (pyproject.toml): started
  Preparing metadata (pyproject.toml): finished with status 'done'
Collecting affine
  Downloading affine-2.4.0-py3-none-any.whl (15 kB)
Collecting attrs
  Using cached attrs-23.1.0-py3-none-any.whl (61 kB)
Collecting certifi
  Using cached certifi-2023.11.17-py3-none-any.whl (162 kB)
Collecting click>=4.0
  Using cached click-8.1.7-py3-none-any.whl (97 kB)
Collecting cligj>=0.5
  Downloading cligj-0.7.2-py3-none-any.whl (7.1 kB)
Collecting numpy>=1.18
  Using cached numpy-1.23.5-graalpy310-graalpy231_310_native-linux_x86_64.whl
Collecting snuggs>=1.4.1
  Downloading snuggs-1.4.7-py3-none-any.whl (5.4 kB)
Collecting click-plugins
  Downloading click_plugins-1.1.1-py2.py3-none-any.whl (7.5 kB)
Requirement already satisfied: setuptools in ./install-virtualenv/lib/python3.10/site-packages (from rasterio==1.3.4) (63.2.0)
Collecting pyparsing>=2.1.6
  Using cached pyparsing-3.0.8-py3-none-any.whl (98 kB)
Building wheels for collected packages: rasterio
  Building wheel for rasterio (pyproject.toml): started
  Building wheel for rasterio (pyproject.toml): finished with status 'error'
  error: subprocess-exited-with-error
  
  × Building wheel for rasterio (pyproject.toml) did not run successfully.
  │ exit code: 1
  ╰─> [242 lines of output]
      INFO:root:GDAL API version obtained from gdal-config: 3.6.1
      INFO:root:GDAL API version obtained from environment: 3.6.1
      /opt/graalpy/lib/python3.10/distutils/extension.py:132: UserWarning: Unknown Extension options: 'cython_compile_time_env'
        warnings.warn(msg)
      running bdist_wheel
      running build
      running build_py
      creating build
      creating build/lib.linux-x86_64-3.10
      creating build/lib.linux-x86_64-3.10/rasterio
      copying ./rasterio/dtypes.py -> build/lib.linux-x86_64-3.10/rasterio
      copying ./rasterio/_path.py -> build/lib.linux-x86_64-3.10/rasterio
      copying ./rasterio/enums.py -> build/lib.linux-x86_64-3.10/rasterio
      copying ./rasterio/warp.py -> build/lib.linux-x86_64-3.10/rasterio
      copying ./rasterio/drivers.py -> build/lib.linux-x86_64-3.10/rasterio
      copying ./rasterio/__init__.py -> build/lib.linux-x86_64-3.10/rasterio
      copying ./rasterio/env.py -> build/lib.linux-x86_64-3.10/rasterio
      copying ./rasterio/profiles.py -> build/lib.linux-x86_64-3.10/rasterio
      copying ./rasterio/errors.py -> build/lib.linux-x86_64-3.10/rasterio
      copying ./rasterio/session.py -> build/lib.linux-x86_64-3.10/rasterio
      copying ./rasterio/path.py -> build/lib.linux-x86_64-3.10/rasterio
      copying ./rasterio/tools.py -> build/lib.linux-x86_64-3.10/rasterio
      copying ./rasterio/rpc.py -> build/lib.linux-x86_64-3.10/rasterio
      copying ./rasterio/plot.py -> build/lib.linux-x86_64-3.10/rasterio
      copying ./rasterio/io.py -> build/lib.linux-x86_64-3.10/rasterio
      copying ./rasterio/control.py -> build/lib.linux-x86_64-3.10/rasterio
      copying ./rasterio/mask.py -> build/lib.linux-x86_64-3.10/rasterio
      copying ./rasterio/vrt.py -> build/lib.linux-x86_64-3.10/rasterio
      copying ./rasterio/coords.py -> build/lib.linux-x86_64-3.10/rasterio
      copying ./rasterio/_show_versions.py -> build/lib.linux-x86_64-3.10/rasterio
      copying ./rasterio/sample.py -> build/lib.linux-x86_64-3.10/rasterio
      copying ./rasterio/features.py -> build/lib.linux-x86_64-3.10/rasterio
      copying ./rasterio/windows.py -> build/lib.linux-x86_64-3.10/rasterio
      copying ./rasterio/merge.py -> build/lib.linux-x86_64-3.10/rasterio
      copying ./rasterio/transform.py -> build/lib.linux-x86_64-3.10/rasterio
      copying ./rasterio/fill.py -> build/lib.linux-x86_64-3.10/rasterio
      creating build/lib.linux-x86_64-3.10/rasterio/rio
      copying ./rasterio/rio/warp.py -> build/lib.linux-x86_64-3.10/rasterio/rio
      copying ./rasterio/rio/bounds.py -> build/lib.linux-x86_64-3.10/rasterio/rio
      copying ./rasterio/rio/convert.py -> build/lib.linux-x86_64-3.10/rasterio/rio
      copying ./rasterio/rio/options.py -> build/lib.linux-x86_64-3.10/rasterio/rio
      copying ./rasterio/rio/rm.py -> build/lib.linux-x86_64-3.10/rasterio/rio
      copying ./rasterio/rio/__init__.py -> build/lib.linux-x86_64-3.10/rasterio/rio
      copying ./rasterio/rio/calc.py -> build/lib.linux-x86_64-3.10/rasterio/rio
      copying ./rasterio/rio/insp.py -> build/lib.linux-x86_64-3.10/rasterio/rio
      copying ./rasterio/rio/blocks.py -> build/lib.linux-x86_64-3.10/rasterio/rio
      copying ./rasterio/rio/env.py -> build/lib.linux-x86_64-3.10/rasterio/rio
      copying ./rasterio/rio/overview.py -> build/lib.linux-x86_64-3.10/rasterio/rio
      copying ./rasterio/rio/main.py -> build/lib.linux-x86_64-3.10/rasterio/rio
      copying ./rasterio/rio/info.py -> build/lib.linux-x86_64-3.10/rasterio/rio
      copying ./rasterio/rio/shapes.py -> build/lib.linux-x86_64-3.10/rasterio/rio
      copying ./rasterio/rio/clip.py -> build/lib.linux-x86_64-3.10/rasterio/rio
      copying ./rasterio/rio/stack.py -> build/lib.linux-x86_64-3.10/rasterio/rio
      copying ./rasterio/rio/helpers.py -> build/lib.linux-x86_64-3.10/rasterio/rio
      copying ./rasterio/rio/mask.py -> build/lib.linux-x86_64-3.10/rasterio/rio
      copying ./rasterio/rio/gcps.py -> build/lib.linux-x86_64-3.10/rasterio/rio
      copying ./rasterio/rio/sample.py -> build/lib.linux-x86_64-3.10/rasterio/rio
      copying ./rasterio/rio/rasterize.py -> build/lib.linux-x86_64-3.10/rasterio/rio
      copying ./rasterio/rio/edit_info.py -> build/lib.linux-x86_64-3.10/rasterio/rio
      copying ./rasterio/rio/merge.py -> build/lib.linux-x86_64-3.10/rasterio/rio
      copying ./rasterio/rio/transform.py -> build/lib.linux-x86_64-3.10/rasterio/rio
      running egg_info
      writing rasterio.egg-info/PKG-INFO
      writing dependency_links to rasterio.egg-info/dependency_links.txt
      writing entry points to rasterio.egg-info/entry_points.txt
      writing requirements to rasterio.egg-info/requires.txt
      writing top-level names to rasterio.egg-info/top_level.txt
      dependency /usr/local/include/cpl_conv.h won't be automatically included in the manifest: the path must be relative
      dependency /usr/local/include/cpl_error.h won't be automatically included in the manifest: the path must be relative
      dependency /usr/local/include/cpl_progress.h won't be automatically included in the manifest: the path must be relative
      dependency /usr/local/include/cpl_string.h won't be automatically included in the manifest: the path must be relative
      dependency /usr/local/include/cpl_vsi.h won't be automatically included in the manifest: the path must be relative
      dependency /usr/local/include/gdal.h won't be automatically included in the manifest: the path must be relative
      dependency /usr/local/include/gdal_alg.h won't be automatically included in the manifest: the path must be relative
      dependency /usr/local/include/gdalwarper.h won't be automatically included in the manifest: the path must be relative
      dependency /usr/local/include/ogr_api.h won't be automatically included in the manifest: the path must be relative
      dependency /usr/local/include/ogr_core.h won't be automatically included in the manifest: the path must be relative
      dependency /usr/local/include/ogr_srs_api.h won't be automatically included in the manifest: the path must be relative
      dependency /tmp/pip-build-env-oa_t4o_i/overlay/lib/python3.10/site-packages/numpy/core/include/numpy/arrayobject.h won't be automatically included in the manifest: the path must be relative
      dependency /tmp/pip-build-env-oa_t4o_i/overlay/lib/python3.10/site-packages/numpy/core/include/numpy/arrayscalars.h won't be automatically included in the manifest: the path must be relative
      dependency /tmp/pip-build-env-oa_t4o_i/overlay/lib/python3.10/site-packages/numpy/core/include/numpy/ndarrayobject.h won't be automatically included in the manifest: the path must be relative
      dependency /tmp/pip-build-env-oa_t4o_i/overlay/lib/python3.10/site-packages/numpy/core/include/numpy/ndarraytypes.h won't be automatically included in the manifest: the path must be relative
      dependency /tmp/pip-build-env-oa_t4o_i/overlay/lib/python3.10/site-packages/numpy/core/include/numpy/ufuncobject.h won't be automatically included in the manifest: the path must be relative
      dependency /usr/local/include/cpl_conv.h won't be automatically included in the manifest: the path must be relative
      dependency /usr/local/include/cpl_error.h won't be automatically included in the manifest: the path must be relative
      dependency /usr/local/include/cpl_progress.h won't be automatically included in the manifest: the path must be relative
      dependency /usr/local/include/cpl_string.h won't be automatically included in the manifest: the path must be relative
      dependency /usr/local/include/cpl_vsi.h won't be automatically included in the manifest: the path must be relative
      dependency /usr/local/include/gdal.h won't be automatically included in the manifest: the path must be relative
      dependency /usr/local/include/gdal_alg.h won't be automatically included in the manifest: the path must be relative
      dependency /usr/local/include/gdalwarper.h won't be automatically included in the manifest: the path must be relative
      dependency /usr/local/include/ogr_api.h won't be automatically included in the manifest: the path must be relative
      dependency /usr/local/include/ogr_core.h won't be automatically included in the manifest: the path must be relative
      dependency /usr/local/include/ogr_srs_api.h won't be automatically included in the manifest: the path must be relative
      dependency /tmp/pip-build-env-oa_t4o_i/overlay/lib/python3.10/site-packages/numpy/core/include/numpy/arrayobject.h won't be automatically included in the manifest: the path must be relative
      dependency /tmp/pip-build-env-oa_t4o_i/overlay/lib/python3.10/site-packages/numpy/core/include/numpy/arrayscalars.h won't be automatically included in the manifest: the path must be relative
      dependency /tmp/pip-build-env-oa_t4o_i/overlay/lib/python3.10/site-packages/numpy/core/include/numpy/ndarrayobject.h won't be automatically included in the manifest: the path must be relative
      dependency /tmp/pip-build-env-oa_t4o_i/overlay/lib/python3.10/site-packages/numpy/core/include/numpy/ndarraytypes.h won't be automatically included in the manifest: the path must be relative
      dependency /tmp/pip-build-env-oa_t4o_i/overlay/lib/python3.10/site-packages/numpy/core/include/numpy/ufuncobject.h won't be automatically included in the manifest: the path must be relative
      dependency /usr/local/include/cpl_conv.h won't be automatically included in the manifest: the path must be relative
      dependency /usr/local/include/cpl_error.h won't be automatically included in the manifest: the path must be relative
      dependency /usr/local/include/cpl_progress.h won't be automatically included in the manifest: the path must be relative
      dependency /usr/local/include/cpl_string.h won't be automatically included in the manifest: the path must be relative
      dependency /usr/local/include/cpl_vsi.h won't be automatically included in the manifest: the path must be relative
      dependency /usr/local/include/gdal.h won't be automatically included in the manifest: the path must be relative
      dependency /usr/local/include/gdal_alg.h won't be automatically included in the manifest: the path must be relative
      dependency /usr/local/include/gdalwarper.h won't be automatically included in the manifest: the path must be relative
      dependency /usr/local/include/ogr_api.h won't be automatically included in the manifest: the path must be relative
      dependency /usr/local/include/ogr_core.h won't be automatically included in the manifest: the path must be relative
      dependency /usr/local/include/ogr_srs_api.h won't be automatically included in the manifest: the path must be relative
      dependency /usr/local/include/cpl_conv.h won't be automatically included in the manifest: the path must be relative
      dependency /usr/local/include/cpl_error.h won't be automatically included in the manifest: the path must be relative
      dependency /usr/local/include/cpl_progress.h won't be automatically included in the manifest: the path must be relative
      dependency /usr/local/include/cpl_string.h won't be automatically included in the manifest: the path must be relative
      dependency /usr/local/include/cpl_vsi.h won't be automatically included in the manifest: the path must be relative
      dependency /usr/local/include/gdal.h won't be automatically included in the manifest: the path must be relative
      dependency /usr/local/include/gdal_alg.h won't be automatically included in the manifest: the path must be relative
      dependency /usr/local/include/gdalwarper.h won't be automatically included in the manifest: the path must be relative
      dependency /usr/local/include/ogr_api.h won't be automatically included in the manifest: the path must be relative
      dependency /usr/local/include/ogr_core.h won't be automatically included in the manifest: the path must be relative
      dependency /usr/local/include/ogr_srs_api.h won't be automatically included in the manifest: the path must be relative
      dependency /tmp/pip-build-env-oa_t4o_i/overlay/lib/python3.10/site-packages/numpy/core/include/numpy/arrayobject.h won't be automatically included in the manifest: the path must be relative
      dependency /tmp/pip-build-env-oa_t4o_i/overlay/lib/python3.10/site-packages/numpy/core/include/numpy/arrayscalars.h won't be automatically included in the manifest: the path must be relative
      dependency /tmp/pip-build-env-oa_t4o_i/overlay/lib/python3.10/site-packages/numpy/core/include/numpy/ndarrayobject.h won't be automatically included in the manifest: the path must be relative
      dependency /tmp/pip-build-env-oa_t4o_i/overlay/lib/python3.10/site-packages/numpy/core/include/numpy/ndarraytypes.h won't be automatically included in the manifest: the path must be relative
      dependency /tmp/pip-build-env-oa_t4o_i/overlay/lib/python3.10/site-packages/numpy/core/include/numpy/ufuncobject.h won't be automatically included in the manifest: the path must be relative
      dependency /usr/local/include/cpl_conv.h won't be automatically included in the manifest: the path must be relative
      dependency /usr/local/include/cpl_error.h won't be automatically included in the manifest: the path must be relative
      dependency /usr/local/include/cpl_progress.h won't be automatically included in the manifest: the path must be relative
      dependency /usr/local/include/cpl_string.h won't be automatically included in the manifest: the path must be relative
      dependency /usr/local/include/cpl_vsi.h won't be automatically included in the manifest: the path must be relative
      dependency /usr/local/include/gdal.h won't be automatically included in the manifest: the path must be relative
      dependency /usr/local/include/gdal_alg.h won't be automatically included in the manifest: the path must be relative
      dependency /usr/local/include/gdalwarper.h won't be automatically included in the manifest: the path must be relative
      dependency /usr/local/include/ogr_api.h won't be automatically included in the manifest: the path must be relative
      dependency /usr/local/include/ogr_core.h won't be automatically included in the manifest: the path must be relative
      dependency /usr/local/include/ogr_geometry.h won't be automatically included in the manifest: the path must be relative
      dependency /usr/local/include/ogr_spatialref.h won't be automatically included in the manifest: the path must be relative
      dependency /usr/local/include/ogr_srs_api.h won't be automatically included in the manifest: the path must be relative
      dependency /tmp/pip-build-env-oa_t4o_i/overlay/lib/python3.10/site-packages/numpy/core/include/numpy/arrayobject.h won't be automatically included in the manifest: the path must be relative
      dependency /tmp/pip-build-env-oa_t4o_i/overlay/lib/python3.10/site-packages/numpy/core/include/numpy/arrayscalars.h won't be automatically included in the manifest: the path must be relative
      dependency /tmp/pip-build-env-oa_t4o_i/overlay/lib/python3.10/site-packages/numpy/core/include/numpy/ndarrayobject.h won't be automatically included in the manifest: the path must be relative
      dependency /tmp/pip-build-env-oa_t4o_i/overlay/lib/python3.10/site-packages/numpy/core/include/numpy/ndarraytypes.h won't be automatically included in the manifest: the path must be relative
      dependency /tmp/pip-build-env-oa_t4o_i/overlay/lib/python3.10/site-packages/numpy/core/include/numpy/ufuncobject.h won't be automatically included in the manifest: the path must be relative
      dependency /usr/local/include/cpl_conv.h won't be automatically included in the manifest: the path must be relative
      dependency /usr/local/include/cpl_error.h won't be automatically included in the manifest: the path must be relative
      dependency /usr/local/include/cpl_progress.h won't be automatically included in the manifest: the path must be relative
      dependency /usr/local/include/cpl_string.h won't be automatically included in the manifest: the path must be relative
      dependency /usr/local/include/cpl_vsi.h won't be automatically included in the manifest: the path must be relative
      dependency /usr/local/include/gdal.h won't be automatically included in the manifest: the path must be relative
      dependency /usr/local/include/gdal_alg.h won't be automatically included in the manifest: the path must be relative
      dependency /usr/local/include/gdalwarper.h won't be automatically included in the manifest: the path must be relative
      dependency /usr/local/include/ogr_api.h won't be automatically included in the manifest: the path must be relative
      dependency /usr/local/include/ogr_core.h won't be automatically included in the manifest: the path must be relative
      dependency /usr/local/include/ogr_srs_api.h won't be automatically included in the manifest: the path must be relative
      dependency /usr/local/include/cpl_conv.h won't be automatically included in the manifest: the path must be relative
      dependency /usr/local/include/cpl_error.h won't be automatically included in the manifest: the path must be relative
      dependency /usr/local/include/cpl_progress.h won't be automatically included in the manifest: the path must be relative
      dependency /usr/local/include/cpl_string.h won't be automatically included in the manifest: the path must be relative
      dependency /usr/local/include/cpl_vsi.h won't be automatically included in the manifest: the path must be relative
      dependency /usr/local/include/gdal.h won't be automatically included in the manifest: the path must be relative
      dependency /usr/local/include/gdal_alg.h won't be automatically included in the manifest: the path must be relative
      dependency /usr/local/include/gdalwarper.h won't be automatically included in the manifest: the path must be relative
      dependency /usr/local/include/ogr_api.h won't be automatically included in the manifest: the path must be relative
      dependency /usr/local/include/ogr_core.h won't be automatically included in the manifest: the path must be relative
      dependency /usr/local/include/ogr_srs_api.h won't be automatically included in the manifest: the path must be relative
      dependency /usr/local/include/gdal.h won't be automatically included in the manifest: the path must be relative
      dependency /usr/local/include/ogr_core.h won't be automatically included in the manifest: the path must be relative
      dependency /usr/local/include/ogr_srs_api.h won't be automatically included in the manifest: the path must be relative
      dependency /usr/local/include/cpl_conv.h won't be automatically included in the manifest: the path must be relative
      dependency /usr/local/include/cpl_error.h won't be automatically included in the manifest: the path must be relative
      dependency /usr/local/include/cpl_progress.h won't be automatically included in the manifest: the path must be relative
      dependency /usr/local/include/cpl_string.h won't be automatically included in the manifest: the path must be relative
      dependency /usr/local/include/cpl_vsi.h won't be automatically included in the manifest: the path must be relative
      dependency /usr/local/include/gdal.h won't be automatically included in the manifest: the path must be relative
      dependency /usr/local/include/gdal_alg.h won't be automatically included in the manifest: the path must be relative
      dependency /usr/local/include/gdalwarper.h won't be automatically included in the manifest: the path must be relative
      dependency /usr/local/include/ogr_api.h won't be automatically included in the manifest: the path must be relative
      dependency /usr/local/include/ogr_core.h won't be automatically included in the manifest: the path must be relative
      dependency /usr/local/include/ogr_srs_api.h won't be automatically included in the manifest: the path must be relative
      dependency /tmp/pip-build-env-oa_t4o_i/overlay/lib/python3.10/site-packages/numpy/core/include/numpy/arrayobject.h won't be automatically included in the manifest: the path must be relative
      dependency /tmp/pip-build-env-oa_t4o_i/overlay/lib/python3.10/site-packages/numpy/core/include/numpy/arrayscalars.h won't be automatically included in the manifest: the path must be relative
      dependency /tmp/pip-build-env-oa_t4o_i/overlay/lib/python3.10/site-packages/numpy/core/include/numpy/ndarrayobject.h won't be automatically included in the manifest: the path must be relative
      dependency /tmp/pip-build-env-oa_t4o_i/overlay/lib/python3.10/site-packages/numpy/core/include/numpy/ndarraytypes.h won't be automatically included in the manifest: the path must be relative
      dependency /tmp/pip-build-env-oa_t4o_i/overlay/lib/python3.10/site-packages/numpy/core/include/numpy/ufuncobject.h won't be automatically included in the manifest: the path must be relative
      dependency /usr/local/include/cpl_conv.h won't be automatically included in the manifest: the path must be relative
      dependency /usr/local/include/cpl_error.h won't be automatically included in the manifest: the path must be relative
      dependency /usr/local/include/cpl_progress.h won't be automatically included in the manifest: the path must be relative
      dependency /usr/local/include/cpl_string.h won't be automatically included in the manifest: the path must be relative
      dependency /usr/local/include/cpl_vsi.h won't be automatically included in the manifest: the path must be relative
      dependency /usr/local/include/gdal.h won't be automatically included in the manifest: the path must be relative
      dependency /usr/local/include/gdal_alg.h won't be automatically included in the manifest: the path must be relative
      dependency /usr/local/include/gdalwarper.h won't be automatically included in the manifest: the path must be relative
      dependency /usr/local/include/ogr_api.h won't be automatically included in the manifest: the path must be relative
      dependency /usr/local/include/ogr_core.h won't be automatically included in the manifest: the path must be relative
      dependency /usr/local/include/ogr_srs_api.h won't be automatically included in the manifest: the path must be relative
      dependency /usr/local/include/cpl_conv.h won't be automatically included in the manifest: the path must be relative
      dependency /usr/local/include/cpl_error.h won't be automatically included in the manifest: the path must be relative
      dependency /usr/local/include/cpl_progress.h won't be automatically included in the manifest: the path must be relative
      dependency /usr/local/include/cpl_string.h won't be automatically included in the manifest: the path must be relative
      dependency /usr/local/include/cpl_vsi.h won't be automatically included in the manifest: the path must be relative
      dependency /usr/local/include/gdal.h won't be automatically included in the manifest: the path must be relative
      dependency /usr/local/include/gdal_alg.h won't be automatically included in the manifest: the path must be relative
      dependency /usr/local/include/gdalwarper.h won't be automatically included in the manifest: the path must be relative
      dependency /usr/local/include/ogr_api.h won't be automatically included in the manifest: the path must be relative
      dependency /usr/local/include/ogr_core.h won't be automatically included in the manifest: the path must be relative
      dependency /usr/local/include/ogr_srs_api.h won't be automatically included in the manifest: the path must be relative
      dependency /usr/local/include/cpl_conv.h won't be automatically included in the manifest: the path must be relative
      dependency /usr/local/include/cpl_error.h won't be automatically included in the manifest: the path must be relative
      dependency /usr/local/include/cpl_progress.h won't be automatically included in the manifest: the path must be relative
      dependency /usr/local/include/cpl_string.h won't be automatically included in the manifest: the path must be relative
      dependency /usr/local/include/cpl_vsi.h won't be automatically included in the manifest: the path must be relative
      dependency /usr/local/include/cpl_vsi_virtual.h won't be automatically included in the manifest: the path must be relative
      dependency /usr/local/include/gdal.h won't be automatically included in the manifest: the path must be relative
      dependency /usr/local/include/gdal_alg.h won't be automatically included in the manifest: the path must be relative
      dependency /usr/local/include/gdalwarper.h won't be automatically included in the manifest: the path must be relative
      dependency /usr/local/include/ogr_api.h won't be automatically included in the manifest: the path must be relative
      dependency /usr/local/include/ogr_core.h won't be automatically included in the manifest: the path must be relative
      dependency /usr/local/include/ogr_srs_api.h won't be automatically included in the manifest: the path must be relative
      reading manifest file 'rasterio.egg-info/SOURCES.txt'
      adding license file 'LICENSE.txt'
      adding license file 'AUTHORS.txt'
      writing manifest file 'rasterio.egg-info/SOURCES.txt'
      running build_ext
      building 'rasterio._base' extension
      creating build/temp.linux-x86_64-3.10
      creating build/temp.linux-x86_64-3.10/rasterio
      gcc -DNDEBUG -D_GNU_SOURCE=1 -fPIC -I/tmp/pip-build-env-oa_t4o_i/overlay/lib/python3.10/site-packages/numpy/core/include -I/usr/local/include -I/workdir/install-virtualenv/include -I/opt/graalpy/include/python3.10 -c rasterio/_base.c -o build/temp.linux-x86_64-3.10/rasterio/_base.o -Wno-unused-parameter -Wno-unused-function
      rasterio/_base.c:807:47: warning: missing terminating " character
       #define __PYX_DEFAULT_STRING_ENCODING "utf8""""
                                                     ^
      rasterio/_base.c: In function ‘__Pyx_PyUnicode_FromString’:
      rasterio/_base.c:807:47: error: missing terminating " character
       #define __PYX_DEFAULT_STRING_ENCODING "utf8""""
                                                     ^
      rasterio/_base.c:951:86: note: in expansion of macro ‘__PYX_DEFAULT_STRING_ENCODING’
       #define __Pyx_PyUnicode_FromStringAndSize(c_str, size) PyUnicode_Decode(c_str, size, __PYX_DEFAULT_STRING_ENCODING, NULL)
                                                                                            ^~~~~~~~~~~~~~~~~~~~~~~~~~~~~
      rasterio/_base.c:33847:12: note: in expansion of macro ‘__Pyx_PyUnicode_FromStringAndSize’
           return __Pyx_PyUnicode_FromStringAndSize(c_str, (Py_ssize_t)strlen(c_str));
                  ^~~~~~~~~~~~~~~~~~~~~~~~~~~~~~~~~
      error: command '/usr/bin/gcc' failed with exit code 1
      [end of output]
  
  note: This error originates from a subprocess, and is likely not a problem with pip.
  ERROR: Failed building wheel for rasterio
Failed to build rasterio
ERROR: Could not build wheels for rasterio, which is required to install pyproject.toml-based projects
