Collecting sphinx-autodoc-typehints==1.19.5
  Downloading sphinx_autodoc_typehints-1.19.5-py3-none-any.whl (12 kB)
Collecting sphinx>=5.3 (from sphinx-autodoc-typehints==1.19.5)
  Using cached sphinx-7.2.6-py3-none-any.whl.metadata (5.9 kB)
Collecting sphinxcontrib-applehelp (from sphinx>=5.3->sphinx-autodoc-typehints==1.19.5)
  Using cached sphinxcontrib_applehelp-1.0.7-py3-none-any.whl.metadata (2.2 kB)
Collecting sphinxcontrib-devhelp (from sphinx>=5.3->sphinx-autodoc-typehints==1.19.5)
  Using cached sphinxcontrib_devhelp-1.0.5-py3-none-any.whl.metadata (2.2 kB)
Collecting sphinxcontrib-jsmath (from sphinx>=5.3->sphinx-autodoc-typehints==1.19.5)
  Using cached sphinxcontrib_jsmath-1.0.1-py2.py3-none-any.whl (5.1 kB)
Collecting sphinxcontrib-htmlhelp>=2.0.0 (from sphinx>=5.3->sphinx-autodoc-typehints==1.19.5)
  Using cached sphinxcontrib_htmlhelp-2.0.4-py3-none-any.whl.metadata (2.2 kB)
Collecting sphinxcontrib-serializinghtml>=1.1.9 (from sphinx>=5.3->sphinx-autodoc-typehints==1.19.5)
  Using cached sphinxcontrib_serializinghtml-1.1.9-py3-none-any.whl.metadata (2.3 kB)
Collecting sphinxcontrib-qthelp (from sphinx>=5.3->sphinx-autodoc-typehints==1.19.5)
  Using cached sphinxcontrib_qthelp-1.0.6-py3-none-any.whl.metadata (2.2 kB)
Collecting Jinja2>=3.0 (from sphinx>=5.3->sphinx-autodoc-typehints==1.19.5)
  Using cached Jinja2-3.1.2-py3-none-any.whl (133 kB)
Collecting Pygments>=2.14 (from sphinx>=5.3->sphinx-autodoc-typehints==1.19.5)
  Using cached pygments-2.17.2-py3-none-any.whl.metadata (2.6 kB)
Collecting docutils<0.21,>=0.18.1 (from sphinx>=5.3->sphinx-autodoc-typehints==1.19.5)
  Using cached docutils-0.20.1-py3-none-any.whl.metadata (2.8 kB)
Collecting snowballstemmer>=2.0 (from sphinx>=5.3->sphinx-autodoc-typehints==1.19.5)
  Using cached snowballstemmer-2.2.0-py2.py3-none-any.whl (93 kB)
Collecting babel>=2.9 (from sphinx>=5.3->sphinx-autodoc-typehints==1.19.5)
  Using cached Babel-2.13.1-py3-none-any.whl.metadata (1.6 kB)
Collecting alabaster<0.8,>=0.7 (from sphinx>=5.3->sphinx-autodoc-typehints==1.19.5)
  Using cached alabaster-0.7.13-py3-none-any.whl (13 kB)
Collecting imagesize>=1.3 (from sphinx>=5.3->sphinx-autodoc-typehints==1.19.5)
  Using cached imagesize-1.4.1-py2.py3-none-any.whl (8.8 kB)
Collecting requests>=2.25.0 (from sphinx>=5.3->sphinx-autodoc-typehints==1.19.5)
  Using cached requests-2.31.0-py3-none-any.whl.metadata (4.6 kB)
Collecting packaging>=21.0 (from sphinx>=5.3->sphinx-autodoc-typehints==1.19.5)
  Using cached packaging-23.2-py3-none-any.whl.metadata (3.2 kB)
Collecting MarkupSafe>=2.0 (from Jinja2>=3.0->sphinx>=5.3->sphinx-autodoc-typehints==1.19.5)
  Using cached MarkupSafe-2.1.3-cp310-cp310-manylinux_2_17_x86_64.manylinux2014_x86_64.whl.metadata (3.0 kB)
Collecting charset-normalizer<4,>=2 (from requests>=2.25.0->sphinx>=5.3->sphinx-autodoc-typehints==1.19.5)
  Using cached charset_normalizer-3.3.2-cp310-cp310-manylinux_2_17_x86_64.manylinux2014_x86_64.whl.metadata (33 kB)
Collecting idna<4,>=2.5 (from requests>=2.25.0->sphinx>=5.3->sphinx-autodoc-typehints==1.19.5)
  Using cached idna-3.6-py3-none-any.whl.metadata (9.9 kB)
Collecting urllib3<3,>=1.21.1 (from requests>=2.25.0->sphinx>=5.3->sphinx-autodoc-typehints==1.19.5)
  Using cached urllib3-2.1.0-py3-none-any.whl.metadata (6.4 kB)
Collecting certifi>=2017.4.17 (from requests>=2.25.0->sphinx>=5.3->sphinx-autodoc-typehints==1.19.5)
  Using cached certifi-2023.11.17-py3-none-any.whl.metadata (2.2 kB)
Using cached sphinx-7.2.6-py3-none-any.whl (3.2 MB)
Using cached Babel-2.13.1-py3-none-any.whl (10.1 MB)
Using cached docutils-0.20.1-py3-none-any.whl (572 kB)
Using cached packaging-23.2-py3-none-any.whl (53 kB)
Using cached pygments-2.17.2-py3-none-any.whl (1.2 MB)
Using cached requests-2.31.0-py3-none-any.whl (62 kB)
Using cached sphinxcontrib_htmlhelp-2.0.4-py3-none-any.whl (99 kB)
Using cached sphinxcontrib_serializinghtml-1.1.9-py3-none-any.whl (92 kB)
Using cached sphinxcontrib_applehelp-1.0.7-py3-none-any.whl (120 kB)
Using cached sphinxcontrib_devhelp-1.0.5-py3-none-any.whl (83 kB)
Using cached sphinxcontrib_qthelp-1.0.6-py3-none-any.whl (89 kB)
Using cached certifi-2023.11.17-py3-none-any.whl (162 kB)
Using cached charset_normalizer-3.3.2-cp310-cp310-manylinux_2_17_x86_64.manylinux2014_x86_64.whl (142 kB)
Using cached idna-3.6-py3-none-any.whl (61 kB)
Using cached MarkupSafe-2.1.3-cp310-cp310-manylinux_2_17_x86_64.manylinux2014_x86_64.whl (25 kB)
Using cached urllib3-2.1.0-py3-none-any.whl (104 kB)
Installing collected packages: snowballstemmer, urllib3, sphinxcontrib-jsmath, Pygments, packaging, MarkupSafe, imagesize, idna, docutils, charset-normalizer, certifi, babel, alabaster, requests, Jinja2, sphinxcontrib-serializinghtml, sphinxcontrib-qthelp, sphinxcontrib-htmlhelp, sphinxcontrib-devhelp, sphinxcontrib-applehelp, sphinx, sphinx-autodoc-typehints
Successfully installed Jinja2-3.1.2 MarkupSafe-2.1.3 Pygments-2.17.2 alabaster-0.7.13 babel-2.13.1 certifi-2023.11.17 charset-normalizer-3.3.2 docutils-0.20.1 idna-3.6 imagesize-1.4.1 packaging-23.2 requests-2.31.0 snowballstemmer-2.2.0 sphinx-7.2.6 sphinx-autodoc-typehints-1.19.5 sphinxcontrib-applehelp-1.0.7 sphinxcontrib-devhelp-1.0.5 sphinxcontrib-htmlhelp-2.0.4 sphinxcontrib-jsmath-1.0.1 sphinxcontrib-qthelp-1.0.6 sphinxcontrib-serializinghtml-1.1.9 urllib3-2.1.0
