Collecting tox==3.27.1
  Downloading tox-3.27.1-py2.py3-none-any.whl (86 kB)
     ━━━━━━━━━━━━━━━━━━━━━━━━━━━━━━━━━━━━━━━━ 86.7/86.7 kB 3.0 MB/s eta 0:00:00
Collecting filelock>=3.0.0 (from tox==3.27.1)
  Using cached filelock-3.13.1-py3-none-any.whl.metadata (2.8 kB)
Collecting packaging>=14 (from tox==3.27.1)
  Using cached packaging-23.2-py3-none-any.whl.metadata (3.2 kB)
Collecting pluggy>=0.12.0 (from tox==3.27.1)
  Using cached pluggy-1.3.0-py3-none-any.whl.metadata (4.3 kB)
Collecting py>=1.4.17 (from tox==3.27.1)
  Using cached py-1.11.0-py2.py3-none-any.whl (98 kB)
Collecting six>=1.14.0 (from tox==3.27.1)
  Using cached six-1.16.0-py2.py3-none-any.whl (11 kB)
Collecting virtualenv!=20.0.0,!=20.0.1,!=20.0.2,!=20.0.3,!=20.0.4,!=20.0.5,!=20.0.6,!=20.0.7,>=16.0.0 (from tox==3.27.1)
  Using cached virtualenv-20.24.7-py3-none-any.whl.metadata (4.5 kB)
Collecting tomli>=2.0.1 (from tox==3.27.1)
  Using cached tomli-2.0.1-py3-none-any.whl (12 kB)
Collecting distlib<1,>=0.3.7 (from virtualenv!=20.0.0,!=20.0.1,!=20.0.2,!=20.0.3,!=20.0.4,!=20.0.5,!=20.0.6,!=20.0.7,>=16.0.0->tox==3.27.1)
  Using cached distlib-0.3.7-py2.py3-none-any.whl.metadata (5.1 kB)
Collecting platformdirs<5,>=3.9.1 (from virtualenv!=20.0.0,!=20.0.1,!=20.0.2,!=20.0.3,!=20.0.4,!=20.0.5,!=20.0.6,!=20.0.7,>=16.0.0->tox==3.27.1)
  Using cached platformdirs-4.0.0-py3-none-any.whl.metadata (11 kB)
Using cached filelock-3.13.1-py3-none-any.whl (11 kB)
Using cached packaging-23.2-py3-none-any.whl (53 kB)
Using cached pluggy-1.3.0-py3-none-any.whl (18 kB)
Using cached virtualenv-20.24.7-py3-none-any.whl (3.8 MB)
Using cached distlib-0.3.7-py2.py3-none-any.whl (468 kB)
Using cached platformdirs-4.0.0-py3-none-any.whl (17 kB)
Installing collected packages: distlib, tomli, six, py, pluggy, platformdirs, packaging, filelock, virtualenv, tox
Successfully installed distlib-0.3.7 filelock-3.13.1 packaging-23.2 platformdirs-4.0.0 pluggy-1.3.0 py-1.11.0 six-1.16.0 tomli-2.0.1 tox-3.27.1 virtualenv-20.24.7
