Collecting tox==3.27.1
  Downloading tox-3.27.1-py2.py3-none-any.whl (86 kB)
     ━━━━━━━━━━━━━━━━━━━━━━━━━━━━━━━━━━━━━━━━ 86.7/86.7 kB 1.7 MB/s eta 0:00:00
Collecting filelock>=3.0.0
  Using cached filelock-3.13.1-py3-none-any.whl (11 kB)
Collecting packaging>=14
  Using cached packaging-23.2-py3-none-any.whl (53 kB)
Collecting pluggy>=0.12.0
  Using cached pluggy-1.3.0-py3-none-any.whl (18 kB)
Collecting py>=1.4.17
  Using cached py-1.11.0-py2.py3-none-any.whl (98 kB)
Collecting six>=1.14.0
  Using cached six-1.16.0-py2.py3-none-any.whl (11 kB)
Collecting virtualenv!=20.0.0,!=20.0.1,!=20.0.2,!=20.0.3,!=20.0.4,!=20.0.5,!=20.0.6,!=20.0.7,>=16.0.0
  Using cached virtualenv-20.24.7-py3-none-any.whl (3.8 MB)
Collecting tomli>=2.0.1
  Using cached tomli-2.0.1-py3-none-any.whl (12 kB)
Collecting distlib<1,>=0.3.7
  Using cached distlib-0.3.7-py2.py3-none-any.whl (468 kB)
Collecting platformdirs<5,>=3.9.1
  Using cached platformdirs-4.0.0-py3-none-any.whl (17 kB)
Installing collected packages: distlib, tomli, six, py, pluggy, platformdirs, packaging, filelock, virtualenv, tox
Looking for GraalPy patches for distlib
Looking for GraalPy patches for tomli
Looking for GraalPy patches for six
Looking for GraalPy patches for py
Looking for GraalPy patches for pluggy
Looking for GraalPy patches for platformdirs
Looking for GraalPy patches for packaging
Patching package packaging using /opt/graalpy/lib/graalpy23.1/patches/packaging/packaging.patch
patching file packaging/tags.py
Hunk #1 FAILED at 4.
Hunk #2 FAILED at 37.
2 out of 2 hunks FAILED -- saving rejects to file packaging/tags.py.rej
Applying GraalPy patch failed for packaging. The package may still work.
Looking for GraalPy patches for filelock
Looking for GraalPy patches for virtualenv
Looking for GraalPy patches for tox
Successfully installed distlib-0.3.7 filelock-3.13.1 packaging-23.2 platformdirs-4.0.0 pluggy-1.3.0 py-1.11.0 six-1.16.0 tomli-2.0.1 tox-3.27.1 virtualenv-20.24.7
