Collecting aiohttp_cors==0.7.0
  Downloading aiohttp_cors-0.7.0-py3-none-any.whl (27 kB)
Collecting aiohttp>=1.1 (from aiohttp_cors==0.7.0)
  Downloading aiohttp-3.9.0-cp310-cp310-manylinux_2_17_x86_64.manylinux2014_x86_64.whl.metadata (7.4 kB)
Collecting attrs>=17.3.0 (from aiohttp>=1.1->aiohttp_cors==0.7.0)
  Using cached attrs-23.1.0-py3-none-any.whl (61 kB)
Collecting multidict<7.0,>=4.5 (from aiohttp>=1.1->aiohttp_cors==0.7.0)
  Using cached multidict-6.0.4-cp310-cp310-manylinux_2_17_x86_64.manylinux2014_x86_64.whl (114 kB)
Collecting yarl<2.0,>=1.0 (from aiohttp>=1.1->aiohttp_cors==0.7.0)
  Using cached yarl-1.9.2-cp310-cp310-manylinux_2_17_x86_64.manylinux2014_x86_64.whl (268 kB)
Collecting frozenlist>=1.1.1 (from aiohttp>=1.1->aiohttp_cors==0.7.0)
  Using cached frozenlist-1.4.0-cp310-cp310-manylinux_2_5_x86_64.manylinux1_x86_64.manylinux_2_17_x86_64.manylinux2014_x86_64.whl.metadata (5.2 kB)
Collecting aiosignal>=1.1.2 (from aiohttp>=1.1->aiohttp_cors==0.7.0)
  Using cached aiosignal-1.3.1-py3-none-any.whl (7.6 kB)
Collecting async-timeout<5.0,>=4.0 (from aiohttp>=1.1->aiohttp_cors==0.7.0)
  Using cached async_timeout-4.0.3-py3-none-any.whl.metadata (4.2 kB)
Collecting idna>=2.0 (from yarl<2.0,>=1.0->aiohttp>=1.1->aiohttp_cors==0.7.0)
  Using cached idna-3.4-py3-none-any.whl (61 kB)
Downloading aiohttp-3.9.0-cp310-cp310-manylinux_2_17_x86_64.manylinux2014_x86_64.whl (1.2 MB)
   ━━━━━━━━━━━━━━━━━━━━━━━━━━━━━━━━━━━━━━━━ 1.2/1.2 MB 12.8 MB/s eta 0:00:00
Using cached async_timeout-4.0.3-py3-none-any.whl (5.7 kB)
Using cached frozenlist-1.4.0-cp310-cp310-manylinux_2_5_x86_64.manylinux1_x86_64.manylinux_2_17_x86_64.manylinux2014_x86_64.whl (225 kB)
Installing collected packages: multidict, idna, frozenlist, attrs, async-timeout, yarl, aiosignal, aiohttp, aiohttp_cors
Successfully installed aiohttp-3.9.0 aiohttp_cors-0.7.0 aiosignal-1.3.1 async-timeout-4.0.3 attrs-23.1.0 frozenlist-1.4.0 idna-3.4 multidict-6.0.4 yarl-1.9.2
Collecting aiohttp_cors==0.7.0
  Using cached aiohttp_cors-0.7.0-py3-none-any.whl (27 kB)
Collecting aiohttp>=1.1 (from aiohttp_cors==0.7.0)
  Using cached aiohttp-3.9.0-cp310-cp310-manylinux_2_17_x86_64.manylinux2014_x86_64.whl.metadata (7.4 kB)
Collecting attrs>=17.3.0 (from aiohttp>=1.1->aiohttp_cors==0.7.0)
  Using cached attrs-23.1.0-py3-none-any.whl (61 kB)
Collecting multidict<7.0,>=4.5 (from aiohttp>=1.1->aiohttp_cors==0.7.0)
  Using cached multidict-6.0.4-cp310-cp310-manylinux_2_17_x86_64.manylinux2014_x86_64.whl (114 kB)
Collecting yarl<2.0,>=1.0 (from aiohttp>=1.1->aiohttp_cors==0.7.0)
  Using cached yarl-1.9.2-cp310-cp310-manylinux_2_17_x86_64.manylinux2014_x86_64.whl (268 kB)
Collecting frozenlist>=1.1.1 (from aiohttp>=1.1->aiohttp_cors==0.7.0)
  Using cached frozenlist-1.4.0-cp310-cp310-manylinux_2_5_x86_64.manylinux1_x86_64.manylinux_2_17_x86_64.manylinux2014_x86_64.whl.metadata (5.2 kB)
Collecting aiosignal>=1.1.2 (from aiohttp>=1.1->aiohttp_cors==0.7.0)
  Using cached aiosignal-1.3.1-py3-none-any.whl (7.6 kB)
Collecting async-timeout<5.0,>=4.0 (from aiohttp>=1.1->aiohttp_cors==0.7.0)
  Using cached async_timeout-4.0.3-py3-none-any.whl.metadata (4.2 kB)
Collecting idna>=2.0 (from yarl<2.0,>=1.0->aiohttp>=1.1->aiohttp_cors==0.7.0)
  Using cached idna-3.4-py3-none-any.whl (61 kB)
Using cached aiohttp-3.9.0-cp310-cp310-manylinux_2_17_x86_64.manylinux2014_x86_64.whl (1.2 MB)
Using cached async_timeout-4.0.3-py3-none-any.whl (5.7 kB)
Using cached frozenlist-1.4.0-cp310-cp310-manylinux_2_5_x86_64.manylinux1_x86_64.manylinux_2_17_x86_64.manylinux2014_x86_64.whl (225 kB)
Installing collected packages: multidict, idna, frozenlist, attrs, async-timeout, yarl, aiosignal, aiohttp, aiohttp_cors
Successfully installed aiohttp-3.9.0 aiohttp_cors-0.7.0 aiosignal-1.3.1 async-timeout-4.0.3 attrs-23.1.0 frozenlist-1.4.0 idna-3.4 multidict-6.0.4 yarl-1.9.2
