Collecting aiohttp_cors==0.7.0
  Downloading aiohttp_cors-0.7.0-py3-none-any.whl (27 kB)
Collecting aiohttp>=1.1
  Downloading aiohttp-3.9.0.tar.gz (7.5 MB)
     ━━━━━━━━━━━━━━━━━━━━━━━━━━━━━━━━━━━━━━━━ 7.5/7.5 MB 2.5 MB/s eta 0:00:00
auto-patching C API usages in /tmp/pip-install-f36tetsy/aiohttp_d5d7434cbc424ab58722bcc7728df746/aiohttp/_websocket.c
auto-patching C API usages in /tmp/pip-install-f36tetsy/aiohttp_d5d7434cbc424ab58722bcc7728df746/aiohttp/_http_writer.c
auto-patching C API usages in /tmp/pip-install-f36tetsy/aiohttp_d5d7434cbc424ab58722bcc7728df746/aiohttp/_helpers.c
auto-patching C API usages in /tmp/pip-install-f36tetsy/aiohttp_d5d7434cbc424ab58722bcc7728df746/aiohttp/_http_parser.c
Looking for GraalPy patches for aiohttp
  Installing build dependencies: started
  Installing build dependencies: finished with status 'done'
  Getting requirements to build wheel: started
  Getting requirements to build wheel: finished with status 'done'
  Installing backend dependencies: started
  Installing backend dependencies: finished with status 'done'
  Preparing metadata (pyproject.toml): started
  Preparing metadata (pyproject.toml): finished with status 'done'
Collecting attrs>=17.3.0
  Using cached attrs-23.1.0-py3-none-any.whl (61 kB)
Collecting multidict<7.0,>=4.5
  Using cached multidict-6.0.4-py3-none-any.whl
Collecting yarl<2.0,>=1.0
  Using cached yarl-1.9.2-py3-none-any.whl
Collecting frozenlist>=1.1.1
  Using cached frozenlist-1.4.0-py3-none-any.whl
Collecting aiosignal>=1.1.2
  Using cached aiosignal-1.3.1-py3-none-any.whl (7.6 kB)
Collecting async-timeout<5.0,>=4.0
  Using cached async_timeout-4.0.3-py3-none-any.whl (5.7 kB)
Collecting idna>=2.0
  Using cached idna-3.4-py3-none-any.whl (61 kB)
Building wheels for collected packages: aiohttp
  Building wheel for aiohttp (pyproject.toml): started
  Building wheel for aiohttp (pyproject.toml): finished with status 'done'
  Created wheel for aiohttp: filename=aiohttp-3.9.0-py3-none-any.whl size=190021 sha256=797fba2ba6a8cc00519adbcc4b4d389589dbad8f5126d141fa8de853f6b1c146
  Stored in directory: /workdir/.cache/pip-graalpy/wheels/d7/2f/63/1455855718dfc872f88136059a81e6b13c63ce8f7d152b3873
Successfully built aiohttp
Installing collected packages: multidict, idna, frozenlist, attrs, async-timeout, yarl, aiosignal, aiohttp, aiohttp_cors
Looking for GraalPy patches for multidict
Looking for GraalPy patches for idna
Looking for GraalPy patches for frozenlist
Looking for GraalPy patches for attrs
Looking for GraalPy patches for async_timeout
Looking for GraalPy patches for yarl
Looking for GraalPy patches for aiosignal
Looking for GraalPy patches for aiohttp
Looking for GraalPy patches for aiohttp_cors
Successfully installed aiohttp-3.9.0 aiohttp_cors-0.7.0 aiosignal-1.3.1 async-timeout-4.0.3 attrs-23.1.0 frozenlist-1.4.0 idna-3.4 multidict-6.0.4 yarl-1.9.2
Collecting aiohttp_cors==0.7.0
  Using cached aiohttp_cors-0.7.0-py3-none-any.whl (27 kB)
Collecting aiohttp>=1.1
  Using cached aiohttp-3.9.0-py3-none-any.whl
Collecting attrs>=17.3.0
  Using cached attrs-23.1.0-py3-none-any.whl (61 kB)
Collecting multidict<7.0,>=4.5
  Using cached multidict-6.0.4-py3-none-any.whl
Collecting yarl<2.0,>=1.0
  Using cached yarl-1.9.2-py3-none-any.whl
Collecting frozenlist>=1.1.1
  Using cached frozenlist-1.4.0-py3-none-any.whl
Collecting aiosignal>=1.1.2
  Using cached aiosignal-1.3.1-py3-none-any.whl (7.6 kB)
Collecting async-timeout<5.0,>=4.0
  Using cached async_timeout-4.0.3-py3-none-any.whl (5.7 kB)
Collecting idna>=2.0
  Using cached idna-3.4-py3-none-any.whl (61 kB)
Installing collected packages: multidict, idna, frozenlist, attrs, async-timeout, yarl, aiosignal, aiohttp, aiohttp_cors
Looking for GraalPy patches for multidict
Looking for GraalPy patches for idna
Looking for GraalPy patches for frozenlist
Looking for GraalPy patches for attrs
Looking for GraalPy patches for async_timeout
Looking for GraalPy patches for yarl
Looking for GraalPy patches for aiosignal
Looking for GraalPy patches for aiohttp
Looking for GraalPy patches for aiohttp_cors
Successfully installed aiohttp-3.9.0 aiohttp_cors-0.7.0 aiosignal-1.3.1 async-timeout-4.0.3 attrs-23.1.0 frozenlist-1.4.0 idna-3.4 multidict-6.0.4 yarl-1.9.2
