Collecting nox==2022.11.21
  Downloading nox-2022.11.21-py3-none-any.whl (53 kB)
     ━━━━━━━━━━━━━━━━━━━━━━━━━━━━━━━━━━━━━━━━ 53.4/53.4 kB 1.1 MB/s eta 0:00:00
Collecting argcomplete<3.0,>=1.9.4 (from nox==2022.11.21)
  Downloading argcomplete-2.1.2-py3-none-any.whl (37 kB)
Collecting colorlog<7.0.0,>=2.6.1 (from nox==2022.11.21)
  Using cached colorlog-6.7.0-py2.py3-none-any.whl (11 kB)
Collecting packaging>=20.9 (from nox==2022.11.21)
  Using cached packaging-23.2-py3-none-any.whl.metadata (3.2 kB)
Collecting virtualenv>=14 (from nox==2022.11.21)
  Using cached virtualenv-20.24.7-py3-none-any.whl.metadata (4.5 kB)
Collecting distlib<1,>=0.3.7 (from virtualenv>=14->nox==2022.11.21)
  Using cached distlib-0.3.7-py2.py3-none-any.whl.metadata (5.1 kB)
Collecting filelock<4,>=3.12.2 (from virtualenv>=14->nox==2022.11.21)
  Using cached filelock-3.13.1-py3-none-any.whl.metadata (2.8 kB)
Collecting platformdirs<5,>=3.9.1 (from virtualenv>=14->nox==2022.11.21)
  Using cached platformdirs-4.0.0-py3-none-any.whl.metadata (11 kB)
Using cached packaging-23.2-py3-none-any.whl (53 kB)
Using cached virtualenv-20.24.7-py3-none-any.whl (3.8 MB)
Using cached distlib-0.3.7-py2.py3-none-any.whl (468 kB)
Using cached filelock-3.13.1-py3-none-any.whl (11 kB)
Using cached platformdirs-4.0.0-py3-none-any.whl (17 kB)
Installing collected packages: distlib, platformdirs, packaging, filelock, colorlog, argcomplete, virtualenv, nox
Successfully installed argcomplete-2.1.2 colorlog-6.7.0 distlib-0.3.7 filelock-3.13.1 nox-2022.11.21 packaging-23.2 platformdirs-4.0.0 virtualenv-20.24.7
