Collecting nox==2022.11.21
  Downloading nox-2022.11.21-py3-none-any.whl (53 kB)
     ━━━━━━━━━━━━━━━━━━━━━━━━━━━━━━━━━━━━━━━ 53.4/53.4 kB 395.6 kB/s eta 0:00:00
Collecting argcomplete<3.0,>=1.9.4
  Downloading argcomplete-2.1.2-py3-none-any.whl (37 kB)
Collecting colorlog<7.0.0,>=2.6.1
  Using cached colorlog-6.7.0-py2.py3-none-any.whl (11 kB)
Collecting packaging>=20.9
  Using cached packaging-23.2-py3-none-any.whl (53 kB)
Collecting virtualenv>=14
  Using cached virtualenv-20.24.7-py3-none-any.whl (3.8 MB)
Collecting distlib<1,>=0.3.7
  Using cached distlib-0.3.7-py2.py3-none-any.whl (468 kB)
Collecting filelock<4,>=3.12.2
  Using cached filelock-3.13.1-py3-none-any.whl (11 kB)
Collecting platformdirs<5,>=3.9.1
  Using cached platformdirs-4.0.0-py3-none-any.whl (17 kB)
Installing collected packages: distlib, platformdirs, packaging, filelock, colorlog, argcomplete, virtualenv, nox
Looking for GraalPy patches for distlib
Looking for GraalPy patches for platformdirs
Looking for GraalPy patches for packaging
Patching package packaging using /opt/graalpy/lib/graalpy23.1/patches/packaging/packaging.patch
patching file packaging/tags.py
Hunk #1 FAILED at 4.
Hunk #2 FAILED at 37.
2 out of 2 hunks FAILED -- saving rejects to file packaging/tags.py.rej
Applying GraalPy patch failed for packaging. The package may still work.
Looking for GraalPy patches for filelock
Looking for GraalPy patches for colorlog
Looking for GraalPy patches for argcomplete
Looking for GraalPy patches for virtualenv
Looking for GraalPy patches for nox
Successfully installed argcomplete-2.1.2 colorlog-6.7.0 distlib-0.3.7 filelock-3.13.1 nox-2022.11.21 packaging-23.2 platformdirs-4.0.0 virtualenv-20.24.7
