Collecting httpx==0.23.1
  Downloading httpx-0.23.1-py3-none-any.whl (84 kB)
     ━━━━━━━━━━━━━━━━━━━━━━━━━━━━━━━━━━━━━━━━ 85.0/85.0 kB 2.7 MB/s eta 0:00:00
Collecting certifi (from httpx==0.23.1)
  Using cached certifi-2023.11.17-py3-none-any.whl.metadata (2.2 kB)
Collecting httpcore<0.17.0,>=0.15.0 (from httpx==0.23.1)
  Downloading httpcore-0.16.3-py3-none-any.whl (69 kB)
     ━━━━━━━━━━━━━━━━━━━━━━━━━━━━━━━━━━━━━━━━ 69.6/69.6 kB 7.5 MB/s eta 0:00:00
Collecting rfc3986<2,>=1.3 (from rfc3986[idna2008]<2,>=1.3->httpx==0.23.1)
  Downloading rfc3986-1.5.0-py2.py3-none-any.whl (31 kB)
Collecting sniffio (from httpx==0.23.1)
  Downloading sniffio-1.3.0-py3-none-any.whl (10 kB)
Collecting h11<0.15,>=0.13 (from httpcore<0.17.0,>=0.15.0->httpx==0.23.1)
  Using cached h11-0.14.0-py3-none-any.whl (58 kB)
Collecting anyio<5.0,>=3.0 (from httpcore<0.17.0,>=0.15.0->httpx==0.23.1)
  Downloading anyio-4.0.0-py3-none-any.whl.metadata (4.5 kB)
Collecting idna (from rfc3986[idna2008]<2,>=1.3->httpx==0.23.1)
  Using cached idna-3.4-py3-none-any.whl (61 kB)
Collecting exceptiongroup>=1.0.2 (from anyio<5.0,>=3.0->httpcore<0.17.0,>=0.15.0->httpx==0.23.1)
  Using cached exceptiongroup-1.2.0-py3-none-any.whl.metadata (6.6 kB)
Using cached certifi-2023.11.17-py3-none-any.whl (162 kB)
Downloading anyio-4.0.0-py3-none-any.whl (83 kB)
   ━━━━━━━━━━━━━━━━━━━━━━━━━━━━━━━━━━━━━━━━ 83.1/83.1 kB 4.8 MB/s eta 0:00:00
Using cached exceptiongroup-1.2.0-py3-none-any.whl (16 kB)
Installing collected packages: rfc3986, sniffio, idna, h11, exceptiongroup, certifi, anyio, httpcore, httpx
Successfully installed anyio-4.0.0 certifi-2023.11.17 exceptiongroup-1.2.0 h11-0.14.0 httpcore-0.16.3 httpx-0.23.1 idna-3.4 rfc3986-1.5.0 sniffio-1.3.0
