Collecting httpx==0.23.1
  Downloading httpx-0.23.1-py3-none-any.whl (84 kB)
     ━━━━━━━━━━━━━━━━━━━━━━━━━━━━━━━━━━━━━━━━ 85.0/85.0 kB 2.4 MB/s eta 0:00:00
Collecting certifi
  Using cached certifi-2023.11.17-py3-none-any.whl (162 kB)
Collecting httpcore<0.17.0,>=0.15.0
  Downloading httpcore-0.16.3-py3-none-any.whl (69 kB)
     ━━━━━━━━━━━━━━━━━━━━━━━━━━━━━━━━━━━━━━━━ 69.6/69.6 kB 2.8 MB/s eta 0:00:00
Collecting rfc3986[idna2008]<2,>=1.3
  Downloading rfc3986-1.5.0-py2.py3-none-any.whl (31 kB)
Collecting sniffio
  Downloading sniffio-1.3.0-py3-none-any.whl (10 kB)
Collecting h11<0.15,>=0.13
  Using cached h11-0.14.0-py3-none-any.whl (58 kB)
Collecting anyio<5.0,>=3.0
  Downloading anyio-4.0.0-py3-none-any.whl (83 kB)
     ━━━━━━━━━━━━━━━━━━━━━━━━━━━━━━━━━━━━━━━━ 83.1/83.1 kB 2.9 MB/s eta 0:00:00
Collecting idna
  Using cached idna-3.4-py3-none-any.whl (61 kB)
Collecting exceptiongroup>=1.0.2
  Using cached exceptiongroup-1.2.0-py3-none-any.whl (16 kB)
Installing collected packages: rfc3986, sniffio, idna, h11, exceptiongroup, certifi, anyio, httpcore, httpx
Looking for GraalPy patches for rfc3986
Looking for GraalPy patches for sniffio
Looking for GraalPy patches for idna
Looking for GraalPy patches for h11
Looking for GraalPy patches for exceptiongroup
Looking for GraalPy patches for certifi
Looking for GraalPy patches for anyio
Looking for GraalPy patches for httpcore
Looking for GraalPy patches for httpx
Successfully installed anyio-4.0.0 certifi-2023.11.17 exceptiongroup-1.2.0 h11-0.14.0 httpcore-0.16.3 httpx-0.23.1 idna-3.4 rfc3986-1.5.0 sniffio-1.3.0
