Collecting pyramid==2.0
  Downloading pyramid-2.0-py3-none-any.whl (246 kB)
     ━━━━━━━━━━━━━━━━━━━━━━━━━━━━━━━━━━━━━━━ 246.6/246.6 kB 4.1 MB/s eta 0:00:00
Collecting hupper>=1.5 (from pyramid==2.0)
  Downloading hupper-1.12-py3-none-any.whl (22 kB)
Collecting plaster (from pyramid==2.0)
  Downloading plaster-1.1.2-py2.py3-none-any.whl (11 kB)
Collecting plaster-pastedeploy (from pyramid==2.0)
  Downloading plaster_pastedeploy-1.0.1-py2.py3-none-any.whl (7.8 kB)
Requirement already satisfied: setuptools in ./install-virtualenv/lib/python3.10/site-packages (from pyramid==2.0) (68.2.2)
Collecting translationstring>=0.4 (from pyramid==2.0)
  Downloading translationstring-1.4-py2.py3-none-any.whl (15 kB)
Collecting venusian>=1.0 (from pyramid==2.0)
  Downloading venusian-3.1.0-py3-none-any.whl.metadata (10 kB)
Collecting webob>=1.8.3 (from pyramid==2.0)
  Downloading WebOb-1.8.7-py2.py3-none-any.whl (114 kB)
     ━━━━━━━━━━━━━━━━━━━━━━━━━━━━━━━━━━━━━━━ 115.0/115.0 kB 4.6 MB/s eta 0:00:00
Collecting zope.deprecation>=3.5.0 (from pyramid==2.0)
  Downloading zope.deprecation-5.0-py3-none-any.whl (10 kB)
Collecting zope.interface>=3.8.0 (from pyramid==2.0)
  Downloading zope.interface-6.1-cp310-cp310-manylinux_2_5_x86_64.manylinux1_x86_64.manylinux_2_17_x86_64.manylinux2014_x86_64.whl.metadata (41 kB)
     ━━━━━━━━━━━━━━━━━━━━━━━━━━━━━━━━━━━━━━━━ 41.7/41.7 kB 1.6 MB/s eta 0:00:00
Collecting PasteDeploy>=2.0 (from plaster-pastedeploy->pyramid==2.0)
  Downloading PasteDeploy-3.1.0-py3-none-any.whl.metadata (2.7 kB)
Downloading venusian-3.1.0-py3-none-any.whl (13 kB)
Downloading zope.interface-6.1-cp310-cp310-manylinux_2_5_x86_64.manylinux1_x86_64.manylinux_2_17_x86_64.manylinux2014_x86_64.whl (247 kB)
   ━━━━━━━━━━━━━━━━━━━━━━━━━━━━━━━━━━━━━━━━ 247.1/247.1 kB 8.0 MB/s eta 0:00:00
Downloading PasteDeploy-3.1.0-py3-none-any.whl (16 kB)
Installing collected packages: translationstring, zope.interface, zope.deprecation, webob, venusian, plaster, PasteDeploy, hupper, plaster-pastedeploy, pyramid
Successfully installed PasteDeploy-3.1.0 hupper-1.12 plaster-1.1.2 plaster-pastedeploy-1.0.1 pyramid-2.0 translationstring-1.4 venusian-3.1.0 webob-1.8.7 zope.deprecation-5.0 zope.interface-6.1
