Collecting pyramid==2.0
  Downloading pyramid-2.0-py3-none-any.whl (246 kB)
     ━━━━━━━━━━━━━━━━━━━━━━━━━━━━━━━━━━━━━━━ 246.6/246.6 kB 1.3 MB/s eta 0:00:00
Collecting hupper>=1.5
  Downloading hupper-1.12-py3-none-any.whl (22 kB)
Collecting plaster
  Downloading plaster-1.1.2-py2.py3-none-any.whl (11 kB)
Collecting plaster-pastedeploy
  Downloading plaster_pastedeploy-1.0.1-py2.py3-none-any.whl (7.8 kB)
Requirement already satisfied: setuptools in ./install-virtualenv/lib/python3.10/site-packages (from pyramid==2.0) (63.2.0)
Collecting translationstring>=0.4
  Downloading translationstring-1.4-py2.py3-none-any.whl (15 kB)
Collecting venusian>=1.0
  Downloading venusian-3.1.0-py3-none-any.whl (13 kB)
Collecting webob>=1.8.3
  Downloading WebOb-1.8.7-py2.py3-none-any.whl (114 kB)
     ━━━━━━━━━━━━━━━━━━━━━━━━━━━━━━━━━━━━━━━ 115.0/115.0 kB 1.8 MB/s eta 0:00:00
Collecting zope.deprecation>=3.5.0
  Downloading zope.deprecation-5.0-py3-none-any.whl (10 kB)
Collecting zope.interface>=3.8.0
  Downloading zope.interface-6.1.tar.gz (293 kB)
     ━━━━━━━━━━━━━━━━━━━━━━━━━━━━━━━━━━━━━━━ 293.9/293.9 kB 2.8 MB/s eta 0:00:00
auto-patching C API usages in /tmp/pip-install-0d0ilvxm/zope-interface_33210f33b41541c6a73ef0217e8b3945/src/zope/interface/_zope_interface_coptimizations.c
Looking for GraalPy patches for zope.interface
  Preparing metadata (setup.py): started
  Preparing metadata (setup.py): finished with status 'done'
Collecting PasteDeploy>=2.0
  Downloading PasteDeploy-3.1.0-py3-none-any.whl (16 kB)
Building wheels for collected packages: zope.interface
  Building wheel for zope.interface (setup.py): started
  Building wheel for zope.interface (setup.py): finished with status 'done'
  Created wheel for zope.interface: filename=zope.interface-6.1-graalpy310-graalpy231_310_native-linux_x86_64.whl size=205218 sha256=d23c378a4f93ef62465c874598ed24cc8eb4cf5abf2c15786d7faa9ac204d41d
  Stored in directory: /workdir/.cache/pip-graalpy/wheels/7c/f6/66/4100b58933ba1252d08fe8ad89e7d97255b4ec5326c05bb1af
Successfully built zope.interface
Installing collected packages: translationstring, zope.interface, zope.deprecation, webob, venusian, plaster, PasteDeploy, hupper, plaster-pastedeploy, pyramid
Looking for GraalPy patches for translationstring
Looking for GraalPy patches for zope.interface
Looking for GraalPy patches for zope.deprecation
Looking for GraalPy patches for WebOb
Looking for GraalPy patches for venusian
Looking for GraalPy patches for plaster
Looking for GraalPy patches for PasteDeploy
Looking for GraalPy patches for hupper
Looking for GraalPy patches for plaster_pastedeploy
Looking for GraalPy patches for pyramid
Successfully installed PasteDeploy-3.1.0 hupper-1.12 plaster-1.1.2 plaster-pastedeploy-1.0.1 pyramid-2.0 translationstring-1.4 venusian-3.1.0 webob-1.8.7 zope.deprecation-5.0 zope.interface-6.1
