Collecting fire==0.4.0
  Downloading fire-0.4.0.tar.gz (87 kB)
     ━━━━━━━━━━━━━━━━━━━━━━━━━━━━━━━━━━━━━━━━ 87.7/87.7 kB 3.2 MB/s eta 0:00:00
Looking for GraalPy patches for fire
  Preparing metadata (setup.py): started
  Preparing metadata (setup.py): finished with status 'done'
Collecting six
  Using cached six-1.16.0-py2.py3-none-any.whl (11 kB)
Collecting termcolor
  Downloading termcolor-2.3.0-py3-none-any.whl (6.9 kB)
Building wheels for collected packages: fire
  Building wheel for fire (setup.py): started
  Building wheel for fire (setup.py): finished with status 'done'
  Created wheel for fire: filename=fire-0.4.0-py2.py3-none-any.whl size=115938 sha256=8e32259e51e45fde5ce82072eb85003b2c58581f6573bbc83ab63274a08f971f
  Stored in directory: /workdir/.cache/pip-graalpy/wheels/c9/71/67/efa9ea96811acb8a4d02ec04e2130f83c9817bf99a90888ec4
Successfully built fire
Installing collected packages: termcolor, six, fire
Looking for GraalPy patches for termcolor
Looking for GraalPy patches for six
Looking for GraalPy patches for fire
Successfully installed fire-0.4.0 six-1.16.0 termcolor-2.3.0
