Collecting oslo.utils==6.1.0
  Downloading oslo.utils-6.1.0-py3-none-any.whl (100 kB)
     ━━━━━━━━━━━━━━━━━━━━━━━━━━━━━━━━━━━━━━━ 100.5/100.5 kB 3.4 MB/s eta 0:00:00
Collecting debtcollector>=1.2.0 (from oslo.utils==6.1.0)
  Using cached debtcollector-2.5.0-py3-none-any.whl (23 kB)
Collecting iso8601>=0.1.11 (from oslo.utils==6.1.0)
  Using cached iso8601-2.1.0-py3-none-any.whl.metadata (3.7 kB)
Collecting netaddr>=0.7.18 (from oslo.utils==6.1.0)
  Using cached netaddr-0.9.0-py3-none-any.whl.metadata (5.1 kB)
Collecting netifaces>=0.10.4 (from oslo.utils==6.1.0)
  Using cached netifaces-0.11.0-cp310-cp310-linux_x86_64.whl
Collecting oslo.i18n>=3.15.3 (from oslo.utils==6.1.0)
  Using cached oslo.i18n-6.2.0-py3-none-any.whl.metadata (2.0 kB)
Collecting packaging>=20.4 (from oslo.utils==6.1.0)
  Using cached packaging-23.2-py3-none-any.whl.metadata (3.2 kB)
Collecting pyparsing>=2.1.0 (from oslo.utils==6.1.0)
  Using cached pyparsing-3.1.1-py3-none-any.whl.metadata (5.1 kB)
Collecting pytz>=2013.6 (from oslo.utils==6.1.0)
  Using cached pytz-2023.3.post1-py2.py3-none-any.whl.metadata (22 kB)
Collecting wrapt>=1.7.0 (from debtcollector>=1.2.0->oslo.utils==6.1.0)
  Using cached wrapt-1.16.0-cp310-cp310-manylinux_2_5_x86_64.manylinux1_x86_64.manylinux_2_17_x86_64.manylinux2014_x86_64.whl.metadata (6.6 kB)
Collecting pbr!=2.1.0,>=2.0.0 (from oslo.i18n>=3.15.3->oslo.utils==6.1.0)
  Using cached pbr-6.0.0-py2.py3-none-any.whl.metadata (1.3 kB)
Using cached iso8601-2.1.0-py3-none-any.whl (7.5 kB)
Using cached netaddr-0.9.0-py3-none-any.whl (2.2 MB)
Using cached oslo.i18n-6.2.0-py3-none-any.whl (46 kB)
Using cached packaging-23.2-py3-none-any.whl (53 kB)
Using cached pyparsing-3.1.1-py3-none-any.whl (103 kB)
Using cached pytz-2023.3.post1-py2.py3-none-any.whl (502 kB)
Using cached pbr-6.0.0-py2.py3-none-any.whl (107 kB)
Using cached wrapt-1.16.0-cp310-cp310-manylinux_2_5_x86_64.manylinux1_x86_64.manylinux_2_17_x86_64.manylinux2014_x86_64.whl (80 kB)
Installing collected packages: pytz, netifaces, netaddr, wrapt, pyparsing, pbr, packaging, iso8601, oslo.i18n, debtcollector, oslo.utils
Successfully installed debtcollector-2.5.0 iso8601-2.1.0 netaddr-0.9.0 netifaces-0.11.0 oslo.i18n-6.2.0 oslo.utils-6.1.0 packaging-23.2 pbr-6.0.0 pyparsing-3.1.1 pytz-2023.3.post1 wrapt-1.16.0
