Collecting oslo.utils==6.1.0
  Downloading oslo.utils-6.1.0-py3-none-any.whl (100 kB)
     ━━━━━━━━━━━━━━━━━━━━━━━━━━━━━━━━━━━━━━━ 100.5/100.5 kB 2.9 MB/s eta 0:00:00
Collecting debtcollector>=1.2.0
  Using cached debtcollector-2.5.0-py3-none-any.whl (23 kB)
Collecting iso8601>=0.1.11
  Using cached iso8601-2.1.0-py3-none-any.whl (7.5 kB)
Collecting netaddr>=0.7.18
  Using cached netaddr-0.9.0-py3-none-any.whl (2.2 MB)
Collecting netifaces>=0.10.4
  Using cached netifaces-0.11.0-graalpy310-graalpy231_310_native-linux_x86_64.whl
Collecting oslo.i18n>=3.15.3
  Using cached oslo.i18n-6.2.0-py3-none-any.whl (46 kB)
Collecting packaging>=20.4
  Using cached packaging-23.2-py3-none-any.whl (53 kB)
Collecting pyparsing>=2.1.0
  Using cached pyparsing-3.0.8-py3-none-any.whl (98 kB)
Collecting pytz>=2013.6
  Using cached pytz-2022.2.1-py2.py3-none-any.whl (500 kB)
Collecting wrapt>=1.7.0
  Using cached wrapt-1.16.0-py3-none-any.whl (23 kB)
Collecting pbr!=2.1.0,>=2.0.0
  Using cached pbr-6.0.0-py2.py3-none-any.whl (107 kB)
Installing collected packages: pytz, netifaces, netaddr, wrapt, pyparsing, pbr, packaging, iso8601, oslo.i18n, debtcollector, oslo.utils
Looking for GraalPy patches for pytz
Patching package pytz using /opt/graalpy/lib/graalpy23.1/patches/pytz/pytz-2022.2.1.patch
Looking for GraalPy patches for netifaces
Looking for GraalPy patches for netaddr
Looking for GraalPy patches for wrapt
Looking for GraalPy patches for pyparsing
Patching package pyparsing using /opt/graalpy/lib/graalpy23.1/patches/pyparsing/pyparsing-3.0.8.patch
Looking for GraalPy patches for pbr
Looking for GraalPy patches for packaging
Patching package packaging using /opt/graalpy/lib/graalpy23.1/patches/packaging/packaging.patch
patching file packaging/tags.py
Hunk #1 FAILED at 4.
Hunk #2 FAILED at 37.
2 out of 2 hunks FAILED -- saving rejects to file packaging/tags.py.rej
Applying GraalPy patch failed for packaging. The package may still work.
Looking for GraalPy patches for iso8601
Looking for GraalPy patches for oslo.i18n
Looking for GraalPy patches for debtcollector
Looking for GraalPy patches for oslo.utils
Successfully installed debtcollector-2.5.0 iso8601-2.1.0 netaddr-0.9.0 netifaces-0.11.0 oslo.i18n-6.2.0 oslo.utils-6.1.0 packaging-23.2 pbr-6.0.0 pyparsing-3.0.8 pytz-2022.2.1 wrapt-1.16.0
