Collecting ipykernel==6.17.1
  Downloading ipykernel-6.17.1-py3-none-any.whl (138 kB)
     ━━━━━━━━━━━━━━━━━━━━━━━━━━━━━━━━━━━━━━━ 138.6/138.6 kB 3.0 MB/s eta 0:00:00
Collecting debugpy>=1.0
  Downloading debugpy-1.8.0-py2.py3-none-any.whl (5.0 MB)
     ━━━━━━━━━━━━━━━━━━━━━━━━━━━━━━━━━━━━━━━━ 5.0/5.0 MB 8.3 MB/s eta 0:00:00
Collecting ipython>=7.23.1
  Using cached ipython-8.17.2-py3-none-any.whl (808 kB)
Collecting jupyter-client>=6.1.12
  Downloading jupyter_client-8.6.0-py3-none-any.whl (105 kB)
     ━━━━━━━━━━━━━━━━━━━━━━━━━━━━━━━━━━━━━━━ 105.9/105.9 kB 3.4 MB/s eta 0:00:00
Collecting matplotlib-inline>=0.1
  Using cached matplotlib_inline-0.1.6-py3-none-any.whl (9.4 kB)
Collecting nest-asyncio
  Downloading nest_asyncio-1.5.8-py3-none-any.whl (5.3 kB)
Collecting packaging
  Using cached packaging-23.2-py3-none-any.whl (53 kB)
Collecting psutil
  Using cached psutil-5.9.6-graalpy310-graalpy231_310_native-linux_x86_64.whl
Collecting pyzmq>=17
  Downloading pyzmq-25.1.1.tar.gz (1.4 MB)
     ━━━━━━━━━━━━━━━━━━━━━━━━━━━━━━━━━━━━━━━━ 1.4/1.4 MB 8.0 MB/s eta 0:00:00
auto-patching C API usages in /tmp/pip-install-dc4cpgfu/pyzmq_690a90a9f1bc443fb7479fcdf4401b49/zmq/devices/monitoredqueue.c
auto-patching C API usages in /tmp/pip-install-dc4cpgfu/pyzmq_690a90a9f1bc443fb7479fcdf4401b49/zmq/backend/cython/socket.c
auto-patching C API usages in /tmp/pip-install-dc4cpgfu/pyzmq_690a90a9f1bc443fb7479fcdf4401b49/zmq/backend/cython/_device.c
auto-patching C API usages in /tmp/pip-install-dc4cpgfu/pyzmq_690a90a9f1bc443fb7479fcdf4401b49/zmq/backend/cython/_poll.c
auto-patching C API usages in /tmp/pip-install-dc4cpgfu/pyzmq_690a90a9f1bc443fb7479fcdf4401b49/zmq/backend/cython/_version.c
auto-patching C API usages in /tmp/pip-install-dc4cpgfu/pyzmq_690a90a9f1bc443fb7479fcdf4401b49/zmq/backend/cython/utils.c
auto-patching C API usages in /tmp/pip-install-dc4cpgfu/pyzmq_690a90a9f1bc443fb7479fcdf4401b49/zmq/backend/cython/context.c
auto-patching C API usages in /tmp/pip-install-dc4cpgfu/pyzmq_690a90a9f1bc443fb7479fcdf4401b49/zmq/backend/cython/error.c
auto-patching C API usages in /tmp/pip-install-dc4cpgfu/pyzmq_690a90a9f1bc443fb7479fcdf4401b49/zmq/backend/cython/_proxy_steerable.c
auto-patching C API usages in /tmp/pip-install-dc4cpgfu/pyzmq_690a90a9f1bc443fb7479fcdf4401b49/zmq/backend/cython/message.c
Looking for GraalPy patches for pyzmq
Patching package pyzmq using /opt/graalpy/lib/graalpy23.1/patches/pyzmq/pyzmq.patch
patching file pyproject.toml
Hunk #1 succeeded at 21 with fuzz 2 (offset 1 line).
  Installing build dependencies: started
  Installing build dependencies: finished with status 'done'
  Getting requirements to build wheel: started
  Getting requirements to build wheel: finished with status 'done'
  Preparing metadata (pyproject.toml): started
  Preparing metadata (pyproject.toml): finished with status 'done'
Collecting tornado>=6.1
  Downloading tornado-6.3.3.tar.gz (509 kB)
     ━━━━━━━━━━━━━━━━━━━━━━━━━━━━━━━━━━━━━━━ 509.9/509.9 kB 7.1 MB/s eta 0:00:00
Looking for GraalPy patches for tornado
  Installing build dependencies: started
  Installing build dependencies: finished with status 'done'
  Getting requirements to build wheel: started
  Getting requirements to build wheel: finished with status 'done'
  Preparing metadata (pyproject.toml): started
  Preparing metadata (pyproject.toml): finished with status 'done'
Collecting traitlets>=5.1.0
  Using cached traitlets-5.13.0-py3-none-any.whl (84 kB)
Collecting decorator
  Using cached decorator-5.1.1-py3-none-any.whl (9.1 kB)
Collecting jedi>=0.16
  Using cached jedi-0.19.1-py2.py3-none-any.whl (1.6 MB)
Collecting prompt-toolkit!=3.0.37,<3.1.0,>=3.0.30
  Using cached prompt_toolkit-3.0.41-py3-none-any.whl (385 kB)
Collecting pygments>=2.4.0
  Using cached pygments-2.17.2-py3-none-any.whl (1.2 MB)
Collecting stack-data
  Using cached stack_data-0.6.3-py3-none-any.whl (24 kB)
Collecting exceptiongroup
  Using cached exceptiongroup-1.2.0-py3-none-any.whl (16 kB)
Collecting pexpect>4.3
  Using cached pexpect-4.8.0-py2.py3-none-any.whl (59 kB)
Collecting jupyter-core!=5.0.*,>=4.12
  Downloading jupyter_core-5.5.0-py3-none-any.whl (28 kB)
Collecting python-dateutil>=2.8.2
  Using cached python_dateutil-2.8.2-py2.py3-none-any.whl (247 kB)
Collecting parso<0.9.0,>=0.8.3
  Using cached parso-0.8.3-py2.py3-none-any.whl (100 kB)
Collecting platformdirs>=2.5
  Using cached platformdirs-4.0.0-py3-none-any.whl (17 kB)
Collecting ptyprocess>=0.5
  Using cached ptyprocess-0.7.0-py2.py3-none-any.whl (13 kB)
Collecting wcwidth
  Using cached wcwidth-0.2.12-py2.py3-none-any.whl (34 kB)
Collecting six>=1.5
  Using cached six-1.16.0-py2.py3-none-any.whl (11 kB)
Collecting executing>=1.2.0
  Using cached executing-2.0.1-py2.py3-none-any.whl (24 kB)
Collecting asttokens>=2.1.0
  Using cached asttokens-2.4.1-py2.py3-none-any.whl (27 kB)
Collecting pure-eval
  Using cached pure_eval-0.2.2-py3-none-any.whl (11 kB)
Building wheels for collected packages: pyzmq, tornado
  Building wheel for pyzmq (pyproject.toml): started
  Building wheel for pyzmq (pyproject.toml): finished with status 'done'
  Created wheel for pyzmq: filename=pyzmq-25.1.1-graalpy310-graalpy231_310_native-linux_x86_64.whl size=478872 sha256=d204591cc104dbbec4278b5a078b72fbba8edaffda1a9ed1df91abdcf2a134ad
  Stored in directory: /workdir/.cache/pip-graalpy/wheels/51/a9/ea/e40660f1b59da0a0c2dc8b4682364d9a800d9991a7bdaac51d
  Building wheel for tornado (pyproject.toml): started
  Building wheel for tornado (pyproject.toml): finished with status 'done'
  Created wheel for tornado: filename=tornado-6.3.3-py3-none-any.whl size=421434 sha256=f0aedc052e084dc21512884816dd3aa4ead3dce9291548230ee72e7cf835b3f1
  Stored in directory: /workdir/.cache/pip-graalpy/wheels/8f/8b/7c/b6540a2b9b2a929cc0c6ec68ef7c2ebacd11e19835cd7341c1
Successfully built pyzmq tornado
Installing collected packages: wcwidth, pure-eval, ptyprocess, traitlets, tornado, six, pyzmq, pygments, psutil, prompt-toolkit, platformdirs, pexpect, parso, packaging, nest-asyncio, executing, exceptiongroup, decorator, debugpy, python-dateutil, matplotlib-inline, jupyter-core, jedi, asttokens, stack-data, jupyter-client, ipython, ipykernel
Looking for GraalPy patches for wcwidth
Looking for GraalPy patches for pure_eval
Looking for GraalPy patches for ptyprocess
Looking for GraalPy patches for traitlets
Looking for GraalPy patches for tornado
Looking for GraalPy patches for six
Looking for GraalPy patches for pygments
Looking for GraalPy patches for psutil
Looking for GraalPy patches for prompt_toolkit
Looking for GraalPy patches for platformdirs
Looking for GraalPy patches for pexpect
Looking for GraalPy patches for parso
Looking for GraalPy patches for packaging
Patching package packaging using /opt/graalpy/lib/graalpy23.1/patches/packaging/packaging.patch
patching file packaging/tags.py
Hunk #1 FAILED at 4.
Hunk #2 FAILED at 37.
2 out of 2 hunks FAILED -- saving rejects to file packaging/tags.py.rej
Applying GraalPy patch failed for packaging. The package may still work.
Looking for GraalPy patches for nest_asyncio
Looking for GraalPy patches for executing
Looking for GraalPy patches for exceptiongroup
Looking for GraalPy patches for decorator
auto-patching C API usages in /workdir/install-virtualenv/lib/python3.10/site-packages/debugpy/_vendored/pydevd/pydevd_attach_to_process/common/ref_utils.hpp
auto-patching C API usages in /workdir/install-virtualenv/lib/python3.10/site-packages/debugpy/_vendored/pydevd/pydevd_attach_to_process/common/py_custom_pyeval_settrace.hpp
auto-patching C API usages in /workdir/install-virtualenv/lib/python3.10/site-packages/debugpy/_vendored/pydevd/_pydevd_bundle/pydevd_cython.c
Looking for GraalPy patches for debugpy
Looking for GraalPy patches for python_dateutil
Looking for GraalPy patches for matplotlib_inline
Looking for GraalPy patches for jupyter_core
Looking for GraalPy patches for jedi
Looking for GraalPy patches for asttokens
Looking for GraalPy patches for stack_data
Looking for GraalPy patches for jupyter_client
Looking for GraalPy patches for ipython
Looking for GraalPy patches for ipykernel
Successfully installed asttokens-2.4.1 debugpy-1.8.0 decorator-5.1.1 exceptiongroup-1.2.0 executing-2.0.1 ipykernel-6.17.1 ipython-8.17.2 jedi-0.19.1 jupyter-client-8.6.0 jupyter-core-5.5.0 matplotlib-inline-0.1.6 nest-asyncio-1.5.8 packaging-23.2 parso-0.8.3 pexpect-4.8.0 platformdirs-4.0.0 prompt-toolkit-3.0.41 psutil-5.9.6 ptyprocess-0.7.0 pure-eval-0.2.2 pygments-2.17.2 python-dateutil-2.8.2 pyzmq-25.1.1 six-1.16.0 stack-data-0.6.3 tornado-6.3.3 traitlets-5.13.0 wcwidth-0.2.12
