Collecting sentence-transformers==2.2.2
  Downloading sentence-transformers-2.2.2.tar.gz (85 kB)
     ━━━━━━━━━━━━━━━━━━━━━━━━━━━━━━━━━━━━━━━━ 86.0/86.0 kB 5.2 MB/s eta 0:00:00
  Preparing metadata (setup.py): started
  Preparing metadata (setup.py): finished with status 'done'
Collecting transformers<5.0.0,>=4.6.0 (from sentence-transformers==2.2.2)
  Downloading transformers-4.35.2-py3-none-any.whl.metadata (123 kB)
     ━━━━━━━━━━━━━━━━━━━━━━━━━━━━━━━━━━━━━━ 123.5/123.5 kB 19.6 MB/s eta 0:00:00
Collecting tqdm (from sentence-transformers==2.2.2)
  Downloading tqdm-4.66.1-py3-none-any.whl.metadata (57 kB)
     ━━━━━━━━━━━━━━━━━━━━━━━━━━━━━━━━━━━━━━━━ 57.6/57.6 kB 11.5 MB/s eta 0:00:00
Collecting torch>=1.6.0 (from sentence-transformers==2.2.2)
  Downloading torch-2.1.1-cp310-cp310-manylinux1_x86_64.whl.metadata (25 kB)
Collecting torchvision (from sentence-transformers==2.2.2)
  Downloading torchvision-0.16.1-cp310-cp310-manylinux1_x86_64.whl.metadata (6.6 kB)
Collecting numpy (from sentence-transformers==2.2.2)
  Using cached numpy-1.26.2-cp310-cp310-manylinux_2_17_x86_64.manylinux2014_x86_64.whl.metadata (61 kB)
Collecting scikit-learn (from sentence-transformers==2.2.2)
  Downloading scikit_learn-1.3.2-cp310-cp310-manylinux_2_17_x86_64.manylinux2014_x86_64.whl.metadata (11 kB)
Collecting scipy (from sentence-transformers==2.2.2)
  Downloading scipy-1.11.4-cp310-cp310-manylinux_2_17_x86_64.manylinux2014_x86_64.whl.metadata (60 kB)
     ━━━━━━━━━━━━━━━━━━━━━━━━━━━━━━━━━━━━━━━━ 60.4/60.4 kB 10.4 MB/s eta 0:00:00
Collecting nltk (from sentence-transformers==2.2.2)
  Downloading nltk-3.8.1-py3-none-any.whl (1.5 MB)
     ━━━━━━━━━━━━━━━━━━━━━━━━━━━━━━━━━━━━━━━━ 1.5/1.5 MB 27.1 MB/s eta 0:00:00
Collecting sentencepiece (from sentence-transformers==2.2.2)
  Downloading sentencepiece-0.1.99-cp310-cp310-manylinux_2_17_x86_64.manylinux2014_x86_64.whl (1.3 MB)
     ━━━━━━━━━━━━━━━━━━━━━━━━━━━━━━━━━━━━━━━━ 1.3/1.3 MB 26.8 MB/s eta 0:00:00
Collecting huggingface-hub>=0.4.0 (from sentence-transformers==2.2.2)
  Downloading huggingface_hub-0.19.4-py3-none-any.whl.metadata (14 kB)
Collecting filelock (from huggingface-hub>=0.4.0->sentence-transformers==2.2.2)
  Downloading filelock-3.13.1-py3-none-any.whl.metadata (2.8 kB)
Collecting fsspec>=2023.5.0 (from huggingface-hub>=0.4.0->sentence-transformers==2.2.2)
  Downloading fsspec-2023.10.0-py3-none-any.whl.metadata (6.8 kB)
Collecting requests (from huggingface-hub>=0.4.0->sentence-transformers==2.2.2)
  Using cached requests-2.31.0-py3-none-any.whl.metadata (4.6 kB)
Collecting pyyaml>=5.1 (from huggingface-hub>=0.4.0->sentence-transformers==2.2.2)
  Downloading PyYAML-6.0.1-cp310-cp310-manylinux_2_17_x86_64.manylinux2014_x86_64.whl.metadata (2.1 kB)
Collecting typing-extensions>=3.7.4.3 (from huggingface-hub>=0.4.0->sentence-transformers==2.2.2)
  Downloading typing_extensions-4.8.0-py3-none-any.whl.metadata (3.0 kB)
Collecting packaging>=20.9 (from huggingface-hub>=0.4.0->sentence-transformers==2.2.2)
  Using cached packaging-23.2-py3-none-any.whl.metadata (3.2 kB)
Collecting sympy (from torch>=1.6.0->sentence-transformers==2.2.2)
  Downloading sympy-1.12-py3-none-any.whl (5.7 MB)
     ━━━━━━━━━━━━━━━━━━━━━━━━━━━━━━━━━━━━━━━━ 5.7/5.7 MB 29.8 MB/s eta 0:00:00
Collecting networkx (from torch>=1.6.0->sentence-transformers==2.2.2)
  Downloading networkx-3.2.1-py3-none-any.whl.metadata (5.2 kB)
Collecting jinja2 (from torch>=1.6.0->sentence-transformers==2.2.2)
  Downloading Jinja2-3.1.2-py3-none-any.whl (133 kB)
     ━━━━━━━━━━━━━━━━━━━━━━━━━━━━━━━━━━━━━━ 133.1/133.1 kB 18.6 MB/s eta 0:00:00
Collecting nvidia-cuda-nvrtc-cu12==12.1.105 (from torch>=1.6.0->sentence-transformers==2.2.2)
  Downloading nvidia_cuda_nvrtc_cu12-12.1.105-py3-none-manylinux1_x86_64.whl (23.7 MB)
     ━━━━━━━━━━━━━━━━━━━━━━━━━━━━━━━━━━━━━━━━ 23.7/23.7 MB 26.9 MB/s eta 0:00:00
Collecting nvidia-cuda-runtime-cu12==12.1.105 (from torch>=1.6.0->sentence-transformers==2.2.2)
  Downloading nvidia_cuda_runtime_cu12-12.1.105-py3-none-manylinux1_x86_64.whl (823 kB)
     ━━━━━━━━━━━━━━━━━━━━━━━━━━━━━━━━━━━━━━ 823.6/823.6 kB 28.5 MB/s eta 0:00:00
Collecting nvidia-cuda-cupti-cu12==12.1.105 (from torch>=1.6.0->sentence-transformers==2.2.2)
  Downloading nvidia_cuda_cupti_cu12-12.1.105-py3-none-manylinux1_x86_64.whl (14.1 MB)
     ━━━━━━━━━━━━━━━━━━━━━━━━━━━━━━━━━━━━━━━━ 14.1/14.1 MB 29.8 MB/s eta 0:00:00
Collecting nvidia-cudnn-cu12==8.9.2.26 (from torch>=1.6.0->sentence-transformers==2.2.2)
  Downloading nvidia_cudnn_cu12-8.9.2.26-py3-none-manylinux1_x86_64.whl.metadata (1.6 kB)
Collecting nvidia-cublas-cu12==12.1.3.1 (from torch>=1.6.0->sentence-transformers==2.2.2)
  Downloading nvidia_cublas_cu12-12.1.3.1-py3-none-manylinux1_x86_64.whl (410.6 MB)
     ━━━━━━━━━━━━━━━━━━━━━━━━━━━━━━━━━━━━━━━ 410.6/410.6 MB 9.5 MB/s eta 0:00:00
Collecting nvidia-cufft-cu12==11.0.2.54 (from torch>=1.6.0->sentence-transformers==2.2.2)
  Downloading nvidia_cufft_cu12-11.0.2.54-py3-none-manylinux1_x86_64.whl (121.6 MB)
     ━━━━━━━━━━━━━━━━━━━━━━━━━━━━━━━━━━━━━━ 121.6/121.6 MB 19.1 MB/s eta 0:00:00
Collecting nvidia-curand-cu12==10.3.2.106 (from torch>=1.6.0->sentence-transformers==2.2.2)
  Downloading nvidia_curand_cu12-10.3.2.106-py3-none-manylinux1_x86_64.whl (56.5 MB)
     ━━━━━━━━━━━━━━━━━━━━━━━━━━━━━━━━━━━━━━━━ 56.5/56.5 MB 23.1 MB/s eta 0:00:00
Collecting nvidia-cusolver-cu12==11.4.5.107 (from torch>=1.6.0->sentence-transformers==2.2.2)
  Downloading nvidia_cusolver_cu12-11.4.5.107-py3-none-manylinux1_x86_64.whl (124.2 MB)
     ━━━━━━━━━━━━━━━━━━━━━━━━━━━━━━━━━━━━━━ 124.2/124.2 MB 18.6 MB/s eta 0:00:00
Collecting nvidia-cusparse-cu12==12.1.0.106 (from torch>=1.6.0->sentence-transformers==2.2.2)
  Downloading nvidia_cusparse_cu12-12.1.0.106-py3-none-manylinux1_x86_64.whl (196.0 MB)
     ━━━━━━━━━━━━━━━━━━━━━━━━━━━━━━━━━━━━━━ 196.0/196.0 MB 15.0 MB/s eta 0:00:00
Collecting nvidia-nccl-cu12==2.18.1 (from torch>=1.6.0->sentence-transformers==2.2.2)
  Downloading nvidia_nccl_cu12-2.18.1-py3-none-manylinux1_x86_64.whl (209.8 MB)
     ━━━━━━━━━━━━━━━━━━━━━━━━━━━━━━━━━━━━━━ 209.8/209.8 MB 17.2 MB/s eta 0:00:00
Collecting nvidia-nvtx-cu12==12.1.105 (from torch>=1.6.0->sentence-transformers==2.2.2)
  Downloading nvidia_nvtx_cu12-12.1.105-py3-none-manylinux1_x86_64.whl (99 kB)
     ━━━━━━━━━━━━━━━━━━━━━━━━━━━━━━━━━━━━━━━━ 99.1/99.1 kB 13.9 MB/s eta 0:00:00
Collecting triton==2.1.0 (from torch>=1.6.0->sentence-transformers==2.2.2)
  Downloading triton-2.1.0-0-cp310-cp310-manylinux2014_x86_64.manylinux_2_17_x86_64.whl.metadata (1.3 kB)
Collecting nvidia-nvjitlink-cu12 (from nvidia-cusolver-cu12==11.4.5.107->torch>=1.6.0->sentence-transformers==2.2.2)
  Downloading nvidia_nvjitlink_cu12-12.3.101-py3-none-manylinux1_x86_64.whl.metadata (1.5 kB)
Collecting regex!=2019.12.17 (from transformers<5.0.0,>=4.6.0->sentence-transformers==2.2.2)
  Downloading regex-2023.10.3-cp310-cp310-manylinux_2_17_x86_64.manylinux2014_x86_64.whl.metadata (40 kB)
     ━━━━━━━━━━━━━━━━━━━━━━━━━━━━━━━━━━━━━━━━ 40.9/40.9 kB 2.8 MB/s eta 0:00:00
Collecting tokenizers<0.19,>=0.14 (from transformers<5.0.0,>=4.6.0->sentence-transformers==2.2.2)
  Downloading tokenizers-0.15.0-cp310-cp310-manylinux_2_17_x86_64.manylinux2014_x86_64.whl.metadata (6.7 kB)
Collecting safetensors>=0.3.1 (from transformers<5.0.0,>=4.6.0->sentence-transformers==2.2.2)
  Downloading safetensors-0.4.1-cp310-cp310-manylinux_2_17_x86_64.manylinux2014_x86_64.whl.metadata (3.8 kB)
Collecting click (from nltk->sentence-transformers==2.2.2)
  Downloading click-8.1.7-py3-none-any.whl.metadata (3.0 kB)
Collecting joblib (from nltk->sentence-transformers==2.2.2)
  Downloading joblib-1.3.2-py3-none-any.whl.metadata (5.4 kB)
Collecting threadpoolctl>=2.0.0 (from scikit-learn->sentence-transformers==2.2.2)
  Downloading threadpoolctl-3.2.0-py3-none-any.whl.metadata (10.0 kB)
Collecting pillow!=8.3.*,>=5.3.0 (from torchvision->sentence-transformers==2.2.2)
  Using cached Pillow-10.1.0-cp310-cp310-manylinux_2_28_x86_64.whl.metadata (9.5 kB)
Collecting MarkupSafe>=2.0 (from jinja2->torch>=1.6.0->sentence-transformers==2.2.2)
  Downloading MarkupSafe-2.1.3-cp310-cp310-manylinux_2_17_x86_64.manylinux2014_x86_64.whl.metadata (3.0 kB)
Collecting charset-normalizer<4,>=2 (from requests->huggingface-hub>=0.4.0->sentence-transformers==2.2.2)
  Downloading charset_normalizer-3.3.2-cp310-cp310-manylinux_2_17_x86_64.manylinux2014_x86_64.whl.metadata (33 kB)
Collecting idna<4,>=2.5 (from requests->huggingface-hub>=0.4.0->sentence-transformers==2.2.2)
  Using cached idna-3.6-py3-none-any.whl.metadata (9.9 kB)
Collecting urllib3<3,>=1.21.1 (from requests->huggingface-hub>=0.4.0->sentence-transformers==2.2.2)
  Downloading urllib3-2.1.0-py3-none-any.whl.metadata (6.4 kB)
Collecting certifi>=2017.4.17 (from requests->huggingface-hub>=0.4.0->sentence-transformers==2.2.2)
  Using cached certifi-2023.11.17-py3-none-any.whl.metadata (2.2 kB)
Collecting mpmath>=0.19 (from sympy->torch>=1.6.0->sentence-transformers==2.2.2)
  Downloading mpmath-1.3.0-py3-none-any.whl (536 kB)
     ━━━━━━━━━━━━━━━━━━━━━━━━━━━━━━━━━━━━━━ 536.2/536.2 kB 22.3 MB/s eta 0:00:00
Downloading huggingface_hub-0.19.4-py3-none-any.whl (311 kB)
   ━━━━━━━━━━━━━━━━━━━━━━━━━━━━━━━━━━━━━━━━ 311.7/311.7 kB 16.9 MB/s eta 0:00:00
Downloading torch-2.1.1-cp310-cp310-manylinux1_x86_64.whl (670.2 MB)
   ━━━━━━━━━━━━━━━━━━━━━━━━━━━━━━━━━━━━━━━━ 670.2/670.2 MB 3.9 MB/s eta 0:00:00
Downloading nvidia_cudnn_cu12-8.9.2.26-py3-none-manylinux1_x86_64.whl (731.7 MB)
   ━━━━━━━━━━━━━━━━━━━━━━━━━━━━━━━━━━━━━━━━ 731.7/731.7 MB 5.8 MB/s eta 0:00:00
Downloading triton-2.1.0-0-cp310-cp310-manylinux2014_x86_64.manylinux_2_17_x86_64.whl (89.2 MB)
   ━━━━━━━━━━━━━━━━━━━━━━━━━━━━━━━━━━━━━━━━ 89.2/89.2 MB 22.6 MB/s eta 0:00:00
Downloading tqdm-4.66.1-py3-none-any.whl (78 kB)
   ━━━━━━━━━━━━━━━━━━━━━━━━━━━━━━━━━━━━━━━━ 78.3/78.3 kB 12.9 MB/s eta 0:00:00
Downloading transformers-4.35.2-py3-none-any.whl (7.9 MB)
   ━━━━━━━━━━━━━━━━━━━━━━━━━━━━━━━━━━━━━━━━ 7.9/7.9 MB 29.4 MB/s eta 0:00:00
Using cached numpy-1.26.2-cp310-cp310-manylinux_2_17_x86_64.manylinux2014_x86_64.whl (18.2 MB)
Downloading scikit_learn-1.3.2-cp310-cp310-manylinux_2_17_x86_64.manylinux2014_x86_64.whl (10.8 MB)
   ━━━━━━━━━━━━━━━━━━━━━━━━━━━━━━━━━━━━━━━━ 10.8/10.8 MB 29.4 MB/s eta 0:00:00
Downloading scipy-1.11.4-cp310-cp310-manylinux_2_17_x86_64.manylinux2014_x86_64.whl (36.4 MB)
   ━━━━━━━━━━━━━━━━━━━━━━━━━━━━━━━━━━━━━━━━ 36.4/36.4 MB 12.2 MB/s eta 0:00:00
Downloading torchvision-0.16.1-cp310-cp310-manylinux1_x86_64.whl (6.8 MB)
   ━━━━━━━━━━━━━━━━━━━━━━━━━━━━━━━━━━━━━━━━ 6.8/6.8 MB 27.9 MB/s eta 0:00:00
Downloading fsspec-2023.10.0-py3-none-any.whl (166 kB)
   ━━━━━━━━━━━━━━━━━━━━━━━━━━━━━━━━━━━━━━━━ 166.4/166.4 kB 7.6 MB/s eta 0:00:00
Downloading joblib-1.3.2-py3-none-any.whl (302 kB)
   ━━━━━━━━━━━━━━━━━━━━━━━━━━━━━━━━━━━━━━━━ 302.2/302.2 kB 12.4 MB/s eta 0:00:00
Using cached packaging-23.2-py3-none-any.whl (53 kB)
Using cached Pillow-10.1.0-cp310-cp310-manylinux_2_28_x86_64.whl (3.6 MB)
Downloading PyYAML-6.0.1-cp310-cp310-manylinux_2_17_x86_64.manylinux2014_x86_64.whl (705 kB)
   ━━━━━━━━━━━━━━━━━━━━━━━━━━━━━━━━━━━━━━━━ 705.5/705.5 kB 20.3 MB/s eta 0:00:00
Downloading regex-2023.10.3-cp310-cp310-manylinux_2_17_x86_64.manylinux2014_x86_64.whl (773 kB)
   ━━━━━━━━━━━━━━━━━━━━━━━━━━━━━━━━━━━━━━━━ 773.9/773.9 kB 19.9 MB/s eta 0:00:00
Downloading safetensors-0.4.1-cp310-cp310-manylinux_2_17_x86_64.manylinux2014_x86_64.whl (1.3 MB)
   ━━━━━━━━━━━━━━━━━━━━━━━━━━━━━━━━━━━━━━━━ 1.3/1.3 MB 23.1 MB/s eta 0:00:00
Downloading threadpoolctl-3.2.0-py3-none-any.whl (15 kB)
Downloading tokenizers-0.15.0-cp310-cp310-manylinux_2_17_x86_64.manylinux2014_x86_64.whl (3.8 MB)
   ━━━━━━━━━━━━━━━━━━━━━━━━━━━━━━━━━━━━━━━━ 3.8/3.8 MB 15.9 MB/s eta 0:00:00
Downloading typing_extensions-4.8.0-py3-none-any.whl (31 kB)
Downloading click-8.1.7-py3-none-any.whl (97 kB)
   ━━━━━━━━━━━━━━━━━━━━━━━━━━━━━━━━━━━━━━━━ 97.9/97.9 kB 8.0 MB/s eta 0:00:00
Downloading filelock-3.13.1-py3-none-any.whl (11 kB)
Downloading networkx-3.2.1-py3-none-any.whl (1.6 MB)
   ━━━━━━━━━━━━━━━━━━━━━━━━━━━━━━━━━━━━━━━━ 1.6/1.6 MB 25.4 MB/s eta 0:00:00
Downloading requests-2.31.0-py3-none-any.whl (62 kB)
   ━━━━━━━━━━━━━━━━━━━━━━━━━━━━━━━━━━━━━━━━ 62.6/62.6 kB 4.7 MB/s eta 0:00:00
Using cached certifi-2023.11.17-py3-none-any.whl (162 kB)
Downloading charset_normalizer-3.3.2-cp310-cp310-manylinux_2_17_x86_64.manylinux2014_x86_64.whl (142 kB)
   ━━━━━━━━━━━━━━━━━━━━━━━━━━━━━━━━━━━━━━━━ 142.1/142.1 kB 11.4 MB/s eta 0:00:00
Using cached idna-3.6-py3-none-any.whl (61 kB)
Downloading MarkupSafe-2.1.3-cp310-cp310-manylinux_2_17_x86_64.manylinux2014_x86_64.whl (25 kB)
Downloading urllib3-2.1.0-py3-none-any.whl (104 kB)
   ━━━━━━━━━━━━━━━━━━━━━━━━━━━━━━━━━━━━━━━━ 104.6/104.6 kB 8.1 MB/s eta 0:00:00
Downloading nvidia_nvjitlink_cu12-12.3.101-py3-none-manylinux1_x86_64.whl (20.5 MB)
   ━━━━━━━━━━━━━━━━━━━━━━━━━━━━━━━━━━━━━━━━ 20.5/20.5 MB 27.4 MB/s eta 0:00:00
Building wheels for collected packages: sentence-transformers
  Building wheel for sentence-transformers (setup.py): started
  Building wheel for sentence-transformers (setup.py): finished with status 'done'
  Created wheel for sentence-transformers: filename=sentence_transformers-2.2.2-py3-none-any.whl size=125923 sha256=ca00a0c51653e7418bc65ebaa221ba22427f54dfa0086d27330d6bcd74ea4d89
  Stored in directory: /workdir/.cache/pip/wheels/62/f2/10/1e606fd5f02395388f74e7462910fe851042f97238cbbd902f
Successfully built sentence-transformers
Installing collected packages: sentencepiece, mpmath, urllib3, typing-extensions, tqdm, threadpoolctl, sympy, safetensors, regex, pyyaml, pillow, packaging, nvidia-nvtx-cu12, nvidia-nvjitlink-cu12, nvidia-nccl-cu12, nvidia-curand-cu12, nvidia-cufft-cu12, nvidia-cuda-runtime-cu12, nvidia-cuda-nvrtc-cu12, nvidia-cuda-cupti-cu12, nvidia-cublas-cu12, numpy, networkx, MarkupSafe, joblib, idna, fsspec, filelock, click, charset-normalizer, certifi, triton, scipy, requests, nvidia-cusparse-cu12, nvidia-cudnn-cu12, nltk, jinja2, scikit-learn, nvidia-cusolver-cu12, huggingface-hub, torch, tokenizers, transformers, torchvision, sentence-transformers
Successfully installed MarkupSafe-2.1.3 certifi-2023.11.17 charset-normalizer-3.3.2 click-8.1.7 filelock-3.13.1 fsspec-2023.10.0 huggingface-hub-0.19.4 idna-3.6 jinja2-3.1.2 joblib-1.3.2 mpmath-1.3.0 networkx-3.2.1 nltk-3.8.1 numpy-1.26.2 nvidia-cublas-cu12-12.1.3.1 nvidia-cuda-cupti-cu12-12.1.105 nvidia-cuda-nvrtc-cu12-12.1.105 nvidia-cuda-runtime-cu12-12.1.105 nvidia-cudnn-cu12-8.9.2.26 nvidia-cufft-cu12-11.0.2.54 nvidia-curand-cu12-10.3.2.106 nvidia-cusolver-cu12-11.4.5.107 nvidia-cusparse-cu12-12.1.0.106 nvidia-nccl-cu12-2.18.1 nvidia-nvjitlink-cu12-12.3.101 nvidia-nvtx-cu12-12.1.105 packaging-23.2 pillow-10.1.0 pyyaml-6.0.1 regex-2023.10.3 requests-2.31.0 safetensors-0.4.1 scikit-learn-1.3.2 scipy-1.11.4 sentence-transformers-2.2.2 sentencepiece-0.1.99 sympy-1.12 threadpoolctl-3.2.0 tokenizers-0.15.0 torch-2.1.1 torchvision-0.16.1 tqdm-4.66.1 transformers-4.35.2 triton-2.1.0 typing-extensions-4.8.0 urllib3-2.1.0
