Collecting sentence-transformers==2.2.2
  Downloading sentence-transformers-2.2.2.tar.gz (85 kB)
     ━━━━━━━━━━━━━━━━━━━━━━━━━━━━━━━━━━━━━━━━ 86.0/86.0 kB 2.5 MB/s eta 0:00:00
Looking for GraalPy patches for sentence-transformers
  Preparing metadata (setup.py): started
  Preparing metadata (setup.py): finished with status 'done'
Collecting transformers<5.0.0,>=4.6.0
  Downloading transformers-4.35.2-py3-none-any.whl (7.9 MB)
     ━━━━━━━━━━━━━━━━━━━━━━━━━━━━━━━━━━━━━━━━ 7.9/7.9 MB 6.5 MB/s eta 0:00:00
Collecting tqdm
  Downloading tqdm-4.66.1-py3-none-any.whl (78 kB)
     ━━━━━━━━━━━━━━━━━━━━━━━━━━━━━━━━━━━━━━━━ 78.3/78.3 kB 2.9 MB/s eta 0:00:00
Collecting torch>=1.6.0
  Downloading https://github.com/pytorch/pytorch/releases/download/v1.13.1/pytorch-v1.13.1.tar.gz (234.1 MB)
     ━━━━━━━━━━━━━━━━━━━━━━━━━━━━━━━━━━━━━ 234.1/234.1 MB 821.8 kB/s eta 0:00:00
auto-patching C API usages in /tmp/pip-install-7nwcublx/torch_c635bb14cac04a259dc1ef4f2900ba50/torch/csrc/Module.cpp
auto-patching C API usages in /tmp/pip-install-7nwcublx/torch_c635bb14cac04a259dc1ef4f2900ba50/torch/csrc/utils/python_compat.h
auto-patching C API usages in /tmp/pip-install-7nwcublx/torch_c635bb14cac04a259dc1ef4f2900ba50/torch/csrc/autograd/python_variable.cpp
auto-patching C API usages in /tmp/pip-install-7nwcublx/torch_c635bb14cac04a259dc1ef4f2900ba50/third_party/pybind11/include/pybind11/pybind11.h
auto-patching C API usages in /tmp/pip-install-7nwcublx/torch_c635bb14cac04a259dc1ef4f2900ba50/third_party/pybind11/include/pybind11/cast.h
auto-patching C API usages in /tmp/pip-install-7nwcublx/torch_c635bb14cac04a259dc1ef4f2900ba50/third_party/pybind11/include/pybind11/pytypes.h
auto-patching C API usages in /tmp/pip-install-7nwcublx/torch_c635bb14cac04a259dc1ef4f2900ba50/third_party/protobuf/python/google/protobuf/pyext/message.cc
auto-patching C API usages in /tmp/pip-install-7nwcublx/torch_c635bb14cac04a259dc1ef4f2900ba50/third_party/protobuf/python/google/protobuf/pyext/descriptor.cc
auto-patching C API usages in /tmp/pip-install-7nwcublx/torch_c635bb14cac04a259dc1ef4f2900ba50/third_party/protobuf/python/google/protobuf/pyext/message_factory.cc
auto-patching C API usages in /tmp/pip-install-7nwcublx/torch_c635bb14cac04a259dc1ef4f2900ba50/third_party/protobuf/python/google/protobuf/pyext/repeated_composite_container.cc
auto-patching C API usages in /tmp/pip-install-7nwcublx/torch_c635bb14cac04a259dc1ef4f2900ba50/third_party/onnx/third_party/pybind11/include/pybind11/pybind11.h
auto-patching C API usages in /tmp/pip-install-7nwcublx/torch_c635bb14cac04a259dc1ef4f2900ba50/third_party/onnx/third_party/pybind11/include/pybind11/cast.h
auto-patching C API usages in /tmp/pip-install-7nwcublx/torch_c635bb14cac04a259dc1ef4f2900ba50/third_party/onnx/third_party/pybind11/include/pybind11/pytypes.h
auto-patching C API usages in /tmp/pip-install-7nwcublx/torch_c635bb14cac04a259dc1ef4f2900ba50/third_party/tensorpipe/third_party/pybind11/include/pybind11/pybind11.h
auto-patching C API usages in /tmp/pip-install-7nwcublx/torch_c635bb14cac04a259dc1ef4f2900ba50/third_party/tensorpipe/third_party/pybind11/include/pybind11/cast.h
auto-patching C API usages in /tmp/pip-install-7nwcublx/torch_c635bb14cac04a259dc1ef4f2900ba50/third_party/onnx-tensorrt/third_party/onnx/third_party/pybind11/include/pybind11/pybind11.h
auto-patching C API usages in /tmp/pip-install-7nwcublx/torch_c635bb14cac04a259dc1ef4f2900ba50/third_party/onnx-tensorrt/third_party/onnx/third_party/pybind11/include/pybind11/cast.h
Looking for GraalPy patches for torch
Patching package torch using /opt/graalpy/lib/graalpy23.1/patches/torch/torch-1.13.1.patch
patching file CMakeLists.txt
patching file functorch/csrc/dim/dim.cpp
patching file setup.py
patching file test/test_overrides.py
patching file test/test_python_dispatch.py
patching file third_party/fbgemm/CMakeLists.txt
patching file third_party/gloo/gloo/common/linux.cc
patching file third_party/gloo/gloo/transport/pair.h
patching file third_party/gloo/gloo/transport/tcp/device.h
patching file third_party/pybind11/include/pybind11/gil.h
patching file third_party/pybind11/include/pybind11/pytypes.h
patching file torch/_dispatch/python.py
patching file torch/_tensor_str.py
patching file torch/autograd/grad_mode.py
patching file torch/csrc/Module.cpp
patching file torch/csrc/autograd/init.cpp
patching file torch/csrc/autograd/python_variable_indexing.cpp
patching file torch/csrc/jit/python/python_tracer.cpp
patching file torch/csrc/utils/python_compat.h
patching file torch/distributed/_shard/partial_tensor.py
patching file torch/overrides.py
patching file torch/testing/_internal/common_utils.py
patching file torch/utils/_mode_utils.py
  Installing build dependencies: started
  Installing build dependencies: still running...
  Installing build dependencies: finished with status 'done'
  Getting requirements to build wheel: started
  Getting requirements to build wheel: finished with status 'done'
  Preparing metadata (pyproject.toml): started
  Preparing metadata (pyproject.toml): still running...
  Preparing metadata (pyproject.toml): still running...
  Preparing metadata (pyproject.toml): still running...
  Preparing metadata (pyproject.toml): still running...
  Preparing metadata (pyproject.toml): still running...
  Preparing metadata (pyproject.toml): still running...
  Preparing metadata (pyproject.toml): still running...
  Preparing metadata (pyproject.toml): still running...
  Preparing metadata (pyproject.toml): still running...
  Preparing metadata (pyproject.toml): still running...
  Preparing metadata (pyproject.toml): still running...
  Preparing metadata (pyproject.toml): still running...
  Preparing metadata (pyproject.toml): still running...
  Preparing metadata (pyproject.toml): still running...
  Preparing metadata (pyproject.toml): still running...
  Preparing metadata (pyproject.toml): still running...
  Preparing metadata (pyproject.toml): still running...
  Preparing metadata (pyproject.toml): still running...
  Preparing metadata (pyproject.toml): still running...
  Preparing metadata (pyproject.toml): still running...
  Preparing metadata (pyproject.toml): still running...
  Preparing metadata (pyproject.toml): still running...
  Preparing metadata (pyproject.toml): still running...
  Preparing metadata (pyproject.toml): still running...
  Preparing metadata (pyproject.toml): still running...
  Preparing metadata (pyproject.toml): still running...
  Preparing metadata (pyproject.toml): still running...
  Preparing metadata (pyproject.toml): still running...
  Preparing metadata (pyproject.toml): still running...
  Preparing metadata (pyproject.toml): still running...
  Preparing metadata (pyproject.toml): still running...
  Preparing metadata (pyproject.toml): still running...
  Preparing metadata (pyproject.toml): still running...
  Preparing metadata (pyproject.toml): still running...
  Preparing metadata (pyproject.toml): still running...
  Preparing metadata (pyproject.toml): still running...
  Preparing metadata (pyproject.toml): still running...
  Preparing metadata (pyproject.toml): still running...
  Preparing metadata (pyproject.toml): still running...
  Preparing metadata (pyproject.toml): still running...
  Preparing metadata (pyproject.toml): still running...
  Preparing metadata (pyproject.toml): still running...
  Preparing metadata (pyproject.toml): still running...
  Preparing metadata (pyproject.toml): still running...
  Preparing metadata (pyproject.toml): still running...
  Preparing metadata (pyproject.toml): still running...
  Preparing metadata (pyproject.toml): still running...
  Preparing metadata (pyproject.toml): still running...
  Preparing metadata (pyproject.toml): still running...
  Preparing metadata (pyproject.toml): still running...
  Preparing metadata (pyproject.toml): still running...
  Preparing metadata (pyproject.toml): still running...
  Preparing metadata (pyproject.toml): still running...
  Preparing metadata (pyproject.toml): still running...
  Preparing metadata (pyproject.toml): still running...
  Preparing metadata (pyproject.toml): still running...
  Preparing metadata (pyproject.toml): still running...
  Preparing metadata (pyproject.toml): still running...
  Preparing metadata (pyproject.toml): still running...
  Preparing metadata (pyproject.toml): still running...
  Preparing metadata (pyproject.toml): still running...
  Preparing metadata (pyproject.toml): still running...
  Preparing metadata (pyproject.toml): still running...
  Preparing metadata (pyproject.toml): still running...
  Preparing metadata (pyproject.toml): still running...
  Preparing metadata (pyproject.toml): still running...
  Preparing metadata (pyproject.toml): still running...
  Preparing metadata (pyproject.toml): still running...
  Preparing metadata (pyproject.toml): still running...
  Preparing metadata (pyproject.toml): still running...
  Preparing metadata (pyproject.toml): still running...
  Preparing metadata (pyproject.toml): still running...
  Preparing metadata (pyproject.toml): still running...
  Preparing metadata (pyproject.toml): finished with status 'done'
Collecting torchvision
  Downloading https://github.com/pytorch/vision/archive/refs/tags/v0.14.1.tar.gz
     / 9.3 MB 8.0 MB/s 0:00:01
Looking for GraalPy patches for torchvision
Patching package torchvision using /opt/graalpy/lib/graalpy23.1/patches/torchvision/torchvision-1.14.1.patch
patching file version.txt
  Installing build dependencies: started
  Installing build dependencies: still running...
  Installing build dependencies: still running...
  Installing build dependencies: still running...
  Installing build dependencies: still running...
  Installing build dependencies: still running...
  Installing build dependencies: still running...
  Installing build dependencies: still running...
  Installing build dependencies: still running...
  Installing build dependencies: still running...
  Installing build dependencies: still running...
  Installing build dependencies: still running...
  Installing build dependencies: still running...
  Installing build dependencies: still running...
  Installing build dependencies: still running...
  Installing build dependencies: still running...
  Installing build dependencies: still running...
  Installing build dependencies: still running...
  Installing build dependencies: still running...
  Installing build dependencies: still running...
  Installing build dependencies: still running...
  Installing build dependencies: still running...
  Installing build dependencies: still running...
  Installing build dependencies: still running...
  Installing build dependencies: still running...
  Installing build dependencies: still running...
  Installing build dependencies: still running...
  Installing build dependencies: still running...
  Installing build dependencies: still running...
  Installing build dependencies: still running...
  Installing build dependencies: still running...
  Installing build dependencies: still running...
  Installing build dependencies: still running...
  Installing build dependencies: still running...
  Installing build dependencies: still running...
  Installing build dependencies: still running...
  Installing build dependencies: still running...
  Installing build dependencies: still running...
  Installing build dependencies: still running...
  Installing build dependencies: still running...
  Installing build dependencies: still running...
  Installing build dependencies: still running...
  Installing build dependencies: still running...
  Installing build dependencies: still running...
  Installing build dependencies: still running...
  Installing build dependencies: still running...
  Installing build dependencies: still running...
  Installing build dependencies: still running...
  Installing build dependencies: still running...
  Installing build dependencies: still running...
  Installing build dependencies: still running...
  Installing build dependencies: still running...
  Installing build dependencies: still running...
  Installing build dependencies: still running...
  Installing build dependencies: still running...
  Installing build dependencies: still running...
  Installing build dependencies: still running...
  Installing build dependencies: still running...
  Installing build dependencies: still running...
  Installing build dependencies: still running...
  Installing build dependencies: still running...
  Installing build dependencies: still running...
  Installing build dependencies: still running...
  Installing build dependencies: still running...
  Installing build dependencies: still running...
  Installing build dependencies: still running...
  Installing build dependencies: still running...
  Installing build dependencies: still running...
  Installing build dependencies: still running...
  Installing build dependencies: still running...
  Installing build dependencies: still running...
  Installing build dependencies: still running...
  Installing build dependencies: still running...
  Installing build dependencies: still running...
  Installing build dependencies: still running...
  Installing build dependencies: still running...
  Installing build dependencies: still running...
  Installing build dependencies: still running...
  Installing build dependencies: still running...
  Installing build dependencies: still running...
  Installing build dependencies: still running...
  Installing build dependencies: still running...
  Installing build dependencies: still running...
  Installing build dependencies: finished with status 'done'
  Getting requirements to build wheel: started
  Getting requirements to build wheel: finished with status 'done'
  Preparing metadata (pyproject.toml): started
  Preparing metadata (pyproject.toml): finished with status 'done'
Collecting numpy
  Using cached numpy-1.23.5-graalpy310-graalpy231_310_native-linux_x86_64.whl
Collecting scikit-learn
  Using cached scikit_learn-1.1.3-graalpy310-graalpy231_310_native-linux_x86_64.whl
Collecting scipy
  Using cached scipy-1.10.1-graalpy310-graalpy231_310_native-linux_x86_64.whl
Collecting nltk
  Downloading nltk-3.8.1-py3-none-any.whl (1.5 MB)
     ━━━━━━━━━━━━━━━━━━━━━━━━━━━━━━━━━━━━━━━━ 1.5/1.5 MB 8.5 MB/s eta 0:00:00
Collecting sentencepiece
  Downloading sentencepiece-0.1.99.tar.gz (2.6 MB)
     ━━━━━━━━━━━━━━━━━━━━━━━━━━━━━━━━━━━━━━━━ 2.6/2.6 MB 7.6 MB/s eta 0:00:00
auto-patching C API usages in /tmp/pip-install-7nwcublx/sentencepiece_7481595d26e74f85ba7ec5af40d02954/src/sentencepiece/sentencepiece_wrap.cxx
Looking for GraalPy patches for sentencepiece
  Preparing metadata (setup.py): started
  Preparing metadata (setup.py): finished with status 'done'
Collecting huggingface-hub>=0.4.0
  Downloading huggingface_hub-0.19.4-py3-none-any.whl (311 kB)
     ━━━━━━━━━━━━━━━━━━━━━━━━━━━━━━━━━━━━━━ 311.7/311.7 kB 10.1 MB/s eta 0:00:00
Collecting filelock
  Downloading filelock-3.13.1-py3-none-any.whl (11 kB)
Collecting fsspec>=2023.5.0
  Downloading fsspec-2023.10.0-py3-none-any.whl (166 kB)
     ━━━━━━━━━━━━━━━━━━━━━━━━━━━━━━━━━━━━━━━ 166.4/166.4 kB 9.5 MB/s eta 0:00:00
Collecting requests
  Using cached requests-2.31.0-py3-none-any.whl (62 kB)
Collecting pyyaml>=5.1
  Using cached PyYAML-6.0.1-py3-none-any.whl
Collecting typing-extensions>=3.7.4.3
  Using cached typing_extensions-4.8.0-py3-none-any.whl (31 kB)
Collecting packaging>=20.9
  Using cached packaging-23.2-py3-none-any.whl (53 kB)
Collecting regex!=2019.12.17
  Downloading regex-2023.10.3.tar.gz (394 kB)
     ━━━━━━━━━━━━━━━━━━━━━━━━━━━━━━━━━━━━━━ 394.7/394.7 kB 11.7 MB/s eta 0:00:00
auto-patching C API usages in /tmp/pip-install-7nwcublx/regex_5616b5bbc48e4ab4a6d2d494502dcaa3/regex_3/_regex.c
Looking for GraalPy patches for regex
  Installing build dependencies: started
  Installing build dependencies: finished with status 'done'
  Getting requirements to build wheel: started
  Getting requirements to build wheel: finished with status 'done'
  Installing backend dependencies: started
  Installing backend dependencies: finished with status 'done'
  Preparing metadata (pyproject.toml): started
  Preparing metadata (pyproject.toml): finished with status 'done'
Collecting tokenizers<0.19,>=0.14
  Downloading tokenizers-0.15.0.tar.gz (318 kB)
     ━━━━━━━━━━━━━━━━━━━━━━━━━━━━━━━━━━━━━━ 318.5/318.5 kB 10.5 MB/s eta 0:00:00
Looking for GraalPy patches for tokenizers
  Installing build dependencies: started
  Installing build dependencies: finished with status 'done'
  Getting requirements to build wheel: started
  Getting requirements to build wheel: finished with status 'done'
  Preparing metadata (pyproject.toml): started
  Preparing metadata (pyproject.toml): finished with status 'done'
Collecting safetensors>=0.3.1
  Downloading safetensors-0.4.1.tar.gz (62 kB)
     ━━━━━━━━━━━━━━━━━━━━━━━━━━━━━━━━━━━━━━━━ 62.5/62.5 kB 4.8 MB/s eta 0:00:00
Looking for GraalPy patches for safetensors
  Installing build dependencies: started
  Installing build dependencies: finished with status 'done'
  Getting requirements to build wheel: started
  Getting requirements to build wheel: finished with status 'done'
  Preparing metadata (pyproject.toml): started
  Preparing metadata (pyproject.toml): finished with status 'done'
Collecting click
  Downloading click-8.1.7-py3-none-any.whl (97 kB)
     ━━━━━━━━━━━━━━━━━━━━━━━━━━━━━━━━━━━━━━━━ 97.9/97.9 kB 5.5 MB/s eta 0:00:00
Collecting joblib
  Using cached joblib-1.3.2-py3-none-any.whl (302 kB)
Collecting threadpoolctl>=2.0.0
  Using cached threadpoolctl-3.2.0-py3-none-any.whl (15 kB)
Collecting pillow!=8.3.*,>=5.3.0
  Using cached Pillow-10.1.0-graalpy310-graalpy231_310_native-linux_x86_64.whl
Collecting charset-normalizer<4,>=2
  Using cached charset_normalizer-3.1.0-py3-none-any.whl (46 kB)
Collecting idna<4,>=2.5
  Using cached idna-3.6-py3-none-any.whl (61 kB)
Collecting urllib3<3,>=1.21.1
  Using cached urllib3-2.1.0-py3-none-any.whl (104 kB)
Collecting certifi>=2017.4.17
  Using cached certifi-2023.11.17-py3-none-any.whl (162 kB)
Building wheels for collected packages: sentence-transformers, torch, sentencepiece, torchvision, regex, safetensors, tokenizers
  Building wheel for sentence-transformers (setup.py): started
  Building wheel for sentence-transformers (setup.py): finished with status 'done'
  Created wheel for sentence-transformers: filename=sentence_transformers-2.2.2-py3-none-any.whl size=125940 sha256=270918fc5de4837e9c96e1df410fe226d0b9eaa8e8d8c79c600543c58d41abcd
  Stored in directory: /workdir/.cache/pip-graalpy/wheels/36/ea/54/a7636e09721c09153b4262cf1f0e1f8a7546d1559e06989d60
  Building wheel for torch (pyproject.toml): started
  Building wheel for torch (pyproject.toml): still running...

********************************************************************************
Timeout exceeded, sending SIGINT to process
********************************************************************************
*** Timed out after 3:00:00
*** Installation timed out on graalpy after 3:00:00
