Collecting GDAL==3.6.1
  Downloading GDAL-3.6.1.tar.gz (757 kB)
     ━━━━━━━━━━━━━━━━━━━━━━━━━━━━━━━━━━━━━━━ 757.6/757.6 kB 2.6 MB/s eta 0:00:00
auto-patching C API usages in /tmp/pip-install-fsg6sq8k/gdal_b744b91830f84fda83eeab2df283ac1c/extensions/gdal_wrap.cpp
auto-patching C API usages in /tmp/pip-install-fsg6sq8k/gdal_b744b91830f84fda83eeab2df283ac1c/extensions/gdal_array_wrap.cpp
auto-patching C API usages in /tmp/pip-install-fsg6sq8k/gdal_b744b91830f84fda83eeab2df283ac1c/extensions/gdalconst_wrap.c
auto-patching C API usages in /tmp/pip-install-fsg6sq8k/gdal_b744b91830f84fda83eeab2df283ac1c/extensions/ogr_wrap.cpp
auto-patching C API usages in /tmp/pip-install-fsg6sq8k/gdal_b744b91830f84fda83eeab2df283ac1c/extensions/gnm_wrap.cpp
auto-patching C API usages in /tmp/pip-install-fsg6sq8k/gdal_b744b91830f84fda83eeab2df283ac1c/extensions/osr_wrap.cpp
Looking for GraalPy patches for GDAL
  Preparing metadata (setup.py): started
  Preparing metadata (setup.py): finished with status 'done'
Building wheels for collected packages: GDAL
  Building wheel for GDAL (setup.py): started
  Building wheel for GDAL (setup.py): finished with status 'done'
  Created wheel for GDAL: filename=GDAL-3.6.1-graalpy310-graalpy231_310_native-linux_x86_64.whl size=1046189 sha256=762d6f7171d2ca1308406ec299210530da2c9141f1fe2a2de903c1f8eb6998eb
  Stored in directory: /workdir/.cache/pip-graalpy/wheels/34/b8/c2/5ede9a1bd5ef2e91a24da03e1afbe5053c339c7cbb981c50a2
Successfully built GDAL
Installing collected packages: GDAL
Looking for GraalPy patches for GDAL
Successfully installed GDAL-3.6.1
