Collecting djangorestframework==3.14.0
  Downloading djangorestframework-3.14.0-py3-none-any.whl (1.1 MB)
     ━━━━━━━━━━━━━━━━━━━━━━━━━━━━━━━━━━━━━━━━ 1.1/1.1 MB 5.0 MB/s eta 0:00:00
Collecting django>=3.0
  Using cached Django-4.2.7-py3-none-any.whl (8.0 MB)
Collecting pytz
  Using cached pytz-2022.2.1-py2.py3-none-any.whl (500 kB)
Collecting asgiref<4,>=3.6.0
  Using cached asgiref-3.7.2-py3-none-any.whl (24 kB)
Collecting sqlparse>=0.3.1
  Using cached sqlparse-0.4.4-py3-none-any.whl (41 kB)
Collecting typing-extensions>=4
  Using cached typing_extensions-4.8.0-py3-none-any.whl (31 kB)
Installing collected packages: pytz, typing-extensions, sqlparse, asgiref, django, djangorestframework
Looking for GraalPy patches for pytz
Patching package pytz using /opt/graalpy/lib/graalpy23.1/patches/pytz/pytz-2022.2.1.patch
Looking for GraalPy patches for typing_extensions
Looking for GraalPy patches for sqlparse
Looking for GraalPy patches for asgiref
Looking for GraalPy patches for Django
Looking for GraalPy patches for djangorestframework
Successfully installed asgiref-3.7.2 django-4.2.7 djangorestframework-3.14.0 pytz-2022.2.1 sqlparse-0.4.4 typing-extensions-4.8.0
