Collecting srsly==2.4.6
  Downloading srsly-2.4.6.tar.gz (350 kB)
     ━━━━━━━━━━━━━━━━━━━━━━━━━━━━━━━━━━━━━━━ 350.8/350.8 kB 5.2 MB/s eta 0:00:00
Looking for GraalPy patches for srsly
  Installing build dependencies: started
  Installing build dependencies: finished with status 'done'
  Getting requirements to build wheel: started
  Getting requirements to build wheel: finished with status 'done'
  Installing backend dependencies: started
  Installing backend dependencies: finished with status 'done'
  Preparing metadata (pyproject.toml): started
  Preparing metadata (pyproject.toml): finished with status 'done'
Collecting catalogue<2.1.0,>=2.0.3
  Using cached catalogue-2.0.10-py3-none-any.whl (17 kB)
Building wheels for collected packages: srsly
  Building wheel for srsly (pyproject.toml): started
  Building wheel for srsly (pyproject.toml): finished with status 'done'
  Created wheel for srsly: filename=srsly-2.4.6-graalpy310-graalpy231_310_native-linux_x86_64.whl size=500698 sha256=daf0cb8d2da84cbd19175688305280e49fbc6c978e3b614374b12571334d653c
  Stored in directory: /workdir/.cache/pip-graalpy/wheels/63/1a/f4/d2961ec5847c1e6ef216203f56a36e0a559dfd64973d5ad96a
Successfully built srsly
Installing collected packages: catalogue, srsly
Looking for GraalPy patches for catalogue
Looking for GraalPy patches for srsly
Successfully installed catalogue-2.0.10 srsly-2.4.6
