Collecting jupyter-client==7.4.8
  Downloading jupyter_client-7.4.8-py3-none-any.whl (133 kB)
     ━━━━━━━━━━━━━━━━━━━━━━━━━━━━━━━━━━━━━━━ 133.5/133.5 kB 3.4 MB/s eta 0:00:00
Collecting entrypoints (from jupyter-client==7.4.8)
  Downloading entrypoints-0.4-py3-none-any.whl (5.3 kB)
Collecting jupyter-core>=4.9.2 (from jupyter-client==7.4.8)
  Using cached jupyter_core-5.5.0-py3-none-any.whl.metadata (3.4 kB)
Collecting nest-asyncio>=1.5.4 (from jupyter-client==7.4.8)
  Using cached nest_asyncio-1.5.8-py3-none-any.whl.metadata (2.8 kB)
Collecting python-dateutil>=2.8.2 (from jupyter-client==7.4.8)
  Using cached python_dateutil-2.8.2-py2.py3-none-any.whl (247 kB)
Collecting pyzmq>=23.0 (from jupyter-client==7.4.8)
  Using cached pyzmq-25.1.1-cp310-cp310-manylinux_2_28_x86_64.whl.metadata (4.9 kB)
Collecting tornado>=6.2 (from jupyter-client==7.4.8)
  Using cached tornado-6.3.3-cp38-abi3-manylinux_2_5_x86_64.manylinux1_x86_64.manylinux_2_17_x86_64.manylinux2014_x86_64.whl.metadata (2.5 kB)
Collecting traitlets (from jupyter-client==7.4.8)
  Using cached traitlets-5.13.0-py3-none-any.whl.metadata (10 kB)
Collecting platformdirs>=2.5 (from jupyter-core>=4.9.2->jupyter-client==7.4.8)
  Using cached platformdirs-4.0.0-py3-none-any.whl.metadata (11 kB)
Collecting six>=1.5 (from python-dateutil>=2.8.2->jupyter-client==7.4.8)
  Using cached six-1.16.0-py2.py3-none-any.whl (11 kB)
Using cached jupyter_core-5.5.0-py3-none-any.whl (28 kB)
Using cached nest_asyncio-1.5.8-py3-none-any.whl (5.3 kB)
Using cached pyzmq-25.1.1-cp310-cp310-manylinux_2_28_x86_64.whl (1.1 MB)
Using cached tornado-6.3.3-cp38-abi3-manylinux_2_5_x86_64.manylinux1_x86_64.manylinux_2_17_x86_64.manylinux2014_x86_64.whl (427 kB)
Using cached traitlets-5.13.0-py3-none-any.whl (84 kB)
Using cached platformdirs-4.0.0-py3-none-any.whl (17 kB)
Installing collected packages: traitlets, tornado, six, pyzmq, platformdirs, nest-asyncio, entrypoints, python-dateutil, jupyter-core, jupyter-client
Successfully installed entrypoints-0.4 jupyter-client-7.4.8 jupyter-core-5.5.0 nest-asyncio-1.5.8 platformdirs-4.0.0 python-dateutil-2.8.2 pyzmq-25.1.1 six-1.16.0 tornado-6.3.3 traitlets-5.13.0
