Collecting jupyter-client==7.4.8
  Downloading jupyter_client-7.4.8-py3-none-any.whl (133 kB)
     ━━━━━━━━━━━━━━━━━━━━━━━━━━━━━━━━━━━━━━━ 133.5/133.5 kB 2.6 MB/s eta 0:00:00
Collecting entrypoints
  Downloading entrypoints-0.4-py3-none-any.whl (5.3 kB)
Collecting jupyter-core>=4.9.2
  Using cached jupyter_core-5.5.0-py3-none-any.whl (28 kB)
Collecting nest-asyncio>=1.5.4
  Using cached nest_asyncio-1.5.8-py3-none-any.whl (5.3 kB)
Collecting python-dateutil>=2.8.2
  Using cached python_dateutil-2.8.2-py2.py3-none-any.whl (247 kB)
Collecting pyzmq>=23.0
  Using cached pyzmq-25.1.1-graalpy310-graalpy231_310_native-linux_x86_64.whl
Collecting tornado>=6.2
  Using cached tornado-6.3.3-py3-none-any.whl
Collecting traitlets
  Using cached traitlets-5.13.0-py3-none-any.whl (84 kB)
Collecting platformdirs>=2.5
  Using cached platformdirs-4.0.0-py3-none-any.whl (17 kB)
Collecting six>=1.5
  Using cached six-1.16.0-py2.py3-none-any.whl (11 kB)
Installing collected packages: traitlets, tornado, six, pyzmq, platformdirs, nest-asyncio, entrypoints, python-dateutil, jupyter-core, jupyter-client
Looking for GraalPy patches for traitlets
Looking for GraalPy patches for tornado
Looking for GraalPy patches for six
Looking for GraalPy patches for pyzmq
Looking for GraalPy patches for platformdirs
Looking for GraalPy patches for nest_asyncio
Looking for GraalPy patches for entrypoints
Looking for GraalPy patches for python_dateutil
Looking for GraalPy patches for jupyter_core
Looking for GraalPy patches for jupyter_client
Successfully installed entrypoints-0.4 jupyter-client-7.4.8 jupyter-core-5.5.0 nest-asyncio-1.5.8 platformdirs-4.0.0 python-dateutil-2.8.2 pyzmq-25.1.1 six-1.16.0 tornado-6.3.3 traitlets-5.13.0
