Collecting jaeger-client==4.8.0
  Downloading jaeger-client-4.8.0.tar.gz (87 kB)
     ━━━━━━━━━━━━━━━━━━━━━━━━━━━━━━━━━━━━━━━━ 87.4/87.4 kB 2.6 MB/s eta 0:00:00
  Preparing metadata (setup.py): started
  Preparing metadata (setup.py): finished with status 'done'
Collecting threadloop<2,>=1 (from jaeger-client==4.8.0)
  Downloading threadloop-1.0.2.tar.gz (4.9 kB)
  Preparing metadata (setup.py): started
  Preparing metadata (setup.py): finished with status 'done'
Collecting thrift (from jaeger-client==4.8.0)
  Downloading thrift-0.16.0.tar.gz (59 kB)
     ━━━━━━━━━━━━━━━━━━━━━━━━━━━━━━━━━━━━━━━━ 59.6/59.6 kB 6.0 MB/s eta 0:00:00
  Preparing metadata (setup.py): started
  Preparing metadata (setup.py): finished with status 'done'
Collecting tornado>=4.3 (from jaeger-client==4.8.0)
  Using cached tornado-6.3.3-cp38-abi3-manylinux_2_5_x86_64.manylinux1_x86_64.manylinux_2_17_x86_64.manylinux2014_x86_64.whl.metadata (2.5 kB)
Collecting opentracing<3.0,>=2.1 (from jaeger-client==4.8.0)
  Using cached opentracing-2.4.0-py3-none-any.whl
Collecting six>=1.7.2 (from thrift->jaeger-client==4.8.0)
  Using cached six-1.16.0-py2.py3-none-any.whl (11 kB)
Using cached tornado-6.3.3-cp38-abi3-manylinux_2_5_x86_64.manylinux1_x86_64.manylinux_2_17_x86_64.manylinux2014_x86_64.whl (427 kB)
Building wheels for collected packages: jaeger-client, threadloop, thrift
  Building wheel for jaeger-client (setup.py): started
  Building wheel for jaeger-client (setup.py): finished with status 'done'
  Created wheel for jaeger-client: filename=jaeger_client-4.8.0-py3-none-any.whl size=66030 sha256=8438ee6250d5a9e9d317b7dd64dadf1fcc226fdffa57b5cd4528ea6e42820477
  Stored in directory: /workdir/.cache/pip/wheels/bf/7a/85/760fe56deb8482fee4d4c6b5280a72a5beacb6b5fb8909c431
  Building wheel for threadloop (setup.py): started
  Building wheel for threadloop (setup.py): finished with status 'done'
  Created wheel for threadloop: filename=threadloop-1.0.2-py3-none-any.whl size=3404 sha256=0bbe07f80b40d998e49570dad652459b47946f39197d089f912b06630cb1c94c
  Stored in directory: /workdir/.cache/pip/wheels/e8/e2/30/0aa7e165578667bea9b7b4a60298ebf3d0bbc34c07f96a8aa9
  Building wheel for thrift (setup.py): started
  Building wheel for thrift (setup.py): finished with status 'done'
  Created wheel for thrift: filename=thrift-0.16.0-cp310-cp310-linux_x86_64.whl size=491914 sha256=6b7c1ee00e279aa367f4d67c43ba8cb8fdd4de48ab7b97c2fd2ca63fa83cb2b8
  Stored in directory: /workdir/.cache/pip/wheels/52/f8/d2/acfd995e8247eb0cad372fa6a640a5fcf279ab2ed7c5c4490e
Successfully built jaeger-client threadloop thrift
Installing collected packages: opentracing, tornado, six, thrift, threadloop, jaeger-client
Successfully installed jaeger-client-4.8.0 opentracing-2.4.0 six-1.16.0 threadloop-1.0.2 thrift-0.16.0 tornado-6.3.3
