Collecting jaeger-client==4.8.0
  Downloading jaeger-client-4.8.0.tar.gz (87 kB)
     ━━━━━━━━━━━━━━━━━━━━━━━━━━━━━━━━━━━━━━━━ 87.4/87.4 kB 2.9 MB/s eta 0:00:00
Looking for GraalPy patches for jaeger-client
  Preparing metadata (setup.py): started
  Preparing metadata (setup.py): finished with status 'done'
Collecting threadloop<2,>=1
  Downloading threadloop-1.0.2.tar.gz (4.9 kB)
Looking for GraalPy patches for threadloop
  Preparing metadata (setup.py): started
  Preparing metadata (setup.py): finished with status 'done'
Collecting thrift
  Downloading thrift-0.16.0.tar.gz (59 kB)
     ━━━━━━━━━━━━━━━━━━━━━━━━━━━━━━━━━━━━━━━━ 59.6/59.6 kB 2.9 MB/s eta 0:00:00
Looking for GraalPy patches for thrift
  Preparing metadata (setup.py): started
  Preparing metadata (setup.py): finished with status 'done'
Collecting tornado>=4.3
  Using cached tornado-6.3.3-py3-none-any.whl
Collecting opentracing<3.0,>=2.1
  Using cached opentracing-2.4.0-py3-none-any.whl
Collecting six>=1.7.2
  Using cached six-1.16.0-py2.py3-none-any.whl (11 kB)
Building wheels for collected packages: jaeger-client, threadloop, thrift
  Building wheel for jaeger-client (setup.py): started
  Building wheel for jaeger-client (setup.py): finished with status 'done'
  Created wheel for jaeger-client: filename=jaeger_client-4.8.0-py3-none-any.whl size=66050 sha256=41f757e60be173e310488553456366f7c48611da87351f0bd4c39bb2b0967214
  Stored in directory: /workdir/.cache/pip-graalpy/wheels/cf/52/49/de653f9e2b85e3cc1379bd9cae14775cad97e42c7f7c675b7c
  Building wheel for threadloop (setup.py): started
  Building wheel for threadloop (setup.py): finished with status 'done'
  Created wheel for threadloop: filename=threadloop-1.0.2-py3-none-any.whl size=3422 sha256=3fd9b58380347641bc652d01a8e333228043ed0a6e03990805018312b3a18cb3
  Stored in directory: /workdir/.cache/pip-graalpy/wheels/a1/e2/e9/0fd5265e17c07ed503c3ff8f650a9a82612841074013ed2a13
  Building wheel for thrift (setup.py): started
  Building wheel for thrift (setup.py): finished with status 'done'
  Created wheel for thrift: filename=thrift-0.16.0-graalpy310-graalpy231_310_native-linux_x86_64.whl size=247017 sha256=03ef8cdd3e97b1776cafdfc8a9776bc3ddc7a5da35d5c6793e8eba3e661a4a82
  Stored in directory: /workdir/.cache/pip-graalpy/wheels/08/dd/41/b782466becd968d6b599ea8e9cce0511b461042c4ffb2e0cb6
Successfully built jaeger-client threadloop thrift
Installing collected packages: opentracing, tornado, six, thrift, threadloop, jaeger-client
Looking for GraalPy patches for opentracing
Looking for GraalPy patches for tornado
Looking for GraalPy patches for six
Looking for GraalPy patches for thrift
Looking for GraalPy patches for threadloop
Looking for GraalPy patches for jaeger_client
Successfully installed jaeger-client-4.8.0 opentracing-2.4.0 six-1.16.0 threadloop-1.0.2 thrift-0.16.0 tornado-6.3.3
