Collecting streamlit==1.15.2
  Downloading streamlit-1.15.2-py2.py3-none-any.whl (9.2 MB)
     ━━━━━━━━━━━━━━━━━━━━━━━━━━━━━━━━━━━━━━━━ 9.2/9.2 MB 26.3 MB/s eta 0:00:00
Collecting altair>=3.2.0 (from streamlit==1.15.2)
  Downloading altair-5.2.0-py3-none-any.whl.metadata (8.7 kB)
Collecting blinker>=1.0.0 (from streamlit==1.15.2)
  Using cached blinker-1.7.0-py3-none-any.whl.metadata (1.9 kB)
Collecting cachetools>=4.0 (from streamlit==1.15.2)
  Using cached cachetools-5.3.2-py3-none-any.whl.metadata (5.2 kB)
Collecting click>=7.0 (from streamlit==1.15.2)
  Using cached click-8.1.7-py3-none-any.whl.metadata (3.0 kB)
Collecting importlib-metadata>=1.4 (from streamlit==1.15.2)
  Using cached importlib_metadata-6.8.0-py3-none-any.whl.metadata (5.1 kB)
Collecting numpy (from streamlit==1.15.2)
  Using cached numpy-1.26.2-cp310-cp310-manylinux_2_17_x86_64.manylinux2014_x86_64.whl.metadata (61 kB)
Collecting packaging>=14.1 (from streamlit==1.15.2)
  Using cached packaging-23.2-py3-none-any.whl.metadata (3.2 kB)
Collecting pandas>=0.21.0 (from streamlit==1.15.2)
  Using cached pandas-2.1.3-cp310-cp310-manylinux_2_17_x86_64.manylinux2014_x86_64.whl.metadata (18 kB)
Collecting pillow>=6.2.0 (from streamlit==1.15.2)
  Using cached Pillow-10.1.0-cp310-cp310-manylinux_2_28_x86_64.whl.metadata (9.5 kB)
Collecting protobuf<4,>=3.12 (from streamlit==1.15.2)
  Using cached protobuf-3.20.3-cp310-cp310-manylinux_2_12_x86_64.manylinux2010_x86_64.whl (1.1 MB)
Collecting pyarrow>=4.0 (from streamlit==1.15.2)
  Downloading pyarrow-14.0.1-cp310-cp310-manylinux_2_28_x86_64.whl.metadata (3.0 kB)
Collecting pympler>=0.9 (from streamlit==1.15.2)
  Downloading Pympler-1.0.1-py3-none-any.whl (164 kB)
     ━━━━━━━━━━━━━━━━━━━━━━━━━━━━━━━━━━━━━━ 164.8/164.8 kB 21.6 MB/s eta 0:00:00
Collecting python-dateutil (from streamlit==1.15.2)
  Using cached python_dateutil-2.8.2-py2.py3-none-any.whl (247 kB)
Collecting requests>=2.4 (from streamlit==1.15.2)
  Using cached requests-2.31.0-py3-none-any.whl.metadata (4.6 kB)
Collecting rich>=10.11.0 (from streamlit==1.15.2)
  Using cached rich-13.7.0-py3-none-any.whl.metadata (18 kB)
Collecting semver (from streamlit==1.15.2)
  Downloading semver-3.0.2-py3-none-any.whl.metadata (5.0 kB)
Collecting toml (from streamlit==1.15.2)
  Using cached toml-0.10.2-py2.py3-none-any.whl (16 kB)
Collecting typing-extensions>=3.10.0.0 (from streamlit==1.15.2)
  Using cached typing_extensions-4.8.0-py3-none-any.whl.metadata (3.0 kB)
Collecting tzlocal>=1.1 (from streamlit==1.15.2)
  Downloading tzlocal-5.2-py3-none-any.whl.metadata (7.8 kB)
Collecting validators>=0.2 (from streamlit==1.15.2)
  Downloading validators-0.22.0-py3-none-any.whl.metadata (4.7 kB)
Collecting gitpython!=3.1.19 (from streamlit==1.15.2)
  Using cached GitPython-3.1.40-py3-none-any.whl.metadata (12 kB)
Collecting pydeck>=0.1.dev5 (from streamlit==1.15.2)
  Downloading pydeck-0.8.1b0-py2.py3-none-any.whl (4.8 MB)
     ━━━━━━━━━━━━━━━━━━━━━━━━━━━━━━━━━━━━━━━━ 4.8/4.8 MB 28.9 MB/s eta 0:00:00
Collecting tornado>=5.0 (from streamlit==1.15.2)
  Using cached tornado-6.4-cp38-abi3-manylinux_2_5_x86_64.manylinux1_x86_64.manylinux_2_17_x86_64.manylinux2014_x86_64.whl.metadata (2.5 kB)
Collecting watchdog (from streamlit==1.15.2)
  Using cached watchdog-3.0.0-py3-none-manylinux2014_x86_64.whl (82 kB)
Collecting jinja2 (from altair>=3.2.0->streamlit==1.15.2)
  Using cached Jinja2-3.1.2-py3-none-any.whl (133 kB)
Collecting jsonschema>=3.0 (from altair>=3.2.0->streamlit==1.15.2)
  Downloading jsonschema-4.20.0-py3-none-any.whl.metadata (8.1 kB)
Collecting toolz (from altair>=3.2.0->streamlit==1.15.2)
  Downloading toolz-0.12.0-py3-none-any.whl (55 kB)
     ━━━━━━━━━━━━━━━━━━━━━━━━━━━━━━━━━━━━━━━━ 55.8/55.8 kB 9.7 MB/s eta 0:00:00
Collecting gitdb<5,>=4.0.1 (from gitpython!=3.1.19->streamlit==1.15.2)
  Using cached gitdb-4.0.11-py3-none-any.whl.metadata (1.2 kB)
Collecting zipp>=0.5 (from importlib-metadata>=1.4->streamlit==1.15.2)
  Using cached zipp-3.17.0-py3-none-any.whl.metadata (3.7 kB)
Collecting pytz>=2020.1 (from pandas>=0.21.0->streamlit==1.15.2)
  Using cached pytz-2023.3.post1-py2.py3-none-any.whl.metadata (22 kB)
Collecting tzdata>=2022.1 (from pandas>=0.21.0->streamlit==1.15.2)
  Using cached tzdata-2023.3-py2.py3-none-any.whl (341 kB)
Collecting six>=1.5 (from python-dateutil->streamlit==1.15.2)
  Using cached six-1.16.0-py2.py3-none-any.whl (11 kB)
Collecting charset-normalizer<4,>=2 (from requests>=2.4->streamlit==1.15.2)
  Using cached charset_normalizer-3.3.2-cp310-cp310-manylinux_2_17_x86_64.manylinux2014_x86_64.whl.metadata (33 kB)
Collecting idna<4,>=2.5 (from requests>=2.4->streamlit==1.15.2)
  Using cached idna-3.6-py3-none-any.whl.metadata (9.9 kB)
Collecting urllib3<3,>=1.21.1 (from requests>=2.4->streamlit==1.15.2)
  Using cached urllib3-2.1.0-py3-none-any.whl.metadata (6.4 kB)
Collecting certifi>=2017.4.17 (from requests>=2.4->streamlit==1.15.2)
  Using cached certifi-2023.11.17-py3-none-any.whl.metadata (2.2 kB)
Collecting markdown-it-py>=2.2.0 (from rich>=10.11.0->streamlit==1.15.2)
  Using cached markdown_it_py-3.0.0-py3-none-any.whl.metadata (6.9 kB)
Collecting pygments<3.0.0,>=2.13.0 (from rich>=10.11.0->streamlit==1.15.2)
  Using cached pygments-2.17.2-py3-none-any.whl.metadata (2.6 kB)
Collecting smmap<6,>=3.0.1 (from gitdb<5,>=4.0.1->gitpython!=3.1.19->streamlit==1.15.2)
  Using cached smmap-5.0.1-py3-none-any.whl.metadata (4.3 kB)
Collecting MarkupSafe>=2.0 (from jinja2->altair>=3.2.0->streamlit==1.15.2)
  Using cached MarkupSafe-2.1.3-cp310-cp310-manylinux_2_17_x86_64.manylinux2014_x86_64.whl.metadata (3.0 kB)
Collecting attrs>=22.2.0 (from jsonschema>=3.0->altair>=3.2.0->streamlit==1.15.2)
  Using cached attrs-23.1.0-py3-none-any.whl (61 kB)
Collecting jsonschema-specifications>=2023.03.6 (from jsonschema>=3.0->altair>=3.2.0->streamlit==1.15.2)
  Downloading jsonschema_specifications-2023.11.1-py3-none-any.whl.metadata (2.8 kB)
Collecting referencing>=0.28.4 (from jsonschema>=3.0->altair>=3.2.0->streamlit==1.15.2)
  Downloading referencing-0.31.1-py3-none-any.whl.metadata (2.7 kB)
Collecting rpds-py>=0.7.1 (from jsonschema>=3.0->altair>=3.2.0->streamlit==1.15.2)
  Downloading rpds_py-0.13.2-cp310-cp310-manylinux_2_17_x86_64.manylinux2014_x86_64.whl.metadata (3.9 kB)
Collecting mdurl~=0.1 (from markdown-it-py>=2.2.0->rich>=10.11.0->streamlit==1.15.2)
  Using cached mdurl-0.1.2-py3-none-any.whl (10.0 kB)
Downloading altair-5.2.0-py3-none-any.whl (996 kB)
   ━━━━━━━━━━━━━━━━━━━━━━━━━━━━━━━━━━━━━━━━ 996.9/996.9 kB 22.6 MB/s eta 0:00:00
Using cached blinker-1.7.0-py3-none-any.whl (13 kB)
Using cached cachetools-5.3.2-py3-none-any.whl (9.3 kB)
Using cached click-8.1.7-py3-none-any.whl (97 kB)
Using cached GitPython-3.1.40-py3-none-any.whl (190 kB)
Using cached importlib_metadata-6.8.0-py3-none-any.whl (22 kB)
Using cached packaging-23.2-py3-none-any.whl (53 kB)
Using cached pandas-2.1.3-cp310-cp310-manylinux_2_17_x86_64.manylinux2014_x86_64.whl (12.3 MB)
Using cached numpy-1.26.2-cp310-cp310-manylinux_2_17_x86_64.manylinux2014_x86_64.whl (18.2 MB)
Using cached Pillow-10.1.0-cp310-cp310-manylinux_2_28_x86_64.whl (3.6 MB)
Downloading pyarrow-14.0.1-cp310-cp310-manylinux_2_28_x86_64.whl (38.0 MB)
   ━━━━━━━━━━━━━━━━━━━━━━━━━━━━━━━━━━━━━━━━ 38.0/38.0 MB 22.7 MB/s eta 0:00:00
Using cached requests-2.31.0-py3-none-any.whl (62 kB)
Using cached rich-13.7.0-py3-none-any.whl (240 kB)
Using cached tornado-6.4-cp38-abi3-manylinux_2_5_x86_64.manylinux1_x86_64.manylinux_2_17_x86_64.manylinux2014_x86_64.whl (435 kB)
Using cached typing_extensions-4.8.0-py3-none-any.whl (31 kB)
Downloading tzlocal-5.2-py3-none-any.whl (17 kB)
Downloading validators-0.22.0-py3-none-any.whl (26 kB)
Downloading semver-3.0.2-py3-none-any.whl (17 kB)
Using cached certifi-2023.11.17-py3-none-any.whl (162 kB)
Using cached charset_normalizer-3.3.2-cp310-cp310-manylinux_2_17_x86_64.manylinux2014_x86_64.whl (142 kB)
Using cached gitdb-4.0.11-py3-none-any.whl (62 kB)
Using cached idna-3.6-py3-none-any.whl (61 kB)
Downloading jsonschema-4.20.0-py3-none-any.whl (84 kB)
   ━━━━━━━━━━━━━━━━━━━━━━━━━━━━━━━━━━━━━━━━ 84.7/84.7 kB 13.4 MB/s eta 0:00:00
Using cached markdown_it_py-3.0.0-py3-none-any.whl (87 kB)
Using cached pygments-2.17.2-py3-none-any.whl (1.2 MB)
Using cached pytz-2023.3.post1-py2.py3-none-any.whl (502 kB)
Using cached urllib3-2.1.0-py3-none-any.whl (104 kB)
Using cached zipp-3.17.0-py3-none-any.whl (7.4 kB)
Downloading jsonschema_specifications-2023.11.1-py3-none-any.whl (17 kB)
Using cached MarkupSafe-2.1.3-cp310-cp310-manylinux_2_17_x86_64.manylinux2014_x86_64.whl (25 kB)
Downloading referencing-0.31.1-py3-none-any.whl (25 kB)
Downloading rpds_py-0.13.2-cp310-cp310-manylinux_2_17_x86_64.manylinux2014_x86_64.whl (1.2 MB)
   ━━━━━━━━━━━━━━━━━━━━━━━━━━━━━━━━━━━━━━━━ 1.2/1.2 MB 27.1 MB/s eta 0:00:00
Using cached smmap-5.0.1-py3-none-any.whl (24 kB)
Installing collected packages: pytz, zipp, watchdog, validators, urllib3, tzlocal, tzdata, typing-extensions, tornado, toolz, toml, smmap, six, semver, rpds-py, pympler, pygments, protobuf, pillow, packaging, numpy, mdurl, MarkupSafe, idna, click, charset-normalizer, certifi, cachetools, blinker, attrs, requests, referencing, python-dateutil, pyarrow, markdown-it-py, jinja2, importlib-metadata, gitdb, rich, pydeck, pandas, jsonschema-specifications, gitpython, jsonschema, altair, streamlit
Successfully installed MarkupSafe-2.1.3 altair-5.2.0 attrs-23.1.0 blinker-1.7.0 cachetools-5.3.2 certifi-2023.11.17 charset-normalizer-3.3.2 click-8.1.7 gitdb-4.0.11 gitpython-3.1.40 idna-3.6 importlib-metadata-6.8.0 jinja2-3.1.2 jsonschema-4.20.0 jsonschema-specifications-2023.11.1 markdown-it-py-3.0.0 mdurl-0.1.2 numpy-1.26.2 packaging-23.2 pandas-2.1.3 pillow-10.1.0 protobuf-3.20.3 pyarrow-14.0.1 pydeck-0.8.1b0 pygments-2.17.2 pympler-1.0.1 python-dateutil-2.8.2 pytz-2023.3.post1 referencing-0.31.1 requests-2.31.0 rich-13.7.0 rpds-py-0.13.2 semver-3.0.2 six-1.16.0 smmap-5.0.1 streamlit-1.15.2 toml-0.10.2 toolz-0.12.0 tornado-6.4 typing-extensions-4.8.0 tzdata-2023.3 tzlocal-5.2 urllib3-2.1.0 validators-0.22.0 watchdog-3.0.0 zipp-3.17.0
