Collecting scikit-image==0.19.3
  Downloading scikit_image-0.19.3-cp310-cp310-manylinux_2_17_x86_64.manylinux2014_x86_64.whl (13.9 MB)
     ━━━━━━━━━━━━━━━━━━━━━━━━━━━━━━━━━━━━━━━━ 13.9/13.9 MB 29.8 MB/s eta 0:00:00
Collecting numpy>=1.17.0 (from scikit-image==0.19.3)
  Using cached numpy-1.26.2-cp310-cp310-manylinux_2_17_x86_64.manylinux2014_x86_64.whl.metadata (61 kB)
Collecting scipy>=1.4.1 (from scikit-image==0.19.3)
  Using cached scipy-1.11.4-cp310-cp310-manylinux_2_17_x86_64.manylinux2014_x86_64.whl.metadata (60 kB)
Collecting networkx>=2.2 (from scikit-image==0.19.3)
  Using cached networkx-3.2.1-py3-none-any.whl.metadata (5.2 kB)
Collecting pillow!=7.1.0,!=7.1.1,!=8.3.0,>=6.1.0 (from scikit-image==0.19.3)
  Using cached Pillow-10.1.0-cp310-cp310-manylinux_2_28_x86_64.whl.metadata (9.5 kB)
Collecting imageio>=2.4.1 (from scikit-image==0.19.3)
  Downloading imageio-2.33.0-py3-none-any.whl.metadata (4.9 kB)
Collecting tifffile>=2019.7.26 (from scikit-image==0.19.3)
  Downloading tifffile-2023.9.26-py3-none-any.whl.metadata (30 kB)
Collecting PyWavelets>=1.1.1 (from scikit-image==0.19.3)
  Downloading pywavelets-1.5.0-cp310-cp310-manylinux_2_17_x86_64.manylinux2014_x86_64.whl.metadata (9.0 kB)
Collecting packaging>=20.0 (from scikit-image==0.19.3)
  Using cached packaging-23.2-py3-none-any.whl.metadata (3.2 kB)
Downloading imageio-2.33.0-py3-none-any.whl (313 kB)
   ━━━━━━━━━━━━━━━━━━━━━━━━━━━━━━━━━━━━━━━━ 313.3/313.3 kB 25.3 MB/s eta 0:00:00
Using cached networkx-3.2.1-py3-none-any.whl (1.6 MB)
Using cached numpy-1.26.2-cp310-cp310-manylinux_2_17_x86_64.manylinux2014_x86_64.whl (18.2 MB)
Using cached packaging-23.2-py3-none-any.whl (53 kB)
Using cached Pillow-10.1.0-cp310-cp310-manylinux_2_28_x86_64.whl (3.6 MB)
Downloading pywavelets-1.5.0-cp310-cp310-manylinux_2_17_x86_64.manylinux2014_x86_64.whl (4.5 MB)
   ━━━━━━━━━━━━━━━━━━━━━━━━━━━━━━━━━━━━━━━━ 4.5/4.5 MB 30.0 MB/s eta 0:00:00
Using cached scipy-1.11.4-cp310-cp310-manylinux_2_17_x86_64.manylinux2014_x86_64.whl (36.4 MB)
Downloading tifffile-2023.9.26-py3-none-any.whl (222 kB)
   ━━━━━━━━━━━━━━━━━━━━━━━━━━━━━━━━━━━━━━━━ 222.9/222.9 kB 28.3 MB/s eta 0:00:00
Installing collected packages: pillow, packaging, numpy, networkx, tifffile, scipy, PyWavelets, imageio, scikit-image
Successfully installed PyWavelets-1.5.0 imageio-2.33.0 networkx-3.2.1 numpy-1.26.2 packaging-23.2 pillow-10.1.0 scikit-image-0.19.3 scipy-1.11.4 tifffile-2023.9.26
