Collecting Cerberus==1.3.4
  Downloading Cerberus-1.3.4.tar.gz (63 kB)
     ━━━━━━━━━━━━━━━━━━━━━━━━━━━━━━━━━━━━━━━━ 63.8/63.8 kB 1.9 MB/s eta 0:00:00
Looking for GraalPy patches for Cerberus
  Installing build dependencies: started
  Installing build dependencies: finished with status 'done'
  Getting requirements to build wheel: started
  Getting requirements to build wheel: finished with status 'done'
  Preparing metadata (pyproject.toml): started
  Preparing metadata (pyproject.toml): finished with status 'done'
Requirement already satisfied: setuptools in ./install-virtualenv/lib/python3.10/site-packages (from Cerberus==1.3.4) (63.2.0)
Building wheels for collected packages: Cerberus
  Building wheel for Cerberus (pyproject.toml): started
  Building wheel for Cerberus (pyproject.toml): finished with status 'done'
  Created wheel for Cerberus: filename=Cerberus-1.3.4-py3-none-any.whl size=58193 sha256=cf30d3645bfd92112181a94fcec60e80cad891038e78cf59a186e0bfc364e9a4
  Stored in directory: /workdir/.cache/pip-graalpy/wheels/a2/87/33/474a889520a20832fc63eea6ec779fe467c3f023ebdbe08fc8
Successfully built Cerberus
Installing collected packages: Cerberus
Looking for GraalPy patches for Cerberus
Successfully installed Cerberus-1.3.4
