Collecting huggingface-hub==0.15.1
  Downloading huggingface_hub-0.15.1-py3-none-any.whl.metadata (8.0 kB)
Collecting filelock (from huggingface-hub==0.15.1)
  Using cached filelock-3.13.1-py3-none-any.whl.metadata (2.8 kB)
Collecting fsspec (from huggingface-hub==0.15.1)
  Downloading fsspec-2023.10.0-py3-none-any.whl.metadata (6.8 kB)
Collecting requests (from huggingface-hub==0.15.1)
  Using cached requests-2.31.0-py3-none-any.whl.metadata (4.6 kB)
Collecting tqdm>=4.42.1 (from huggingface-hub==0.15.1)
  Downloading tqdm-4.66.1-py3-none-any.whl.metadata (57 kB)
     ━━━━━━━━━━━━━━━━━━━━━━━━━━━━━━━━━━━━━━━━ 57.6/57.6 kB 2.7 MB/s eta 0:00:00
Collecting pyyaml>=5.1 (from huggingface-hub==0.15.1)
  Using cached PyYAML-6.0.1-cp310-cp310-manylinux_2_17_x86_64.manylinux2014_x86_64.whl.metadata (2.1 kB)
Collecting typing-extensions>=3.7.4.3 (from huggingface-hub==0.15.1)
  Using cached typing_extensions-4.8.0-py3-none-any.whl.metadata (3.0 kB)
Collecting packaging>=20.9 (from huggingface-hub==0.15.1)
  Using cached packaging-23.2-py3-none-any.whl.metadata (3.2 kB)
Collecting charset-normalizer<4,>=2 (from requests->huggingface-hub==0.15.1)
  Using cached charset_normalizer-3.3.2-cp310-cp310-manylinux_2_17_x86_64.manylinux2014_x86_64.whl.metadata (33 kB)
Collecting idna<4,>=2.5 (from requests->huggingface-hub==0.15.1)
  Using cached idna-3.4-py3-none-any.whl (61 kB)
Collecting urllib3<3,>=1.21.1 (from requests->huggingface-hub==0.15.1)
  Using cached urllib3-2.1.0-py3-none-any.whl.metadata (6.4 kB)
Collecting certifi>=2017.4.17 (from requests->huggingface-hub==0.15.1)
  Using cached certifi-2023.11.17-py3-none-any.whl.metadata (2.2 kB)
Downloading huggingface_hub-0.15.1-py3-none-any.whl (236 kB)
   ━━━━━━━━━━━━━━━━━━━━━━━━━━━━━━━━━━━━━━━━ 236.8/236.8 kB 11.4 MB/s eta 0:00:00
Using cached packaging-23.2-py3-none-any.whl (53 kB)
Using cached PyYAML-6.0.1-cp310-cp310-manylinux_2_17_x86_64.manylinux2014_x86_64.whl (705 kB)
Downloading tqdm-4.66.1-py3-none-any.whl (78 kB)
   ━━━━━━━━━━━━━━━━━━━━━━━━━━━━━━━━━━━━━━━━ 78.3/78.3 kB 6.7 MB/s eta 0:00:00
Using cached typing_extensions-4.8.0-py3-none-any.whl (31 kB)
Using cached filelock-3.13.1-py3-none-any.whl (11 kB)
Downloading fsspec-2023.10.0-py3-none-any.whl (166 kB)
   ━━━━━━━━━━━━━━━━━━━━━━━━━━━━━━━━━━━━━━━━ 166.4/166.4 kB 15.5 MB/s eta 0:00:00
Using cached requests-2.31.0-py3-none-any.whl (62 kB)
Using cached certifi-2023.11.17-py3-none-any.whl (162 kB)
Using cached charset_normalizer-3.3.2-cp310-cp310-manylinux_2_17_x86_64.manylinux2014_x86_64.whl (142 kB)
Using cached urllib3-2.1.0-py3-none-any.whl (104 kB)
Installing collected packages: urllib3, typing-extensions, tqdm, pyyaml, packaging, idna, fsspec, filelock, charset-normalizer, certifi, requests, huggingface-hub
Successfully installed certifi-2023.11.17 charset-normalizer-3.3.2 filelock-3.13.1 fsspec-2023.10.0 huggingface-hub-0.15.1 idna-3.4 packaging-23.2 pyyaml-6.0.1 requests-2.31.0 tqdm-4.66.1 typing-extensions-4.8.0 urllib3-2.1.0
