Collecting huggingface-hub==0.15.1
  Downloading huggingface_hub-0.15.1-py3-none-any.whl (236 kB)
     ━━━━━━━━━━━━━━━━━━━━━━━━━━━━━━━━━━━━━━━ 236.8/236.8 kB 4.3 MB/s eta 0:00:00
Collecting filelock
  Using cached filelock-3.13.1-py3-none-any.whl (11 kB)
Collecting fsspec
  Downloading fsspec-2023.10.0-py3-none-any.whl (166 kB)
     ━━━━━━━━━━━━━━━━━━━━━━━━━━━━━━━━━━━━━━━ 166.4/166.4 kB 4.5 MB/s eta 0:00:00
Collecting requests
  Using cached requests-2.31.0-py3-none-any.whl (62 kB)
Collecting tqdm>=4.42.1
  Downloading tqdm-4.66.1-py3-none-any.whl (78 kB)
     ━━━━━━━━━━━━━━━━━━━━━━━━━━━━━━━━━━━━━━━━ 78.3/78.3 kB 2.5 MB/s eta 0:00:00
Collecting pyyaml>=5.1
  Using cached PyYAML-6.0.1-py3-none-any.whl
Collecting typing-extensions>=3.7.4.3
  Using cached typing_extensions-4.8.0-py3-none-any.whl (31 kB)
Collecting packaging>=20.9
  Using cached packaging-23.2-py3-none-any.whl (53 kB)
Collecting charset-normalizer<4,>=2
  Using cached charset_normalizer-3.1.0-py3-none-any.whl (46 kB)
Collecting idna<4,>=2.5
  Using cached idna-3.4-py3-none-any.whl (61 kB)
Collecting urllib3<3,>=1.21.1
  Using cached urllib3-2.1.0-py3-none-any.whl (104 kB)
Collecting certifi>=2017.4.17
  Using cached certifi-2023.11.17-py3-none-any.whl (162 kB)
Installing collected packages: urllib3, typing-extensions, tqdm, pyyaml, packaging, idna, fsspec, filelock, charset-normalizer, certifi, requests, huggingface-hub
Looking for GraalPy patches for urllib3
Looking for GraalPy patches for typing_extensions
Looking for GraalPy patches for tqdm
Looking for GraalPy patches for PyYAML
Looking for GraalPy patches for packaging
Patching package packaging using /opt/graalpy/lib/graalpy23.1/patches/packaging/packaging.patch
patching file packaging/tags.py
Hunk #1 FAILED at 4.
Hunk #2 FAILED at 37.
2 out of 2 hunks FAILED -- saving rejects to file packaging/tags.py.rej
Applying GraalPy patch failed for packaging. The package may still work.
Looking for GraalPy patches for idna
Looking for GraalPy patches for fsspec
Looking for GraalPy patches for filelock
Looking for GraalPy patches for charset_normalizer
Patching package charset_normalizer using /opt/graalpy/lib/graalpy23.1/patches/charset_normalizer/charset_normalizer-3.1.0.patch
patching file charset_normalizer/utils.py
Hunk #1 succeeded at 7 with fuzz 2 (offset -4 lines).
Hunk #2 succeeded at 258 with fuzz 2 (offset 11 lines).
Looking for GraalPy patches for certifi
Looking for GraalPy patches for requests
Looking for GraalPy patches for huggingface_hub
Successfully installed certifi-2023.11.17 charset-normalizer-3.1.0 filelock-3.13.1 fsspec-2023.10.0 huggingface-hub-0.15.1 idna-3.4 packaging-23.2 pyyaml-6.0.1 requests-2.31.0 tqdm-4.66.1 typing-extensions-4.8.0 urllib3-2.1.0
