Collecting lxml==4.9.1
  Using cached lxml-4.9.1-graalpy310-graalpy231_310_native-linux_x86_64.whl
Installing collected packages: lxml
Looking for GraalPy patches for lxml
Patching package lxml using /opt/graalpy/lib/graalpy23.1/patches/lxml/lxml-4.9.1.patch
patching file pyproject.toml
can't find file to patch at input line 14
Perhaps you used the wrong -p or --strip option?
The text leading up to this was:
--------------------------
|diff --git a/setupinfo.py b/setupinfo.py
|index 6758914..288d09e 100644
|--- a/setupinfo.py
|+++ b/setupinfo.py
--------------------------
No file to patch.  Skipping patch.
1 out of 1 hunk ignored
can't find file to patch at input line 27
Perhaps you used the wrong -p or --strip option?
The text leading up to this was:
--------------------------
|diff --git a/src/lxml/etree.c b/src/lxml/etree.c
|index 28ad548..cb066dc 100644
|--- a/src/lxml/etree.c
|+++ b/src/lxml/etree.c
--------------------------
No file to patch.  Skipping patch.
1 out of 1 hunk ignored
Applying GraalPy patch failed for lxml. The package may still work.
Successfully installed lxml-4.9.1
