Collecting ipython==8.7.0
  Downloading ipython-8.7.0-py3-none-any.whl (761 kB)
     ━━━━━━━━━━━━━━━━━━━━━━━━━━━━━━━━━━━━━━━ 761.7/761.7 kB 8.7 MB/s eta 0:00:00
Collecting backcall (from ipython==8.7.0)
  Downloading backcall-0.2.0-py2.py3-none-any.whl (11 kB)
Collecting decorator (from ipython==8.7.0)
  Using cached decorator-5.1.1-py3-none-any.whl (9.1 kB)
Collecting jedi>=0.16 (from ipython==8.7.0)
  Using cached jedi-0.19.1-py2.py3-none-any.whl.metadata (22 kB)
Collecting matplotlib-inline (from ipython==8.7.0)
  Using cached matplotlib_inline-0.1.6-py3-none-any.whl (9.4 kB)
Collecting pickleshare (from ipython==8.7.0)
  Downloading pickleshare-0.7.5-py2.py3-none-any.whl (6.9 kB)
Collecting prompt-toolkit<3.1.0,>=3.0.11 (from ipython==8.7.0)
  Using cached prompt_toolkit-3.0.41-py3-none-any.whl.metadata (6.5 kB)
Collecting pygments>=2.4.0 (from ipython==8.7.0)
  Using cached pygments-2.17.2-py3-none-any.whl.metadata (2.6 kB)
Collecting stack-data (from ipython==8.7.0)
  Using cached stack_data-0.6.3-py3-none-any.whl.metadata (18 kB)
Collecting traitlets>=5 (from ipython==8.7.0)
  Using cached traitlets-5.13.0-py3-none-any.whl.metadata (10 kB)
Collecting pexpect>4.3 (from ipython==8.7.0)
  Using cached pexpect-4.8.0-py2.py3-none-any.whl (59 kB)
Collecting parso<0.9.0,>=0.8.3 (from jedi>=0.16->ipython==8.7.0)
  Using cached parso-0.8.3-py2.py3-none-any.whl (100 kB)
Collecting ptyprocess>=0.5 (from pexpect>4.3->ipython==8.7.0)
  Using cached ptyprocess-0.7.0-py2.py3-none-any.whl (13 kB)
Collecting wcwidth (from prompt-toolkit<3.1.0,>=3.0.11->ipython==8.7.0)
  Using cached wcwidth-0.2.12-py2.py3-none-any.whl.metadata (14 kB)
Collecting executing>=1.2.0 (from stack-data->ipython==8.7.0)
  Using cached executing-2.0.1-py2.py3-none-any.whl.metadata (9.0 kB)
Collecting asttokens>=2.1.0 (from stack-data->ipython==8.7.0)
  Using cached asttokens-2.4.1-py2.py3-none-any.whl.metadata (5.2 kB)
Collecting pure-eval (from stack-data->ipython==8.7.0)
  Using cached pure_eval-0.2.2-py3-none-any.whl (11 kB)
Collecting six>=1.12.0 (from asttokens>=2.1.0->stack-data->ipython==8.7.0)
  Using cached six-1.16.0-py2.py3-none-any.whl (11 kB)
Using cached jedi-0.19.1-py2.py3-none-any.whl (1.6 MB)
Using cached prompt_toolkit-3.0.41-py3-none-any.whl (385 kB)
Using cached pygments-2.17.2-py3-none-any.whl (1.2 MB)
Using cached traitlets-5.13.0-py3-none-any.whl (84 kB)
Using cached stack_data-0.6.3-py3-none-any.whl (24 kB)
Using cached asttokens-2.4.1-py2.py3-none-any.whl (27 kB)
Using cached executing-2.0.1-py2.py3-none-any.whl (24 kB)
Using cached wcwidth-0.2.12-py2.py3-none-any.whl (34 kB)
Installing collected packages: wcwidth, pure-eval, ptyprocess, pickleshare, backcall, traitlets, six, pygments, prompt-toolkit, pexpect, parso, executing, decorator, matplotlib-inline, jedi, asttokens, stack-data, ipython
Successfully installed asttokens-2.4.1 backcall-0.2.0 decorator-5.1.1 executing-2.0.1 ipython-8.7.0 jedi-0.19.1 matplotlib-inline-0.1.6 parso-0.8.3 pexpect-4.8.0 pickleshare-0.7.5 prompt-toolkit-3.0.41 ptyprocess-0.7.0 pure-eval-0.2.2 pygments-2.17.2 six-1.16.0 stack-data-0.6.3 traitlets-5.13.0 wcwidth-0.2.12
