Collecting ipython==8.7.0
  Downloading ipython-8.7.0-py3-none-any.whl (761 kB)
     ━━━━━━━━━━━━━━━━━━━━━━━━━━━━━━━━━━━━━━━ 761.7/761.7 kB 7.0 MB/s eta 0:00:00
Collecting backcall
  Downloading backcall-0.2.0-py2.py3-none-any.whl (11 kB)
Collecting decorator
  Using cached decorator-5.1.1-py3-none-any.whl (9.1 kB)
Collecting jedi>=0.16
  Using cached jedi-0.19.1-py2.py3-none-any.whl (1.6 MB)
Collecting matplotlib-inline
  Using cached matplotlib_inline-0.1.6-py3-none-any.whl (9.4 kB)
Collecting pickleshare
  Downloading pickleshare-0.7.5-py2.py3-none-any.whl (6.9 kB)
Collecting prompt-toolkit<3.1.0,>=3.0.11
  Using cached prompt_toolkit-3.0.41-py3-none-any.whl (385 kB)
Collecting pygments>=2.4.0
  Using cached pygments-2.17.2-py3-none-any.whl (1.2 MB)
Collecting stack-data
  Using cached stack_data-0.6.3-py3-none-any.whl (24 kB)
Collecting traitlets>=5
  Using cached traitlets-5.13.0-py3-none-any.whl (84 kB)
Collecting pexpect>4.3
  Using cached pexpect-4.8.0-py2.py3-none-any.whl (59 kB)
Collecting parso<0.9.0,>=0.8.3
  Using cached parso-0.8.3-py2.py3-none-any.whl (100 kB)
Collecting ptyprocess>=0.5
  Using cached ptyprocess-0.7.0-py2.py3-none-any.whl (13 kB)
Collecting wcwidth
  Using cached wcwidth-0.2.12-py2.py3-none-any.whl (34 kB)
Collecting executing>=1.2.0
  Using cached executing-2.0.1-py2.py3-none-any.whl (24 kB)
Collecting asttokens>=2.1.0
  Using cached asttokens-2.4.1-py2.py3-none-any.whl (27 kB)
Collecting pure-eval
  Using cached pure_eval-0.2.2-py3-none-any.whl (11 kB)
Collecting six>=1.12.0
  Using cached six-1.16.0-py2.py3-none-any.whl (11 kB)
Installing collected packages: wcwidth, pure-eval, ptyprocess, pickleshare, backcall, traitlets, six, pygments, prompt-toolkit, pexpect, parso, executing, decorator, matplotlib-inline, jedi, asttokens, stack-data, ipython
Looking for GraalPy patches for wcwidth
Looking for GraalPy patches for pure_eval
Looking for GraalPy patches for ptyprocess
Looking for GraalPy patches for pickleshare
Looking for GraalPy patches for backcall
Looking for GraalPy patches for traitlets
Looking for GraalPy patches for six
Looking for GraalPy patches for pygments
Looking for GraalPy patches for prompt_toolkit
Looking for GraalPy patches for pexpect
Looking for GraalPy patches for parso
Looking for GraalPy patches for executing
Looking for GraalPy patches for decorator
Looking for GraalPy patches for matplotlib_inline
Looking for GraalPy patches for jedi
Looking for GraalPy patches for asttokens
Looking for GraalPy patches for stack_data
Looking for GraalPy patches for ipython
Successfully installed asttokens-2.4.1 backcall-0.2.0 decorator-5.1.1 executing-2.0.1 ipython-8.7.0 jedi-0.19.1 matplotlib-inline-0.1.6 parso-0.8.3 pexpect-4.8.0 pickleshare-0.7.5 prompt-toolkit-3.0.41 ptyprocess-0.7.0 pure-eval-0.2.2 pygments-2.17.2 six-1.16.0 stack-data-0.6.3 traitlets-5.13.0 wcwidth-0.2.12
