Collecting jax==0.4.2
  Downloading jax-0.4.2.tar.gz (1.2 MB)
     ━━━━━━━━━━━━━━━━━━━━━━━━━━━━━━━━━━━━━━━━ 1.2/1.2 MB 12.2 MB/s eta 0:00:00
  Preparing metadata (setup.py): started
  Preparing metadata (setup.py): finished with status 'done'
Collecting numpy>=1.20 (from jax==0.4.2)
  Using cached numpy-1.26.2-cp310-cp310-manylinux_2_17_x86_64.manylinux2014_x86_64.whl.metadata (61 kB)
Collecting opt_einsum (from jax==0.4.2)
  Downloading opt_einsum-3.3.0-py3-none-any.whl (65 kB)
     ━━━━━━━━━━━━━━━━━━━━━━━━━━━━━━━━━━━━━━━━ 65.5/65.5 kB 6.7 MB/s eta 0:00:00
Collecting scipy>=1.5 (from jax==0.4.2)
  Using cached scipy-1.11.4-cp310-cp310-manylinux_2_17_x86_64.manylinux2014_x86_64.whl.metadata (60 kB)
Using cached numpy-1.26.2-cp310-cp310-manylinux_2_17_x86_64.manylinux2014_x86_64.whl (18.2 MB)
Using cached scipy-1.11.4-cp310-cp310-manylinux_2_17_x86_64.manylinux2014_x86_64.whl (36.4 MB)
Building wheels for collected packages: jax
  Building wheel for jax (setup.py): started
  Building wheel for jax (setup.py): finished with status 'done'
  Created wheel for jax: filename=jax-0.4.2-py3-none-any.whl size=1363003 sha256=36c7627d62ad629340dacba42f26ce5388ac608d2fb754f854696a28c358c412
  Stored in directory: /workdir/.cache/pip/wheels/26/82/a7/d63c9ce4d1f887c7c9aee2400c60a75fe974488a2e820e7b59
Successfully built jax
Installing collected packages: numpy, scipy, opt_einsum, jax
Successfully installed jax-0.4.2 numpy-1.26.2 opt_einsum-3.3.0 scipy-1.11.4
