Collecting jax==0.4.2
  Downloading jax-0.4.2.tar.gz (1.2 MB)
     ━━━━━━━━━━━━━━━━━━━━━━━━━━━━━━━━━━━━━━━━ 1.2/1.2 MB 7.7 MB/s eta 0:00:00
Looking for GraalPy patches for jax
  Preparing metadata (setup.py): started
  Preparing metadata (setup.py): finished with status 'done'
Collecting numpy>=1.20
  Using cached numpy-1.23.5-graalpy310-graalpy231_310_native-linux_x86_64.whl
Collecting opt_einsum
  Downloading opt_einsum-3.3.0-py3-none-any.whl (65 kB)
     ━━━━━━━━━━━━━━━━━━━━━━━━━━━━━━━━━━━━━━━━ 65.5/65.5 kB 3.1 MB/s eta 0:00:00
Collecting scipy>=1.5
  Using cached scipy-1.10.1-graalpy310-graalpy231_310_native-linux_x86_64.whl
Building wheels for collected packages: jax
  Building wheel for jax (setup.py): started
  Building wheel for jax (setup.py): finished with status 'done'
  Created wheel for jax: filename=jax-0.4.2-py3-none-any.whl size=1363016 sha256=411225d9ef19f8d0fcf1e441e8456eeb59d0a384d5978a57c95f281ce2de12b5
  Stored in directory: /workdir/.cache/pip-graalpy/wheels/9d/ce/e4/58d0239d3e0ac811c5d730dea3996e27ec55b4d2952e359bc1
Successfully built jax
Installing collected packages: numpy, scipy, opt_einsum, jax
Looking for GraalPy patches for numpy
We have patches to make this package work on GraalVM for some version(s).
If installing or running fails, consider using one of the versions that we have patches for:
numpy == 1.16.4
numpy == 1.19.5
numpy == 1.21.6
numpy == 1.22.4
numpy == 1.23.4
numpy == 1.23.1
numpy == 1.23.5
Looking for GraalPy patches for scipy
We have patches to make this package work on GraalVM for some version(s).
If installing or running fails, consider using one of the versions that we have patches for:
scipy == 1.4.1
scipy == 1.7.3
scipy == 1.8.1
scipy == 1.9.3
scipy == 1.10.1
Looking for GraalPy patches for opt_einsum
Looking for GraalPy patches for jax
Successfully installed jax-0.4.2 numpy-1.23.5 opt_einsum-3.3.0 scipy-1.10.1
