Collecting gevent==22.10.2
  Downloading gevent-22.10.2.tar.gz (6.6 MB)
     ━━━━━━━━━━━━━━━━━━━━━━━━━━━━━━━━━━━━━━━━ 6.6/6.6 MB 5.1 MB/s eta 0:00:00
auto-patching C API usages in /tmp/pip-install-7wmrsdmk/gevent_9caf540c3f914000b9a0d2c645ed2778/src/gevent/_ident.c
auto-patching C API usages in /tmp/pip-install-7wmrsdmk/gevent_9caf540c3f914000b9a0d2c645ed2778/src/gevent/_imap.c
auto-patching C API usages in /tmp/pip-install-7wmrsdmk/gevent_9caf540c3f914000b9a0d2c645ed2778/src/gevent/_hub_primitives.c
auto-patching C API usages in /tmp/pip-install-7wmrsdmk/gevent_9caf540c3f914000b9a0d2c645ed2778/src/gevent/event.c
auto-patching C API usages in /tmp/pip-install-7wmrsdmk/gevent_9caf540c3f914000b9a0d2c645ed2778/src/gevent/_waiter.c
auto-patching C API usages in /tmp/pip-install-7wmrsdmk/gevent_9caf540c3f914000b9a0d2c645ed2778/src/gevent/local.c
auto-patching C API usages in /tmp/pip-install-7wmrsdmk/gevent_9caf540c3f914000b9a0d2c645ed2778/src/gevent/greenlet.c
auto-patching C API usages in /tmp/pip-install-7wmrsdmk/gevent_9caf540c3f914000b9a0d2c645ed2778/src/gevent/_greenlet_primitives.c
auto-patching C API usages in /tmp/pip-install-7wmrsdmk/gevent_9caf540c3f914000b9a0d2c645ed2778/src/gevent/_hub_local.c
auto-patching C API usages in /tmp/pip-install-7wmrsdmk/gevent_9caf540c3f914000b9a0d2c645ed2778/src/gevent/queue.c
auto-patching C API usages in /tmp/pip-install-7wmrsdmk/gevent_9caf540c3f914000b9a0d2c645ed2778/src/gevent/_tracer.c
auto-patching C API usages in /tmp/pip-install-7wmrsdmk/gevent_9caf540c3f914000b9a0d2c645ed2778/src/gevent/_semaphore.c
auto-patching C API usages in /tmp/pip-install-7wmrsdmk/gevent_9caf540c3f914000b9a0d2c645ed2778/src/gevent/_abstract_linkable.c
auto-patching C API usages in /tmp/pip-install-7wmrsdmk/gevent_9caf540c3f914000b9a0d2c645ed2778/src/gevent/_generated_include/SliceTupleAndList_impl_61162c68be90c6ddbfa662886410109c320224cc.h
auto-patching C API usages in /tmp/pip-install-7wmrsdmk/gevent_9caf540c3f914000b9a0d2c645ed2778/src/gevent/resolver/cares.c
auto-patching C API usages in /tmp/pip-install-7wmrsdmk/gevent_9caf540c3f914000b9a0d2c645ed2778/src/gevent/libev/corecext.c
Looking for GraalPy patches for gevent
  Installing build dependencies: started
  Installing build dependencies: finished with status 'done'
  Getting requirements to build wheel: started
  Getting requirements to build wheel: still running...
  Getting requirements to build wheel: finished with status 'done'
  Installing backend dependencies: started
  Installing backend dependencies: finished with status 'done'
  Preparing metadata (pyproject.toml): started
  Preparing metadata (pyproject.toml): finished with status 'done'
Collecting zope.event
  Downloading zope.event-5.0-py3-none-any.whl (6.8 kB)
Collecting zope.interface
  Downloading zope.interface-6.1.tar.gz (293 kB)
     ━━━━━━━━━━━━━━━━━━━━━━━━━━━━━━━━━━━━━━━ 293.9/293.9 kB 5.0 MB/s eta 0:00:00
auto-patching C API usages in /tmp/pip-install-7wmrsdmk/zope-interface_f4c3c195f23f48029895de1d59bd28e8/src/zope/interface/_zope_interface_coptimizations.c
Looking for GraalPy patches for zope.interface
  Preparing metadata (setup.py): started
  Preparing metadata (setup.py): finished with status 'done'
Requirement already satisfied: setuptools in ./install-virtualenv/lib/python3.10/site-packages (from gevent==22.10.2) (63.2.0)
Building wheels for collected packages: gevent, zope.interface
  Building wheel for gevent (pyproject.toml): started
  Building wheel for gevent (pyproject.toml): finished with status 'done'
  Created wheel for gevent: filename=gevent-22.10.2-graalpy310-graalpy231_310_native-linux_x86_64.whl size=1749122 sha256=c8b34cb9e1dc5a26a87cd6bb5d774983a3492597a5d5926adfe0c7556a15b2f1
  Stored in directory: /workdir/.cache/pip-graalpy/wheels/f0/a5/99/c75b13ec7ee4060d08ba75c399585e666f34859d6da5fc466a
  Building wheel for zope.interface (setup.py): started
  Building wheel for zope.interface (setup.py): finished with status 'done'
  Created wheel for zope.interface: filename=zope.interface-6.1-graalpy310-graalpy231_310_native-linux_x86_64.whl size=205218 sha256=681aa2ea1368118532b36930863902e259838a531169ac20fe4dbf2a615596b2
  Stored in directory: /workdir/.cache/pip-graalpy/wheels/7c/f6/66/4100b58933ba1252d08fe8ad89e7d97255b4ec5326c05bb1af
Successfully built gevent zope.interface
Installing collected packages: zope.interface, zope.event, gevent
Looking for GraalPy patches for zope.interface
Looking for GraalPy patches for zope.event
Looking for GraalPy patches for gevent
Successfully installed gevent-22.10.2 zope.event-5.0 zope.interface-6.1
