Collecting pytorch-lightning==1.8.3.post1
  Downloading pytorch_lightning-1.8.3.post1-py3-none-any.whl (798 kB)
     ━━━━━━━━━━━━━━━━━━━━━━━━━━━━━━━━━━━━━━ 798.9/798.9 kB 11.8 MB/s eta 0:00:00
Collecting numpy>=1.17.2 (from pytorch-lightning==1.8.3.post1)
  Using cached numpy-1.26.2-cp310-cp310-manylinux_2_17_x86_64.manylinux2014_x86_64.whl.metadata (61 kB)
Collecting torch>=1.9.* (from pytorch-lightning==1.8.3.post1)
  Using cached torch-2.1.1-cp310-cp310-manylinux1_x86_64.whl.metadata (25 kB)
Collecting tqdm>=4.57.0 (from pytorch-lightning==1.8.3.post1)
  Using cached tqdm-4.66.1-py3-none-any.whl.metadata (57 kB)
Collecting PyYAML>=5.4 (from pytorch-lightning==1.8.3.post1)
  Using cached PyYAML-6.0.1-cp310-cp310-manylinux_2_17_x86_64.manylinux2014_x86_64.whl.metadata (2.1 kB)
Collecting fsspec>2021.06.0 (from fsspec[http]>2021.06.0->pytorch-lightning==1.8.3.post1)
  Using cached fsspec-2023.10.0-py3-none-any.whl.metadata (6.8 kB)
Collecting tensorboardX>=2.2 (from pytorch-lightning==1.8.3.post1)
  Downloading tensorboardX-2.6.2.2-py2.py3-none-any.whl.metadata (5.8 kB)
Collecting torchmetrics>=0.7.0 (from pytorch-lightning==1.8.3.post1)
  Downloading torchmetrics-1.2.0-py3-none-any.whl.metadata (21 kB)
Collecting packaging>=17.0 (from pytorch-lightning==1.8.3.post1)
  Using cached packaging-23.2-py3-none-any.whl.metadata (3.2 kB)
Collecting typing-extensions>=4.0.0 (from pytorch-lightning==1.8.3.post1)
  Using cached typing_extensions-4.8.0-py3-none-any.whl.metadata (3.0 kB)
Collecting lightning-utilities==0.3.* (from pytorch-lightning==1.8.3.post1)
  Downloading lightning_utilities-0.3.0-py3-none-any.whl (15 kB)
Collecting fire (from lightning-utilities==0.3.*->pytorch-lightning==1.8.3.post1)
  Downloading fire-0.5.0.tar.gz (88 kB)
     ━━━━━━━━━━━━━━━━━━━━━━━━━━━━━━━━━━━━━━━━ 88.3/88.3 kB 15.3 MB/s eta 0:00:00
  Preparing metadata (setup.py): started
  Preparing metadata (setup.py): finished with status 'done'
Collecting requests (from fsspec[http]>2021.06.0->pytorch-lightning==1.8.3.post1)
  Using cached requests-2.31.0-py3-none-any.whl.metadata (4.6 kB)
Collecting aiohttp!=4.0.0a0,!=4.0.0a1 (from fsspec[http]>2021.06.0->pytorch-lightning==1.8.3.post1)
  Downloading aiohttp-3.9.1-cp310-cp310-manylinux_2_17_x86_64.manylinux2014_x86_64.whl.metadata (7.4 kB)
Collecting protobuf>=3.20 (from tensorboardX>=2.2->pytorch-lightning==1.8.3.post1)
  Using cached protobuf-4.25.1-cp37-abi3-manylinux2014_x86_64.whl.metadata (541 bytes)
Collecting filelock (from torch>=1.9.*->pytorch-lightning==1.8.3.post1)
  Using cached filelock-3.13.1-py3-none-any.whl.metadata (2.8 kB)
Collecting sympy (from torch>=1.9.*->pytorch-lightning==1.8.3.post1)
  Using cached sympy-1.12-py3-none-any.whl (5.7 MB)
Collecting networkx (from torch>=1.9.*->pytorch-lightning==1.8.3.post1)
  Using cached networkx-3.2.1-py3-none-any.whl.metadata (5.2 kB)
Collecting jinja2 (from torch>=1.9.*->pytorch-lightning==1.8.3.post1)
  Using cached Jinja2-3.1.2-py3-none-any.whl (133 kB)
Collecting nvidia-cuda-nvrtc-cu12==12.1.105 (from torch>=1.9.*->pytorch-lightning==1.8.3.post1)
  Using cached nvidia_cuda_nvrtc_cu12-12.1.105-py3-none-manylinux1_x86_64.whl (23.7 MB)
Collecting nvidia-cuda-runtime-cu12==12.1.105 (from torch>=1.9.*->pytorch-lightning==1.8.3.post1)
  Using cached nvidia_cuda_runtime_cu12-12.1.105-py3-none-manylinux1_x86_64.whl (823 kB)
Collecting nvidia-cuda-cupti-cu12==12.1.105 (from torch>=1.9.*->pytorch-lightning==1.8.3.post1)
  Using cached nvidia_cuda_cupti_cu12-12.1.105-py3-none-manylinux1_x86_64.whl (14.1 MB)
Collecting nvidia-cudnn-cu12==8.9.2.26 (from torch>=1.9.*->pytorch-lightning==1.8.3.post1)
  Using cached nvidia_cudnn_cu12-8.9.2.26-py3-none-manylinux1_x86_64.whl.metadata (1.6 kB)
Collecting nvidia-cublas-cu12==12.1.3.1 (from torch>=1.9.*->pytorch-lightning==1.8.3.post1)
  Using cached nvidia_cublas_cu12-12.1.3.1-py3-none-manylinux1_x86_64.whl (410.6 MB)
Collecting nvidia-cufft-cu12==11.0.2.54 (from torch>=1.9.*->pytorch-lightning==1.8.3.post1)
  Using cached nvidia_cufft_cu12-11.0.2.54-py3-none-manylinux1_x86_64.whl (121.6 MB)
Collecting nvidia-curand-cu12==10.3.2.106 (from torch>=1.9.*->pytorch-lightning==1.8.3.post1)
  Using cached nvidia_curand_cu12-10.3.2.106-py3-none-manylinux1_x86_64.whl (56.5 MB)
Collecting nvidia-cusolver-cu12==11.4.5.107 (from torch>=1.9.*->pytorch-lightning==1.8.3.post1)
  Using cached nvidia_cusolver_cu12-11.4.5.107-py3-none-manylinux1_x86_64.whl (124.2 MB)
Collecting nvidia-cusparse-cu12==12.1.0.106 (from torch>=1.9.*->pytorch-lightning==1.8.3.post1)
  Using cached nvidia_cusparse_cu12-12.1.0.106-py3-none-manylinux1_x86_64.whl (196.0 MB)
Collecting nvidia-nccl-cu12==2.18.1 (from torch>=1.9.*->pytorch-lightning==1.8.3.post1)
  Using cached nvidia_nccl_cu12-2.18.1-py3-none-manylinux1_x86_64.whl (209.8 MB)
Collecting nvidia-nvtx-cu12==12.1.105 (from torch>=1.9.*->pytorch-lightning==1.8.3.post1)
  Using cached nvidia_nvtx_cu12-12.1.105-py3-none-manylinux1_x86_64.whl (99 kB)
Collecting triton==2.1.0 (from torch>=1.9.*->pytorch-lightning==1.8.3.post1)
  Using cached triton-2.1.0-0-cp310-cp310-manylinux2014_x86_64.manylinux_2_17_x86_64.whl.metadata (1.3 kB)
Collecting nvidia-nvjitlink-cu12 (from nvidia-cusolver-cu12==11.4.5.107->torch>=1.9.*->pytorch-lightning==1.8.3.post1)
  Using cached nvidia_nvjitlink_cu12-12.3.101-py3-none-manylinux1_x86_64.whl.metadata (1.5 kB)
INFO: pip is looking at multiple versions of torchmetrics to determine which version is compatible with other requirements. This could take a while.
Collecting torchmetrics>=0.7.0 (from pytorch-lightning==1.8.3.post1)
  Downloading torchmetrics-1.1.2-py3-none-any.whl.metadata (21 kB)
  Downloading torchmetrics-1.1.1-py3-none-any.whl.metadata (21 kB)
  Downloading torchmetrics-1.1.0-py3-none-any.whl.metadata (21 kB)
  Downloading torchmetrics-1.0.3-py3-none-any.whl.metadata (21 kB)
  Downloading torchmetrics-1.0.2-py3-none-any.whl.metadata (21 kB)
  Downloading torchmetrics-1.0.1-py3-none-any.whl.metadata (21 kB)
  Downloading torchmetrics-1.0.0-py3-none-any.whl.metadata (21 kB)
INFO: pip is still looking at multiple versions of torchmetrics to determine which version is compatible with other requirements. This could take a while.
  Downloading torchmetrics-0.11.4-py3-none-any.whl (519 kB)
     ━━━━━━━━━━━━━━━━━━━━━━━━━━━━━━━━━━━━━━ 519.2/519.2 kB 26.0 MB/s eta 0:00:00
Collecting attrs>=17.3.0 (from aiohttp!=4.0.0a0,!=4.0.0a1->fsspec[http]>2021.06.0->pytorch-lightning==1.8.3.post1)
  Using cached attrs-23.1.0-py3-none-any.whl (61 kB)
Collecting multidict<7.0,>=4.5 (from aiohttp!=4.0.0a0,!=4.0.0a1->fsspec[http]>2021.06.0->pytorch-lightning==1.8.3.post1)
  Downloading multidict-6.0.4-cp310-cp310-manylinux_2_17_x86_64.manylinux2014_x86_64.whl (114 kB)
     ━━━━━━━━━━━━━━━━━━━━━━━━━━━━━━━━━━━━━━ 114.5/114.5 kB 17.9 MB/s eta 0:00:00
Collecting yarl<2.0,>=1.0 (from aiohttp!=4.0.0a0,!=4.0.0a1->fsspec[http]>2021.06.0->pytorch-lightning==1.8.3.post1)
  Downloading yarl-1.9.3-cp310-cp310-manylinux_2_17_x86_64.manylinux2014_x86_64.whl.metadata (28 kB)
Collecting frozenlist>=1.1.1 (from aiohttp!=4.0.0a0,!=4.0.0a1->fsspec[http]>2021.06.0->pytorch-lightning==1.8.3.post1)
  Downloading frozenlist-1.4.0-cp310-cp310-manylinux_2_5_x86_64.manylinux1_x86_64.manylinux_2_17_x86_64.manylinux2014_x86_64.whl.metadata (5.2 kB)
Collecting aiosignal>=1.1.2 (from aiohttp!=4.0.0a0,!=4.0.0a1->fsspec[http]>2021.06.0->pytorch-lightning==1.8.3.post1)
  Downloading aiosignal-1.3.1-py3-none-any.whl (7.6 kB)
Collecting async-timeout<5.0,>=4.0 (from aiohttp!=4.0.0a0,!=4.0.0a1->fsspec[http]>2021.06.0->pytorch-lightning==1.8.3.post1)
  Downloading async_timeout-4.0.3-py3-none-any.whl.metadata (4.2 kB)
Collecting six (from fire->lightning-utilities==0.3.*->pytorch-lightning==1.8.3.post1)
  Using cached six-1.16.0-py2.py3-none-any.whl (11 kB)
Collecting termcolor (from fire->lightning-utilities==0.3.*->pytorch-lightning==1.8.3.post1)
  Using cached termcolor-2.3.0-py3-none-any.whl (6.9 kB)
Collecting MarkupSafe>=2.0 (from jinja2->torch>=1.9.*->pytorch-lightning==1.8.3.post1)
  Using cached MarkupSafe-2.1.3-cp310-cp310-manylinux_2_17_x86_64.manylinux2014_x86_64.whl.metadata (3.0 kB)
Collecting charset-normalizer<4,>=2 (from requests->fsspec[http]>2021.06.0->pytorch-lightning==1.8.3.post1)
  Using cached charset_normalizer-3.3.2-cp310-cp310-manylinux_2_17_x86_64.manylinux2014_x86_64.whl.metadata (33 kB)
Collecting idna<4,>=2.5 (from requests->fsspec[http]>2021.06.0->pytorch-lightning==1.8.3.post1)
  Using cached idna-3.6-py3-none-any.whl.metadata (9.9 kB)
Collecting urllib3<3,>=1.21.1 (from requests->fsspec[http]>2021.06.0->pytorch-lightning==1.8.3.post1)
  Using cached urllib3-2.1.0-py3-none-any.whl.metadata (6.4 kB)
Collecting certifi>=2017.4.17 (from requests->fsspec[http]>2021.06.0->pytorch-lightning==1.8.3.post1)
  Using cached certifi-2023.11.17-py3-none-any.whl.metadata (2.2 kB)
Collecting mpmath>=0.19 (from sympy->torch>=1.9.*->pytorch-lightning==1.8.3.post1)
  Using cached mpmath-1.3.0-py3-none-any.whl (536 kB)
Using cached fsspec-2023.10.0-py3-none-any.whl (166 kB)
Using cached numpy-1.26.2-cp310-cp310-manylinux_2_17_x86_64.manylinux2014_x86_64.whl (18.2 MB)
Using cached packaging-23.2-py3-none-any.whl (53 kB)
Using cached PyYAML-6.0.1-cp310-cp310-manylinux_2_17_x86_64.manylinux2014_x86_64.whl (705 kB)
Downloading tensorboardX-2.6.2.2-py2.py3-none-any.whl (101 kB)
   ━━━━━━━━━━━━━━━━━━━━━━━━━━━━━━━━━━━━━━━━ 101.7/101.7 kB 11.2 MB/s eta 0:00:00
Using cached torch-2.1.1-cp310-cp310-manylinux1_x86_64.whl (670.2 MB)
Using cached nvidia_cudnn_cu12-8.9.2.26-py3-none-manylinux1_x86_64.whl (731.7 MB)
Using cached triton-2.1.0-0-cp310-cp310-manylinux2014_x86_64.manylinux_2_17_x86_64.whl (89.2 MB)
Using cached tqdm-4.66.1-py3-none-any.whl (78 kB)
Using cached typing_extensions-4.8.0-py3-none-any.whl (31 kB)
Downloading aiohttp-3.9.1-cp310-cp310-manylinux_2_17_x86_64.manylinux2014_x86_64.whl (1.2 MB)
   ━━━━━━━━━━━━━━━━━━━━━━━━━━━━━━━━━━━━━━━━ 1.2/1.2 MB 25.5 MB/s eta 0:00:00
Downloading protobuf-4.25.1-cp37-abi3-manylinux2014_x86_64.whl (294 kB)
   ━━━━━━━━━━━━━━━━━━━━━━━━━━━━━━━━━━━━━━━━ 294.6/294.6 kB 11.8 MB/s eta 0:00:00
Using cached filelock-3.13.1-py3-none-any.whl (11 kB)
Using cached networkx-3.2.1-py3-none-any.whl (1.6 MB)
Using cached requests-2.31.0-py3-none-any.whl (62 kB)
Downloading async_timeout-4.0.3-py3-none-any.whl (5.7 kB)
Using cached certifi-2023.11.17-py3-none-any.whl (162 kB)
Using cached charset_normalizer-3.3.2-cp310-cp310-manylinux_2_17_x86_64.manylinux2014_x86_64.whl (142 kB)
Downloading frozenlist-1.4.0-cp310-cp310-manylinux_2_5_x86_64.manylinux1_x86_64.manylinux_2_17_x86_64.manylinux2014_x86_64.whl (225 kB)
   ━━━━━━━━━━━━━━━━━━━━━━━━━━━━━━━━━━━━━━━━ 225.7/225.7 kB 13.2 MB/s eta 0:00:00
Using cached idna-3.6-py3-none-any.whl (61 kB)
Using cached MarkupSafe-2.1.3-cp310-cp310-manylinux_2_17_x86_64.manylinux2014_x86_64.whl (25 kB)
Using cached urllib3-2.1.0-py3-none-any.whl (104 kB)
Downloading yarl-1.9.3-cp310-cp310-manylinux_2_17_x86_64.manylinux2014_x86_64.whl (300 kB)
   ━━━━━━━━━━━━━━━━━━━━━━━━━━━━━━━━━━━━━━━━ 300.7/300.7 kB 23.9 MB/s eta 0:00:00
Using cached nvidia_nvjitlink_cu12-12.3.101-py3-none-manylinux1_x86_64.whl (20.5 MB)
Building wheels for collected packages: fire
  Building wheel for fire (setup.py): started
  Building wheel for fire (setup.py): finished with status 'done'
  Created wheel for fire: filename=fire-0.5.0-py2.py3-none-any.whl size=116933 sha256=0043d249999867bcdba676084b0cc37ba6891010bee009a4a72bb82ef857c97a
  Stored in directory: /workdir/.cache/pip/wheels/90/d4/f7/9404e5db0116bd4d43e5666eaa3e70ab53723e1e3ea40c9a95
Successfully built fire
DEPRECATION: pytorch-lightning 1.8.3.post1 has a non-standard dependency specifier torch>=1.9.*. pip 24.0 will enforce this behaviour change. A possible replacement is to upgrade to a newer version of pytorch-lightning or contact the author to suggest that they release a version with a conforming dependency specifiers. Discussion can be found at https://github.com/pypa/pip/issues/12063
Installing collected packages: mpmath, urllib3, typing-extensions, tqdm, termcolor, sympy, six, PyYAML, protobuf, packaging, nvidia-nvtx-cu12, nvidia-nvjitlink-cu12, nvidia-nccl-cu12, nvidia-curand-cu12, nvidia-cufft-cu12, nvidia-cuda-runtime-cu12, nvidia-cuda-nvrtc-cu12, nvidia-cuda-cupti-cu12, nvidia-cublas-cu12, numpy, networkx, multidict, MarkupSafe, idna, fsspec, frozenlist, filelock, charset-normalizer, certifi, attrs, async-timeout, yarl, triton, tensorboardX, requests, nvidia-cusparse-cu12, nvidia-cudnn-cu12, jinja2, fire, aiosignal, nvidia-cusolver-cu12, lightning-utilities, aiohttp, torch, torchmetrics, pytorch-lightning
Successfully installed MarkupSafe-2.1.3 PyYAML-6.0.1 aiohttp-3.9.1 aiosignal-1.3.1 async-timeout-4.0.3 attrs-23.1.0 certifi-2023.11.17 charset-normalizer-3.3.2 filelock-3.13.1 fire-0.5.0 frozenlist-1.4.0 fsspec-2023.10.0 idna-3.6 jinja2-3.1.2 lightning-utilities-0.3.0 mpmath-1.3.0 multidict-6.0.4 networkx-3.2.1 numpy-1.26.2 nvidia-cublas-cu12-12.1.3.1 nvidia-cuda-cupti-cu12-12.1.105 nvidia-cuda-nvrtc-cu12-12.1.105 nvidia-cuda-runtime-cu12-12.1.105 nvidia-cudnn-cu12-8.9.2.26 nvidia-cufft-cu12-11.0.2.54 nvidia-curand-cu12-10.3.2.106 nvidia-cusolver-cu12-11.4.5.107 nvidia-cusparse-cu12-12.1.0.106 nvidia-nccl-cu12-2.18.1 nvidia-nvjitlink-cu12-12.3.101 nvidia-nvtx-cu12-12.1.105 packaging-23.2 protobuf-4.25.1 pytorch-lightning-1.8.3.post1 requests-2.31.0 six-1.16.0 sympy-1.12 tensorboardX-2.6.2.2 termcolor-2.3.0 torch-2.1.1 torchmetrics-0.11.4 tqdm-4.66.1 triton-2.1.0 typing-extensions-4.8.0 urllib3-2.1.0 yarl-1.9.3
