Collecting pytorch-lightning==1.8.3.post1
  Downloading pytorch_lightning-1.8.3.post1-py3-none-any.whl (798 kB)
     ━━━━━━━━━━━━━━━━━━━━━━━━━━━━━━━━━━━━━━━ 798.9/798.9 kB 3.3 MB/s eta 0:00:00
Collecting numpy>=1.17.2
  Using cached numpy-1.23.5-graalpy310-graalpy231_310_native-linux_x86_64.whl
Collecting torch>=1.9.*
  Downloading https://github.com/pytorch/pytorch/releases/download/v1.13.1/pytorch-v1.13.1.tar.gz (234.1 MB)
     ━━━━━━━━━━━━━━━━━━━━━━━━━━━━━━━━━━━━━ 234.1/234.1 MB 893.2 kB/s eta 0:00:00
auto-patching C API usages in /tmp/pip-install-fa2juztc/torch_b91ebc54b216485393b101dc2f24a239/torch/csrc/Module.cpp
auto-patching C API usages in /tmp/pip-install-fa2juztc/torch_b91ebc54b216485393b101dc2f24a239/torch/csrc/utils/python_compat.h
auto-patching C API usages in /tmp/pip-install-fa2juztc/torch_b91ebc54b216485393b101dc2f24a239/torch/csrc/autograd/python_variable.cpp
auto-patching C API usages in /tmp/pip-install-fa2juztc/torch_b91ebc54b216485393b101dc2f24a239/third_party/pybind11/include/pybind11/pybind11.h
auto-patching C API usages in /tmp/pip-install-fa2juztc/torch_b91ebc54b216485393b101dc2f24a239/third_party/pybind11/include/pybind11/cast.h
auto-patching C API usages in /tmp/pip-install-fa2juztc/torch_b91ebc54b216485393b101dc2f24a239/third_party/pybind11/include/pybind11/pytypes.h
auto-patching C API usages in /tmp/pip-install-fa2juztc/torch_b91ebc54b216485393b101dc2f24a239/third_party/protobuf/python/google/protobuf/pyext/message.cc
auto-patching C API usages in /tmp/pip-install-fa2juztc/torch_b91ebc54b216485393b101dc2f24a239/third_party/protobuf/python/google/protobuf/pyext/descriptor.cc
auto-patching C API usages in /tmp/pip-install-fa2juztc/torch_b91ebc54b216485393b101dc2f24a239/third_party/protobuf/python/google/protobuf/pyext/message_factory.cc
auto-patching C API usages in /tmp/pip-install-fa2juztc/torch_b91ebc54b216485393b101dc2f24a239/third_party/protobuf/python/google/protobuf/pyext/repeated_composite_container.cc
auto-patching C API usages in /tmp/pip-install-fa2juztc/torch_b91ebc54b216485393b101dc2f24a239/third_party/onnx/third_party/pybind11/include/pybind11/pybind11.h
auto-patching C API usages in /tmp/pip-install-fa2juztc/torch_b91ebc54b216485393b101dc2f24a239/third_party/onnx/third_party/pybind11/include/pybind11/cast.h
auto-patching C API usages in /tmp/pip-install-fa2juztc/torch_b91ebc54b216485393b101dc2f24a239/third_party/onnx/third_party/pybind11/include/pybind11/pytypes.h
auto-patching C API usages in /tmp/pip-install-fa2juztc/torch_b91ebc54b216485393b101dc2f24a239/third_party/tensorpipe/third_party/pybind11/include/pybind11/pybind11.h
auto-patching C API usages in /tmp/pip-install-fa2juztc/torch_b91ebc54b216485393b101dc2f24a239/third_party/tensorpipe/third_party/pybind11/include/pybind11/cast.h
auto-patching C API usages in /tmp/pip-install-fa2juztc/torch_b91ebc54b216485393b101dc2f24a239/third_party/onnx-tensorrt/third_party/onnx/third_party/pybind11/include/pybind11/pybind11.h
auto-patching C API usages in /tmp/pip-install-fa2juztc/torch_b91ebc54b216485393b101dc2f24a239/third_party/onnx-tensorrt/third_party/onnx/third_party/pybind11/include/pybind11/cast.h
Looking for GraalPy patches for torch
Patching package torch using /opt/graalpy/lib/graalpy23.1/patches/torch/torch-1.13.1.patch
patching file CMakeLists.txt
patching file functorch/csrc/dim/dim.cpp
patching file setup.py
patching file test/test_overrides.py
patching file test/test_python_dispatch.py
patching file third_party/fbgemm/CMakeLists.txt
patching file third_party/gloo/gloo/common/linux.cc
patching file third_party/gloo/gloo/transport/pair.h
patching file third_party/gloo/gloo/transport/tcp/device.h
patching file third_party/pybind11/include/pybind11/gil.h
patching file third_party/pybind11/include/pybind11/pytypes.h
patching file torch/_dispatch/python.py
patching file torch/_tensor_str.py
patching file torch/autograd/grad_mode.py
patching file torch/csrc/Module.cpp
patching file torch/csrc/autograd/init.cpp
patching file torch/csrc/autograd/python_variable_indexing.cpp
patching file torch/csrc/jit/python/python_tracer.cpp
patching file torch/csrc/utils/python_compat.h
patching file torch/distributed/_shard/partial_tensor.py
patching file torch/overrides.py
patching file torch/testing/_internal/common_utils.py
patching file torch/utils/_mode_utils.py
  Installing build dependencies: started
  Installing build dependencies: still running...
  Installing build dependencies: finished with status 'done'
  Getting requirements to build wheel: started
  Getting requirements to build wheel: finished with status 'done'
  Preparing metadata (pyproject.toml): started
  Preparing metadata (pyproject.toml): still running...
  Preparing metadata (pyproject.toml): still running...
  Preparing metadata (pyproject.toml): still running...
  Preparing metadata (pyproject.toml): still running...
  Preparing metadata (pyproject.toml): still running...
  Preparing metadata (pyproject.toml): still running...
  Preparing metadata (pyproject.toml): still running...
  Preparing metadata (pyproject.toml): still running...
  Preparing metadata (pyproject.toml): still running...
  Preparing metadata (pyproject.toml): still running...
  Preparing metadata (pyproject.toml): still running...
  Preparing metadata (pyproject.toml): still running...
  Preparing metadata (pyproject.toml): still running...
  Preparing metadata (pyproject.toml): still running...
  Preparing metadata (pyproject.toml): still running...
  Preparing metadata (pyproject.toml): still running...
  Preparing metadata (pyproject.toml): still running...
  Preparing metadata (pyproject.toml): still running...
  Preparing metadata (pyproject.toml): still running...
  Preparing metadata (pyproject.toml): still running...
  Preparing metadata (pyproject.toml): still running...
  Preparing metadata (pyproject.toml): still running...
  Preparing metadata (pyproject.toml): still running...
  Preparing metadata (pyproject.toml): still running...
  Preparing metadata (pyproject.toml): still running...
  Preparing metadata (pyproject.toml): still running...
  Preparing metadata (pyproject.toml): still running...
  Preparing metadata (pyproject.toml): still running...
  Preparing metadata (pyproject.toml): still running...
  Preparing metadata (pyproject.toml): still running...
  Preparing metadata (pyproject.toml): still running...
  Preparing metadata (pyproject.toml): still running...
  Preparing metadata (pyproject.toml): still running...
  Preparing metadata (pyproject.toml): still running...
  Preparing metadata (pyproject.toml): still running...
  Preparing metadata (pyproject.toml): still running...
  Preparing metadata (pyproject.toml): still running...
  Preparing metadata (pyproject.toml): still running...
  Preparing metadata (pyproject.toml): still running...
  Preparing metadata (pyproject.toml): still running...
  Preparing metadata (pyproject.toml): still running...
  Preparing metadata (pyproject.toml): still running...
  Preparing metadata (pyproject.toml): still running...
  Preparing metadata (pyproject.toml): still running...
  Preparing metadata (pyproject.toml): still running...
  Preparing metadata (pyproject.toml): still running...
  Preparing metadata (pyproject.toml): still running...
  Preparing metadata (pyproject.toml): still running...
  Preparing metadata (pyproject.toml): still running...
  Preparing metadata (pyproject.toml): still running...
  Preparing metadata (pyproject.toml): still running...
  Preparing metadata (pyproject.toml): still running...
  Preparing metadata (pyproject.toml): still running...
  Preparing metadata (pyproject.toml): still running...
  Preparing metadata (pyproject.toml): still running...
  Preparing metadata (pyproject.toml): still running...
  Preparing metadata (pyproject.toml): still running...
  Preparing metadata (pyproject.toml): still running...
  Preparing metadata (pyproject.toml): still running...
  Preparing metadata (pyproject.toml): still running...
  Preparing metadata (pyproject.toml): still running...
  Preparing metadata (pyproject.toml): still running...
  Preparing metadata (pyproject.toml): still running...
  Preparing metadata (pyproject.toml): finished with status 'done'
Collecting tqdm>=4.57.0
  Downloading tqdm-4.66.1-py3-none-any.whl (78 kB)
     ━━━━━━━━━━━━━━━━━━━━━━━━━━━━━━━━━━━━━━━━ 78.3/78.3 kB 3.7 MB/s eta 0:00:00
Collecting PyYAML>=5.4
  Using cached PyYAML-6.0.1-py3-none-any.whl
Collecting fsspec[http]>2021.06.0
  Downloading fsspec-2023.10.0-py3-none-any.whl (166 kB)
     ━━━━━━━━━━━━━━━━━━━━━━━━━━━━━━━━━━━━━━━ 166.4/166.4 kB 6.6 MB/s eta 0:00:00
Collecting tensorboardX>=2.2
  Downloading tensorboardX-2.6.2.2-py2.py3-none-any.whl (101 kB)
     ━━━━━━━━━━━━━━━━━━━━━━━━━━━━━━━━━━━━━━━ 101.7/101.7 kB 5.1 MB/s eta 0:00:00
Collecting torchmetrics>=0.7.0
  Downloading torchmetrics-1.2.0-py3-none-any.whl (805 kB)
     ━━━━━━━━━━━━━━━━━━━━━━━━━━━━━━━━━━━━━━━ 805.2/805.2 kB 9.0 MB/s eta 0:00:00
Collecting packaging>=17.0
  Using cached packaging-23.2-py3-none-any.whl (53 kB)
Collecting typing-extensions>=4.0.0
  Using cached typing_extensions-4.8.0-py3-none-any.whl (31 kB)
Collecting lightning-utilities==0.3.*
  Downloading lightning_utilities-0.3.0-py3-none-any.whl (15 kB)
Collecting fire
  Downloading fire-0.5.0.tar.gz (88 kB)
     ━━━━━━━━━━━━━━━━━━━━━━━━━━━━━━━━━━━━━━━━ 88.3/88.3 kB 5.1 MB/s eta 0:00:00
Looking for GraalPy patches for fire
  Preparing metadata (setup.py): started
  Preparing metadata (setup.py): finished with status 'done'
Collecting requests
  Using cached requests-2.31.0-py3-none-any.whl (62 kB)
Collecting aiohttp!=4.0.0a0,!=4.0.0a1
  Downloading aiohttp-3.9.1.tar.gz (7.5 MB)
     ━━━━━━━━━━━━━━━━━━━━━━━━━━━━━━━━━━━━━━━━ 7.5/7.5 MB 10.6 MB/s eta 0:00:00
auto-patching C API usages in /tmp/pip-install-fa2juztc/aiohttp_6e2fb8c8a9a1446fa678dd382b8451f9/aiohttp/_websocket.c
auto-patching C API usages in /tmp/pip-install-fa2juztc/aiohttp_6e2fb8c8a9a1446fa678dd382b8451f9/aiohttp/_http_writer.c
auto-patching C API usages in /tmp/pip-install-fa2juztc/aiohttp_6e2fb8c8a9a1446fa678dd382b8451f9/aiohttp/_helpers.c
auto-patching C API usages in /tmp/pip-install-fa2juztc/aiohttp_6e2fb8c8a9a1446fa678dd382b8451f9/aiohttp/_http_parser.c
Looking for GraalPy patches for aiohttp
  Installing build dependencies: started
  Installing build dependencies: finished with status 'done'
  Getting requirements to build wheel: started
  Getting requirements to build wheel: finished with status 'done'
  Installing backend dependencies: started
  Installing backend dependencies: finished with status 'done'
  Preparing metadata (pyproject.toml): started
  Preparing metadata (pyproject.toml): finished with status 'done'
Collecting protobuf>=3.20
  Downloading protobuf-4.25.1-py3-none-any.whl (156 kB)
     ━━━━━━━━━━━━━━━━━━━━━━━━━━━━━━━━━━━━━━━ 156.5/156.5 kB 6.4 MB/s eta 0:00:00
Collecting torchmetrics>=0.7.0
  Downloading torchmetrics-1.1.2-py3-none-any.whl (764 kB)
     ━━━━━━━━━━━━━━━━━━━━━━━━━━━━━━━━━━━━━━ 764.8/764.8 kB 13.3 MB/s eta 0:00:00
  Downloading torchmetrics-1.1.1-py3-none-any.whl (763 kB)
     ━━━━━━━━━━━━━━━━━━━━━━━━━━━━━━━━━━━━━━ 763.4/763.4 kB 14.7 MB/s eta 0:00:00
  Downloading torchmetrics-1.1.0-py3-none-any.whl (761 kB)
     ━━━━━━━━━━━━━━━━━━━━━━━━━━━━━━━━━━━━━━ 761.3/761.3 kB 12.8 MB/s eta 0:00:00
  Downloading torchmetrics-1.0.3-py3-none-any.whl (731 kB)
     ━━━━━━━━━━━━━━━━━━━━━━━━━━━━━━━━━━━━━━ 731.6/731.6 kB 15.5 MB/s eta 0:00:00
  Downloading torchmetrics-1.0.2-py3-none-any.whl (731 kB)
     ━━━━━━━━━━━━━━━━━━━━━━━━━━━━━━━━━━━━━━ 731.1/731.1 kB 12.7 MB/s eta 0:00:00
  Downloading torchmetrics-1.0.1-py3-none-any.whl (729 kB)
     ━━━━━━━━━━━━━━━━━━━━━━━━━━━━━━━━━━━━━━ 729.2/729.2 kB 13.7 MB/s eta 0:00:00
  Downloading torchmetrics-1.0.0-py3-none-any.whl (728 kB)
     ━━━━━━━━━━━━━━━━━━━━━━━━━━━━━━━━━━━━━━ 728.8/728.8 kB 14.6 MB/s eta 0:00:00
  Downloading torchmetrics-0.11.4-py3-none-any.whl (519 kB)
     ━━━━━━━━━━━━━━━━━━━━━━━━━━━━━━━━━━━━━━ 519.2/519.2 kB 13.2 MB/s eta 0:00:00
Collecting attrs>=17.3.0
  Using cached attrs-23.1.0-py3-none-any.whl (61 kB)
Collecting multidict<7.0,>=4.5
  Downloading multidict-6.0.4.tar.gz (51 kB)
     ━━━━━━━━━━━━━━━━━━━━━━━━━━━━━━━━━━━━━━━━ 51.3/51.3 kB 3.1 MB/s eta 0:00:00
Looking for GraalPy patches for multidict
  Installing build dependencies: started
  Installing build dependencies: finished with status 'done'
  WARNING: Missing build requirements in pyproject.toml for multidict<7.0,>=4.5 from https://files.pythonhosted.org/packages/4a/15/bd620f7a6eb9aa5112c4ef93e7031bcd071e0611763d8e17706ef8ba65e0/multidict-6.0.4.tar.gz (from aiohttp!=4.0.0a0,!=4.0.0a1->fsspec[http]>2021.06.0->pytorch-lightning==1.8.3.post1).
  WARNING: The project does not specify a build backend, and pip cannot fall back to setuptools without 'wheel'.
  Getting requirements to build wheel: started
  Getting requirements to build wheel: finished with status 'done'
  Installing backend dependencies: started
  Installing backend dependencies: finished with status 'done'
  Preparing metadata (pyproject.toml): started
  Preparing metadata (pyproject.toml): finished with status 'done'
Collecting yarl<2.0,>=1.0
  Downloading yarl-1.9.3-py3-none-any.whl (30 kB)
Collecting frozenlist>=1.1.1
  Downloading frozenlist-1.4.0.tar.gz (90 kB)
     ━━━━━━━━━━━━━━━━━━━━━━━━━━━━━━━━━━━━━━━━ 90.7/90.7 kB 8.2 MB/s eta 0:00:00
auto-patching C API usages in /tmp/pip-install-fa2juztc/frozenlist_8d79e16f64ff48de9d6d8c2079028e29/frozenlist/_frozenlist.c
Looking for GraalPy patches for frozenlist
  Installing build dependencies: started
  Installing build dependencies: finished with status 'done'
  Getting requirements to build wheel: started
  Getting requirements to build wheel: finished with status 'done'
  Preparing metadata (pyproject.toml): started
  Preparing metadata (pyproject.toml): finished with status 'done'
Collecting aiosignal>=1.1.2
  Downloading aiosignal-1.3.1-py3-none-any.whl (7.6 kB)
Collecting async-timeout<5.0,>=4.0
  Downloading async_timeout-4.0.3-py3-none-any.whl (5.7 kB)
Collecting six
  Using cached six-1.16.0-py2.py3-none-any.whl (11 kB)
Collecting termcolor
  Using cached termcolor-2.3.0-py3-none-any.whl (6.9 kB)
Collecting charset-normalizer<4,>=2
  Using cached charset_normalizer-3.1.0-py3-none-any.whl (46 kB)
Collecting idna<4,>=2.5
  Using cached idna-3.6-py3-none-any.whl (61 kB)
Collecting urllib3<3,>=1.21.1
  Using cached urllib3-2.1.0-py3-none-any.whl (104 kB)
Collecting certifi>=2017.4.17
  Using cached certifi-2023.11.17-py3-none-any.whl (162 kB)
Building wheels for collected packages: torch, aiohttp, fire, frozenlist, multidict
  Building wheel for torch (pyproject.toml): started
  Building wheel for torch (pyproject.toml): still running...
  Building wheel for torch (pyproject.toml): finished with status 'done'
  Created wheel for torch: filename=torch-1.13.1-graalpy310-graalpy231_310_native-linux_x86_64.whl size=77681398 sha256=64ad2ee12f64b621e670873ae50fef7b2aa51a87ffc2b12099c8d890095f0be9
  Stored in directory: /workdir/.cache/pip-graalpy/wheels/92/93/97/5a53a4bae7b3011db9c8632c0cfa1865a1d1445118326de619
  Building wheel for aiohttp (pyproject.toml): started
  Building wheel for aiohttp (pyproject.toml): finished with status 'done'
  Created wheel for aiohttp: filename=aiohttp-3.9.1-py3-none-any.whl size=190481 sha256=c421162d35c56872fe993817802b2a2315a9b3d1f020af2f434ee9f175706919
  Stored in directory: /workdir/.cache/pip-graalpy/wheels/25/ba/44/cbe0d6d0b508d28d64f67b09e82469b262a05bdcbd214712d8
  Building wheel for fire (setup.py): started
  Building wheel for fire (setup.py): finished with status 'done'
  Created wheel for fire: filename=fire-0.5.0-py2.py3-none-any.whl size=116953 sha256=30ced3946d34437696b7bfe82163165e02052e47eef829fdd2eb93830df69ed9
  Stored in directory: /workdir/.cache/pip-graalpy/wheels/de/1b/fd/06d97c1cd7d8e8cb44d9b0fdfaa227b68ce922544735f7f54f
  Building wheel for frozenlist (pyproject.toml): started
  Building wheel for frozenlist (pyproject.toml): finished with status 'done'
  Created wheel for frozenlist: filename=frozenlist-1.4.0-py3-none-any.whl size=9411 sha256=1d861868a690719d51bc039351b3c1cd6eb0e78c03b2c58044a17a8dc6b3efff
  Stored in directory: /workdir/.cache/pip-graalpy/wheels/8c/d5/db/b4692ccfa8cc89292ddbbf776af44b1c5c1b6dcb0ea5842a99
  Building wheel for multidict (pyproject.toml): started
  Building wheel for multidict (pyproject.toml): finished with status 'done'
  Created wheel for multidict: filename=multidict-6.0.4-py3-none-any.whl size=9723 sha256=2bba727ba9ee5b8b87ddf64a9051dc024637d9694499746e794cdfc1f4455077
  Stored in directory: /workdir/.cache/pip-graalpy/wheels/4a/91/a7/263dd3526b17601cdd7e607e87322568f2e4f764d2ffa62079
Successfully built torch aiohttp fire frozenlist multidict
Installing collected packages: urllib3, typing-extensions, tqdm, termcolor, six, PyYAML, protobuf, packaging, numpy, multidict, idna, fsspec, frozenlist, charset-normalizer, certifi, attrs, async-timeout, yarl, torch, tensorboardX, requests, fire, aiosignal, torchmetrics, lightning-utilities, aiohttp, pytorch-lightning
Looking for GraalPy patches for urllib3
Looking for GraalPy patches for typing_extensions
Looking for GraalPy patches for tqdm
Looking for GraalPy patches for termcolor
Looking for GraalPy patches for six
Looking for GraalPy patches for PyYAML
Looking for GraalPy patches for protobuf
We have patches to make this package work on GraalVM for some version(s).
If installing or running fails, consider using one of the versions that we have patches for:
protobuf == 3.21.9
Looking for GraalPy patches for packaging
Patching package packaging using /opt/graalpy/lib/graalpy23.1/patches/packaging/packaging.patch
patching file packaging/tags.py
Hunk #1 FAILED at 4.
Hunk #2 FAILED at 37.
2 out of 2 hunks FAILED -- saving rejects to file packaging/tags.py.rej
Applying GraalPy patch failed for packaging. The package may still work.
Looking for GraalPy patches for numpy
We have patches to make this package work on GraalVM for some version(s).
If installing or running fails, consider using one of the versions that we have patches for:
numpy == 1.16.4
numpy == 1.19.5
numpy == 1.21.6
numpy == 1.22.4
numpy == 1.23.4
numpy == 1.23.1
numpy == 1.23.5
Looking for GraalPy patches for multidict
Looking for GraalPy patches for idna
Looking for GraalPy patches for fsspec
Looking for GraalPy patches for frozenlist
Looking for GraalPy patches for charset_normalizer
Patching package charset_normalizer using /opt/graalpy/lib/graalpy23.1/patches/charset_normalizer/charset_normalizer-3.1.0.patch
patching file charset_normalizer/utils.py
Hunk #1 succeeded at 7 with fuzz 2 (offset -4 lines).
Hunk #2 succeeded at 258 with fuzz 2 (offset 11 lines).
Looking for GraalPy patches for certifi
Looking for GraalPy patches for attrs
Looking for GraalPy patches for async_timeout
Looking for GraalPy patches for yarl
Looking for GraalPy patches for tensorboardX
Looking for GraalPy patches for requests
Looking for GraalPy patches for fire
Looking for GraalPy patches for aiosignal
Looking for GraalPy patches for torchmetrics
Looking for GraalPy patches for lightning_utilities
Looking for GraalPy patches for aiohttp
Looking for GraalPy patches for pytorch_lightning
Successfully installed PyYAML-6.0.1 aiohttp-3.9.1 aiosignal-1.3.1 async-timeout-4.0.3 attrs-23.1.0 certifi-2023.11.17 charset-normalizer-3.1.0 fire-0.5.0 frozenlist-1.4.0 fsspec-2023.10.0 idna-3.6 lightning-utilities-0.3.0 multidict-6.0.4 numpy-1.23.5 packaging-23.2 protobuf-4.25.1 pytorch-lightning-1.8.3.post1 requests-2.31.0 six-1.16.0 tensorboardX-2.6.2.2 termcolor-2.3.0 torch-1.13.1 torchmetrics-0.11.4 tqdm-4.66.1 typing-extensions-4.8.0 urllib3-2.1.0 yarl-1.9.3
