Collecting google-cloud-bigquery==3.4.0
  Downloading google_cloud_bigquery-3.4.0-py2.py3-none-any.whl (212 kB)
     ━━━━━━━━━━━━━━━━━━━━━━━━━━━━━━━━━━━━━━━ 212.5/212.5 kB 4.4 MB/s eta 0:00:00
Collecting grpcio<2.0dev,>=1.47.0 (from google-cloud-bigquery==3.4.0)
  Downloading grpcio-1.59.3-cp310-cp310-manylinux_2_17_x86_64.manylinux2014_x86_64.whl.metadata (4.0 kB)
Collecting google-api-core!=2.0.*,!=2.1.*,!=2.2.*,!=2.3.0,<3.0.0dev,>=1.31.5 (from google-api-core[grpc]!=2.0.*,!=2.1.*,!=2.2.*,!=2.3.0,<3.0.0dev,>=1.31.5->google-cloud-bigquery==3.4.0)
  Using cached google_api_core-2.14.0-py3-none-any.whl.metadata (2.6 kB)
Collecting google-cloud-bigquery-storage<3.0.0dev,>=2.0.0 (from google-cloud-bigquery==3.4.0)
  Downloading google_cloud_bigquery_storage-2.22.0-py2.py3-none-any.whl.metadata (5.4 kB)
Collecting proto-plus<2.0.0dev,>=1.22.0 (from google-cloud-bigquery==3.4.0)
  Downloading proto_plus-1.22.3-py3-none-any.whl.metadata (2.2 kB)
Collecting google-cloud-core<3.0.0dev,>=1.4.1 (from google-cloud-bigquery==3.4.0)
  Downloading google_cloud_core-2.3.3-py2.py3-none-any.whl.metadata (2.5 kB)
Collecting google-resumable-media<3.0dev,>=0.6.0 (from google-cloud-bigquery==3.4.0)
  Downloading google_resumable_media-2.6.0-py2.py3-none-any.whl.metadata (2.1 kB)
Collecting packaging<22.0.0dev,>=14.3 (from google-cloud-bigquery==3.4.0)
  Using cached packaging-21.3-py3-none-any.whl (40 kB)
Collecting protobuf!=3.20.0,!=3.20.1,!=4.21.0,!=4.21.1,!=4.21.2,!=4.21.3,!=4.21.4,!=4.21.5,<5.0.0dev,>=3.19.5 (from google-cloud-bigquery==3.4.0)
  Using cached protobuf-4.25.1-cp37-abi3-manylinux2014_x86_64.whl.metadata (541 bytes)
Collecting python-dateutil<3.0dev,>=2.7.2 (from google-cloud-bigquery==3.4.0)
  Using cached python_dateutil-2.8.2-py2.py3-none-any.whl (247 kB)
Collecting pyarrow<11.0dev,>=3.0.0 (from google-cloud-bigquery==3.4.0)
  Downloading pyarrow-10.0.1-cp310-cp310-manylinux_2_17_x86_64.manylinux2014_x86_64.whl (35.9 MB)
     ━━━━━━━━━━━━━━━━━━━━━━━━━━━━━━━━━━━━━━━━ 35.9/35.9 MB 26.8 MB/s eta 0:00:00
Collecting requests<3.0.0dev,>=2.21.0 (from google-cloud-bigquery==3.4.0)
  Using cached requests-2.31.0-py3-none-any.whl.metadata (4.6 kB)
Collecting googleapis-common-protos<2.0.dev0,>=1.56.2 (from google-api-core!=2.0.*,!=2.1.*,!=2.2.*,!=2.3.0,<3.0.0dev,>=1.31.5->google-api-core[grpc]!=2.0.*,!=2.1.*,!=2.2.*,!=2.3.0,<3.0.0dev,>=1.31.5->google-cloud-bigquery==3.4.0)
  Using cached googleapis_common_protos-1.61.0-py2.py3-none-any.whl.metadata (1.5 kB)
Collecting google-auth<3.0.dev0,>=2.14.1 (from google-api-core!=2.0.*,!=2.1.*,!=2.2.*,!=2.3.0,<3.0.0dev,>=1.31.5->google-api-core[grpc]!=2.0.*,!=2.1.*,!=2.2.*,!=2.3.0,<3.0.0dev,>=1.31.5->google-cloud-bigquery==3.4.0)
  Using cached google_auth-2.23.4-py2.py3-none-any.whl.metadata (4.7 kB)
Collecting grpcio-status<2.0.dev0,>=1.33.2 (from google-api-core[grpc]!=2.0.*,!=2.1.*,!=2.2.*,!=2.3.0,<3.0.0dev,>=1.31.5->google-cloud-bigquery==3.4.0)
  Downloading grpcio_status-1.59.3-py3-none-any.whl.metadata (1.3 kB)
Collecting google-crc32c<2.0dev,>=1.0 (from google-resumable-media<3.0dev,>=0.6.0->google-cloud-bigquery==3.4.0)
  Downloading google_crc32c-1.5.0-cp310-cp310-manylinux_2_17_x86_64.manylinux2014_x86_64.whl (32 kB)
Collecting pyparsing!=3.0.5,>=2.0.2 (from packaging<22.0.0dev,>=14.3->google-cloud-bigquery==3.4.0)
  Using cached pyparsing-3.1.1-py3-none-any.whl.metadata (5.1 kB)
Collecting numpy>=1.16.6 (from pyarrow<11.0dev,>=3.0.0->google-cloud-bigquery==3.4.0)
  Using cached numpy-1.26.2-cp310-cp310-manylinux_2_17_x86_64.manylinux2014_x86_64.whl.metadata (61 kB)
Collecting six>=1.5 (from python-dateutil<3.0dev,>=2.7.2->google-cloud-bigquery==3.4.0)
  Using cached six-1.16.0-py2.py3-none-any.whl (11 kB)
Collecting charset-normalizer<4,>=2 (from requests<3.0.0dev,>=2.21.0->google-cloud-bigquery==3.4.0)
  Using cached charset_normalizer-3.3.2-cp310-cp310-manylinux_2_17_x86_64.manylinux2014_x86_64.whl.metadata (33 kB)
Collecting idna<4,>=2.5 (from requests<3.0.0dev,>=2.21.0->google-cloud-bigquery==3.4.0)
  Using cached idna-3.4-py3-none-any.whl (61 kB)
Collecting urllib3<3,>=1.21.1 (from requests<3.0.0dev,>=2.21.0->google-cloud-bigquery==3.4.0)
  Using cached urllib3-2.1.0-py3-none-any.whl.metadata (6.4 kB)
Collecting certifi>=2017.4.17 (from requests<3.0.0dev,>=2.21.0->google-cloud-bigquery==3.4.0)
  Using cached certifi-2023.11.17-py3-none-any.whl.metadata (2.2 kB)
Collecting cachetools<6.0,>=2.0.0 (from google-auth<3.0.dev0,>=2.14.1->google-api-core!=2.0.*,!=2.1.*,!=2.2.*,!=2.3.0,<3.0.0dev,>=1.31.5->google-api-core[grpc]!=2.0.*,!=2.1.*,!=2.2.*,!=2.3.0,<3.0.0dev,>=1.31.5->google-cloud-bigquery==3.4.0)
  Using cached cachetools-5.3.2-py3-none-any.whl.metadata (5.2 kB)
Collecting pyasn1-modules>=0.2.1 (from google-auth<3.0.dev0,>=2.14.1->google-api-core!=2.0.*,!=2.1.*,!=2.2.*,!=2.3.0,<3.0.0dev,>=1.31.5->google-api-core[grpc]!=2.0.*,!=2.1.*,!=2.2.*,!=2.3.0,<3.0.0dev,>=1.31.5->google-cloud-bigquery==3.4.0)
  Using cached pyasn1_modules-0.3.0-py2.py3-none-any.whl (181 kB)
Collecting rsa<5,>=3.1.4 (from google-auth<3.0.dev0,>=2.14.1->google-api-core!=2.0.*,!=2.1.*,!=2.2.*,!=2.3.0,<3.0.0dev,>=1.31.5->google-api-core[grpc]!=2.0.*,!=2.1.*,!=2.2.*,!=2.3.0,<3.0.0dev,>=1.31.5->google-cloud-bigquery==3.4.0)
  Using cached rsa-4.9-py3-none-any.whl (34 kB)
Collecting pyasn1<0.6.0,>=0.4.6 (from pyasn1-modules>=0.2.1->google-auth<3.0.dev0,>=2.14.1->google-api-core!=2.0.*,!=2.1.*,!=2.2.*,!=2.3.0,<3.0.0dev,>=1.31.5->google-api-core[grpc]!=2.0.*,!=2.1.*,!=2.2.*,!=2.3.0,<3.0.0dev,>=1.31.5->google-cloud-bigquery==3.4.0)
  Using cached pyasn1-0.5.1-py2.py3-none-any.whl.metadata (8.6 kB)
Using cached google_api_core-2.14.0-py3-none-any.whl (122 kB)
Downloading google_cloud_bigquery_storage-2.22.0-py2.py3-none-any.whl (190 kB)
   ━━━━━━━━━━━━━━━━━━━━━━━━━━━━━━━━━━━━━━━━ 190.9/190.9 kB 15.4 MB/s eta 0:00:00
Downloading google_cloud_core-2.3.3-py2.py3-none-any.whl (29 kB)
Downloading google_resumable_media-2.6.0-py2.py3-none-any.whl (80 kB)
   ━━━━━━━━━━━━━━━━━━━━━━━━━━━━━━━━━━━━━━━━ 80.3/80.3 kB 13.5 MB/s eta 0:00:00
Downloading grpcio-1.59.3-cp310-cp310-manylinux_2_17_x86_64.manylinux2014_x86_64.whl (5.3 MB)
   ━━━━━━━━━━━━━━━━━━━━━━━━━━━━━━━━━━━━━━━━ 5.3/5.3 MB 25.1 MB/s eta 0:00:00
Downloading proto_plus-1.22.3-py3-none-any.whl (48 kB)
   ━━━━━━━━━━━━━━━━━━━━━━━━━━━━━━━━━━━━━━━━ 48.1/48.1 kB 2.4 MB/s eta 0:00:00
Using cached protobuf-4.25.1-cp37-abi3-manylinux2014_x86_64.whl (294 kB)
Using cached requests-2.31.0-py3-none-any.whl (62 kB)
Using cached certifi-2023.11.17-py3-none-any.whl (162 kB)
Using cached charset_normalizer-3.3.2-cp310-cp310-manylinux_2_17_x86_64.manylinux2014_x86_64.whl (142 kB)
Using cached google_auth-2.23.4-py2.py3-none-any.whl (183 kB)
Using cached googleapis_common_protos-1.61.0-py2.py3-none-any.whl (230 kB)
Downloading grpcio_status-1.59.3-py3-none-any.whl (14 kB)
Using cached numpy-1.26.2-cp310-cp310-manylinux_2_17_x86_64.manylinux2014_x86_64.whl (18.2 MB)
Using cached pyparsing-3.1.1-py3-none-any.whl (103 kB)
Using cached urllib3-2.1.0-py3-none-any.whl (104 kB)
Using cached cachetools-5.3.2-py3-none-any.whl (9.3 kB)
Using cached pyasn1-0.5.1-py2.py3-none-any.whl (84 kB)
Installing collected packages: urllib3, six, pyparsing, pyasn1, protobuf, numpy, idna, grpcio, google-crc32c, charset-normalizer, certifi, cachetools, rsa, requests, python-dateutil, pyasn1-modules, pyarrow, proto-plus, packaging, googleapis-common-protos, google-resumable-media, grpcio-status, google-auth, google-api-core, google-cloud-core, google-cloud-bigquery-storage, google-cloud-bigquery
Successfully installed cachetools-5.3.2 certifi-2023.11.17 charset-normalizer-3.3.2 google-api-core-2.14.0 google-auth-2.23.4 google-cloud-bigquery-3.4.0 google-cloud-bigquery-storage-2.22.0 google-cloud-core-2.3.3 google-crc32c-1.5.0 google-resumable-media-2.6.0 googleapis-common-protos-1.61.0 grpcio-1.59.3 grpcio-status-1.59.3 idna-3.4 numpy-1.26.2 packaging-21.3 proto-plus-1.22.3 protobuf-4.25.1 pyarrow-10.0.1 pyasn1-0.5.1 pyasn1-modules-0.3.0 pyparsing-3.1.1 python-dateutil-2.8.2 requests-2.31.0 rsa-4.9 six-1.16.0 urllib3-2.1.0
