Collecting ansible-core==2.14.2
  Downloading ansible_core-2.14.2-py3-none-any.whl (2.2 MB)
     ━━━━━━━━━━━━━━━━━━━━━━━━━━━━━━━━━━━━━━━━ 2.2/2.2 MB 15.8 MB/s eta 0:00:00
Collecting jinja2>=3.0.0 (from ansible-core==2.14.2)
  Using cached Jinja2-3.1.2-py3-none-any.whl (133 kB)
Collecting PyYAML>=5.1 (from ansible-core==2.14.2)
  Using cached PyYAML-6.0.1-cp310-cp310-manylinux_2_17_x86_64.manylinux2014_x86_64.whl.metadata (2.1 kB)
Collecting cryptography (from ansible-core==2.14.2)
  Using cached cryptography-41.0.5-cp37-abi3-manylinux_2_28_x86_64.whl.metadata (5.2 kB)
Collecting packaging (from ansible-core==2.14.2)
  Using cached packaging-23.2-py3-none-any.whl.metadata (3.2 kB)
Collecting resolvelib<0.9.0,>=0.5.3 (from ansible-core==2.14.2)
  Downloading resolvelib-0.8.1-py2.py3-none-any.whl (16 kB)
Collecting MarkupSafe>=2.0 (from jinja2>=3.0.0->ansible-core==2.14.2)
  Using cached MarkupSafe-2.1.3-cp310-cp310-manylinux_2_17_x86_64.manylinux2014_x86_64.whl.metadata (3.0 kB)
Collecting cffi>=1.12 (from cryptography->ansible-core==2.14.2)
  Using cached cffi-1.16.0-cp310-cp310-manylinux_2_17_x86_64.manylinux2014_x86_64.whl.metadata (1.5 kB)
Collecting pycparser (from cffi>=1.12->cryptography->ansible-core==2.14.2)
  Using cached pycparser-2.21-py2.py3-none-any.whl (118 kB)
Using cached PyYAML-6.0.1-cp310-cp310-manylinux_2_17_x86_64.manylinux2014_x86_64.whl (705 kB)
Using cached cryptography-41.0.5-cp37-abi3-manylinux_2_28_x86_64.whl (4.4 MB)
Using cached packaging-23.2-py3-none-any.whl (53 kB)
Using cached cffi-1.16.0-cp310-cp310-manylinux_2_17_x86_64.manylinux2014_x86_64.whl (443 kB)
Using cached MarkupSafe-2.1.3-cp310-cp310-manylinux_2_17_x86_64.manylinux2014_x86_64.whl (25 kB)
Installing collected packages: resolvelib, PyYAML, pycparser, packaging, MarkupSafe, jinja2, cffi, cryptography, ansible-core
Successfully installed MarkupSafe-2.1.3 PyYAML-6.0.1 ansible-core-2.14.2 cffi-1.16.0 cryptography-41.0.5 jinja2-3.1.2 packaging-23.2 pycparser-2.21 resolvelib-0.8.1
