Collecting ujson==5.6.0
  Downloading ujson-5.6.0.tar.gz (7.2 MB)
     ━━━━━━━━━━━━━━━━━━━━━━━━━━━━━━━━━━━━━━━━ 7.2/7.2 MB 3.2 MB/s eta 0:00:00
Looking for GraalPy patches for ujson
  Installing build dependencies: started
  Installing build dependencies: finished with status 'done'
  WARNING: Missing build requirements in pyproject.toml for ujson==5.6.0 from https://files.pythonhosted.org/packages/45/48/466d672c53fcb93d64a2817e3a0306214103e3baba109821c88e1150c100/ujson-5.6.0.tar.gz.
  WARNING: The project does not specify a build backend, and pip cannot fall back to setuptools without 'wheel'.
  Getting requirements to build wheel: started
  Getting requirements to build wheel: finished with status 'done'
  Installing backend dependencies: started
  Installing backend dependencies: finished with status 'done'
  Preparing metadata (pyproject.toml): started
  Preparing metadata (pyproject.toml): finished with status 'done'
Building wheels for collected packages: ujson
  Building wheel for ujson (pyproject.toml): started
  Building wheel for ujson (pyproject.toml): finished with status 'done'
  Created wheel for ujson: filename=ujson-5.6.0-graalpy310-graalpy231_310_native-linux_x86_64.whl size=52669 sha256=70c99f1f672c8be53f8902a55eac18b7acc4925571ad69851c46bec0aa10c8aa
  Stored in directory: /workdir/.cache/pip-graalpy/wheels/13/b5/36/f8b8e3ae67bd396c483853874dc74d4af5d17d282d56c23436
Successfully built ujson
Installing collected packages: ujson
Looking for GraalPy patches for ujson
Successfully installed ujson-5.6.0
