Collecting cliff==4.3.0
  Downloading cliff-4.3.0-py3-none-any.whl (80 kB)
     ━━━━━━━━━━━━━━━━━━━━━━━━━━━━━━━━━━━━━━━━ 80.6/80.6 kB 4.0 MB/s eta 0:00:00
Collecting PrettyTable>=0.7.2 (from cliff==4.3.0)
  Using cached prettytable-3.9.0-py3-none-any.whl.metadata (26 kB)
Collecting PyYAML>=3.12 (from cliff==4.3.0)
  Using cached PyYAML-6.0.1-cp310-cp310-manylinux_2_17_x86_64.manylinux2014_x86_64.whl.metadata (2.1 kB)
Collecting autopage>=0.4.0 (from cliff==4.3.0)
  Using cached autopage-0.5.2-py3-none-any.whl.metadata (7.9 kB)
Collecting cmd2>=1.0.0 (from cliff==4.3.0)
  Using cached cmd2-2.4.3-py3-none-any.whl (147 kB)
Collecting importlib-metadata>=4.4 (from cliff==4.3.0)
  Using cached importlib_metadata-6.8.0-py3-none-any.whl.metadata (5.1 kB)
Collecting stevedore>=2.0.1 (from cliff==4.3.0)
  Using cached stevedore-5.1.0-py3-none-any.whl.metadata (2.2 kB)
Collecting attrs>=16.3.0 (from cmd2>=1.0.0->cliff==4.3.0)
  Using cached attrs-23.1.0-py3-none-any.whl (61 kB)
Collecting pyperclip>=1.6 (from cmd2>=1.0.0->cliff==4.3.0)
  Using cached pyperclip-1.8.2-py3-none-any.whl
Collecting wcwidth>=0.1.7 (from cmd2>=1.0.0->cliff==4.3.0)
  Using cached wcwidth-0.2.10-py2.py3-none-any.whl.metadata (14 kB)
Collecting zipp>=0.5 (from importlib-metadata>=4.4->cliff==4.3.0)
  Using cached zipp-3.17.0-py3-none-any.whl.metadata (3.7 kB)
Collecting pbr!=2.1.0,>=2.0.0 (from stevedore>=2.0.1->cliff==4.3.0)
  Using cached pbr-6.0.0-py2.py3-none-any.whl.metadata (1.3 kB)
Using cached autopage-0.5.2-py3-none-any.whl (30 kB)
Using cached importlib_metadata-6.8.0-py3-none-any.whl (22 kB)
Using cached prettytable-3.9.0-py3-none-any.whl (27 kB)
Using cached PyYAML-6.0.1-cp310-cp310-manylinux_2_17_x86_64.manylinux2014_x86_64.whl (705 kB)
Using cached stevedore-5.1.0-py3-none-any.whl (49 kB)
Using cached pbr-6.0.0-py2.py3-none-any.whl (107 kB)
Using cached wcwidth-0.2.10-py2.py3-none-any.whl (105 kB)
Using cached zipp-3.17.0-py3-none-any.whl (7.4 kB)
Installing collected packages: wcwidth, pyperclip, zipp, PyYAML, PrettyTable, pbr, autopage, attrs, stevedore, importlib-metadata, cmd2, cliff
Successfully installed PrettyTable-3.9.0 PyYAML-6.0.1 attrs-23.1.0 autopage-0.5.2 cliff-4.3.0 cmd2-2.4.3 importlib-metadata-6.8.0 pbr-6.0.0 pyperclip-1.8.2 stevedore-5.1.0 wcwidth-0.2.10 zipp-3.17.0
