Collecting cliff==4.3.0
  Downloading cliff-4.3.0-py3-none-any.whl (80 kB)
     ━━━━━━━━━━━━━━━━━━━━━━━━━━━━━━━━━━━━━━━━ 80.6/80.6 kB 1.6 MB/s eta 0:00:00
Collecting PrettyTable>=0.7.2
  Using cached prettytable-3.9.0-py3-none-any.whl (27 kB)
Collecting PyYAML>=3.12
  Using cached PyYAML-6.0.1-py3-none-any.whl
Collecting autopage>=0.4.0
  Using cached autopage-0.5.2-py3-none-any.whl (30 kB)
Collecting cmd2>=1.0.0
  Using cached cmd2-2.4.3-py3-none-any.whl (147 kB)
Collecting importlib-metadata>=4.4
  Using cached importlib_metadata-6.8.0-py3-none-any.whl (22 kB)
Collecting stevedore>=2.0.1
  Using cached stevedore-5.1.0-py3-none-any.whl (49 kB)
Collecting attrs>=16.3.0
  Using cached attrs-23.1.0-py3-none-any.whl (61 kB)
Collecting pyperclip>=1.6
  Using cached pyperclip-1.8.2-py3-none-any.whl
Collecting wcwidth>=0.1.7
  Using cached wcwidth-0.2.10-py2.py3-none-any.whl (105 kB)
Collecting zipp>=0.5
  Using cached zipp-3.17.0-py3-none-any.whl (7.4 kB)
Collecting pbr!=2.1.0,>=2.0.0
  Using cached pbr-6.0.0-py2.py3-none-any.whl (107 kB)
Installing collected packages: wcwidth, pyperclip, zipp, PyYAML, PrettyTable, pbr, autopage, attrs, stevedore, importlib-metadata, cmd2, cliff
Looking for GraalPy patches for wcwidth
Looking for GraalPy patches for pyperclip
Looking for GraalPy patches for zipp
Looking for GraalPy patches for PyYAML
Looking for GraalPy patches for prettytable
Looking for GraalPy patches for pbr
Looking for GraalPy patches for autopage
Looking for GraalPy patches for attrs
Looking for GraalPy patches for stevedore
Looking for GraalPy patches for importlib_metadata
Looking for GraalPy patches for cmd2
Looking for GraalPy patches for cliff
Successfully installed PrettyTable-3.9.0 PyYAML-6.0.1 attrs-23.1.0 autopage-0.5.2 cliff-4.3.0 cmd2-2.4.3 importlib-metadata-6.8.0 pbr-6.0.0 pyperclip-1.8.2 stevedore-5.1.0 wcwidth-0.2.10 zipp-3.17.0
