Collecting ipdb==0.13.9
  Downloading ipdb-0.13.9.tar.gz (16 kB)
  Preparing metadata (setup.py): started
  Preparing metadata (setup.py): finished with status 'done'
Requirement already satisfied: setuptools in ./install-virtualenv/lib/python3.10/site-packages (from ipdb==0.13.9) (68.2.2)
Collecting ipython>=7.17.0 (from ipdb==0.13.9)
  Downloading ipython-8.17.2-py3-none-any.whl.metadata (6.0 kB)
Collecting toml>=0.10.2 (from ipdb==0.13.9)
  Using cached toml-0.10.2-py2.py3-none-any.whl (16 kB)
Collecting decorator (from ipdb==0.13.9)
  Using cached decorator-5.1.1-py3-none-any.whl (9.1 kB)
Collecting jedi>=0.16 (from ipython>=7.17.0->ipdb==0.13.9)
  Downloading jedi-0.19.1-py2.py3-none-any.whl.metadata (22 kB)
Collecting matplotlib-inline (from ipython>=7.17.0->ipdb==0.13.9)
  Downloading matplotlib_inline-0.1.6-py3-none-any.whl (9.4 kB)
Collecting prompt-toolkit!=3.0.37,<3.1.0,>=3.0.30 (from ipython>=7.17.0->ipdb==0.13.9)
  Downloading prompt_toolkit-3.0.41-py3-none-any.whl.metadata (6.5 kB)
Collecting pygments>=2.4.0 (from ipython>=7.17.0->ipdb==0.13.9)
  Using cached pygments-2.17.2-py3-none-any.whl.metadata (2.6 kB)
Collecting stack-data (from ipython>=7.17.0->ipdb==0.13.9)
  Downloading stack_data-0.6.3-py3-none-any.whl.metadata (18 kB)
Collecting traitlets>=5 (from ipython>=7.17.0->ipdb==0.13.9)
  Downloading traitlets-5.13.0-py3-none-any.whl.metadata (10 kB)
Collecting exceptiongroup (from ipython>=7.17.0->ipdb==0.13.9)
  Using cached exceptiongroup-1.2.0-py3-none-any.whl.metadata (6.6 kB)
Collecting pexpect>4.3 (from ipython>=7.17.0->ipdb==0.13.9)
  Downloading pexpect-4.8.0-py2.py3-none-any.whl (59 kB)
     ━━━━━━━━━━━━━━━━━━━━━━━━━━━━━━━━━━━━━━━━ 59.0/59.0 kB 3.3 MB/s eta 0:00:00
Collecting parso<0.9.0,>=0.8.3 (from jedi>=0.16->ipython>=7.17.0->ipdb==0.13.9)
  Downloading parso-0.8.3-py2.py3-none-any.whl (100 kB)
     ━━━━━━━━━━━━━━━━━━━━━━━━━━━━━━━━━━━━━━━ 100.8/100.8 kB 5.1 MB/s eta 0:00:00
Collecting ptyprocess>=0.5 (from pexpect>4.3->ipython>=7.17.0->ipdb==0.13.9)
  Downloading ptyprocess-0.7.0-py2.py3-none-any.whl (13 kB)
Collecting wcwidth (from prompt-toolkit!=3.0.37,<3.1.0,>=3.0.30->ipython>=7.17.0->ipdb==0.13.9)
  Using cached wcwidth-0.2.12-py2.py3-none-any.whl.metadata (14 kB)
Collecting executing>=1.2.0 (from stack-data->ipython>=7.17.0->ipdb==0.13.9)
  Downloading executing-2.0.1-py2.py3-none-any.whl.metadata (9.0 kB)
Collecting asttokens>=2.1.0 (from stack-data->ipython>=7.17.0->ipdb==0.13.9)
  Downloading asttokens-2.4.1-py2.py3-none-any.whl.metadata (5.2 kB)
Collecting pure-eval (from stack-data->ipython>=7.17.0->ipdb==0.13.9)
  Downloading pure_eval-0.2.2-py3-none-any.whl (11 kB)
Collecting six>=1.12.0 (from asttokens>=2.1.0->stack-data->ipython>=7.17.0->ipdb==0.13.9)
  Using cached six-1.16.0-py2.py3-none-any.whl (11 kB)
Downloading ipython-8.17.2-py3-none-any.whl (808 kB)
   ━━━━━━━━━━━━━━━━━━━━━━━━━━━━━━━━━━━━━━━━ 808.4/808.4 kB 17.0 MB/s eta 0:00:00
Downloading jedi-0.19.1-py2.py3-none-any.whl (1.6 MB)
   ━━━━━━━━━━━━━━━━━━━━━━━━━━━━━━━━━━━━━━━━ 1.6/1.6 MB 26.4 MB/s eta 0:00:00
Downloading prompt_toolkit-3.0.41-py3-none-any.whl (385 kB)
   ━━━━━━━━━━━━━━━━━━━━━━━━━━━━━━━━━━━━━━━━ 385.5/385.5 kB 16.5 MB/s eta 0:00:00
Using cached pygments-2.17.2-py3-none-any.whl (1.2 MB)
Downloading traitlets-5.13.0-py3-none-any.whl (84 kB)
   ━━━━━━━━━━━━━━━━━━━━━━━━━━━━━━━━━━━━━━━━ 85.0/85.0 kB 9.8 MB/s eta 0:00:00
Using cached exceptiongroup-1.2.0-py3-none-any.whl (16 kB)
Downloading stack_data-0.6.3-py3-none-any.whl (24 kB)
Downloading asttokens-2.4.1-py2.py3-none-any.whl (27 kB)
Downloading executing-2.0.1-py2.py3-none-any.whl (24 kB)
Using cached wcwidth-0.2.12-py2.py3-none-any.whl (34 kB)
Building wheels for collected packages: ipdb
  Building wheel for ipdb (setup.py): started
  Building wheel for ipdb (setup.py): finished with status 'done'
  Created wheel for ipdb: filename=ipdb-0.13.9-py3-none-any.whl size=11626 sha256=f0a29155a914ff375c443508ae404cce4e7130d98a439de923f4c6e49080cb0d
  Stored in directory: /workdir/.cache/pip/wheels/54/02/23/574616a4405110c3a9ccf58c81a7bdea1145360f54adb240a5
Successfully built ipdb
Installing collected packages: wcwidth, pure-eval, ptyprocess, traitlets, toml, six, pygments, prompt-toolkit, pexpect, parso, executing, exceptiongroup, decorator, matplotlib-inline, jedi, asttokens, stack-data, ipython, ipdb
Successfully installed asttokens-2.4.1 decorator-5.1.1 exceptiongroup-1.2.0 executing-2.0.1 ipdb-0.13.9 ipython-8.17.2 jedi-0.19.1 matplotlib-inline-0.1.6 parso-0.8.3 pexpect-4.8.0 prompt-toolkit-3.0.41 ptyprocess-0.7.0 pure-eval-0.2.2 pygments-2.17.2 six-1.16.0 stack-data-0.6.3 toml-0.10.2 traitlets-5.13.0 wcwidth-0.2.12
