Collecting ipdb==0.13.9
  Downloading ipdb-0.13.9.tar.gz (16 kB)
Looking for GraalPy patches for ipdb
  Preparing metadata (setup.py): started
  Preparing metadata (setup.py): finished with status 'done'
Requirement already satisfied: setuptools in ./install-virtualenv/lib/python3.10/site-packages (from ipdb==0.13.9) (63.2.0)
Collecting ipython>=7.17.0
  Downloading ipython-8.17.2-py3-none-any.whl (808 kB)
     ━━━━━━━━━━━━━━━━━━━━━━━━━━━━━━━━━━━━━━━ 808.4/808.4 kB 7.6 MB/s eta 0:00:00
Collecting toml>=0.10.2
  Using cached toml-0.10.2-py2.py3-none-any.whl (16 kB)
Collecting decorator
  Using cached decorator-5.1.1-py3-none-any.whl (9.1 kB)
Collecting jedi>=0.16
  Downloading jedi-0.19.1-py2.py3-none-any.whl (1.6 MB)
     ━━━━━━━━━━━━━━━━━━━━━━━━━━━━━━━━━━━━━━━━ 1.6/1.6 MB 8.4 MB/s eta 0:00:00
Collecting matplotlib-inline
  Downloading matplotlib_inline-0.1.6-py3-none-any.whl (9.4 kB)
Collecting prompt-toolkit!=3.0.37,<3.1.0,>=3.0.30
  Downloading prompt_toolkit-3.0.41-py3-none-any.whl (385 kB)
     ━━━━━━━━━━━━━━━━━━━━━━━━━━━━━━━━━━━━━━━ 385.5/385.5 kB 6.6 MB/s eta 0:00:00
Collecting pygments>=2.4.0
  Using cached pygments-2.17.2-py3-none-any.whl (1.2 MB)
Collecting stack-data
  Downloading stack_data-0.6.3-py3-none-any.whl (24 kB)
Collecting traitlets>=5
  Downloading traitlets-5.13.0-py3-none-any.whl (84 kB)
     ━━━━━━━━━━━━━━━━━━━━━━━━━━━━━━━━━━━━━━━━ 85.0/85.0 kB 3.1 MB/s eta 0:00:00
Collecting exceptiongroup
  Using cached exceptiongroup-1.2.0-py3-none-any.whl (16 kB)
Collecting pexpect>4.3
  Downloading pexpect-4.8.0-py2.py3-none-any.whl (59 kB)
     ━━━━━━━━━━━━━━━━━━━━━━━━━━━━━━━━━━━━━━━━ 59.0/59.0 kB 1.2 MB/s eta 0:00:00
Collecting parso<0.9.0,>=0.8.3
  Downloading parso-0.8.3-py2.py3-none-any.whl (100 kB)
     ━━━━━━━━━━━━━━━━━━━━━━━━━━━━━━━━━━━━━━━ 100.8/100.8 kB 4.5 MB/s eta 0:00:00
Collecting ptyprocess>=0.5
  Downloading ptyprocess-0.7.0-py2.py3-none-any.whl (13 kB)
Collecting wcwidth
  Using cached wcwidth-0.2.12-py2.py3-none-any.whl (34 kB)
Collecting executing>=1.2.0
  Downloading executing-2.0.1-py2.py3-none-any.whl (24 kB)
Collecting asttokens>=2.1.0
  Downloading asttokens-2.4.1-py2.py3-none-any.whl (27 kB)
Collecting pure-eval
  Downloading pure_eval-0.2.2-py3-none-any.whl (11 kB)
Collecting six>=1.12.0
  Using cached six-1.16.0-py2.py3-none-any.whl (11 kB)
Building wheels for collected packages: ipdb
  Building wheel for ipdb (setup.py): started
  Building wheel for ipdb (setup.py): finished with status 'done'
  Created wheel for ipdb: filename=ipdb-0.13.9-py3-none-any.whl size=11642 sha256=5bbeb1285dfa2b301fa909a90449d7bcaca55d31738c2e74412316d08a588ffe
  Stored in directory: /workdir/.cache/pip-graalpy/wheels/16/47/d3/18cac84ad728275034380104f292f6f3a7e38d62dccd6d8ccd
Successfully built ipdb
Installing collected packages: wcwidth, pure-eval, ptyprocess, traitlets, toml, six, pygments, prompt-toolkit, pexpect, parso, executing, exceptiongroup, decorator, matplotlib-inline, jedi, asttokens, stack-data, ipython, ipdb
Looking for GraalPy patches for wcwidth
Looking for GraalPy patches for pure_eval
Looking for GraalPy patches for ptyprocess
Looking for GraalPy patches for traitlets
Looking for GraalPy patches for toml
Looking for GraalPy patches for six
Looking for GraalPy patches for pygments
Looking for GraalPy patches for prompt_toolkit
Looking for GraalPy patches for pexpect
Looking for GraalPy patches for parso
Looking for GraalPy patches for executing
Looking for GraalPy patches for exceptiongroup
Looking for GraalPy patches for decorator
Looking for GraalPy patches for matplotlib_inline
Looking for GraalPy patches for jedi
Looking for GraalPy patches for asttokens
Looking for GraalPy patches for stack_data
Looking for GraalPy patches for ipython
Looking for GraalPy patches for ipdb
Successfully installed asttokens-2.4.1 decorator-5.1.1 exceptiongroup-1.2.0 executing-2.0.1 ipdb-0.13.9 ipython-8.17.2 jedi-0.19.1 matplotlib-inline-0.1.6 parso-0.8.3 pexpect-4.8.0 prompt-toolkit-3.0.41 ptyprocess-0.7.0 pure-eval-0.2.2 pygments-2.17.2 six-1.16.0 stack-data-0.6.3 toml-0.10.2 traitlets-5.13.0 wcwidth-0.2.12
