Collecting aliyun-python-sdk-core==2.13.36
  Downloading aliyun-python-sdk-core-2.13.36.tar.gz (440 kB)
     ━━━━━━━━━━━━━━━━━━━━━━━━━━━━━━━━━━━━━━━ 440.5/440.5 kB 7.4 MB/s eta 0:00:00
  Preparing metadata (setup.py): started
  Preparing metadata (setup.py): finished with status 'done'
Collecting jmespath<1.0.0,>=0.9.3 (from aliyun-python-sdk-core==2.13.36)
  Downloading jmespath-0.10.0-py2.py3-none-any.whl (24 kB)
Collecting cryptography>=2.6.0 (from aliyun-python-sdk-core==2.13.36)
  Downloading cryptography-41.0.5-cp37-abi3-manylinux_2_28_x86_64.whl.metadata (5.2 kB)
Collecting cffi>=1.12 (from cryptography>=2.6.0->aliyun-python-sdk-core==2.13.36)
  Using cached cffi-1.16.0-cp310-cp310-manylinux_2_17_x86_64.manylinux2014_x86_64.whl.metadata (1.5 kB)
Collecting pycparser (from cffi>=1.12->cryptography>=2.6.0->aliyun-python-sdk-core==2.13.36)
  Using cached pycparser-2.21-py2.py3-none-any.whl (118 kB)
Downloading cryptography-41.0.5-cp37-abi3-manylinux_2_28_x86_64.whl (4.4 MB)
   ━━━━━━━━━━━━━━━━━━━━━━━━━━━━━━━━━━━━━━━━ 4.4/4.4 MB 17.2 MB/s eta 0:00:00
Using cached cffi-1.16.0-cp310-cp310-manylinux_2_17_x86_64.manylinux2014_x86_64.whl (443 kB)
Building wheels for collected packages: aliyun-python-sdk-core
  Building wheel for aliyun-python-sdk-core (setup.py): started
  Building wheel for aliyun-python-sdk-core (setup.py): finished with status 'done'
  Created wheel for aliyun-python-sdk-core: filename=aliyun_python_sdk_core-2.13.36-py3-none-any.whl size=533190 sha256=ec2bc200babb17e691ae3ff7f2dbf95b1ce0e7d1b33e74e02fdbda94fb08371c
  Stored in directory: /workdir/.cache/pip/wheels/c0/f4/0e/87c534857132bd3bd2c4465c0b15b4db650cf6c15a876bda34
Successfully built aliyun-python-sdk-core
Installing collected packages: pycparser, jmespath, cffi, cryptography, aliyun-python-sdk-core
Successfully installed aliyun-python-sdk-core-2.13.36 cffi-1.16.0 cryptography-41.0.5 jmespath-0.10.0 pycparser-2.21
