Collecting transformers==4.25.1
  Downloading transformers-4.25.1-py3-none-any.whl (5.8 MB)
     ━━━━━━━━━━━━━━━━━━━━━━━━━━━━━━━━━━━━━━━━ 5.8/5.8 MB 16.8 MB/s eta 0:00:00
Collecting filelock (from transformers==4.25.1)
  Using cached filelock-3.13.1-py3-none-any.whl.metadata (2.8 kB)
Collecting huggingface-hub<1.0,>=0.10.0 (from transformers==4.25.1)
  Using cached huggingface_hub-0.19.4-py3-none-any.whl.metadata (14 kB)
Collecting numpy>=1.17 (from transformers==4.25.1)
  Using cached numpy-1.26.2-cp310-cp310-manylinux_2_17_x86_64.manylinux2014_x86_64.whl.metadata (61 kB)
Collecting packaging>=20.0 (from transformers==4.25.1)
  Using cached packaging-23.2-py3-none-any.whl.metadata (3.2 kB)
Collecting pyyaml>=5.1 (from transformers==4.25.1)
  Using cached PyYAML-6.0.1-cp310-cp310-manylinux_2_17_x86_64.manylinux2014_x86_64.whl.metadata (2.1 kB)
Collecting regex!=2019.12.17 (from transformers==4.25.1)
  Using cached regex-2023.10.3-cp310-cp310-manylinux_2_17_x86_64.manylinux2014_x86_64.whl.metadata (40 kB)
Collecting requests (from transformers==4.25.1)
  Using cached requests-2.31.0-py3-none-any.whl.metadata (4.6 kB)
Collecting tokenizers!=0.11.3,<0.14,>=0.11.1 (from transformers==4.25.1)
  Using cached tokenizers-0.13.3-cp310-cp310-manylinux_2_17_x86_64.manylinux2014_x86_64.whl (7.8 MB)
Collecting tqdm>=4.27 (from transformers==4.25.1)
  Using cached tqdm-4.66.1-py3-none-any.whl.metadata (57 kB)
Collecting fsspec>=2023.5.0 (from huggingface-hub<1.0,>=0.10.0->transformers==4.25.1)
  Using cached fsspec-2023.10.0-py3-none-any.whl.metadata (6.8 kB)
Collecting typing-extensions>=3.7.4.3 (from huggingface-hub<1.0,>=0.10.0->transformers==4.25.1)
  Using cached typing_extensions-4.8.0-py3-none-any.whl.metadata (3.0 kB)
Collecting charset-normalizer<4,>=2 (from requests->transformers==4.25.1)
  Using cached charset_normalizer-3.3.2-cp310-cp310-manylinux_2_17_x86_64.manylinux2014_x86_64.whl.metadata (33 kB)
Collecting idna<4,>=2.5 (from requests->transformers==4.25.1)
  Using cached idna-3.6-py3-none-any.whl.metadata (9.9 kB)
Collecting urllib3<3,>=1.21.1 (from requests->transformers==4.25.1)
  Using cached urllib3-2.1.0-py3-none-any.whl.metadata (6.4 kB)
Collecting certifi>=2017.4.17 (from requests->transformers==4.25.1)
  Using cached certifi-2023.11.17-py3-none-any.whl.metadata (2.2 kB)
Using cached huggingface_hub-0.19.4-py3-none-any.whl (311 kB)
Using cached numpy-1.26.2-cp310-cp310-manylinux_2_17_x86_64.manylinux2014_x86_64.whl (18.2 MB)
Using cached packaging-23.2-py3-none-any.whl (53 kB)
Using cached PyYAML-6.0.1-cp310-cp310-manylinux_2_17_x86_64.manylinux2014_x86_64.whl (705 kB)
Using cached regex-2023.10.3-cp310-cp310-manylinux_2_17_x86_64.manylinux2014_x86_64.whl (773 kB)
Using cached tqdm-4.66.1-py3-none-any.whl (78 kB)
Using cached filelock-3.13.1-py3-none-any.whl (11 kB)
Using cached requests-2.31.0-py3-none-any.whl (62 kB)
Using cached certifi-2023.11.17-py3-none-any.whl (162 kB)
Using cached charset_normalizer-3.3.2-cp310-cp310-manylinux_2_17_x86_64.manylinux2014_x86_64.whl (142 kB)
Using cached fsspec-2023.10.0-py3-none-any.whl (166 kB)
Using cached idna-3.6-py3-none-any.whl (61 kB)
Using cached typing_extensions-4.8.0-py3-none-any.whl (31 kB)
Using cached urllib3-2.1.0-py3-none-any.whl (104 kB)
Installing collected packages: tokenizers, urllib3, typing-extensions, tqdm, regex, pyyaml, packaging, numpy, idna, fsspec, filelock, charset-normalizer, certifi, requests, huggingface-hub, transformers
Successfully installed certifi-2023.11.17 charset-normalizer-3.3.2 filelock-3.13.1 fsspec-2023.10.0 huggingface-hub-0.19.4 idna-3.6 numpy-1.26.2 packaging-23.2 pyyaml-6.0.1 regex-2023.10.3 requests-2.31.0 tokenizers-0.13.3 tqdm-4.66.1 transformers-4.25.1 typing-extensions-4.8.0 urllib3-2.1.0
