[testenv]
commands = pytest -v --tb=native --junitxml /workdir/results/transformers/4.25.1/1/cpython-test-results.xml
deps = mock
	pytest
	-rexamples/pytorch/_tests_requirements.txt
	-rexamples/pytorch/speech-recognition/requirements.txt
	-rexamples/pytorch/speech-pretraining/requirements.txt
	-rexamples/pytorch/question-answering/requirements.txt
	-rexamples/pytorch/text-classification/requirements.txt
	-rexamples/pytorch/summarization/requirements.txt
	-rexamples/pytorch/contrastive-image-text/requirements.txt
	-rexamples/pytorch/text-generation/requirements.txt
	-rexamples/pytorch/image-pretraining/requirements.txt
	-rexamples/pytorch/benchmarking/requirements.txt
	-rexamples/pytorch/semantic-segmentation/requirements.txt
	-rexamples/pytorch/translation/requirements.txt
	-rexamples/pytorch/image-classification/requirements.txt
	-rexamples/pytorch/audio-classification/requirements.txt
	-rexamples/pytorch/language-modeling/requirements.txt
	-rexamples/pytorch/multiple-choice/requirements.txt
	-rexamples/pytorch/token-classification/requirements.txt
	-rexamples/research_projects/deebert/requirements.txt
	-rexamples/research_projects/distillation/requirements.txt
	-rexamples/research_projects/pplm/requirements.txt
	-rexamples/research_projects/rag/requirements.txt
	-rexamples/research_projects/bert-loses-patience/requirements.txt
	-rexamples/research_projects/tapex/requirements.txt
	-rexamples/research_projects/bertology/requirements.txt
	-rexamples/research_projects/onnx/summarization/requirements.txt
	-rexamples/research_projects/bertabs/requirements.txt
	-rexamples/research_projects/mlm_wwm/requirements.txt
	-rexamples/research_projects/fsner/requirements.txt
	-rexamples/research_projects/xtreme-s/requirements.txt
	-rexamples/research_projects/codeparrot/requirements.txt
	-rexamples/research_projects/codeparrot/examples/requirements.txt
	-rexamples/research_projects/decision_transformer/requirements.txt
	-rexamples/research_projects/visual_bert/requirements.txt
	-rexamples/research_projects/movement-pruning/requirements.txt
	-rexamples/research_projects/self-training-text-classification/requirements.txt
	-rexamples/research_projects/lxmert/requirements.txt
	-rexamples/research_projects/adversarial/requirements.txt
	-rexamples/research_projects/longform-qa/requirements.txt
	-rexamples/research_projects/information-gain-filtration/requirements.txt
	-rexamples/research_projects/jax-projects/hybrid_clip/requirements.txt
	-rexamples/research_projects/jax-projects/big_bird/requirements.txt
	-rexamples/flax/_tests_requirements.txt
	-rexamples/flax/question-answering/requirements.txt
	-rexamples/flax/text-classification/requirements.txt
	-rexamples/flax/summarization/requirements.txt
	-rexamples/flax/vision/requirements.txt
	-rexamples/flax/language-modeling/requirements.txt
	-rexamples/flax/token-classification/requirements.txt
	-rexamples/tensorflow/_tests_requirements.txt
	-rexamples/tensorflow/question-answering/requirements.txt
	-rexamples/tensorflow/text-classification/requirements.txt
	-rexamples/tensorflow/summarization/requirements.txt
	-rexamples/tensorflow/benchmarking/requirements.txt
	-rexamples/tensorflow/translation/requirements.txt
	-rexamples/tensorflow/language-modeling/requirements.txt
	-rexamples/tensorflow/multiple-choice/requirements.txt
	-rexamples/tensorflow/token-classification/requirements.txt
	-rexamples/legacy/pytorch-lightning/requirements.txt
	-rtests/sagemaker/scripts/pytorch/requirements.txt
	-rtests/sagemaker/scripts/tensorflow/requirements.txt

