Collecting setuptools-scm==7.0.5
  Downloading setuptools_scm-7.0.5-py3-none-any.whl (42 kB)
     ━━━━━━━━━━━━━━━━━━━━━━━━━━━━━━━━━━━━━━━━ 42.9/42.9 kB 1.1 MB/s eta 0:00:00
Collecting packaging>=20.0
  Using cached packaging-23.2-py3-none-any.whl (53 kB)
Requirement already satisfied: setuptools in ./install-virtualenv/lib/python3.10/site-packages (from setuptools-scm==7.0.5) (63.2.0)
Collecting tomli>=1.0.0
  Using cached tomli-2.0.1-py3-none-any.whl (12 kB)
Collecting typing-extensions
  Using cached typing_extensions-4.8.0-py3-none-any.whl (31 kB)
Installing collected packages: typing-extensions, tomli, packaging, setuptools-scm
Looking for GraalPy patches for typing_extensions
Looking for GraalPy patches for tomli
Looking for GraalPy patches for packaging
Patching package packaging using /opt/graalpy/lib/graalpy23.1/patches/packaging/packaging.patch
patching file packaging/tags.py
Hunk #1 FAILED at 4.
Hunk #2 FAILED at 37.
2 out of 2 hunks FAILED -- saving rejects to file packaging/tags.py.rej
Applying GraalPy patch failed for packaging. The package may still work.
Looking for GraalPy patches for setuptools_scm
Successfully installed packaging-23.2 setuptools-scm-7.0.5 tomli-2.0.1 typing-extensions-4.8.0
