Collecting papermill==2.4.0
  Downloading papermill-2.4.0-py3-none-any.whl (38 kB)
Collecting ansiwrap (from papermill==2.4.0)
  Downloading ansiwrap-0.8.4-py2.py3-none-any.whl (8.5 kB)
Collecting click (from papermill==2.4.0)
  Using cached click-8.1.7-py3-none-any.whl.metadata (3.0 kB)
Collecting pyyaml (from papermill==2.4.0)
  Using cached PyYAML-6.0.1-cp310-cp310-manylinux_2_17_x86_64.manylinux2014_x86_64.whl.metadata (2.1 kB)
Collecting nbformat>=5.1.2 (from papermill==2.4.0)
  Using cached nbformat-5.9.2-py3-none-any.whl.metadata (3.4 kB)
Collecting nbclient>=0.2.0 (from papermill==2.4.0)
  Using cached nbclient-0.9.0-py3-none-any.whl.metadata (7.8 kB)
Collecting tqdm>=4.32.2 (from papermill==2.4.0)
  Using cached tqdm-4.66.1-py3-none-any.whl.metadata (57 kB)
Collecting requests (from papermill==2.4.0)
  Using cached requests-2.31.0-py3-none-any.whl.metadata (4.6 kB)
Collecting entrypoints (from papermill==2.4.0)
  Using cached entrypoints-0.4-py3-none-any.whl (5.3 kB)
Collecting tenacity (from papermill==2.4.0)
  Using cached tenacity-8.2.3-py3-none-any.whl.metadata (1.0 kB)
Collecting jupyter-client>=6.1.12 (from nbclient>=0.2.0->papermill==2.4.0)
  Using cached jupyter_client-8.6.0-py3-none-any.whl.metadata (8.3 kB)
Collecting jupyter-core!=5.0.*,>=4.12 (from nbclient>=0.2.0->papermill==2.4.0)
  Using cached jupyter_core-5.5.0-py3-none-any.whl.metadata (3.4 kB)
Collecting traitlets>=5.4 (from nbclient>=0.2.0->papermill==2.4.0)
  Using cached traitlets-5.13.0-py3-none-any.whl.metadata (10 kB)
Collecting fastjsonschema (from nbformat>=5.1.2->papermill==2.4.0)
  Using cached fastjsonschema-2.19.0-py3-none-any.whl.metadata (2.0 kB)
Collecting jsonschema>=2.6 (from nbformat>=5.1.2->papermill==2.4.0)
  Using cached jsonschema-4.20.0-py3-none-any.whl.metadata (8.1 kB)
Collecting textwrap3>=0.9.2 (from ansiwrap->papermill==2.4.0)
  Downloading textwrap3-0.9.2-py2.py3-none-any.whl (12 kB)
Collecting charset-normalizer<4,>=2 (from requests->papermill==2.4.0)
  Using cached charset_normalizer-3.3.2-cp310-cp310-manylinux_2_17_x86_64.manylinux2014_x86_64.whl.metadata (33 kB)
Collecting idna<4,>=2.5 (from requests->papermill==2.4.0)
  Using cached idna-3.4-py3-none-any.whl (61 kB)
Collecting urllib3<3,>=1.21.1 (from requests->papermill==2.4.0)
  Using cached urllib3-2.1.0-py3-none-any.whl.metadata (6.4 kB)
Collecting certifi>=2017.4.17 (from requests->papermill==2.4.0)
  Using cached certifi-2023.11.17-py3-none-any.whl.metadata (2.2 kB)
Collecting attrs>=22.2.0 (from jsonschema>=2.6->nbformat>=5.1.2->papermill==2.4.0)
  Using cached attrs-23.1.0-py3-none-any.whl (61 kB)
Collecting jsonschema-specifications>=2023.03.6 (from jsonschema>=2.6->nbformat>=5.1.2->papermill==2.4.0)
  Using cached jsonschema_specifications-2023.11.1-py3-none-any.whl.metadata (2.8 kB)
Collecting referencing>=0.28.4 (from jsonschema>=2.6->nbformat>=5.1.2->papermill==2.4.0)
  Using cached referencing-0.31.0-py3-none-any.whl.metadata (2.6 kB)
Collecting rpds-py>=0.7.1 (from jsonschema>=2.6->nbformat>=5.1.2->papermill==2.4.0)
  Using cached rpds_py-0.13.1-cp310-cp310-manylinux_2_17_x86_64.manylinux2014_x86_64.whl.metadata (3.7 kB)
Collecting python-dateutil>=2.8.2 (from jupyter-client>=6.1.12->nbclient>=0.2.0->papermill==2.4.0)
  Using cached python_dateutil-2.8.2-py2.py3-none-any.whl (247 kB)
Collecting pyzmq>=23.0 (from jupyter-client>=6.1.12->nbclient>=0.2.0->papermill==2.4.0)
  Using cached pyzmq-25.1.1-cp310-cp310-manylinux_2_28_x86_64.whl.metadata (4.9 kB)
Collecting tornado>=6.2 (from jupyter-client>=6.1.12->nbclient>=0.2.0->papermill==2.4.0)
  Using cached tornado-6.3.3-cp38-abi3-manylinux_2_5_x86_64.manylinux1_x86_64.manylinux_2_17_x86_64.manylinux2014_x86_64.whl.metadata (2.5 kB)
Collecting platformdirs>=2.5 (from jupyter-core!=5.0.*,>=4.12->nbclient>=0.2.0->papermill==2.4.0)
  Using cached platformdirs-4.0.0-py3-none-any.whl.metadata (11 kB)
Collecting six>=1.5 (from python-dateutil>=2.8.2->jupyter-client>=6.1.12->nbclient>=0.2.0->papermill==2.4.0)
  Using cached six-1.16.0-py2.py3-none-any.whl (11 kB)
Using cached nbclient-0.9.0-py3-none-any.whl (24 kB)
Using cached nbformat-5.9.2-py3-none-any.whl (77 kB)
Using cached tqdm-4.66.1-py3-none-any.whl (78 kB)
Using cached click-8.1.7-py3-none-any.whl (97 kB)
Using cached PyYAML-6.0.1-cp310-cp310-manylinux_2_17_x86_64.manylinux2014_x86_64.whl (705 kB)
Using cached requests-2.31.0-py3-none-any.whl (62 kB)
Using cached tenacity-8.2.3-py3-none-any.whl (24 kB)
Using cached certifi-2023.11.17-py3-none-any.whl (162 kB)
Using cached charset_normalizer-3.3.2-cp310-cp310-manylinux_2_17_x86_64.manylinux2014_x86_64.whl (142 kB)
Using cached jsonschema-4.20.0-py3-none-any.whl (84 kB)
Using cached jupyter_client-8.6.0-py3-none-any.whl (105 kB)
Using cached jupyter_core-5.5.0-py3-none-any.whl (28 kB)
Using cached traitlets-5.13.0-py3-none-any.whl (84 kB)
Using cached urllib3-2.1.0-py3-none-any.whl (104 kB)
Using cached fastjsonschema-2.19.0-py3-none-any.whl (23 kB)
Using cached jsonschema_specifications-2023.11.1-py3-none-any.whl (17 kB)
Using cached platformdirs-4.0.0-py3-none-any.whl (17 kB)
Using cached pyzmq-25.1.1-cp310-cp310-manylinux_2_28_x86_64.whl (1.1 MB)
Using cached referencing-0.31.0-py3-none-any.whl (25 kB)
Using cached rpds_py-0.13.1-cp310-cp310-manylinux_2_17_x86_64.manylinux2014_x86_64.whl (1.2 MB)
Using cached tornado-6.3.3-cp38-abi3-manylinux_2_5_x86_64.manylinux1_x86_64.manylinux_2_17_x86_64.manylinux2014_x86_64.whl (427 kB)
Installing collected packages: textwrap3, fastjsonschema, urllib3, traitlets, tqdm, tornado, tenacity, six, rpds-py, pyzmq, pyyaml, platformdirs, idna, entrypoints, click, charset-normalizer, certifi, attrs, ansiwrap, requests, referencing, python-dateutil, jupyter-core, jupyter-client, jsonschema-specifications, jsonschema, nbformat, nbclient, papermill
Successfully installed ansiwrap-0.8.4 attrs-23.1.0 certifi-2023.11.17 charset-normalizer-3.3.2 click-8.1.7 entrypoints-0.4 fastjsonschema-2.19.0 idna-3.4 jsonschema-4.20.0 jsonschema-specifications-2023.11.1 jupyter-client-8.6.0 jupyter-core-5.5.0 nbclient-0.9.0 nbformat-5.9.2 papermill-2.4.0 platformdirs-4.0.0 python-dateutil-2.8.2 pyyaml-6.0.1 pyzmq-25.1.1 referencing-0.31.0 requests-2.31.0 rpds-py-0.13.1 six-1.16.0 tenacity-8.2.3 textwrap3-0.9.2 tornado-6.3.3 tqdm-4.66.1 traitlets-5.13.0 urllib3-2.1.0
