Collecting papermill==2.4.0
  Downloading papermill-2.4.0-py3-none-any.whl (38 kB)
Collecting ansiwrap
  Downloading ansiwrap-0.8.4-py2.py3-none-any.whl (8.5 kB)
Collecting click
  Using cached click-8.1.7-py3-none-any.whl (97 kB)
Collecting pyyaml
  Using cached PyYAML-6.0.1-py3-none-any.whl
Collecting nbformat>=5.1.2
  Using cached nbformat-5.9.2-py3-none-any.whl (77 kB)
Collecting nbclient>=0.2.0
  Using cached nbclient-0.9.0-py3-none-any.whl (24 kB)
Collecting tqdm>=4.32.2
  Using cached tqdm-4.66.1-py3-none-any.whl (78 kB)
Collecting requests
  Using cached requests-2.31.0-py3-none-any.whl (62 kB)
Collecting entrypoints
  Using cached entrypoints-0.4-py3-none-any.whl (5.3 kB)
Collecting tenacity
  Downloading tenacity-8.2.3-py3-none-any.whl (24 kB)
Collecting jupyter-client>=6.1.12
  Using cached jupyter_client-8.6.0-py3-none-any.whl (105 kB)
Collecting jupyter-core!=5.0.*,>=4.12
  Using cached jupyter_core-5.5.0-py3-none-any.whl (28 kB)
Collecting traitlets>=5.4
  Using cached traitlets-5.13.0-py3-none-any.whl (84 kB)
Collecting fastjsonschema
  Using cached fastjsonschema-2.19.0-py3-none-any.whl (23 kB)
Collecting jsonschema>=2.6
  Using cached jsonschema-4.17.3-py3-none-any.whl (90 kB)
Collecting textwrap3>=0.9.2
  Downloading textwrap3-0.9.2-py2.py3-none-any.whl (12 kB)
Collecting charset-normalizer<4,>=2
  Using cached charset_normalizer-3.1.0-py3-none-any.whl (46 kB)
Collecting idna<4,>=2.5
  Using cached idna-3.4-py3-none-any.whl (61 kB)
Collecting urllib3<3,>=1.21.1
  Using cached urllib3-2.1.0-py3-none-any.whl (104 kB)
Collecting certifi>=2017.4.17
  Using cached certifi-2023.11.17-py3-none-any.whl (162 kB)
Collecting attrs>=17.4.0
  Using cached attrs-23.1.0-py3-none-any.whl (61 kB)
Collecting pyrsistent!=0.17.0,!=0.17.1,!=0.17.2,>=0.14.0
  Using cached pyrsistent-0.20.0-py3-none-any.whl (58 kB)
Collecting python-dateutil>=2.8.2
  Using cached python_dateutil-2.8.2-py2.py3-none-any.whl (247 kB)
Collecting pyzmq>=23.0
  Using cached pyzmq-25.1.1-graalpy310-graalpy231_310_native-linux_x86_64.whl
Collecting tornado>=6.2
  Using cached tornado-6.3.3-py3-none-any.whl
Collecting platformdirs>=2.5
  Using cached platformdirs-4.0.0-py3-none-any.whl (17 kB)
Collecting six>=1.5
  Using cached six-1.16.0-py2.py3-none-any.whl (11 kB)
Installing collected packages: textwrap3, fastjsonschema, urllib3, traitlets, tqdm, tornado, tenacity, six, pyzmq, pyyaml, pyrsistent, platformdirs, idna, entrypoints, click, charset-normalizer, certifi, attrs, ansiwrap, requests, python-dateutil, jupyter-core, jsonschema, nbformat, jupyter-client, nbclient, papermill
Looking for GraalPy patches for textwrap3
Looking for GraalPy patches for fastjsonschema
Looking for GraalPy patches for urllib3
Looking for GraalPy patches for traitlets
Looking for GraalPy patches for tqdm
Looking for GraalPy patches for tornado
Looking for GraalPy patches for tenacity
Looking for GraalPy patches for six
Looking for GraalPy patches for pyzmq
Looking for GraalPy patches for PyYAML
Looking for GraalPy patches for pyrsistent
Looking for GraalPy patches for platformdirs
Looking for GraalPy patches for idna
Looking for GraalPy patches for entrypoints
Looking for GraalPy patches for click
Looking for GraalPy patches for charset_normalizer
Patching package charset_normalizer using /opt/graalpy/lib/graalpy23.1/patches/charset_normalizer/charset_normalizer-3.1.0.patch
patching file charset_normalizer/utils.py
Hunk #1 succeeded at 7 with fuzz 2 (offset -4 lines).
Hunk #2 succeeded at 258 with fuzz 2 (offset 11 lines).
Looking for GraalPy patches for certifi
Looking for GraalPy patches for attrs
Looking for GraalPy patches for ansiwrap
Looking for GraalPy patches for requests
Looking for GraalPy patches for python_dateutil
Looking for GraalPy patches for jupyter_core
Looking for GraalPy patches for jsonschema
Looking for GraalPy patches for nbformat
Looking for GraalPy patches for jupyter_client
Looking for GraalPy patches for nbclient
Looking for GraalPy patches for papermill
Successfully installed ansiwrap-0.8.4 attrs-23.1.0 certifi-2023.11.17 charset-normalizer-3.1.0 click-8.1.7 entrypoints-0.4 fastjsonschema-2.19.0 idna-3.4 jsonschema-4.17.3 jupyter-client-8.6.0 jupyter-core-5.5.0 nbclient-0.9.0 nbformat-5.9.2 papermill-2.4.0 platformdirs-4.0.0 pyrsistent-0.20.0 python-dateutil-2.8.2 pyyaml-6.0.1 pyzmq-25.1.1 requests-2.31.0 six-1.16.0 tenacity-8.2.3 textwrap3-0.9.2 tornado-6.3.3 tqdm-4.66.1 traitlets-5.13.0 urllib3-2.1.0
