Collecting sanic==22.9.1
  Downloading sanic-22.9.1-py3-none-any.whl (173 kB)
     ━━━━━━━━━━━━━━━━━━━━━━━━━━━━━━━━━━━━━━━ 173.3/173.3 kB 5.7 MB/s eta 0:00:00
Collecting sanic-routing>=22.8.0 (from sanic==22.9.1)
  Downloading sanic_routing-23.6.0-py3-none-any.whl.metadata (8.2 kB)
Collecting httptools>=0.0.10 (from sanic==22.9.1)
  Downloading httptools-0.6.1-cp310-cp310-manylinux_2_5_x86_64.manylinux1_x86_64.manylinux_2_17_x86_64.manylinux2014_x86_64.whl.metadata (3.6 kB)
Collecting aiofiles>=0.6.0 (from sanic==22.9.1)
  Downloading aiofiles-23.2.1-py3-none-any.whl.metadata (9.7 kB)
Collecting websockets>=10.0 (from sanic==22.9.1)
  Downloading websockets-12.0-cp310-cp310-manylinux_2_5_x86_64.manylinux1_x86_64.manylinux_2_17_x86_64.manylinux2014_x86_64.whl.metadata (6.6 kB)
Collecting multidict<7.0,>=5.0 (from sanic==22.9.1)
  Using cached multidict-6.0.4-cp310-cp310-manylinux_2_17_x86_64.manylinux2014_x86_64.whl (114 kB)
Collecting uvloop>=0.5.3 (from sanic==22.9.1)
  Using cached uvloop-0.19.0-cp310-cp310-manylinux_2_17_x86_64.manylinux2014_x86_64.whl.metadata (4.9 kB)
Collecting ujson>=1.35 (from sanic==22.9.1)
  Using cached ujson-5.8.0-cp310-cp310-manylinux_2_17_x86_64.manylinux2014_x86_64.whl.metadata (8.7 kB)
Downloading aiofiles-23.2.1-py3-none-any.whl (15 kB)
Downloading httptools-0.6.1-cp310-cp310-manylinux_2_5_x86_64.manylinux1_x86_64.manylinux_2_17_x86_64.manylinux2014_x86_64.whl (341 kB)
   ━━━━━━━━━━━━━━━━━━━━━━━━━━━━━━━━━━━━━━━━ 341.4/341.4 kB 7.6 MB/s eta 0:00:00
Downloading sanic_routing-23.6.0-py3-none-any.whl (25 kB)
Using cached ujson-5.8.0-cp310-cp310-manylinux_2_17_x86_64.manylinux2014_x86_64.whl (53 kB)
Using cached uvloop-0.19.0-cp310-cp310-manylinux_2_17_x86_64.manylinux2014_x86_64.whl (3.4 MB)
Downloading websockets-12.0-cp310-cp310-manylinux_2_5_x86_64.manylinux1_x86_64.manylinux_2_17_x86_64.manylinux2014_x86_64.whl (130 kB)
   ━━━━━━━━━━━━━━━━━━━━━━━━━━━━━━━━━━━━━━━━ 130.2/130.2 kB 5.4 MB/s eta 0:00:00
Installing collected packages: sanic-routing, websockets, uvloop, ujson, multidict, httptools, aiofiles, sanic
Successfully installed aiofiles-23.2.1 httptools-0.6.1 multidict-6.0.4 sanic-22.9.1 sanic-routing-23.6.0 ujson-5.8.0 uvloop-0.19.0 websockets-12.0
