Collecting sanic==22.9.1
  Downloading sanic-22.9.1-py3-none-any.whl (173 kB)
     ━━━━━━━━━━━━━━━━━━━━━━━━━━━━━━━━━━━━━━━ 173.3/173.3 kB 4.0 MB/s eta 0:00:00
Collecting sanic-routing>=22.8.0
  Downloading sanic_routing-23.6.0-py3-none-any.whl (25 kB)
Collecting httptools>=0.0.10
  Downloading httptools-0.6.1.tar.gz (191 kB)
     ━━━━━━━━━━━━━━━━━━━━━━━━━━━━━━━━━━━━━━━ 191.2/191.2 kB 3.8 MB/s eta 0:00:00
Looking for GraalPy patches for httptools
  Preparing metadata (setup.py): started
  Preparing metadata (setup.py): finished with status 'done'
Collecting aiofiles>=0.6.0
  Downloading aiofiles-23.2.1-py3-none-any.whl (15 kB)
Collecting websockets>=10.0
  Downloading websockets-12.0-py3-none-any.whl (118 kB)
     ━━━━━━━━━━━━━━━━━━━━━━━━━━━━━━━━━━━━━━━ 118.4/118.4 kB 4.2 MB/s eta 0:00:00
Collecting multidict<7.0,>=5.0
  Using cached multidict-6.0.4-py3-none-any.whl
Building wheels for collected packages: httptools
  Building wheel for httptools (setup.py): started
  Building wheel for httptools (setup.py): finished with status 'done'
  Created wheel for httptools: filename=httptools-0.6.1-graalpy310-graalpy231_310_native-linux_x86_64.whl size=83432 sha256=f8476cc98e16e9ed2de799ada9cb1829055618976e84696956a3b1dc638b147e
  Stored in directory: /workdir/.cache/pip-graalpy/wheels/5c/c3/82/6a5b25011d35d8478e36bf5a61b7a57ae8631216735dc864ec
Successfully built httptools
Installing collected packages: sanic-routing, websockets, multidict, httptools, aiofiles, sanic
Looking for GraalPy patches for sanic_routing
Looking for GraalPy patches for websockets
Looking for GraalPy patches for multidict
Looking for GraalPy patches for httptools
Looking for GraalPy patches for aiofiles
Looking for GraalPy patches for sanic
Successfully installed aiofiles-23.2.1 httptools-0.6.1 multidict-6.0.4 sanic-22.9.1 sanic-routing-23.6.0 websockets-12.0
