Collecting Keras-Preprocessing==1.1.2
  Downloading Keras_Preprocessing-1.1.2-py2.py3-none-any.whl (42 kB)
     ━━━━━━━━━━━━━━━━━━━━━━━━━━━━━━━━━━━━━━━━ 42.6/42.6 kB 1.2 MB/s eta 0:00:00
Collecting numpy>=1.9.1
  Using cached numpy-1.23.5-graalpy310-graalpy231_310_native-linux_x86_64.whl
Collecting six>=1.9.0
  Using cached six-1.16.0-py2.py3-none-any.whl (11 kB)
Installing collected packages: six, numpy, Keras-Preprocessing
Looking for GraalPy patches for six
Looking for GraalPy patches for numpy
We have patches to make this package work on GraalVM for some version(s).
If installing or running fails, consider using one of the versions that we have patches for:
numpy == 1.16.4
numpy == 1.19.5
numpy == 1.21.6
numpy == 1.22.4
numpy == 1.23.4
numpy == 1.23.1
numpy == 1.23.5
Looking for GraalPy patches for Keras_Preprocessing
Successfully installed Keras-Preprocessing-1.1.2 numpy-1.23.5 six-1.16.0
