Collecting oslo.config==9.0.0
  Downloading oslo.config-9.0.0-py3-none-any.whl (128 kB)
     ━━━━━━━━━━━━━━━━━━━━━━━━━━━━━━━━━━━━━━━ 128.4/128.4 kB 3.7 MB/s eta 0:00:00
Collecting PyYAML>=5.1 (from oslo.config==9.0.0)
  Using cached PyYAML-6.0.1-cp310-cp310-manylinux_2_17_x86_64.manylinux2014_x86_64.whl.metadata (2.1 kB)
Collecting debtcollector>=1.2.0 (from oslo.config==9.0.0)
  Downloading debtcollector-2.5.0-py3-none-any.whl (23 kB)
Collecting netaddr>=0.7.18 (from oslo.config==9.0.0)
  Downloading netaddr-0.9.0-py3-none-any.whl.metadata (5.1 kB)
Collecting oslo.i18n>=3.15.3 (from oslo.config==9.0.0)
  Downloading oslo.i18n-6.2.0-py3-none-any.whl.metadata (2.0 kB)
Collecting requests>=2.18.0 (from oslo.config==9.0.0)
  Using cached requests-2.31.0-py3-none-any.whl.metadata (4.6 kB)
Collecting rfc3986>=1.2.0 (from oslo.config==9.0.0)
  Using cached rfc3986-2.0.0-py2.py3-none-any.whl (31 kB)
Collecting stevedore>=1.20.0 (from oslo.config==9.0.0)
  Using cached stevedore-5.1.0-py3-none-any.whl.metadata (2.2 kB)
Collecting wrapt>=1.7.0 (from debtcollector>=1.2.0->oslo.config==9.0.0)
  Using cached wrapt-1.16.0-cp310-cp310-manylinux_2_5_x86_64.manylinux1_x86_64.manylinux_2_17_x86_64.manylinux2014_x86_64.whl.metadata (6.6 kB)
Collecting pbr!=2.1.0,>=2.0.0 (from oslo.i18n>=3.15.3->oslo.config==9.0.0)
  Using cached pbr-6.0.0-py2.py3-none-any.whl.metadata (1.3 kB)
Collecting charset-normalizer<4,>=2 (from requests>=2.18.0->oslo.config==9.0.0)
  Using cached charset_normalizer-3.3.2-cp310-cp310-manylinux_2_17_x86_64.manylinux2014_x86_64.whl.metadata (33 kB)
Collecting idna<4,>=2.5 (from requests>=2.18.0->oslo.config==9.0.0)
  Using cached idna-3.4-py3-none-any.whl (61 kB)
Collecting urllib3<3,>=1.21.1 (from requests>=2.18.0->oslo.config==9.0.0)
  Using cached urllib3-2.1.0-py3-none-any.whl.metadata (6.4 kB)
Collecting certifi>=2017.4.17 (from requests>=2.18.0->oslo.config==9.0.0)
  Using cached certifi-2023.11.17-py3-none-any.whl.metadata (2.2 kB)
Downloading netaddr-0.9.0-py3-none-any.whl (2.2 MB)
   ━━━━━━━━━━━━━━━━━━━━━━━━━━━━━━━━━━━━━━━━ 2.2/2.2 MB 24.2 MB/s eta 0:00:00
Downloading oslo.i18n-6.2.0-py3-none-any.whl (46 kB)
   ━━━━━━━━━━━━━━━━━━━━━━━━━━━━━━━━━━━━━━━━ 46.8/46.8 kB 3.4 MB/s eta 0:00:00
Using cached PyYAML-6.0.1-cp310-cp310-manylinux_2_17_x86_64.manylinux2014_x86_64.whl (705 kB)
Using cached requests-2.31.0-py3-none-any.whl (62 kB)
Using cached stevedore-5.1.0-py3-none-any.whl (49 kB)
Using cached certifi-2023.11.17-py3-none-any.whl (162 kB)
Using cached charset_normalizer-3.3.2-cp310-cp310-manylinux_2_17_x86_64.manylinux2014_x86_64.whl (142 kB)
Using cached pbr-6.0.0-py2.py3-none-any.whl (107 kB)
Using cached urllib3-2.1.0-py3-none-any.whl (104 kB)
Using cached wrapt-1.16.0-cp310-cp310-manylinux_2_5_x86_64.manylinux1_x86_64.manylinux_2_17_x86_64.manylinux2014_x86_64.whl (80 kB)
Installing collected packages: netaddr, wrapt, urllib3, rfc3986, PyYAML, pbr, idna, charset-normalizer, certifi, stevedore, requests, oslo.i18n, debtcollector, oslo.config
Successfully installed PyYAML-6.0.1 certifi-2023.11.17 charset-normalizer-3.3.2 debtcollector-2.5.0 idna-3.4 netaddr-0.9.0 oslo.config-9.0.0 oslo.i18n-6.2.0 pbr-6.0.0 requests-2.31.0 rfc3986-2.0.0 stevedore-5.1.0 urllib3-2.1.0 wrapt-1.16.0
