Collecting oslo.config==9.0.0
  Downloading oslo.config-9.0.0-py3-none-any.whl (128 kB)
     ━━━━━━━━━━━━━━━━━━━━━━━━━━━━━━━━━━━━━━━ 128.4/128.4 kB 3.8 MB/s eta 0:00:00
Collecting PyYAML>=5.1
  Using cached PyYAML-6.0.1-py3-none-any.whl
Collecting debtcollector>=1.2.0
  Downloading debtcollector-2.5.0-py3-none-any.whl (23 kB)
Collecting netaddr>=0.7.18
  Downloading netaddr-0.9.0-py3-none-any.whl (2.2 MB)
     ━━━━━━━━━━━━━━━━━━━━━━━━━━━━━━━━━━━━━━━━ 2.2/2.2 MB 4.8 MB/s eta 0:00:00
Collecting oslo.i18n>=3.15.3
  Downloading oslo.i18n-6.2.0-py3-none-any.whl (46 kB)
     ━━━━━━━━━━━━━━━━━━━━━━━━━━━━━━━━━━━━━━━ 46.8/46.8 kB 889.8 kB/s eta 0:00:00
Collecting requests>=2.18.0
  Using cached requests-2.31.0-py3-none-any.whl (62 kB)
Collecting rfc3986>=1.2.0
  Using cached rfc3986-2.0.0-py2.py3-none-any.whl (31 kB)
Collecting stevedore>=1.20.0
  Using cached stevedore-5.1.0-py3-none-any.whl (49 kB)
Collecting wrapt>=1.7.0
  Using cached wrapt-1.16.0-py3-none-any.whl (23 kB)
Collecting pbr!=2.1.0,>=2.0.0
  Using cached pbr-6.0.0-py2.py3-none-any.whl (107 kB)
Collecting charset-normalizer<4,>=2
  Using cached charset_normalizer-3.1.0-py3-none-any.whl (46 kB)
Collecting idna<4,>=2.5
  Using cached idna-3.4-py3-none-any.whl (61 kB)
Collecting urllib3<3,>=1.21.1
  Using cached urllib3-2.1.0-py3-none-any.whl (104 kB)
Collecting certifi>=2017.4.17
  Using cached certifi-2023.11.17-py3-none-any.whl (162 kB)
Installing collected packages: netaddr, wrapt, urllib3, rfc3986, PyYAML, pbr, idna, charset-normalizer, certifi, stevedore, requests, oslo.i18n, debtcollector, oslo.config
Looking for GraalPy patches for netaddr
Looking for GraalPy patches for wrapt
Looking for GraalPy patches for urllib3
Looking for GraalPy patches for rfc3986
Looking for GraalPy patches for PyYAML
Looking for GraalPy patches for pbr
Looking for GraalPy patches for idna
Looking for GraalPy patches for charset_normalizer
Patching package charset_normalizer using /opt/graalpy/lib/graalpy23.1/patches/charset_normalizer/charset_normalizer-3.1.0.patch
patching file charset_normalizer/utils.py
Hunk #1 succeeded at 7 with fuzz 2 (offset -4 lines).
Hunk #2 succeeded at 258 with fuzz 2 (offset 11 lines).
Looking for GraalPy patches for certifi
Looking for GraalPy patches for stevedore
Looking for GraalPy patches for requests
Looking for GraalPy patches for oslo.i18n
Looking for GraalPy patches for debtcollector
Looking for GraalPy patches for oslo.config
Successfully installed PyYAML-6.0.1 certifi-2023.11.17 charset-normalizer-3.1.0 debtcollector-2.5.0 idna-3.4 netaddr-0.9.0 oslo.config-9.0.0 oslo.i18n-6.2.0 pbr-6.0.0 requests-2.31.0 rfc3986-2.0.0 stevedore-5.1.0 urllib3-2.1.0 wrapt-1.16.0
