Collecting pymorphy2==0.9.1
  Downloading pymorphy2-0.9.1-py3-none-any.whl (55 kB)
     ━━━━━━━━━━━━━━━━━━━━━━━━━━━━━━━━━━━━━━━━ 55.5/55.5 kB 1.9 MB/s eta 0:00:00
Collecting dawg-python>=0.7.1 (from pymorphy2==0.9.1)
  Downloading DAWG_Python-0.7.2-py2.py3-none-any.whl (11 kB)
Collecting pymorphy2-dicts-ru<3.0,>=2.4 (from pymorphy2==0.9.1)
  Downloading pymorphy2_dicts_ru-2.4.417127.4579844-py2.py3-none-any.whl (8.2 MB)
     ━━━━━━━━━━━━━━━━━━━━━━━━━━━━━━━━━━━━━━━━ 8.2/8.2 MB 20.1 MB/s eta 0:00:00
Collecting docopt>=0.6 (from pymorphy2==0.9.1)
  Downloading docopt-0.6.2.tar.gz (25 kB)
  Preparing metadata (setup.py): started
  Preparing metadata (setup.py): finished with status 'done'
Building wheels for collected packages: docopt
  Building wheel for docopt (setup.py): started
  Building wheel for docopt (setup.py): finished with status 'done'
  Created wheel for docopt: filename=docopt-0.6.2-py2.py3-none-any.whl size=13705 sha256=71410171fb8f80b17ab855fae3ff9a6c676fe1214094d44d1a2ecb86e7272758
  Stored in directory: /workdir/.cache/pip/wheels/fc/ab/d4/5da2067ac95b36618c629a5f93f809425700506f72c9732fac
Successfully built docopt
Installing collected packages: pymorphy2-dicts-ru, docopt, dawg-python, pymorphy2
Successfully installed dawg-python-0.7.2 docopt-0.6.2 pymorphy2-0.9.1 pymorphy2-dicts-ru-2.4.417127.4579844
