Collecting pymorphy2==0.9.1
  Downloading pymorphy2-0.9.1-py3-none-any.whl (55 kB)
     ━━━━━━━━━━━━━━━━━━━━━━━━━━━━━━━━━━━━━━━ 55.5/55.5 kB 706.1 kB/s eta 0:00:00
Collecting dawg-python>=0.7.1
  Downloading DAWG_Python-0.7.2-py2.py3-none-any.whl (11 kB)
Collecting pymorphy2-dicts-ru<3.0,>=2.4
  Downloading pymorphy2_dicts_ru-2.4.417127.4579844-py2.py3-none-any.whl (8.2 MB)
     ━━━━━━━━━━━━━━━━━━━━━━━━━━━━━━━━━━━━━━━━ 8.2/8.2 MB 2.4 MB/s eta 0:00:00
Collecting docopt>=0.6
  Downloading docopt-0.6.2.tar.gz (25 kB)
Looking for GraalPy patches for docopt
  Preparing metadata (setup.py): started
  Preparing metadata (setup.py): finished with status 'done'
Building wheels for collected packages: docopt
  Building wheel for docopt (setup.py): started
  Building wheel for docopt (setup.py): finished with status 'done'
  Created wheel for docopt: filename=docopt-0.6.2-py2.py3-none-any.whl size=13720 sha256=8b34bbf571b4efbc58d5af0b734dcac648619c09715ea6306ea373dbc07da898
  Stored in directory: /workdir/.cache/pip-graalpy/wheels/b7/1d/ec/89439f357c1c851aca74756b26ed65bc4369d88a3cb927c8cc
Successfully built docopt
Installing collected packages: pymorphy2-dicts-ru, docopt, dawg-python, pymorphy2
Looking for GraalPy patches for pymorphy2_dicts_ru
Looking for GraalPy patches for docopt
Looking for GraalPy patches for DAWG_Python
Looking for GraalPy patches for pymorphy2
Successfully installed dawg-python-0.7.2 docopt-0.6.2 pymorphy2-0.9.1 pymorphy2-dicts-ru-2.4.417127.4579844
