Collecting ipywidgets==8.0.3
  Downloading ipywidgets-8.0.3-py3-none-any.whl (137 kB)
     ━━━━━━━━━━━━━━━━━━━━━━━━━━━━━━━━━━━━━━━ 137.9/137.9 kB 4.8 MB/s eta 0:00:00
Collecting ipykernel>=4.5.1 (from ipywidgets==8.0.3)
  Downloading ipykernel-6.27.0-py3-none-any.whl.metadata (6.3 kB)
Collecting ipython>=6.1.0 (from ipywidgets==8.0.3)
  Using cached ipython-8.17.2-py3-none-any.whl.metadata (6.0 kB)
Collecting traitlets>=4.3.1 (from ipywidgets==8.0.3)
  Using cached traitlets-5.13.0-py3-none-any.whl.metadata (10 kB)
Collecting widgetsnbextension~=4.0 (from ipywidgets==8.0.3)
  Downloading widgetsnbextension-4.0.9-py3-none-any.whl.metadata (1.6 kB)
Collecting jupyterlab-widgets~=3.0 (from ipywidgets==8.0.3)
  Downloading jupyterlab_widgets-3.0.9-py3-none-any.whl.metadata (4.1 kB)
Collecting comm>=0.1.1 (from ipykernel>=4.5.1->ipywidgets==8.0.3)
  Downloading comm-0.2.0-py3-none-any.whl.metadata (3.7 kB)
Collecting debugpy>=1.6.5 (from ipykernel>=4.5.1->ipywidgets==8.0.3)
  Using cached debugpy-1.8.0-cp310-cp310-manylinux_2_17_x86_64.manylinux2014_x86_64.whl.metadata (1.0 kB)
Collecting jupyter-client>=6.1.12 (from ipykernel>=4.5.1->ipywidgets==8.0.3)
  Using cached jupyter_client-8.6.0-py3-none-any.whl.metadata (8.3 kB)
Collecting jupyter-core!=5.0.*,>=4.12 (from ipykernel>=4.5.1->ipywidgets==8.0.3)
  Using cached jupyter_core-5.5.0-py3-none-any.whl.metadata (3.4 kB)
Collecting matplotlib-inline>=0.1 (from ipykernel>=4.5.1->ipywidgets==8.0.3)
  Using cached matplotlib_inline-0.1.6-py3-none-any.whl (9.4 kB)
Collecting nest-asyncio (from ipykernel>=4.5.1->ipywidgets==8.0.3)
  Using cached nest_asyncio-1.5.8-py3-none-any.whl.metadata (2.8 kB)
Collecting packaging (from ipykernel>=4.5.1->ipywidgets==8.0.3)
  Using cached packaging-23.2-py3-none-any.whl.metadata (3.2 kB)
Collecting psutil (from ipykernel>=4.5.1->ipywidgets==8.0.3)
  Using cached psutil-5.9.6-cp36-abi3-manylinux_2_12_x86_64.manylinux2010_x86_64.manylinux_2_17_x86_64.manylinux2014_x86_64.whl.metadata (21 kB)
Collecting pyzmq>=20 (from ipykernel>=4.5.1->ipywidgets==8.0.3)
  Using cached pyzmq-25.1.1-cp310-cp310-manylinux_2_28_x86_64.whl.metadata (4.9 kB)
Collecting tornado>=6.1 (from ipykernel>=4.5.1->ipywidgets==8.0.3)
  Using cached tornado-6.3.3-cp38-abi3-manylinux_2_5_x86_64.manylinux1_x86_64.manylinux_2_17_x86_64.manylinux2014_x86_64.whl.metadata (2.5 kB)
Collecting decorator (from ipython>=6.1.0->ipywidgets==8.0.3)
  Using cached decorator-5.1.1-py3-none-any.whl (9.1 kB)
Collecting jedi>=0.16 (from ipython>=6.1.0->ipywidgets==8.0.3)
  Using cached jedi-0.19.1-py2.py3-none-any.whl.metadata (22 kB)
Collecting prompt-toolkit!=3.0.37,<3.1.0,>=3.0.30 (from ipython>=6.1.0->ipywidgets==8.0.3)
  Using cached prompt_toolkit-3.0.41-py3-none-any.whl.metadata (6.5 kB)
Collecting pygments>=2.4.0 (from ipython>=6.1.0->ipywidgets==8.0.3)
  Using cached pygments-2.17.2-py3-none-any.whl.metadata (2.6 kB)
Collecting stack-data (from ipython>=6.1.0->ipywidgets==8.0.3)
  Using cached stack_data-0.6.3-py3-none-any.whl.metadata (18 kB)
Collecting exceptiongroup (from ipython>=6.1.0->ipywidgets==8.0.3)
  Using cached exceptiongroup-1.2.0-py3-none-any.whl.metadata (6.6 kB)
Collecting pexpect>4.3 (from ipython>=6.1.0->ipywidgets==8.0.3)
  Using cached pexpect-4.8.0-py2.py3-none-any.whl (59 kB)
Collecting parso<0.9.0,>=0.8.3 (from jedi>=0.16->ipython>=6.1.0->ipywidgets==8.0.3)
  Using cached parso-0.8.3-py2.py3-none-any.whl (100 kB)
Collecting python-dateutil>=2.8.2 (from jupyter-client>=6.1.12->ipykernel>=4.5.1->ipywidgets==8.0.3)
  Using cached python_dateutil-2.8.2-py2.py3-none-any.whl (247 kB)
Collecting platformdirs>=2.5 (from jupyter-core!=5.0.*,>=4.12->ipykernel>=4.5.1->ipywidgets==8.0.3)
  Using cached platformdirs-4.0.0-py3-none-any.whl.metadata (11 kB)
Collecting ptyprocess>=0.5 (from pexpect>4.3->ipython>=6.1.0->ipywidgets==8.0.3)
  Using cached ptyprocess-0.7.0-py2.py3-none-any.whl (13 kB)
Collecting wcwidth (from prompt-toolkit!=3.0.37,<3.1.0,>=3.0.30->ipython>=6.1.0->ipywidgets==8.0.3)
  Using cached wcwidth-0.2.12-py2.py3-none-any.whl.metadata (14 kB)
Collecting executing>=1.2.0 (from stack-data->ipython>=6.1.0->ipywidgets==8.0.3)
  Using cached executing-2.0.1-py2.py3-none-any.whl.metadata (9.0 kB)
Collecting asttokens>=2.1.0 (from stack-data->ipython>=6.1.0->ipywidgets==8.0.3)
  Using cached asttokens-2.4.1-py2.py3-none-any.whl.metadata (5.2 kB)
Collecting pure-eval (from stack-data->ipython>=6.1.0->ipywidgets==8.0.3)
  Using cached pure_eval-0.2.2-py3-none-any.whl (11 kB)
Collecting six>=1.12.0 (from asttokens>=2.1.0->stack-data->ipython>=6.1.0->ipywidgets==8.0.3)
  Using cached six-1.16.0-py2.py3-none-any.whl (11 kB)
Downloading ipykernel-6.27.0-py3-none-any.whl (114 kB)
   ━━━━━━━━━━━━━━━━━━━━━━━━━━━━━━━━━━━━━━━━ 114.6/114.6 kB 16.4 MB/s eta 0:00:00
Using cached ipython-8.17.2-py3-none-any.whl (808 kB)
Downloading jupyterlab_widgets-3.0.9-py3-none-any.whl (214 kB)
   ━━━━━━━━━━━━━━━━━━━━━━━━━━━━━━━━━━━━━━━━ 214.9/214.9 kB 23.0 MB/s eta 0:00:00
Using cached traitlets-5.13.0-py3-none-any.whl (84 kB)
Downloading widgetsnbextension-4.0.9-py3-none-any.whl (2.3 MB)
   ━━━━━━━━━━━━━━━━━━━━━━━━━━━━━━━━━━━━━━━━ 2.3/2.3 MB 24.6 MB/s eta 0:00:00
Downloading comm-0.2.0-py3-none-any.whl (7.0 kB)
Using cached debugpy-1.8.0-cp310-cp310-manylinux_2_17_x86_64.manylinux2014_x86_64.whl (3.3 MB)
Using cached jedi-0.19.1-py2.py3-none-any.whl (1.6 MB)
Using cached jupyter_client-8.6.0-py3-none-any.whl (105 kB)
Using cached jupyter_core-5.5.0-py3-none-any.whl (28 kB)
Using cached prompt_toolkit-3.0.41-py3-none-any.whl (385 kB)
Using cached pygments-2.17.2-py3-none-any.whl (1.2 MB)
Using cached pyzmq-25.1.1-cp310-cp310-manylinux_2_28_x86_64.whl (1.1 MB)
Using cached tornado-6.3.3-cp38-abi3-manylinux_2_5_x86_64.manylinux1_x86_64.manylinux_2_17_x86_64.manylinux2014_x86_64.whl (427 kB)
Using cached exceptiongroup-1.2.0-py3-none-any.whl (16 kB)
Using cached nest_asyncio-1.5.8-py3-none-any.whl (5.3 kB)
Using cached packaging-23.2-py3-none-any.whl (53 kB)
Using cached psutil-5.9.6-cp36-abi3-manylinux_2_12_x86_64.manylinux2010_x86_64.manylinux_2_17_x86_64.manylinux2014_x86_64.whl (283 kB)
Using cached stack_data-0.6.3-py3-none-any.whl (24 kB)
Using cached asttokens-2.4.1-py2.py3-none-any.whl (27 kB)
Using cached executing-2.0.1-py2.py3-none-any.whl (24 kB)
Using cached platformdirs-4.0.0-py3-none-any.whl (17 kB)
Using cached wcwidth-0.2.12-py2.py3-none-any.whl (34 kB)
Installing collected packages: wcwidth, pure-eval, ptyprocess, widgetsnbextension, traitlets, tornado, six, pyzmq, pygments, psutil, prompt-toolkit, platformdirs, pexpect, parso, packaging, nest-asyncio, jupyterlab-widgets, executing, exceptiongroup, decorator, debugpy, python-dateutil, matplotlib-inline, jupyter-core, jedi, comm, asttokens, stack-data, jupyter-client, ipython, ipykernel, ipywidgets
Successfully installed asttokens-2.4.1 comm-0.2.0 debugpy-1.8.0 decorator-5.1.1 exceptiongroup-1.2.0 executing-2.0.1 ipykernel-6.27.0 ipython-8.17.2 ipywidgets-8.0.3 jedi-0.19.1 jupyter-client-8.6.0 jupyter-core-5.5.0 jupyterlab-widgets-3.0.9 matplotlib-inline-0.1.6 nest-asyncio-1.5.8 packaging-23.2 parso-0.8.3 pexpect-4.8.0 platformdirs-4.0.0 prompt-toolkit-3.0.41 psutil-5.9.6 ptyprocess-0.7.0 pure-eval-0.2.2 pygments-2.17.2 python-dateutil-2.8.2 pyzmq-25.1.1 six-1.16.0 stack-data-0.6.3 tornado-6.3.3 traitlets-5.13.0 wcwidth-0.2.12 widgetsnbextension-4.0.9
