Collecting ipywidgets==8.0.3
  Downloading ipywidgets-8.0.3-py3-none-any.whl (137 kB)
     ━━━━━━━━━━━━━━━━━━━━━━━━━━━━━━━━━━━━━━━ 137.9/137.9 kB 4.3 MB/s eta 0:00:00
Collecting ipykernel>=4.5.1
  Downloading ipykernel-6.27.0-py3-none-any.whl (114 kB)
     ━━━━━━━━━━━━━━━━━━━━━━━━━━━━━━━━━━━━━━━ 114.6/114.6 kB 4.5 MB/s eta 0:00:00
Collecting ipython>=6.1.0
  Using cached ipython-8.17.2-py3-none-any.whl (808 kB)
Collecting traitlets>=4.3.1
  Using cached traitlets-5.13.0-py3-none-any.whl (84 kB)
Collecting widgetsnbextension~=4.0
  Downloading widgetsnbextension-4.0.9-py3-none-any.whl (2.3 MB)
     ━━━━━━━━━━━━━━━━━━━━━━━━━━━━━━━━━━━━━━━━ 2.3/2.3 MB 7.8 MB/s eta 0:00:00
Collecting jupyterlab-widgets~=3.0
  Downloading jupyterlab_widgets-3.0.9-py3-none-any.whl (214 kB)
     ━━━━━━━━━━━━━━━━━━━━━━━━━━━━━━━━━━━━━━━ 214.9/214.9 kB 2.7 MB/s eta 0:00:00
Collecting comm>=0.1.1
  Downloading comm-0.2.0-py3-none-any.whl (7.0 kB)
Collecting debugpy>=1.6.5
  Using cached debugpy-1.8.0-py2.py3-none-any.whl (5.0 MB)
Collecting jupyter-client>=6.1.12
  Using cached jupyter_client-8.6.0-py3-none-any.whl (105 kB)
Collecting jupyter-core!=5.0.*,>=4.12
  Using cached jupyter_core-5.5.0-py3-none-any.whl (28 kB)
Collecting matplotlib-inline>=0.1
  Using cached matplotlib_inline-0.1.6-py3-none-any.whl (9.4 kB)
Collecting nest-asyncio
  Using cached nest_asyncio-1.5.8-py3-none-any.whl (5.3 kB)
Collecting packaging
  Using cached packaging-23.2-py3-none-any.whl (53 kB)
Collecting psutil
  Using cached psutil-5.9.6-graalpy310-graalpy231_310_native-linux_x86_64.whl
Collecting pyzmq>=20
  Using cached pyzmq-25.1.1-graalpy310-graalpy231_310_native-linux_x86_64.whl
Collecting tornado>=6.1
  Using cached tornado-6.3.3-py3-none-any.whl
Collecting decorator
  Using cached decorator-5.1.1-py3-none-any.whl (9.1 kB)
Collecting jedi>=0.16
  Using cached jedi-0.19.1-py2.py3-none-any.whl (1.6 MB)
Collecting prompt-toolkit!=3.0.37,<3.1.0,>=3.0.30
  Using cached prompt_toolkit-3.0.41-py3-none-any.whl (385 kB)
Collecting pygments>=2.4.0
  Using cached pygments-2.17.2-py3-none-any.whl (1.2 MB)
Collecting stack-data
  Using cached stack_data-0.6.3-py3-none-any.whl (24 kB)
Collecting exceptiongroup
  Using cached exceptiongroup-1.2.0-py3-none-any.whl (16 kB)
Collecting pexpect>4.3
  Using cached pexpect-4.8.0-py2.py3-none-any.whl (59 kB)
Collecting parso<0.9.0,>=0.8.3
  Using cached parso-0.8.3-py2.py3-none-any.whl (100 kB)
Collecting python-dateutil>=2.8.2
  Using cached python_dateutil-2.8.2-py2.py3-none-any.whl (247 kB)
Collecting platformdirs>=2.5
  Using cached platformdirs-4.0.0-py3-none-any.whl (17 kB)
Collecting ptyprocess>=0.5
  Using cached ptyprocess-0.7.0-py2.py3-none-any.whl (13 kB)
Collecting wcwidth
  Using cached wcwidth-0.2.12-py2.py3-none-any.whl (34 kB)
Collecting executing>=1.2.0
  Using cached executing-2.0.1-py2.py3-none-any.whl (24 kB)
Collecting asttokens>=2.1.0
  Using cached asttokens-2.4.1-py2.py3-none-any.whl (27 kB)
Collecting pure-eval
  Using cached pure_eval-0.2.2-py3-none-any.whl (11 kB)
Collecting six>=1.12.0
  Using cached six-1.16.0-py2.py3-none-any.whl (11 kB)
Installing collected packages: wcwidth, pure-eval, ptyprocess, widgetsnbextension, traitlets, tornado, six, pyzmq, pygments, psutil, prompt-toolkit, platformdirs, pexpect, parso, packaging, nest-asyncio, jupyterlab-widgets, executing, exceptiongroup, decorator, debugpy, python-dateutil, matplotlib-inline, jupyter-core, jedi, comm, asttokens, stack-data, jupyter-client, ipython, ipykernel, ipywidgets
Looking for GraalPy patches for wcwidth
Looking for GraalPy patches for pure_eval
Looking for GraalPy patches for ptyprocess
Looking for GraalPy patches for widgetsnbextension
Looking for GraalPy patches for traitlets
Looking for GraalPy patches for tornado
Looking for GraalPy patches for six
Looking for GraalPy patches for pyzmq
Looking for GraalPy patches for pygments
Looking for GraalPy patches for psutil
Looking for GraalPy patches for prompt_toolkit
Looking for GraalPy patches for platformdirs
Looking for GraalPy patches for pexpect
Looking for GraalPy patches for parso
Looking for GraalPy patches for packaging
Patching package packaging using /opt/graalpy/lib/graalpy23.1/patches/packaging/packaging.patch
patching file packaging/tags.py
Hunk #1 FAILED at 4.
Hunk #2 FAILED at 37.
2 out of 2 hunks FAILED -- saving rejects to file packaging/tags.py.rej
Applying GraalPy patch failed for packaging. The package may still work.
Looking for GraalPy patches for nest_asyncio
Looking for GraalPy patches for jupyterlab_widgets
Looking for GraalPy patches for executing
Looking for GraalPy patches for exceptiongroup
Looking for GraalPy patches for decorator
auto-patching C API usages in /workdir/install-virtualenv/lib/python3.10/site-packages/debugpy/_vendored/pydevd/pydevd_attach_to_process/common/ref_utils.hpp
auto-patching C API usages in /workdir/install-virtualenv/lib/python3.10/site-packages/debugpy/_vendored/pydevd/pydevd_attach_to_process/common/py_custom_pyeval_settrace.hpp
auto-patching C API usages in /workdir/install-virtualenv/lib/python3.10/site-packages/debugpy/_vendored/pydevd/_pydevd_bundle/pydevd_cython.c
Looking for GraalPy patches for debugpy
Looking for GraalPy patches for python_dateutil
Looking for GraalPy patches for matplotlib_inline
Looking for GraalPy patches for jupyter_core
Looking for GraalPy patches for jedi
Looking for GraalPy patches for comm
Looking for GraalPy patches for asttokens
Looking for GraalPy patches for stack_data
Looking for GraalPy patches for jupyter_client
Looking for GraalPy patches for ipython
Looking for GraalPy patches for ipykernel
Looking for GraalPy patches for ipywidgets
Successfully installed asttokens-2.4.1 comm-0.2.0 debugpy-1.8.0 decorator-5.1.1 exceptiongroup-1.2.0 executing-2.0.1 ipykernel-6.27.0 ipython-8.17.2 ipywidgets-8.0.3 jedi-0.19.1 jupyter-client-8.6.0 jupyter-core-5.5.0 jupyterlab-widgets-3.0.9 matplotlib-inline-0.1.6 nest-asyncio-1.5.8 packaging-23.2 parso-0.8.3 pexpect-4.8.0 platformdirs-4.0.0 prompt-toolkit-3.0.41 psutil-5.9.6 ptyprocess-0.7.0 pure-eval-0.2.2 pygments-2.17.2 python-dateutil-2.8.2 pyzmq-25.1.1 six-1.16.0 stack-data-0.6.3 tornado-6.3.3 traitlets-5.13.0 wcwidth-0.2.12 widgetsnbextension-4.0.9
