Collecting tensorboard==2.11.0
  Downloading tensorboard-2.11.0-py3-none-any.whl (6.0 MB)
     ━━━━━━━━━━━━━━━━━━━━━━━━━━━━━━━━━━━━━━━━ 6.0/6.0 MB 20.0 MB/s eta 0:00:00
Collecting absl-py>=0.4 (from tensorboard==2.11.0)
  Using cached absl_py-2.0.0-py3-none-any.whl.metadata (2.3 kB)
Collecting grpcio>=1.24.3 (from tensorboard==2.11.0)
  Using cached grpcio-1.59.3-cp310-cp310-manylinux_2_17_x86_64.manylinux2014_x86_64.whl.metadata (4.0 kB)
Collecting google-auth<3,>=1.6.3 (from tensorboard==2.11.0)
  Downloading google_auth-2.23.4-py2.py3-none-any.whl.metadata (4.7 kB)
Collecting google-auth-oauthlib<0.5,>=0.4.1 (from tensorboard==2.11.0)
  Downloading google_auth_oauthlib-0.4.6-py2.py3-none-any.whl (18 kB)
Collecting markdown>=2.6.8 (from tensorboard==2.11.0)
  Downloading Markdown-3.5.1-py3-none-any.whl.metadata (7.1 kB)
Collecting numpy>=1.12.0 (from tensorboard==2.11.0)
  Using cached numpy-1.26.2-cp310-cp310-manylinux_2_17_x86_64.manylinux2014_x86_64.whl.metadata (61 kB)
Collecting protobuf<4,>=3.9.2 (from tensorboard==2.11.0)
  Using cached protobuf-3.20.3-cp310-cp310-manylinux_2_12_x86_64.manylinux2010_x86_64.whl (1.1 MB)
Collecting requests<3,>=2.21.0 (from tensorboard==2.11.0)
  Using cached requests-2.31.0-py3-none-any.whl.metadata (4.6 kB)
Requirement already satisfied: setuptools>=41.0.0 in ./install-virtualenv/lib/python3.10/site-packages (from tensorboard==2.11.0) (68.2.2)
Collecting tensorboard-data-server<0.7.0,>=0.6.0 (from tensorboard==2.11.0)
  Downloading tensorboard_data_server-0.6.1-py3-none-manylinux2010_x86_64.whl (4.9 MB)
     ━━━━━━━━━━━━━━━━━━━━━━━━━━━━━━━━━━━━━━━━ 4.9/4.9 MB 27.6 MB/s eta 0:00:00
Collecting tensorboard-plugin-wit>=1.6.0 (from tensorboard==2.11.0)
  Downloading tensorboard_plugin_wit-1.8.1-py3-none-any.whl (781 kB)
     ━━━━━━━━━━━━━━━━━━━━━━━━━━━━━━━━━━━━━━ 781.3/781.3 kB 21.1 MB/s eta 0:00:00
Collecting werkzeug>=1.0.1 (from tensorboard==2.11.0)
  Using cached werkzeug-3.0.1-py3-none-any.whl.metadata (4.1 kB)
Requirement already satisfied: wheel>=0.26 in ./install-virtualenv/lib/python3.10/site-packages (from tensorboard==2.11.0) (0.41.3)
Collecting cachetools<6.0,>=2.0.0 (from google-auth<3,>=1.6.3->tensorboard==2.11.0)
  Using cached cachetools-5.3.2-py3-none-any.whl.metadata (5.2 kB)
Collecting pyasn1-modules>=0.2.1 (from google-auth<3,>=1.6.3->tensorboard==2.11.0)
  Downloading pyasn1_modules-0.3.0-py2.py3-none-any.whl (181 kB)
     ━━━━━━━━━━━━━━━━━━━━━━━━━━━━━━━━━━━━━━ 181.3/181.3 kB 12.0 MB/s eta 0:00:00
Collecting rsa<5,>=3.1.4 (from google-auth<3,>=1.6.3->tensorboard==2.11.0)
  Downloading rsa-4.9-py3-none-any.whl (34 kB)
Collecting requests-oauthlib>=0.7.0 (from google-auth-oauthlib<0.5,>=0.4.1->tensorboard==2.11.0)
  Downloading requests_oauthlib-1.3.1-py2.py3-none-any.whl (23 kB)
Collecting charset-normalizer<4,>=2 (from requests<3,>=2.21.0->tensorboard==2.11.0)
  Using cached charset_normalizer-3.3.2-cp310-cp310-manylinux_2_17_x86_64.manylinux2014_x86_64.whl.metadata (33 kB)
Collecting idna<4,>=2.5 (from requests<3,>=2.21.0->tensorboard==2.11.0)
  Using cached idna-3.6-py3-none-any.whl.metadata (9.9 kB)
Collecting urllib3<3,>=1.21.1 (from requests<3,>=2.21.0->tensorboard==2.11.0)
  Using cached urllib3-2.1.0-py3-none-any.whl.metadata (6.4 kB)
Collecting certifi>=2017.4.17 (from requests<3,>=2.21.0->tensorboard==2.11.0)
  Using cached certifi-2023.11.17-py3-none-any.whl.metadata (2.2 kB)
Collecting MarkupSafe>=2.1.1 (from werkzeug>=1.0.1->tensorboard==2.11.0)
  Using cached MarkupSafe-2.1.3-cp310-cp310-manylinux_2_17_x86_64.manylinux2014_x86_64.whl.metadata (3.0 kB)
Collecting pyasn1<0.6.0,>=0.4.6 (from pyasn1-modules>=0.2.1->google-auth<3,>=1.6.3->tensorboard==2.11.0)
  Using cached pyasn1-0.5.1-py2.py3-none-any.whl.metadata (8.6 kB)
Collecting oauthlib>=3.0.0 (from requests-oauthlib>=0.7.0->google-auth-oauthlib<0.5,>=0.4.1->tensorboard==2.11.0)
  Downloading oauthlib-3.2.2-py3-none-any.whl (151 kB)
     ━━━━━━━━━━━━━━━━━━━━━━━━━━━━━━━━━━━━━━ 151.7/151.7 kB 18.9 MB/s eta 0:00:00
Using cached absl_py-2.0.0-py3-none-any.whl (130 kB)
Downloading google_auth-2.23.4-py2.py3-none-any.whl (183 kB)
   ━━━━━━━━━━━━━━━━━━━━━━━━━━━━━━━━━━━━━━━━ 183.3/183.3 kB 9.6 MB/s eta 0:00:00
Downloading grpcio-1.59.3-cp310-cp310-manylinux_2_17_x86_64.manylinux2014_x86_64.whl (5.3 MB)
   ━━━━━━━━━━━━━━━━━━━━━━━━━━━━━━━━━━━━━━━━ 5.3/5.3 MB 30.0 MB/s eta 0:00:00
Downloading Markdown-3.5.1-py3-none-any.whl (102 kB)
   ━━━━━━━━━━━━━━━━━━━━━━━━━━━━━━━━━━━━━━━━ 102.2/102.2 kB 5.7 MB/s eta 0:00:00
Using cached numpy-1.26.2-cp310-cp310-manylinux_2_17_x86_64.manylinux2014_x86_64.whl (18.2 MB)
Using cached requests-2.31.0-py3-none-any.whl (62 kB)
Using cached werkzeug-3.0.1-py3-none-any.whl (226 kB)
Using cached cachetools-5.3.2-py3-none-any.whl (9.3 kB)
Using cached certifi-2023.11.17-py3-none-any.whl (162 kB)
Using cached charset_normalizer-3.3.2-cp310-cp310-manylinux_2_17_x86_64.manylinux2014_x86_64.whl (142 kB)
Using cached idna-3.6-py3-none-any.whl (61 kB)
Using cached MarkupSafe-2.1.3-cp310-cp310-manylinux_2_17_x86_64.manylinux2014_x86_64.whl (25 kB)
Using cached urllib3-2.1.0-py3-none-any.whl (104 kB)
Using cached pyasn1-0.5.1-py2.py3-none-any.whl (84 kB)
Installing collected packages: tensorboard-plugin-wit, urllib3, tensorboard-data-server, pyasn1, protobuf, oauthlib, numpy, MarkupSafe, markdown, idna, grpcio, charset-normalizer, certifi, cachetools, absl-py, werkzeug, rsa, requests, pyasn1-modules, requests-oauthlib, google-auth, google-auth-oauthlib, tensorboard
Successfully installed MarkupSafe-2.1.3 absl-py-2.0.0 cachetools-5.3.2 certifi-2023.11.17 charset-normalizer-3.3.2 google-auth-2.23.4 google-auth-oauthlib-0.4.6 grpcio-1.59.3 idna-3.6 markdown-3.5.1 numpy-1.26.2 oauthlib-3.2.2 protobuf-3.20.3 pyasn1-0.5.1 pyasn1-modules-0.3.0 requests-2.31.0 requests-oauthlib-1.3.1 rsa-4.9 tensorboard-2.11.0 tensorboard-data-server-0.6.1 tensorboard-plugin-wit-1.8.1 urllib3-2.1.0 werkzeug-3.0.1
