Collecting catboost==1.2
  Downloading catboost-1.2-cp310-cp310-manylinux2014_x86_64.whl (98.6 MB)
     ━━━━━━━━━━━━━━━━━━━━━━━━━━━━━━━━━━━━━━━━ 98.6/98.6 MB 21.4 MB/s eta 0:00:00
Collecting graphviz (from catboost==1.2)
  Downloading graphviz-0.20.1-py3-none-any.whl (47 kB)
     ━━━━━━━━━━━━━━━━━━━━━━━━━━━━━━━━━━━━━━━━ 47.0/47.0 kB 7.1 MB/s eta 0:00:00
Collecting matplotlib (from catboost==1.2)
  Downloading matplotlib-3.8.2-cp310-cp310-manylinux_2_17_x86_64.manylinux2014_x86_64.whl.metadata (5.8 kB)
Collecting numpy>=1.16.0 (from catboost==1.2)
  Using cached numpy-1.26.2-cp310-cp310-manylinux_2_17_x86_64.manylinux2014_x86_64.whl.metadata (61 kB)
Collecting pandas>=0.24 (from catboost==1.2)
  Using cached pandas-2.1.3-cp310-cp310-manylinux_2_17_x86_64.manylinux2014_x86_64.whl.metadata (18 kB)
Collecting scipy (from catboost==1.2)
  Using cached scipy-1.11.4-cp310-cp310-manylinux_2_17_x86_64.manylinux2014_x86_64.whl.metadata (60 kB)
Collecting plotly (from catboost==1.2)
  Downloading plotly-5.18.0-py3-none-any.whl.metadata (7.0 kB)
Collecting six (from catboost==1.2)
  Using cached six-1.16.0-py2.py3-none-any.whl (11 kB)
Collecting python-dateutil>=2.8.2 (from pandas>=0.24->catboost==1.2)
  Using cached python_dateutil-2.8.2-py2.py3-none-any.whl (247 kB)
Collecting pytz>=2020.1 (from pandas>=0.24->catboost==1.2)
  Using cached pytz-2023.3.post1-py2.py3-none-any.whl.metadata (22 kB)
Collecting tzdata>=2022.1 (from pandas>=0.24->catboost==1.2)
  Using cached tzdata-2023.3-py2.py3-none-any.whl (341 kB)
Collecting contourpy>=1.0.1 (from matplotlib->catboost==1.2)
  Using cached contourpy-1.2.0-cp310-cp310-manylinux_2_17_x86_64.manylinux2014_x86_64.whl.metadata (5.8 kB)
Collecting cycler>=0.10 (from matplotlib->catboost==1.2)
  Downloading cycler-0.12.1-py3-none-any.whl.metadata (3.8 kB)
Collecting fonttools>=4.22.0 (from matplotlib->catboost==1.2)
  Downloading fonttools-4.45.0-cp310-cp310-manylinux_2_17_x86_64.manylinux2014_x86_64.whl.metadata (154 kB)
     ━━━━━━━━━━━━━━━━━━━━━━━━━━━━━━━━━━━━━━ 155.0/155.0 kB 18.9 MB/s eta 0:00:00
Collecting kiwisolver>=1.3.1 (from matplotlib->catboost==1.2)
  Downloading kiwisolver-1.4.5-cp310-cp310-manylinux_2_12_x86_64.manylinux2010_x86_64.whl.metadata (6.4 kB)
Collecting packaging>=20.0 (from matplotlib->catboost==1.2)
  Using cached packaging-23.2-py3-none-any.whl.metadata (3.2 kB)
Collecting pillow>=8 (from matplotlib->catboost==1.2)
  Using cached Pillow-10.1.0-cp310-cp310-manylinux_2_28_x86_64.whl.metadata (9.5 kB)
Collecting pyparsing>=2.3.1 (from matplotlib->catboost==1.2)
  Using cached pyparsing-3.1.1-py3-none-any.whl.metadata (5.1 kB)
Collecting tenacity>=6.2.0 (from plotly->catboost==1.2)
  Downloading tenacity-8.2.3-py3-none-any.whl.metadata (1.0 kB)
Using cached numpy-1.26.2-cp310-cp310-manylinux_2_17_x86_64.manylinux2014_x86_64.whl (18.2 MB)
Using cached pandas-2.1.3-cp310-cp310-manylinux_2_17_x86_64.manylinux2014_x86_64.whl (12.3 MB)
Downloading matplotlib-3.8.2-cp310-cp310-manylinux_2_17_x86_64.manylinux2014_x86_64.whl (11.6 MB)
   ━━━━━━━━━━━━━━━━━━━━━━━━━━━━━━━━━━━━━━━━ 11.6/11.6 MB 28.5 MB/s eta 0:00:00
Downloading plotly-5.18.0-py3-none-any.whl (15.6 MB)
   ━━━━━━━━━━━━━━━━━━━━━━━━━━━━━━━━━━━━━━━━ 15.6/15.6 MB 28.1 MB/s eta 0:00:00
Using cached scipy-1.11.4-cp310-cp310-manylinux_2_17_x86_64.manylinux2014_x86_64.whl (36.4 MB)
Using cached contourpy-1.2.0-cp310-cp310-manylinux_2_17_x86_64.manylinux2014_x86_64.whl (310 kB)
Downloading cycler-0.12.1-py3-none-any.whl (8.3 kB)
Downloading fonttools-4.45.0-cp310-cp310-manylinux_2_17_x86_64.manylinux2014_x86_64.whl (4.6 MB)
   ━━━━━━━━━━━━━━━━━━━━━━━━━━━━━━━━━━━━━━━━ 4.6/4.6 MB 30.9 MB/s eta 0:00:00
Downloading kiwisolver-1.4.5-cp310-cp310-manylinux_2_12_x86_64.manylinux2010_x86_64.whl (1.6 MB)
   ━━━━━━━━━━━━━━━━━━━━━━━━━━━━━━━━━━━━━━━━ 1.6/1.6 MB 29.4 MB/s eta 0:00:00
Using cached packaging-23.2-py3-none-any.whl (53 kB)
Using cached Pillow-10.1.0-cp310-cp310-manylinux_2_28_x86_64.whl (3.6 MB)
Using cached pyparsing-3.1.1-py3-none-any.whl (103 kB)
Using cached pytz-2023.3.post1-py2.py3-none-any.whl (502 kB)
Downloading tenacity-8.2.3-py3-none-any.whl (24 kB)
Installing collected packages: pytz, tzdata, tenacity, six, pyparsing, pillow, packaging, numpy, kiwisolver, graphviz, fonttools, cycler, scipy, python-dateutil, plotly, contourpy, pandas, matplotlib, catboost
Successfully installed catboost-1.2 contourpy-1.2.0 cycler-0.12.1 fonttools-4.45.0 graphviz-0.20.1 kiwisolver-1.4.5 matplotlib-3.8.2 numpy-1.26.2 packaging-23.2 pandas-2.1.3 pillow-10.1.0 plotly-5.18.0 pyparsing-3.1.1 python-dateutil-2.8.2 pytz-2023.3.post1 scipy-1.11.4 six-1.16.0 tenacity-8.2.3 tzdata-2023.3
