Collecting pre-commit==2.20.0
  Using cached pre_commit-2.20.0-py2.py3-none-any.whl (199 kB)
Collecting cfgv>=2.0.0 (from pre-commit==2.20.0)
  Using cached cfgv-3.4.0-py2.py3-none-any.whl.metadata (8.5 kB)
Collecting identify>=1.0.0 (from pre-commit==2.20.0)
  Using cached identify-2.5.32-py2.py3-none-any.whl.metadata (4.4 kB)
Collecting nodeenv>=0.11.1 (from pre-commit==2.20.0)
  Using cached nodeenv-1.8.0-py2.py3-none-any.whl.metadata (21 kB)
Collecting pyyaml>=5.1 (from pre-commit==2.20.0)
  Using cached PyYAML-6.0.1-cp310-cp310-manylinux_2_17_x86_64.manylinux2014_x86_64.whl.metadata (2.1 kB)
Collecting toml (from pre-commit==2.20.0)
  Using cached toml-0.10.2-py2.py3-none-any.whl (16 kB)
Collecting virtualenv>=20.0.8 (from pre-commit==2.20.0)
  Using cached virtualenv-20.24.7-py3-none-any.whl.metadata (4.5 kB)
Requirement already satisfied: setuptools in ./install-virtualenv/lib/python3.10/site-packages (from nodeenv>=0.11.1->pre-commit==2.20.0) (68.2.2)
Collecting distlib<1,>=0.3.7 (from virtualenv>=20.0.8->pre-commit==2.20.0)
  Using cached distlib-0.3.7-py2.py3-none-any.whl.metadata (5.1 kB)
Collecting filelock<4,>=3.12.2 (from virtualenv>=20.0.8->pre-commit==2.20.0)
  Using cached filelock-3.13.1-py3-none-any.whl.metadata (2.8 kB)
Collecting platformdirs<5,>=3.9.1 (from virtualenv>=20.0.8->pre-commit==2.20.0)
  Using cached platformdirs-4.0.0-py3-none-any.whl.metadata (11 kB)
Using cached cfgv-3.4.0-py2.py3-none-any.whl (7.2 kB)
Using cached identify-2.5.32-py2.py3-none-any.whl (98 kB)
Using cached nodeenv-1.8.0-py2.py3-none-any.whl (22 kB)
Using cached PyYAML-6.0.1-cp310-cp310-manylinux_2_17_x86_64.manylinux2014_x86_64.whl (705 kB)
Using cached virtualenv-20.24.7-py3-none-any.whl (3.8 MB)
Using cached distlib-0.3.7-py2.py3-none-any.whl (468 kB)
Using cached filelock-3.13.1-py3-none-any.whl (11 kB)
Using cached platformdirs-4.0.0-py3-none-any.whl (17 kB)
Installing collected packages: distlib, toml, pyyaml, platformdirs, nodeenv, identify, filelock, cfgv, virtualenv, pre-commit
Successfully installed cfgv-3.4.0 distlib-0.3.7 filelock-3.13.1 identify-2.5.32 nodeenv-1.8.0 platformdirs-4.0.0 pre-commit-2.20.0 pyyaml-6.0.1 toml-0.10.2 virtualenv-20.24.7
