Collecting pre-commit==2.20.0
  Downloading pre_commit-2.20.0-py2.py3-none-any.whl (199 kB)
     ━━━━━━━━━━━━━━━━━━━━━━━━━━━━━━━━━━━━━━━ 199.5/199.5 kB 3.2 MB/s eta 0:00:00
Collecting cfgv>=2.0.0
  Using cached cfgv-3.4.0-py2.py3-none-any.whl (7.2 kB)
Collecting identify>=1.0.0
  Using cached identify-2.5.32-py2.py3-none-any.whl (98 kB)
Collecting nodeenv>=0.11.1
  Using cached nodeenv-1.8.0-py2.py3-none-any.whl (22 kB)
Collecting pyyaml>=5.1
  Using cached PyYAML-6.0.1-py3-none-any.whl
Collecting toml
  Using cached toml-0.10.2-py2.py3-none-any.whl (16 kB)
Collecting virtualenv>=20.0.8
  Using cached virtualenv-20.24.7-py3-none-any.whl (3.8 MB)
Requirement already satisfied: setuptools in ./install-virtualenv/lib/python3.10/site-packages (from nodeenv>=0.11.1->pre-commit==2.20.0) (63.2.0)
Collecting distlib<1,>=0.3.7
  Using cached distlib-0.3.7-py2.py3-none-any.whl (468 kB)
Collecting filelock<4,>=3.12.2
  Using cached filelock-3.13.1-py3-none-any.whl (11 kB)
Collecting platformdirs<5,>=3.9.1
  Using cached platformdirs-4.0.0-py3-none-any.whl (17 kB)
Installing collected packages: distlib, toml, pyyaml, platformdirs, nodeenv, identify, filelock, cfgv, virtualenv, pre-commit
Looking for GraalPy patches for distlib
Looking for GraalPy patches for toml
Looking for GraalPy patches for PyYAML
Looking for GraalPy patches for platformdirs
Looking for GraalPy patches for nodeenv
Looking for GraalPy patches for identify
Looking for GraalPy patches for filelock
Looking for GraalPy patches for cfgv
Looking for GraalPy patches for virtualenv
Looking for GraalPy patches for pre_commit
Successfully installed cfgv-3.4.0 distlib-0.3.7 filelock-3.13.1 identify-2.5.32 nodeenv-1.8.0 platformdirs-4.0.0 pre-commit-2.20.0 pyyaml-6.0.1 toml-0.10.2 virtualenv-20.24.7
