Collecting google-api-python-client==2.68.0
  Downloading google_api_python_client-2.68.0-py2.py3-none-any.whl (10.6 MB)
     ━━━━━━━━━━━━━━━━━━━━━━━━━━━━━━━━━━━━━━━━ 10.6/10.6 MB 25.3 MB/s eta 0:00:00
Collecting httplib2<1dev,>=0.15.0 (from google-api-python-client==2.68.0)
  Downloading httplib2-0.22.0-py3-none-any.whl (96 kB)
     ━━━━━━━━━━━━━━━━━━━━━━━━━━━━━━━━━━━━━━━━ 96.9/96.9 kB 5.2 MB/s eta 0:00:00
Collecting google-auth<3.0.0dev,>=1.19.0 (from google-api-python-client==2.68.0)
  Using cached google_auth-2.23.4-py2.py3-none-any.whl.metadata (4.7 kB)
Collecting google-auth-httplib2>=0.1.0 (from google-api-python-client==2.68.0)
  Downloading google_auth_httplib2-0.1.1-py2.py3-none-any.whl.metadata (2.1 kB)
Collecting google-api-core!=2.0.*,!=2.1.*,!=2.2.*,!=2.3.0,<3.0.0dev,>=1.31.5 (from google-api-python-client==2.68.0)
  Downloading google_api_core-2.14.0-py3-none-any.whl.metadata (2.6 kB)
Collecting uritemplate<5,>=3.0.1 (from google-api-python-client==2.68.0)
  Downloading uritemplate-4.1.1-py2.py3-none-any.whl (10 kB)
Collecting googleapis-common-protos<2.0.dev0,>=1.56.2 (from google-api-core!=2.0.*,!=2.1.*,!=2.2.*,!=2.3.0,<3.0.0dev,>=1.31.5->google-api-python-client==2.68.0)
  Using cached googleapis_common_protos-1.61.0-py2.py3-none-any.whl.metadata (1.5 kB)
Collecting protobuf!=3.20.0,!=3.20.1,!=4.21.0,!=4.21.1,!=4.21.2,!=4.21.3,!=4.21.4,!=4.21.5,<5.0.0.dev0,>=3.19.5 (from google-api-core!=2.0.*,!=2.1.*,!=2.2.*,!=2.3.0,<3.0.0dev,>=1.31.5->google-api-python-client==2.68.0)
  Using cached protobuf-4.25.1-cp37-abi3-manylinux2014_x86_64.whl.metadata (541 bytes)
Collecting requests<3.0.0.dev0,>=2.18.0 (from google-api-core!=2.0.*,!=2.1.*,!=2.2.*,!=2.3.0,<3.0.0dev,>=1.31.5->google-api-python-client==2.68.0)
  Using cached requests-2.31.0-py3-none-any.whl.metadata (4.6 kB)
Collecting cachetools<6.0,>=2.0.0 (from google-auth<3.0.0dev,>=1.19.0->google-api-python-client==2.68.0)
  Using cached cachetools-5.3.2-py3-none-any.whl.metadata (5.2 kB)
Collecting pyasn1-modules>=0.2.1 (from google-auth<3.0.0dev,>=1.19.0->google-api-python-client==2.68.0)
  Using cached pyasn1_modules-0.3.0-py2.py3-none-any.whl (181 kB)
Collecting rsa<5,>=3.1.4 (from google-auth<3.0.0dev,>=1.19.0->google-api-python-client==2.68.0)
  Using cached rsa-4.9-py3-none-any.whl (34 kB)
Collecting pyparsing!=3.0.0,!=3.0.1,!=3.0.2,!=3.0.3,<4,>=2.4.2 (from httplib2<1dev,>=0.15.0->google-api-python-client==2.68.0)
  Using cached pyparsing-3.1.1-py3-none-any.whl.metadata (5.1 kB)
Collecting pyasn1<0.6.0,>=0.4.6 (from pyasn1-modules>=0.2.1->google-auth<3.0.0dev,>=1.19.0->google-api-python-client==2.68.0)
  Using cached pyasn1-0.5.1-py2.py3-none-any.whl.metadata (8.6 kB)
Collecting charset-normalizer<4,>=2 (from requests<3.0.0.dev0,>=2.18.0->google-api-core!=2.0.*,!=2.1.*,!=2.2.*,!=2.3.0,<3.0.0dev,>=1.31.5->google-api-python-client==2.68.0)
  Using cached charset_normalizer-3.3.2-cp310-cp310-manylinux_2_17_x86_64.manylinux2014_x86_64.whl.metadata (33 kB)
Collecting idna<4,>=2.5 (from requests<3.0.0.dev0,>=2.18.0->google-api-core!=2.0.*,!=2.1.*,!=2.2.*,!=2.3.0,<3.0.0dev,>=1.31.5->google-api-python-client==2.68.0)
  Using cached idna-3.4-py3-none-any.whl (61 kB)
Collecting urllib3<3,>=1.21.1 (from requests<3.0.0.dev0,>=2.18.0->google-api-core!=2.0.*,!=2.1.*,!=2.2.*,!=2.3.0,<3.0.0dev,>=1.31.5->google-api-python-client==2.68.0)
  Using cached urllib3-2.1.0-py3-none-any.whl.metadata (6.4 kB)
Collecting certifi>=2017.4.17 (from requests<3.0.0.dev0,>=2.18.0->google-api-core!=2.0.*,!=2.1.*,!=2.2.*,!=2.3.0,<3.0.0dev,>=1.31.5->google-api-python-client==2.68.0)
  Using cached certifi-2023.11.17-py3-none-any.whl.metadata (2.2 kB)
Downloading google_api_core-2.14.0-py3-none-any.whl (122 kB)
   ━━━━━━━━━━━━━━━━━━━━━━━━━━━━━━━━━━━━━━━━ 122.2/122.2 kB 8.5 MB/s eta 0:00:00
Using cached google_auth-2.23.4-py2.py3-none-any.whl (183 kB)
Downloading google_auth_httplib2-0.1.1-py2.py3-none-any.whl (9.3 kB)
Using cached cachetools-5.3.2-py3-none-any.whl (9.3 kB)
Using cached googleapis_common_protos-1.61.0-py2.py3-none-any.whl (230 kB)
Using cached protobuf-4.25.1-cp37-abi3-manylinux2014_x86_64.whl (294 kB)
Using cached pyparsing-3.1.1-py3-none-any.whl (103 kB)
Using cached requests-2.31.0-py3-none-any.whl (62 kB)
Using cached certifi-2023.11.17-py3-none-any.whl (162 kB)
Using cached charset_normalizer-3.3.2-cp310-cp310-manylinux_2_17_x86_64.manylinux2014_x86_64.whl (142 kB)
Using cached pyasn1-0.5.1-py2.py3-none-any.whl (84 kB)
Using cached urllib3-2.1.0-py3-none-any.whl (104 kB)
Installing collected packages: urllib3, uritemplate, pyparsing, pyasn1, protobuf, idna, charset-normalizer, certifi, cachetools, rsa, requests, pyasn1-modules, httplib2, googleapis-common-protos, google-auth, google-auth-httplib2, google-api-core, google-api-python-client
Successfully installed cachetools-5.3.2 certifi-2023.11.17 charset-normalizer-3.3.2 google-api-core-2.14.0 google-api-python-client-2.68.0 google-auth-2.23.4 google-auth-httplib2-0.1.1 googleapis-common-protos-1.61.0 httplib2-0.22.0 idna-3.4 protobuf-4.25.1 pyasn1-0.5.1 pyasn1-modules-0.3.0 pyparsing-3.1.1 requests-2.31.0 rsa-4.9 uritemplate-4.1.1 urllib3-2.1.0
