Collecting opencensus==0.11.2
  Downloading opencensus-0.11.2-py2.py3-none-any.whl (128 kB)
     ━━━━━━━━━━━━━━━━━━━━━━━━━━━━━━━━━━━━━━━ 128.2/128.2 kB 3.2 MB/s eta 0:00:00
Collecting opencensus-context>=0.1.3 (from opencensus==0.11.2)
  Downloading opencensus_context-0.1.3-py2.py3-none-any.whl (5.1 kB)
Collecting google-api-core<3.0.0,>=1.0.0 (from opencensus==0.11.2)
  Using cached google_api_core-2.14.0-py3-none-any.whl.metadata (2.6 kB)
Collecting googleapis-common-protos<2.0.dev0,>=1.56.2 (from google-api-core<3.0.0,>=1.0.0->opencensus==0.11.2)
  Using cached googleapis_common_protos-1.61.0-py2.py3-none-any.whl.metadata (1.5 kB)
Collecting protobuf!=3.20.0,!=3.20.1,!=4.21.0,!=4.21.1,!=4.21.2,!=4.21.3,!=4.21.4,!=4.21.5,<5.0.0.dev0,>=3.19.5 (from google-api-core<3.0.0,>=1.0.0->opencensus==0.11.2)
  Using cached protobuf-4.25.1-cp37-abi3-manylinux2014_x86_64.whl.metadata (541 bytes)
Collecting google-auth<3.0.dev0,>=2.14.1 (from google-api-core<3.0.0,>=1.0.0->opencensus==0.11.2)
  Using cached google_auth-2.23.4-py2.py3-none-any.whl.metadata (4.7 kB)
Collecting requests<3.0.0.dev0,>=2.18.0 (from google-api-core<3.0.0,>=1.0.0->opencensus==0.11.2)
  Using cached requests-2.31.0-py3-none-any.whl.metadata (4.6 kB)
Collecting cachetools<6.0,>=2.0.0 (from google-auth<3.0.dev0,>=2.14.1->google-api-core<3.0.0,>=1.0.0->opencensus==0.11.2)
  Using cached cachetools-5.3.2-py3-none-any.whl.metadata (5.2 kB)
Collecting pyasn1-modules>=0.2.1 (from google-auth<3.0.dev0,>=2.14.1->google-api-core<3.0.0,>=1.0.0->opencensus==0.11.2)
  Using cached pyasn1_modules-0.3.0-py2.py3-none-any.whl (181 kB)
Collecting rsa<5,>=3.1.4 (from google-auth<3.0.dev0,>=2.14.1->google-api-core<3.0.0,>=1.0.0->opencensus==0.11.2)
  Using cached rsa-4.9-py3-none-any.whl (34 kB)
Collecting charset-normalizer<4,>=2 (from requests<3.0.0.dev0,>=2.18.0->google-api-core<3.0.0,>=1.0.0->opencensus==0.11.2)
  Using cached charset_normalizer-3.3.2-cp310-cp310-manylinux_2_17_x86_64.manylinux2014_x86_64.whl.metadata (33 kB)
Collecting idna<4,>=2.5 (from requests<3.0.0.dev0,>=2.18.0->google-api-core<3.0.0,>=1.0.0->opencensus==0.11.2)
  Using cached idna-3.4-py3-none-any.whl (61 kB)
Collecting urllib3<3,>=1.21.1 (from requests<3.0.0.dev0,>=2.18.0->google-api-core<3.0.0,>=1.0.0->opencensus==0.11.2)
  Using cached urllib3-2.1.0-py3-none-any.whl.metadata (6.4 kB)
Collecting certifi>=2017.4.17 (from requests<3.0.0.dev0,>=2.18.0->google-api-core<3.0.0,>=1.0.0->opencensus==0.11.2)
  Using cached certifi-2023.11.17-py3-none-any.whl.metadata (2.2 kB)
Collecting pyasn1<0.6.0,>=0.4.6 (from pyasn1-modules>=0.2.1->google-auth<3.0.dev0,>=2.14.1->google-api-core<3.0.0,>=1.0.0->opencensus==0.11.2)
  Using cached pyasn1-0.5.1-py2.py3-none-any.whl.metadata (8.6 kB)
Using cached google_api_core-2.14.0-py3-none-any.whl (122 kB)
Using cached google_auth-2.23.4-py2.py3-none-any.whl (183 kB)
Using cached googleapis_common_protos-1.61.0-py2.py3-none-any.whl (230 kB)
Using cached protobuf-4.25.1-cp37-abi3-manylinux2014_x86_64.whl (294 kB)
Using cached requests-2.31.0-py3-none-any.whl (62 kB)
Using cached cachetools-5.3.2-py3-none-any.whl (9.3 kB)
Using cached certifi-2023.11.17-py3-none-any.whl (162 kB)
Using cached charset_normalizer-3.3.2-cp310-cp310-manylinux_2_17_x86_64.manylinux2014_x86_64.whl (142 kB)
Using cached urllib3-2.1.0-py3-none-any.whl (104 kB)
Using cached pyasn1-0.5.1-py2.py3-none-any.whl (84 kB)
Installing collected packages: opencensus-context, urllib3, pyasn1, protobuf, idna, charset-normalizer, certifi, cachetools, rsa, requests, pyasn1-modules, googleapis-common-protos, google-auth, google-api-core, opencensus
Successfully installed cachetools-5.3.2 certifi-2023.11.17 charset-normalizer-3.3.2 google-api-core-2.14.0 google-auth-2.23.4 googleapis-common-protos-1.61.0 idna-3.4 opencensus-0.11.2 opencensus-context-0.1.3 protobuf-4.25.1 pyasn1-0.5.1 pyasn1-modules-0.3.0 requests-2.31.0 rsa-4.9 urllib3-2.1.0
