Collecting opencensus==0.11.2
  Downloading opencensus-0.11.2-py2.py3-none-any.whl (128 kB)
     ━━━━━━━━━━━━━━━━━━━━━━━━━━━━━━━━━━━━━━━ 128.2/128.2 kB 1.4 MB/s eta 0:00:00
Collecting opencensus-context>=0.1.3
  Downloading opencensus_context-0.1.3-py2.py3-none-any.whl (5.1 kB)
Collecting google-api-core<3.0.0,>=1.0.0
  Using cached google_api_core-2.14.0-py3-none-any.whl (122 kB)
Collecting googleapis-common-protos<2.0.dev0,>=1.56.2
  Using cached googleapis_common_protos-1.61.0-py2.py3-none-any.whl (230 kB)
Collecting protobuf!=3.20.0,!=3.20.1,!=4.21.0,!=4.21.1,!=4.21.2,!=4.21.3,!=4.21.4,!=4.21.5,<5.0.0.dev0,>=3.19.5
  Using cached protobuf-4.25.1-py3-none-any.whl (156 kB)
Collecting google-auth<3.0.dev0,>=2.14.1
  Using cached google_auth-2.23.4-py2.py3-none-any.whl (183 kB)
Collecting requests<3.0.0.dev0,>=2.18.0
  Using cached requests-2.31.0-py3-none-any.whl (62 kB)
Collecting cachetools<6.0,>=2.0.0
  Using cached cachetools-5.3.2-py3-none-any.whl (9.3 kB)
Collecting pyasn1-modules>=0.2.1
  Using cached pyasn1_modules-0.3.0-py2.py3-none-any.whl (181 kB)
Collecting rsa<5,>=3.1.4
  Using cached rsa-4.9-py3-none-any.whl (34 kB)
Collecting charset-normalizer<4,>=2
  Using cached charset_normalizer-3.1.0-py3-none-any.whl (46 kB)
Collecting idna<4,>=2.5
  Using cached idna-3.4-py3-none-any.whl (61 kB)
Collecting urllib3<3,>=1.21.1
  Using cached urllib3-2.1.0-py3-none-any.whl (104 kB)
Collecting certifi>=2017.4.17
  Using cached certifi-2023.11.17-py3-none-any.whl (162 kB)
Collecting pyasn1<0.6.0,>=0.4.6
  Using cached pyasn1-0.5.1-py2.py3-none-any.whl (84 kB)
Installing collected packages: opencensus-context, urllib3, pyasn1, protobuf, idna, charset-normalizer, certifi, cachetools, rsa, requests, pyasn1-modules, googleapis-common-protos, google-auth, google-api-core, opencensus
Looking for GraalPy patches for opencensus_context
Looking for GraalPy patches for urllib3
Looking for GraalPy patches for pyasn1
Looking for GraalPy patches for protobuf
We have patches to make this package work on GraalVM for some version(s).
If installing or running fails, consider using one of the versions that we have patches for:
protobuf == 3.21.9
Looking for GraalPy patches for idna
Looking for GraalPy patches for charset_normalizer
Patching package charset_normalizer using /opt/graalpy/lib/graalpy23.1/patches/charset_normalizer/charset_normalizer-3.1.0.patch
patching file charset_normalizer/utils.py
Hunk #1 succeeded at 7 with fuzz 2 (offset -4 lines).
Hunk #2 succeeded at 258 with fuzz 2 (offset 11 lines).
Looking for GraalPy patches for certifi
Looking for GraalPy patches for cachetools
Looking for GraalPy patches for rsa
Looking for GraalPy patches for requests
Looking for GraalPy patches for pyasn1_modules
Looking for GraalPy patches for googleapis_common_protos
Looking for GraalPy patches for google_auth
Looking for GraalPy patches for google_api_core
Looking for GraalPy patches for opencensus
Successfully installed cachetools-5.3.2 certifi-2023.11.17 charset-normalizer-3.1.0 google-api-core-2.14.0 google-auth-2.23.4 googleapis-common-protos-1.61.0 idna-3.4 opencensus-0.11.2 opencensus-context-0.1.3 protobuf-4.25.1 pyasn1-0.5.1 pyasn1-modules-0.3.0 requests-2.31.0 rsa-4.9 urllib3-2.1.0
