Collecting Flask-RESTful==0.3.9
  Downloading Flask_RESTful-0.3.9-py2.py3-none-any.whl (25 kB)
Collecting aniso8601>=0.82 (from Flask-RESTful==0.3.9)
  Downloading aniso8601-9.0.1-py2.py3-none-any.whl (52 kB)
     ━━━━━━━━━━━━━━━━━━━━━━━━━━━━━━━━━━━━━━━━ 52.8/52.8 kB 5.9 MB/s eta 0:00:00
Collecting Flask>=0.8 (from Flask-RESTful==0.3.9)
  Using cached flask-3.0.0-py3-none-any.whl.metadata (3.6 kB)
Collecting six>=1.3.0 (from Flask-RESTful==0.3.9)
  Using cached six-1.16.0-py2.py3-none-any.whl (11 kB)
Collecting pytz (from Flask-RESTful==0.3.9)
  Downloading pytz-2023.3.post1-py2.py3-none-any.whl.metadata (22 kB)
Collecting Werkzeug>=3.0.0 (from Flask>=0.8->Flask-RESTful==0.3.9)
  Using cached werkzeug-3.0.1-py3-none-any.whl.metadata (4.1 kB)
Collecting Jinja2>=3.1.2 (from Flask>=0.8->Flask-RESTful==0.3.9)
  Using cached Jinja2-3.1.2-py3-none-any.whl (133 kB)
Collecting itsdangerous>=2.1.2 (from Flask>=0.8->Flask-RESTful==0.3.9)
  Using cached itsdangerous-2.1.2-py3-none-any.whl (15 kB)
Collecting click>=8.1.3 (from Flask>=0.8->Flask-RESTful==0.3.9)
  Using cached click-8.1.7-py3-none-any.whl.metadata (3.0 kB)
Collecting blinker>=1.6.2 (from Flask>=0.8->Flask-RESTful==0.3.9)
  Using cached blinker-1.7.0-py3-none-any.whl.metadata (1.9 kB)
Collecting MarkupSafe>=2.0 (from Jinja2>=3.1.2->Flask>=0.8->Flask-RESTful==0.3.9)
  Using cached MarkupSafe-2.1.3-cp310-cp310-manylinux_2_17_x86_64.manylinux2014_x86_64.whl.metadata (3.0 kB)
Using cached flask-3.0.0-py3-none-any.whl (99 kB)
Downloading pytz-2023.3.post1-py2.py3-none-any.whl (502 kB)
   ━━━━━━━━━━━━━━━━━━━━━━━━━━━━━━━━━━━━━━━━ 502.5/502.5 kB 17.4 MB/s eta 0:00:00
Using cached blinker-1.7.0-py3-none-any.whl (13 kB)
Using cached click-8.1.7-py3-none-any.whl (97 kB)
Using cached werkzeug-3.0.1-py3-none-any.whl (226 kB)
Using cached MarkupSafe-2.1.3-cp310-cp310-manylinux_2_17_x86_64.manylinux2014_x86_64.whl (25 kB)
Installing collected packages: pytz, aniso8601, six, MarkupSafe, itsdangerous, click, blinker, Werkzeug, Jinja2, Flask, Flask-RESTful
Successfully installed Flask-3.0.0 Flask-RESTful-0.3.9 Jinja2-3.1.2 MarkupSafe-2.1.3 Werkzeug-3.0.1 aniso8601-9.0.1 blinker-1.7.0 click-8.1.7 itsdangerous-2.1.2 pytz-2023.3.post1 six-1.16.0
