Collecting azure-storage-blob==12.14.1
  Downloading azure_storage_blob-12.14.1-py3-none-any.whl (383 kB)
     ━━━━━━━━━━━━━━━━━━━━━━━━━━━━━━━━━━━━━━━ 383.2/383.2 kB 1.1 MB/s eta 0:00:00
Collecting azure-core<2.0.0,>=1.24.2 (from azure-storage-blob==12.14.1)
  Using cached azure_core-1.29.5-py3-none-any.whl.metadata (36 kB)
Collecting msrest>=0.7.1 (from azure-storage-blob==12.14.1)
  Using cached msrest-0.7.1-py3-none-any.whl (85 kB)
Collecting cryptography>=2.1.4 (from azure-storage-blob==12.14.1)
  Using cached cryptography-41.0.5-cp37-abi3-manylinux_2_28_x86_64.whl.metadata (5.2 kB)
Collecting requests>=2.18.4 (from azure-core<2.0.0,>=1.24.2->azure-storage-blob==12.14.1)
  Using cached requests-2.31.0-py3-none-any.whl.metadata (4.6 kB)
Collecting six>=1.11.0 (from azure-core<2.0.0,>=1.24.2->azure-storage-blob==12.14.1)
  Using cached six-1.16.0-py2.py3-none-any.whl (11 kB)
Collecting typing-extensions>=4.6.0 (from azure-core<2.0.0,>=1.24.2->azure-storage-blob==12.14.1)
  Using cached typing_extensions-4.8.0-py3-none-any.whl.metadata (3.0 kB)
Collecting cffi>=1.12 (from cryptography>=2.1.4->azure-storage-blob==12.14.1)
  Using cached cffi-1.16.0-cp310-cp310-manylinux_2_17_x86_64.manylinux2014_x86_64.whl.metadata (1.5 kB)
Collecting certifi>=2017.4.17 (from msrest>=0.7.1->azure-storage-blob==12.14.1)
  Using cached certifi-2023.11.17-py3-none-any.whl.metadata (2.2 kB)
Collecting isodate>=0.6.0 (from msrest>=0.7.1->azure-storage-blob==12.14.1)
  Using cached isodate-0.6.1-py2.py3-none-any.whl (41 kB)
Collecting requests-oauthlib>=0.5.0 (from msrest>=0.7.1->azure-storage-blob==12.14.1)
  Using cached requests_oauthlib-1.3.1-py2.py3-none-any.whl (23 kB)
Collecting pycparser (from cffi>=1.12->cryptography>=2.1.4->azure-storage-blob==12.14.1)
  Using cached pycparser-2.21-py2.py3-none-any.whl (118 kB)
Collecting charset-normalizer<4,>=2 (from requests>=2.18.4->azure-core<2.0.0,>=1.24.2->azure-storage-blob==12.14.1)
  Using cached charset_normalizer-3.3.2-cp310-cp310-manylinux_2_17_x86_64.manylinux2014_x86_64.whl.metadata (33 kB)
Collecting idna<4,>=2.5 (from requests>=2.18.4->azure-core<2.0.0,>=1.24.2->azure-storage-blob==12.14.1)
  Using cached idna-3.4-py3-none-any.whl (61 kB)
Collecting urllib3<3,>=1.21.1 (from requests>=2.18.4->azure-core<2.0.0,>=1.24.2->azure-storage-blob==12.14.1)
  Using cached urllib3-2.1.0-py3-none-any.whl.metadata (6.4 kB)
Collecting oauthlib>=3.0.0 (from requests-oauthlib>=0.5.0->msrest>=0.7.1->azure-storage-blob==12.14.1)
  Using cached oauthlib-3.2.2-py3-none-any.whl (151 kB)
Using cached azure_core-1.29.5-py3-none-any.whl (192 kB)
Using cached cryptography-41.0.5-cp37-abi3-manylinux_2_28_x86_64.whl (4.4 MB)
Using cached certifi-2023.11.17-py3-none-any.whl (162 kB)
Using cached cffi-1.16.0-cp310-cp310-manylinux_2_17_x86_64.manylinux2014_x86_64.whl (443 kB)
Using cached requests-2.31.0-py3-none-any.whl (62 kB)
Using cached typing_extensions-4.8.0-py3-none-any.whl (31 kB)
Using cached charset_normalizer-3.3.2-cp310-cp310-manylinux_2_17_x86_64.manylinux2014_x86_64.whl (142 kB)
Using cached urllib3-2.1.0-py3-none-any.whl (104 kB)
Installing collected packages: urllib3, typing-extensions, six, pycparser, oauthlib, idna, charset-normalizer, certifi, requests, isodate, cffi, requests-oauthlib, cryptography, azure-core, msrest, azure-storage-blob
Successfully installed azure-core-1.29.5 azure-storage-blob-12.14.1 certifi-2023.11.17 cffi-1.16.0 charset-normalizer-3.3.2 cryptography-41.0.5 idna-3.4 isodate-0.6.1 msrest-0.7.1 oauthlib-3.2.2 pycparser-2.21 requests-2.31.0 requests-oauthlib-1.3.1 six-1.16.0 typing-extensions-4.8.0 urllib3-2.1.0
