Collecting wagtail==4.1.1
  Downloading wagtail-4.1.1-py3-none-any.whl (8.4 MB)
     ━━━━━━━━━━━━━━━━━━━━━━━━━━━━━━━━━━━━━━━━ 8.4/8.4 MB 15.6 MB/s eta 0:00:00
Collecting Django<4.2,>=3.2 (from wagtail==4.1.1)
  Downloading Django-4.1.13-py3-none-any.whl.metadata (4.1 kB)
Collecting django-modelcluster<7.0,>=6.0 (from wagtail==4.1.1)
  Downloading django_modelcluster-6.1-py2.py3-none-any.whl.metadata (6.3 kB)
Collecting django-permissionedforms<1.0,>=0.1 (from wagtail==4.1.1)
  Downloading django_permissionedforms-0.1-py2.py3-none-any.whl (5.7 kB)
Collecting django-taggit<4.0,>=2.0 (from wagtail==4.1.1)
  Downloading django_taggit-3.1.0-py3-none-any.whl (60 kB)
     ━━━━━━━━━━━━━━━━━━━━━━━━━━━━━━━━━━━━━━━━ 60.2/60.2 kB 2.5 MB/s eta 0:00:00
Collecting django-treebeard<5.0,>=4.5.1 (from wagtail==4.1.1)
  Downloading django_treebeard-4.7-py3-none-any.whl (93 kB)
     ━━━━━━━━━━━━━━━━━━━━━━━━━━━━━━━━━━━━━━━━ 93.5/93.5 kB 2.2 MB/s eta 0:00:00
Collecting djangorestframework<4.0,>=3.11.1 (from wagtail==4.1.1)
  Downloading djangorestframework-3.14.0-py3-none-any.whl (1.1 MB)
     ━━━━━━━━━━━━━━━━━━━━━━━━━━━━━━━━━━━━━━━━ 1.1/1.1 MB 14.1 MB/s eta 0:00:00
Collecting django-filter<23,>=2.2 (from wagtail==4.1.1)
  Downloading django_filter-22.1-py3-none-any.whl (80 kB)
     ━━━━━━━━━━━━━━━━━━━━━━━━━━━━━━━━━━━━━━━━ 80.9/80.9 kB 3.8 MB/s eta 0:00:00
Collecting draftjs-exporter<3.0,>=2.1.5 (from wagtail==4.1.1)
  Downloading draftjs_exporter-2.1.7-py3-none-any.whl (43 kB)
     ━━━━━━━━━━━━━━━━━━━━━━━━━━━━━━━━━━━━━━━━ 43.7/43.7 kB 3.1 MB/s eta 0:00:00
Collecting Pillow<10.0.0,>=4.0.0 (from wagtail==4.1.1)
  Downloading Pillow-9.5.0-cp310-cp310-manylinux_2_28_x86_64.whl (3.4 MB)
     ━━━━━━━━━━━━━━━━━━━━━━━━━━━━━━━━━━━━━━━━ 3.4/3.4 MB 15.6 MB/s eta 0:00:00
Collecting beautifulsoup4<4.12,>=4.8 (from wagtail==4.1.1)
  Downloading beautifulsoup4-4.11.2-py3-none-any.whl (129 kB)
     ━━━━━━━━━━━━━━━━━━━━━━━━━━━━━━━━━━━━━━━ 129.4/129.4 kB 9.0 MB/s eta 0:00:00
Collecting html5lib<2,>=0.999 (from wagtail==4.1.1)
  Using cached html5lib-1.1-py2.py3-none-any.whl (112 kB)
Collecting Willow<1.5,>=1.4 (from wagtail==4.1.1)
  Downloading Willow-1.4.1-py2.py3-none-any.whl (106 kB)
     ━━━━━━━━━━━━━━━━━━━━━━━━━━━━━━━━━━━━━━━ 106.9/106.9 kB 2.7 MB/s eta 0:00:00
Collecting requests<3.0,>=2.11.1 (from wagtail==4.1.1)
  Using cached requests-2.31.0-py3-none-any.whl.metadata (4.6 kB)
Collecting l18n>=2018.5 (from wagtail==4.1.1)
  Downloading l18n-2021.3-py3-none-any.whl (51 kB)
     ━━━━━━━━━━━━━━━━━━━━━━━━━━━━━━━━━━━━━━━━ 51.5/51.5 kB 3.8 MB/s eta 0:00:00
Collecting openpyxl<4.0,>=3.0.10 (from wagtail==4.1.1)
  Downloading openpyxl-3.1.2-py2.py3-none-any.whl (249 kB)
     ━━━━━━━━━━━━━━━━━━━━━━━━━━━━━━━━━━━━━━━ 250.0/250.0 kB 7.0 MB/s eta 0:00:00
Collecting anyascii>=0.1.5 (from wagtail==4.1.1)
  Downloading anyascii-0.3.2-py3-none-any.whl (289 kB)
     ━━━━━━━━━━━━━━━━━━━━━━━━━━━━━━━━━━━━━━ 289.9/289.9 kB 12.3 MB/s eta 0:00:00
Collecting telepath<1,>=0.1.1 (from wagtail==4.1.1)
  Downloading telepath-0.3.1-py38-none-any.whl.metadata (1.7 kB)
Collecting soupsieve>1.2 (from beautifulsoup4<4.12,>=4.8->wagtail==4.1.1)
  Using cached soupsieve-2.5-py3-none-any.whl.metadata (4.7 kB)
Collecting asgiref<4,>=3.5.2 (from Django<4.2,>=3.2->wagtail==4.1.1)
  Downloading asgiref-3.7.2-py3-none-any.whl.metadata (9.2 kB)
Collecting sqlparse>=0.2.2 (from Django<4.2,>=3.2->wagtail==4.1.1)
  Downloading sqlparse-0.4.4-py3-none-any.whl (41 kB)
     ━━━━━━━━━━━━━━━━━━━━━━━━━━━━━━━━━━━━━━━━ 41.2/41.2 kB 2.6 MB/s eta 0:00:00
Collecting pytz>=2022.4 (from django-modelcluster<7.0,>=6.0->wagtail==4.1.1)
  Using cached pytz-2023.3.post1-py2.py3-none-any.whl.metadata (22 kB)
Collecting six>=1.9 (from html5lib<2,>=0.999->wagtail==4.1.1)
  Using cached six-1.16.0-py2.py3-none-any.whl (11 kB)
Collecting webencodings (from html5lib<2,>=0.999->wagtail==4.1.1)
  Using cached webencodings-0.5.1-py2.py3-none-any.whl (11 kB)
Collecting et-xmlfile (from openpyxl<4.0,>=3.0.10->wagtail==4.1.1)
  Downloading et_xmlfile-1.1.0-py3-none-any.whl (4.7 kB)
Collecting charset-normalizer<4,>=2 (from requests<3.0,>=2.11.1->wagtail==4.1.1)
  Using cached charset_normalizer-3.3.2-cp310-cp310-manylinux_2_17_x86_64.manylinux2014_x86_64.whl.metadata (33 kB)
Collecting idna<4,>=2.5 (from requests<3.0,>=2.11.1->wagtail==4.1.1)
  Using cached idna-3.6-py3-none-any.whl.metadata (9.9 kB)
Collecting urllib3<3,>=1.21.1 (from requests<3.0,>=2.11.1->wagtail==4.1.1)
  Using cached urllib3-2.1.0-py3-none-any.whl.metadata (6.4 kB)
Collecting certifi>=2017.4.17 (from requests<3.0,>=2.11.1->wagtail==4.1.1)
  Using cached certifi-2023.11.17-py3-none-any.whl.metadata (2.2 kB)
Collecting typing-extensions>=4 (from asgiref<4,>=3.5.2->Django<4.2,>=3.2->wagtail==4.1.1)
  Using cached typing_extensions-4.8.0-py3-none-any.whl.metadata (3.0 kB)
Downloading Django-4.1.13-py3-none-any.whl (8.1 MB)
   ━━━━━━━━━━━━━━━━━━━━━━━━━━━━━━━━━━━━━━━━ 8.1/8.1 MB 17.1 MB/s eta 0:00:00
Downloading django_modelcluster-6.1-py2.py3-none-any.whl (26 kB)
Using cached requests-2.31.0-py3-none-any.whl (62 kB)
Downloading telepath-0.3.1-py38-none-any.whl (10 kB)
Downloading asgiref-3.7.2-py3-none-any.whl (24 kB)
Using cached certifi-2023.11.17-py3-none-any.whl (162 kB)
Using cached charset_normalizer-3.3.2-cp310-cp310-manylinux_2_17_x86_64.manylinux2014_x86_64.whl (142 kB)
Using cached idna-3.6-py3-none-any.whl (61 kB)
Using cached pytz-2023.3.post1-py2.py3-none-any.whl (502 kB)
Using cached soupsieve-2.5-py3-none-any.whl (36 kB)
Using cached urllib3-2.1.0-py3-none-any.whl (104 kB)
Using cached typing_extensions-4.8.0-py3-none-any.whl (31 kB)
Installing collected packages: webencodings, pytz, draftjs-exporter, Willow, urllib3, typing-extensions, telepath, sqlparse, soupsieve, six, Pillow, idna, et-xmlfile, charset-normalizer, certifi, anyascii, requests, openpyxl, l18n, html5lib, beautifulsoup4, asgiref, Django, djangorestframework, django-treebeard, django-taggit, django-permissionedforms, django-modelcluster, django-filter, wagtail
Successfully installed Django-4.1.13 Pillow-9.5.0 Willow-1.4.1 anyascii-0.3.2 asgiref-3.7.2 beautifulsoup4-4.11.2 certifi-2023.11.17 charset-normalizer-3.3.2 django-filter-22.1 django-modelcluster-6.1 django-permissionedforms-0.1 django-taggit-3.1.0 django-treebeard-4.7 djangorestframework-3.14.0 draftjs-exporter-2.1.7 et-xmlfile-1.1.0 html5lib-1.1 idna-3.6 l18n-2021.3 openpyxl-3.1.2 pytz-2023.3.post1 requests-2.31.0 six-1.16.0 soupsieve-2.5 sqlparse-0.4.4 telepath-0.3.1 typing-extensions-4.8.0 urllib3-2.1.0 wagtail-4.1.1 webencodings-0.5.1
