Collecting wagtail==4.1.1
  Downloading wagtail-4.1.1-py3-none-any.whl (8.4 MB)
     ━━━━━━━━━━━━━━━━━━━━━━━━━━━━━━━━━━━━━━━━ 8.4/8.4 MB 3.1 MB/s eta 0:00:00
Collecting Django<4.2,>=3.2
  Downloading Django-4.1.13-py3-none-any.whl (8.1 MB)
     ━━━━━━━━━━━━━━━━━━━━━━━━━━━━━━━━━━━━━━━━ 8.1/8.1 MB 3.4 MB/s eta 0:00:00
Collecting django-modelcluster<7.0,>=6.0
  Downloading django_modelcluster-6.1-py2.py3-none-any.whl (26 kB)
Collecting django-permissionedforms<1.0,>=0.1
  Downloading django_permissionedforms-0.1-py2.py3-none-any.whl (5.7 kB)
Collecting django-taggit<4.0,>=2.0
  Downloading django_taggit-3.1.0-py3-none-any.whl (60 kB)
     ━━━━━━━━━━━━━━━━━━━━━━━━━━━━━━━━━━━━━━━ 60.2/60.2 kB 848.6 kB/s eta 0:00:00
Collecting django-treebeard<5.0,>=4.5.1
  Downloading django_treebeard-4.7-py3-none-any.whl (93 kB)
     ━━━━━━━━━━━━━━━━━━━━━━━━━━━━━━━━━━━━━━━━ 93.5/93.5 kB 1.6 MB/s eta 0:00:00
Collecting djangorestframework<4.0,>=3.11.1
  Downloading djangorestframework-3.14.0-py3-none-any.whl (1.1 MB)
     ━━━━━━━━━━━━━━━━━━━━━━━━━━━━━━━━━━━━━━━━ 1.1/1.1 MB 3.3 MB/s eta 0:00:00
Collecting django-filter<23,>=2.2
  Downloading django_filter-22.1-py3-none-any.whl (80 kB)
     ━━━━━━━━━━━━━━━━━━━━━━━━━━━━━━━━━━━━━━━━ 80.9/80.9 kB 1.4 MB/s eta 0:00:00
Collecting draftjs-exporter<3.0,>=2.1.5
  Downloading draftjs_exporter-2.1.7-py3-none-any.whl (43 kB)
     ━━━━━━━━━━━━━━━━━━━━━━━━━━━━━━━━━━━━━━━ 43.7/43.7 kB 709.2 kB/s eta 0:00:00
Collecting Pillow<10.0.0,>=4.0.0
  Downloading Pillow-9.5.0.tar.gz (50.5 MB)
     ━━━━━━━━━━━━━━━━━━━━━━━━━━━━━━━━━━━━━━━━ 50.5/50.5 MB 1.5 MB/s eta 0:00:00
Looking for GraalPy patches for Pillow
  Preparing metadata (setup.py): started
  Preparing metadata (setup.py): finished with status 'done'
Collecting beautifulsoup4<4.12,>=4.8
  Downloading beautifulsoup4-4.11.2-py3-none-any.whl (129 kB)
     ━━━━━━━━━━━━━━━━━━━━━━━━━━━━━━━━━━━━━━━ 129.4/129.4 kB 2.0 MB/s eta 0:00:00
Collecting html5lib<2,>=0.999
  Using cached html5lib-1.1-py2.py3-none-any.whl (112 kB)
Collecting Willow<1.5,>=1.4
  Downloading Willow-1.4.1-py2.py3-none-any.whl (106 kB)
     ━━━━━━━━━━━━━━━━━━━━━━━━━━━━━━━━━━━━━━━ 106.9/106.9 kB 2.1 MB/s eta 0:00:00
Collecting requests<3.0,>=2.11.1
  Using cached requests-2.31.0-py3-none-any.whl (62 kB)
Collecting l18n>=2018.5
  Downloading l18n-2021.3-py3-none-any.whl (51 kB)
     ━━━━━━━━━━━━━━━━━━━━━━━━━━━━━━━━━━━━━━━━ 51.5/51.5 kB 1.5 MB/s eta 0:00:00
Collecting openpyxl<4.0,>=3.0.10
  Downloading openpyxl-3.1.2-py2.py3-none-any.whl (249 kB)
     ━━━━━━━━━━━━━━━━━━━━━━━━━━━━━━━━━━━━━━━ 250.0/250.0 kB 3.9 MB/s eta 0:00:00
Collecting anyascii>=0.1.5
  Downloading anyascii-0.3.2-py3-none-any.whl (289 kB)
     ━━━━━━━━━━━━━━━━━━━━━━━━━━━━━━━━━━━━━━━ 289.9/289.9 kB 4.5 MB/s eta 0:00:00
Collecting telepath<1,>=0.1.1
  Downloading telepath-0.3.1-py38-none-any.whl (10 kB)
Collecting soupsieve>1.2
  Using cached soupsieve-2.5-py3-none-any.whl (36 kB)
Collecting asgiref<4,>=3.5.2
  Downloading asgiref-3.7.2-py3-none-any.whl (24 kB)
Collecting sqlparse>=0.2.2
  Downloading sqlparse-0.4.4-py3-none-any.whl (41 kB)
     ━━━━━━━━━━━━━━━━━━━━━━━━━━━━━━━━━━━━━━━━ 41.2/41.2 kB 1.2 MB/s eta 0:00:00
Collecting pytz>=2022.4
  Downloading pytz-2023.3.post1-py2.py3-none-any.whl (502 kB)
     ━━━━━━━━━━━━━━━━━━━━━━━━━━━━━━━━━━━━━━━ 502.5/502.5 kB 3.6 MB/s eta 0:00:00
Collecting six>=1.9
  Using cached six-1.16.0-py2.py3-none-any.whl (11 kB)
Collecting webencodings
  Using cached webencodings-0.5.1-py2.py3-none-any.whl (11 kB)
Collecting et-xmlfile
  Downloading et_xmlfile-1.1.0-py3-none-any.whl (4.7 kB)
Collecting charset-normalizer<4,>=2
  Using cached charset_normalizer-3.1.0-py3-none-any.whl (46 kB)
Collecting idna<4,>=2.5
  Using cached idna-3.6-py3-none-any.whl (61 kB)
Collecting urllib3<3,>=1.21.1
  Using cached urllib3-2.1.0-py3-none-any.whl (104 kB)
Collecting certifi>=2017.4.17
  Using cached certifi-2023.11.17-py3-none-any.whl (162 kB)
Collecting typing-extensions>=4
  Using cached typing_extensions-4.8.0-py3-none-any.whl (31 kB)
Building wheels for collected packages: Pillow
  Building wheel for Pillow (setup.py): started
  Building wheel for Pillow (setup.py): finished with status 'done'
  Created wheel for Pillow: filename=Pillow-9.5.0-graalpy310-graalpy231_310_native-linux_x86_64.whl size=548111 sha256=8f36bbe7e7a028471286777e58e6c2b46a0ff3cea294351b148ffec031312901
  Stored in directory: /workdir/.cache/pip-graalpy/wheels/60/04/07/265e46baf9ecf7df9689aef86dcf715dabb128493ad1052bee
Successfully built Pillow
Installing collected packages: webencodings, pytz, draftjs-exporter, Willow, urllib3, typing-extensions, telepath, sqlparse, soupsieve, six, Pillow, idna, et-xmlfile, charset-normalizer, certifi, anyascii, requests, openpyxl, l18n, html5lib, beautifulsoup4, asgiref, Django, djangorestframework, django-treebeard, django-taggit, django-permissionedforms, django-modelcluster, django-filter, wagtail
Looking for GraalPy patches for webencodings
Looking for GraalPy patches for pytz
We have patches to make this package work on GraalVM for some version(s).
If installing or running fails, consider using one of the versions that we have patches for:
pytz == 2022.2.1
Looking for GraalPy patches for draftjs_exporter
Looking for GraalPy patches for Willow
Looking for GraalPy patches for urllib3
Looking for GraalPy patches for typing_extensions
Looking for GraalPy patches for telepath
Looking for GraalPy patches for sqlparse
Looking for GraalPy patches for soupsieve
Looking for GraalPy patches for six
Looking for GraalPy patches for Pillow
Looking for GraalPy patches for idna
Looking for GraalPy patches for et_xmlfile
Looking for GraalPy patches for charset_normalizer
Patching package charset_normalizer using /opt/graalpy/lib/graalpy23.1/patches/charset_normalizer/charset_normalizer-3.1.0.patch
patching file charset_normalizer/utils.py
Hunk #1 succeeded at 7 with fuzz 2 (offset -4 lines).
Hunk #2 succeeded at 258 with fuzz 2 (offset 11 lines).
Looking for GraalPy patches for certifi
Looking for GraalPy patches for anyascii
Looking for GraalPy patches for requests
Looking for GraalPy patches for openpyxl
Looking for GraalPy patches for l18n
Looking for GraalPy patches for html5lib
Looking for GraalPy patches for beautifulsoup4
Looking for GraalPy patches for asgiref
Looking for GraalPy patches for Django
Looking for GraalPy patches for djangorestframework
Looking for GraalPy patches for django_treebeard
Looking for GraalPy patches for django_taggit
Looking for GraalPy patches for django_permissionedforms
Looking for GraalPy patches for django_modelcluster
Looking for GraalPy patches for django_filter
Looking for GraalPy patches for wagtail
Successfully installed Django-4.1.13 Pillow-9.5.0 Willow-1.4.1 anyascii-0.3.2 asgiref-3.7.2 beautifulsoup4-4.11.2 certifi-2023.11.17 charset-normalizer-3.1.0 django-filter-22.1 django-modelcluster-6.1 django-permissionedforms-0.1 django-taggit-3.1.0 django-treebeard-4.7 djangorestframework-3.14.0 draftjs-exporter-2.1.7 et-xmlfile-1.1.0 html5lib-1.1 idna-3.6 l18n-2021.3 openpyxl-3.1.2 pytz-2023.3.post1 requests-2.31.0 six-1.16.0 soupsieve-2.5 sqlparse-0.4.4 telepath-0.3.1 typing-extensions-4.8.0 urllib3-2.1.0 wagtail-4.1.1 webencodings-0.5.1
