Collecting lightgbm==3.3.3
  Downloading lightgbm-3.3.3-py3-none-manylinux1_x86_64.whl (2.0 MB)
     ━━━━━━━━━━━━━━━━━━━━━━━━━━━━━━━━━━━━━━━━ 2.0/2.0 MB 17.1 MB/s eta 0:00:00
Requirement already satisfied: wheel in ./install-virtualenv/lib/python3.10/site-packages (from lightgbm==3.3.3) (0.41.3)
Collecting numpy (from lightgbm==3.3.3)
  Using cached numpy-1.26.2-cp310-cp310-manylinux_2_17_x86_64.manylinux2014_x86_64.whl.metadata (61 kB)
Collecting scipy (from lightgbm==3.3.3)
  Using cached scipy-1.11.4-cp310-cp310-manylinux_2_17_x86_64.manylinux2014_x86_64.whl.metadata (60 kB)
Collecting scikit-learn!=0.22.0 (from lightgbm==3.3.3)
  Using cached scikit_learn-1.3.2-cp310-cp310-manylinux_2_17_x86_64.manylinux2014_x86_64.whl.metadata (11 kB)
Collecting joblib>=1.1.1 (from scikit-learn!=0.22.0->lightgbm==3.3.3)
  Using cached joblib-1.3.2-py3-none-any.whl.metadata (5.4 kB)
Collecting threadpoolctl>=2.0.0 (from scikit-learn!=0.22.0->lightgbm==3.3.3)
  Using cached threadpoolctl-3.2.0-py3-none-any.whl.metadata (10.0 kB)
Using cached scikit_learn-1.3.2-cp310-cp310-manylinux_2_17_x86_64.manylinux2014_x86_64.whl (10.8 MB)
Using cached numpy-1.26.2-cp310-cp310-manylinux_2_17_x86_64.manylinux2014_x86_64.whl (18.2 MB)
Using cached scipy-1.11.4-cp310-cp310-manylinux_2_17_x86_64.manylinux2014_x86_64.whl (36.4 MB)
Using cached joblib-1.3.2-py3-none-any.whl (302 kB)
Using cached threadpoolctl-3.2.0-py3-none-any.whl (15 kB)
Installing collected packages: threadpoolctl, numpy, joblib, scipy, scikit-learn, lightgbm
Successfully installed joblib-1.3.2 lightgbm-3.3.3 numpy-1.26.2 scikit-learn-1.3.2 scipy-1.11.4 threadpoolctl-3.2.0
