Collecting imageio==2.22.4
  Downloading imageio-2.22.4-py3-none-any.whl (3.4 MB)
     ━━━━━━━━━━━━━━━━━━━━━━━━━━━━━━━━━━━━━━━━ 3.4/3.4 MB 4.9 MB/s eta 0:00:00
Collecting numpy
  Using cached numpy-1.23.5-graalpy310-graalpy231_310_native-linux_x86_64.whl
Collecting pillow>=8.3.2
  Using cached Pillow-10.1.0-graalpy310-graalpy231_310_native-linux_x86_64.whl
Installing collected packages: pillow, numpy, imageio
Looking for GraalPy patches for Pillow
Looking for GraalPy patches for numpy
We have patches to make this package work on GraalVM for some version(s).
If installing or running fails, consider using one of the versions that we have patches for:
numpy == 1.16.4
numpy == 1.19.5
numpy == 1.21.6
numpy == 1.22.4
numpy == 1.23.4
numpy == 1.23.1
numpy == 1.23.5
Looking for GraalPy patches for imageio
Successfully installed imageio-2.22.4 numpy-1.23.5 pillow-10.1.0
