Collecting responses==0.22.0
  Downloading responses-0.22.0-py3-none-any.whl (51 kB)
     ━━━━━━━━━━━━━━━━━━━━━━━━━━━━━━━━━━━━━━━━ 51.1/51.1 kB 2.4 MB/s eta 0:00:00
Collecting requests<3.0,>=2.22.0 (from responses==0.22.0)
  Using cached requests-2.31.0-py3-none-any.whl.metadata (4.6 kB)
Collecting urllib3>=1.25.10 (from responses==0.22.0)
  Using cached urllib3-2.1.0-py3-none-any.whl.metadata (6.4 kB)
Collecting toml (from responses==0.22.0)
  Using cached toml-0.10.2-py2.py3-none-any.whl (16 kB)
Collecting types-toml (from responses==0.22.0)
  Downloading types_toml-0.10.8.7-py3-none-any.whl.metadata (1.3 kB)
Collecting charset-normalizer<4,>=2 (from requests<3.0,>=2.22.0->responses==0.22.0)
  Using cached charset_normalizer-3.3.2-cp310-cp310-manylinux_2_17_x86_64.manylinux2014_x86_64.whl.metadata (33 kB)
Collecting idna<4,>=2.5 (from requests<3.0,>=2.22.0->responses==0.22.0)
  Using cached idna-3.6-py3-none-any.whl.metadata (9.9 kB)
Collecting certifi>=2017.4.17 (from requests<3.0,>=2.22.0->responses==0.22.0)
  Using cached certifi-2023.11.17-py3-none-any.whl.metadata (2.2 kB)
Using cached requests-2.31.0-py3-none-any.whl (62 kB)
Using cached urllib3-2.1.0-py3-none-any.whl (104 kB)
Downloading types_toml-0.10.8.7-py3-none-any.whl (4.6 kB)
Using cached certifi-2023.11.17-py3-none-any.whl (162 kB)
Using cached charset_normalizer-3.3.2-cp310-cp310-manylinux_2_17_x86_64.manylinux2014_x86_64.whl (142 kB)
Using cached idna-3.6-py3-none-any.whl (61 kB)
Installing collected packages: types-toml, urllib3, toml, idna, charset-normalizer, certifi, requests, responses
Successfully installed certifi-2023.11.17 charset-normalizer-3.3.2 idna-3.6 requests-2.31.0 responses-0.22.0 toml-0.10.2 types-toml-0.10.8.7 urllib3-2.1.0
