Collecting responses==0.22.0
  Downloading responses-0.22.0-py3-none-any.whl (51 kB)
     ━━━━━━━━━━━━━━━━━━━━━━━━━━━━━━━━━━━━━━━━ 51.1/51.1 kB 1.4 MB/s eta 0:00:00
Collecting requests<3.0,>=2.22.0
  Using cached requests-2.31.0-py3-none-any.whl (62 kB)
Collecting urllib3>=1.25.10
  Using cached urllib3-2.1.0-py3-none-any.whl (104 kB)
Collecting toml
  Using cached toml-0.10.2-py2.py3-none-any.whl (16 kB)
Collecting types-toml
  Downloading types_toml-0.10.8.7-py3-none-any.whl (4.6 kB)
Collecting charset-normalizer<4,>=2
  Using cached charset_normalizer-3.1.0-py3-none-any.whl (46 kB)
Collecting idna<4,>=2.5
  Using cached idna-3.6-py3-none-any.whl (61 kB)
Collecting certifi>=2017.4.17
  Using cached certifi-2023.11.17-py3-none-any.whl (162 kB)
Installing collected packages: types-toml, urllib3, toml, idna, charset-normalizer, certifi, requests, responses
Looking for GraalPy patches for types_toml
Looking for GraalPy patches for urllib3
Looking for GraalPy patches for toml
Looking for GraalPy patches for idna
Looking for GraalPy patches for charset_normalizer
Patching package charset_normalizer using /opt/graalpy/lib/graalpy23.1/patches/charset_normalizer/charset_normalizer-3.1.0.patch
patching file charset_normalizer/utils.py
Hunk #1 succeeded at 7 with fuzz 2 (offset -4 lines).
Hunk #2 succeeded at 258 with fuzz 2 (offset 11 lines).
Looking for GraalPy patches for certifi
Looking for GraalPy patches for requests
Looking for GraalPy patches for responses
Successfully installed certifi-2023.11.17 charset-normalizer-3.1.0 idna-3.6 requests-2.31.0 responses-0.22.0 toml-0.10.2 types-toml-0.10.8.7 urllib3-2.1.0
