Collecting gym==0.26.2
  Downloading gym-0.26.2.tar.gz (721 kB)
     ━━━━━━━━━━━━━━━━━━━━━━━━━━━━━━━━━━━━━━━ 721.7/721.7 kB 8.7 MB/s eta 0:00:00
  Installing build dependencies: started
  Installing build dependencies: finished with status 'done'
  Getting requirements to build wheel: started
  Getting requirements to build wheel: finished with status 'done'
  Preparing metadata (pyproject.toml): started
  Preparing metadata (pyproject.toml): finished with status 'done'
Collecting numpy>=1.18.0 (from gym==0.26.2)
  Using cached numpy-1.26.2-cp310-cp310-manylinux_2_17_x86_64.manylinux2014_x86_64.whl.metadata (61 kB)
Collecting cloudpickle>=1.2.0 (from gym==0.26.2)
  Downloading cloudpickle-3.0.0-py3-none-any.whl.metadata (7.0 kB)
Collecting gym-notices>=0.0.4 (from gym==0.26.2)
  Downloading gym_notices-0.0.8-py3-none-any.whl (3.0 kB)
Downloading cloudpickle-3.0.0-py3-none-any.whl (20 kB)
Using cached numpy-1.26.2-cp310-cp310-manylinux_2_17_x86_64.manylinux2014_x86_64.whl (18.2 MB)
Building wheels for collected packages: gym
  Building wheel for gym (pyproject.toml): started
  Building wheel for gym (pyproject.toml): finished with status 'done'
  Created wheel for gym: filename=gym-0.26.2-py3-none-any.whl size=827619 sha256=35f169da03ca9a1488af2d8165c28bd858f5f8d2ffa816543b1c1674fcd807b8
  Stored in directory: /workdir/.cache/pip/wheels/b9/22/6d/3e7b32d98451b4cd9d12417052affbeeeea012955d437da1da
Successfully built gym
Installing collected packages: gym-notices, numpy, cloudpickle, gym
Successfully installed cloudpickle-3.0.0 gym-0.26.2 gym-notices-0.0.8 numpy-1.26.2
