Collecting gym==0.26.2
  Downloading gym-0.26.2.tar.gz (721 kB)
     ━━━━━━━━━━━━━━━━━━━━━━━━━━━━━━━━━━━━━━━ 721.7/721.7 kB 6.7 MB/s eta 0:00:00
Looking for GraalPy patches for gym
  Installing build dependencies: started
  Installing build dependencies: finished with status 'done'
  Getting requirements to build wheel: started
  Getting requirements to build wheel: finished with status 'done'
  Preparing metadata (pyproject.toml): started
  Preparing metadata (pyproject.toml): finished with status 'done'
Collecting numpy>=1.18.0
  Using cached numpy-1.23.5-graalpy310-graalpy231_310_native-linux_x86_64.whl
Collecting cloudpickle>=1.2.0
  Downloading cloudpickle-2.2.1-py3-none-any.whl (25 kB)
Collecting gym-notices>=0.0.4
  Downloading gym_notices-0.0.8-py3-none-any.whl (3.0 kB)
Building wheels for collected packages: gym
  Building wheel for gym (pyproject.toml): started
  Building wheel for gym (pyproject.toml): finished with status 'done'
  Created wheel for gym: filename=gym-0.26.2-py3-none-any.whl size=827630 sha256=994b7526f000dca9df28883e67c6666bc499e8b12f417a36c54931a4e37210ae
  Stored in directory: /workdir/.cache/pip-graalpy/wheels/35/8a/f1/c91edf410a187389c55f25334e36e3fdf1f4ddf6810a3c703e
Successfully built gym
Installing collected packages: gym-notices, numpy, cloudpickle, gym
Looking for GraalPy patches for gym_notices
Looking for GraalPy patches for numpy
We have patches to make this package work on GraalVM for some version(s).
If installing or running fails, consider using one of the versions that we have patches for:
numpy == 1.16.4
numpy == 1.19.5
numpy == 1.21.6
numpy == 1.22.4
numpy == 1.23.4
numpy == 1.23.1
numpy == 1.23.5
Looking for GraalPy patches for cloudpickle
Patching package cloudpickle using /opt/graalpy/lib/graalpy23.1/patches/cloudpickle/cloudpickle-2.2.1.patch
patching file cloudpickle/cloudpickle.py
patching file cloudpickle/cloudpickle_fast.py
Looking for GraalPy patches for gym
Successfully installed cloudpickle-2.2.1 gym-0.26.2 gym-notices-0.0.8 numpy-1.23.5
