Collecting onnx==1.12.0
  Downloading onnx-1.12.0.tar.gz (10.1 MB)
     ━━━━━━━━━━━━━━━━━━━━━━━━━━━━━━━━━━━━━━━━ 10.1/10.1 MB 3.1 MB/s eta 0:00:00
auto-patching C API usages in /tmp/pip-install-epmpvbdi/onnx_9caa008240484600b58f6a73f9a955d6/third_party/pybind11/include/pybind11/pybind11.h
auto-patching C API usages in /tmp/pip-install-epmpvbdi/onnx_9caa008240484600b58f6a73f9a955d6/third_party/pybind11/include/pybind11/cast.h
auto-patching C API usages in /tmp/pip-install-epmpvbdi/onnx_9caa008240484600b58f6a73f9a955d6/third_party/pybind11/include/pybind11/pytypes.h
Looking for GraalPy patches for onnx
  Preparing metadata (setup.py): started
  Preparing metadata (setup.py): finished with status 'done'
Collecting numpy>=1.16.6
  Using cached numpy-1.23.5-graalpy310-graalpy231_310_native-linux_x86_64.whl
Collecting protobuf<=3.20.1,>=3.12.2
  Using cached protobuf-3.20.1-py2.py3-none-any.whl (162 kB)
Collecting typing-extensions>=3.6.2.1
  Using cached typing_extensions-4.8.0-py3-none-any.whl (31 kB)
Building wheels for collected packages: onnx
  Building wheel for onnx (setup.py): started
  Building wheel for onnx (setup.py): still running...
  Building wheel for onnx (setup.py): still running...
  Building wheel for onnx (setup.py): still running...
  Building wheel for onnx (setup.py): finished with status 'done'
  Created wheel for onnx: filename=onnx-1.12.0-graalpy310-graalpy231_310_native-linux_x86_64.whl size=11974591 sha256=c15d1b6f30befc06a31751d2cf91077f9769444d05538f88d9d265cdff75d7dd
  Stored in directory: /workdir/.cache/pip-graalpy/wheels/ab/36/69/74f6c00777aafb3fae563fd9e27531b02b026452714d4a1c0e
Successfully built onnx
Installing collected packages: typing-extensions, protobuf, numpy, onnx
Looking for GraalPy patches for typing_extensions
Looking for GraalPy patches for protobuf
We have patches to make this package work on GraalVM for some version(s).
If installing or running fails, consider using one of the versions that we have patches for:
protobuf == 3.21.9
Looking for GraalPy patches for numpy
We have patches to make this package work on GraalVM for some version(s).
If installing or running fails, consider using one of the versions that we have patches for:
numpy == 1.16.4
numpy == 1.19.5
numpy == 1.21.6
numpy == 1.22.4
numpy == 1.23.4
numpy == 1.23.1
numpy == 1.23.5
Looking for GraalPy patches for onnx
Successfully installed numpy-1.23.5 onnx-1.12.0 protobuf-3.20.1 typing-extensions-4.8.0
