Collecting celery==5.2.7
  Downloading celery-5.2.7-py3-none-any.whl (405 kB)
     ━━━━━━━━━━━━━━━━━━━━━━━━━━━━━━━━━━━━━━━ 405.6/405.6 kB 8.5 MB/s eta 0:00:00
Collecting pytz>=2021.3 (from celery==5.2.7)
  Using cached pytz-2023.3.post1-py2.py3-none-any.whl.metadata (22 kB)
Collecting billiard<4.0,>=3.6.4.0 (from celery==5.2.7)
  Downloading billiard-3.6.4.0-py3-none-any.whl (89 kB)
     ━━━━━━━━━━━━━━━━━━━━━━━━━━━━━━━━━━━━━━━━ 89.5/89.5 kB 7.3 MB/s eta 0:00:00
Collecting kombu<6.0,>=5.2.3 (from celery==5.2.7)
  Downloading kombu-5.3.4-py3-none-any.whl.metadata (3.1 kB)
Collecting vine<6.0,>=5.0.0 (from celery==5.2.7)
  Downloading vine-5.1.0-py3-none-any.whl.metadata (2.7 kB)
Collecting click<9.0,>=8.0.3 (from celery==5.2.7)
  Using cached click-8.1.7-py3-none-any.whl.metadata (3.0 kB)
Collecting click-didyoumean>=0.0.3 (from celery==5.2.7)
  Downloading click_didyoumean-0.3.0-py3-none-any.whl (2.7 kB)
Collecting click-repl>=0.2.0 (from celery==5.2.7)
  Downloading click_repl-0.3.0-py3-none-any.whl.metadata (3.6 kB)
Collecting click-plugins>=1.1.1 (from celery==5.2.7)
  Downloading click_plugins-1.1.1-py2.py3-none-any.whl (7.5 kB)
Collecting prompt-toolkit>=3.0.36 (from click-repl>=0.2.0->celery==5.2.7)
  Downloading prompt_toolkit-3.0.41-py3-none-any.whl.metadata (6.5 kB)
Collecting amqp<6.0.0,>=5.1.1 (from kombu<6.0,>=5.2.3->celery==5.2.7)
  Downloading amqp-5.2.0-py3-none-any.whl.metadata (8.9 kB)
Collecting wcwidth (from prompt-toolkit>=3.0.36->click-repl>=0.2.0->celery==5.2.7)
  Using cached wcwidth-0.2.10-py2.py3-none-any.whl.metadata (14 kB)
Using cached click-8.1.7-py3-none-any.whl (97 kB)
Downloading click_repl-0.3.0-py3-none-any.whl (10 kB)
Downloading kombu-5.3.4-py3-none-any.whl (199 kB)
   ━━━━━━━━━━━━━━━━━━━━━━━━━━━━━━━━━━━━━━━━ 200.0/200.0 kB 14.0 MB/s eta 0:00:00
Using cached pytz-2023.3.post1-py2.py3-none-any.whl (502 kB)
Downloading vine-5.1.0-py3-none-any.whl (9.6 kB)
Downloading amqp-5.2.0-py3-none-any.whl (50 kB)
   ━━━━━━━━━━━━━━━━━━━━━━━━━━━━━━━━━━━━━━━━ 50.9/50.9 kB 3.6 MB/s eta 0:00:00
Downloading prompt_toolkit-3.0.41-py3-none-any.whl (385 kB)
   ━━━━━━━━━━━━━━━━━━━━━━━━━━━━━━━━━━━━━━━━ 385.5/385.5 kB 18.5 MB/s eta 0:00:00
Using cached wcwidth-0.2.10-py2.py3-none-any.whl (105 kB)
Installing collected packages: wcwidth, pytz, billiard, vine, prompt-toolkit, click, click-repl, click-plugins, click-didyoumean, amqp, kombu, celery
Successfully installed amqp-5.2.0 billiard-3.6.4.0 celery-5.2.7 click-8.1.7 click-didyoumean-0.3.0 click-plugins-1.1.1 click-repl-0.3.0 kombu-5.3.4 prompt-toolkit-3.0.41 pytz-2023.3.post1 vine-5.1.0 wcwidth-0.2.10
