Collecting celery==5.2.7
  Downloading celery-5.2.7-py3-none-any.whl (405 kB)
     ━━━━━━━━━━━━━━━━━━━━━━━━━━━━━━━━━━━━━━━ 405.6/405.6 kB 4.5 MB/s eta 0:00:00
Collecting pytz>=2021.3
  Using cached pytz-2022.2.1-py2.py3-none-any.whl (500 kB)
Collecting billiard<4.0,>=3.6.4.0
  Downloading billiard-3.6.4.0-py3-none-any.whl (89 kB)
     ━━━━━━━━━━━━━━━━━━━━━━━━━━━━━━━━━━━━━━━━ 89.5/89.5 kB 3.0 MB/s eta 0:00:00
Collecting kombu<6.0,>=5.2.3
  Downloading kombu-5.3.4-py3-none-any.whl (199 kB)
     ━━━━━━━━━━━━━━━━━━━━━━━━━━━━━━━━━━━━━━━ 200.0/200.0 kB 4.2 MB/s eta 0:00:00
Collecting vine<6.0,>=5.0.0
  Downloading vine-5.1.0-py3-none-any.whl (9.6 kB)
Collecting click<9.0,>=8.0.3
  Using cached click-8.1.7-py3-none-any.whl (97 kB)
Collecting click-didyoumean>=0.0.3
  Downloading click_didyoumean-0.3.0-py3-none-any.whl (2.7 kB)
Collecting click-repl>=0.2.0
  Downloading click_repl-0.3.0-py3-none-any.whl (10 kB)
Collecting click-plugins>=1.1.1
  Downloading click_plugins-1.1.1-py2.py3-none-any.whl (7.5 kB)
Collecting prompt-toolkit>=3.0.36
  Using cached prompt_toolkit-3.0.41-py3-none-any.whl (385 kB)
Collecting amqp<6.0.0,>=5.1.1
  Downloading amqp-5.2.0-py3-none-any.whl (50 kB)
     ━━━━━━━━━━━━━━━━━━━━━━━━━━━━━━━━━━━━━━━━ 50.9/50.9 kB 1.8 MB/s eta 0:00:00
Collecting wcwidth
  Using cached wcwidth-0.2.10-py2.py3-none-any.whl (105 kB)
Installing collected packages: wcwidth, pytz, billiard, vine, prompt-toolkit, click, click-repl, click-plugins, click-didyoumean, amqp, kombu, celery
Looking for GraalPy patches for wcwidth
Looking for GraalPy patches for pytz
Patching package pytz using /opt/graalpy/lib/graalpy23.1/patches/pytz/pytz-2022.2.1.patch
Looking for GraalPy patches for billiard
Looking for GraalPy patches for vine
Looking for GraalPy patches for prompt_toolkit
Looking for GraalPy patches for click
Looking for GraalPy patches for click_repl
Looking for GraalPy patches for click_plugins
Looking for GraalPy patches for click_didyoumean
Looking for GraalPy patches for amqp
Looking for GraalPy patches for kombu
Looking for GraalPy patches for celery
Successfully installed amqp-5.2.0 billiard-3.6.4.0 celery-5.2.7 click-8.1.7 click-didyoumean-0.3.0 click-plugins-1.1.1 click-repl-0.3.0 kombu-5.3.4 prompt-toolkit-3.0.41 pytz-2022.2.1 vine-5.1.0 wcwidth-0.2.10
