Collecting gssapi==1.8.2
  Downloading gssapi-1.8.2.tar.gz (94 kB)
     ━━━━━━━━━━━━━━━━━━━━━━━━━━━━━━━━━━━━━━━━ 94.3/94.3 kB 3.5 MB/s eta 0:00:00
  Installing build dependencies: started
  Installing build dependencies: finished with status 'done'
  Getting requirements to build wheel: started
  Getting requirements to build wheel: finished with status 'done'
  Installing backend dependencies: started
  Installing backend dependencies: finished with status 'done'
  Preparing metadata (pyproject.toml): started
  Preparing metadata (pyproject.toml): finished with status 'done'
Collecting decorator (from gssapi==1.8.2)
  Downloading decorator-5.1.1-py3-none-any.whl (9.1 kB)
Building wheels for collected packages: gssapi
  Building wheel for gssapi (pyproject.toml): started
  Building wheel for gssapi (pyproject.toml): finished with status 'done'
  Created wheel for gssapi: filename=gssapi-1.8.2-cp310-cp310-linux_x86_64.whl size=3382384 sha256=17e99d3d3981816080268cf6679cc2b23a409ffa30717b981bc7c8824c3bd189
  Stored in directory: /workdir/.cache/pip/wheels/59/a8/83/5017e55a50e766ad6874c236b60fdace4f8552a00a1ebc9474
Successfully built gssapi
Installing collected packages: decorator, gssapi
Successfully installed decorator-5.1.1 gssapi-1.8.2
