Collecting gssapi==1.8.2
  Downloading gssapi-1.8.2.tar.gz (94 kB)
     ━━━━━━━━━━━━━━━━━━━━━━━━━━━━━━━━━━━━━━━━ 94.3/94.3 kB 1.9 MB/s eta 0:00:00
Looking for GraalPy patches for gssapi
  Installing build dependencies: started
  Installing build dependencies: finished with status 'done'
  Getting requirements to build wheel: started
  Getting requirements to build wheel: still running...
  Getting requirements to build wheel: finished with status 'done'
  Installing backend dependencies: started
  Installing backend dependencies: finished with status 'done'
  Preparing metadata (pyproject.toml): started
  Preparing metadata (pyproject.toml): finished with status 'done'
Collecting decorator
  Downloading decorator-5.1.1-py3-none-any.whl (9.1 kB)
Building wheels for collected packages: gssapi
  Building wheel for gssapi (pyproject.toml): started
  Building wheel for gssapi (pyproject.toml): finished with status 'done'
  Created wheel for gssapi: filename=gssapi-1.8.2-graalpy310-graalpy231_310_native-linux_x86_64.whl size=847902 sha256=180018d7726e6df193284f3100b1547bc98c67c928ab44eeec6b33bdc7c6f037
  Stored in directory: /workdir/.cache/pip-graalpy/wheels/9f/53/9c/391ca60889d40d1ceec9910355402478a608ca0f55ecbf8289
Successfully built gssapi
Installing collected packages: decorator, gssapi
Looking for GraalPy patches for decorator
Looking for GraalPy patches for gssapi
Successfully installed decorator-5.1.1 gssapi-1.8.2
