Collecting numexpr==2.8.4
  Downloading numexpr-2.8.4.tar.gz (98 kB)
     ━━━━━━━━━━━━━━━━━━━━━━━━━━━━━━━━━━━━━━━━ 98.7/98.7 kB 1.2 MB/s eta 0:00:00
Looking for GraalPy patches for numexpr
  Installing build dependencies: started
  Installing build dependencies: still running...
  Installing build dependencies: finished with status 'done'
  Getting requirements to build wheel: started
  Getting requirements to build wheel: finished with status 'done'
  Preparing metadata (pyproject.toml): started
  Preparing metadata (pyproject.toml): finished with status 'done'
Collecting numpy>=1.13.3
  Using cached numpy-1.23.5-graalpy310-graalpy231_310_native-linux_x86_64.whl
Building wheels for collected packages: numexpr
  Building wheel for numexpr (pyproject.toml): started
  Building wheel for numexpr (pyproject.toml): finished with status 'done'
  Created wheel for numexpr: filename=numexpr-2.8.4-graalpy310-graalpy231_310_native-linux_x86_64.whl size=134884 sha256=86a946018ee7b97a8173efa3e19a62dfd2113be87c22087931cb043f67bc6d4a
  Stored in directory: /workdir/.cache/pip-graalpy/wheels/e5/78/36/3c6552f6b82e9ad7aa19f144b7ba48422ecbb65b3786245fce
Successfully built numexpr
Installing collected packages: numpy, numexpr
Looking for GraalPy patches for numpy
We have patches to make this package work on GraalVM for some version(s).
If installing or running fails, consider using one of the versions that we have patches for:
numpy == 1.16.4
numpy == 1.19.5
numpy == 1.21.6
numpy == 1.22.4
numpy == 1.23.4
numpy == 1.23.1
numpy == 1.23.5
Looking for GraalPy patches for numexpr
Successfully installed numexpr-2.8.4 numpy-1.23.5
