Collecting netCDF4==1.6.2
  Downloading netCDF4-1.6.2.tar.gz (777 kB)
     ━━━━━━━━━━━━━━━━━━━━━━━━━━━━━━━━━━━━━━━ 777.3/777.3 kB 1.9 MB/s eta 0:00:00
Looking for GraalPy patches for netCDF4
  Installing build dependencies: started
  Installing build dependencies: finished with status 'done'
  Getting requirements to build wheel: started
  Getting requirements to build wheel: finished with status 'done'
  Installing backend dependencies: started
  Installing backend dependencies: finished with status 'done'
  Preparing metadata (pyproject.toml): started
  Preparing metadata (pyproject.toml): finished with status 'done'
Collecting numpy>=1.9
  Using cached numpy-1.23.5-graalpy310-graalpy231_310_native-linux_x86_64.whl
Collecting cftime
  Downloading cftime-1.6.3.tar.gz (53 kB)
     ━━━━━━━━━━━━━━━━━━━━━━━━━━━━━━━━━━━━━━━━ 53.3/53.3 kB 1.5 MB/s eta 0:00:00
Looking for GraalPy patches for cftime
  Installing build dependencies: started
  Installing build dependencies: finished with status 'done'
  Getting requirements to build wheel: started
  Getting requirements to build wheel: finished with status 'done'
  Preparing metadata (pyproject.toml): started
  Preparing metadata (pyproject.toml): finished with status 'done'
Building wheels for collected packages: netCDF4, cftime
  Building wheel for netCDF4 (pyproject.toml): started
  Building wheel for netCDF4 (pyproject.toml): finished with status 'done'
  Created wheel for netCDF4: filename=netCDF4-1.6.2-graalpy310-graalpy231_310_native-linux_x86_64.whl size=405803 sha256=a9a08802e0907726546ac6a3bc6ca54d9dea61d9f016839719d5a7d9f43aaf5c
  Stored in directory: /workdir/.cache/pip-graalpy/wheels/fc/a6/f1/dbefb5a80ef68fa647ebc2d07a142445382e344e23ea35270e
  Building wheel for cftime (pyproject.toml): started
  Building wheel for cftime (pyproject.toml): finished with status 'done'
  Created wheel for cftime: filename=cftime-1.6.3-graalpy310-graalpy231_310_native-linux_x86_64.whl size=181007 sha256=b3defb412232d4d88549988ff691d913e3686464057b4f4295bf60bded03ca84
  Stored in directory: /workdir/.cache/pip-graalpy/wheels/53/95/50/3d56ea031487bedb50f4da7d7da51fd03aaadf5052eca0bb3b
Successfully built netCDF4 cftime
Installing collected packages: numpy, cftime, netCDF4
Looking for GraalPy patches for numpy
We have patches to make this package work on GraalVM for some version(s).
If installing or running fails, consider using one of the versions that we have patches for:
numpy == 1.16.4
numpy == 1.19.5
numpy == 1.21.6
numpy == 1.22.4
numpy == 1.23.4
numpy == 1.23.1
numpy == 1.23.5
Looking for GraalPy patches for cftime
Looking for GraalPy patches for netCDF4
Successfully installed cftime-1.6.3 netCDF4-1.6.2 numpy-1.23.5
