Collecting twine==4.0.2
  Using cached twine-4.0.2-py3-none-any.whl (36 kB)
Collecting pkginfo>=1.8.1 (from twine==4.0.2)
  Using cached pkginfo-1.9.6-py3-none-any.whl (30 kB)
Collecting readme-renderer>=35.0 (from twine==4.0.2)
  Using cached readme_renderer-42.0-py3-none-any.whl.metadata (2.8 kB)
Collecting requests>=2.20 (from twine==4.0.2)
  Using cached requests-2.31.0-py3-none-any.whl.metadata (4.6 kB)
Collecting requests-toolbelt!=0.9.0,>=0.8.0 (from twine==4.0.2)
  Using cached requests_toolbelt-1.0.0-py2.py3-none-any.whl (54 kB)
Collecting urllib3>=1.26.0 (from twine==4.0.2)
  Using cached urllib3-2.1.0-py3-none-any.whl.metadata (6.4 kB)
Collecting importlib-metadata>=3.6 (from twine==4.0.2)
  Using cached importlib_metadata-6.8.0-py3-none-any.whl.metadata (5.1 kB)
Collecting keyring>=15.1 (from twine==4.0.2)
  Using cached keyring-24.3.0-py3-none-any.whl.metadata (20 kB)
Collecting rfc3986>=1.4.0 (from twine==4.0.2)
  Using cached rfc3986-2.0.0-py2.py3-none-any.whl (31 kB)
Collecting rich>=12.0.0 (from twine==4.0.2)
  Using cached rich-13.7.0-py3-none-any.whl.metadata (18 kB)
Collecting zipp>=0.5 (from importlib-metadata>=3.6->twine==4.0.2)
  Using cached zipp-3.17.0-py3-none-any.whl.metadata (3.7 kB)
Collecting jaraco.classes (from keyring>=15.1->twine==4.0.2)
  Using cached jaraco.classes-3.3.0-py3-none-any.whl.metadata (2.9 kB)
Collecting SecretStorage>=3.2 (from keyring>=15.1->twine==4.0.2)
  Using cached SecretStorage-3.3.3-py3-none-any.whl (15 kB)
Collecting jeepney>=0.4.2 (from keyring>=15.1->twine==4.0.2)
  Using cached jeepney-0.8.0-py3-none-any.whl (48 kB)
Collecting nh3>=0.2.14 (from readme-renderer>=35.0->twine==4.0.2)
  Using cached nh3-0.2.14-cp37-abi3-manylinux_2_17_x86_64.manylinux2014_x86_64.whl.metadata (1.6 kB)
Collecting docutils>=0.13.1 (from readme-renderer>=35.0->twine==4.0.2)
  Using cached docutils-0.20.1-py3-none-any.whl.metadata (2.8 kB)
Collecting Pygments>=2.5.1 (from readme-renderer>=35.0->twine==4.0.2)
  Using cached pygments-2.17.2-py3-none-any.whl.metadata (2.6 kB)
Collecting charset-normalizer<4,>=2 (from requests>=2.20->twine==4.0.2)
  Using cached charset_normalizer-3.3.2-cp310-cp310-manylinux_2_17_x86_64.manylinux2014_x86_64.whl.metadata (33 kB)
Collecting idna<4,>=2.5 (from requests>=2.20->twine==4.0.2)
  Using cached idna-3.6-py3-none-any.whl.metadata (9.9 kB)
Collecting certifi>=2017.4.17 (from requests>=2.20->twine==4.0.2)
  Using cached certifi-2023.11.17-py3-none-any.whl.metadata (2.2 kB)
Collecting markdown-it-py>=2.2.0 (from rich>=12.0.0->twine==4.0.2)
  Using cached markdown_it_py-3.0.0-py3-none-any.whl.metadata (6.9 kB)
Collecting mdurl~=0.1 (from markdown-it-py>=2.2.0->rich>=12.0.0->twine==4.0.2)
  Using cached mdurl-0.1.2-py3-none-any.whl (10.0 kB)
Collecting cryptography>=2.0 (from SecretStorage>=3.2->keyring>=15.1->twine==4.0.2)
  Using cached cryptography-41.0.7-cp37-abi3-manylinux_2_28_x86_64.whl.metadata (5.2 kB)
Collecting more-itertools (from jaraco.classes->keyring>=15.1->twine==4.0.2)
  Using cached more_itertools-10.1.0-py3-none-any.whl.metadata (33 kB)
Collecting cffi>=1.12 (from cryptography>=2.0->SecretStorage>=3.2->keyring>=15.1->twine==4.0.2)
  Using cached cffi-1.16.0-cp310-cp310-manylinux_2_17_x86_64.manylinux2014_x86_64.whl.metadata (1.5 kB)
Collecting pycparser (from cffi>=1.12->cryptography>=2.0->SecretStorage>=3.2->keyring>=15.1->twine==4.0.2)
  Using cached pycparser-2.21-py2.py3-none-any.whl (118 kB)
Using cached importlib_metadata-6.8.0-py3-none-any.whl (22 kB)
Using cached keyring-24.3.0-py3-none-any.whl (38 kB)
Using cached readme_renderer-42.0-py3-none-any.whl (13 kB)
Using cached requests-2.31.0-py3-none-any.whl (62 kB)
Using cached rich-13.7.0-py3-none-any.whl (240 kB)
Using cached urllib3-2.1.0-py3-none-any.whl (104 kB)
Using cached certifi-2023.11.17-py3-none-any.whl (162 kB)
Using cached charset_normalizer-3.3.2-cp310-cp310-manylinux_2_17_x86_64.manylinux2014_x86_64.whl (142 kB)
Using cached docutils-0.20.1-py3-none-any.whl (572 kB)
Using cached idna-3.6-py3-none-any.whl (61 kB)
Using cached markdown_it_py-3.0.0-py3-none-any.whl (87 kB)
Using cached nh3-0.2.14-cp37-abi3-manylinux_2_17_x86_64.manylinux2014_x86_64.whl (1.7 MB)
Using cached pygments-2.17.2-py3-none-any.whl (1.2 MB)
Using cached zipp-3.17.0-py3-none-any.whl (7.4 kB)
Using cached jaraco.classes-3.3.0-py3-none-any.whl (5.9 kB)
Using cached cryptography-41.0.7-cp37-abi3-manylinux_2_28_x86_64.whl (4.4 MB)
Using cached more_itertools-10.1.0-py3-none-any.whl (55 kB)
Using cached cffi-1.16.0-cp310-cp310-manylinux_2_17_x86_64.manylinux2014_x86_64.whl (443 kB)
Installing collected packages: nh3, zipp, urllib3, rfc3986, Pygments, pycparser, pkginfo, more-itertools, mdurl, jeepney, idna, docutils, charset-normalizer, certifi, requests, readme-renderer, markdown-it-py, jaraco.classes, importlib-metadata, cffi, rich, requests-toolbelt, cryptography, SecretStorage, keyring, twine
Successfully installed Pygments-2.17.2 SecretStorage-3.3.3 certifi-2023.11.17 cffi-1.16.0 charset-normalizer-3.3.2 cryptography-41.0.7 docutils-0.20.1 idna-3.6 importlib-metadata-6.8.0 jaraco.classes-3.3.0 jeepney-0.8.0 keyring-24.3.0 markdown-it-py-3.0.0 mdurl-0.1.2 more-itertools-10.1.0 nh3-0.2.14 pkginfo-1.9.6 pycparser-2.21 readme-renderer-42.0 requests-2.31.0 requests-toolbelt-1.0.0 rfc3986-2.0.0 rich-13.7.0 twine-4.0.2 urllib3-2.1.0 zipp-3.17.0
