Collecting twine==4.0.2
  Using cached twine-4.0.2-py3-none-any.whl (36 kB)
Collecting pkginfo>=1.8.1
  Using cached pkginfo-1.9.6-py3-none-any.whl (30 kB)
Collecting readme-renderer>=35.0
  Using cached readme_renderer-42.0-py3-none-any.whl (13 kB)
Collecting requests>=2.20
  Using cached requests-2.31.0-py3-none-any.whl (62 kB)
Collecting requests-toolbelt!=0.9.0,>=0.8.0
  Using cached requests_toolbelt-1.0.0-py2.py3-none-any.whl (54 kB)
Collecting urllib3>=1.26.0
  Using cached urllib3-2.1.0-py3-none-any.whl (104 kB)
Collecting importlib-metadata>=3.6
  Using cached importlib_metadata-6.8.0-py3-none-any.whl (22 kB)
Collecting keyring>=15.1
  Using cached keyring-24.3.0-py3-none-any.whl (38 kB)
Collecting rfc3986>=1.4.0
  Using cached rfc3986-2.0.0-py2.py3-none-any.whl (31 kB)
Collecting rich>=12.0.0
  Using cached rich-13.7.0-py3-none-any.whl (240 kB)
Collecting zipp>=0.5
  Using cached zipp-3.17.0-py3-none-any.whl (7.4 kB)
Collecting jaraco.classes
  Using cached jaraco.classes-3.3.0-py3-none-any.whl (5.9 kB)
Collecting SecretStorage>=3.2
  Using cached SecretStorage-3.3.3-py3-none-any.whl (15 kB)
Collecting jeepney>=0.4.2
  Using cached jeepney-0.8.0-py3-none-any.whl (48 kB)
Collecting nh3>=0.2.14
  Using cached nh3-0.2.14-graalpy310-graalpy231_310_native-linux_x86_64.whl
Collecting docutils>=0.13.1
  Using cached docutils-0.20.1-py3-none-any.whl (572 kB)
Collecting Pygments>=2.5.1
  Using cached pygments-2.17.2-py3-none-any.whl (1.2 MB)
Collecting charset-normalizer<4,>=2
  Using cached charset_normalizer-3.1.0-py3-none-any.whl (46 kB)
Collecting idna<4,>=2.5
  Using cached idna-3.6-py3-none-any.whl (61 kB)
Collecting certifi>=2017.4.17
  Using cached certifi-2023.11.17-py3-none-any.whl (162 kB)
Collecting markdown-it-py>=2.2.0
  Using cached markdown_it_py-3.0.0-py3-none-any.whl (87 kB)
Collecting mdurl~=0.1
  Using cached mdurl-0.1.2-py3-none-any.whl (10.0 kB)
Collecting cryptography>=2.0
  Using cached cryptography-3.4.7-graalpy310-graalpy231_310_native-linux_x86_64.whl
Collecting more-itertools
  Using cached more_itertools-10.1.0-py3-none-any.whl (55 kB)
Collecting cffi>=1.12
  Using cached cffi-1.15.1-graalpy310-graalpy231_310_native-linux_x86_64.whl
Collecting pycparser
  Using cached pycparser-2.21-py2.py3-none-any.whl (118 kB)
Installing collected packages: nh3, zipp, urllib3, rfc3986, Pygments, pycparser, pkginfo, more-itertools, mdurl, jeepney, idna, docutils, charset-normalizer, certifi, requests, readme-renderer, markdown-it-py, jaraco.classes, importlib-metadata, cffi, rich, requests-toolbelt, cryptography, SecretStorage, keyring, twine
Looking for GraalPy patches for nh3
Looking for GraalPy patches for zipp
Looking for GraalPy patches for urllib3
Looking for GraalPy patches for rfc3986
Looking for GraalPy patches for pygments
Looking for GraalPy patches for pycparser
Looking for GraalPy patches for pkginfo
Looking for GraalPy patches for more_itertools
Looking for GraalPy patches for mdurl
Looking for GraalPy patches for jeepney
Looking for GraalPy patches for idna
Looking for GraalPy patches for docutils
Looking for GraalPy patches for charset_normalizer
Patching package charset_normalizer using /opt/graalpy/lib/graalpy23.1/patches/charset_normalizer/charset_normalizer-3.1.0.patch
patching file charset_normalizer/utils.py
Hunk #1 succeeded at 7 with fuzz 2 (offset -4 lines).
Hunk #2 succeeded at 258 with fuzz 2 (offset 11 lines).
Looking for GraalPy patches for certifi
Looking for GraalPy patches for requests
Looking for GraalPy patches for readme_renderer
Looking for GraalPy patches for markdown_it_py
Looking for GraalPy patches for jaraco.classes
Looking for GraalPy patches for importlib_metadata
Looking for GraalPy patches for cffi
Patching package cffi using /opt/graalpy/lib/graalpy23.1/patches/cffi/cffi-1.15.1.patch
can't find file to patch at input line 5
Perhaps you used the wrong -p or --strip option?
The text leading up to this was:
--------------------------
|diff --git a/c/_cffi_backend.c b/c/_cffi_backend.c
|index 2cdb76b..ab91032 100644
|--- a/c/_cffi_backend.c
|+++ b/c/_cffi_backend.c
--------------------------
No file to patch.  Skipping patch.
1 out of 1 hunk ignored
can't find file to patch at input line 18
Perhaps you used the wrong -p or --strip option?
The text leading up to this was:
--------------------------
|diff --git a/c/lib_obj.c b/c/lib_obj.c
|index 38bf3d5..9954f3b 100644
|--- a/c/lib_obj.c
|+++ b/c/lib_obj.c
--------------------------
No file to patch.  Skipping patch.
1 out of 1 hunk ignored
can't find file to patch at input line 35
Perhaps you used the wrong -p or --strip option?
The text leading up to this was:
--------------------------
|diff --git a/c/misc_thread_common.h b/c/misc_thread_common.h
|index 66e2835..b48fd85 100644
|--- a/c/misc_thread_common.h
|+++ b/c/misc_thread_common.h
--------------------------
No file to patch.  Skipping patch.
1 out of 1 hunk ignored
Applying GraalPy patch failed for cffi. The package may still work.
Looking for GraalPy patches for rich
Looking for GraalPy patches for requests_toolbelt
Looking for GraalPy patches for cryptography
Patching package cryptography using /opt/graalpy/lib/graalpy23.1/patches/cryptography/cryptography-3.4.7.patch
can't find file to patch at input line 14
Perhaps you used the wrong -p or --strip option?
The text leading up to this was:
--------------------------
|From 48c48e16800c6331598aa63849873f121122a3b0 Mon Sep 17 00:00:00 2001
|From: Michael Simacek <michael.simacek@oracle.com>
|Date: Mon, 24 Jan 2022 10:09:39 +0100
|Subject: [PATCH] Disable rust
|
|---
| setup.py | 2 +-
| 1 file changed, 1 insertion(+), 1 deletion(-)
|
|diff --git a/setup.py b/setup.py
|index 74f69e7..f24c626 100644
|--- a/setup.py
|+++ b/setup.py
--------------------------
No file to patch.  Skipping patch.
1 out of 1 hunk ignored
Applying GraalPy patch failed for cryptography. The package may still work.
Looking for GraalPy patches for SecretStorage
Looking for GraalPy patches for keyring
Looking for GraalPy patches for twine
Successfully installed Pygments-2.17.2 SecretStorage-3.3.3 certifi-2023.11.17 cffi-1.15.1 charset-normalizer-3.1.0 cryptography-3.4.7 docutils-0.20.1 idna-3.6 importlib-metadata-6.8.0 jaraco.classes-3.3.0 jeepney-0.8.0 keyring-24.3.0 markdown-it-py-3.0.0 mdurl-0.1.2 more-itertools-10.1.0 nh3-0.2.14 pkginfo-1.9.6 pycparser-2.21 readme-renderer-42.0 requests-2.31.0 requests-toolbelt-1.0.0 rfc3986-2.0.0 rich-13.7.0 twine-4.0.2 urllib3-2.1.0 zipp-3.17.0
