Collecting patsy==0.5.3
  Using cached patsy-0.5.3-py2.py3-none-any.whl (233 kB)
Collecting six
  Using cached six-1.16.0-py2.py3-none-any.whl (11 kB)
Collecting numpy>=1.4
  Using cached numpy-1.23.5-graalpy310-graalpy231_310_native-linux_x86_64.whl
Installing collected packages: six, numpy, patsy
Looking for GraalPy patches for six
Looking for GraalPy patches for numpy
We have patches to make this package work on GraalVM for some version(s).
If installing or running fails, consider using one of the versions that we have patches for:
numpy == 1.16.4
numpy == 1.19.5
numpy == 1.21.6
numpy == 1.22.4
numpy == 1.23.4
numpy == 1.23.1
numpy == 1.23.5
Looking for GraalPy patches for patsy
Successfully installed numpy-1.23.5 patsy-0.5.3 six-1.16.0
