Collecting kubernetes==25.3.0
  Downloading kubernetes-25.3.0-py2.py3-none-any.whl (1.4 MB)
     ━━━━━━━━━━━━━━━━━━━━━━━━━━━━━━━━━━━━━━━━ 1.4/1.4 MB 14.1 MB/s eta 0:00:00
Collecting certifi>=14.05.14 (from kubernetes==25.3.0)
  Using cached certifi-2023.11.17-py3-none-any.whl.metadata (2.2 kB)
Collecting six>=1.9.0 (from kubernetes==25.3.0)
  Using cached six-1.16.0-py2.py3-none-any.whl (11 kB)
Collecting python-dateutil>=2.5.3 (from kubernetes==25.3.0)
  Using cached python_dateutil-2.8.2-py2.py3-none-any.whl (247 kB)
Requirement already satisfied: setuptools>=21.0.0 in ./install-virtualenv/lib/python3.10/site-packages (from kubernetes==25.3.0) (68.2.2)
Collecting pyyaml>=5.4.1 (from kubernetes==25.3.0)
  Using cached PyYAML-6.0.1-cp310-cp310-manylinux_2_17_x86_64.manylinux2014_x86_64.whl.metadata (2.1 kB)
Collecting google-auth>=1.0.1 (from kubernetes==25.3.0)
  Using cached google_auth-2.23.4-py2.py3-none-any.whl.metadata (4.7 kB)
Collecting websocket-client!=0.40.0,!=0.41.*,!=0.42.*,>=0.32.0 (from kubernetes==25.3.0)
  Using cached websocket_client-1.6.4-py3-none-any.whl.metadata (7.7 kB)
Collecting requests (from kubernetes==25.3.0)
  Using cached requests-2.31.0-py3-none-any.whl.metadata (4.6 kB)
Collecting requests-oauthlib (from kubernetes==25.3.0)
  Using cached requests_oauthlib-1.3.1-py2.py3-none-any.whl (23 kB)
Collecting urllib3>=1.24.2 (from kubernetes==25.3.0)
  Using cached urllib3-2.1.0-py3-none-any.whl.metadata (6.4 kB)
Collecting cachetools<6.0,>=2.0.0 (from google-auth>=1.0.1->kubernetes==25.3.0)
  Using cached cachetools-5.3.2-py3-none-any.whl.metadata (5.2 kB)
Collecting pyasn1-modules>=0.2.1 (from google-auth>=1.0.1->kubernetes==25.3.0)
  Using cached pyasn1_modules-0.3.0-py2.py3-none-any.whl (181 kB)
Collecting rsa<5,>=3.1.4 (from google-auth>=1.0.1->kubernetes==25.3.0)
  Using cached rsa-4.9-py3-none-any.whl (34 kB)
Collecting charset-normalizer<4,>=2 (from requests->kubernetes==25.3.0)
  Using cached charset_normalizer-3.3.2-cp310-cp310-manylinux_2_17_x86_64.manylinux2014_x86_64.whl.metadata (33 kB)
Collecting idna<4,>=2.5 (from requests->kubernetes==25.3.0)
  Using cached idna-3.4-py3-none-any.whl (61 kB)
Collecting oauthlib>=3.0.0 (from requests-oauthlib->kubernetes==25.3.0)
  Using cached oauthlib-3.2.2-py3-none-any.whl (151 kB)
Collecting pyasn1<0.6.0,>=0.4.6 (from pyasn1-modules>=0.2.1->google-auth>=1.0.1->kubernetes==25.3.0)
  Using cached pyasn1-0.5.1-py2.py3-none-any.whl.metadata (8.6 kB)
Using cached certifi-2023.11.17-py3-none-any.whl (162 kB)
Using cached google_auth-2.23.4-py2.py3-none-any.whl (183 kB)
Using cached PyYAML-6.0.1-cp310-cp310-manylinux_2_17_x86_64.manylinux2014_x86_64.whl (705 kB)
Using cached urllib3-2.1.0-py3-none-any.whl (104 kB)
Using cached websocket_client-1.6.4-py3-none-any.whl (57 kB)
Using cached requests-2.31.0-py3-none-any.whl (62 kB)
Using cached cachetools-5.3.2-py3-none-any.whl (9.3 kB)
Using cached charset_normalizer-3.3.2-cp310-cp310-manylinux_2_17_x86_64.manylinux2014_x86_64.whl (142 kB)
Using cached pyasn1-0.5.1-py2.py3-none-any.whl (84 kB)
Installing collected packages: websocket-client, urllib3, six, pyyaml, pyasn1, oauthlib, idna, charset-normalizer, certifi, cachetools, rsa, requests, python-dateutil, pyasn1-modules, requests-oauthlib, google-auth, kubernetes
Successfully installed cachetools-5.3.2 certifi-2023.11.17 charset-normalizer-3.3.2 google-auth-2.23.4 idna-3.4 kubernetes-25.3.0 oauthlib-3.2.2 pyasn1-0.5.1 pyasn1-modules-0.3.0 python-dateutil-2.8.2 pyyaml-6.0.1 requests-2.31.0 requests-oauthlib-1.3.1 rsa-4.9 six-1.16.0 urllib3-2.1.0 websocket-client-1.6.4
