Collecting kubernetes==25.3.0
  Downloading kubernetes-25.3.0-py2.py3-none-any.whl (1.4 MB)
     ━━━━━━━━━━━━━━━━━━━━━━━━━━━━━━━━━━━━━━━━ 1.4/1.4 MB 7.6 MB/s eta 0:00:00
Collecting certifi>=14.05.14
  Using cached certifi-2023.11.17-py3-none-any.whl (162 kB)
Collecting six>=1.9.0
  Using cached six-1.16.0-py2.py3-none-any.whl (11 kB)
Collecting python-dateutil>=2.5.3
  Using cached python_dateutil-2.8.2-py2.py3-none-any.whl (247 kB)
Requirement already satisfied: setuptools>=21.0.0 in ./install-virtualenv/lib/python3.10/site-packages (from kubernetes==25.3.0) (63.2.0)
Collecting pyyaml>=5.4.1
  Using cached PyYAML-6.0.1-py3-none-any.whl
Collecting google-auth>=1.0.1
  Using cached google_auth-2.23.4-py2.py3-none-any.whl (183 kB)
Collecting websocket-client!=0.40.0,!=0.41.*,!=0.42.*,>=0.32.0
  Using cached websocket_client-1.6.4-py3-none-any.whl (57 kB)
Collecting requests
  Using cached requests-2.31.0-py3-none-any.whl (62 kB)
Collecting requests-oauthlib
  Using cached requests_oauthlib-1.3.1-py2.py3-none-any.whl (23 kB)
Collecting urllib3>=1.24.2
  Using cached urllib3-2.1.0-py3-none-any.whl (104 kB)
Collecting cachetools<6.0,>=2.0.0
  Using cached cachetools-5.3.2-py3-none-any.whl (9.3 kB)
Collecting pyasn1-modules>=0.2.1
  Using cached pyasn1_modules-0.3.0-py2.py3-none-any.whl (181 kB)
Collecting rsa<5,>=3.1.4
  Using cached rsa-4.9-py3-none-any.whl (34 kB)
Collecting charset-normalizer<4,>=2
  Using cached charset_normalizer-3.1.0-py3-none-any.whl (46 kB)
Collecting idna<4,>=2.5
  Using cached idna-3.4-py3-none-any.whl (61 kB)
Collecting oauthlib>=3.0.0
  Using cached oauthlib-3.2.2-py3-none-any.whl (151 kB)
Collecting pyasn1<0.6.0,>=0.4.6
  Using cached pyasn1-0.5.1-py2.py3-none-any.whl (84 kB)
Installing collected packages: websocket-client, urllib3, six, pyyaml, pyasn1, oauthlib, idna, charset-normalizer, certifi, cachetools, rsa, requests, python-dateutil, pyasn1-modules, requests-oauthlib, google-auth, kubernetes
Looking for GraalPy patches for websocket_client
Looking for GraalPy patches for urllib3
Looking for GraalPy patches for six
Looking for GraalPy patches for PyYAML
Looking for GraalPy patches for pyasn1
Looking for GraalPy patches for oauthlib
Looking for GraalPy patches for idna
Looking for GraalPy patches for charset_normalizer
Patching package charset_normalizer using /opt/graalpy/lib/graalpy23.1/patches/charset_normalizer/charset_normalizer-3.1.0.patch
patching file charset_normalizer/utils.py
Hunk #1 succeeded at 7 with fuzz 2 (offset -4 lines).
Hunk #2 succeeded at 258 with fuzz 2 (offset 11 lines).
Looking for GraalPy patches for certifi
Looking for GraalPy patches for cachetools
Looking for GraalPy patches for rsa
Looking for GraalPy patches for requests
Looking for GraalPy patches for python_dateutil
Looking for GraalPy patches for pyasn1_modules
Looking for GraalPy patches for requests_oauthlib
Looking for GraalPy patches for google_auth
Looking for GraalPy patches for kubernetes
Successfully installed cachetools-5.3.2 certifi-2023.11.17 charset-normalizer-3.1.0 google-auth-2.23.4 idna-3.4 kubernetes-25.3.0 oauthlib-3.2.2 pyasn1-0.5.1 pyasn1-modules-0.3.0 python-dateutil-2.8.2 pyyaml-6.0.1 requests-2.31.0 requests-oauthlib-1.3.1 rsa-4.9 six-1.16.0 urllib3-2.1.0 websocket-client-1.6.4
