Collecting discord.py==2.1.0
  Downloading discord.py-2.1.0-py3-none-any.whl (1.1 MB)
     ━━━━━━━━━━━━━━━━━━━━━━━━━━━━━━━━━━━━━━━━ 1.1/1.1 MB 6.3 MB/s eta 0:00:00
Collecting aiohttp<4,>=3.7.4
  Using cached aiohttp-3.9.0-py3-none-any.whl
Collecting attrs>=17.3.0
  Using cached attrs-23.1.0-py3-none-any.whl (61 kB)
Collecting multidict<7.0,>=4.5
  Using cached multidict-6.0.4-py3-none-any.whl
Collecting yarl<2.0,>=1.0
  Using cached yarl-1.9.3-py3-none-any.whl (30 kB)
Collecting frozenlist>=1.1.1
  Using cached frozenlist-1.4.0-py3-none-any.whl
Collecting aiosignal>=1.1.2
  Using cached aiosignal-1.3.1-py3-none-any.whl (7.6 kB)
Collecting async-timeout<5.0,>=4.0
  Using cached async_timeout-4.0.3-py3-none-any.whl (5.7 kB)
Collecting idna>=2.0
  Using cached idna-3.4-py3-none-any.whl (61 kB)
Installing collected packages: multidict, idna, frozenlist, attrs, async-timeout, yarl, aiosignal, aiohttp, discord.py
Looking for GraalPy patches for multidict
Looking for GraalPy patches for idna
Looking for GraalPy patches for frozenlist
Looking for GraalPy patches for attrs
Looking for GraalPy patches for async_timeout
Looking for GraalPy patches for yarl
Looking for GraalPy patches for aiosignal
Looking for GraalPy patches for aiohttp
Looking for GraalPy patches for discord.py
Successfully installed aiohttp-3.9.0 aiosignal-1.3.1 async-timeout-4.0.3 attrs-23.1.0 discord.py-2.1.0 frozenlist-1.4.0 idna-3.4 multidict-6.0.4 yarl-1.9.3
