Collecting gensim==4.2.0
  Downloading gensim-4.2.0.tar.gz (23.2 MB)
     ━━━━━━━━━━━━━━━━━━━━━━━━━━━━━━━━━━━━━━━━ 23.2/23.2 MB 1.8 MB/s eta 0:00:00
auto-patching C API usages in /tmp/pip-install-bow1fukf/gensim_10c2d2a3b223421890f063cf3b64faed/gensim/corpora/_mmreader.c
auto-patching C API usages in /tmp/pip-install-bow1fukf/gensim_10c2d2a3b223421890f063cf3b64faed/gensim/models/word2vec_corpusfile.cpp
Looking for GraalPy patches for gensim
  Preparing metadata (setup.py): started
  Preparing metadata (setup.py): finished with status 'done'
Collecting numpy>=1.17.0
  Using cached numpy-1.23.5-graalpy310-graalpy231_310_native-linux_x86_64.whl
Collecting scipy>=0.18.1
  Using cached scipy-1.10.1-graalpy310-graalpy231_310_native-linux_x86_64.whl
Collecting smart_open>=1.8.1
  Downloading smart_open-6.4.0-py3-none-any.whl (57 kB)
     ━━━━━━━━━━━━━━━━━━━━━━━━━━━━━━━━━━━━━━━ 57.0/57.0 kB 931.4 kB/s eta 0:00:00
Building wheels for collected packages: gensim
  Building wheel for gensim (setup.py): started
  Building wheel for gensim (setup.py): finished with status 'done'
  Created wheel for gensim: filename=gensim-4.2.0-graalpy310-graalpy231_310_native-linux_x86_64.whl size=24080104 sha256=ced192d4dfe0420efe6024d71395b6ba6d68dc8c74d56fbe94b76ccafa65b524
  Stored in directory: /workdir/.cache/pip-graalpy/wheels/7b/cf/23/97837ea6b8ef21cff3179d6be8eb097dbb423324643495b4a7
Successfully built gensim
Installing collected packages: smart_open, numpy, scipy, gensim
Looking for GraalPy patches for smart_open
Looking for GraalPy patches for numpy
We have patches to make this package work on GraalVM for some version(s).
If installing or running fails, consider using one of the versions that we have patches for:
numpy == 1.16.4
numpy == 1.19.5
numpy == 1.21.6
numpy == 1.22.4
numpy == 1.23.4
numpy == 1.23.1
numpy == 1.23.5
Looking for GraalPy patches for scipy
We have patches to make this package work on GraalVM for some version(s).
If installing or running fails, consider using one of the versions that we have patches for:
scipy == 1.4.1
scipy == 1.7.3
scipy == 1.8.1
scipy == 1.9.3
scipy == 1.10.1
Looking for GraalPy patches for gensim
Successfully installed gensim-4.2.0 numpy-1.23.5 scipy-1.10.1 smart_open-6.4.0
