Collecting pyod==1.0.6
  Downloading pyod-1.0.6.tar.gz (141 kB)
     ━━━━━━━━━━━━━━━━━━━━━━━━━━━━━━━━━━━━━━━ 141.3/141.3 kB 2.6 MB/s eta 0:00:00
  Preparing metadata (setup.py): started
  Preparing metadata (setup.py): finished with status 'done'
Collecting joblib (from pyod==1.0.6)
  Downloading joblib-1.3.2-py3-none-any.whl.metadata (5.4 kB)
Collecting matplotlib (from pyod==1.0.6)
  Downloading matplotlib-3.8.2-cp310-cp310-manylinux_2_17_x86_64.manylinux2014_x86_64.whl.metadata (5.8 kB)
Collecting numpy>=1.19 (from pyod==1.0.6)
  Downloading numpy-1.26.2-cp310-cp310-manylinux_2_17_x86_64.manylinux2014_x86_64.whl.metadata (61 kB)
     ━━━━━━━━━━━━━━━━━━━━━━━━━━━━━━━━━━━━━━━━ 61.2/61.2 kB 2.4 MB/s eta 0:00:00
Collecting numba>=0.51 (from pyod==1.0.6)
  Downloading numba-0.58.1-cp310-cp310-manylinux2014_x86_64.manylinux_2_17_x86_64.whl.metadata (2.7 kB)
Collecting scipy>=1.5.1 (from pyod==1.0.6)
  Downloading scipy-1.11.4-cp310-cp310-manylinux_2_17_x86_64.manylinux2014_x86_64.whl.metadata (60 kB)
     ━━━━━━━━━━━━━━━━━━━━━━━━━━━━━━━━━━━━━━━━ 60.4/60.4 kB 3.1 MB/s eta 0:00:00
Collecting scikit_learn>=0.20.0 (from pyod==1.0.6)
  Downloading scikit_learn-1.3.2-cp310-cp310-manylinux_2_17_x86_64.manylinux2014_x86_64.whl.metadata (11 kB)
Collecting six (from pyod==1.0.6)
  Using cached six-1.16.0-py2.py3-none-any.whl (11 kB)
Collecting statsmodels (from pyod==1.0.6)
  Downloading statsmodels-0.14.0-cp310-cp310-manylinux_2_17_x86_64.manylinux2014_x86_64.whl (10.1 MB)
     ━━━━━━━━━━━━━━━━━━━━━━━━━━━━━━━━━━━━━━━━ 10.1/10.1 MB 20.1 MB/s eta 0:00:00
Collecting llvmlite<0.42,>=0.41.0dev0 (from numba>=0.51->pyod==1.0.6)
  Downloading llvmlite-0.41.1-cp310-cp310-manylinux_2_17_x86_64.manylinux2014_x86_64.whl.metadata (4.8 kB)
Collecting threadpoolctl>=2.0.0 (from scikit_learn>=0.20.0->pyod==1.0.6)
  Downloading threadpoolctl-3.2.0-py3-none-any.whl.metadata (10.0 kB)
Collecting contourpy>=1.0.1 (from matplotlib->pyod==1.0.6)
  Downloading contourpy-1.2.0-cp310-cp310-manylinux_2_17_x86_64.manylinux2014_x86_64.whl.metadata (5.8 kB)
Collecting cycler>=0.10 (from matplotlib->pyod==1.0.6)
  Downloading cycler-0.12.1-py3-none-any.whl.metadata (3.8 kB)
Collecting fonttools>=4.22.0 (from matplotlib->pyod==1.0.6)
  Downloading fonttools-4.45.1-cp310-cp310-manylinux_2_17_x86_64.manylinux2014_x86_64.whl.metadata (155 kB)
     ━━━━━━━━━━━━━━━━━━━━━━━━━━━━━━━━━━━━━━━ 155.2/155.2 kB 4.8 MB/s eta 0:00:00
Collecting kiwisolver>=1.3.1 (from matplotlib->pyod==1.0.6)
  Downloading kiwisolver-1.4.5-cp310-cp310-manylinux_2_12_x86_64.manylinux2010_x86_64.whl.metadata (6.4 kB)
Collecting packaging>=20.0 (from matplotlib->pyod==1.0.6)
  Using cached packaging-23.2-py3-none-any.whl.metadata (3.2 kB)
Collecting pillow>=8 (from matplotlib->pyod==1.0.6)
  Downloading Pillow-10.1.0-cp310-cp310-manylinux_2_28_x86_64.whl.metadata (9.5 kB)
Collecting pyparsing>=2.3.1 (from matplotlib->pyod==1.0.6)
  Downloading pyparsing-3.1.1-py3-none-any.whl.metadata (5.1 kB)
Collecting python-dateutil>=2.7 (from matplotlib->pyod==1.0.6)
  Using cached python_dateutil-2.8.2-py2.py3-none-any.whl (247 kB)
Collecting pandas>=1.0 (from statsmodels->pyod==1.0.6)
  Downloading pandas-2.1.3-cp310-cp310-manylinux_2_17_x86_64.manylinux2014_x86_64.whl.metadata (18 kB)
Collecting patsy>=0.5.2 (from statsmodels->pyod==1.0.6)
  Downloading patsy-0.5.3-py2.py3-none-any.whl (233 kB)
     ━━━━━━━━━━━━━━━━━━━━━━━━━━━━━━━━━━━━━━━ 233.8/233.8 kB 7.7 MB/s eta 0:00:00
Collecting pytz>=2020.1 (from pandas>=1.0->statsmodels->pyod==1.0.6)
  Downloading pytz-2023.3.post1-py2.py3-none-any.whl.metadata (22 kB)
Collecting tzdata>=2022.1 (from pandas>=1.0->statsmodels->pyod==1.0.6)
  Downloading tzdata-2023.3-py2.py3-none-any.whl (341 kB)
     ━━━━━━━━━━━━━━━━━━━━━━━━━━━━━━━━━━━━━━ 341.8/341.8 kB 12.2 MB/s eta 0:00:00
Downloading numba-0.58.1-cp310-cp310-manylinux2014_x86_64.manylinux_2_17_x86_64.whl (3.6 MB)
   ━━━━━━━━━━━━━━━━━━━━━━━━━━━━━━━━━━━━━━━━ 3.6/3.6 MB 20.6 MB/s eta 0:00:00
Downloading numpy-1.26.2-cp310-cp310-manylinux_2_17_x86_64.manylinux2014_x86_64.whl (18.2 MB)
   ━━━━━━━━━━━━━━━━━━━━━━━━━━━━━━━━━━━━━━━━ 18.2/18.2 MB 20.7 MB/s eta 0:00:00
Downloading scikit_learn-1.3.2-cp310-cp310-manylinux_2_17_x86_64.manylinux2014_x86_64.whl (10.8 MB)
   ━━━━━━━━━━━━━━━━━━━━━━━━━━━━━━━━━━━━━━━━ 10.8/10.8 MB 21.6 MB/s eta 0:00:00
Downloading joblib-1.3.2-py3-none-any.whl (302 kB)
   ━━━━━━━━━━━━━━━━━━━━━━━━━━━━━━━━━━━━━━━━ 302.2/302.2 kB 10.5 MB/s eta 0:00:00
Downloading scipy-1.11.4-cp310-cp310-manylinux_2_17_x86_64.manylinux2014_x86_64.whl (36.4 MB)
   ━━━━━━━━━━━━━━━━━━━━━━━━━━━━━━━━━━━━━━━━ 36.4/36.4 MB 15.7 MB/s eta 0:00:00
Downloading matplotlib-3.8.2-cp310-cp310-manylinux_2_17_x86_64.manylinux2014_x86_64.whl (11.6 MB)
   ━━━━━━━━━━━━━━━━━━━━━━━━━━━━━━━━━━━━━━━━ 11.6/11.6 MB 21.9 MB/s eta 0:00:00
Downloading contourpy-1.2.0-cp310-cp310-manylinux_2_17_x86_64.manylinux2014_x86_64.whl (310 kB)
   ━━━━━━━━━━━━━━━━━━━━━━━━━━━━━━━━━━━━━━━━ 310.7/310.7 kB 15.3 MB/s eta 0:00:00
Downloading cycler-0.12.1-py3-none-any.whl (8.3 kB)
Downloading fonttools-4.45.1-cp310-cp310-manylinux_2_17_x86_64.manylinux2014_x86_64.whl (4.6 MB)
   ━━━━━━━━━━━━━━━━━━━━━━━━━━━━━━━━━━━━━━━━ 4.6/4.6 MB 20.6 MB/s eta 0:00:00
Downloading kiwisolver-1.4.5-cp310-cp310-manylinux_2_12_x86_64.manylinux2010_x86_64.whl (1.6 MB)
   ━━━━━━━━━━━━━━━━━━━━━━━━━━━━━━━━━━━━━━━━ 1.6/1.6 MB 20.1 MB/s eta 0:00:00
Downloading llvmlite-0.41.1-cp310-cp310-manylinux_2_17_x86_64.manylinux2014_x86_64.whl (43.6 MB)
   ━━━━━━━━━━━━━━━━━━━━━━━━━━━━━━━━━━━━━━━━ 43.6/43.6 MB 19.8 MB/s eta 0:00:00
Using cached packaging-23.2-py3-none-any.whl (53 kB)
Downloading pandas-2.1.3-cp310-cp310-manylinux_2_17_x86_64.manylinux2014_x86_64.whl (12.3 MB)
   ━━━━━━━━━━━━━━━━━━━━━━━━━━━━━━━━━━━━━━━━ 12.3/12.3 MB 22.1 MB/s eta 0:00:00
Downloading Pillow-10.1.0-cp310-cp310-manylinux_2_28_x86_64.whl (3.6 MB)
   ━━━━━━━━━━━━━━━━━━━━━━━━━━━━━━━━━━━━━━━━ 3.6/3.6 MB 17.2 MB/s eta 0:00:00
Downloading pyparsing-3.1.1-py3-none-any.whl (103 kB)
   ━━━━━━━━━━━━━━━━━━━━━━━━━━━━━━━━━━━━━━━━ 103.1/103.1 kB 4.6 MB/s eta 0:00:00
Downloading threadpoolctl-3.2.0-py3-none-any.whl (15 kB)
Downloading pytz-2023.3.post1-py2.py3-none-any.whl (502 kB)
   ━━━━━━━━━━━━━━━━━━━━━━━━━━━━━━━━━━━━━━━━ 502.5/502.5 kB 15.2 MB/s eta 0:00:00
Building wheels for collected packages: pyod
  Building wheel for pyod (setup.py): started
  Building wheel for pyod (setup.py): finished with status 'done'
  Created wheel for pyod: filename=pyod-1.0.6-py3-none-any.whl size=175075 sha256=7c48208cf46bae0592bdcc1a02811947ef86cf31bfb3dc15aa7368466018b6fa
  Stored in directory: /workdir/.cache/pip/wheels/ea/7e/e9/859f949dbfcff8de7bed91066b878c8acb9ce68f0cb771556c
Successfully built pyod
Installing collected packages: pytz, tzdata, threadpoolctl, six, pyparsing, pillow, packaging, numpy, llvmlite, kiwisolver, joblib, fonttools, cycler, scipy, python-dateutil, patsy, numba, contourpy, scikit_learn, pandas, matplotlib, statsmodels, pyod
Successfully installed contourpy-1.2.0 cycler-0.12.1 fonttools-4.45.1 joblib-1.3.2 kiwisolver-1.4.5 llvmlite-0.41.1 matplotlib-3.8.2 numba-0.58.1 numpy-1.26.2 packaging-23.2 pandas-2.1.3 patsy-0.5.3 pillow-10.1.0 pyod-1.0.6 pyparsing-3.1.1 python-dateutil-2.8.2 pytz-2023.3.post1 scikit_learn-1.3.2 scipy-1.11.4 six-1.16.0 statsmodels-0.14.0 threadpoolctl-3.2.0 tzdata-2023.3
