Collecting pyod==1.0.6
  Downloading pyod-1.0.6.tar.gz (141 kB)
     ━━━━━━━━━━━━━━━━━━━━━━━━━━━━━━━━━━━━━ 141.3/141.3 kB 168.9 kB/s eta 0:00:00
Looking for GraalPy patches for pyod
  Preparing metadata (setup.py): started
  Preparing metadata (setup.py): finished with status 'done'
Collecting joblib
  Using cached joblib-1.3.2-py3-none-any.whl (302 kB)
Collecting matplotlib
  Using cached matplotlib-3.7.0-graalpy310-graalpy231_310_native-linux_x86_64.whl
Collecting numpy>=1.19
  Using cached numpy-1.23.5-graalpy310-graalpy231_310_native-linux_x86_64.whl
Collecting numba>=0.51
  Downloading numba-0.58.1.tar.gz (2.6 MB)
     ━━━━━━━━━━━━━━━━━━━━━━━━━━━━━━━━━━━━━━━━ 2.6/2.6 MB 2.9 MB/s eta 0:00:00
Looking for GraalPy patches for numba
  Preparing metadata (setup.py): started
  Preparing metadata (setup.py): finished with status 'done'
Collecting scipy>=1.5.1
  Using cached scipy-1.10.1-graalpy310-graalpy231_310_native-linux_x86_64.whl
Collecting scikit_learn>=0.20.0
  Using cached scikit_learn-1.1.3-graalpy310-graalpy231_310_native-linux_x86_64.whl
Collecting six
  Using cached six-1.16.0-py2.py3-none-any.whl (11 kB)
Collecting statsmodels
  Downloading statsmodels-0.14.0.tar.gz (19.4 MB)
     ━━━━━━━━━━━━━━━━━━━━━━━━━━━━━━━━━━━━━━━━ 19.4/19.4 MB 2.2 MB/s eta 0:00:00
Looking for GraalPy patches for statsmodels
  Installing build dependencies: started
  Installing build dependencies: still running...
  Installing build dependencies: still running...
  Installing build dependencies: finished with status 'done'
  Getting requirements to build wheel: started
  Getting requirements to build wheel: still running...
  Getting requirements to build wheel: still running...
  Getting requirements to build wheel: still running...
  Getting requirements to build wheel: still running...
  Getting requirements to build wheel: still running...
  Getting requirements to build wheel: still running...
  Getting requirements to build wheel: still running...
  Getting requirements to build wheel: still running...
  Getting requirements to build wheel: still running...
  Getting requirements to build wheel: still running...
  Getting requirements to build wheel: still running...
  Getting requirements to build wheel: finished with status 'done'
  Installing backend dependencies: started
  Installing backend dependencies: finished with status 'done'
  Preparing metadata (pyproject.toml): started
  Preparing metadata (pyproject.toml): finished with status 'done'
Collecting llvmlite<0.42,>=0.41.0dev0
  Downloading llvmlite-0.41.1.tar.gz (146 kB)
     ━━━━━━━━━━━━━━━━━━━━━━━━━━━━━━━━━━━━━━━ 146.6/146.6 kB 2.7 MB/s eta 0:00:00
Looking for GraalPy patches for llvmlite
  Preparing metadata (setup.py): started
  Preparing metadata (setup.py): finished with status 'done'
Collecting threadpoolctl>=2.0.0
  Using cached threadpoolctl-3.2.0-py3-none-any.whl (15 kB)
Collecting contourpy>=1.0.1
  Using cached contourpy-1.2.0-graalpy310-graalpy231_310_native-linux_x86_64.whl
Collecting cycler>=0.10
  Using cached cycler-0.12.1-py3-none-any.whl (8.3 kB)
Collecting fonttools>=4.22.0
  Downloading fonttools-4.45.1-py3-none-any.whl (1.1 MB)
     ━━━━━━━━━━━━━━━━━━━━━━━━━━━━━━━━━━━━━━━━ 1.1/1.1 MB 4.6 MB/s eta 0:00:00
Collecting kiwisolver>=1.0.1
  Using cached kiwisolver-1.4.5-graalpy310-graalpy231_310_native-linux_x86_64.whl
Collecting packaging>=20.0
  Using cached packaging-23.2-py3-none-any.whl (53 kB)
Collecting pillow>=6.2.0
  Using cached Pillow-10.1.0-graalpy310-graalpy231_310_native-linux_x86_64.whl
Collecting pyparsing>=2.3.1
  Using cached pyparsing-3.0.8-py3-none-any.whl (98 kB)
Collecting python-dateutil>=2.7
  Using cached python_dateutil-2.8.2-py2.py3-none-any.whl (247 kB)
Collecting pandas>=1.0
  Using cached pandas-1.5.2-graalpy310-graalpy231_310_native-linux_x86_64.whl
Collecting patsy>=0.5.2
  Downloading patsy-0.5.3-py2.py3-none-any.whl (233 kB)
     ━━━━━━━━━━━━━━━━━━━━━━━━━━━━━━━━━━━━━━━ 233.8/233.8 kB 2.2 MB/s eta 0:00:00
Collecting pytz>=2020.1
  Using cached pytz-2022.2.1-py2.py3-none-any.whl (500 kB)
Building wheels for collected packages: pyod, numba, statsmodels, llvmlite
  Building wheel for pyod (setup.py): started
  Building wheel for pyod (setup.py): finished with status 'done'
  Created wheel for pyod: filename=pyod-1.0.6-py3-none-any.whl size=175090 sha256=41545b6208e738c68428e58d71ce99ef8934e6e6eb845e505ffb64d0c38c1f52
  Stored in directory: /workdir/.cache/pip-graalpy/wheels/d1/69/1e/7d67dbe3a0af677bc29a0861d5f098ad13f5dfa9b4dc6c5254
  Building wheel for numba (setup.py): started
  Building wheel for numba (setup.py): finished with status 'error'
  error: subprocess-exited-with-error
  
  × python setup.py bdist_wheel did not run successfully.
  │ exit code: 1
  ╰─> [8 lines of output]
      Traceback (most recent call last):
        File "<string>", line 2, in <module>
        File "<pip-setuptools-caller>", line 34, in <module>
        File "/tmp/pip-install-fsbwghzl/numba_e7fdccac31ca4a87b9d652928962ad4a/setup.py", line 424, in <module>
          metadata['ext_modules'] = get_ext_modules()
        File "/tmp/pip-install-fsbwghzl/numba_e7fdccac31ca4a87b9d652928962ad4a/setup.py", line 138, in get_ext_modules
          import numpy as np
      ModuleNotFoundError: No module named 'numpy'
      [end of output]
  
  note: This error originates from a subprocess, and is likely not a problem with pip.
  ERROR: Failed building wheel for numba
  Running setup.py clean for numba
  Building wheel for statsmodels (pyproject.toml): started
  Building wheel for statsmodels (pyproject.toml): still running...
  Building wheel for statsmodels (pyproject.toml): finished with status 'done'
  Created wheel for statsmodels: filename=statsmodels-0.14.0-graalpy310-graalpy231_310_native-linux_x86_64.whl size=9990186 sha256=8581bf62bc598a75395813af952fbec0da28e7586571aea88e4dfbc89dbcd858
  Stored in directory: /workdir/.cache/pip-graalpy/wheels/3a/7b/86/fb33a0288299bdf44e92ccfd6092c81d1f625073ed06bdfaa5
  Building wheel for llvmlite (setup.py): started
  Building wheel for llvmlite (setup.py): finished with status 'done'
  Created wheel for llvmlite: filename=llvmlite-0.41.1-graalpy310-graalpy231_310_native-linux_x86_64.whl size=4023221 sha256=be4925684972739f6584c9a374846d64374a2a50611c2df1af9a0d3c0f01c29f
  Stored in directory: /workdir/.cache/pip-graalpy/wheels/6c/2c/91/319ffe32fbe7bf3c51a52a7ac2d98d91fed1752f676ff235f0
Successfully built pyod statsmodels llvmlite
Failed to build numba
Installing collected packages: pytz, threadpoolctl, six, pyparsing, pillow, packaging, numpy, llvmlite, kiwisolver, joblib, fonttools, cycler, scipy, python-dateutil, patsy, numba, contourpy, scikit_learn, pandas, matplotlib, statsmodels, pyod
Looking for GraalPy patches for pytz
Patching package pytz using /opt/graalpy/lib/graalpy23.1/patches/pytz/pytz-2022.2.1.patch
Looking for GraalPy patches for threadpoolctl
Looking for GraalPy patches for six
Looking for GraalPy patches for pyparsing
Patching package pyparsing using /opt/graalpy/lib/graalpy23.1/patches/pyparsing/pyparsing-3.0.8.patch
Looking for GraalPy patches for Pillow
Looking for GraalPy patches for packaging
Patching package packaging using /opt/graalpy/lib/graalpy23.1/patches/packaging/packaging.patch
patching file packaging/tags.py
Hunk #1 FAILED at 4.
Hunk #2 FAILED at 37.
2 out of 2 hunks FAILED -- saving rejects to file packaging/tags.py.rej
Applying GraalPy patch failed for packaging. The package may still work.
Looking for GraalPy patches for numpy
We have patches to make this package work on GraalVM for some version(s).
If installing or running fails, consider using one of the versions that we have patches for:
numpy == 1.16.4
numpy == 1.19.5
numpy == 1.21.6
numpy == 1.22.4
numpy == 1.23.4
numpy == 1.23.1
numpy == 1.23.5
Looking for GraalPy patches for llvmlite
Looking for GraalPy patches for kiwisolver
Looking for GraalPy patches for joblib
Looking for GraalPy patches for fonttools
Looking for GraalPy patches for cycler
Looking for GraalPy patches for scipy
We have patches to make this package work on GraalVM for some version(s).
If installing or running fails, consider using one of the versions that we have patches for:
scipy == 1.4.1
scipy == 1.7.3
scipy == 1.8.1
scipy == 1.9.3
scipy == 1.10.1
Looking for GraalPy patches for python_dateutil
Looking for GraalPy patches for patsy
  Running setup.py install for numba: started
  Running setup.py install for numba: finished with status 'done'
  DEPRECATION: numba was installed using the legacy 'setup.py install' method, because a wheel could not be built for it. A possible replacement is to fix the wheel build issue reported above. Discussion can be found at https://github.com/pypa/pip/issues/8368
Looking for GraalPy patches for contourpy
Looking for GraalPy patches for scikit_learn
Patching package scikit_learn using /opt/graalpy/lib/graalpy23.1/patches/scikit-learn/scikit-learn-1.1.3.patch
patching file sklearn/_build_utils/__init__.py
Hunk #1 FAILED at 61.
1 out of 1 hunk FAILED -- saving rejects to file sklearn/_build_utils/__init__.py.rej
Applying GraalPy patch failed for scikit_learn. The package may still work.
Looking for GraalPy patches for pandas
We have patches to make this package work on GraalVM for some version(s).
If installing or running fails, consider using one of the versions that we have patches for:
pandas == 1.4.3
pandas == 1.5.2
Looking for GraalPy patches for matplotlib
Patching package matplotlib using /opt/graalpy/lib/graalpy23.1/patches/matplotlib/matplotlib-3.7.0.patch
can't find file to patch at input line 5
Perhaps you used the wrong -p or --strip option?
The text leading up to this was:
--------------------------
|diff --git a/setupext.py b/setupext.py
|index a898d64..1f0b0b4 100644
|--- a/setupext.py
|+++ b/setupext.py
--------------------------
No file to patch.  Skipping patch.
1 out of 1 hunk ignored
Applying GraalPy patch failed for matplotlib. The package may still work.
Looking for GraalPy patches for statsmodels
Looking for GraalPy patches for pyod
Successfully installed contourpy-1.2.0 cycler-0.12.1 fonttools-4.45.1 joblib-1.3.2 kiwisolver-1.4.5 llvmlite-0.41.1 matplotlib-3.7.0 numba-0.58.1 numpy-1.23.5 packaging-23.2 pandas-1.5.2 patsy-0.5.3 pillow-10.1.0 pyod-1.0.6 pyparsing-3.0.8 python-dateutil-2.8.2 pytz-2022.2.1 scikit_learn-1.1.3 scipy-1.10.1 six-1.16.0 statsmodels-0.14.0 threadpoolctl-3.2.0
