Collecting msgpack==1.0.4
  Downloading msgpack-1.0.4.tar.gz (128 kB)
     ━━━━━━━━━━━━━━━━━━━━━━━━━━━━━━━━━━━━━━━ 128.1/128.1 kB 3.9 MB/s eta 0:00:00
Looking for GraalPy patches for msgpack
  Installing build dependencies: started
  Installing build dependencies: finished with status 'done'
  Getting requirements to build wheel: started
  Getting requirements to build wheel: finished with status 'done'
  Installing backend dependencies: started
  Installing backend dependencies: finished with status 'done'
  Preparing metadata (pyproject.toml): started
  Preparing metadata (pyproject.toml): finished with status 'done'
Building wheels for collected packages: msgpack
  Building wheel for msgpack (pyproject.toml): started
  Building wheel for msgpack (pyproject.toml): finished with status 'done'
  Created wheel for msgpack: filename=msgpack-1.0.4-graalpy310-graalpy231_310_native-linux_x86_64.whl size=78646 sha256=24b873016f2b95aea73c8dcb8e16dd99287aed51fc04caeefe91c4762957225d
  Stored in directory: /workdir/.cache/pip-graalpy/wheels/6e/18/c5/3e70ab049e24cfbf9ba2b620d15e65f3f5e30351debab9115c
Successfully built msgpack
Installing collected packages: msgpack
Looking for GraalPy patches for msgpack
Successfully installed msgpack-1.0.4
