Collecting tldextract==3.4.0
  Downloading tldextract-3.4.0-py3-none-any.whl (93 kB)
     ━━━━━━━━━━━━━━━━━━━━━━━━━━━━━━━━━━━━━━━━ 93.9/93.9 kB 3.0 MB/s eta 0:00:00
Collecting idna
  Using cached idna-3.6-py3-none-any.whl (61 kB)
Collecting requests>=2.1.0
  Using cached requests-2.31.0-py3-none-any.whl (62 kB)
Collecting requests-file>=1.4
  Downloading requests_file-1.5.1-py2.py3-none-any.whl (3.7 kB)
Collecting filelock>=3.0.8
  Using cached filelock-3.13.1-py3-none-any.whl (11 kB)
Collecting charset-normalizer<4,>=2
  Using cached charset_normalizer-3.1.0-py3-none-any.whl (46 kB)
Collecting urllib3<3,>=1.21.1
  Using cached urllib3-2.1.0-py3-none-any.whl (104 kB)
Collecting certifi>=2017.4.17
  Using cached certifi-2023.11.17-py3-none-any.whl (162 kB)
Collecting six
  Using cached six-1.16.0-py2.py3-none-any.whl (11 kB)
Installing collected packages: urllib3, six, idna, filelock, charset-normalizer, certifi, requests, requests-file, tldextract
Looking for GraalPy patches for urllib3
Looking for GraalPy patches for six
Looking for GraalPy patches for idna
Looking for GraalPy patches for filelock
Looking for GraalPy patches for charset_normalizer
Patching package charset_normalizer using /opt/graalpy/lib/graalpy23.1/patches/charset_normalizer/charset_normalizer-3.1.0.patch
patching file charset_normalizer/utils.py
Hunk #1 succeeded at 7 with fuzz 2 (offset -4 lines).
Hunk #2 succeeded at 258 with fuzz 2 (offset 11 lines).
Looking for GraalPy patches for certifi
Looking for GraalPy patches for requests
Looking for GraalPy patches for requests_file
Looking for GraalPy patches for tldextract
Successfully installed certifi-2023.11.17 charset-normalizer-3.1.0 filelock-3.13.1 idna-3.6 requests-2.31.0 requests-file-1.5.1 six-1.16.0 tldextract-3.4.0 urllib3-2.1.0
