Collecting selenium==4.7.2
  Downloading selenium-4.7.2-py3-none-any.whl (6.3 MB)
     ━━━━━━━━━━━━━━━━━━━━━━━━━━━━━━━━━━━━━━━━ 6.3/6.3 MB 25.4 MB/s eta 0:00:00
Collecting urllib3~=1.26 (from urllib3[socks]~=1.26->selenium==4.7.2)
  Downloading urllib3-1.26.18-py2.py3-none-any.whl.metadata (48 kB)
     ━━━━━━━━━━━━━━━━━━━━━━━━━━━━━━━━━━━━━━━━ 48.9/48.9 kB 4.0 MB/s eta 0:00:00
Collecting trio~=0.17 (from selenium==4.7.2)
  Downloading trio-0.23.1-py3-none-any.whl.metadata (4.9 kB)
Collecting trio-websocket~=0.9 (from selenium==4.7.2)
  Downloading trio_websocket-0.11.1-py3-none-any.whl.metadata (4.7 kB)
Collecting certifi>=2021.10.8 (from selenium==4.7.2)
  Downloading certifi-2023.11.17-py3-none-any.whl.metadata (2.2 kB)
Collecting attrs>=20.1.0 (from trio~=0.17->selenium==4.7.2)
  Downloading attrs-23.1.0-py3-none-any.whl (61 kB)
     ━━━━━━━━━━━━━━━━━━━━━━━━━━━━━━━━━━━━━━━━ 61.2/61.2 kB 9.4 MB/s eta 0:00:00
Collecting sortedcontainers (from trio~=0.17->selenium==4.7.2)
  Downloading sortedcontainers-2.4.0-py2.py3-none-any.whl (29 kB)
Collecting idna (from trio~=0.17->selenium==4.7.2)
  Downloading idna-3.6-py3-none-any.whl.metadata (9.9 kB)
Collecting outcome (from trio~=0.17->selenium==4.7.2)
  Downloading outcome-1.3.0.post0-py2.py3-none-any.whl.metadata (2.6 kB)
Collecting sniffio>=1.3.0 (from trio~=0.17->selenium==4.7.2)
  Downloading sniffio-1.3.0-py3-none-any.whl (10 kB)
Collecting exceptiongroup>=1.0.0rc9 (from trio~=0.17->selenium==4.7.2)
  Using cached exceptiongroup-1.2.0-py3-none-any.whl.metadata (6.6 kB)
Collecting wsproto>=0.14 (from trio-websocket~=0.9->selenium==4.7.2)
  Downloading wsproto-1.2.0-py3-none-any.whl (24 kB)
Collecting PySocks!=1.5.7,<2.0,>=1.5.6 (from urllib3[socks]~=1.26->selenium==4.7.2)
  Downloading PySocks-1.7.1-py3-none-any.whl (16 kB)
Collecting h11<1,>=0.9.0 (from wsproto>=0.14->trio-websocket~=0.9->selenium==4.7.2)
  Downloading h11-0.14.0-py3-none-any.whl (58 kB)
     ━━━━━━━━━━━━━━━━━━━━━━━━━━━━━━━━━━━━━━━━ 58.3/58.3 kB 9.9 MB/s eta 0:00:00
Downloading certifi-2023.11.17-py3-none-any.whl (162 kB)
   ━━━━━━━━━━━━━━━━━━━━━━━━━━━━━━━━━━━━━━━━ 162.5/162.5 kB 17.6 MB/s eta 0:00:00
Downloading trio-0.23.1-py3-none-any.whl (448 kB)
   ━━━━━━━━━━━━━━━━━━━━━━━━━━━━━━━━━━━━━━━━ 448.3/448.3 kB 25.7 MB/s eta 0:00:00
Downloading trio_websocket-0.11.1-py3-none-any.whl (17 kB)
Downloading urllib3-1.26.18-py2.py3-none-any.whl (143 kB)
   ━━━━━━━━━━━━━━━━━━━━━━━━━━━━━━━━━━━━━━━━ 143.8/143.8 kB 19.1 MB/s eta 0:00:00
Using cached exceptiongroup-1.2.0-py3-none-any.whl (16 kB)
Downloading idna-3.6-py3-none-any.whl (61 kB)
   ━━━━━━━━━━━━━━━━━━━━━━━━━━━━━━━━━━━━━━━━ 61.6/61.6 kB 10.1 MB/s eta 0:00:00
Downloading outcome-1.3.0.post0-py2.py3-none-any.whl (10 kB)
Installing collected packages: sortedcontainers, urllib3, sniffio, PySocks, idna, h11, exceptiongroup, certifi, attrs, wsproto, outcome, trio, trio-websocket, selenium
Successfully installed PySocks-1.7.1 attrs-23.1.0 certifi-2023.11.17 exceptiongroup-1.2.0 h11-0.14.0 idna-3.6 outcome-1.3.0.post0 selenium-4.7.2 sniffio-1.3.0 sortedcontainers-2.4.0 trio-0.23.1 trio-websocket-0.11.1 urllib3-1.26.18 wsproto-1.2.0
