Collecting selenium==4.7.2
  Downloading selenium-4.7.2-py3-none-any.whl (6.3 MB)
     ━━━━━━━━━━━━━━━━━━━━━━━━━━━━━━━━━━━━━━━━ 6.3/6.3 MB 8.3 MB/s eta 0:00:00
Collecting urllib3[socks]~=1.26
  Using cached urllib3-1.26.18-py2.py3-none-any.whl (143 kB)
Collecting trio~=0.17
  Downloading trio-0.23.1-py3-none-any.whl (448 kB)
     ━━━━━━━━━━━━━━━━━━━━━━━━━━━━━━━━━━━━━━━ 448.3/448.3 kB 4.9 MB/s eta 0:00:00
Collecting trio-websocket~=0.9
  Downloading trio_websocket-0.11.1-py3-none-any.whl (17 kB)
Collecting certifi>=2021.10.8
  Using cached certifi-2023.11.17-py3-none-any.whl (162 kB)
Collecting attrs>=20.1.0
  Using cached attrs-23.1.0-py3-none-any.whl (61 kB)
Collecting sortedcontainers
  Downloading sortedcontainers-2.4.0-py2.py3-none-any.whl (29 kB)
Collecting idna
  Using cached idna-3.6-py3-none-any.whl (61 kB)
Collecting outcome
  Downloading outcome-1.3.0.post0-py2.py3-none-any.whl (10 kB)
Collecting sniffio>=1.3.0
  Downloading sniffio-1.3.0-py3-none-any.whl (10 kB)
Collecting exceptiongroup>=1.0.0rc9
  Using cached exceptiongroup-1.2.0-py3-none-any.whl (16 kB)
Collecting wsproto>=0.14
  Downloading wsproto-1.2.0-py3-none-any.whl (24 kB)
Collecting PySocks!=1.5.7,<2.0,>=1.5.6
  Downloading PySocks-1.7.1-py3-none-any.whl (16 kB)
Collecting h11<1,>=0.9.0
  Downloading h11-0.14.0-py3-none-any.whl (58 kB)
     ━━━━━━━━━━━━━━━━━━━━━━━━━━━━━━━━━━━━━━━━ 58.3/58.3 kB 2.8 MB/s eta 0:00:00
Installing collected packages: sortedcontainers, urllib3, sniffio, PySocks, idna, h11, exceptiongroup, certifi, attrs, wsproto, outcome, trio, trio-websocket, selenium
Looking for GraalPy patches for sortedcontainers
Looking for GraalPy patches for urllib3
Looking for GraalPy patches for sniffio
Looking for GraalPy patches for PySocks
Looking for GraalPy patches for idna
Looking for GraalPy patches for h11
Looking for GraalPy patches for exceptiongroup
Looking for GraalPy patches for certifi
Looking for GraalPy patches for attrs
Looking for GraalPy patches for wsproto
Looking for GraalPy patches for outcome
Looking for GraalPy patches for trio
Looking for GraalPy patches for trio_websocket
Looking for GraalPy patches for selenium
Successfully installed PySocks-1.7.1 attrs-23.1.0 certifi-2023.11.17 exceptiongroup-1.2.0 h11-0.14.0 idna-3.6 outcome-1.3.0.post0 selenium-4.7.2 sniffio-1.3.0 sortedcontainers-2.4.0 trio-0.23.1 trio-websocket-0.11.1 urllib3-1.26.18 wsproto-1.2.0
