Collecting zarr==2.14.0
  Downloading zarr-2.14.0-py3-none-any.whl (202 kB)
     ━━━━━━━━━━━━━━━━━━━━━━━━━━━━━━━━━━━━━━━ 202.8/202.8 kB 2.7 MB/s eta 0:00:00
Collecting asciitree (from zarr==2.14.0)
  Downloading asciitree-0.3.3.tar.gz (4.0 kB)
  Preparing metadata (setup.py): started
  Preparing metadata (setup.py): finished with status 'done'
Collecting numpy>=1.20 (from zarr==2.14.0)
  Using cached numpy-1.26.2-cp310-cp310-manylinux_2_17_x86_64.manylinux2014_x86_64.whl.metadata (61 kB)
Collecting fasteners (from zarr==2.14.0)
  Downloading fasteners-0.19-py3-none-any.whl.metadata (4.9 kB)
Collecting numcodecs>=0.10.0 (from zarr==2.14.0)
  Downloading numcodecs-0.12.1-cp310-cp310-manylinux_2_17_x86_64.manylinux2014_x86_64.whl.metadata (2.8 kB)
Downloading numcodecs-0.12.1-cp310-cp310-manylinux_2_17_x86_64.manylinux2014_x86_64.whl (7.7 MB)
   ━━━━━━━━━━━━━━━━━━━━━━━━━━━━━━━━━━━━━━━━ 7.7/7.7 MB 6.7 MB/s eta 0:00:00
Using cached numpy-1.26.2-cp310-cp310-manylinux_2_17_x86_64.manylinux2014_x86_64.whl (18.2 MB)
Downloading fasteners-0.19-py3-none-any.whl (18 kB)
Building wheels for collected packages: asciitree
  Building wheel for asciitree (setup.py): started
  Building wheel for asciitree (setup.py): finished with status 'done'
  Created wheel for asciitree: filename=asciitree-0.3.3-py3-none-any.whl size=5034 sha256=e42ea4a0e870a97fb32253bfba113225e94a09103177b9a6491b795076084308
  Stored in directory: /workdir/.cache/pip/wheels/7f/4e/be/1171b40f43b918087657ec57cf3b81fa1a2e027d8755baa184
Successfully built asciitree
Installing collected packages: asciitree, numpy, fasteners, numcodecs, zarr
Successfully installed asciitree-0.3.3 fasteners-0.19 numcodecs-0.12.1 numpy-1.26.2 zarr-2.14.0
