Collecting zarr==2.14.0
  Downloading zarr-2.14.0-py3-none-any.whl (202 kB)
     ━━━━━━━━━━━━━━━━━━━━━━━━━━━━━━━━━━━━━━━ 202.8/202.8 kB 3.5 MB/s eta 0:00:00
Collecting asciitree
  Downloading asciitree-0.3.3.tar.gz (4.0 kB)
Looking for GraalPy patches for asciitree
  Preparing metadata (setup.py): started
  Preparing metadata (setup.py): finished with status 'done'
Collecting numpy>=1.20
  Using cached numpy-1.23.5-graalpy310-graalpy231_310_native-linux_x86_64.whl
Collecting fasteners
  Downloading fasteners-0.19-py3-none-any.whl (18 kB)
Collecting numcodecs>=0.10.0
  Downloading numcodecs-0.12.1.tar.gz (4.1 MB)
     ━━━━━━━━━━━━━━━━━━━━━━━━━━━━━━━━━━━━━━━━ 4.1/4.1 MB 7.1 MB/s eta 0:00:00
Looking for GraalPy patches for numcodecs
  Installing build dependencies: started
  Installing build dependencies: finished with status 'done'
  Getting requirements to build wheel: started
  Getting requirements to build wheel: still running...
  Getting requirements to build wheel: finished with status 'done'
  Installing backend dependencies: started
  Installing backend dependencies: finished with status 'done'
  Preparing metadata (pyproject.toml): started
  Preparing metadata (pyproject.toml): finished with status 'done'
Building wheels for collected packages: numcodecs, asciitree
  Building wheel for numcodecs (pyproject.toml): started
  Building wheel for numcodecs (pyproject.toml): finished with status 'done'
  Created wheel for numcodecs: filename=numcodecs-0.12.1-graalpy310-graalpy231_310_native-linux_x86_64.whl size=1520714 sha256=812c0f698a08dd539d726e39153ae3941df7733210480594e1ac1704792f8749
  Stored in directory: /workdir/.cache/pip-graalpy/wheels/36/ad/18/d8dac997f3cd9de03c168e77dc7f92db7ebb30685d1cb029df
  Building wheel for asciitree (setup.py): started
  Building wheel for asciitree (setup.py): finished with status 'done'
  Created wheel for asciitree: filename=asciitree-0.3.3-py3-none-any.whl size=5048 sha256=4288b6d0832e712c57534a0b17c9d9b0ce6dafece1ea261502dfdcf4d40e284c
  Stored in directory: /workdir/.cache/pip-graalpy/wheels/96/60/92/80688bb492dbfc4e6803723c2b88f8ca215b70cfd5608f3622
Successfully built numcodecs asciitree
Installing collected packages: asciitree, numpy, fasteners, numcodecs, zarr
Looking for GraalPy patches for asciitree
Looking for GraalPy patches for numpy
We have patches to make this package work on GraalVM for some version(s).
If installing or running fails, consider using one of the versions that we have patches for:
numpy == 1.16.4
numpy == 1.19.5
numpy == 1.21.6
numpy == 1.22.4
numpy == 1.23.4
numpy == 1.23.1
numpy == 1.23.5
Looking for GraalPy patches for fasteners
Looking for GraalPy patches for numcodecs
Looking for GraalPy patches for zarr
Successfully installed asciitree-0.3.3 fasteners-0.19 numcodecs-0.12.1 numpy-1.23.5 zarr-2.14.0
