Collecting dateparser==1.1.4
  Downloading dateparser-1.1.4-py2.py3-none-any.whl (292 kB)
     ━━━━━━━━━━━━━━━━━━━━━━━━━━━━━━━━━━━━━━━ 292.9/292.9 kB 3.8 MB/s eta 0:00:00
Collecting python-dateutil
  Using cached python_dateutil-2.8.2-py2.py3-none-any.whl (247 kB)
Collecting pytz
  Using cached pytz-2022.2.1-py2.py3-none-any.whl (500 kB)
Collecting regex!=2019.02.19,!=2021.8.27
  Using cached regex-2023.10.3-graalpy310-graalpy231_310_native-linux_x86_64.whl
Collecting tzlocal
  Using cached tzlocal-5.2-py3-none-any.whl (17 kB)
Collecting six>=1.5
  Using cached six-1.16.0-py2.py3-none-any.whl (11 kB)
Installing collected packages: pytz, tzlocal, six, regex, python-dateutil, dateparser
Looking for GraalPy patches for pytz
Patching package pytz using /opt/graalpy/lib/graalpy23.1/patches/pytz/pytz-2022.2.1.patch
Looking for GraalPy patches for tzlocal
Looking for GraalPy patches for six
Looking for GraalPy patches for regex
Looking for GraalPy patches for python_dateutil
Looking for GraalPy patches for dateparser
Successfully installed dateparser-1.1.4 python-dateutil-2.8.2 pytz-2022.2.1 regex-2023.10.3 six-1.16.0 tzlocal-5.2
