Collecting docker==6.0.1
  Downloading docker-6.0.1-py3-none-any.whl (147 kB)
     ━━━━━━━━━━━━━━━━━━━━━━━━━━━━━━━━━━━━━━━ 147.5/147.5 kB 4.7 MB/s eta 0:00:00
Collecting packaging>=14.0 (from docker==6.0.1)
  Using cached packaging-23.2-py3-none-any.whl.metadata (3.2 kB)
Collecting requests>=2.26.0 (from docker==6.0.1)
  Using cached requests-2.31.0-py3-none-any.whl.metadata (4.6 kB)
Collecting urllib3>=1.26.0 (from docker==6.0.1)
  Using cached urllib3-2.1.0-py3-none-any.whl.metadata (6.4 kB)
Collecting websocket-client>=0.32.0 (from docker==6.0.1)
  Using cached websocket_client-1.6.4-py3-none-any.whl.metadata (7.7 kB)
Collecting charset-normalizer<4,>=2 (from requests>=2.26.0->docker==6.0.1)
  Using cached charset_normalizer-3.3.2-cp310-cp310-manylinux_2_17_x86_64.manylinux2014_x86_64.whl.metadata (33 kB)
Collecting idna<4,>=2.5 (from requests>=2.26.0->docker==6.0.1)
  Using cached idna-3.4-py3-none-any.whl (61 kB)
Collecting certifi>=2017.4.17 (from requests>=2.26.0->docker==6.0.1)
  Using cached certifi-2023.11.17-py3-none-any.whl.metadata (2.2 kB)
Using cached packaging-23.2-py3-none-any.whl (53 kB)
Using cached requests-2.31.0-py3-none-any.whl (62 kB)
Using cached urllib3-2.1.0-py3-none-any.whl (104 kB)
Using cached websocket_client-1.6.4-py3-none-any.whl (57 kB)
Using cached certifi-2023.11.17-py3-none-any.whl (162 kB)
Using cached charset_normalizer-3.3.2-cp310-cp310-manylinux_2_17_x86_64.manylinux2014_x86_64.whl (142 kB)
Installing collected packages: websocket-client, urllib3, packaging, idna, charset-normalizer, certifi, requests, docker
Successfully installed certifi-2023.11.17 charset-normalizer-3.3.2 docker-6.0.1 idna-3.4 packaging-23.2 requests-2.31.0 urllib3-2.1.0 websocket-client-1.6.4
