Collecting docker==6.0.1
  Downloading docker-6.0.1-py3-none-any.whl (147 kB)
     ━━━━━━━━━━━━━━━━━━━━━━━━━━━━━━━━━━━━━━━ 147.5/147.5 kB 1.9 MB/s eta 0:00:00
Collecting packaging>=14.0
  Using cached packaging-23.2-py3-none-any.whl (53 kB)
Collecting requests>=2.26.0
  Using cached requests-2.31.0-py3-none-any.whl (62 kB)
Collecting urllib3>=1.26.0
  Using cached urllib3-2.1.0-py3-none-any.whl (104 kB)
Collecting websocket-client>=0.32.0
  Using cached websocket_client-1.6.4-py3-none-any.whl (57 kB)
Collecting charset-normalizer<4,>=2
  Using cached charset_normalizer-3.1.0-py3-none-any.whl (46 kB)
Collecting idna<4,>=2.5
  Using cached idna-3.4-py3-none-any.whl (61 kB)
Collecting certifi>=2017.4.17
  Using cached certifi-2023.11.17-py3-none-any.whl (162 kB)
Installing collected packages: websocket-client, urllib3, packaging, idna, charset-normalizer, certifi, requests, docker
Looking for GraalPy patches for websocket_client
Looking for GraalPy patches for urllib3
Looking for GraalPy patches for packaging
Patching package packaging using /opt/graalpy/lib/graalpy23.1/patches/packaging/packaging.patch
patching file packaging/tags.py
Hunk #1 FAILED at 4.
Hunk #2 FAILED at 37.
2 out of 2 hunks FAILED -- saving rejects to file packaging/tags.py.rej
Applying GraalPy patch failed for packaging. The package may still work.
Looking for GraalPy patches for idna
Looking for GraalPy patches for charset_normalizer
Patching package charset_normalizer using /opt/graalpy/lib/graalpy23.1/patches/charset_normalizer/charset_normalizer-3.1.0.patch
patching file charset_normalizer/utils.py
Hunk #1 succeeded at 7 with fuzz 2 (offset -4 lines).
Hunk #2 succeeded at 258 with fuzz 2 (offset 11 lines).
Looking for GraalPy patches for certifi
Looking for GraalPy patches for requests
Looking for GraalPy patches for docker
Successfully installed certifi-2023.11.17 charset-normalizer-3.1.0 docker-6.0.1 idna-3.4 packaging-23.2 requests-2.31.0 urllib3-2.1.0 websocket-client-1.6.4
