Collecting alembic==1.8.1
  Downloading alembic-1.8.1-py3-none-any.whl (209 kB)
     ━━━━━━━━━━━━━━━━━━━━━━━━━━━━━━━━━━━━━━━ 209.8/209.8 kB 4.5 MB/s eta 0:00:00
Collecting SQLAlchemy>=1.3.0 (from alembic==1.8.1)
  Downloading SQLAlchemy-2.0.23-cp310-cp310-manylinux_2_17_x86_64.manylinux2014_x86_64.whl.metadata (9.6 kB)
Collecting Mako (from alembic==1.8.1)
  Downloading Mako-1.3.0-py3-none-any.whl.metadata (2.9 kB)
Collecting typing-extensions>=4.2.0 (from SQLAlchemy>=1.3.0->alembic==1.8.1)
  Downloading typing_extensions-4.8.0-py3-none-any.whl.metadata (3.0 kB)
Collecting greenlet!=0.4.17 (from SQLAlchemy>=1.3.0->alembic==1.8.1)
  Downloading greenlet-3.0.1-cp310-cp310-manylinux_2_24_x86_64.manylinux_2_28_x86_64.whl.metadata (3.7 kB)
Collecting MarkupSafe>=0.9.2 (from Mako->alembic==1.8.1)
  Downloading MarkupSafe-2.1.3-cp310-cp310-manylinux_2_17_x86_64.manylinux2014_x86_64.whl.metadata (3.0 kB)
Downloading SQLAlchemy-2.0.23-cp310-cp310-manylinux_2_17_x86_64.manylinux2014_x86_64.whl (3.0 MB)
   ━━━━━━━━━━━━━━━━━━━━━━━━━━━━━━━━━━━━━━━━ 3.0/3.0 MB 18.8 MB/s eta 0:00:00
Downloading Mako-1.3.0-py3-none-any.whl (78 kB)
   ━━━━━━━━━━━━━━━━━━━━━━━━━━━━━━━━━━━━━━━━ 78.6/78.6 kB 6.8 MB/s eta 0:00:00
Downloading greenlet-3.0.1-cp310-cp310-manylinux_2_24_x86_64.manylinux_2_28_x86_64.whl (613 kB)
   ━━━━━━━━━━━━━━━━━━━━━━━━━━━━━━━━━━━━━━━━ 613.2/613.2 kB 23.6 MB/s eta 0:00:00
Downloading MarkupSafe-2.1.3-cp310-cp310-manylinux_2_17_x86_64.manylinux2014_x86_64.whl (25 kB)
Downloading typing_extensions-4.8.0-py3-none-any.whl (31 kB)
Installing collected packages: typing-extensions, MarkupSafe, greenlet, SQLAlchemy, Mako, alembic
Successfully installed Mako-1.3.0 MarkupSafe-2.1.3 SQLAlchemy-2.0.23 alembic-1.8.1 greenlet-3.0.1 typing-extensions-4.8.0
