Collecting alembic==1.8.1
  Downloading alembic-1.8.1-py3-none-any.whl (209 kB)
     ━━━━━━━━━━━━━━━━━━━━━━━━━━━━━━━━━━━━━━━ 209.8/209.8 kB 4.2 MB/s eta 0:00:00
Collecting SQLAlchemy>=1.3.0
  Downloading SQLAlchemy-2.0.23-py3-none-any.whl (1.9 MB)
     ━━━━━━━━━━━━━━━━━━━━━━━━━━━━━━━━━━━━━━━━ 1.9/1.9 MB 4.8 MB/s eta 0:00:00
Collecting Mako
  Downloading Mako-1.3.0-py3-none-any.whl (78 kB)
     ━━━━━━━━━━━━━━━━━━━━━━━━━━━━━━━━━━━━━━━━ 78.6/78.6 kB 3.6 MB/s eta 0:00:00
Collecting typing-extensions>=4.2.0
  Using cached typing_extensions-4.8.0-py3-none-any.whl (31 kB)
Collecting greenlet!=0.4.17
  Downloading greenlet-3.0.1.tar.gz (174 kB)
     ━━━━━━━━━━━━━━━━━━━━━━━━━━━━━━━━━━━━━━━ 174.8/174.8 kB 2.9 MB/s eta 0:00:00
auto-patching C API usages in /tmp/pip-install-hr0fgaxc/greenlet_a38e272b7e064e478a3bbd534a61c2f8/src/greenlet/greenlet_cpython_compat.hpp
Looking for GraalPy patches for greenlet
  Preparing metadata (setup.py): started
  Preparing metadata (setup.py): finished with status 'done'
Collecting MarkupSafe>=0.9.2
  Downloading MarkupSafe-2.1.3.tar.gz (19 kB)
Looking for GraalPy patches for MarkupSafe
  Preparing metadata (setup.py): started
  Preparing metadata (setup.py): finished with status 'done'
Building wheels for collected packages: greenlet, MarkupSafe
  Building wheel for greenlet (setup.py): started
  Building wheel for greenlet (setup.py): finished with status 'done'
  Created wheel for greenlet: filename=greenlet-3.0.1-graalpy310-graalpy231_310_native-linux_x86_64.whl size=257121 sha256=30b340e1091d7d1fa59d357f34061590ed4c64a4521c9c907fb1ffddcfe9fd72
  Stored in directory: /workdir/.cache/pip-graalpy/wheels/e0/14/17/f6a51fd4625900993c030e7d5a2f1e2f5d3e62dfca68194701
  Building wheel for MarkupSafe (setup.py): started
  Building wheel for MarkupSafe (setup.py): finished with status 'done'
  Created wheel for MarkupSafe: filename=MarkupSafe-2.1.3-py3-none-any.whl size=9770 sha256=88e580e882a3cd37604318ce1bdf24d86061a180778f777f92428095bfc1bca0
  Stored in directory: /workdir/.cache/pip-graalpy/wheels/4f/6f/58/9fa573915868c3b8a02a894f88387df1161115529bd9d604d5
Successfully built greenlet MarkupSafe
Installing collected packages: typing-extensions, MarkupSafe, greenlet, SQLAlchemy, Mako, alembic
Looking for GraalPy patches for typing_extensions
Looking for GraalPy patches for MarkupSafe
Looking for GraalPy patches for greenlet
Looking for GraalPy patches for SQLAlchemy
Looking for GraalPy patches for Mako
Looking for GraalPy patches for alembic
Successfully installed Mako-1.3.0 MarkupSafe-2.1.3 SQLAlchemy-2.0.23 alembic-1.8.1 greenlet-3.0.1 typing-extensions-4.8.0
