Collecting prophet==1.1.4
  Downloading prophet-1.1.4-py3-none-manylinux_2_17_x86_64.manylinux2014_x86_64.whl.metadata (3.6 kB)
Collecting cmdstanpy>=1.0.4 (from prophet==1.1.4)
  Using cached cmdstanpy-1.2.0-py3-none-any.whl.metadata (3.9 kB)
Collecting numpy>=1.15.4 (from prophet==1.1.4)
  Using cached numpy-1.26.2-cp310-cp310-manylinux_2_17_x86_64.manylinux2014_x86_64.whl.metadata (61 kB)
Collecting matplotlib>=2.0.0 (from prophet==1.1.4)
  Using cached matplotlib-3.8.2-cp310-cp310-manylinux_2_17_x86_64.manylinux2014_x86_64.whl.metadata (5.8 kB)
Collecting pandas>=1.0.4 (from prophet==1.1.4)
  Using cached pandas-2.1.3-cp310-cp310-manylinux_2_17_x86_64.manylinux2014_x86_64.whl.metadata (18 kB)
Collecting LunarCalendar>=0.0.9 (from prophet==1.1.4)
  Downloading LunarCalendar-0.0.9-py2.py3-none-any.whl (18 kB)
Collecting convertdate>=2.1.2 (from prophet==1.1.4)
  Downloading convertdate-2.4.0-py3-none-any.whl (47 kB)
     ━━━━━━━━━━━━━━━━━━━━━━━━━━━━━━━━━━━━━━━━ 47.9/47.9 kB 1.9 MB/s eta 0:00:00
Collecting holidays>=0.25 (from prophet==1.1.4)
  Downloading holidays-0.37-py3-none-any.whl.metadata (21 kB)
Collecting python-dateutil>=2.8.0 (from prophet==1.1.4)
  Using cached python_dateutil-2.8.2-py2.py3-none-any.whl (247 kB)
Collecting tqdm>=4.36.1 (from prophet==1.1.4)
  Using cached tqdm-4.66.1-py3-none-any.whl.metadata (57 kB)
Collecting importlib-resources (from prophet==1.1.4)
  Using cached importlib_resources-6.1.1-py3-none-any.whl.metadata (4.1 kB)
Collecting stanio~=0.3.0 (from cmdstanpy>=1.0.4->prophet==1.1.4)
  Using cached stanio-0.3.0-py3-none-any.whl.metadata (963 bytes)
Collecting pymeeus<=1,>=0.3.13 (from convertdate>=2.1.2->prophet==1.1.4)
  Downloading PyMeeus-0.5.12.tar.gz (5.8 MB)
     ━━━━━━━━━━━━━━━━━━━━━━━━━━━━━━━━━━━━━━━━ 5.8/5.8 MB 24.7 MB/s eta 0:00:00
  Preparing metadata (setup.py): started
  Preparing metadata (setup.py): finished with status 'done'
Collecting ephem>=3.7.5.3 (from LunarCalendar>=0.0.9->prophet==1.1.4)
  Downloading ephem-4.1.5-cp310-cp310-manylinux_2_17_x86_64.manylinux2014_x86_64.whl.metadata (6.0 kB)
Collecting pytz (from LunarCalendar>=0.0.9->prophet==1.1.4)
  Using cached pytz-2023.3.post1-py2.py3-none-any.whl.metadata (22 kB)
Collecting contourpy>=1.0.1 (from matplotlib>=2.0.0->prophet==1.1.4)
  Using cached contourpy-1.2.0-cp310-cp310-manylinux_2_17_x86_64.manylinux2014_x86_64.whl.metadata (5.8 kB)
Collecting cycler>=0.10 (from matplotlib>=2.0.0->prophet==1.1.4)
  Using cached cycler-0.12.1-py3-none-any.whl.metadata (3.8 kB)
Collecting fonttools>=4.22.0 (from matplotlib>=2.0.0->prophet==1.1.4)
  Using cached fonttools-4.45.0-cp310-cp310-manylinux_2_17_x86_64.manylinux2014_x86_64.whl.metadata (154 kB)
Collecting kiwisolver>=1.3.1 (from matplotlib>=2.0.0->prophet==1.1.4)
  Using cached kiwisolver-1.4.5-cp310-cp310-manylinux_2_12_x86_64.manylinux2010_x86_64.whl.metadata (6.4 kB)
Collecting packaging>=20.0 (from matplotlib>=2.0.0->prophet==1.1.4)
  Using cached packaging-23.2-py3-none-any.whl.metadata (3.2 kB)
Collecting pillow>=8 (from matplotlib>=2.0.0->prophet==1.1.4)
  Using cached Pillow-10.1.0-cp310-cp310-manylinux_2_28_x86_64.whl.metadata (9.5 kB)
Collecting pyparsing>=2.3.1 (from matplotlib>=2.0.0->prophet==1.1.4)
  Using cached pyparsing-3.1.1-py3-none-any.whl.metadata (5.1 kB)
Collecting tzdata>=2022.1 (from pandas>=1.0.4->prophet==1.1.4)
  Using cached tzdata-2023.3-py2.py3-none-any.whl (341 kB)
Collecting six>=1.5 (from python-dateutil>=2.8.0->prophet==1.1.4)
  Using cached six-1.16.0-py2.py3-none-any.whl (11 kB)
Downloading prophet-1.1.4-py3-none-manylinux_2_17_x86_64.manylinux2014_x86_64.whl (13.0 MB)
   ━━━━━━━━━━━━━━━━━━━━━━━━━━━━━━━━━━━━━━━━ 13.0/13.0 MB 23.5 MB/s eta 0:00:00
Using cached cmdstanpy-1.2.0-py3-none-any.whl (93 kB)
Downloading holidays-0.37-py3-none-any.whl (851 kB)
   ━━━━━━━━━━━━━━━━━━━━━━━━━━━━━━━━━━━━━━━━ 852.0/852.0 kB 21.4 MB/s eta 0:00:00
Using cached matplotlib-3.8.2-cp310-cp310-manylinux_2_17_x86_64.manylinux2014_x86_64.whl (11.6 MB)
Using cached numpy-1.26.2-cp310-cp310-manylinux_2_17_x86_64.manylinux2014_x86_64.whl (18.2 MB)
Using cached pandas-2.1.3-cp310-cp310-manylinux_2_17_x86_64.manylinux2014_x86_64.whl (12.3 MB)
Using cached tqdm-4.66.1-py3-none-any.whl (78 kB)
Using cached importlib_resources-6.1.1-py3-none-any.whl (33 kB)
Using cached contourpy-1.2.0-cp310-cp310-manylinux_2_17_x86_64.manylinux2014_x86_64.whl (310 kB)
Using cached cycler-0.12.1-py3-none-any.whl (8.3 kB)
Downloading ephem-4.1.5-cp310-cp310-manylinux_2_17_x86_64.manylinux2014_x86_64.whl (1.8 MB)
   ━━━━━━━━━━━━━━━━━━━━━━━━━━━━━━━━━━━━━━━━ 1.8/1.8 MB 25.4 MB/s eta 0:00:00
Using cached fonttools-4.45.0-cp310-cp310-manylinux_2_17_x86_64.manylinux2014_x86_64.whl (4.6 MB)
Using cached kiwisolver-1.4.5-cp310-cp310-manylinux_2_12_x86_64.manylinux2010_x86_64.whl (1.6 MB)
Using cached packaging-23.2-py3-none-any.whl (53 kB)
Using cached Pillow-10.1.0-cp310-cp310-manylinux_2_28_x86_64.whl (3.6 MB)
Using cached pyparsing-3.1.1-py3-none-any.whl (103 kB)
Using cached pytz-2023.3.post1-py2.py3-none-any.whl (502 kB)
Using cached stanio-0.3.0-py3-none-any.whl (6.2 kB)
Building wheels for collected packages: pymeeus
  Building wheel for pymeeus (setup.py): started
  Building wheel for pymeeus (setup.py): finished with status 'done'
  Created wheel for pymeeus: filename=PyMeeus-0.5.12-py3-none-any.whl size=731999 sha256=22474103df0fa1bf5ed1f946321e5ff47db1506fa8b58a0943f159bdb98a8a10
  Stored in directory: /workdir/.cache/pip/wheels/d6/67/78/aa2e8d108639dd23a5e9e72a4fc88bb44f5541894382712f48
Successfully built pymeeus
Installing collected packages: pytz, pymeeus, ephem, tzdata, tqdm, six, pyparsing, pillow, packaging, numpy, kiwisolver, importlib-resources, fonttools, cycler, convertdate, stanio, python-dateutil, contourpy, pandas, matplotlib, LunarCalendar, holidays, cmdstanpy, prophet
Successfully installed LunarCalendar-0.0.9 cmdstanpy-1.2.0 contourpy-1.2.0 convertdate-2.4.0 cycler-0.12.1 ephem-4.1.5 fonttools-4.45.0 holidays-0.37 importlib-resources-6.1.1 kiwisolver-1.4.5 matplotlib-3.8.2 numpy-1.26.2 packaging-23.2 pandas-2.1.3 pillow-10.1.0 prophet-1.1.4 pymeeus-0.5.12 pyparsing-3.1.1 python-dateutil-2.8.2 pytz-2023.3.post1 six-1.16.0 stanio-0.3.0 tqdm-4.66.1 tzdata-2023.3
