Collecting prophet==1.1.4
  Downloading prophet-1.1.4-py3-none-manylinux_2_17_x86_64.manylinux2014_x86_64.whl (13.0 MB)
     ━━━━━━━━━━━━━━━━━━━━━━━━━━━━━━━━━━━━━━━━ 13.0/13.0 MB 5.2 MB/s eta 0:00:00
Collecting cmdstanpy>=1.0.4
  Using cached cmdstanpy-1.2.0-py3-none-any.whl (93 kB)
Collecting numpy>=1.15.4
  Using cached numpy-1.23.5-graalpy310-graalpy231_310_native-linux_x86_64.whl
Collecting matplotlib>=2.0.0
  Using cached matplotlib-3.7.0-graalpy310-graalpy231_310_native-linux_x86_64.whl
Collecting pandas>=1.0.4
  Using cached pandas-1.5.2-graalpy310-graalpy231_310_native-linux_x86_64.whl
Collecting LunarCalendar>=0.0.9
  Downloading LunarCalendar-0.0.9-py2.py3-none-any.whl (18 kB)
Collecting convertdate>=2.1.2
  Downloading convertdate-2.4.0-py3-none-any.whl (47 kB)
     ━━━━━━━━━━━━━━━━━━━━━━━━━━━━━━━━━━━━━━━━ 47.9/47.9 kB 2.0 MB/s eta 0:00:00
Collecting holidays>=0.25
  Downloading holidays-0.37-py3-none-any.whl (851 kB)
     ━━━━━━━━━━━━━━━━━━━━━━━━━━━━━━━━━━━━━━━ 852.0/852.0 kB 7.1 MB/s eta 0:00:00
Collecting python-dateutil>=2.8.0
  Using cached python_dateutil-2.8.2-py2.py3-none-any.whl (247 kB)
Collecting tqdm>=4.36.1
  Using cached tqdm-4.66.1-py3-none-any.whl (78 kB)
Collecting importlib-resources
  Downloading importlib_resources-6.1.1-py3-none-any.whl (33 kB)
Collecting stanio~=0.3.0
  Using cached stanio-0.3.0-py3-none-any.whl (6.2 kB)
Collecting pymeeus<=1,>=0.3.13
  Downloading PyMeeus-0.5.12.tar.gz (5.8 MB)
     ━━━━━━━━━━━━━━━━━━━━━━━━━━━━━━━━━━━━━━━━ 5.8/5.8 MB 7.3 MB/s eta 0:00:00
Looking for GraalPy patches for PyMeeus
  Preparing metadata (setup.py): started
  Preparing metadata (setup.py): finished with status 'done'
Collecting ephem>=3.7.5.3
  Downloading ephem-4.1.5.tar.gz (1.3 MB)
     ━━━━━━━━━━━━━━━━━━━━━━━━━━━━━━━━━━━━━━━━ 1.3/1.3 MB 4.7 MB/s eta 0:00:00
Looking for GraalPy patches for ephem
  Preparing metadata (setup.py): started
  Preparing metadata (setup.py): finished with status 'done'
Collecting pytz
  Using cached pytz-2022.2.1-py2.py3-none-any.whl (500 kB)
Collecting contourpy>=1.0.1
  Using cached contourpy-1.2.0-graalpy310-graalpy231_310_native-linux_x86_64.whl
Collecting cycler>=0.10
  Using cached cycler-0.12.1-py3-none-any.whl (8.3 kB)
Collecting fonttools>=4.22.0
  Using cached fonttools-4.45.0-py3-none-any.whl (1.0 MB)
Collecting kiwisolver>=1.0.1
  Using cached kiwisolver-1.4.5-graalpy310-graalpy231_310_native-linux_x86_64.whl
Collecting packaging>=20.0
  Using cached packaging-23.2-py3-none-any.whl (53 kB)
Collecting pillow>=6.2.0
  Using cached Pillow-10.1.0-graalpy310-graalpy231_310_native-linux_x86_64.whl
Collecting pyparsing>=2.3.1
  Using cached pyparsing-3.0.8-py3-none-any.whl (98 kB)
Collecting six>=1.5
  Using cached six-1.16.0-py2.py3-none-any.whl (11 kB)
Building wheels for collected packages: ephem, pymeeus
  Building wheel for ephem (setup.py): started
  Building wheel for ephem (setup.py): finished with status 'done'
  Created wheel for ephem: filename=ephem-4.1.5-graalpy310-graalpy231_310_native-linux_x86_64.whl size=1475720 sha256=9f727895695bf614a6b5e7414c2e213b02e45bd85f0918db60e9fdc25b1e539f
  Stored in directory: /workdir/.cache/pip-graalpy/wheels/b3/ba/f1/1cb1d85c56a761bc525e4a80664da197ef421e3992b2abda78
  Building wheel for pymeeus (setup.py): started
  Building wheel for pymeeus (setup.py): finished with status 'done'
  Created wheel for pymeeus: filename=PyMeeus-0.5.12-py3-none-any.whl size=732017 sha256=7cbeaba9bd9913f0d1c60ba35e5dc23686faa6d70d87beefb561f851d4b1eedf
  Stored in directory: /workdir/.cache/pip-graalpy/wheels/79/d7/26/ae67a1295a3440611bf125d6cefb58c353fa4296983a3a0fae
Successfully built ephem pymeeus
Installing collected packages: pytz, pymeeus, ephem, tqdm, six, pyparsing, pillow, packaging, numpy, kiwisolver, importlib-resources, fonttools, cycler, convertdate, stanio, python-dateutil, contourpy, pandas, matplotlib, LunarCalendar, holidays, cmdstanpy, prophet
Looking for GraalPy patches for pytz
Patching package pytz using /opt/graalpy/lib/graalpy23.1/patches/pytz/pytz-2022.2.1.patch
Looking for GraalPy patches for PyMeeus
Looking for GraalPy patches for ephem
Looking for GraalPy patches for tqdm
Looking for GraalPy patches for six
Looking for GraalPy patches for pyparsing
Patching package pyparsing using /opt/graalpy/lib/graalpy23.1/patches/pyparsing/pyparsing-3.0.8.patch
Looking for GraalPy patches for Pillow
Looking for GraalPy patches for packaging
Patching package packaging using /opt/graalpy/lib/graalpy23.1/patches/packaging/packaging.patch
patching file packaging/tags.py
Hunk #1 FAILED at 4.
Hunk #2 FAILED at 37.
2 out of 2 hunks FAILED -- saving rejects to file packaging/tags.py.rej
Applying GraalPy patch failed for packaging. The package may still work.
Looking for GraalPy patches for numpy
We have patches to make this package work on GraalVM for some version(s).
If installing or running fails, consider using one of the versions that we have patches for:
numpy == 1.16.4
numpy == 1.19.5
numpy == 1.21.6
numpy == 1.22.4
numpy == 1.23.4
numpy == 1.23.1
numpy == 1.23.5
Looking for GraalPy patches for kiwisolver
Looking for GraalPy patches for importlib_resources
Looking for GraalPy patches for fonttools
Looking for GraalPy patches for cycler
Looking for GraalPy patches for convertdate
Looking for GraalPy patches for stanio
Looking for GraalPy patches for python_dateutil
Looking for GraalPy patches for contourpy
Looking for GraalPy patches for pandas
We have patches to make this package work on GraalVM for some version(s).
If installing or running fails, consider using one of the versions that we have patches for:
pandas == 1.4.3
pandas == 1.5.2
Looking for GraalPy patches for matplotlib
Patching package matplotlib using /opt/graalpy/lib/graalpy23.1/patches/matplotlib/matplotlib-3.7.0.patch
can't find file to patch at input line 5
Perhaps you used the wrong -p or --strip option?
The text leading up to this was:
--------------------------
|diff --git a/setupext.py b/setupext.py
|index a898d64..1f0b0b4 100644
|--- a/setupext.py
|+++ b/setupext.py
--------------------------
No file to patch.  Skipping patch.
1 out of 1 hunk ignored
Applying GraalPy patch failed for matplotlib. The package may still work.
Looking for GraalPy patches for LunarCalendar
Looking for GraalPy patches for holidays
Looking for GraalPy patches for cmdstanpy
Looking for GraalPy patches for prophet
Successfully installed LunarCalendar-0.0.9 cmdstanpy-1.2.0 contourpy-1.2.0 convertdate-2.4.0 cycler-0.12.1 ephem-4.1.5 fonttools-4.45.0 holidays-0.37 importlib-resources-6.1.1 kiwisolver-1.4.5 matplotlib-3.7.0 numpy-1.23.5 packaging-23.2 pandas-1.5.2 pillow-10.1.0 prophet-1.1.4 pymeeus-0.5.12 pyparsing-3.0.8 python-dateutil-2.8.2 pytz-2022.2.1 six-1.16.0 stanio-0.3.0 tqdm-4.66.1
