Collecting pip-tools==6.11.0
  Downloading pip_tools-6.11.0-py3-none-any.whl (52 kB)
     ━━━━━━━━━━━━━━━━━━━━━━━━━━━━━━━━━━━━━━━━ 52.3/52.3 kB 1.1 MB/s eta 0:00:00
Collecting build (from pip-tools==6.11.0)
  Using cached build-1.0.3-py3-none-any.whl.metadata (4.2 kB)
Collecting click>=8 (from pip-tools==6.11.0)
  Using cached click-8.1.7-py3-none-any.whl.metadata (3.0 kB)
Requirement already satisfied: pip>=22.2 in ./install-virtualenv/lib/python3.10/site-packages (from pip-tools==6.11.0) (23.3.1)
Requirement already satisfied: setuptools in ./install-virtualenv/lib/python3.10/site-packages (from pip-tools==6.11.0) (68.2.2)
Requirement already satisfied: wheel in ./install-virtualenv/lib/python3.10/site-packages (from pip-tools==6.11.0) (0.41.3)
Collecting packaging>=19.0 (from build->pip-tools==6.11.0)
  Using cached packaging-23.2-py3-none-any.whl.metadata (3.2 kB)
Collecting pyproject_hooks (from build->pip-tools==6.11.0)
  Using cached pyproject_hooks-1.0.0-py3-none-any.whl (9.3 kB)
Collecting tomli>=1.1.0 (from build->pip-tools==6.11.0)
  Using cached tomli-2.0.1-py3-none-any.whl (12 kB)
Using cached click-8.1.7-py3-none-any.whl (97 kB)
Using cached build-1.0.3-py3-none-any.whl (18 kB)
Using cached packaging-23.2-py3-none-any.whl (53 kB)
Installing collected packages: tomli, packaging, click, pyproject_hooks, build, pip-tools
Successfully installed build-1.0.3 click-8.1.7 packaging-23.2 pip-tools-6.11.0 pyproject_hooks-1.0.0 tomli-2.0.1
