Collecting pip-tools==6.11.0
  Downloading pip_tools-6.11.0-py3-none-any.whl (52 kB)
     ━━━━━━━━━━━━━━━━━━━━━━━━━━━━━━━━━━━━━━━ 52.3/52.3 kB 866.8 kB/s eta 0:00:00
Collecting build
  Using cached build-1.0.3-py3-none-any.whl (18 kB)
Collecting click>=8
  Using cached click-8.1.7-py3-none-any.whl (97 kB)
Requirement already satisfied: pip>=22.2 in ./install-virtualenv/lib/python3.10/site-packages (from pip-tools==6.11.0) (22.2.2)
Requirement already satisfied: setuptools in ./install-virtualenv/lib/python3.10/site-packages (from pip-tools==6.11.0) (63.2.0)
Requirement already satisfied: wheel in ./install-virtualenv/lib/python3.10/site-packages (from pip-tools==6.11.0) (0.41.2)
Collecting packaging>=19.0
  Using cached packaging-23.2-py3-none-any.whl (53 kB)
Collecting pyproject_hooks
  Using cached pyproject_hooks-1.0.0-py3-none-any.whl (9.3 kB)
Collecting tomli>=1.1.0
  Using cached tomli-2.0.1-py3-none-any.whl (12 kB)
Installing collected packages: tomli, packaging, click, pyproject_hooks, build, pip-tools
Looking for GraalPy patches for tomli
Looking for GraalPy patches for packaging
Patching package packaging using /opt/graalpy/lib/graalpy23.1/patches/packaging/packaging.patch
patching file packaging/tags.py
Hunk #1 FAILED at 4.
Hunk #2 FAILED at 37.
2 out of 2 hunks FAILED -- saving rejects to file packaging/tags.py.rej
Applying GraalPy patch failed for packaging. The package may still work.
Looking for GraalPy patches for click
Looking for GraalPy patches for pyproject_hooks
Looking for GraalPy patches for build
Looking for GraalPy patches for pip_tools
Successfully installed build-1.0.3 click-8.1.7 packaging-23.2 pip-tools-6.11.0 pyproject_hooks-1.0.0 tomli-2.0.1
