Collecting pyarrow==12.0.0
  Downloading pyarrow-12.0.0.tar.gz (1.0 MB)
     ━━━━━━━━━━━━━━━━━━━━━━━━━━━━━━━━━━━━━━━━ 1.0/1.0 MB 6.3 MB/s eta 0:00:00
Looking for GraalPy patches for pyarrow
  Installing build dependencies: started
  Installing build dependencies: finished with status 'done'
  Getting requirements to build wheel: started
  Getting requirements to build wheel: finished with status 'done'
  Preparing metadata (pyproject.toml): started
  Preparing metadata (pyproject.toml): finished with status 'done'
Collecting numpy>=1.16.6
  Using cached numpy-1.23.5-graalpy310-graalpy231_310_native-linux_x86_64.whl
Building wheels for collected packages: pyarrow
  Building wheel for pyarrow (pyproject.toml): started
  Building wheel for pyarrow (pyproject.toml): still running...
  Building wheel for pyarrow (pyproject.toml): still running...
  Building wheel for pyarrow (pyproject.toml): still running...
  Building wheel for pyarrow (pyproject.toml): still running...
  Building wheel for pyarrow (pyproject.toml): still running...
  Building wheel for pyarrow (pyproject.toml): finished with status 'done'
  Created wheel for pyarrow: filename=pyarrow-12.0.0-graalpy310-graalpy231_310_native-linux_x86_64.whl size=4457601 sha256=841a38a1897f2151ce66224002735de04974fc4e6d0a3f8f3e229934f3ff3b82
  Stored in directory: /workdir/.cache/pip-graalpy/wheels/99/7d/84/63227c787e96a3e3e2b0bb37802ff78d13625fb8ef193baff3
Successfully built pyarrow
Installing collected packages: numpy, pyarrow
Looking for GraalPy patches for numpy
We have patches to make this package work on GraalVM for some version(s).
If installing or running fails, consider using one of the versions that we have patches for:
numpy == 1.16.4
numpy == 1.19.5
numpy == 1.21.6
numpy == 1.22.4
numpy == 1.23.4
numpy == 1.23.1
numpy == 1.23.5
Looking for GraalPy patches for pyarrow
Successfully installed numpy-1.23.5 pyarrow-12.0.0
