Collecting horovod==0.28.1
  Downloading horovod-0.28.1.tar.gz (3.5 MB)
     ━━━━━━━━━━━━━━━━━━━━━━━━━━━━━━━━━━━━━━━━ 3.5/3.5 MB 20.1 MB/s eta 0:00:00
  Preparing metadata (setup.py): started
  Preparing metadata (setup.py): finished with status 'done'
Collecting cloudpickle (from horovod==0.28.1)
  Using cached cloudpickle-3.0.0-py3-none-any.whl.metadata (7.0 kB)
Collecting psutil (from horovod==0.28.1)
  Using cached psutil-5.9.6-cp36-abi3-manylinux_2_12_x86_64.manylinux2010_x86_64.manylinux_2_17_x86_64.manylinux2014_x86_64.whl.metadata (21 kB)
Collecting pyyaml (from horovod==0.28.1)
  Using cached PyYAML-6.0.1-cp310-cp310-manylinux_2_17_x86_64.manylinux2014_x86_64.whl.metadata (2.1 kB)
Collecting packaging (from horovod==0.28.1)
  Using cached packaging-23.2-py3-none-any.whl.metadata (3.2 kB)
Collecting cffi>=1.4.0 (from horovod==0.28.1)
  Using cached cffi-1.16.0-cp310-cp310-manylinux_2_17_x86_64.manylinux2014_x86_64.whl.metadata (1.5 kB)
Collecting pycparser (from cffi>=1.4.0->horovod==0.28.1)
  Using cached pycparser-2.21-py2.py3-none-any.whl (118 kB)
Using cached cffi-1.16.0-cp310-cp310-manylinux_2_17_x86_64.manylinux2014_x86_64.whl (443 kB)
Using cached cloudpickle-3.0.0-py3-none-any.whl (20 kB)
Using cached packaging-23.2-py3-none-any.whl (53 kB)
Using cached psutil-5.9.6-cp36-abi3-manylinux_2_12_x86_64.manylinux2010_x86_64.manylinux_2_17_x86_64.manylinux2014_x86_64.whl (283 kB)
Using cached PyYAML-6.0.1-cp310-cp310-manylinux_2_17_x86_64.manylinux2014_x86_64.whl (705 kB)
Building wheels for collected packages: horovod
  Building wheel for horovod (setup.py): started
  Building wheel for horovod (setup.py): finished with status 'done'
  Created wheel for horovod: filename=horovod-0.28.1-cp310-cp310-linux_x86_64.whl size=345149 sha256=60dc7a4deada11f00e50b96797b6cb31d87c4960d9facaae4639c8ca77f342b6
  Stored in directory: /workdir/.cache/pip/wheels/68/48/5f/ebbf9b83e04c68070cf9621e6466c33d698efb747d7920b81f
Successfully built horovod
Installing collected packages: pyyaml, pycparser, psutil, packaging, cloudpickle, cffi, horovod
Successfully installed cffi-1.16.0 cloudpickle-3.0.0 horovod-0.28.1 packaging-23.2 psutil-5.9.6 pycparser-2.21 pyyaml-6.0.1
