Collecting aioredis==2.0.1
  Downloading aioredis-2.0.1-py3-none-any.whl (71 kB)
     ━━━━━━━━━━━━━━━━━━━━━━━━━━━━━━━━━━━━━━━━ 71.2/71.2 kB 1.7 MB/s eta 0:00:00
Collecting async-timeout (from aioredis==2.0.1)
  Using cached async_timeout-4.0.3-py3-none-any.whl.metadata (4.2 kB)
Collecting typing-extensions (from aioredis==2.0.1)
  Using cached typing_extensions-4.8.0-py3-none-any.whl.metadata (3.0 kB)
Using cached async_timeout-4.0.3-py3-none-any.whl (5.7 kB)
Using cached typing_extensions-4.8.0-py3-none-any.whl (31 kB)
Installing collected packages: typing-extensions, async-timeout, aioredis
Successfully installed aioredis-2.0.1 async-timeout-4.0.3 typing-extensions-4.8.0
Collecting aioredis==2.0.1
  Using cached aioredis-2.0.1-py3-none-any.whl (71 kB)
Collecting async-timeout (from aioredis==2.0.1)
  Using cached async_timeout-4.0.3-py3-none-any.whl.metadata (4.2 kB)
Collecting typing-extensions (from aioredis==2.0.1)
  Using cached typing_extensions-4.8.0-py3-none-any.whl.metadata (3.0 kB)
Using cached async_timeout-4.0.3-py3-none-any.whl (5.7 kB)
Using cached typing_extensions-4.8.0-py3-none-any.whl (31 kB)
Installing collected packages: typing-extensions, async-timeout, aioredis
Successfully installed aioredis-2.0.1 async-timeout-4.0.3 typing-extensions-4.8.0
