Collecting aioredis==2.0.1
  Downloading aioredis-2.0.1-py3-none-any.whl (71 kB)
     ━━━━━━━━━━━━━━━━━━━━━━━━━━━━━━━━━━━━━━━ 71.2/71.2 kB 742.0 kB/s eta 0:00:00
Collecting async-timeout
  Using cached async_timeout-4.0.3-py3-none-any.whl (5.7 kB)
Collecting typing-extensions
  Using cached typing_extensions-4.8.0-py3-none-any.whl (31 kB)
Installing collected packages: typing-extensions, async-timeout, aioredis
Looking for GraalPy patches for typing_extensions
Looking for GraalPy patches for async_timeout
Looking for GraalPy patches for aioredis
Successfully installed aioredis-2.0.1 async-timeout-4.0.3 typing-extensions-4.8.0
Collecting aioredis==2.0.1
  Using cached aioredis-2.0.1-py3-none-any.whl (71 kB)
Collecting async-timeout
  Using cached async_timeout-4.0.3-py3-none-any.whl (5.7 kB)
Collecting typing-extensions
  Using cached typing_extensions-4.8.0-py3-none-any.whl (31 kB)
Installing collected packages: typing-extensions, async-timeout, aioredis
Looking for GraalPy patches for typing_extensions
Looking for GraalPy patches for async_timeout
Looking for GraalPy patches for aioredis
Successfully installed aioredis-2.0.1 async-timeout-4.0.3 typing-extensions-4.8.0
